TCP Ping trying to connect to server localhost (127.0.0.1) on port 1491

... connected to Pong server: asking for 501 repetitions of 192 bytes TCP messages
 ... Pong server agreed :-)
tcp_ping received 192 bytes back
Round trip time was 0.052322 milliseconds in repetition 1
tcp_ping received 192 bytes back
Round trip time was 0.041009 milliseconds in repetition 2
tcp_ping received 192 bytes back
Round trip time was 0.040509 milliseconds in repetition 3
tcp_ping received 192 bytes back
Round trip time was 0.039896 milliseconds in repetition 4
tcp_ping received 192 bytes back
Round trip time was 0.040481 milliseconds in repetition 5
tcp_ping received 192 bytes back
Round trip time was 0.039921 milliseconds in repetition 6
tcp_ping received 192 bytes back
Round trip time was 0.039978 milliseconds in repetition 7
tcp_ping received 192 bytes back
Round trip time was 0.039929 milliseconds in repetition 8
tcp_ping received 192 bytes back
Round trip time was 0.040154 milliseconds in repetition 9
tcp_ping received 192 bytes back
Round trip time was 0.03971 milliseconds in repetition 10
tcp_ping received 192 bytes back
Round trip time was 0.039659 milliseconds in repetition 11
tcp_ping received 192 bytes back
Round trip time was 0.039794 milliseconds in repetition 12
tcp_ping received 192 bytes back
Round trip time was 0.040167 milliseconds in repetition 13
tcp_ping received 192 bytes back
Round trip time was 0.039588 milliseconds in repetition 14
tcp_ping received 192 bytes back
Round trip time was 0.03982 milliseconds in repetition 15
tcp_ping received 192 bytes back
Round trip time was 0.079285 milliseconds in repetition 16
tcp_ping received 192 bytes back
Round trip time was 0.051191 milliseconds in repetition 17
tcp_ping received 192 bytes back
Round trip time was 0.04077 milliseconds in repetition 18
tcp_ping received 192 bytes back
Round trip time was 0.039901 milliseconds in repetition 19
tcp_ping received 192 bytes back
Round trip time was 0.040059 milliseconds in repetition 20
tcp_ping received 192 bytes back
Round trip time was 0.040022 milliseconds in repetition 21
tcp_ping received 192 bytes back
Round trip time was 0.039605 milliseconds in repetition 22
tcp_ping received 192 bytes back
Round trip time was 0.039912 milliseconds in repetition 23
tcp_ping received 192 bytes back
Round trip time was 0.03966 milliseconds in repetition 24
tcp_ping received 192 bytes back
Round trip time was 0.039742 milliseconds in repetition 25
tcp_ping received 192 bytes back
Round trip time was 0.039963 milliseconds in repetition 26
tcp_ping received 192 bytes back
Round trip time was 0.040032 milliseconds in repetition 27
tcp_ping received 192 bytes back
Round trip time was 0.040041 milliseconds in repetition 28
tcp_ping received 192 bytes back
Round trip time was 0.039689 milliseconds in repetition 29
tcp_ping received 192 bytes back
Round trip time was 0.039855 milliseconds in repetition 30
tcp_ping received 192 bytes back
Round trip time was 0.039885 milliseconds in repetition 31
tcp_ping received 192 bytes back
Round trip time was 0.040057 milliseconds in repetition 32
tcp_ping received 192 bytes back
Round trip time was 0.039799 milliseconds in repetition 33
tcp_ping received 192 bytes back
Round trip time was 0.039684 milliseconds in repetition 34
tcp_ping received 192 bytes back
Round trip time was 0.039751 milliseconds in repetition 35
tcp_ping received 192 bytes back
Round trip time was 0.040203 milliseconds in repetition 36
tcp_ping received 192 bytes back
Round trip time was 0.040012 milliseconds in repetition 37
tcp_ping received 192 bytes back
Round trip time was 0.039572 milliseconds in repetition 38
tcp_ping received 192 bytes back
Round trip time was 0.039619 milliseconds in repetition 39
tcp_ping received 192 bytes back
Round trip time was 0.040196 milliseconds in repetition 40
tcp_ping received 192 bytes back
Round trip time was 0.040428 milliseconds in repetition 41
tcp_ping received 192 bytes back
Round trip time was 0.039761 milliseconds in repetition 42
tcp_ping received 192 bytes back
Round trip time was 0.039991 milliseconds in repetition 43
tcp_ping received 192 bytes back
Round trip time was 0.046947 milliseconds in repetition 44
tcp_ping received 192 bytes back
Round trip time was 0.040752 milliseconds in repetition 45
tcp_ping received 192 bytes back
Round trip time was 0.039987 milliseconds in repetition 46
tcp_ping received 192 bytes back
Round trip time was 0.039732 milliseconds in repetition 47
tcp_ping received 192 bytes back
Round trip time was 0.039602 milliseconds in repetition 48
tcp_ping received 192 bytes back
Round trip time was 0.039488 milliseconds in repetition 49
tcp_ping received 192 bytes back
Round trip time was 0.047195 milliseconds in repetition 50
tcp_ping received 192 bytes back
Round trip time was 0.039593 milliseconds in repetition 51
tcp_ping received 192 bytes back
Round trip time was 0.038374 milliseconds in repetition 52
tcp_ping received 192 bytes back
Round trip time was 0.038353 milliseconds in repetition 53
tcp_ping received 192 bytes back
Round trip time was 0.03836 milliseconds in repetition 54
tcp_ping received 192 bytes back
Round trip time was 0.038393 milliseconds in repetition 55
tcp_ping received 192 bytes back
Round trip time was 0.038305 milliseconds in repetition 56
tcp_ping received 192 bytes back
Round trip time was 0.038416 milliseconds in repetition 57
tcp_ping received 192 bytes back
Round trip time was 0.038542 milliseconds in repetition 58
tcp_ping received 192 bytes back
Round trip time was 0.038642 milliseconds in repetition 59
tcp_ping received 192 bytes back
Round trip time was 0.03839 milliseconds in repetition 60
tcp_ping received 192 bytes back
Round trip time was 0.038332 milliseconds in repetition 61
tcp_ping received 192 bytes back
Round trip time was 0.038211 milliseconds in repetition 62
tcp_ping received 192 bytes back
Round trip time was 0.03852 milliseconds in repetition 63
tcp_ping received 192 bytes back
Round trip time was 0.038352 milliseconds in repetition 64
tcp_ping received 192 bytes back
Round trip time was 0.038666 milliseconds in repetition 65
tcp_ping received 192 bytes back
Round trip time was 0.038495 milliseconds in repetition 66
tcp_ping received 192 bytes back
Round trip time was 0.038866 milliseconds in repetition 67
tcp_ping received 192 bytes back
Round trip time was 0.03866 milliseconds in repetition 68
tcp_ping received 192 bytes back
Round trip time was 0.03852 milliseconds in repetition 69
tcp_ping received 192 bytes back
Round trip time was 0.038707 milliseconds in repetition 70
tcp_ping received 192 bytes back
Round trip time was 0.039394 milliseconds in repetition 71
tcp_ping received 192 bytes back
Round trip time was 0.038647 milliseconds in repetition 72
tcp_ping received 192 bytes back
Round trip time was 0.038734 milliseconds in repetition 73
tcp_ping received 192 bytes back
Round trip time was 0.03847 milliseconds in repetition 74
tcp_ping received 192 bytes back
Round trip time was 0.038599 milliseconds in repetition 75
tcp_ping received 192 bytes back
Round trip time was 0.048204 milliseconds in repetition 76
tcp_ping received 192 bytes back
Round trip time was 0.113427 milliseconds in repetition 77
tcp_ping received 192 bytes back
Round trip time was 0.051738 milliseconds in repetition 78
tcp_ping received 192 bytes back
Round trip time was 0.051084 milliseconds in repetition 79
tcp_ping received 192 bytes back
Round trip time was 0.06263 milliseconds in repetition 80
tcp_ping received 192 bytes back
Round trip time was 0.100108 milliseconds in repetition 81
tcp_ping received 192 bytes back
Round trip time was 0.05545 milliseconds in repetition 82
tcp_ping received 192 bytes back
Round trip time was 0.054121 milliseconds in repetition 83
tcp_ping received 192 bytes back
Round trip time was 0.05248 milliseconds in repetition 84
tcp_ping received 192 bytes back
Round trip time was 0.049207 milliseconds in repetition 85
tcp_ping received 192 bytes back
Round trip time was 0.039203 milliseconds in repetition 86
tcp_ping received 192 bytes back
Round trip time was 0.052511 milliseconds in repetition 87
tcp_ping received 192 bytes back
Round trip time was 0.056022 milliseconds in repetition 88
tcp_ping received 192 bytes back
Round trip time was 0.080177 milliseconds in repetition 89
tcp_ping received 192 bytes back
Round trip time was 0.077023 milliseconds in repetition 90
tcp_ping received 192 bytes back
Round trip time was 0.064165 milliseconds in repetition 91
tcp_ping received 192 bytes back
Round trip time was 0.069364 milliseconds in repetition 92
tcp_ping received 192 bytes back
Round trip time was 0.110094 milliseconds in repetition 93
tcp_ping received 192 bytes back
Round trip time was 0.117111 milliseconds in repetition 94
tcp_ping received 192 bytes back
Round trip time was 0.065335 milliseconds in repetition 95
tcp_ping received 192 bytes back
Round trip time was 0.06477 milliseconds in repetition 96
tcp_ping received 192 bytes back
Round trip time was 0.048448 milliseconds in repetition 97
tcp_ping received 192 bytes back
Round trip time was 0.065524 milliseconds in repetition 98
tcp_ping received 192 bytes back
Round trip time was 0.089763 milliseconds in repetition 99
tcp_ping received 192 bytes back
Round trip time was 0.114694 milliseconds in repetition 100
tcp_ping received 192 bytes back
Round trip time was 0.115102 milliseconds in repetition 101
tcp_ping received 192 bytes back
Round trip time was 0.058117 milliseconds in repetition 102
tcp_ping received 192 bytes back
Round trip time was 0.105083 milliseconds in repetition 103
tcp_ping received 192 bytes back
Round trip time was 0.058575 milliseconds in repetition 104
tcp_ping received 192 bytes back
Round trip time was 0.048915 milliseconds in repetition 105
tcp_ping received 192 bytes back
Round trip time was 0.048843 milliseconds in repetition 106
tcp_ping received 192 bytes back
Round trip time was 0.106628 milliseconds in repetition 107
tcp_ping received 192 bytes back
Round trip time was 0.121697 milliseconds in repetition 108
tcp_ping received 192 bytes back
Round trip time was 0.11359 milliseconds in repetition 109
tcp_ping received 192 bytes back
Round trip time was 0.114248 milliseconds in repetition 110
tcp_ping received 192 bytes back
Round trip time was 0.112739 milliseconds in repetition 111
tcp_ping received 192 bytes back
Round trip time was 0.050697 milliseconds in repetition 112
tcp_ping received 192 bytes back
Round trip time was 0.042992 milliseconds in repetition 113
tcp_ping received 192 bytes back
Round trip time was 0.028144 milliseconds in repetition 114
tcp_ping received 192 bytes back
Round trip time was 0.03768 milliseconds in repetition 115
tcp_ping received 192 bytes back
Round trip time was 0.038227 milliseconds in repetition 116
tcp_ping received 192 bytes back
Round trip time was 0.038208 milliseconds in repetition 117
tcp_ping received 192 bytes back
Round trip time was 0.037697 milliseconds in repetition 118
tcp_ping received 192 bytes back
Round trip time was 0.037745 milliseconds in repetition 119
tcp_ping received 192 bytes back
Round trip time was 0.041481 milliseconds in repetition 120
tcp_ping received 192 bytes back
Round trip time was 0.039955 milliseconds in repetition 121
tcp_ping received 192 bytes back
Round trip time was 0.037508 milliseconds in repetition 122
tcp_ping received 192 bytes back
Round trip time was 0.03904 milliseconds in repetition 123
tcp_ping received 192 bytes back
Round trip time was 0.038339 milliseconds in repetition 124
tcp_ping received 192 bytes back
Round trip time was 0.05611 milliseconds in repetition 125
tcp_ping received 192 bytes back
Round trip time was 0.060755 milliseconds in repetition 126
tcp_ping received 192 bytes back
Round trip time was 0.046463 milliseconds in repetition 127
tcp_ping received 192 bytes back
Round trip time was 0.053477 milliseconds in repetition 128
tcp_ping received 192 bytes back
Round trip time was 0.048859 milliseconds in repetition 129
tcp_ping received 192 bytes back
Round trip time was 0.064194 milliseconds in repetition 130
tcp_ping received 192 bytes back
Round trip time was 0.047918 milliseconds in repetition 131
tcp_ping received 192 bytes back
Round trip time was 0.047591 milliseconds in repetition 132
tcp_ping received 192 bytes back
Round trip time was 0.053709 milliseconds in repetition 133
tcp_ping received 192 bytes back
Round trip time was 0.040708 milliseconds in repetition 134
tcp_ping received 192 bytes back
Round trip time was 0.052868 milliseconds in repetition 135
tcp_ping received 192 bytes back
Round trip time was 0.058743 milliseconds in repetition 136
tcp_ping received 192 bytes back
Round trip time was 0.043353 milliseconds in repetition 137
tcp_ping received 192 bytes back
Round trip time was 0.039348 milliseconds in repetition 138
tcp_ping received 192 bytes back
Round trip time was 0.038691 milliseconds in repetition 139
tcp_ping received 192 bytes back
Round trip time was 0.042515 milliseconds in repetition 140
tcp_ping received 192 bytes back
Round trip time was 0.038887 milliseconds in repetition 141
tcp_ping received 192 bytes back
Round trip time was 0.038722 milliseconds in repetition 142
tcp_ping received 192 bytes back
Round trip time was 0.03876 milliseconds in repetition 143
tcp_ping received 192 bytes back
Round trip time was 0.038513 milliseconds in repetition 144
tcp_ping received 192 bytes back
Round trip time was 0.038894 milliseconds in repetition 145
tcp_ping received 192 bytes back
Round trip time was 0.038835 milliseconds in repetition 146
tcp_ping received 192 bytes back
Round trip time was 0.038464 milliseconds in repetition 147
tcp_ping received 192 bytes back
Round trip time was 0.038723 milliseconds in repetition 148
tcp_ping received 192 bytes back
Round trip time was 0.038958 milliseconds in repetition 149
tcp_ping received 192 bytes back
Round trip time was 0.038873 milliseconds in repetition 150
tcp_ping received 192 bytes back
Round trip time was 0.038712 milliseconds in repetition 151
tcp_ping received 192 bytes back
Round trip time was 0.038568 milliseconds in repetition 152
tcp_ping received 192 bytes back
Round trip time was 0.039334 milliseconds in repetition 153
tcp_ping received 192 bytes back
Round trip time was 0.038357 milliseconds in repetition 154
tcp_ping received 192 bytes back
Round trip time was 0.038564 milliseconds in repetition 155
tcp_ping received 192 bytes back
Round trip time was 0.038625 milliseconds in repetition 156
tcp_ping received 192 bytes back
Round trip time was 0.038488 milliseconds in repetition 157
tcp_ping received 192 bytes back
Round trip time was 0.038683 milliseconds in repetition 158
tcp_ping received 192 bytes back
Round trip time was 0.03862 milliseconds in repetition 159
tcp_ping received 192 bytes back
Round trip time was 0.038725 milliseconds in repetition 160
tcp_ping received 192 bytes back
Round trip time was 0.038657 milliseconds in repetition 161
tcp_ping received 192 bytes back
Round trip time was 0.038524 milliseconds in repetition 162
tcp_ping received 192 bytes back
Round trip time was 0.038828 milliseconds in repetition 163
tcp_ping received 192 bytes back
Round trip time was 0.061067 milliseconds in repetition 164
tcp_ping received 192 bytes back
Round trip time was 0.041166 milliseconds in repetition 165
tcp_ping received 192 bytes back
Round trip time was 0.037564 milliseconds in repetition 166
tcp_ping received 192 bytes back
Round trip time was 0.041102 milliseconds in repetition 167
tcp_ping received 192 bytes back
Round trip time was 0.041346 milliseconds in repetition 168
tcp_ping received 192 bytes back
Round trip time was 0.039048 milliseconds in repetition 169
tcp_ping received 192 bytes back
Round trip time was 0.046918 milliseconds in repetition 170
tcp_ping received 192 bytes back
Round trip time was 0.046993 milliseconds in repetition 171
tcp_ping received 192 bytes back
Round trip time was 0.04087 milliseconds in repetition 172
tcp_ping received 192 bytes back
Round trip time was 0.038767 milliseconds in repetition 173
tcp_ping received 192 bytes back
Round trip time was 0.043922 milliseconds in repetition 174
tcp_ping received 192 bytes back
Round trip time was 0.044861 milliseconds in repetition 175
tcp_ping received 192 bytes back
Round trip time was 0.04112 milliseconds in repetition 176
tcp_ping received 192 bytes back
Round trip time was 0.053977 milliseconds in repetition 177
tcp_ping received 192 bytes back
Round trip time was 0.042986 milliseconds in repetition 178
tcp_ping received 192 bytes back
Round trip time was 0.051994 milliseconds in repetition 179
tcp_ping received 192 bytes back
Round trip time was 0.039791 milliseconds in repetition 180
tcp_ping received 192 bytes back
Round trip time was 0.040652 milliseconds in repetition 181
tcp_ping received 192 bytes back
Round trip time was 0.038311 milliseconds in repetition 182
tcp_ping received 192 bytes back
Round trip time was 0.038579 milliseconds in repetition 183
tcp_ping received 192 bytes back
Round trip time was 0.038168 milliseconds in repetition 184
tcp_ping received 192 bytes back
Round trip time was 0.038454 milliseconds in repetition 185
tcp_ping received 192 bytes back
Round trip time was 0.038071 milliseconds in repetition 186
tcp_ping received 192 bytes back
Round trip time was 0.038209 milliseconds in repetition 187
tcp_ping received 192 bytes back
Round trip time was 0.039129 milliseconds in repetition 188
tcp_ping received 192 bytes back
Round trip time was 0.038324 milliseconds in repetition 189
tcp_ping received 192 bytes back
Round trip time was 0.038345 milliseconds in repetition 190
tcp_ping received 192 bytes back
Round trip time was 0.038056 milliseconds in repetition 191
tcp_ping received 192 bytes back
Round trip time was 0.038181 milliseconds in repetition 192
tcp_ping received 192 bytes back
Round trip time was 0.038702 milliseconds in repetition 193
tcp_ping received 192 bytes back
Round trip time was 0.038147 milliseconds in repetition 194
tcp_ping received 192 bytes back
Round trip time was 0.038016 milliseconds in repetition 195
tcp_ping received 192 bytes back
Round trip time was 0.038121 milliseconds in repetition 196
tcp_ping received 192 bytes back
Round trip time was 0.038583 milliseconds in repetition 197
tcp_ping received 192 bytes back
Round trip time was 0.038856 milliseconds in repetition 198
tcp_ping received 192 bytes back
Round trip time was 0.038174 milliseconds in repetition 199
tcp_ping received 192 bytes back
Round trip time was 0.038057 milliseconds in repetition 200
tcp_ping received 192 bytes back
Round trip time was 0.038069 milliseconds in repetition 201
tcp_ping received 192 bytes back
Round trip time was 0.038141 milliseconds in repetition 202
tcp_ping received 192 bytes back
Round trip time was 0.038333 milliseconds in repetition 203
tcp_ping received 192 bytes back
Round trip time was 0.038192 milliseconds in repetition 204
tcp_ping received 192 bytes back
Round trip time was 0.038326 milliseconds in repetition 205
tcp_ping received 192 bytes back
Round trip time was 0.03795 milliseconds in repetition 206
tcp_ping received 192 bytes back
Round trip time was 0.037955 milliseconds in repetition 207
tcp_ping received 192 bytes back
Round trip time was 0.038401 milliseconds in repetition 208
tcp_ping received 192 bytes back
Round trip time was 0.037983 milliseconds in repetition 209
tcp_ping received 192 bytes back
Round trip time was 0.03805 milliseconds in repetition 210
tcp_ping received 192 bytes back
Round trip time was 0.038472 milliseconds in repetition 211
tcp_ping received 192 bytes back
Round trip time was 0.038134 milliseconds in repetition 212
tcp_ping received 192 bytes back
Round trip time was 0.038276 milliseconds in repetition 213
tcp_ping received 192 bytes back
Round trip time was 0.038258 milliseconds in repetition 214
tcp_ping received 192 bytes back
Round trip time was 0.038228 milliseconds in repetition 215
tcp_ping received 192 bytes back
Round trip time was 0.03815 milliseconds in repetition 216
tcp_ping received 192 bytes back
Round trip time was 0.038375 milliseconds in repetition 217
tcp_ping received 192 bytes back
Round trip time was 0.037975 milliseconds in repetition 218
tcp_ping received 192 bytes back
Round trip time was 0.038206 milliseconds in repetition 219
tcp_ping received 192 bytes back
Round trip time was 0.038305 milliseconds in repetition 220
tcp_ping received 192 bytes back
Round trip time was 0.041878 milliseconds in repetition 221
tcp_ping received 192 bytes back
Round trip time was 0.038734 milliseconds in repetition 222
tcp_ping received 192 bytes back
Round trip time was 0.0385 milliseconds in repetition 223
tcp_ping received 192 bytes back
Round trip time was 0.038386 milliseconds in repetition 224
tcp_ping received 192 bytes back
Round trip time was 0.038186 milliseconds in repetition 225
tcp_ping received 192 bytes back
Round trip time was 0.038393 milliseconds in repetition 226
tcp_ping received 192 bytes back
Round trip time was 0.038352 milliseconds in repetition 227
tcp_ping received 192 bytes back
Round trip time was 0.038618 milliseconds in repetition 228
tcp_ping received 192 bytes back
Round trip time was 0.038269 milliseconds in repetition 229
tcp_ping received 192 bytes back
Round trip time was 0.038367 milliseconds in repetition 230
tcp_ping received 192 bytes back
Round trip time was 0.038268 milliseconds in repetition 231
tcp_ping received 192 bytes back
Round trip time was 0.05885 milliseconds in repetition 232
tcp_ping received 192 bytes back
Round trip time was 0.042758 milliseconds in repetition 233
tcp_ping received 192 bytes back
Round trip time was 0.038953 milliseconds in repetition 234
tcp_ping received 192 bytes back
Round trip time was 0.038681 milliseconds in repetition 235
tcp_ping received 192 bytes back
Round trip time was 0.038395 milliseconds in repetition 236
tcp_ping received 192 bytes back
Round trip time was 0.03811 milliseconds in repetition 237
tcp_ping received 192 bytes back
Round trip time was 0.038265 milliseconds in repetition 238
tcp_ping received 192 bytes back
Round trip time was 0.038392 milliseconds in repetition 239
tcp_ping received 192 bytes back
Round trip time was 0.038296 milliseconds in repetition 240
tcp_ping received 192 bytes back
Round trip time was 0.038452 milliseconds in repetition 241
tcp_ping received 192 bytes back
Round trip time was 0.03838 milliseconds in repetition 242
tcp_ping received 192 bytes back
Round trip time was 0.038583 milliseconds in repetition 243
tcp_ping received 192 bytes back
Round trip time was 0.038386 milliseconds in repetition 244
tcp_ping received 192 bytes back
Round trip time was 0.038602 milliseconds in repetition 245
tcp_ping received 192 bytes back
Round trip time was 0.038389 milliseconds in repetition 246
tcp_ping received 192 bytes back
Round trip time was 0.03845 milliseconds in repetition 247
tcp_ping received 192 bytes back
Round trip time was 0.038202 milliseconds in repetition 248
tcp_ping received 192 bytes back
Round trip time was 0.038496 milliseconds in repetition 249
tcp_ping received 192 bytes back
Round trip time was 0.038233 milliseconds in repetition 250
tcp_ping received 192 bytes back
Round trip time was 0.03845 milliseconds in repetition 251
tcp_ping received 192 bytes back
Round trip time was 0.038234 milliseconds in repetition 252
tcp_ping received 192 bytes back
Round trip time was 0.038869 milliseconds in repetition 253
tcp_ping received 192 bytes back
Round trip time was 0.038818 milliseconds in repetition 254
tcp_ping received 192 bytes back
Round trip time was 0.038248 milliseconds in repetition 255
tcp_ping received 192 bytes back
Round trip time was 0.038896 milliseconds in repetition 256
tcp_ping received 192 bytes back
Round trip time was 0.038424 milliseconds in repetition 257
tcp_ping received 192 bytes back
Round trip time was 0.038714 milliseconds in repetition 258
tcp_ping received 192 bytes back
Round trip time was 0.038428 milliseconds in repetition 259
tcp_ping received 192 bytes back
Round trip time was 0.038225 milliseconds in repetition 260
tcp_ping received 192 bytes back
Round trip time was 0.03864 milliseconds in repetition 261
tcp_ping received 192 bytes back
Round trip time was 0.038496 milliseconds in repetition 262
tcp_ping received 192 bytes back
Round trip time was 0.038214 milliseconds in repetition 263
tcp_ping received 192 bytes back
Round trip time was 0.038503 milliseconds in repetition 264
tcp_ping received 192 bytes back
Round trip time was 0.039737 milliseconds in repetition 265
tcp_ping received 192 bytes back
Round trip time was 0.038542 milliseconds in repetition 266
tcp_ping received 192 bytes back
Round trip time was 0.038633 milliseconds in repetition 267
tcp_ping received 192 bytes back
Round trip time was 0.038311 milliseconds in repetition 268
tcp_ping received 192 bytes back
Round trip time was 0.038778 milliseconds in repetition 269
tcp_ping received 192 bytes back
Round trip time was 0.038358 milliseconds in repetition 270
tcp_ping received 192 bytes back
Round trip time was 0.038694 milliseconds in repetition 271
tcp_ping received 192 bytes back
Round trip time was 0.038802 milliseconds in repetition 272
tcp_ping received 192 bytes back
Round trip time was 0.038717 milliseconds in repetition 273
tcp_ping received 192 bytes back
Round trip time was 0.038348 milliseconds in repetition 274
tcp_ping received 192 bytes back
Round trip time was 0.038458 milliseconds in repetition 275
tcp_ping received 192 bytes back
Round trip time was 0.038239 milliseconds in repetition 276
tcp_ping received 192 bytes back
Round trip time was 0.038526 milliseconds in repetition 277
tcp_ping received 192 bytes back
Round trip time was 0.038314 milliseconds in repetition 278
tcp_ping received 192 bytes back
Round trip time was 0.03838 milliseconds in repetition 279
tcp_ping received 192 bytes back
Round trip time was 0.038396 milliseconds in repetition 280
tcp_ping received 192 bytes back
Round trip time was 0.038327 milliseconds in repetition 281
tcp_ping received 192 bytes back
Round trip time was 0.038775 milliseconds in repetition 282
tcp_ping received 192 bytes back
Round trip time was 0.038409 milliseconds in repetition 283
tcp_ping received 192 bytes back
Round trip time was 0.038862 milliseconds in repetition 284
tcp_ping received 192 bytes back
Round trip time was 0.038188 milliseconds in repetition 285
tcp_ping received 192 bytes back
Round trip time was 0.038369 milliseconds in repetition 286
tcp_ping received 192 bytes back
Round trip time was 0.038254 milliseconds in repetition 287
tcp_ping received 192 bytes back
Round trip time was 0.038353 milliseconds in repetition 288
tcp_ping received 192 bytes back
Round trip time was 0.038532 milliseconds in repetition 289
tcp_ping received 192 bytes back
Round trip time was 0.038364 milliseconds in repetition 290
tcp_ping received 192 bytes back
Round trip time was 0.03835 milliseconds in repetition 291
tcp_ping received 192 bytes back
Round trip time was 0.03835 milliseconds in repetition 292
tcp_ping received 192 bytes back
Round trip time was 0.038357 milliseconds in repetition 293
tcp_ping received 192 bytes back
Round trip time was 0.038495 milliseconds in repetition 294
tcp_ping received 192 bytes back
Round trip time was 0.0385 milliseconds in repetition 295
tcp_ping received 192 bytes back
Round trip time was 0.038859 milliseconds in repetition 296
tcp_ping received 192 bytes back
Round trip time was 0.043172 milliseconds in repetition 297
tcp_ping received 192 bytes back
Round trip time was 0.038302 milliseconds in repetition 298
tcp_ping received 192 bytes back
Round trip time was 0.038208 milliseconds in repetition 299
tcp_ping received 192 bytes back
Round trip time was 0.038343 milliseconds in repetition 300
tcp_ping received 192 bytes back
Round trip time was 0.038767 milliseconds in repetition 301
tcp_ping received 192 bytes back
Round trip time was 0.038422 milliseconds in repetition 302
tcp_ping received 192 bytes back
Round trip time was 0.038276 milliseconds in repetition 303
tcp_ping received 192 bytes back
Round trip time was 0.038025 milliseconds in repetition 304
tcp_ping received 192 bytes back
Round trip time was 0.038693 milliseconds in repetition 305
tcp_ping received 192 bytes back
Round trip time was 0.03853 milliseconds in repetition 306
tcp_ping received 192 bytes back
Round trip time was 0.038436 milliseconds in repetition 307
tcp_ping received 192 bytes back
Round trip time was 0.03821 milliseconds in repetition 308
tcp_ping received 192 bytes back
Round trip time was 0.056465 milliseconds in repetition 309
tcp_ping received 192 bytes back
Round trip time was 0.059883 milliseconds in repetition 310
tcp_ping received 192 bytes back
Round trip time was 0.05276 milliseconds in repetition 311
tcp_ping received 192 bytes back
Round trip time was 0.046057 milliseconds in repetition 312
tcp_ping received 192 bytes back
Round trip time was 0.049342 milliseconds in repetition 313
tcp_ping received 192 bytes back
Round trip time was 0.044182 milliseconds in repetition 314
tcp_ping received 192 bytes back
Round trip time was 0.039581 milliseconds in repetition 315
tcp_ping received 192 bytes back
Round trip time was 0.06693 milliseconds in repetition 316
tcp_ping received 192 bytes back
Round trip time was 0.075486 milliseconds in repetition 317
tcp_ping received 192 bytes back
Round trip time was 0.04009 milliseconds in repetition 318
tcp_ping received 192 bytes back
Round trip time was 0.040909 milliseconds in repetition 319
tcp_ping received 192 bytes back
Round trip time was 0.051102 milliseconds in repetition 320
tcp_ping received 192 bytes back
Round trip time was 0.04008 milliseconds in repetition 321
tcp_ping received 192 bytes back
Round trip time was 0.053981 milliseconds in repetition 322
tcp_ping received 192 bytes back
Round trip time was 0.042498 milliseconds in repetition 323
tcp_ping received 192 bytes back
Round trip time was 0.069982 milliseconds in repetition 324
tcp_ping received 192 bytes back
Round trip time was 0.042499 milliseconds in repetition 325
tcp_ping received 192 bytes back
Round trip time was 0.060172 milliseconds in repetition 326
tcp_ping received 192 bytes back
Round trip time was 0.052347 milliseconds in repetition 327
tcp_ping received 192 bytes back
Round trip time was 0.053841 milliseconds in repetition 328
tcp_ping received 192 bytes back
Round trip time was 0.05051 milliseconds in repetition 329
tcp_ping received 192 bytes back
Round trip time was 0.039489 milliseconds in repetition 330
tcp_ping received 192 bytes back
Round trip time was 0.039895 milliseconds in repetition 331
tcp_ping received 192 bytes back
Round trip time was 0.044825 milliseconds in repetition 332
tcp_ping received 192 bytes back
Round trip time was 0.047105 milliseconds in repetition 333
tcp_ping received 192 bytes back
Round trip time was 0.044519 milliseconds in repetition 334
tcp_ping received 192 bytes back
Round trip time was 0.040307 milliseconds in repetition 335
tcp_ping received 192 bytes back
Round trip time was 0.047728 milliseconds in repetition 336
tcp_ping received 192 bytes back
Round trip time was 0.04751 milliseconds in repetition 337
tcp_ping received 192 bytes back
Round trip time was 0.048781 milliseconds in repetition 338
tcp_ping received 192 bytes back
Round trip time was 0.045291 milliseconds in repetition 339
tcp_ping received 192 bytes back
Round trip time was 0.052405 milliseconds in repetition 340
tcp_ping received 192 bytes back
Round trip time was 0.050918 milliseconds in repetition 341
tcp_ping received 192 bytes back
Round trip time was 0.041925 milliseconds in repetition 342
tcp_ping received 192 bytes back
Round trip time was 0.04727 milliseconds in repetition 343
tcp_ping received 192 bytes back
Round trip time was 0.055608 milliseconds in repetition 344
tcp_ping received 192 bytes back
Round trip time was 0.060113 milliseconds in repetition 345
tcp_ping received 192 bytes back
Round trip time was 0.046559 milliseconds in repetition 346
tcp_ping received 192 bytes back
Round trip time was 0.041569 milliseconds in repetition 347
tcp_ping received 192 bytes back
Round trip time was 0.039782 milliseconds in repetition 348
tcp_ping received 192 bytes back
Round trip time was 0.038424 milliseconds in repetition 349
tcp_ping received 192 bytes back
Round trip time was 0.038858 milliseconds in repetition 350
tcp_ping received 192 bytes back
Round trip time was 0.038965 milliseconds in repetition 351
tcp_ping received 192 bytes back
Round trip time was 0.039071 milliseconds in repetition 352
tcp_ping received 192 bytes back
Round trip time was 0.039495 milliseconds in repetition 353
tcp_ping received 192 bytes back
Round trip time was 0.042322 milliseconds in repetition 354
tcp_ping received 192 bytes back
Round trip time was 0.039469 milliseconds in repetition 355
tcp_ping received 192 bytes back
Round trip time was 0.038683 milliseconds in repetition 356
tcp_ping received 192 bytes back
Round trip time was 0.038731 milliseconds in repetition 357
tcp_ping received 192 bytes back
Round trip time was 0.038569 milliseconds in repetition 358
tcp_ping received 192 bytes back
Round trip time was 0.038123 milliseconds in repetition 359
tcp_ping received 192 bytes back
Round trip time was 0.038493 milliseconds in repetition 360
tcp_ping received 192 bytes back
Round trip time was 0.038431 milliseconds in repetition 361
tcp_ping received 192 bytes back
Round trip time was 0.038984 milliseconds in repetition 362
tcp_ping received 192 bytes back
Round trip time was 0.038365 milliseconds in repetition 363
tcp_ping received 192 bytes back
Round trip time was 0.038255 milliseconds in repetition 364
tcp_ping received 192 bytes back
Round trip time was 0.038243 milliseconds in repetition 365
tcp_ping received 192 bytes back
Round trip time was 0.038302 milliseconds in repetition 366
tcp_ping received 192 bytes back
Round trip time was 0.038246 milliseconds in repetition 367
tcp_ping received 192 bytes back
Round trip time was 0.03832 milliseconds in repetition 368
tcp_ping received 192 bytes back
Round trip time was 0.038741 milliseconds in repetition 369
tcp_ping received 192 bytes back
Round trip time was 0.038245 milliseconds in repetition 370
tcp_ping received 192 bytes back
Round trip time was 0.038109 milliseconds in repetition 371
tcp_ping received 192 bytes back
Round trip time was 0.038344 milliseconds in repetition 372
tcp_ping received 192 bytes back
Round trip time was 0.0388 milliseconds in repetition 373
tcp_ping received 192 bytes back
Round trip time was 0.038427 milliseconds in repetition 374
tcp_ping received 192 bytes back
Round trip time was 0.038231 milliseconds in repetition 375
tcp_ping received 192 bytes back
Round trip time was 0.038219 milliseconds in repetition 376
tcp_ping received 192 bytes back
Round trip time was 0.038471 milliseconds in repetition 377
tcp_ping received 192 bytes back
Round trip time was 0.038387 milliseconds in repetition 378
tcp_ping received 192 bytes back
Round trip time was 0.038644 milliseconds in repetition 379
tcp_ping received 192 bytes back
Round trip time was 0.038398 milliseconds in repetition 380
tcp_ping received 192 bytes back
Round trip time was 0.038704 milliseconds in repetition 381
tcp_ping received 192 bytes back
Round trip time was 0.038177 milliseconds in repetition 382
tcp_ping received 192 bytes back
Round trip time was 0.038098 milliseconds in repetition 383
tcp_ping received 192 bytes back
Round trip time was 0.038542 milliseconds in repetition 384
tcp_ping received 192 bytes back
Round trip time was 0.038412 milliseconds in repetition 385
tcp_ping received 192 bytes back
Round trip time was 0.038643 milliseconds in repetition 386
tcp_ping received 192 bytes back
Round trip time was 0.038256 milliseconds in repetition 387
tcp_ping received 192 bytes back
Round trip time was 0.038536 milliseconds in repetition 388
tcp_ping received 192 bytes back
Round trip time was 0.038747 milliseconds in repetition 389
tcp_ping received 192 bytes back
Round trip time was 0.038441 milliseconds in repetition 390
tcp_ping received 192 bytes back
Round trip time was 0.038227 milliseconds in repetition 391
tcp_ping received 192 bytes back
Round trip time was 0.038299 milliseconds in repetition 392
tcp_ping received 192 bytes back
Round trip time was 0.038584 milliseconds in repetition 393
tcp_ping received 192 bytes back
Round trip time was 0.038306 milliseconds in repetition 394
tcp_ping received 192 bytes back
Round trip time was 0.038333 milliseconds in repetition 395
tcp_ping received 192 bytes back
Round trip time was 0.038217 milliseconds in repetition 396
tcp_ping received 192 bytes back
Round trip time was 0.03843 milliseconds in repetition 397
tcp_ping received 192 bytes back
Round trip time was 0.04212 milliseconds in repetition 398
tcp_ping received 192 bytes back
Round trip time was 0.038925 milliseconds in repetition 399
tcp_ping received 192 bytes back
Round trip time was 0.038377 milliseconds in repetition 400
tcp_ping received 192 bytes back
Round trip time was 0.038422 milliseconds in repetition 401
tcp_ping received 192 bytes back
Round trip time was 0.038408 milliseconds in repetition 402
tcp_ping received 192 bytes back
Round trip time was 0.038252 milliseconds in repetition 403
tcp_ping received 192 bytes back
Round trip time was 0.038294 milliseconds in repetition 404
tcp_ping received 192 bytes back
Round trip time was 0.038423 milliseconds in repetition 405
tcp_ping received 192 bytes back
Round trip time was 0.038572 milliseconds in repetition 406
tcp_ping received 192 bytes back
Round trip time was 0.038321 milliseconds in repetition 407
tcp_ping received 192 bytes back
Round trip time was 0.038348 milliseconds in repetition 408
tcp_ping received 192 bytes back
Round trip time was 0.038411 milliseconds in repetition 409
tcp_ping received 192 bytes back
Round trip time was 0.038441 milliseconds in repetition 410
tcp_ping received 192 bytes back
Round trip time was 0.038321 milliseconds in repetition 411
tcp_ping received 192 bytes back
Round trip time was 0.038321 milliseconds in repetition 412
tcp_ping received 192 bytes back
Round trip time was 0.037992 milliseconds in repetition 413
tcp_ping received 192 bytes back
Round trip time was 0.038364 milliseconds in repetition 414
tcp_ping received 192 bytes back
Round trip time was 0.038307 milliseconds in repetition 415
tcp_ping received 192 bytes back
Round trip time was 0.038724 milliseconds in repetition 416
tcp_ping received 192 bytes back
Round trip time was 0.03869 milliseconds in repetition 417
tcp_ping received 192 bytes back
Round trip time was 0.038566 milliseconds in repetition 418
tcp_ping received 192 bytes back
Round trip time was 0.038602 milliseconds in repetition 419
tcp_ping received 192 bytes back
Round trip time was 0.038473 milliseconds in repetition 420
tcp_ping received 192 bytes back
Round trip time was 0.03876 milliseconds in repetition 421
tcp_ping received 192 bytes back
Round trip time was 0.038559 milliseconds in repetition 422
tcp_ping received 192 bytes back
Round trip time was 0.038343 milliseconds in repetition 423
tcp_ping received 192 bytes back
Round trip time was 0.041151 milliseconds in repetition 424
tcp_ping received 192 bytes back
Round trip time was 0.038337 milliseconds in repetition 425
tcp_ping received 192 bytes back
Round trip time was 0.038505 milliseconds in repetition 426
tcp_ping received 192 bytes back
Round trip time was 0.038516 milliseconds in repetition 427
tcp_ping received 192 bytes back
Round trip time was 0.038588 milliseconds in repetition 428
tcp_ping received 192 bytes back
Round trip time was 0.038524 milliseconds in repetition 429
tcp_ping received 192 bytes back
Round trip time was 0.038452 milliseconds in repetition 430
tcp_ping received 192 bytes back
Round trip time was 0.038375 milliseconds in repetition 431
tcp_ping received 192 bytes back
Round trip time was 0.038248 milliseconds in repetition 432
tcp_ping received 192 bytes back
Round trip time was 0.038483 milliseconds in repetition 433
tcp_ping received 192 bytes back
Round trip time was 0.038313 milliseconds in repetition 434
tcp_ping received 192 bytes back
Round trip time was 0.038337 milliseconds in repetition 435
tcp_ping received 192 bytes back
Round trip time was 0.038877 milliseconds in repetition 436
tcp_ping received 192 bytes back
Round trip time was 0.038313 milliseconds in repetition 437
tcp_ping received 192 bytes back
Round trip time was 0.038423 milliseconds in repetition 438
tcp_ping received 192 bytes back
Round trip time was 0.038532 milliseconds in repetition 439
tcp_ping received 192 bytes back
Round trip time was 0.038498 milliseconds in repetition 440
tcp_ping received 192 bytes back
Round trip time was 0.038511 milliseconds in repetition 441
tcp_ping received 192 bytes back
Round trip time was 0.040179 milliseconds in repetition 442
tcp_ping received 192 bytes back
Round trip time was 0.038859 milliseconds in repetition 443
tcp_ping received 192 bytes back
Round trip time was 0.038739 milliseconds in repetition 444
tcp_ping received 192 bytes back
Round trip time was 0.060722 milliseconds in repetition 445
tcp_ping received 192 bytes back
Round trip time was 0.046691 milliseconds in repetition 446
tcp_ping received 192 bytes back
Round trip time was 0.040372 milliseconds in repetition 447
tcp_ping received 192 bytes back
Round trip time was 0.039641 milliseconds in repetition 448
tcp_ping received 192 bytes back
Round trip time was 0.039694 milliseconds in repetition 449
tcp_ping received 192 bytes back
Round trip time was 0.03987 milliseconds in repetition 450
tcp_ping received 192 bytes back
Round trip time was 0.04013 milliseconds in repetition 451
tcp_ping received 192 bytes back
Round trip time was 0.03985 milliseconds in repetition 452
tcp_ping received 192 bytes back
Round trip time was 0.039791 milliseconds in repetition 453
tcp_ping received 192 bytes back
Round trip time was 0.039873 milliseconds in repetition 454
tcp_ping received 192 bytes back
Round trip time was 0.039578 milliseconds in repetition 455
tcp_ping received 192 bytes back
Round trip time was 0.040033 milliseconds in repetition 456
tcp_ping received 192 bytes back
Round trip time was 0.039834 milliseconds in repetition 457
tcp_ping received 192 bytes back
Round trip time was 0.039778 milliseconds in repetition 458
tcp_ping received 192 bytes back
Round trip time was 0.039744 milliseconds in repetition 459
tcp_ping received 192 bytes back
Round trip time was 0.039591 milliseconds in repetition 460
tcp_ping received 192 bytes back
Round trip time was 0.039935 milliseconds in repetition 461
tcp_ping received 192 bytes back
Round trip time was 0.039738 milliseconds in repetition 462
tcp_ping received 192 bytes back
Round trip time was 0.040464 milliseconds in repetition 463
tcp_ping received 192 bytes back
Round trip time was 0.040706 milliseconds in repetition 464
tcp_ping received 192 bytes back
Round trip time was 0.039512 milliseconds in repetition 465
tcp_ping received 192 bytes back
Round trip time was 0.039831 milliseconds in repetition 466
tcp_ping received 192 bytes back
Round trip time was 0.039697 milliseconds in repetition 467
tcp_ping received 192 bytes back
Round trip time was 0.039711 milliseconds in repetition 468
tcp_ping received 192 bytes back
Round trip time was 0.039443 milliseconds in repetition 469
tcp_ping received 192 bytes back
Round trip time was 0.040465 milliseconds in repetition 470
tcp_ping received 192 bytes back
Round trip time was 0.039775 milliseconds in repetition 471
tcp_ping received 192 bytes back
Round trip time was 0.039593 milliseconds in repetition 472
tcp_ping received 192 bytes back
Round trip time was 0.039758 milliseconds in repetition 473
tcp_ping received 192 bytes back
Round trip time was 0.039608 milliseconds in repetition 474
tcp_ping received 192 bytes back
Round trip time was 0.039921 milliseconds in repetition 475
tcp_ping received 192 bytes back
Round trip time was 0.039795 milliseconds in repetition 476
tcp_ping received 192 bytes back
Round trip time was 0.039462 milliseconds in repetition 477
tcp_ping received 192 bytes back
Round trip time was 0.039504 milliseconds in repetition 478
tcp_ping received 192 bytes back
Round trip time was 0.039653 milliseconds in repetition 479
tcp_ping received 192 bytes back
Round trip time was 0.039646 milliseconds in repetition 480
tcp_ping received 192 bytes back
Round trip time was 0.039643 milliseconds in repetition 481
tcp_ping received 192 bytes back
Round trip time was 0.039689 milliseconds in repetition 482
tcp_ping received 192 bytes back
Round trip time was 0.039822 milliseconds in repetition 483
tcp_ping received 192 bytes back
Round trip time was 0.039849 milliseconds in repetition 484
tcp_ping received 192 bytes back
Round trip time was 0.039495 milliseconds in repetition 485
tcp_ping received 192 bytes back
Round trip time was 0.041263 milliseconds in repetition 486
tcp_ping received 192 bytes back
Round trip time was 0.039981 milliseconds in repetition 487
tcp_ping received 192 bytes back
Round trip time was 0.039935 milliseconds in repetition 488
tcp_ping received 192 bytes back
Round trip time was 0.039881 milliseconds in repetition 489
tcp_ping received 192 bytes back
Round trip time was 0.039924 milliseconds in repetition 490
tcp_ping received 192 bytes back
Round trip time was 0.039697 milliseconds in repetition 491
tcp_ping received 192 bytes back
Round trip time was 0.03966 milliseconds in repetition 492
tcp_ping received 192 bytes back
Round trip time was 0.039989 milliseconds in repetition 493
tcp_ping received 192 bytes back
Round trip time was 0.039815 milliseconds in repetition 494
tcp_ping received 192 bytes back
Round trip time was 0.039657 milliseconds in repetition 495
tcp_ping received 192 bytes back
Round trip time was 0.039892 milliseconds in repetition 496
tcp_ping received 192 bytes back
Round trip time was 0.040019 milliseconds in repetition 497
tcp_ping received 192 bytes back
Round trip time was 0.039987 milliseconds in repetition 498
tcp_ping received 192 bytes back
Round trip time was 0.039814 milliseconds in repetition 499
tcp_ping received 192 bytes back
Round trip time was 0.03972 milliseconds in repetition 500
tcp_ping received 192 bytes back
Round trip time was 0.039819 milliseconds in repetition 501

 ... clock resolution was 1e-06
TCP Ping:  Statistics over 501 repetitions of 192 byte messages

RTT : percentile 10: 0.038234, median: 0.038858, percentile 90: 0.05248, average: 0.0432523, variance: 0.000164956

RTT histogram:
0.0281435 1
0.0328212 0
0.0374989 333
0.0421766 79
0.0468543 24
0.051532 20
0.0562097 9
0.0608874 10
0.0655651 6
0.0702428 2
0.0749205 2
0.0795982 2
0.0842759 0
0.0889536 1
0.0936313 0
0.098309 1
0.102987 1
0.107664 1
0.112342 5
0.11702 3
0.121698 1

   median Throughput : 9882.13 KB/s   overall Throughput : 8878.14 KB/s

