TCP Ping trying to connect to server localhost (127.0.0.1) on port 1491

... connected to Pong server: asking for 501 repetitions of 98304 bytes TCP messages
 ... Pong server agreed :-)
tcp_ping received 98304 bytes back
Round trip time was 0.381597 milliseconds in repetition 1
tcp_ping received 98304 bytes back
Round trip time was 0.358427 milliseconds in repetition 2
tcp_ping received 98304 bytes back
Round trip time was 0.298369 milliseconds in repetition 3
tcp_ping received 98304 bytes back
Round trip time was 0.290529 milliseconds in repetition 4
tcp_ping received 98304 bytes back
Round trip time was 0.294027 milliseconds in repetition 5
tcp_ping received 98304 bytes back
Round trip time was 0.297629 milliseconds in repetition 6
tcp_ping received 98304 bytes back
Round trip time was 0.301187 milliseconds in repetition 7
tcp_ping received 98304 bytes back
Round trip time was 0.340507 milliseconds in repetition 8
tcp_ping received 98304 bytes back
Round trip time was 0.39387 milliseconds in repetition 9
tcp_ping received 98304 bytes back
Round trip time was 0.407045 milliseconds in repetition 10
tcp_ping received 98304 bytes back
Round trip time was 0.328539 milliseconds in repetition 11
tcp_ping received 98304 bytes back
Round trip time was 0.291658 milliseconds in repetition 12
tcp_ping received 98304 bytes back
Round trip time was 0.294222 milliseconds in repetition 13
tcp_ping received 98304 bytes back
Round trip time was 0.330153 milliseconds in repetition 14
tcp_ping received 98304 bytes back
Round trip time was 0.347967 milliseconds in repetition 15
tcp_ping received 98304 bytes back
Round trip time was 0.534538 milliseconds in repetition 16
tcp_ping received 98304 bytes back
Round trip time was 0.393296 milliseconds in repetition 17
tcp_ping received 98304 bytes back
Round trip time was 0.412464 milliseconds in repetition 18
tcp_ping received 98304 bytes back
Round trip time was 0.319348 milliseconds in repetition 19
tcp_ping received 98304 bytes back
Round trip time was 0.413192 milliseconds in repetition 20
tcp_ping received 98304 bytes back
Round trip time was 0.444365 milliseconds in repetition 21
tcp_ping received 98304 bytes back
Round trip time was 0.38891 milliseconds in repetition 22
tcp_ping received 98304 bytes back
Round trip time was 0.545203 milliseconds in repetition 23
tcp_ping received 98304 bytes back
Round trip time was 0.345677 milliseconds in repetition 24
tcp_ping received 98304 bytes back
Round trip time was 0.379039 milliseconds in repetition 25
tcp_ping received 98304 bytes back
Round trip time was 0.359659 milliseconds in repetition 26
tcp_ping received 98304 bytes back
Round trip time was 0.421702 milliseconds in repetition 27
tcp_ping received 98304 bytes back
Round trip time was 0.388038 milliseconds in repetition 28
tcp_ping received 98304 bytes back
Round trip time was 0.410767 milliseconds in repetition 29
tcp_ping received 98304 bytes back
Round trip time was 0.373561 milliseconds in repetition 30
tcp_ping received 98304 bytes back
Round trip time was 0.445186 milliseconds in repetition 31
tcp_ping received 98304 bytes back
Round trip time was 0.412795 milliseconds in repetition 32
tcp_ping received 98304 bytes back
Round trip time was 0.310908 milliseconds in repetition 33
tcp_ping received 98304 bytes back
Round trip time was 0.330182 milliseconds in repetition 34
tcp_ping received 98304 bytes back
Round trip time was 0.33036 milliseconds in repetition 35
tcp_ping received 98304 bytes back
Round trip time was 0.394561 milliseconds in repetition 36
tcp_ping received 98304 bytes back
Round trip time was 0.336212 milliseconds in repetition 37
tcp_ping received 98304 bytes back
Round trip time was 0.422158 milliseconds in repetition 38
tcp_ping received 98304 bytes back
Round trip time was 0.413657 milliseconds in repetition 39
tcp_ping received 98304 bytes back
Round trip time was 0.387671 milliseconds in repetition 40
tcp_ping received 98304 bytes back
Round trip time was 0.305272 milliseconds in repetition 41
tcp_ping received 98304 bytes back
Round trip time was 0.265256 milliseconds in repetition 42
tcp_ping received 98304 bytes back
Round trip time was 0.267976 milliseconds in repetition 43
tcp_ping received 98304 bytes back
Round trip time was 0.265443 milliseconds in repetition 44
tcp_ping received 98304 bytes back
Round trip time was 0.269473 milliseconds in repetition 45
tcp_ping received 98304 bytes back
Round trip time was 0.262371 milliseconds in repetition 46
tcp_ping received 98304 bytes back
Round trip time was 0.263083 milliseconds in repetition 47
tcp_ping received 98304 bytes back
Round trip time was 0.262428 milliseconds in repetition 48
tcp_ping received 98304 bytes back
Round trip time was 0.266633 milliseconds in repetition 49
tcp_ping received 98304 bytes back
Round trip time was 0.269986 milliseconds in repetition 50
tcp_ping received 98304 bytes back
Round trip time was 0.264628 milliseconds in repetition 51
tcp_ping received 98304 bytes back
Round trip time was 0.262713 milliseconds in repetition 52
tcp_ping received 98304 bytes back
Round trip time was 0.262815 milliseconds in repetition 53
tcp_ping received 98304 bytes back
Round trip time was 0.281178 milliseconds in repetition 54
tcp_ping received 98304 bytes back
Round trip time was 0.267866 milliseconds in repetition 55
tcp_ping received 98304 bytes back
Round trip time was 0.265268 milliseconds in repetition 56
tcp_ping received 98304 bytes back
Round trip time was 0.316102 milliseconds in repetition 57
tcp_ping received 98304 bytes back
Round trip time was 0.308668 milliseconds in repetition 58
tcp_ping received 98304 bytes back
Round trip time was 0.318106 milliseconds in repetition 59
tcp_ping received 98304 bytes back
Round trip time was 0.418889 milliseconds in repetition 60
tcp_ping received 98304 bytes back
Round trip time was 0.389398 milliseconds in repetition 61
tcp_ping received 98304 bytes back
Round trip time was 0.35978 milliseconds in repetition 62
tcp_ping received 98304 bytes back
Round trip time was 0.365646 milliseconds in repetition 63
tcp_ping received 98304 bytes back
Round trip time was 0.376598 milliseconds in repetition 64
tcp_ping received 98304 bytes back
Round trip time was 0.419781 milliseconds in repetition 65
tcp_ping received 98304 bytes back
Round trip time was 0.419322 milliseconds in repetition 66
tcp_ping received 98304 bytes back
Round trip time was 0.294411 milliseconds in repetition 67
tcp_ping received 98304 bytes back
Round trip time was 0.33763 milliseconds in repetition 68
tcp_ping received 98304 bytes back
Round trip time was 0.347642 milliseconds in repetition 69
tcp_ping received 98304 bytes back
Round trip time was 0.314998 milliseconds in repetition 70
tcp_ping received 98304 bytes back
Round trip time was 0.278306 milliseconds in repetition 71
tcp_ping received 98304 bytes back
Round trip time was 0.270116 milliseconds in repetition 72
tcp_ping received 98304 bytes back
Round trip time was 0.264957 milliseconds in repetition 73
tcp_ping received 98304 bytes back
Round trip time was 0.264735 milliseconds in repetition 74
tcp_ping received 98304 bytes back
Round trip time was 0.294989 milliseconds in repetition 75
tcp_ping received 98304 bytes back
Round trip time was 0.264767 milliseconds in repetition 76
tcp_ping received 98304 bytes back
Round trip time was 0.264761 milliseconds in repetition 77
tcp_ping received 98304 bytes back
Round trip time was 0.263279 milliseconds in repetition 78
tcp_ping received 98304 bytes back
Round trip time was 0.263023 milliseconds in repetition 79
tcp_ping received 98304 bytes back
Round trip time was 0.264324 milliseconds in repetition 80
tcp_ping received 98304 bytes back
Round trip time was 0.265009 milliseconds in repetition 81
tcp_ping received 98304 bytes back
Round trip time was 0.26491 milliseconds in repetition 82
tcp_ping received 98304 bytes back
Round trip time was 0.263126 milliseconds in repetition 83
tcp_ping received 98304 bytes back
Round trip time was 0.264882 milliseconds in repetition 84
tcp_ping received 98304 bytes back
Round trip time was 0.28294 milliseconds in repetition 85
tcp_ping received 98304 bytes back
Round trip time was 0.278471 milliseconds in repetition 86
tcp_ping received 98304 bytes back
Round trip time was 0.468949 milliseconds in repetition 87
tcp_ping received 98304 bytes back
Round trip time was 0.392089 milliseconds in repetition 88
tcp_ping received 98304 bytes back
Round trip time was 0.393353 milliseconds in repetition 89
tcp_ping received 98304 bytes back
Round trip time was 0.404063 milliseconds in repetition 90
tcp_ping received 98304 bytes back
Round trip time was 0.516905 milliseconds in repetition 91
tcp_ping received 98304 bytes back
Round trip time was 0.282728 milliseconds in repetition 92
tcp_ping received 98304 bytes back
Round trip time was 0.264738 milliseconds in repetition 93
tcp_ping received 98304 bytes back
Round trip time was 0.276831 milliseconds in repetition 94
tcp_ping received 98304 bytes back
Round trip time was 0.263437 milliseconds in repetition 95
tcp_ping received 98304 bytes back
Round trip time was 0.269905 milliseconds in repetition 96
tcp_ping received 98304 bytes back
Round trip time was 0.266487 milliseconds in repetition 97
tcp_ping received 98304 bytes back
Round trip time was 0.312192 milliseconds in repetition 98
tcp_ping received 98304 bytes back
Round trip time was 0.267724 milliseconds in repetition 99
tcp_ping received 98304 bytes back
Round trip time was 0.265295 milliseconds in repetition 100
tcp_ping received 98304 bytes back
Round trip time was 0.273093 milliseconds in repetition 101
tcp_ping received 98304 bytes back
Round trip time was 0.272968 milliseconds in repetition 102
tcp_ping received 98304 bytes back
Round trip time was 0.26664 milliseconds in repetition 103
tcp_ping received 98304 bytes back
Round trip time was 0.267084 milliseconds in repetition 104
tcp_ping received 98304 bytes back
Round trip time was 0.281723 milliseconds in repetition 105
tcp_ping received 98304 bytes back
Round trip time was 0.268532 milliseconds in repetition 106
tcp_ping received 98304 bytes back
Round trip time was 0.266762 milliseconds in repetition 107
tcp_ping received 98304 bytes back
Round trip time was 0.264598 milliseconds in repetition 108
tcp_ping received 98304 bytes back
Round trip time was 0.27734 milliseconds in repetition 109
tcp_ping received 98304 bytes back
Round trip time was 0.266612 milliseconds in repetition 110
tcp_ping received 98304 bytes back
Round trip time was 0.338484 milliseconds in repetition 111
tcp_ping received 98304 bytes back
Round trip time was 0.276664 milliseconds in repetition 112
tcp_ping received 98304 bytes back
Round trip time was 0.267161 milliseconds in repetition 113
tcp_ping received 98304 bytes back
Round trip time was 0.265301 milliseconds in repetition 114
tcp_ping received 98304 bytes back
Round trip time was 0.282613 milliseconds in repetition 115
tcp_ping received 98304 bytes back
Round trip time was 0.264179 milliseconds in repetition 116
tcp_ping received 98304 bytes back
Round trip time was 0.26574 milliseconds in repetition 117
tcp_ping received 98304 bytes back
Round trip time was 0.273178 milliseconds in repetition 118
tcp_ping received 98304 bytes back
Round trip time was 0.27173 milliseconds in repetition 119
tcp_ping received 98304 bytes back
Round trip time was 0.26803 milliseconds in repetition 120
tcp_ping received 98304 bytes back
Round trip time was 0.271848 milliseconds in repetition 121
tcp_ping received 98304 bytes back
Round trip time was 0.278957 milliseconds in repetition 122
tcp_ping received 98304 bytes back
Round trip time was 0.264873 milliseconds in repetition 123
tcp_ping received 98304 bytes back
Round trip time was 0.263816 milliseconds in repetition 124
tcp_ping received 98304 bytes back
Round trip time was 0.263194 milliseconds in repetition 125
tcp_ping received 98304 bytes back
Round trip time was 0.281822 milliseconds in repetition 126
tcp_ping received 98304 bytes back
Round trip time was 0.266521 milliseconds in repetition 127
tcp_ping received 98304 bytes back
Round trip time was 0.265592 milliseconds in repetition 128
tcp_ping received 98304 bytes back
Round trip time was 0.270135 milliseconds in repetition 129
tcp_ping received 98304 bytes back
Round trip time was 0.330752 milliseconds in repetition 130
tcp_ping received 98304 bytes back
Round trip time was 0.279997 milliseconds in repetition 131
tcp_ping received 98304 bytes back
Round trip time was 0.278576 milliseconds in repetition 132
tcp_ping received 98304 bytes back
Round trip time was 0.299117 milliseconds in repetition 133
tcp_ping received 98304 bytes back
Round trip time was 0.281473 milliseconds in repetition 134
tcp_ping received 98304 bytes back
Round trip time was 0.266844 milliseconds in repetition 135
tcp_ping received 98304 bytes back
Round trip time was 0.293444 milliseconds in repetition 136
tcp_ping received 98304 bytes back
Round trip time was 0.263932 milliseconds in repetition 137
tcp_ping received 98304 bytes back
Round trip time was 0.26475 milliseconds in repetition 138
tcp_ping received 98304 bytes back
Round trip time was 0.2769 milliseconds in repetition 139
tcp_ping received 98304 bytes back
Round trip time was 0.265974 milliseconds in repetition 140
tcp_ping received 98304 bytes back
Round trip time was 0.263784 milliseconds in repetition 141
tcp_ping received 98304 bytes back
Round trip time was 0.270949 milliseconds in repetition 142
tcp_ping received 98304 bytes back
Round trip time was 0.281482 milliseconds in repetition 143
tcp_ping received 98304 bytes back
Round trip time was 0.265836 milliseconds in repetition 144
tcp_ping received 98304 bytes back
Round trip time was 0.264592 milliseconds in repetition 145
tcp_ping received 98304 bytes back
Round trip time was 0.268432 milliseconds in repetition 146
tcp_ping received 98304 bytes back
Round trip time was 0.275015 milliseconds in repetition 147
tcp_ping received 98304 bytes back
Round trip time was 0.26499 milliseconds in repetition 148
tcp_ping received 98304 bytes back
Round trip time was 0.267451 milliseconds in repetition 149
tcp_ping received 98304 bytes back
Round trip time was 0.282526 milliseconds in repetition 150
tcp_ping received 98304 bytes back
Round trip time was 0.268111 milliseconds in repetition 151
tcp_ping received 98304 bytes back
Round trip time was 0.267348 milliseconds in repetition 152
tcp_ping received 98304 bytes back
Round trip time was 0.266633 milliseconds in repetition 153
tcp_ping received 98304 bytes back
Round trip time was 0.280774 milliseconds in repetition 154
tcp_ping received 98304 bytes back
Round trip time was 0.267259 milliseconds in repetition 155
tcp_ping received 98304 bytes back
Round trip time was 0.263567 milliseconds in repetition 156
tcp_ping received 98304 bytes back
Round trip time was 0.265632 milliseconds in repetition 157
tcp_ping received 98304 bytes back
Round trip time was 0.277616 milliseconds in repetition 158
tcp_ping received 98304 bytes back
Round trip time was 0.265489 milliseconds in repetition 159
tcp_ping received 98304 bytes back
Round trip time was 0.264682 milliseconds in repetition 160
tcp_ping received 98304 bytes back
Round trip time was 0.284421 milliseconds in repetition 161
tcp_ping received 98304 bytes back
Round trip time was 0.2663 milliseconds in repetition 162
tcp_ping received 98304 bytes back
Round trip time was 0.263917 milliseconds in repetition 163
tcp_ping received 98304 bytes back
Round trip time was 0.262902 milliseconds in repetition 164
tcp_ping received 98304 bytes back
Round trip time was 0.378687 milliseconds in repetition 165
tcp_ping received 98304 bytes back
Round trip time was 0.371457 milliseconds in repetition 166
tcp_ping received 98304 bytes back
Round trip time was 0.309098 milliseconds in repetition 167
tcp_ping received 98304 bytes back
Round trip time was 0.280064 milliseconds in repetition 168
tcp_ping received 98304 bytes back
Round trip time was 0.299148 milliseconds in repetition 169
tcp_ping received 98304 bytes back
Round trip time was 0.265229 milliseconds in repetition 170
tcp_ping received 98304 bytes back
Round trip time was 0.262716 milliseconds in repetition 171
tcp_ping received 98304 bytes back
Round trip time was 0.267609 milliseconds in repetition 172
tcp_ping received 98304 bytes back
Round trip time was 0.447528 milliseconds in repetition 173
tcp_ping received 98304 bytes back
Round trip time was 0.325509 milliseconds in repetition 174
tcp_ping received 98304 bytes back
Round trip time was 0.26459 milliseconds in repetition 175
tcp_ping received 98304 bytes back
Round trip time was 0.266278 milliseconds in repetition 176
tcp_ping received 98304 bytes back
Round trip time was 0.268141 milliseconds in repetition 177
tcp_ping received 98304 bytes back
Round trip time was 0.264302 milliseconds in repetition 178
tcp_ping received 98304 bytes back
Round trip time was 0.264848 milliseconds in repetition 179
tcp_ping received 98304 bytes back
Round trip time was 0.264721 milliseconds in repetition 180
tcp_ping received 98304 bytes back
Round trip time was 0.266528 milliseconds in repetition 181
tcp_ping received 98304 bytes back
Round trip time was 0.26112 milliseconds in repetition 182
tcp_ping received 98304 bytes back
Round trip time was 0.263039 milliseconds in repetition 183
tcp_ping received 98304 bytes back
Round trip time was 0.26871 milliseconds in repetition 184
tcp_ping received 98304 bytes back
Round trip time was 0.264679 milliseconds in repetition 185
tcp_ping received 98304 bytes back
Round trip time was 0.276164 milliseconds in repetition 186
tcp_ping received 98304 bytes back
Round trip time was 0.266544 milliseconds in repetition 187
tcp_ping received 98304 bytes back
Round trip time was 0.26498 milliseconds in repetition 188
tcp_ping received 98304 bytes back
Round trip time was 0.264178 milliseconds in repetition 189
tcp_ping received 98304 bytes back
Round trip time was 0.274207 milliseconds in repetition 190
tcp_ping received 98304 bytes back
Round trip time was 0.264836 milliseconds in repetition 191
tcp_ping received 98304 bytes back
Round trip time was 0.265081 milliseconds in repetition 192
tcp_ping received 98304 bytes back
Round trip time was 0.265899 milliseconds in repetition 193
tcp_ping received 98304 bytes back
Round trip time was 0.263078 milliseconds in repetition 194
tcp_ping received 98304 bytes back
Round trip time was 0.26371 milliseconds in repetition 195
tcp_ping received 98304 bytes back
Round trip time was 0.265744 milliseconds in repetition 196
tcp_ping received 98304 bytes back
Round trip time was 0.263431 milliseconds in repetition 197
tcp_ping received 98304 bytes back
Round trip time was 0.26669 milliseconds in repetition 198
tcp_ping received 98304 bytes back
Round trip time was 0.263786 milliseconds in repetition 199
tcp_ping received 98304 bytes back
Round trip time was 0.263922 milliseconds in repetition 200
tcp_ping received 98304 bytes back
Round trip time was 0.26439 milliseconds in repetition 201
tcp_ping received 98304 bytes back
Round trip time was 0.266868 milliseconds in repetition 202
tcp_ping received 98304 bytes back
Round trip time was 0.262497 milliseconds in repetition 203
tcp_ping received 98304 bytes back
Round trip time was 0.264802 milliseconds in repetition 204
tcp_ping received 98304 bytes back
Round trip time was 0.30235 milliseconds in repetition 205
tcp_ping received 98304 bytes back
Round trip time was 0.264662 milliseconds in repetition 206
tcp_ping received 98304 bytes back
Round trip time was 0.262869 milliseconds in repetition 207
tcp_ping received 98304 bytes back
Round trip time was 0.279028 milliseconds in repetition 208
tcp_ping received 98304 bytes back
Round trip time was 0.281285 milliseconds in repetition 209
tcp_ping received 98304 bytes back
Round trip time was 0.266993 milliseconds in repetition 210
tcp_ping received 98304 bytes back
Round trip time was 0.26427 milliseconds in repetition 211
tcp_ping received 98304 bytes back
Round trip time was 0.262718 milliseconds in repetition 212
tcp_ping received 98304 bytes back
Round trip time was 0.270531 milliseconds in repetition 213
tcp_ping received 98304 bytes back
Round trip time was 0.264865 milliseconds in repetition 214
tcp_ping received 98304 bytes back
Round trip time was 0.263714 milliseconds in repetition 215
tcp_ping received 98304 bytes back
Round trip time was 0.263156 milliseconds in repetition 216
tcp_ping received 98304 bytes back
Round trip time was 0.279011 milliseconds in repetition 217
tcp_ping received 98304 bytes back
Round trip time was 0.262885 milliseconds in repetition 218
tcp_ping received 98304 bytes back
Round trip time was 0.265044 milliseconds in repetition 219
tcp_ping received 98304 bytes back
Round trip time was 0.263541 milliseconds in repetition 220
tcp_ping received 98304 bytes back
Round trip time was 0.265294 milliseconds in repetition 221
tcp_ping received 98304 bytes back
Round trip time was 0.262532 milliseconds in repetition 222
tcp_ping received 98304 bytes back
Round trip time was 0.266244 milliseconds in repetition 223
tcp_ping received 98304 bytes back
Round trip time was 0.262187 milliseconds in repetition 224
tcp_ping received 98304 bytes back
Round trip time was 0.268201 milliseconds in repetition 225
tcp_ping received 98304 bytes back
Round trip time was 0.367543 milliseconds in repetition 226
tcp_ping received 98304 bytes back
Round trip time was 0.305715 milliseconds in repetition 227
tcp_ping received 98304 bytes back
Round trip time was 0.362432 milliseconds in repetition 228
tcp_ping received 98304 bytes back
Round trip time was 0.364111 milliseconds in repetition 229
tcp_ping received 98304 bytes back
Round trip time was 0.284828 milliseconds in repetition 230
tcp_ping received 98304 bytes back
Round trip time was 0.26793 milliseconds in repetition 231
tcp_ping received 98304 bytes back
Round trip time was 0.269813 milliseconds in repetition 232
tcp_ping received 98304 bytes back
Round trip time was 0.266639 milliseconds in repetition 233
tcp_ping received 98304 bytes back
Round trip time was 0.265851 milliseconds in repetition 234
tcp_ping received 98304 bytes back
Round trip time was 0.263751 milliseconds in repetition 235
tcp_ping received 98304 bytes back
Round trip time was 0.265335 milliseconds in repetition 236
tcp_ping received 98304 bytes back
Round trip time was 0.263084 milliseconds in repetition 237
tcp_ping received 98304 bytes back
Round trip time was 0.263187 milliseconds in repetition 238
tcp_ping received 98304 bytes back
Round trip time was 0.264651 milliseconds in repetition 239
tcp_ping received 98304 bytes back
Round trip time was 0.289738 milliseconds in repetition 240
tcp_ping received 98304 bytes back
Round trip time was 0.269074 milliseconds in repetition 241
tcp_ping received 98304 bytes back
Round trip time was 0.265511 milliseconds in repetition 242
tcp_ping received 98304 bytes back
Round trip time was 0.271647 milliseconds in repetition 243
tcp_ping received 98304 bytes back
Round trip time was 0.262296 milliseconds in repetition 244
tcp_ping received 98304 bytes back
Round trip time was 0.261358 milliseconds in repetition 245
tcp_ping received 98304 bytes back
Round trip time was 0.265206 milliseconds in repetition 246
tcp_ping received 98304 bytes back
Round trip time was 0.262398 milliseconds in repetition 247
tcp_ping received 98304 bytes back
Round trip time was 0.325095 milliseconds in repetition 248
tcp_ping received 98304 bytes back
Round trip time was 0.267083 milliseconds in repetition 249
tcp_ping received 98304 bytes back
Round trip time was 0.265903 milliseconds in repetition 250
tcp_ping received 98304 bytes back
Round trip time was 0.263368 milliseconds in repetition 251
tcp_ping received 98304 bytes back
Round trip time was 0.269353 milliseconds in repetition 252
tcp_ping received 98304 bytes back
Round trip time was 0.265444 milliseconds in repetition 253
tcp_ping received 98304 bytes back
Round trip time was 0.26742 milliseconds in repetition 254
tcp_ping received 98304 bytes back
Round trip time was 0.264766 milliseconds in repetition 255
tcp_ping received 98304 bytes back
Round trip time was 0.26712 milliseconds in repetition 256
tcp_ping received 98304 bytes back
Round trip time was 0.263059 milliseconds in repetition 257
tcp_ping received 98304 bytes back
Round trip time was 0.26335 milliseconds in repetition 258
tcp_ping received 98304 bytes back
Round trip time was 0.26247 milliseconds in repetition 259
tcp_ping received 98304 bytes back
Round trip time was 0.402501 milliseconds in repetition 260
tcp_ping received 98304 bytes back
Round trip time was 0.314136 milliseconds in repetition 261
tcp_ping received 98304 bytes back
Round trip time was 0.271334 milliseconds in repetition 262
tcp_ping received 98304 bytes back
Round trip time was 0.273908 milliseconds in repetition 263
tcp_ping received 98304 bytes back
Round trip time was 0.268419 milliseconds in repetition 264
tcp_ping received 98304 bytes back
Round trip time was 0.263552 milliseconds in repetition 265
tcp_ping received 98304 bytes back
Round trip time was 0.264832 milliseconds in repetition 266
tcp_ping received 98304 bytes back
Round trip time was 0.277959 milliseconds in repetition 267
tcp_ping received 98304 bytes back
Round trip time was 0.264133 milliseconds in repetition 268
tcp_ping received 98304 bytes back
Round trip time was 0.263195 milliseconds in repetition 269
tcp_ping received 98304 bytes back
Round trip time was 0.269635 milliseconds in repetition 270
tcp_ping received 98304 bytes back
Round trip time was 0.264386 milliseconds in repetition 271
tcp_ping received 98304 bytes back
Round trip time was 0.331036 milliseconds in repetition 272
tcp_ping received 98304 bytes back
Round trip time was 0.263466 milliseconds in repetition 273
tcp_ping received 98304 bytes back
Round trip time was 0.266528 milliseconds in repetition 274
tcp_ping received 98304 bytes back
Round trip time was 0.299502 milliseconds in repetition 275
tcp_ping received 98304 bytes back
Round trip time was 0.272447 milliseconds in repetition 276
tcp_ping received 98304 bytes back
Round trip time was 0.264875 milliseconds in repetition 277
tcp_ping received 98304 bytes back
Round trip time was 0.263077 milliseconds in repetition 278
tcp_ping received 98304 bytes back
Round trip time was 0.264 milliseconds in repetition 279
tcp_ping received 98304 bytes back
Round trip time was 0.262108 milliseconds in repetition 280
tcp_ping received 98304 bytes back
Round trip time was 0.268039 milliseconds in repetition 281
tcp_ping received 98304 bytes back
Round trip time was 0.263439 milliseconds in repetition 282
tcp_ping received 98304 bytes back
Round trip time was 0.262036 milliseconds in repetition 283
tcp_ping received 98304 bytes back
Round trip time was 0.264018 milliseconds in repetition 284
tcp_ping received 98304 bytes back
Round trip time was 0.323145 milliseconds in repetition 285
tcp_ping received 98304 bytes back
Round trip time was 0.273886 milliseconds in repetition 286
tcp_ping received 98304 bytes back
Round trip time was 0.268173 milliseconds in repetition 287
tcp_ping received 98304 bytes back
Round trip time was 0.267757 milliseconds in repetition 288
tcp_ping received 98304 bytes back
Round trip time was 0.26181 milliseconds in repetition 289
tcp_ping received 98304 bytes back
Round trip time was 0.266649 milliseconds in repetition 290
tcp_ping received 98304 bytes back
Round trip time was 0.263561 milliseconds in repetition 291
tcp_ping received 98304 bytes back
Round trip time was 0.268596 milliseconds in repetition 292
tcp_ping received 98304 bytes back
Round trip time was 0.267112 milliseconds in repetition 293
tcp_ping received 98304 bytes back
Round trip time was 0.266531 milliseconds in repetition 294
tcp_ping received 98304 bytes back
Round trip time was 0.26294 milliseconds in repetition 295
tcp_ping received 98304 bytes back
Round trip time was 0.26259 milliseconds in repetition 296
tcp_ping received 98304 bytes back
Round trip time was 0.263486 milliseconds in repetition 297
tcp_ping received 98304 bytes back
Round trip time was 0.265439 milliseconds in repetition 298
tcp_ping received 98304 bytes back
Round trip time was 0.262777 milliseconds in repetition 299
tcp_ping received 98304 bytes back
Round trip time was 0.264979 milliseconds in repetition 300
tcp_ping received 98304 bytes back
Round trip time was 0.266062 milliseconds in repetition 301
tcp_ping received 98304 bytes back
Round trip time was 0.263426 milliseconds in repetition 302
tcp_ping received 98304 bytes back
Round trip time was 0.276886 milliseconds in repetition 303
tcp_ping received 98304 bytes back
Round trip time was 0.266939 milliseconds in repetition 304
tcp_ping received 98304 bytes back
Round trip time was 0.26706 milliseconds in repetition 305
tcp_ping received 98304 bytes back
Round trip time was 0.263603 milliseconds in repetition 306
tcp_ping received 98304 bytes back
Round trip time was 0.262689 milliseconds in repetition 307
tcp_ping received 98304 bytes back
Round trip time was 0.263904 milliseconds in repetition 308
tcp_ping received 98304 bytes back
Round trip time was 0.277874 milliseconds in repetition 309
tcp_ping received 98304 bytes back
Round trip time was 0.265633 milliseconds in repetition 310
tcp_ping received 98304 bytes back
Round trip time was 0.269715 milliseconds in repetition 311
tcp_ping received 98304 bytes back
Round trip time was 0.28725 milliseconds in repetition 312
tcp_ping received 98304 bytes back
Round trip time was 0.265869 milliseconds in repetition 313
tcp_ping received 98304 bytes back
Round trip time was 0.263109 milliseconds in repetition 314
tcp_ping received 98304 bytes back
Round trip time was 0.267632 milliseconds in repetition 315
tcp_ping received 98304 bytes back
Round trip time was 0.265896 milliseconds in repetition 316
tcp_ping received 98304 bytes back
Round trip time was 0.269543 milliseconds in repetition 317
tcp_ping received 98304 bytes back
Round trip time was 0.262338 milliseconds in repetition 318
tcp_ping received 98304 bytes back
Round trip time was 0.26837 milliseconds in repetition 319
tcp_ping received 98304 bytes back
Round trip time was 0.262814 milliseconds in repetition 320
tcp_ping received 98304 bytes back
Round trip time was 0.265991 milliseconds in repetition 321
tcp_ping received 98304 bytes back
Round trip time was 0.263311 milliseconds in repetition 322
tcp_ping received 98304 bytes back
Round trip time was 0.261382 milliseconds in repetition 323
tcp_ping received 98304 bytes back
Round trip time was 0.268398 milliseconds in repetition 324
tcp_ping received 98304 bytes back
Round trip time was 0.266414 milliseconds in repetition 325
tcp_ping received 98304 bytes back
Round trip time was 0.263779 milliseconds in repetition 326
tcp_ping received 98304 bytes back
Round trip time was 0.264268 milliseconds in repetition 327
tcp_ping received 98304 bytes back
Round trip time was 0.266572 milliseconds in repetition 328
tcp_ping received 98304 bytes back
Round trip time was 0.262797 milliseconds in repetition 329
tcp_ping received 98304 bytes back
Round trip time was 0.265907 milliseconds in repetition 330
tcp_ping received 98304 bytes back
Round trip time was 0.266608 milliseconds in repetition 331
tcp_ping received 98304 bytes back
Round trip time was 0.264106 milliseconds in repetition 332
tcp_ping received 98304 bytes back
Round trip time was 0.264991 milliseconds in repetition 333
tcp_ping received 98304 bytes back
Round trip time was 0.264846 milliseconds in repetition 334
tcp_ping received 98304 bytes back
Round trip time was 0.263424 milliseconds in repetition 335
tcp_ping received 98304 bytes back
Round trip time was 0.263095 milliseconds in repetition 336
tcp_ping received 98304 bytes back
Round trip time was 0.262449 milliseconds in repetition 337
tcp_ping received 98304 bytes back
Round trip time was 0.263046 milliseconds in repetition 338
tcp_ping received 98304 bytes back
Round trip time was 0.265192 milliseconds in repetition 339
tcp_ping received 98304 bytes back
Round trip time was 0.263635 milliseconds in repetition 340
tcp_ping received 98304 bytes back
Round trip time was 0.264607 milliseconds in repetition 341
tcp_ping received 98304 bytes back
Round trip time was 0.265142 milliseconds in repetition 342
tcp_ping received 98304 bytes back
Round trip time was 0.261853 milliseconds in repetition 343
tcp_ping received 98304 bytes back
Round trip time was 0.262379 milliseconds in repetition 344
tcp_ping received 98304 bytes back
Round trip time was 0.36364 milliseconds in repetition 345
tcp_ping received 98304 bytes back
Round trip time was 0.459521 milliseconds in repetition 346
tcp_ping received 98304 bytes back
Round trip time was 0.372613 milliseconds in repetition 347
tcp_ping received 98304 bytes back
Round trip time was 0.275186 milliseconds in repetition 348
tcp_ping received 98304 bytes back
Round trip time was 0.273175 milliseconds in repetition 349
tcp_ping received 98304 bytes back
Round trip time was 0.281759 milliseconds in repetition 350
tcp_ping received 98304 bytes back
Round trip time was 0.263537 milliseconds in repetition 351
tcp_ping received 98304 bytes back
Round trip time was 0.266774 milliseconds in repetition 352
tcp_ping received 98304 bytes back
Round trip time was 0.26765 milliseconds in repetition 353
tcp_ping received 98304 bytes back
Round trip time was 0.265813 milliseconds in repetition 354
tcp_ping received 98304 bytes back
Round trip time was 0.268825 milliseconds in repetition 355
tcp_ping received 98304 bytes back
Round trip time was 0.263332 milliseconds in repetition 356
tcp_ping received 98304 bytes back
Round trip time was 0.282329 milliseconds in repetition 357
tcp_ping received 98304 bytes back
Round trip time was 0.265383 milliseconds in repetition 358
tcp_ping received 98304 bytes back
Round trip time was 0.263753 milliseconds in repetition 359
tcp_ping received 98304 bytes back
Round trip time was 0.263997 milliseconds in repetition 360
tcp_ping received 98304 bytes back
Round trip time was 0.262191 milliseconds in repetition 361
tcp_ping received 98304 bytes back
Round trip time was 0.265714 milliseconds in repetition 362
tcp_ping received 98304 bytes back
Round trip time was 0.265765 milliseconds in repetition 363
tcp_ping received 98304 bytes back
Round trip time was 0.269495 milliseconds in repetition 364
tcp_ping received 98304 bytes back
Round trip time was 0.266671 milliseconds in repetition 365
tcp_ping received 98304 bytes back
Round trip time was 0.265208 milliseconds in repetition 366
tcp_ping received 98304 bytes back
Round trip time was 0.262848 milliseconds in repetition 367
tcp_ping received 98304 bytes back
Round trip time was 0.266245 milliseconds in repetition 368
tcp_ping received 98304 bytes back
Round trip time was 0.277808 milliseconds in repetition 369
tcp_ping received 98304 bytes back
Round trip time was 0.267067 milliseconds in repetition 370
tcp_ping received 98304 bytes back
Round trip time was 0.262057 milliseconds in repetition 371
tcp_ping received 98304 bytes back
Round trip time was 0.266345 milliseconds in repetition 372
tcp_ping received 98304 bytes back
Round trip time was 0.26217 milliseconds in repetition 373
tcp_ping received 98304 bytes back
Round trip time was 0.267252 milliseconds in repetition 374
tcp_ping received 98304 bytes back
Round trip time was 0.262684 milliseconds in repetition 375
tcp_ping received 98304 bytes back
Round trip time was 0.265565 milliseconds in repetition 376
tcp_ping received 98304 bytes back
Round trip time was 0.267457 milliseconds in repetition 377
tcp_ping received 98304 bytes back
Round trip time was 0.266448 milliseconds in repetition 378
tcp_ping received 98304 bytes back
Round trip time was 0.268819 milliseconds in repetition 379
tcp_ping received 98304 bytes back
Round trip time was 0.265947 milliseconds in repetition 380
tcp_ping received 98304 bytes back
Round trip time was 0.263227 milliseconds in repetition 381
tcp_ping received 98304 bytes back
Round trip time was 0.26527 milliseconds in repetition 382
tcp_ping received 98304 bytes back
Round trip time was 0.264392 milliseconds in repetition 383
tcp_ping received 98304 bytes back
Round trip time was 0.291839 milliseconds in repetition 384
tcp_ping received 98304 bytes back
Round trip time was 0.266517 milliseconds in repetition 385
tcp_ping received 98304 bytes back
Round trip time was 0.270574 milliseconds in repetition 386
tcp_ping received 98304 bytes back
Round trip time was 0.268531 milliseconds in repetition 387
tcp_ping received 98304 bytes back
Round trip time was 0.264258 milliseconds in repetition 388
tcp_ping received 98304 bytes back
Round trip time was 0.425452 milliseconds in repetition 389
tcp_ping received 98304 bytes back
Round trip time was 0.355147 milliseconds in repetition 390
tcp_ping received 98304 bytes back
Round trip time was 0.272929 milliseconds in repetition 391
tcp_ping received 98304 bytes back
Round trip time was 0.269026 milliseconds in repetition 392
tcp_ping received 98304 bytes back
Round trip time was 0.263334 milliseconds in repetition 393
tcp_ping received 98304 bytes back
Round trip time was 0.263209 milliseconds in repetition 394
tcp_ping received 98304 bytes back
Round trip time was 0.263061 milliseconds in repetition 395
tcp_ping received 98304 bytes back
Round trip time was 0.262659 milliseconds in repetition 396
tcp_ping received 98304 bytes back
Round trip time was 0.263644 milliseconds in repetition 397
tcp_ping received 98304 bytes back
Round trip time was 0.264099 milliseconds in repetition 398
tcp_ping received 98304 bytes back
Round trip time was 0.267353 milliseconds in repetition 399
tcp_ping received 98304 bytes back
Round trip time was 0.263897 milliseconds in repetition 400
tcp_ping received 98304 bytes back
Round trip time was 0.330225 milliseconds in repetition 401
tcp_ping received 98304 bytes back
Round trip time was 0.295617 milliseconds in repetition 402
tcp_ping received 98304 bytes back
Round trip time was 0.266099 milliseconds in repetition 403
tcp_ping received 98304 bytes back
Round trip time was 0.26561 milliseconds in repetition 404
tcp_ping received 98304 bytes back
Round trip time was 0.265746 milliseconds in repetition 405
tcp_ping received 98304 bytes back
Round trip time was 0.26441 milliseconds in repetition 406
tcp_ping received 98304 bytes back
Round trip time was 0.264451 milliseconds in repetition 407
tcp_ping received 98304 bytes back
Round trip time was 0.262371 milliseconds in repetition 408
tcp_ping received 98304 bytes back
Round trip time was 0.262094 milliseconds in repetition 409
tcp_ping received 98304 bytes back
Round trip time was 0.263127 milliseconds in repetition 410
tcp_ping received 98304 bytes back
Round trip time was 0.261967 milliseconds in repetition 411
tcp_ping received 98304 bytes back
Round trip time was 0.263036 milliseconds in repetition 412
tcp_ping received 98304 bytes back
Round trip time was 0.265274 milliseconds in repetition 413
tcp_ping received 98304 bytes back
Round trip time was 0.263993 milliseconds in repetition 414
tcp_ping received 98304 bytes back
Round trip time was 0.265785 milliseconds in repetition 415
tcp_ping received 98304 bytes back
Round trip time was 0.265387 milliseconds in repetition 416
tcp_ping received 98304 bytes back
Round trip time was 0.264229 milliseconds in repetition 417
tcp_ping received 98304 bytes back
Round trip time was 0.270777 milliseconds in repetition 418
tcp_ping received 98304 bytes back
Round trip time was 0.300744 milliseconds in repetition 419
tcp_ping received 98304 bytes back
Round trip time was 0.275839 milliseconds in repetition 420
tcp_ping received 98304 bytes back
Round trip time was 0.26494 milliseconds in repetition 421
tcp_ping received 98304 bytes back
Round trip time was 0.264689 milliseconds in repetition 422
tcp_ping received 98304 bytes back
Round trip time was 0.262625 milliseconds in repetition 423
tcp_ping received 98304 bytes back
Round trip time was 0.265579 milliseconds in repetition 424
tcp_ping received 98304 bytes back
Round trip time was 0.263723 milliseconds in repetition 425
tcp_ping received 98304 bytes back
Round trip time was 0.263875 milliseconds in repetition 426
tcp_ping received 98304 bytes back
Round trip time was 0.278023 milliseconds in repetition 427
tcp_ping received 98304 bytes back
Round trip time was 0.270693 milliseconds in repetition 428
tcp_ping received 98304 bytes back
Round trip time was 0.262572 milliseconds in repetition 429
tcp_ping received 98304 bytes back
Round trip time was 0.271512 milliseconds in repetition 430
tcp_ping received 98304 bytes back
Round trip time was 0.265408 milliseconds in repetition 431
tcp_ping received 98304 bytes back
Round trip time was 0.407295 milliseconds in repetition 432
tcp_ping received 98304 bytes back
Round trip time was 0.32076 milliseconds in repetition 433
tcp_ping received 98304 bytes back
Round trip time was 0.264852 milliseconds in repetition 434
tcp_ping received 98304 bytes back
Round trip time was 0.267598 milliseconds in repetition 435
tcp_ping received 98304 bytes back
Round trip time was 0.267984 milliseconds in repetition 436
tcp_ping received 98304 bytes back
Round trip time was 0.262962 milliseconds in repetition 437
tcp_ping received 98304 bytes back
Round trip time was 0.269341 milliseconds in repetition 438
tcp_ping received 98304 bytes back
Round trip time was 0.262964 milliseconds in repetition 439
tcp_ping received 98304 bytes back
Round trip time was 0.262479 milliseconds in repetition 440
tcp_ping received 98304 bytes back
Round trip time was 0.266421 milliseconds in repetition 441
tcp_ping received 98304 bytes back
Round trip time was 0.262906 milliseconds in repetition 442
tcp_ping received 98304 bytes back
Round trip time was 0.265327 milliseconds in repetition 443
tcp_ping received 98304 bytes back
Round trip time was 0.265546 milliseconds in repetition 444
tcp_ping received 98304 bytes back
Round trip time was 0.263087 milliseconds in repetition 445
tcp_ping received 98304 bytes back
Round trip time was 0.262039 milliseconds in repetition 446
tcp_ping received 98304 bytes back
Round trip time was 0.264514 milliseconds in repetition 447
tcp_ping received 98304 bytes back
Round trip time was 0.263326 milliseconds in repetition 448
tcp_ping received 98304 bytes back
Round trip time was 0.263463 milliseconds in repetition 449
tcp_ping received 98304 bytes back
Round trip time was 0.263677 milliseconds in repetition 450
tcp_ping received 98304 bytes back
Round trip time was 0.263017 milliseconds in repetition 451
tcp_ping received 98304 bytes back
Round trip time was 0.26534 milliseconds in repetition 452
tcp_ping received 98304 bytes back
Round trip time was 0.262455 milliseconds in repetition 453
tcp_ping received 98304 bytes back
Round trip time was 0.264364 milliseconds in repetition 454
tcp_ping received 98304 bytes back
Round trip time was 0.296395 milliseconds in repetition 455
tcp_ping received 98304 bytes back
Round trip time was 0.267124 milliseconds in repetition 456
tcp_ping received 98304 bytes back
Round trip time was 0.264306 milliseconds in repetition 457
tcp_ping received 98304 bytes back
Round trip time was 0.265924 milliseconds in repetition 458
tcp_ping received 98304 bytes back
Round trip time was 0.280514 milliseconds in repetition 459
tcp_ping received 98304 bytes back
Round trip time was 0.374146 milliseconds in repetition 460
tcp_ping received 98304 bytes back
Round trip time was 0.342514 milliseconds in repetition 461
tcp_ping received 98304 bytes back
Round trip time was 0.301187 milliseconds in repetition 462
tcp_ping received 98304 bytes back
Round trip time was 0.290749 milliseconds in repetition 463
tcp_ping received 98304 bytes back
Round trip time was 0.273229 milliseconds in repetition 464
tcp_ping received 98304 bytes back
Round trip time was 0.262989 milliseconds in repetition 465
tcp_ping received 98304 bytes back
Round trip time was 0.265696 milliseconds in repetition 466
tcp_ping received 98304 bytes back
Round trip time was 0.265665 milliseconds in repetition 467
tcp_ping received 98304 bytes back
Round trip time was 0.273892 milliseconds in repetition 468
tcp_ping received 98304 bytes back
Round trip time was 0.265916 milliseconds in repetition 469
tcp_ping received 98304 bytes back
Round trip time was 0.277647 milliseconds in repetition 470
tcp_ping received 98304 bytes back
Round trip time was 0.292948 milliseconds in repetition 471
tcp_ping received 98304 bytes back
Round trip time was 0.262398 milliseconds in repetition 472
tcp_ping received 98304 bytes back
Round trip time was 0.263258 milliseconds in repetition 473
tcp_ping received 98304 bytes back
Round trip time was 0.265258 milliseconds in repetition 474
tcp_ping received 98304 bytes back
Round trip time was 0.276769 milliseconds in repetition 475
tcp_ping received 98304 bytes back
Round trip time was 0.268853 milliseconds in repetition 476
tcp_ping received 98304 bytes back
Round trip time was 0.266426 milliseconds in repetition 477
tcp_ping received 98304 bytes back
Round trip time was 0.283262 milliseconds in repetition 478
tcp_ping received 98304 bytes back
Round trip time was 0.268434 milliseconds in repetition 479
tcp_ping received 98304 bytes back
Round trip time was 0.263668 milliseconds in repetition 480
tcp_ping received 98304 bytes back
Round trip time was 0.264259 milliseconds in repetition 481
tcp_ping received 98304 bytes back
Round trip time was 0.276206 milliseconds in repetition 482
tcp_ping received 98304 bytes back
Round trip time was 0.265639 milliseconds in repetition 483
tcp_ping received 98304 bytes back
Round trip time was 0.263885 milliseconds in repetition 484
tcp_ping received 98304 bytes back
Round trip time was 0.266129 milliseconds in repetition 485
tcp_ping received 98304 bytes back
Round trip time was 0.297863 milliseconds in repetition 486
tcp_ping received 98304 bytes back
Round trip time was 0.263405 milliseconds in repetition 487
tcp_ping received 98304 bytes back
Round trip time was 0.274325 milliseconds in repetition 488
tcp_ping received 98304 bytes back
Round trip time was 0.319752 milliseconds in repetition 489
tcp_ping received 98304 bytes back
Round trip time was 0.275566 milliseconds in repetition 490
tcp_ping received 98304 bytes back
Round trip time was 0.264545 milliseconds in repetition 491
tcp_ping received 98304 bytes back
Round trip time was 0.264344 milliseconds in repetition 492
tcp_ping received 98304 bytes back
Round trip time was 0.268263 milliseconds in repetition 493
tcp_ping received 98304 bytes back
Round trip time was 0.26606 milliseconds in repetition 494
tcp_ping received 98304 bytes back
Round trip time was 0.279257 milliseconds in repetition 495
tcp_ping received 98304 bytes back
Round trip time was 0.262556 milliseconds in repetition 496
tcp_ping received 98304 bytes back
Round trip time was 0.26313 milliseconds in repetition 497
tcp_ping received 98304 bytes back
Round trip time was 0.261695 milliseconds in repetition 498
tcp_ping received 98304 bytes back
Round trip time was 0.283069 milliseconds in repetition 499
tcp_ping received 98304 bytes back
Round trip time was 0.277598 milliseconds in repetition 500
tcp_ping received 98304 bytes back
Round trip time was 0.26742 milliseconds in repetition 501

 ... clock resolution was 1e-06
TCP Ping:  Statistics over 501 repetitions of 98304 byte messages

RTT : percentile 10: 0.262964, median: 0.266528, percentile 90: 0.347642, average: 0.285616, variance: 0.00198785

RTT histogram:
0.261118 302
0.275323 87
0.289527 22
0.303731 14
0.317935 10
0.33214 12
0.346344 5
0.360548 9
0.374752 8
0.388957 9
0.403161 4
0.417365 10
0.431569 1
0.445774 3
0.459978 1
0.474182 1
0.488386 0
0.502591 0
0.516795 1
0.530999 1
0.545203 1

   median Throughput : 737664 KB/s   overall Throughput : 688364 KB/s

