TCP Ping trying to connect to server localhost (127.0.0.1) on port 1491

... connected to Pong server: asking for 501 repetitions of 256 bytes TCP messages
 ... Pong server agreed :-)
tcp_ping received 256 bytes back
Round trip time was 0.063453 milliseconds in repetition 1
tcp_ping received 256 bytes back
Round trip time was 0.046018 milliseconds in repetition 2
tcp_ping received 256 bytes back
Round trip time was 0.043163 milliseconds in repetition 3
tcp_ping received 256 bytes back
Round trip time was 0.043226 milliseconds in repetition 4
tcp_ping received 256 bytes back
Round trip time was 0.045009 milliseconds in repetition 5
tcp_ping received 256 bytes back
Round trip time was 0.044119 milliseconds in repetition 6
tcp_ping received 256 bytes back
Round trip time was 0.048067 milliseconds in repetition 7
tcp_ping received 256 bytes back
Round trip time was 0.040413 milliseconds in repetition 8
tcp_ping received 256 bytes back
Round trip time was 0.038948 milliseconds in repetition 9
tcp_ping received 256 bytes back
Round trip time was 0.038576 milliseconds in repetition 10
tcp_ping received 256 bytes back
Round trip time was 0.039025 milliseconds in repetition 11
tcp_ping received 256 bytes back
Round trip time was 0.052066 milliseconds in repetition 12
tcp_ping received 256 bytes back
Round trip time was 0.052543 milliseconds in repetition 13
tcp_ping received 256 bytes back
Round trip time was 0.042435 milliseconds in repetition 14
tcp_ping received 256 bytes back
Round trip time was 0.038668 milliseconds in repetition 15
tcp_ping received 256 bytes back
Round trip time was 0.038432 milliseconds in repetition 16
tcp_ping received 256 bytes back
Round trip time was 0.038568 milliseconds in repetition 17
tcp_ping received 256 bytes back
Round trip time was 0.03855 milliseconds in repetition 18
tcp_ping received 256 bytes back
Round trip time was 0.038537 milliseconds in repetition 19
tcp_ping received 256 bytes back
Round trip time was 0.048117 milliseconds in repetition 20
tcp_ping received 256 bytes back
Round trip time was 0.045572 milliseconds in repetition 21
tcp_ping received 256 bytes back
Round trip time was 0.039368 milliseconds in repetition 22
tcp_ping received 256 bytes back
Round trip time was 0.038745 milliseconds in repetition 23
tcp_ping received 256 bytes back
Round trip time was 0.038859 milliseconds in repetition 24
tcp_ping received 256 bytes back
Round trip time was 0.038407 milliseconds in repetition 25
tcp_ping received 256 bytes back
Round trip time was 0.03917 milliseconds in repetition 26
tcp_ping received 256 bytes back
Round trip time was 0.038592 milliseconds in repetition 27
tcp_ping received 256 bytes back
Round trip time was 0.03847 milliseconds in repetition 28
tcp_ping received 256 bytes back
Round trip time was 0.038613 milliseconds in repetition 29
tcp_ping received 256 bytes back
Round trip time was 0.03896 milliseconds in repetition 30
tcp_ping received 256 bytes back
Round trip time was 0.038662 milliseconds in repetition 31
tcp_ping received 256 bytes back
Round trip time was 0.038566 milliseconds in repetition 32
tcp_ping received 256 bytes back
Round trip time was 0.038376 milliseconds in repetition 33
tcp_ping received 256 bytes back
Round trip time was 0.038916 milliseconds in repetition 34
tcp_ping received 256 bytes back
Round trip time was 0.038621 milliseconds in repetition 35
tcp_ping received 256 bytes back
Round trip time was 0.03831 milliseconds in repetition 36
tcp_ping received 256 bytes back
Round trip time was 0.038371 milliseconds in repetition 37
tcp_ping received 256 bytes back
Round trip time was 0.038493 milliseconds in repetition 38
tcp_ping received 256 bytes back
Round trip time was 0.038696 milliseconds in repetition 39
tcp_ping received 256 bytes back
Round trip time was 0.038629 milliseconds in repetition 40
tcp_ping received 256 bytes back
Round trip time was 0.038404 milliseconds in repetition 41
tcp_ping received 256 bytes back
Round trip time was 0.038795 milliseconds in repetition 42
tcp_ping received 256 bytes back
Round trip time was 0.038449 milliseconds in repetition 43
tcp_ping received 256 bytes back
Round trip time was 0.061579 milliseconds in repetition 44
tcp_ping received 256 bytes back
Round trip time was 0.050655 milliseconds in repetition 45
tcp_ping received 256 bytes back
Round trip time was 0.046555 milliseconds in repetition 46
tcp_ping received 256 bytes back
Round trip time was 0.039257 milliseconds in repetition 47
tcp_ping received 256 bytes back
Round trip time was 0.038739 milliseconds in repetition 48
tcp_ping received 256 bytes back
Round trip time was 0.038783 milliseconds in repetition 49
tcp_ping received 256 bytes back
Round trip time was 0.038669 milliseconds in repetition 50
tcp_ping received 256 bytes back
Round trip time was 0.038654 milliseconds in repetition 51
tcp_ping received 256 bytes back
Round trip time was 0.038641 milliseconds in repetition 52
tcp_ping received 256 bytes back
Round trip time was 0.03917 milliseconds in repetition 53
tcp_ping received 256 bytes back
Round trip time was 0.038617 milliseconds in repetition 54
tcp_ping received 256 bytes back
Round trip time was 0.038917 milliseconds in repetition 55
tcp_ping received 256 bytes back
Round trip time was 0.040971 milliseconds in repetition 56
tcp_ping received 256 bytes back
Round trip time was 0.051986 milliseconds in repetition 57
tcp_ping received 256 bytes back
Round trip time was 0.044491 milliseconds in repetition 58
tcp_ping received 256 bytes back
Round trip time was 0.042073 milliseconds in repetition 59
tcp_ping received 256 bytes back
Round trip time was 0.039773 milliseconds in repetition 60
tcp_ping received 256 bytes back
Round trip time was 0.038493 milliseconds in repetition 61
tcp_ping received 256 bytes back
Round trip time was 0.038664 milliseconds in repetition 62
tcp_ping received 256 bytes back
Round trip time was 0.038358 milliseconds in repetition 63
tcp_ping received 256 bytes back
Round trip time was 0.03856 milliseconds in repetition 64
tcp_ping received 256 bytes back
Round trip time was 0.038566 milliseconds in repetition 65
tcp_ping received 256 bytes back
Round trip time was 0.038596 milliseconds in repetition 66
tcp_ping received 256 bytes back
Round trip time was 0.038504 milliseconds in repetition 67
tcp_ping received 256 bytes back
Round trip time was 0.0387 milliseconds in repetition 68
tcp_ping received 256 bytes back
Round trip time was 0.041771 milliseconds in repetition 69
tcp_ping received 256 bytes back
Round trip time was 0.045778 milliseconds in repetition 70
tcp_ping received 256 bytes back
Round trip time was 0.044372 milliseconds in repetition 71
tcp_ping received 256 bytes back
Round trip time was 0.039836 milliseconds in repetition 72
tcp_ping received 256 bytes back
Round trip time was 0.038479 milliseconds in repetition 73
tcp_ping received 256 bytes back
Round trip time was 0.039019 milliseconds in repetition 74
tcp_ping received 256 bytes back
Round trip time was 0.038652 milliseconds in repetition 75
tcp_ping received 256 bytes back
Round trip time was 0.039707 milliseconds in repetition 76
tcp_ping received 256 bytes back
Round trip time was 0.039798 milliseconds in repetition 77
tcp_ping received 256 bytes back
Round trip time was 0.038747 milliseconds in repetition 78
tcp_ping received 256 bytes back
Round trip time was 0.038748 milliseconds in repetition 79
tcp_ping received 256 bytes back
Round trip time was 0.038983 milliseconds in repetition 80
tcp_ping received 256 bytes back
Round trip time was 0.038731 milliseconds in repetition 81
tcp_ping received 256 bytes back
Round trip time was 0.038515 milliseconds in repetition 82
tcp_ping received 256 bytes back
Round trip time was 0.039077 milliseconds in repetition 83
tcp_ping received 256 bytes back
Round trip time was 0.038905 milliseconds in repetition 84
tcp_ping received 256 bytes back
Round trip time was 0.038711 milliseconds in repetition 85
tcp_ping received 256 bytes back
Round trip time was 0.038707 milliseconds in repetition 86
tcp_ping received 256 bytes back
Round trip time was 0.038558 milliseconds in repetition 87
tcp_ping received 256 bytes back
Round trip time was 0.038336 milliseconds in repetition 88
tcp_ping received 256 bytes back
Round trip time was 0.047425 milliseconds in repetition 89
tcp_ping received 256 bytes back
Round trip time was 0.039529 milliseconds in repetition 90
tcp_ping received 256 bytes back
Round trip time was 0.039377 milliseconds in repetition 91
tcp_ping received 256 bytes back
Round trip time was 0.038968 milliseconds in repetition 92
tcp_ping received 256 bytes back
Round trip time was 0.038982 milliseconds in repetition 93
tcp_ping received 256 bytes back
Round trip time was 0.039693 milliseconds in repetition 94
tcp_ping received 256 bytes back
Round trip time was 0.039012 milliseconds in repetition 95
tcp_ping received 256 bytes back
Round trip time was 0.039224 milliseconds in repetition 96
tcp_ping received 256 bytes back
Round trip time was 0.038963 milliseconds in repetition 97
tcp_ping received 256 bytes back
Round trip time was 0.039231 milliseconds in repetition 98
tcp_ping received 256 bytes back
Round trip time was 0.039135 milliseconds in repetition 99
tcp_ping received 256 bytes back
Round trip time was 0.039437 milliseconds in repetition 100
tcp_ping received 256 bytes back
Round trip time was 0.03839 milliseconds in repetition 101
tcp_ping received 256 bytes back
Round trip time was 0.038488 milliseconds in repetition 102
tcp_ping received 256 bytes back
Round trip time was 0.038545 milliseconds in repetition 103
tcp_ping received 256 bytes back
Round trip time was 0.038636 milliseconds in repetition 104
tcp_ping received 256 bytes back
Round trip time was 0.039121 milliseconds in repetition 105
tcp_ping received 256 bytes back
Round trip time was 0.038749 milliseconds in repetition 106
tcp_ping received 256 bytes back
Round trip time was 0.038071 milliseconds in repetition 107
tcp_ping received 256 bytes back
Round trip time was 0.039081 milliseconds in repetition 108
tcp_ping received 256 bytes back
Round trip time was 0.03891 milliseconds in repetition 109
tcp_ping received 256 bytes back
Round trip time was 0.038432 milliseconds in repetition 110
tcp_ping received 256 bytes back
Round trip time was 0.03834 milliseconds in repetition 111
tcp_ping received 256 bytes back
Round trip time was 0.038402 milliseconds in repetition 112
tcp_ping received 256 bytes back
Round trip time was 0.038238 milliseconds in repetition 113
tcp_ping received 256 bytes back
Round trip time was 0.038497 milliseconds in repetition 114
tcp_ping received 256 bytes back
Round trip time was 0.038392 milliseconds in repetition 115
tcp_ping received 256 bytes back
Round trip time was 0.038378 milliseconds in repetition 116
tcp_ping received 256 bytes back
Round trip time was 0.0383 milliseconds in repetition 117
tcp_ping received 256 bytes back
Round trip time was 0.038247 milliseconds in repetition 118
tcp_ping received 256 bytes back
Round trip time was 0.03854 milliseconds in repetition 119
tcp_ping received 256 bytes back
Round trip time was 0.039074 milliseconds in repetition 120
tcp_ping received 256 bytes back
Round trip time was 0.038317 milliseconds in repetition 121
tcp_ping received 256 bytes back
Round trip time was 0.03874 milliseconds in repetition 122
tcp_ping received 256 bytes back
Round trip time was 0.038579 milliseconds in repetition 123
tcp_ping received 256 bytes back
Round trip time was 0.038537 milliseconds in repetition 124
tcp_ping received 256 bytes back
Round trip time was 0.038992 milliseconds in repetition 125
tcp_ping received 256 bytes back
Round trip time was 0.038696 milliseconds in repetition 126
tcp_ping received 256 bytes back
Round trip time was 0.038705 milliseconds in repetition 127
tcp_ping received 256 bytes back
Round trip time was 0.039329 milliseconds in repetition 128
tcp_ping received 256 bytes back
Round trip time was 0.039169 milliseconds in repetition 129
tcp_ping received 256 bytes back
Round trip time was 0.039182 milliseconds in repetition 130
tcp_ping received 256 bytes back
Round trip time was 0.039035 milliseconds in repetition 131
tcp_ping received 256 bytes back
Round trip time was 0.038992 milliseconds in repetition 132
tcp_ping received 256 bytes back
Round trip time was 0.062976 milliseconds in repetition 133
tcp_ping received 256 bytes back
Round trip time was 0.04481 milliseconds in repetition 134
tcp_ping received 256 bytes back
Round trip time was 0.047217 milliseconds in repetition 135
tcp_ping received 256 bytes back
Round trip time was 0.051353 milliseconds in repetition 136
tcp_ping received 256 bytes back
Round trip time was 0.072435 milliseconds in repetition 137
tcp_ping received 256 bytes back
Round trip time was 0.134952 milliseconds in repetition 138
tcp_ping received 256 bytes back
Round trip time was 0.06232 milliseconds in repetition 139
tcp_ping received 256 bytes back
Round trip time was 0.061387 milliseconds in repetition 140
tcp_ping received 256 bytes back
Round trip time was 0.049399 milliseconds in repetition 141
tcp_ping received 256 bytes back
Round trip time was 0.047312 milliseconds in repetition 142
tcp_ping received 256 bytes back
Round trip time was 0.054602 milliseconds in repetition 143
tcp_ping received 256 bytes back
Round trip time was 0.043818 milliseconds in repetition 144
tcp_ping received 256 bytes back
Round trip time was 0.039451 milliseconds in repetition 145
tcp_ping received 256 bytes back
Round trip time was 0.046535 milliseconds in repetition 146
tcp_ping received 256 bytes back
Round trip time was 0.043339 milliseconds in repetition 147
tcp_ping received 256 bytes back
Round trip time was 0.038697 milliseconds in repetition 148
tcp_ping received 256 bytes back
Round trip time was 0.039274 milliseconds in repetition 149
tcp_ping received 256 bytes back
Round trip time was 0.061337 milliseconds in repetition 150
tcp_ping received 256 bytes back
Round trip time was 0.045295 milliseconds in repetition 151
tcp_ping received 256 bytes back
Round trip time was 0.038757 milliseconds in repetition 152
tcp_ping received 256 bytes back
Round trip time was 0.038381 milliseconds in repetition 153
tcp_ping received 256 bytes back
Round trip time was 0.038186 milliseconds in repetition 154
tcp_ping received 256 bytes back
Round trip time was 0.03832 milliseconds in repetition 155
tcp_ping received 256 bytes back
Round trip time was 0.038656 milliseconds in repetition 156
tcp_ping received 256 bytes back
Round trip time was 0.038295 milliseconds in repetition 157
tcp_ping received 256 bytes back
Round trip time was 0.038694 milliseconds in repetition 158
tcp_ping received 256 bytes back
Round trip time was 0.0438 milliseconds in repetition 159
tcp_ping received 256 bytes back
Round trip time was 0.041761 milliseconds in repetition 160
tcp_ping received 256 bytes back
Round trip time was 0.039818 milliseconds in repetition 161
tcp_ping received 256 bytes back
Round trip time was 0.038538 milliseconds in repetition 162
tcp_ping received 256 bytes back
Round trip time was 0.038295 milliseconds in repetition 163
tcp_ping received 256 bytes back
Round trip time was 0.038509 milliseconds in repetition 164
tcp_ping received 256 bytes back
Round trip time was 0.040139 milliseconds in repetition 165
tcp_ping received 256 bytes back
Round trip time was 0.041011 milliseconds in repetition 166
tcp_ping received 256 bytes back
Round trip time was 0.038718 milliseconds in repetition 167
tcp_ping received 256 bytes back
Round trip time was 0.038285 milliseconds in repetition 168
tcp_ping received 256 bytes back
Round trip time was 0.038717 milliseconds in repetition 169
tcp_ping received 256 bytes back
Round trip time was 0.038351 milliseconds in repetition 170
tcp_ping received 256 bytes back
Round trip time was 0.038497 milliseconds in repetition 171
tcp_ping received 256 bytes back
Round trip time was 0.038518 milliseconds in repetition 172
tcp_ping received 256 bytes back
Round trip time was 0.038673 milliseconds in repetition 173
tcp_ping received 256 bytes back
Round trip time was 0.053479 milliseconds in repetition 174
tcp_ping received 256 bytes back
Round trip time was 0.065587 milliseconds in repetition 175
tcp_ping received 256 bytes back
Round trip time was 0.052429 milliseconds in repetition 176
tcp_ping received 256 bytes back
Round trip time was 0.067423 milliseconds in repetition 177
tcp_ping received 256 bytes back
Round trip time was 0.052745 milliseconds in repetition 178
tcp_ping received 256 bytes back
Round trip time was 0.03975 milliseconds in repetition 179
tcp_ping received 256 bytes back
Round trip time was 0.069262 milliseconds in repetition 180
tcp_ping received 256 bytes back
Round trip time was 0.052623 milliseconds in repetition 181
tcp_ping received 256 bytes back
Round trip time was 0.056513 milliseconds in repetition 182
tcp_ping received 256 bytes back
Round trip time was 0.061487 milliseconds in repetition 183
tcp_ping received 256 bytes back
Round trip time was 0.052987 milliseconds in repetition 184
tcp_ping received 256 bytes back
Round trip time was 0.051791 milliseconds in repetition 185
tcp_ping received 256 bytes back
Round trip time was 0.051333 milliseconds in repetition 186
tcp_ping received 256 bytes back
Round trip time was 0.043278 milliseconds in repetition 187
tcp_ping received 256 bytes back
Round trip time was 0.040038 milliseconds in repetition 188
tcp_ping received 256 bytes back
Round trip time was 0.040552 milliseconds in repetition 189
tcp_ping received 256 bytes back
Round trip time was 0.040962 milliseconds in repetition 190
tcp_ping received 256 bytes back
Round trip time was 0.039177 milliseconds in repetition 191
tcp_ping received 256 bytes back
Round trip time was 0.041407 milliseconds in repetition 192
tcp_ping received 256 bytes back
Round trip time was 0.040374 milliseconds in repetition 193
tcp_ping received 256 bytes back
Round trip time was 0.041372 milliseconds in repetition 194
tcp_ping received 256 bytes back
Round trip time was 0.040781 milliseconds in repetition 195
tcp_ping received 256 bytes back
Round trip time was 0.066653 milliseconds in repetition 196
tcp_ping received 256 bytes back
Round trip time was 0.109327 milliseconds in repetition 197
tcp_ping received 256 bytes back
Round trip time was 0.049827 milliseconds in repetition 198
tcp_ping received 256 bytes back
Round trip time was 0.042135 milliseconds in repetition 199
tcp_ping received 256 bytes back
Round trip time was 0.038801 milliseconds in repetition 200
tcp_ping received 256 bytes back
Round trip time was 0.038555 milliseconds in repetition 201
tcp_ping received 256 bytes back
Round trip time was 0.038459 milliseconds in repetition 202
tcp_ping received 256 bytes back
Round trip time was 0.038622 milliseconds in repetition 203
tcp_ping received 256 bytes back
Round trip time was 0.038103 milliseconds in repetition 204
tcp_ping received 256 bytes back
Round trip time was 0.038399 milliseconds in repetition 205
tcp_ping received 256 bytes back
Round trip time was 0.037893 milliseconds in repetition 206
tcp_ping received 256 bytes back
Round trip time was 0.038453 milliseconds in repetition 207
tcp_ping received 256 bytes back
Round trip time was 0.037897 milliseconds in repetition 208
tcp_ping received 256 bytes back
Round trip time was 0.038138 milliseconds in repetition 209
tcp_ping received 256 bytes back
Round trip time was 0.038113 milliseconds in repetition 210
tcp_ping received 256 bytes back
Round trip time was 0.038554 milliseconds in repetition 211
tcp_ping received 256 bytes back
Round trip time was 0.038347 milliseconds in repetition 212
tcp_ping received 256 bytes back
Round trip time was 0.038126 milliseconds in repetition 213
tcp_ping received 256 bytes back
Round trip time was 0.042586 milliseconds in repetition 214
tcp_ping received 256 bytes back
Round trip time was 0.038326 milliseconds in repetition 215
tcp_ping received 256 bytes back
Round trip time was 0.038207 milliseconds in repetition 216
tcp_ping received 256 bytes back
Round trip time was 0.038523 milliseconds in repetition 217
tcp_ping received 256 bytes back
Round trip time was 0.038361 milliseconds in repetition 218
tcp_ping received 256 bytes back
Round trip time was 0.038369 milliseconds in repetition 219
tcp_ping received 256 bytes back
Round trip time was 0.038274 milliseconds in repetition 220
tcp_ping received 256 bytes back
Round trip time was 0.041731 milliseconds in repetition 221
tcp_ping received 256 bytes back
Round trip time was 0.038762 milliseconds in repetition 222
tcp_ping received 256 bytes back
Round trip time was 0.038558 milliseconds in repetition 223
tcp_ping received 256 bytes back
Round trip time was 0.038396 milliseconds in repetition 224
tcp_ping received 256 bytes back
Round trip time was 0.038721 milliseconds in repetition 225
tcp_ping received 256 bytes back
Round trip time was 0.038688 milliseconds in repetition 226
tcp_ping received 256 bytes back
Round trip time was 0.041161 milliseconds in repetition 227
tcp_ping received 256 bytes back
Round trip time was 0.038677 milliseconds in repetition 228
tcp_ping received 256 bytes back
Round trip time was 0.03841 milliseconds in repetition 229
tcp_ping received 256 bytes back
Round trip time was 0.039297 milliseconds in repetition 230
tcp_ping received 256 bytes back
Round trip time was 0.037999 milliseconds in repetition 231
tcp_ping received 256 bytes back
Round trip time was 0.038295 milliseconds in repetition 232
tcp_ping received 256 bytes back
Round trip time was 0.038245 milliseconds in repetition 233
tcp_ping received 256 bytes back
Round trip time was 0.038026 milliseconds in repetition 234
tcp_ping received 256 bytes back
Round trip time was 0.038087 milliseconds in repetition 235
tcp_ping received 256 bytes back
Round trip time was 0.038242 milliseconds in repetition 236
tcp_ping received 256 bytes back
Round trip time was 0.038283 milliseconds in repetition 237
tcp_ping received 256 bytes back
Round trip time was 0.038065 milliseconds in repetition 238
tcp_ping received 256 bytes back
Round trip time was 0.038192 milliseconds in repetition 239
tcp_ping received 256 bytes back
Round trip time was 0.038659 milliseconds in repetition 240
tcp_ping received 256 bytes back
Round trip time was 0.038366 milliseconds in repetition 241
tcp_ping received 256 bytes back
Round trip time was 0.037874 milliseconds in repetition 242
tcp_ping received 256 bytes back
Round trip time was 0.038055 milliseconds in repetition 243
tcp_ping received 256 bytes back
Round trip time was 0.037907 milliseconds in repetition 244
tcp_ping received 256 bytes back
Round trip time was 0.03815 milliseconds in repetition 245
tcp_ping received 256 bytes back
Round trip time was 0.037765 milliseconds in repetition 246
tcp_ping received 256 bytes back
Round trip time was 0.038213 milliseconds in repetition 247
tcp_ping received 256 bytes back
Round trip time was 0.038148 milliseconds in repetition 248
tcp_ping received 256 bytes back
Round trip time was 0.038295 milliseconds in repetition 249
tcp_ping received 256 bytes back
Round trip time was 0.037908 milliseconds in repetition 250
tcp_ping received 256 bytes back
Round trip time was 0.038099 milliseconds in repetition 251
tcp_ping received 256 bytes back
Round trip time was 0.037942 milliseconds in repetition 252
tcp_ping received 256 bytes back
Round trip time was 0.038149 milliseconds in repetition 253
tcp_ping received 256 bytes back
Round trip time was 0.038312 milliseconds in repetition 254
tcp_ping received 256 bytes back
Round trip time was 0.040983 milliseconds in repetition 255
tcp_ping received 256 bytes back
Round trip time was 0.039421 milliseconds in repetition 256
tcp_ping received 256 bytes back
Round trip time was 0.043184 milliseconds in repetition 257
tcp_ping received 256 bytes back
Round trip time was 0.037736 milliseconds in repetition 258
tcp_ping received 256 bytes back
Round trip time was 0.03849 milliseconds in repetition 259
tcp_ping received 256 bytes back
Round trip time was 0.038354 milliseconds in repetition 260
tcp_ping received 256 bytes back
Round trip time was 0.038414 milliseconds in repetition 261
tcp_ping received 256 bytes back
Round trip time was 0.038349 milliseconds in repetition 262
tcp_ping received 256 bytes back
Round trip time was 0.038178 milliseconds in repetition 263
tcp_ping received 256 bytes back
Round trip time was 0.038265 milliseconds in repetition 264
tcp_ping received 256 bytes back
Round trip time was 0.039701 milliseconds in repetition 265
tcp_ping received 256 bytes back
Round trip time was 0.038554 milliseconds in repetition 266
tcp_ping received 256 bytes back
Round trip time was 0.038488 milliseconds in repetition 267
tcp_ping received 256 bytes back
Round trip time was 0.038262 milliseconds in repetition 268
tcp_ping received 256 bytes back
Round trip time was 0.03799 milliseconds in repetition 269
tcp_ping received 256 bytes back
Round trip time was 0.038242 milliseconds in repetition 270
tcp_ping received 256 bytes back
Round trip time was 0.038244 milliseconds in repetition 271
tcp_ping received 256 bytes back
Round trip time was 0.058816 milliseconds in repetition 272
tcp_ping received 256 bytes back
Round trip time was 0.062679 milliseconds in repetition 273
tcp_ping received 256 bytes back
Round trip time was 0.055794 milliseconds in repetition 274
tcp_ping received 256 bytes back
Round trip time was 0.045533 milliseconds in repetition 275
tcp_ping received 256 bytes back
Round trip time was 0.040418 milliseconds in repetition 276
tcp_ping received 256 bytes back
Round trip time was 0.039624 milliseconds in repetition 277
tcp_ping received 256 bytes back
Round trip time was 0.039208 milliseconds in repetition 278
tcp_ping received 256 bytes back
Round trip time was 0.042007 milliseconds in repetition 279
tcp_ping received 256 bytes back
Round trip time was 0.039008 milliseconds in repetition 280
tcp_ping received 256 bytes back
Round trip time was 0.05898 milliseconds in repetition 281
tcp_ping received 256 bytes back
Round trip time was 0.049659 milliseconds in repetition 282
tcp_ping received 256 bytes back
Round trip time was 0.046529 milliseconds in repetition 283
tcp_ping received 256 bytes back
Round trip time was 0.059453 milliseconds in repetition 284
tcp_ping received 256 bytes back
Round trip time was 0.039302 milliseconds in repetition 285
tcp_ping received 256 bytes back
Round trip time was 0.038584 milliseconds in repetition 286
tcp_ping received 256 bytes back
Round trip time was 0.038494 milliseconds in repetition 287
tcp_ping received 256 bytes back
Round trip time was 0.052304 milliseconds in repetition 288
tcp_ping received 256 bytes back
Round trip time was 0.041179 milliseconds in repetition 289
tcp_ping received 256 bytes back
Round trip time was 0.04404 milliseconds in repetition 290
tcp_ping received 256 bytes back
Round trip time was 0.045551 milliseconds in repetition 291
tcp_ping received 256 bytes back
Round trip time was 0.046311 milliseconds in repetition 292
tcp_ping received 256 bytes back
Round trip time was 0.039583 milliseconds in repetition 293
tcp_ping received 256 bytes back
Round trip time was 0.041265 milliseconds in repetition 294
tcp_ping received 256 bytes back
Round trip time was 0.040477 milliseconds in repetition 295
tcp_ping received 256 bytes back
Round trip time was 0.038789 milliseconds in repetition 296
tcp_ping received 256 bytes back
Round trip time was 0.039165 milliseconds in repetition 297
tcp_ping received 256 bytes back
Round trip time was 0.087893 milliseconds in repetition 298
tcp_ping received 256 bytes back
Round trip time was 0.047051 milliseconds in repetition 299
tcp_ping received 256 bytes back
Round trip time was 0.040782 milliseconds in repetition 300
tcp_ping received 256 bytes back
Round trip time was 0.038628 milliseconds in repetition 301
tcp_ping received 256 bytes back
Round trip time was 0.0385 milliseconds in repetition 302
tcp_ping received 256 bytes back
Round trip time was 0.038249 milliseconds in repetition 303
tcp_ping received 256 bytes back
Round trip time was 0.038798 milliseconds in repetition 304
tcp_ping received 256 bytes back
Round trip time was 0.038857 milliseconds in repetition 305
tcp_ping received 256 bytes back
Round trip time was 0.039676 milliseconds in repetition 306
tcp_ping received 256 bytes back
Round trip time was 0.039616 milliseconds in repetition 307
tcp_ping received 256 bytes back
Round trip time was 0.039899 milliseconds in repetition 308
tcp_ping received 256 bytes back
Round trip time was 0.05611 milliseconds in repetition 309
tcp_ping received 256 bytes back
Round trip time was 0.047821 milliseconds in repetition 310
tcp_ping received 256 bytes back
Round trip time was 0.039329 milliseconds in repetition 311
tcp_ping received 256 bytes back
Round trip time was 0.043352 milliseconds in repetition 312
tcp_ping received 256 bytes back
Round trip time was 0.058036 milliseconds in repetition 313
tcp_ping received 256 bytes back
Round trip time was 0.057732 milliseconds in repetition 314
tcp_ping received 256 bytes back
Round trip time was 0.039158 milliseconds in repetition 315
tcp_ping received 256 bytes back
Round trip time was 0.051927 milliseconds in repetition 316
tcp_ping received 256 bytes back
Round trip time was 0.042279 milliseconds in repetition 317
tcp_ping received 256 bytes back
Round trip time was 0.041672 milliseconds in repetition 318
tcp_ping received 256 bytes back
Round trip time was 0.043429 milliseconds in repetition 319
tcp_ping received 256 bytes back
Round trip time was 0.055458 milliseconds in repetition 320
tcp_ping received 256 bytes back
Round trip time was 0.040605 milliseconds in repetition 321
tcp_ping received 256 bytes back
Round trip time was 0.053747 milliseconds in repetition 322
tcp_ping received 256 bytes back
Round trip time was 0.042635 milliseconds in repetition 323
tcp_ping received 256 bytes back
Round trip time was 0.039589 milliseconds in repetition 324
tcp_ping received 256 bytes back
Round trip time was 0.053114 milliseconds in repetition 325
tcp_ping received 256 bytes back
Round trip time was 0.056074 milliseconds in repetition 326
tcp_ping received 256 bytes back
Round trip time was 0.042538 milliseconds in repetition 327
tcp_ping received 256 bytes back
Round trip time was 0.043431 milliseconds in repetition 328
tcp_ping received 256 bytes back
Round trip time was 0.038313 milliseconds in repetition 329
tcp_ping received 256 bytes back
Round trip time was 0.03792 milliseconds in repetition 330
tcp_ping received 256 bytes back
Round trip time was 0.038512 milliseconds in repetition 331
tcp_ping received 256 bytes back
Round trip time was 0.040397 milliseconds in repetition 332
tcp_ping received 256 bytes back
Round trip time was 0.039602 milliseconds in repetition 333
tcp_ping received 256 bytes back
Round trip time was 0.043255 milliseconds in repetition 334
tcp_ping received 256 bytes back
Round trip time was 0.04172 milliseconds in repetition 335
tcp_ping received 256 bytes back
Round trip time was 0.038846 milliseconds in repetition 336
tcp_ping received 256 bytes back
Round trip time was 0.038817 milliseconds in repetition 337
tcp_ping received 256 bytes back
Round trip time was 0.0385 milliseconds in repetition 338
tcp_ping received 256 bytes back
Round trip time was 0.046437 milliseconds in repetition 339
tcp_ping received 256 bytes back
Round trip time was 0.045658 milliseconds in repetition 340
tcp_ping received 256 bytes back
Round trip time was 0.040137 milliseconds in repetition 341
tcp_ping received 256 bytes back
Round trip time was 0.040652 milliseconds in repetition 342
tcp_ping received 256 bytes back
Round trip time was 0.041655 milliseconds in repetition 343
tcp_ping received 256 bytes back
Round trip time was 0.041309 milliseconds in repetition 344
tcp_ping received 256 bytes back
Round trip time was 0.04087 milliseconds in repetition 345
tcp_ping received 256 bytes back
Round trip time was 0.046405 milliseconds in repetition 346
tcp_ping received 256 bytes back
Round trip time was 0.046836 milliseconds in repetition 347
tcp_ping received 256 bytes back
Round trip time was 0.041678 milliseconds in repetition 348
tcp_ping received 256 bytes back
Round trip time was 0.038681 milliseconds in repetition 349
tcp_ping received 256 bytes back
Round trip time was 0.038361 milliseconds in repetition 350
tcp_ping received 256 bytes back
Round trip time was 0.038097 milliseconds in repetition 351
tcp_ping received 256 bytes back
Round trip time was 0.039338 milliseconds in repetition 352
tcp_ping received 256 bytes back
Round trip time was 0.045712 milliseconds in repetition 353
tcp_ping received 256 bytes back
Round trip time was 0.039246 milliseconds in repetition 354
tcp_ping received 256 bytes back
Round trip time was 0.038523 milliseconds in repetition 355
tcp_ping received 256 bytes back
Round trip time was 0.038339 milliseconds in repetition 356
tcp_ping received 256 bytes back
Round trip time was 0.038332 milliseconds in repetition 357
tcp_ping received 256 bytes back
Round trip time was 0.038376 milliseconds in repetition 358
tcp_ping received 256 bytes back
Round trip time was 0.038529 milliseconds in repetition 359
tcp_ping received 256 bytes back
Round trip time was 0.038582 milliseconds in repetition 360
tcp_ping received 256 bytes back
Round trip time was 0.038859 milliseconds in repetition 361
tcp_ping received 256 bytes back
Round trip time was 0.038152 milliseconds in repetition 362
tcp_ping received 256 bytes back
Round trip time was 0.038282 milliseconds in repetition 363
tcp_ping received 256 bytes back
Round trip time was 0.038235 milliseconds in repetition 364
tcp_ping received 256 bytes back
Round trip time was 0.038208 milliseconds in repetition 365
tcp_ping received 256 bytes back
Round trip time was 0.038366 milliseconds in repetition 366
tcp_ping received 256 bytes back
Round trip time was 0.038357 milliseconds in repetition 367
tcp_ping received 256 bytes back
Round trip time was 0.038566 milliseconds in repetition 368
tcp_ping received 256 bytes back
Round trip time was 0.038185 milliseconds in repetition 369
tcp_ping received 256 bytes back
Round trip time was 0.038421 milliseconds in repetition 370
tcp_ping received 256 bytes back
Round trip time was 0.038942 milliseconds in repetition 371
tcp_ping received 256 bytes back
Round trip time was 0.038303 milliseconds in repetition 372
tcp_ping received 256 bytes back
Round trip time was 0.038051 milliseconds in repetition 373
tcp_ping received 256 bytes back
Round trip time was 0.03917 milliseconds in repetition 374
tcp_ping received 256 bytes back
Round trip time was 0.038369 milliseconds in repetition 375
tcp_ping received 256 bytes back
Round trip time was 0.038338 milliseconds in repetition 376
tcp_ping received 256 bytes back
Round trip time was 0.038371 milliseconds in repetition 377
tcp_ping received 256 bytes back
Round trip time was 0.038228 milliseconds in repetition 378
tcp_ping received 256 bytes back
Round trip time was 0.038033 milliseconds in repetition 379
tcp_ping received 256 bytes back
Round trip time was 0.038193 milliseconds in repetition 380
tcp_ping received 256 bytes back
Round trip time was 0.038336 milliseconds in repetition 381
tcp_ping received 256 bytes back
Round trip time was 0.038435 milliseconds in repetition 382
tcp_ping received 256 bytes back
Round trip time was 0.038288 milliseconds in repetition 383
tcp_ping received 256 bytes back
Round trip time was 0.038088 milliseconds in repetition 384
tcp_ping received 256 bytes back
Round trip time was 0.038371 milliseconds in repetition 385
tcp_ping received 256 bytes back
Round trip time was 0.038311 milliseconds in repetition 386
tcp_ping received 256 bytes back
Round trip time was 0.038326 milliseconds in repetition 387
tcp_ping received 256 bytes back
Round trip time was 0.03835 milliseconds in repetition 388
tcp_ping received 256 bytes back
Round trip time was 0.038466 milliseconds in repetition 389
tcp_ping received 256 bytes back
Round trip time was 0.038662 milliseconds in repetition 390
tcp_ping received 256 bytes back
Round trip time was 0.038176 milliseconds in repetition 391
tcp_ping received 256 bytes back
Round trip time was 0.038311 milliseconds in repetition 392
tcp_ping received 256 bytes back
Round trip time was 0.038151 milliseconds in repetition 393
tcp_ping received 256 bytes back
Round trip time was 0.03813 milliseconds in repetition 394
tcp_ping received 256 bytes back
Round trip time was 0.038184 milliseconds in repetition 395
tcp_ping received 256 bytes back
Round trip time was 0.038337 milliseconds in repetition 396
tcp_ping received 256 bytes back
Round trip time was 0.046642 milliseconds in repetition 397
tcp_ping received 256 bytes back
Round trip time was 0.038958 milliseconds in repetition 398
tcp_ping received 256 bytes back
Round trip time was 0.038336 milliseconds in repetition 399
tcp_ping received 256 bytes back
Round trip time was 0.038438 milliseconds in repetition 400
tcp_ping received 256 bytes back
Round trip time was 0.038953 milliseconds in repetition 401
tcp_ping received 256 bytes back
Round trip time was 0.038914 milliseconds in repetition 402
tcp_ping received 256 bytes back
Round trip time was 0.038471 milliseconds in repetition 403
tcp_ping received 256 bytes back
Round trip time was 0.038699 milliseconds in repetition 404
tcp_ping received 256 bytes back
Round trip time was 0.038502 milliseconds in repetition 405
tcp_ping received 256 bytes back
Round trip time was 0.038292 milliseconds in repetition 406
tcp_ping received 256 bytes back
Round trip time was 0.03841 milliseconds in repetition 407
tcp_ping received 256 bytes back
Round trip time was 0.038539 milliseconds in repetition 408
tcp_ping received 256 bytes back
Round trip time was 0.038513 milliseconds in repetition 409
tcp_ping received 256 bytes back
Round trip time was 0.038405 milliseconds in repetition 410
tcp_ping received 256 bytes back
Round trip time was 0.04072 milliseconds in repetition 411
tcp_ping received 256 bytes back
Round trip time was 0.038462 milliseconds in repetition 412
tcp_ping received 256 bytes back
Round trip time was 0.038406 milliseconds in repetition 413
tcp_ping received 256 bytes back
Round trip time was 0.03847 milliseconds in repetition 414
tcp_ping received 256 bytes back
Round trip time was 0.038241 milliseconds in repetition 415
tcp_ping received 256 bytes back
Round trip time was 0.038297 milliseconds in repetition 416
tcp_ping received 256 bytes back
Round trip time was 0.038798 milliseconds in repetition 417
tcp_ping received 256 bytes back
Round trip time was 0.038749 milliseconds in repetition 418
tcp_ping received 256 bytes back
Round trip time was 0.038451 milliseconds in repetition 419
tcp_ping received 256 bytes back
Round trip time was 0.038603 milliseconds in repetition 420
tcp_ping received 256 bytes back
Round trip time was 0.038393 milliseconds in repetition 421
tcp_ping received 256 bytes back
Round trip time was 0.038232 milliseconds in repetition 422
tcp_ping received 256 bytes back
Round trip time was 0.038315 milliseconds in repetition 423
tcp_ping received 256 bytes back
Round trip time was 0.03855 milliseconds in repetition 424
tcp_ping received 256 bytes back
Round trip time was 0.038391 milliseconds in repetition 425
tcp_ping received 256 bytes back
Round trip time was 0.038294 milliseconds in repetition 426
tcp_ping received 256 bytes back
Round trip time was 0.038362 milliseconds in repetition 427
tcp_ping received 256 bytes back
Round trip time was 0.038346 milliseconds in repetition 428
tcp_ping received 256 bytes back
Round trip time was 0.038261 milliseconds in repetition 429
tcp_ping received 256 bytes back
Round trip time was 0.03842 milliseconds in repetition 430
tcp_ping received 256 bytes back
Round trip time was 0.038713 milliseconds in repetition 431
tcp_ping received 256 bytes back
Round trip time was 0.038426 milliseconds in repetition 432
tcp_ping received 256 bytes back
Round trip time was 0.039084 milliseconds in repetition 433
tcp_ping received 256 bytes back
Round trip time was 0.038426 milliseconds in repetition 434
tcp_ping received 256 bytes back
Round trip time was 0.038379 milliseconds in repetition 435
tcp_ping received 256 bytes back
Round trip time was 0.038114 milliseconds in repetition 436
tcp_ping received 256 bytes back
Round trip time was 0.038391 milliseconds in repetition 437
tcp_ping received 256 bytes back
Round trip time was 0.03825 milliseconds in repetition 438
tcp_ping received 256 bytes back
Round trip time was 0.040478 milliseconds in repetition 439
tcp_ping received 256 bytes back
Round trip time was 0.038498 milliseconds in repetition 440
tcp_ping received 256 bytes back
Round trip time was 0.038493 milliseconds in repetition 441
tcp_ping received 256 bytes back
Round trip time was 0.040795 milliseconds in repetition 442
tcp_ping received 256 bytes back
Round trip time was 0.039094 milliseconds in repetition 443
tcp_ping received 256 bytes back
Round trip time was 0.038397 milliseconds in repetition 444
tcp_ping received 256 bytes back
Round trip time was 0.038447 milliseconds in repetition 445
tcp_ping received 256 bytes back
Round trip time was 0.038515 milliseconds in repetition 446
tcp_ping received 256 bytes back
Round trip time was 0.038654 milliseconds in repetition 447
tcp_ping received 256 bytes back
Round trip time was 0.038337 milliseconds in repetition 448
tcp_ping received 256 bytes back
Round trip time was 0.038525 milliseconds in repetition 449
tcp_ping received 256 bytes back
Round trip time was 0.038567 milliseconds in repetition 450
tcp_ping received 256 bytes back
Round trip time was 0.038425 milliseconds in repetition 451
tcp_ping received 256 bytes back
Round trip time was 0.039214 milliseconds in repetition 452
tcp_ping received 256 bytes back
Round trip time was 0.039221 milliseconds in repetition 453
tcp_ping received 256 bytes back
Round trip time was 0.038474 milliseconds in repetition 454
tcp_ping received 256 bytes back
Round trip time was 0.038401 milliseconds in repetition 455
tcp_ping received 256 bytes back
Round trip time was 0.038461 milliseconds in repetition 456
tcp_ping received 256 bytes back
Round trip time was 0.038479 milliseconds in repetition 457
tcp_ping received 256 bytes back
Round trip time was 0.038518 milliseconds in repetition 458
tcp_ping received 256 bytes back
Round trip time was 0.038995 milliseconds in repetition 459
tcp_ping received 256 bytes back
Round trip time was 0.042204 milliseconds in repetition 460
tcp_ping received 256 bytes back
Round trip time was 0.038733 milliseconds in repetition 461
tcp_ping received 256 bytes back
Round trip time was 0.038529 milliseconds in repetition 462
tcp_ping received 256 bytes back
Round trip time was 0.038206 milliseconds in repetition 463
tcp_ping received 256 bytes back
Round trip time was 0.038197 milliseconds in repetition 464
tcp_ping received 256 bytes back
Round trip time was 0.038212 milliseconds in repetition 465
tcp_ping received 256 bytes back
Round trip time was 0.038089 milliseconds in repetition 466
tcp_ping received 256 bytes back
Round trip time was 0.038222 milliseconds in repetition 467
tcp_ping received 256 bytes back
Round trip time was 0.038176 milliseconds in repetition 468
tcp_ping received 256 bytes back
Round trip time was 0.038092 milliseconds in repetition 469
tcp_ping received 256 bytes back
Round trip time was 0.038358 milliseconds in repetition 470
tcp_ping received 256 bytes back
Round trip time was 0.038405 milliseconds in repetition 471
tcp_ping received 256 bytes back
Round trip time was 0.038349 milliseconds in repetition 472
tcp_ping received 256 bytes back
Round trip time was 0.037923 milliseconds in repetition 473
tcp_ping received 256 bytes back
Round trip time was 0.038043 milliseconds in repetition 474
tcp_ping received 256 bytes back
Round trip time was 0.038074 milliseconds in repetition 475
tcp_ping received 256 bytes back
Round trip time was 0.038177 milliseconds in repetition 476
tcp_ping received 256 bytes back
Round trip time was 0.038394 milliseconds in repetition 477
tcp_ping received 256 bytes back
Round trip time was 0.038441 milliseconds in repetition 478
tcp_ping received 256 bytes back
Round trip time was 0.038232 milliseconds in repetition 479
tcp_ping received 256 bytes back
Round trip time was 0.0381 milliseconds in repetition 480
tcp_ping received 256 bytes back
Round trip time was 0.038016 milliseconds in repetition 481
tcp_ping received 256 bytes back
Round trip time was 0.038129 milliseconds in repetition 482
tcp_ping received 256 bytes back
Round trip time was 0.037933 milliseconds in repetition 483
tcp_ping received 256 bytes back
Round trip time was 0.038305 milliseconds in repetition 484
tcp_ping received 256 bytes back
Round trip time was 0.038358 milliseconds in repetition 485
tcp_ping received 256 bytes back
Round trip time was 0.040503 milliseconds in repetition 486
tcp_ping received 256 bytes back
Round trip time was 0.038291 milliseconds in repetition 487
tcp_ping received 256 bytes back
Round trip time was 0.038216 milliseconds in repetition 488
tcp_ping received 256 bytes back
Round trip time was 0.037847 milliseconds in repetition 489
tcp_ping received 256 bytes back
Round trip time was 0.037933 milliseconds in repetition 490
tcp_ping received 256 bytes back
Round trip time was 0.037872 milliseconds in repetition 491
tcp_ping received 256 bytes back
Round trip time was 0.037986 milliseconds in repetition 492
tcp_ping received 256 bytes back
Round trip time was 0.038122 milliseconds in repetition 493
tcp_ping received 256 bytes back
Round trip time was 0.037983 milliseconds in repetition 494
tcp_ping received 256 bytes back
Round trip time was 0.03824 milliseconds in repetition 495
tcp_ping received 256 bytes back
Round trip time was 0.038326 milliseconds in repetition 496
tcp_ping received 256 bytes back
Round trip time was 0.045053 milliseconds in repetition 497
tcp_ping received 256 bytes back
Round trip time was 0.041526 milliseconds in repetition 498
tcp_ping received 256 bytes back
Round trip time was 0.037958 milliseconds in repetition 499
tcp_ping received 256 bytes back
Round trip time was 0.038439 milliseconds in repetition 500
tcp_ping received 256 bytes back
Round trip time was 0.0391 milliseconds in repetition 501

 ... clock resolution was 1e-06
TCP Ping:  Statistics over 501 repetitions of 256 byte messages

RTT : percentile 10: 0.038177, median: 0.038654, percentile 90: 0.047312, average: 0.0413725, variance: 6.25216e-05

RTT histogram:
0.0377355 372
0.0425963 59
0.0474572 27
0.052318 17
0.0571789 10
0.0620397 8
0.0669006 4
0.0717614 1
0.0766223 0
0.0814831 0
0.086344 1
0.0912048 0
0.0960657 0
0.100927 0
0.105787 0
0.110648 1
0.115509 0
0.12037 0
0.125231 0
0.130092 0
0.134952 1

   median Throughput : 13245.7 KB/s   overall Throughput : 12375.4 KB/s

