TCP Ping trying to connect to server localhost (127.0.0.1) on port 1491

... connected to Pong server: asking for 501 repetitions of 48 bytes TCP messages
 ... Pong server agreed :-)
tcp_ping received 48 bytes back
Round trip time was 0.074822 milliseconds in repetition 1
tcp_ping received 48 bytes back
Round trip time was 0.055319 milliseconds in repetition 2
tcp_ping received 48 bytes back
Round trip time was 0.04114 milliseconds in repetition 3
tcp_ping received 48 bytes back
Round trip time was 0.038098 milliseconds in repetition 4
tcp_ping received 48 bytes back
Round trip time was 0.037516 milliseconds in repetition 5
tcp_ping received 48 bytes back
Round trip time was 0.0379 milliseconds in repetition 6
tcp_ping received 48 bytes back
Round trip time was 0.038322 milliseconds in repetition 7
tcp_ping received 48 bytes back
Round trip time was 0.038085 milliseconds in repetition 8
tcp_ping received 48 bytes back
Round trip time was 0.071864 milliseconds in repetition 9
tcp_ping received 48 bytes back
Round trip time was 0.070742 milliseconds in repetition 10
tcp_ping received 48 bytes back
Round trip time was 0.116191 milliseconds in repetition 11
tcp_ping received 48 bytes back
Round trip time was 0.112069 milliseconds in repetition 12
tcp_ping received 48 bytes back
Round trip time was 0.117237 milliseconds in repetition 13
tcp_ping received 48 bytes back
Round trip time was 0.058223 milliseconds in repetition 14
tcp_ping received 48 bytes back
Round trip time was 0.056496 milliseconds in repetition 15
tcp_ping received 48 bytes back
Round trip time was 0.046958 milliseconds in repetition 16
tcp_ping received 48 bytes back
Round trip time was 0.044424 milliseconds in repetition 17
tcp_ping received 48 bytes back
Round trip time was 0.052635 milliseconds in repetition 18
tcp_ping received 48 bytes back
Round trip time was 0.045887 milliseconds in repetition 19
tcp_ping received 48 bytes back
Round trip time was 0.044377 milliseconds in repetition 20
tcp_ping received 48 bytes back
Round trip time was 0.050855 milliseconds in repetition 21
tcp_ping received 48 bytes back
Round trip time was 0.053746 milliseconds in repetition 22
tcp_ping received 48 bytes back
Round trip time was 0.041721 milliseconds in repetition 23
tcp_ping received 48 bytes back
Round trip time was 0.040437 milliseconds in repetition 24
tcp_ping received 48 bytes back
Round trip time was 0.041806 milliseconds in repetition 25
tcp_ping received 48 bytes back
Round trip time was 0.043828 milliseconds in repetition 26
tcp_ping received 48 bytes back
Round trip time was 0.041193 milliseconds in repetition 27
tcp_ping received 48 bytes back
Round trip time was 0.041246 milliseconds in repetition 28
tcp_ping received 48 bytes back
Round trip time was 0.040993 milliseconds in repetition 29
tcp_ping received 48 bytes back
Round trip time was 0.041339 milliseconds in repetition 30
tcp_ping received 48 bytes back
Round trip time was 0.041822 milliseconds in repetition 31
tcp_ping received 48 bytes back
Round trip time was 0.043995 milliseconds in repetition 32
tcp_ping received 48 bytes back
Round trip time was 0.043335 milliseconds in repetition 33
tcp_ping received 48 bytes back
Round trip time was 0.04393 milliseconds in repetition 34
tcp_ping received 48 bytes back
Round trip time was 0.060955 milliseconds in repetition 35
tcp_ping received 48 bytes back
Round trip time was 0.046869 milliseconds in repetition 36
tcp_ping received 48 bytes back
Round trip time was 0.054524 milliseconds in repetition 37
tcp_ping received 48 bytes back
Round trip time was 0.056758 milliseconds in repetition 38
tcp_ping received 48 bytes back
Round trip time was 0.048327 milliseconds in repetition 39
tcp_ping received 48 bytes back
Round trip time was 0.042534 milliseconds in repetition 40
tcp_ping received 48 bytes back
Round trip time was 0.045328 milliseconds in repetition 41
tcp_ping received 48 bytes back
Round trip time was 0.042299 milliseconds in repetition 42
tcp_ping received 48 bytes back
Round trip time was 0.042515 milliseconds in repetition 43
tcp_ping received 48 bytes back
Round trip time was 0.041284 milliseconds in repetition 44
tcp_ping received 48 bytes back
Round trip time was 0.059632 milliseconds in repetition 45
tcp_ping received 48 bytes back
Round trip time was 0.041642 milliseconds in repetition 46
tcp_ping received 48 bytes back
Round trip time was 0.041502 milliseconds in repetition 47
tcp_ping received 48 bytes back
Round trip time was 0.043743 milliseconds in repetition 48
tcp_ping received 48 bytes back
Round trip time was 0.051252 milliseconds in repetition 49
tcp_ping received 48 bytes back
Round trip time was 0.044299 milliseconds in repetition 50
tcp_ping received 48 bytes back
Round trip time was 0.047167 milliseconds in repetition 51
tcp_ping received 48 bytes back
Round trip time was 0.04988 milliseconds in repetition 52
tcp_ping received 48 bytes back
Round trip time was 0.048374 milliseconds in repetition 53
tcp_ping received 48 bytes back
Round trip time was 0.041345 milliseconds in repetition 54
tcp_ping received 48 bytes back
Round trip time was 0.04134 milliseconds in repetition 55
tcp_ping received 48 bytes back
Round trip time was 0.042096 milliseconds in repetition 56
tcp_ping received 48 bytes back
Round trip time was 0.041293 milliseconds in repetition 57
tcp_ping received 48 bytes back
Round trip time was 0.039369 milliseconds in repetition 58
tcp_ping received 48 bytes back
Round trip time was 0.038549 milliseconds in repetition 59
tcp_ping received 48 bytes back
Round trip time was 0.041474 milliseconds in repetition 60
tcp_ping received 48 bytes back
Round trip time was 0.039233 milliseconds in repetition 61
tcp_ping received 48 bytes back
Round trip time was 0.038857 milliseconds in repetition 62
tcp_ping received 48 bytes back
Round trip time was 0.039767 milliseconds in repetition 63
tcp_ping received 48 bytes back
Round trip time was 0.038352 milliseconds in repetition 64
tcp_ping received 48 bytes back
Round trip time was 0.045462 milliseconds in repetition 65
tcp_ping received 48 bytes back
Round trip time was 0.040975 milliseconds in repetition 66
tcp_ping received 48 bytes back
Round trip time was 0.040851 milliseconds in repetition 67
tcp_ping received 48 bytes back
Round trip time was 0.041214 milliseconds in repetition 68
tcp_ping received 48 bytes back
Round trip time was 0.040956 milliseconds in repetition 69
tcp_ping received 48 bytes back
Round trip time was 0.0388 milliseconds in repetition 70
tcp_ping received 48 bytes back
Round trip time was 0.038089 milliseconds in repetition 71
tcp_ping received 48 bytes back
Round trip time was 0.046441 milliseconds in repetition 72
tcp_ping received 48 bytes back
Round trip time was 0.062681 milliseconds in repetition 73
tcp_ping received 48 bytes back
Round trip time was 0.044845 milliseconds in repetition 74
tcp_ping received 48 bytes back
Round trip time was 0.038662 milliseconds in repetition 75
tcp_ping received 48 bytes back
Round trip time was 0.038228 milliseconds in repetition 76
tcp_ping received 48 bytes back
Round trip time was 0.038155 milliseconds in repetition 77
tcp_ping received 48 bytes back
Round trip time was 0.038328 milliseconds in repetition 78
tcp_ping received 48 bytes back
Round trip time was 0.038581 milliseconds in repetition 79
tcp_ping received 48 bytes back
Round trip time was 0.038138 milliseconds in repetition 80
tcp_ping received 48 bytes back
Round trip time was 0.038183 milliseconds in repetition 81
tcp_ping received 48 bytes back
Round trip time was 0.038238 milliseconds in repetition 82
tcp_ping received 48 bytes back
Round trip time was 0.038155 milliseconds in repetition 83
tcp_ping received 48 bytes back
Round trip time was 0.038095 milliseconds in repetition 84
tcp_ping received 48 bytes back
Round trip time was 0.038576 milliseconds in repetition 85
tcp_ping received 48 bytes back
Round trip time was 0.038172 milliseconds in repetition 86
tcp_ping received 48 bytes back
Round trip time was 0.038309 milliseconds in repetition 87
tcp_ping received 48 bytes back
Round trip time was 0.03808 milliseconds in repetition 88
tcp_ping received 48 bytes back
Round trip time was 0.038391 milliseconds in repetition 89
tcp_ping received 48 bytes back
Round trip time was 0.040026 milliseconds in repetition 90
tcp_ping received 48 bytes back
Round trip time was 0.038405 milliseconds in repetition 91
tcp_ping received 48 bytes back
Round trip time was 0.03838 milliseconds in repetition 92
tcp_ping received 48 bytes back
Round trip time was 0.038315 milliseconds in repetition 93
tcp_ping received 48 bytes back
Round trip time was 0.037843 milliseconds in repetition 94
tcp_ping received 48 bytes back
Round trip time was 0.038089 milliseconds in repetition 95
tcp_ping received 48 bytes back
Round trip time was 0.03801 milliseconds in repetition 96
tcp_ping received 48 bytes back
Round trip time was 0.038277 milliseconds in repetition 97
tcp_ping received 48 bytes back
Round trip time was 0.038351 milliseconds in repetition 98
tcp_ping received 48 bytes back
Round trip time was 0.037978 milliseconds in repetition 99
tcp_ping received 48 bytes back
Round trip time was 0.038099 milliseconds in repetition 100
tcp_ping received 48 bytes back
Round trip time was 0.038062 milliseconds in repetition 101
tcp_ping received 48 bytes back
Round trip time was 0.038317 milliseconds in repetition 102
tcp_ping received 48 bytes back
Round trip time was 0.038051 milliseconds in repetition 103
tcp_ping received 48 bytes back
Round trip time was 0.038183 milliseconds in repetition 104
tcp_ping received 48 bytes back
Round trip time was 0.038622 milliseconds in repetition 105
tcp_ping received 48 bytes back
Round trip time was 0.038491 milliseconds in repetition 106
tcp_ping received 48 bytes back
Round trip time was 0.038003 milliseconds in repetition 107
tcp_ping received 48 bytes back
Round trip time was 0.038637 milliseconds in repetition 108
tcp_ping received 48 bytes back
Round trip time was 0.038261 milliseconds in repetition 109
tcp_ping received 48 bytes back
Round trip time was 0.037911 milliseconds in repetition 110
tcp_ping received 48 bytes back
Round trip time was 0.038106 milliseconds in repetition 111
tcp_ping received 48 bytes back
Round trip time was 0.038154 milliseconds in repetition 112
tcp_ping received 48 bytes back
Round trip time was 0.03817 milliseconds in repetition 113
tcp_ping received 48 bytes back
Round trip time was 0.03808 milliseconds in repetition 114
tcp_ping received 48 bytes back
Round trip time was 0.038802 milliseconds in repetition 115
tcp_ping received 48 bytes back
Round trip time was 0.038364 milliseconds in repetition 116
tcp_ping received 48 bytes back
Round trip time was 0.038687 milliseconds in repetition 117
tcp_ping received 48 bytes back
Round trip time was 0.037951 milliseconds in repetition 118
tcp_ping received 48 bytes back
Round trip time was 0.037923 milliseconds in repetition 119
tcp_ping received 48 bytes back
Round trip time was 0.037963 milliseconds in repetition 120
tcp_ping received 48 bytes back
Round trip time was 0.038079 milliseconds in repetition 121
tcp_ping received 48 bytes back
Round trip time was 0.038409 milliseconds in repetition 122
tcp_ping received 48 bytes back
Round trip time was 0.03804 milliseconds in repetition 123
tcp_ping received 48 bytes back
Round trip time was 0.038435 milliseconds in repetition 124
tcp_ping received 48 bytes back
Round trip time was 0.037757 milliseconds in repetition 125
tcp_ping received 48 bytes back
Round trip time was 0.038026 milliseconds in repetition 126
tcp_ping received 48 bytes back
Round trip time was 0.038088 milliseconds in repetition 127
tcp_ping received 48 bytes back
Round trip time was 0.03869 milliseconds in repetition 128
tcp_ping received 48 bytes back
Round trip time was 0.037955 milliseconds in repetition 129
tcp_ping received 48 bytes back
Round trip time was 0.037816 milliseconds in repetition 130
tcp_ping received 48 bytes back
Round trip time was 0.037777 milliseconds in repetition 131
tcp_ping received 48 bytes back
Round trip time was 0.039015 milliseconds in repetition 132
tcp_ping received 48 bytes back
Round trip time was 0.041252 milliseconds in repetition 133
tcp_ping received 48 bytes back
Round trip time was 0.04097 milliseconds in repetition 134
tcp_ping received 48 bytes back
Round trip time was 0.037983 milliseconds in repetition 135
tcp_ping received 48 bytes back
Round trip time was 0.038096 milliseconds in repetition 136
tcp_ping received 48 bytes back
Round trip time was 0.037878 milliseconds in repetition 137
tcp_ping received 48 bytes back
Round trip time was 0.037764 milliseconds in repetition 138
tcp_ping received 48 bytes back
Round trip time was 0.037982 milliseconds in repetition 139
tcp_ping received 48 bytes back
Round trip time was 0.037757 milliseconds in repetition 140
tcp_ping received 48 bytes back
Round trip time was 0.03779 milliseconds in repetition 141
tcp_ping received 48 bytes back
Round trip time was 0.037953 milliseconds in repetition 142
tcp_ping received 48 bytes back
Round trip time was 0.037984 milliseconds in repetition 143
tcp_ping received 48 bytes back
Round trip time was 0.037812 milliseconds in repetition 144
tcp_ping received 48 bytes back
Round trip time was 0.037478 milliseconds in repetition 145
tcp_ping received 48 bytes back
Round trip time was 0.038338 milliseconds in repetition 146
tcp_ping received 48 bytes back
Round trip time was 0.037957 milliseconds in repetition 147
tcp_ping received 48 bytes back
Round trip time was 0.038083 milliseconds in repetition 148
tcp_ping received 48 bytes back
Round trip time was 0.038045 milliseconds in repetition 149
tcp_ping received 48 bytes back
Round trip time was 0.037568 milliseconds in repetition 150
tcp_ping received 48 bytes back
Round trip time was 0.038285 milliseconds in repetition 151
tcp_ping received 48 bytes back
Round trip time was 0.038365 milliseconds in repetition 152
tcp_ping received 48 bytes back
Round trip time was 0.037554 milliseconds in repetition 153
tcp_ping received 48 bytes back
Round trip time was 0.038514 milliseconds in repetition 154
tcp_ping received 48 bytes back
Round trip time was 0.03806 milliseconds in repetition 155
tcp_ping received 48 bytes back
Round trip time was 0.038198 milliseconds in repetition 156
tcp_ping received 48 bytes back
Round trip time was 0.037734 milliseconds in repetition 157
tcp_ping received 48 bytes back
Round trip time was 0.03781 milliseconds in repetition 158
tcp_ping received 48 bytes back
Round trip time was 0.038705 milliseconds in repetition 159
tcp_ping received 48 bytes back
Round trip time was 0.038166 milliseconds in repetition 160
tcp_ping received 48 bytes back
Round trip time was 0.038183 milliseconds in repetition 161
tcp_ping received 48 bytes back
Round trip time was 0.038321 milliseconds in repetition 162
tcp_ping received 48 bytes back
Round trip time was 0.037811 milliseconds in repetition 163
tcp_ping received 48 bytes back
Round trip time was 0.038035 milliseconds in repetition 164
tcp_ping received 48 bytes back
Round trip time was 0.038019 milliseconds in repetition 165
tcp_ping received 48 bytes back
Round trip time was 0.038042 milliseconds in repetition 166
tcp_ping received 48 bytes back
Round trip time was 0.039685 milliseconds in repetition 167
tcp_ping received 48 bytes back
Round trip time was 0.038578 milliseconds in repetition 168
tcp_ping received 48 bytes back
Round trip time was 0.039082 milliseconds in repetition 169
tcp_ping received 48 bytes back
Round trip time was 0.039868 milliseconds in repetition 170
tcp_ping received 48 bytes back
Round trip time was 0.039423 milliseconds in repetition 171
tcp_ping received 48 bytes back
Round trip time was 0.041582 milliseconds in repetition 172
tcp_ping received 48 bytes back
Round trip time was 0.045892 milliseconds in repetition 173
tcp_ping received 48 bytes back
Round trip time was 0.05364 milliseconds in repetition 174
tcp_ping received 48 bytes back
Round trip time was 0.052677 milliseconds in repetition 175
tcp_ping received 48 bytes back
Round trip time was 0.048378 milliseconds in repetition 176
tcp_ping received 48 bytes back
Round trip time was 0.049515 milliseconds in repetition 177
tcp_ping received 48 bytes back
Round trip time was 0.069481 milliseconds in repetition 178
tcp_ping received 48 bytes back
Round trip time was 0.072303 milliseconds in repetition 179
tcp_ping received 48 bytes back
Round trip time was 0.05121 milliseconds in repetition 180
tcp_ping received 48 bytes back
Round trip time was 0.057499 milliseconds in repetition 181
tcp_ping received 48 bytes back
Round trip time was 0.040828 milliseconds in repetition 182
tcp_ping received 48 bytes back
Round trip time was 0.038411 milliseconds in repetition 183
tcp_ping received 48 bytes back
Round trip time was 0.038327 milliseconds in repetition 184
tcp_ping received 48 bytes back
Round trip time was 0.038002 milliseconds in repetition 185
tcp_ping received 48 bytes back
Round trip time was 0.037851 milliseconds in repetition 186
tcp_ping received 48 bytes back
Round trip time was 0.037966 milliseconds in repetition 187
tcp_ping received 48 bytes back
Round trip time was 0.037672 milliseconds in repetition 188
tcp_ping received 48 bytes back
Round trip time was 0.037855 milliseconds in repetition 189
tcp_ping received 48 bytes back
Round trip time was 0.037879 milliseconds in repetition 190
tcp_ping received 48 bytes back
Round trip time was 0.03765 milliseconds in repetition 191
tcp_ping received 48 bytes back
Round trip time was 0.037744 milliseconds in repetition 192
tcp_ping received 48 bytes back
Round trip time was 0.037803 milliseconds in repetition 193
tcp_ping received 48 bytes back
Round trip time was 0.037506 milliseconds in repetition 194
tcp_ping received 48 bytes back
Round trip time was 0.037794 milliseconds in repetition 195
tcp_ping received 48 bytes back
Round trip time was 0.037668 milliseconds in repetition 196
tcp_ping received 48 bytes back
Round trip time was 0.037501 milliseconds in repetition 197
tcp_ping received 48 bytes back
Round trip time was 0.037588 milliseconds in repetition 198
tcp_ping received 48 bytes back
Round trip time was 0.037442 milliseconds in repetition 199
tcp_ping received 48 bytes back
Round trip time was 0.037642 milliseconds in repetition 200
tcp_ping received 48 bytes back
Round trip time was 0.037603 milliseconds in repetition 201
tcp_ping received 48 bytes back
Round trip time was 0.03743 milliseconds in repetition 202
tcp_ping received 48 bytes back
Round trip time was 0.037873 milliseconds in repetition 203
tcp_ping received 48 bytes back
Round trip time was 0.037854 milliseconds in repetition 204
tcp_ping received 48 bytes back
Round trip time was 0.037906 milliseconds in repetition 205
tcp_ping received 48 bytes back
Round trip time was 0.037387 milliseconds in repetition 206
tcp_ping received 48 bytes back
Round trip time was 0.037469 milliseconds in repetition 207
tcp_ping received 48 bytes back
Round trip time was 0.037809 milliseconds in repetition 208
tcp_ping received 48 bytes back
Round trip time was 0.037394 milliseconds in repetition 209
tcp_ping received 48 bytes back
Round trip time was 0.037607 milliseconds in repetition 210
tcp_ping received 48 bytes back
Round trip time was 0.038271 milliseconds in repetition 211
tcp_ping received 48 bytes back
Round trip time was 0.038241 milliseconds in repetition 212
tcp_ping received 48 bytes back
Round trip time was 0.037951 milliseconds in repetition 213
tcp_ping received 48 bytes back
Round trip time was 0.037905 milliseconds in repetition 214
tcp_ping received 48 bytes back
Round trip time was 0.05606 milliseconds in repetition 215
tcp_ping received 48 bytes back
Round trip time was 0.044989 milliseconds in repetition 216
tcp_ping received 48 bytes back
Round trip time was 0.043479 milliseconds in repetition 217
tcp_ping received 48 bytes back
Round trip time was 0.043082 milliseconds in repetition 218
tcp_ping received 48 bytes back
Round trip time was 0.040451 milliseconds in repetition 219
tcp_ping received 48 bytes back
Round trip time was 0.052324 milliseconds in repetition 220
tcp_ping received 48 bytes back
Round trip time was 0.048836 milliseconds in repetition 221
tcp_ping received 48 bytes back
Round trip time was 0.0511 milliseconds in repetition 222
tcp_ping received 48 bytes back
Round trip time was 0.044078 milliseconds in repetition 223
tcp_ping received 48 bytes back
Round trip time was 0.058232 milliseconds in repetition 224
tcp_ping received 48 bytes back
Round trip time was 0.059089 milliseconds in repetition 225
tcp_ping received 48 bytes back
Round trip time was 0.053057 milliseconds in repetition 226
tcp_ping received 48 bytes back
Round trip time was 0.043341 milliseconds in repetition 227
tcp_ping received 48 bytes back
Round trip time was 0.037262 milliseconds in repetition 228
tcp_ping received 48 bytes back
Round trip time was 0.042376 milliseconds in repetition 229
tcp_ping received 48 bytes back
Round trip time was 0.047165 milliseconds in repetition 230
tcp_ping received 48 bytes back
Round trip time was 0.038412 milliseconds in repetition 231
tcp_ping received 48 bytes back
Round trip time was 0.038335 milliseconds in repetition 232
tcp_ping received 48 bytes back
Round trip time was 0.038425 milliseconds in repetition 233
tcp_ping received 48 bytes back
Round trip time was 0.038056 milliseconds in repetition 234
tcp_ping received 48 bytes back
Round trip time was 0.037938 milliseconds in repetition 235
tcp_ping received 48 bytes back
Round trip time was 0.037817 milliseconds in repetition 236
tcp_ping received 48 bytes back
Round trip time was 0.038093 milliseconds in repetition 237
tcp_ping received 48 bytes back
Round trip time was 0.037897 milliseconds in repetition 238
tcp_ping received 48 bytes back
Round trip time was 0.037937 milliseconds in repetition 239
tcp_ping received 48 bytes back
Round trip time was 0.03809 milliseconds in repetition 240
tcp_ping received 48 bytes back
Round trip time was 0.038077 milliseconds in repetition 241
tcp_ping received 48 bytes back
Round trip time was 0.037853 milliseconds in repetition 242
tcp_ping received 48 bytes back
Round trip time was 0.038005 milliseconds in repetition 243
tcp_ping received 48 bytes back
Round trip time was 0.038004 milliseconds in repetition 244
tcp_ping received 48 bytes back
Round trip time was 0.038126 milliseconds in repetition 245
tcp_ping received 48 bytes back
Round trip time was 0.066727 milliseconds in repetition 246
tcp_ping received 48 bytes back
Round trip time was 0.049557 milliseconds in repetition 247
tcp_ping received 48 bytes back
Round trip time was 0.045841 milliseconds in repetition 248
tcp_ping received 48 bytes back
Round trip time was 0.047181 milliseconds in repetition 249
tcp_ping received 48 bytes back
Round trip time was 0.046198 milliseconds in repetition 250
tcp_ping received 48 bytes back
Round trip time was 0.080072 milliseconds in repetition 251
tcp_ping received 48 bytes back
Round trip time was 0.055644 milliseconds in repetition 252
tcp_ping received 48 bytes back
Round trip time was 0.049155 milliseconds in repetition 253
tcp_ping received 48 bytes back
Round trip time was 0.043197 milliseconds in repetition 254
tcp_ping received 48 bytes back
Round trip time was 0.060408 milliseconds in repetition 255
tcp_ping received 48 bytes back
Round trip time was 0.056687 milliseconds in repetition 256
tcp_ping received 48 bytes back
Round trip time was 0.058404 milliseconds in repetition 257
tcp_ping received 48 bytes back
Round trip time was 0.048564 milliseconds in repetition 258
tcp_ping received 48 bytes back
Round trip time was 0.04896 milliseconds in repetition 259
tcp_ping received 48 bytes back
Round trip time was 0.052302 milliseconds in repetition 260
tcp_ping received 48 bytes back
Round trip time was 0.055652 milliseconds in repetition 261
tcp_ping received 48 bytes back
Round trip time was 0.056757 milliseconds in repetition 262
tcp_ping received 48 bytes back
Round trip time was 0.049265 milliseconds in repetition 263
tcp_ping received 48 bytes back
Round trip time was 0.048814 milliseconds in repetition 264
tcp_ping received 48 bytes back
Round trip time was 0.044627 milliseconds in repetition 265
tcp_ping received 48 bytes back
Round trip time was 0.039025 milliseconds in repetition 266
tcp_ping received 48 bytes back
Round trip time was 0.091076 milliseconds in repetition 267
tcp_ping received 48 bytes back
Round trip time was 0.084677 milliseconds in repetition 268
tcp_ping received 48 bytes back
Round trip time was 0.098599 milliseconds in repetition 269
tcp_ping received 48 bytes back
Round trip time was 0.051388 milliseconds in repetition 270
tcp_ping received 48 bytes back
Round trip time was 0.060349 milliseconds in repetition 271
tcp_ping received 48 bytes back
Round trip time was 0.055111 milliseconds in repetition 272
tcp_ping received 48 bytes back
Round trip time was 0.054362 milliseconds in repetition 273
tcp_ping received 48 bytes back
Round trip time was 0.052344 milliseconds in repetition 274
tcp_ping received 48 bytes back
Round trip time was 0.051994 milliseconds in repetition 275
tcp_ping received 48 bytes back
Round trip time was 0.05298 milliseconds in repetition 276
tcp_ping received 48 bytes back
Round trip time was 0.049762 milliseconds in repetition 277
tcp_ping received 48 bytes back
Round trip time was 0.049401 milliseconds in repetition 278
tcp_ping received 48 bytes back
Round trip time was 0.047247 milliseconds in repetition 279
tcp_ping received 48 bytes back
Round trip time was 0.047755 milliseconds in repetition 280
tcp_ping received 48 bytes back
Round trip time was 0.047437 milliseconds in repetition 281
tcp_ping received 48 bytes back
Round trip time was 0.05017 milliseconds in repetition 282
tcp_ping received 48 bytes back
Round trip time was 0.049263 milliseconds in repetition 283
tcp_ping received 48 bytes back
Round trip time was 0.048441 milliseconds in repetition 284
tcp_ping received 48 bytes back
Round trip time was 0.048589 milliseconds in repetition 285
tcp_ping received 48 bytes back
Round trip time was 0.099473 milliseconds in repetition 286
tcp_ping received 48 bytes back
Round trip time was 0.050524 milliseconds in repetition 287
tcp_ping received 48 bytes back
Round trip time was 0.054268 milliseconds in repetition 288
tcp_ping received 48 bytes back
Round trip time was 0.057664 milliseconds in repetition 289
tcp_ping received 48 bytes back
Round trip time was 0.061348 milliseconds in repetition 290
tcp_ping received 48 bytes back
Round trip time was 0.056109 milliseconds in repetition 291
tcp_ping received 48 bytes back
Round trip time was 0.043922 milliseconds in repetition 292
tcp_ping received 48 bytes back
Round trip time was 0.043909 milliseconds in repetition 293
tcp_ping received 48 bytes back
Round trip time was 0.044171 milliseconds in repetition 294
tcp_ping received 48 bytes back
Round trip time was 0.042644 milliseconds in repetition 295
tcp_ping received 48 bytes back
Round trip time was 0.042344 milliseconds in repetition 296
tcp_ping received 48 bytes back
Round trip time was 0.042888 milliseconds in repetition 297
tcp_ping received 48 bytes back
Round trip time was 0.050398 milliseconds in repetition 298
tcp_ping received 48 bytes back
Round trip time was 0.065343 milliseconds in repetition 299
tcp_ping received 48 bytes back
Round trip time was 0.04368 milliseconds in repetition 300
tcp_ping received 48 bytes back
Round trip time was 0.037496 milliseconds in repetition 301
tcp_ping received 48 bytes back
Round trip time was 0.037078 milliseconds in repetition 302
tcp_ping received 48 bytes back
Round trip time was 0.03734 milliseconds in repetition 303
tcp_ping received 48 bytes back
Round trip time was 0.036825 milliseconds in repetition 304
tcp_ping received 48 bytes back
Round trip time was 0.037392 milliseconds in repetition 305
tcp_ping received 48 bytes back
Round trip time was 0.03683 milliseconds in repetition 306
tcp_ping received 48 bytes back
Round trip time was 0.036794 milliseconds in repetition 307
tcp_ping received 48 bytes back
Round trip time was 0.037108 milliseconds in repetition 308
tcp_ping received 48 bytes back
Round trip time was 0.03705 milliseconds in repetition 309
tcp_ping received 48 bytes back
Round trip time was 0.036966 milliseconds in repetition 310
tcp_ping received 48 bytes back
Round trip time was 0.037108 milliseconds in repetition 311
tcp_ping received 48 bytes back
Round trip time was 0.036908 milliseconds in repetition 312
tcp_ping received 48 bytes back
Round trip time was 0.042593 milliseconds in repetition 313
tcp_ping received 48 bytes back
Round trip time was 0.037647 milliseconds in repetition 314
tcp_ping received 48 bytes back
Round trip time was 0.037302 milliseconds in repetition 315
tcp_ping received 48 bytes back
Round trip time was 0.037563 milliseconds in repetition 316
tcp_ping received 48 bytes back
Round trip time was 0.036983 milliseconds in repetition 317
tcp_ping received 48 bytes back
Round trip time was 0.037017 milliseconds in repetition 318
tcp_ping received 48 bytes back
Round trip time was 0.036858 milliseconds in repetition 319
tcp_ping received 48 bytes back
Round trip time was 0.037166 milliseconds in repetition 320
tcp_ping received 48 bytes back
Round trip time was 0.037297 milliseconds in repetition 321
tcp_ping received 48 bytes back
Round trip time was 0.037015 milliseconds in repetition 322
tcp_ping received 48 bytes back
Round trip time was 0.036901 milliseconds in repetition 323
tcp_ping received 48 bytes back
Round trip time was 0.037151 milliseconds in repetition 324
tcp_ping received 48 bytes back
Round trip time was 0.037054 milliseconds in repetition 325
tcp_ping received 48 bytes back
Round trip time was 0.037601 milliseconds in repetition 326
tcp_ping received 48 bytes back
Round trip time was 0.036944 milliseconds in repetition 327
tcp_ping received 48 bytes back
Round trip time was 0.036862 milliseconds in repetition 328
tcp_ping received 48 bytes back
Round trip time was 0.037116 milliseconds in repetition 329
tcp_ping received 48 bytes back
Round trip time was 0.037228 milliseconds in repetition 330
tcp_ping received 48 bytes back
Round trip time was 0.037311 milliseconds in repetition 331
tcp_ping received 48 bytes back
Round trip time was 0.037001 milliseconds in repetition 332
tcp_ping received 48 bytes back
Round trip time was 0.037212 milliseconds in repetition 333
tcp_ping received 48 bytes back
Round trip time was 0.037337 milliseconds in repetition 334
tcp_ping received 48 bytes back
Round trip time was 0.037077 milliseconds in repetition 335
tcp_ping received 48 bytes back
Round trip time was 0.037238 milliseconds in repetition 336
tcp_ping received 48 bytes back
Round trip time was 0.036909 milliseconds in repetition 337
tcp_ping received 48 bytes back
Round trip time was 0.037165 milliseconds in repetition 338
tcp_ping received 48 bytes back
Round trip time was 0.036954 milliseconds in repetition 339
tcp_ping received 48 bytes back
Round trip time was 0.03693 milliseconds in repetition 340
tcp_ping received 48 bytes back
Round trip time was 0.036974 milliseconds in repetition 341
tcp_ping received 48 bytes back
Round trip time was 0.037104 milliseconds in repetition 342
tcp_ping received 48 bytes back
Round trip time was 0.03731 milliseconds in repetition 343
tcp_ping received 48 bytes back
Round trip time was 0.037155 milliseconds in repetition 344
tcp_ping received 48 bytes back
Round trip time was 0.03677 milliseconds in repetition 345
tcp_ping received 48 bytes back
Round trip time was 0.03721 milliseconds in repetition 346
tcp_ping received 48 bytes back
Round trip time was 0.036945 milliseconds in repetition 347
tcp_ping received 48 bytes back
Round trip time was 0.037309 milliseconds in repetition 348
tcp_ping received 48 bytes back
Round trip time was 0.036942 milliseconds in repetition 349
tcp_ping received 48 bytes back
Round trip time was 0.037295 milliseconds in repetition 350
tcp_ping received 48 bytes back
Round trip time was 0.037021 milliseconds in repetition 351
tcp_ping received 48 bytes back
Round trip time was 0.036866 milliseconds in repetition 352
tcp_ping received 48 bytes back
Round trip time was 0.037077 milliseconds in repetition 353
tcp_ping received 48 bytes back
Round trip time was 0.037105 milliseconds in repetition 354
tcp_ping received 48 bytes back
Round trip time was 0.037112 milliseconds in repetition 355
tcp_ping received 48 bytes back
Round trip time was 0.049522 milliseconds in repetition 356
tcp_ping received 48 bytes back
Round trip time was 0.048055 milliseconds in repetition 357
tcp_ping received 48 bytes back
Round trip time was 0.042177 milliseconds in repetition 358
tcp_ping received 48 bytes back
Round trip time was 0.038218 milliseconds in repetition 359
tcp_ping received 48 bytes back
Round trip time was 0.038044 milliseconds in repetition 360
tcp_ping received 48 bytes back
Round trip time was 0.038222 milliseconds in repetition 361
tcp_ping received 48 bytes back
Round trip time was 0.038544 milliseconds in repetition 362
tcp_ping received 48 bytes back
Round trip time was 0.038149 milliseconds in repetition 363
tcp_ping received 48 bytes back
Round trip time was 0.038355 milliseconds in repetition 364
tcp_ping received 48 bytes back
Round trip time was 0.038074 milliseconds in repetition 365
tcp_ping received 48 bytes back
Round trip time was 0.038241 milliseconds in repetition 366
tcp_ping received 48 bytes back
Round trip time was 0.038234 milliseconds in repetition 367
tcp_ping received 48 bytes back
Round trip time was 0.038169 milliseconds in repetition 368
tcp_ping received 48 bytes back
Round trip time was 0.037945 milliseconds in repetition 369
tcp_ping received 48 bytes back
Round trip time was 0.037943 milliseconds in repetition 370
tcp_ping received 48 bytes back
Round trip time was 0.038195 milliseconds in repetition 371
tcp_ping received 48 bytes back
Round trip time was 0.038202 milliseconds in repetition 372
tcp_ping received 48 bytes back
Round trip time was 0.038318 milliseconds in repetition 373
tcp_ping received 48 bytes back
Round trip time was 0.037973 milliseconds in repetition 374
tcp_ping received 48 bytes back
Round trip time was 0.038187 milliseconds in repetition 375
tcp_ping received 48 bytes back
Round trip time was 0.038421 milliseconds in repetition 376
tcp_ping received 48 bytes back
Round trip time was 0.038316 milliseconds in repetition 377
tcp_ping received 48 bytes back
Round trip time was 0.038037 milliseconds in repetition 378
tcp_ping received 48 bytes back
Round trip time was 0.037979 milliseconds in repetition 379
tcp_ping received 48 bytes back
Round trip time was 0.038197 milliseconds in repetition 380
tcp_ping received 48 bytes back
Round trip time was 0.0383 milliseconds in repetition 381
tcp_ping received 48 bytes back
Round trip time was 0.037943 milliseconds in repetition 382
tcp_ping received 48 bytes back
Round trip time was 0.038029 milliseconds in repetition 383
tcp_ping received 48 bytes back
Round trip time was 0.038057 milliseconds in repetition 384
tcp_ping received 48 bytes back
Round trip time was 0.037949 milliseconds in repetition 385
tcp_ping received 48 bytes back
Round trip time was 0.038185 milliseconds in repetition 386
tcp_ping received 48 bytes back
Round trip time was 0.038019 milliseconds in repetition 387
tcp_ping received 48 bytes back
Round trip time was 0.037969 milliseconds in repetition 388
tcp_ping received 48 bytes back
Round trip time was 0.03814 milliseconds in repetition 389
tcp_ping received 48 bytes back
Round trip time was 0.038517 milliseconds in repetition 390
tcp_ping received 48 bytes back
Round trip time was 0.038411 milliseconds in repetition 391
tcp_ping received 48 bytes back
Round trip time was 0.038068 milliseconds in repetition 392
tcp_ping received 48 bytes back
Round trip time was 0.038125 milliseconds in repetition 393
tcp_ping received 48 bytes back
Round trip time was 0.03822 milliseconds in repetition 394
tcp_ping received 48 bytes back
Round trip time was 0.038119 milliseconds in repetition 395
tcp_ping received 48 bytes back
Round trip time was 0.038613 milliseconds in repetition 396
tcp_ping received 48 bytes back
Round trip time was 0.038289 milliseconds in repetition 397
tcp_ping received 48 bytes back
Round trip time was 0.038056 milliseconds in repetition 398
tcp_ping received 48 bytes back
Round trip time was 0.037909 milliseconds in repetition 399
tcp_ping received 48 bytes back
Round trip time was 0.03805 milliseconds in repetition 400
tcp_ping received 48 bytes back
Round trip time was 0.037971 milliseconds in repetition 401
tcp_ping received 48 bytes back
Round trip time was 0.038921 milliseconds in repetition 402
tcp_ping received 48 bytes back
Round trip time was 0.03864 milliseconds in repetition 403
tcp_ping received 48 bytes back
Round trip time was 0.038238 milliseconds in repetition 404
tcp_ping received 48 bytes back
Round trip time was 0.038569 milliseconds in repetition 405
tcp_ping received 48 bytes back
Round trip time was 0.038491 milliseconds in repetition 406
tcp_ping received 48 bytes back
Round trip time was 0.038618 milliseconds in repetition 407
tcp_ping received 48 bytes back
Round trip time was 0.038011 milliseconds in repetition 408
tcp_ping received 48 bytes back
Round trip time was 0.038564 milliseconds in repetition 409
tcp_ping received 48 bytes back
Round trip time was 0.037886 milliseconds in repetition 410
tcp_ping received 48 bytes back
Round trip time was 0.038796 milliseconds in repetition 411
tcp_ping received 48 bytes back
Round trip time was 0.038251 milliseconds in repetition 412
tcp_ping received 48 bytes back
Round trip time was 0.038109 milliseconds in repetition 413
tcp_ping received 48 bytes back
Round trip time was 0.038338 milliseconds in repetition 414
tcp_ping received 48 bytes back
Round trip time was 0.037887 milliseconds in repetition 415
tcp_ping received 48 bytes back
Round trip time was 0.038128 milliseconds in repetition 416
tcp_ping received 48 bytes back
Round trip time was 0.038224 milliseconds in repetition 417
tcp_ping received 48 bytes back
Round trip time was 0.038161 milliseconds in repetition 418
tcp_ping received 48 bytes back
Round trip time was 0.03822 milliseconds in repetition 419
tcp_ping received 48 bytes back
Round trip time was 0.038424 milliseconds in repetition 420
tcp_ping received 48 bytes back
Round trip time was 0.038339 milliseconds in repetition 421
tcp_ping received 48 bytes back
Round trip time was 0.038286 milliseconds in repetition 422
tcp_ping received 48 bytes back
Round trip time was 0.038104 milliseconds in repetition 423
tcp_ping received 48 bytes back
Round trip time was 0.038207 milliseconds in repetition 424
tcp_ping received 48 bytes back
Round trip time was 0.038298 milliseconds in repetition 425
tcp_ping received 48 bytes back
Round trip time was 0.038109 milliseconds in repetition 426
tcp_ping received 48 bytes back
Round trip time was 0.038162 milliseconds in repetition 427
tcp_ping received 48 bytes back
Round trip time was 0.038641 milliseconds in repetition 428
tcp_ping received 48 bytes back
Round trip time was 0.038295 milliseconds in repetition 429
tcp_ping received 48 bytes back
Round trip time was 0.03845 milliseconds in repetition 430
tcp_ping received 48 bytes back
Round trip time was 0.037969 milliseconds in repetition 431
tcp_ping received 48 bytes back
Round trip time was 0.038002 milliseconds in repetition 432
tcp_ping received 48 bytes back
Round trip time was 0.038144 milliseconds in repetition 433
tcp_ping received 48 bytes back
Round trip time was 0.038429 milliseconds in repetition 434
tcp_ping received 48 bytes back
Round trip time was 0.038215 milliseconds in repetition 435
tcp_ping received 48 bytes back
Round trip time was 0.038062 milliseconds in repetition 436
tcp_ping received 48 bytes back
Round trip time was 0.038295 milliseconds in repetition 437
tcp_ping received 48 bytes back
Round trip time was 0.038176 milliseconds in repetition 438
tcp_ping received 48 bytes back
Round trip time was 0.037907 milliseconds in repetition 439
tcp_ping received 48 bytes back
Round trip time was 0.038311 milliseconds in repetition 440
tcp_ping received 48 bytes back
Round trip time was 0.038761 milliseconds in repetition 441
tcp_ping received 48 bytes back
Round trip time was 0.038203 milliseconds in repetition 442
tcp_ping received 48 bytes back
Round trip time was 0.038507 milliseconds in repetition 443
tcp_ping received 48 bytes back
Round trip time was 0.038117 milliseconds in repetition 444
tcp_ping received 48 bytes back
Round trip time was 0.038264 milliseconds in repetition 445
tcp_ping received 48 bytes back
Round trip time was 0.038523 milliseconds in repetition 446
tcp_ping received 48 bytes back
Round trip time was 0.037918 milliseconds in repetition 447
tcp_ping received 48 bytes back
Round trip time was 0.038179 milliseconds in repetition 448
tcp_ping received 48 bytes back
Round trip time was 0.038261 milliseconds in repetition 449
tcp_ping received 48 bytes back
Round trip time was 0.038228 milliseconds in repetition 450
tcp_ping received 48 bytes back
Round trip time was 0.038278 milliseconds in repetition 451
tcp_ping received 48 bytes back
Round trip time was 0.038458 milliseconds in repetition 452
tcp_ping received 48 bytes back
Round trip time was 0.038144 milliseconds in repetition 453
tcp_ping received 48 bytes back
Round trip time was 0.037879 milliseconds in repetition 454
tcp_ping received 48 bytes back
Round trip time was 0.038045 milliseconds in repetition 455
tcp_ping received 48 bytes back
Round trip time was 0.038455 milliseconds in repetition 456
tcp_ping received 48 bytes back
Round trip time was 0.038304 milliseconds in repetition 457
tcp_ping received 48 bytes back
Round trip time was 0.038147 milliseconds in repetition 458
tcp_ping received 48 bytes back
Round trip time was 0.037742 milliseconds in repetition 459
tcp_ping received 48 bytes back
Round trip time was 0.038299 milliseconds in repetition 460
tcp_ping received 48 bytes back
Round trip time was 0.038179 milliseconds in repetition 461
tcp_ping received 48 bytes back
Round trip time was 0.038595 milliseconds in repetition 462
tcp_ping received 48 bytes back
Round trip time was 0.038449 milliseconds in repetition 463
tcp_ping received 48 bytes back
Round trip time was 0.038606 milliseconds in repetition 464
tcp_ping received 48 bytes back
Round trip time was 0.038264 milliseconds in repetition 465
tcp_ping received 48 bytes back
Round trip time was 0.038022 milliseconds in repetition 466
tcp_ping received 48 bytes back
Round trip time was 0.038213 milliseconds in repetition 467
tcp_ping received 48 bytes back
Round trip time was 0.03828 milliseconds in repetition 468
tcp_ping received 48 bytes back
Round trip time was 0.037923 milliseconds in repetition 469
tcp_ping received 48 bytes back
Round trip time was 0.03827 milliseconds in repetition 470
tcp_ping received 48 bytes back
Round trip time was 0.038085 milliseconds in repetition 471
tcp_ping received 48 bytes back
Round trip time was 0.03835 milliseconds in repetition 472
tcp_ping received 48 bytes back
Round trip time was 0.037943 milliseconds in repetition 473
tcp_ping received 48 bytes back
Round trip time was 0.0383 milliseconds in repetition 474
tcp_ping received 48 bytes back
Round trip time was 0.038377 milliseconds in repetition 475
tcp_ping received 48 bytes back
Round trip time was 0.038131 milliseconds in repetition 476
tcp_ping received 48 bytes back
Round trip time was 0.038778 milliseconds in repetition 477
tcp_ping received 48 bytes back
Round trip time was 0.041152 milliseconds in repetition 478
tcp_ping received 48 bytes back
Round trip time was 0.035603 milliseconds in repetition 479
tcp_ping received 48 bytes back
Round trip time was 0.04688 milliseconds in repetition 480
tcp_ping received 48 bytes back
Round trip time was 0.045502 milliseconds in repetition 481
tcp_ping received 48 bytes back
Round trip time was 0.045973 milliseconds in repetition 482
tcp_ping received 48 bytes back
Round trip time was 0.051722 milliseconds in repetition 483
tcp_ping received 48 bytes back
Round trip time was 0.051493 milliseconds in repetition 484
tcp_ping received 48 bytes back
Round trip time was 0.043524 milliseconds in repetition 485
tcp_ping received 48 bytes back
Round trip time was 0.046224 milliseconds in repetition 486
tcp_ping received 48 bytes back
Round trip time was 0.046991 milliseconds in repetition 487
tcp_ping received 48 bytes back
Round trip time was 0.045502 milliseconds in repetition 488
tcp_ping received 48 bytes back
Round trip time was 0.056003 milliseconds in repetition 489
tcp_ping received 48 bytes back
Round trip time was 0.049676 milliseconds in repetition 490
tcp_ping received 48 bytes back
Round trip time was 0.058651 milliseconds in repetition 491
tcp_ping received 48 bytes back
Round trip time was 0.05964 milliseconds in repetition 492
tcp_ping received 48 bytes back
Round trip time was 0.047903 milliseconds in repetition 493
tcp_ping received 48 bytes back
Round trip time was 0.07656 milliseconds in repetition 494
tcp_ping received 48 bytes back
Round trip time was 0.049405 milliseconds in repetition 495
tcp_ping received 48 bytes back
Round trip time was 0.041033 milliseconds in repetition 496
tcp_ping received 48 bytes back
Round trip time was 0.110886 milliseconds in repetition 497
tcp_ping received 48 bytes back
Round trip time was 0.041341 milliseconds in repetition 498
tcp_ping received 48 bytes back
Round trip time was 0.038254 milliseconds in repetition 499
tcp_ping received 48 bytes back
Round trip time was 0.052283 milliseconds in repetition 500
tcp_ping received 48 bytes back
Round trip time was 0.044482 milliseconds in repetition 501

 ... clock resolution was 1e-06
TCP Ping:  Statistics over 501 repetitions of 48 byte messages

RTT : percentile 10: 0.03734, median: 0.0383, percentile 90: 0.052635, average: 0.0427072, variance: 0.00011128

RTT histogram:
0.0356015 70
0.0396833 288
0.0437651 38
0.0478469 39
0.0519287 21
0.0560105 16
0.0600923 11
0.0641741 2
0.0682559 2
0.0723377 3
0.0764195 2
0.0805013 1
0.0845831 1
0.0886649 0
0.0927467 1
0.0968285 1
0.10091 1
0.104992 0
0.109074 1
0.113156 1
0.117237 2

   median Throughput : 2506.53 KB/s   overall Throughput : 2247.86 KB/s

