TCP Ping trying to connect to server localhost (127.0.0.1) on port 1491

... connected to Pong server: asking for 501 repetitions of 196608 bytes TCP messages
 ... Pong server agreed :-)
tcp_ping received 196608 bytes back
Round trip time was 0.642112 milliseconds in repetition 1
tcp_ping received 196608 bytes back
Round trip time was 0.668291 milliseconds in repetition 2
tcp_ping received 196608 bytes back
Round trip time was 0.600759 milliseconds in repetition 3
tcp_ping received 196608 bytes back
Round trip time was 0.654874 milliseconds in repetition 4
tcp_ping received 196608 bytes back
Round trip time was 0.581919 milliseconds in repetition 5
tcp_ping received 196608 bytes back
Round trip time was 0.607454 milliseconds in repetition 6
tcp_ping received 196608 bytes back
Round trip time was 0.636194 milliseconds in repetition 7
tcp_ping received 196608 bytes back
Round trip time was 0.558868 milliseconds in repetition 8
tcp_ping received 196608 bytes back
Round trip time was 0.595097 milliseconds in repetition 9
tcp_ping received 196608 bytes back
Round trip time was 0.71101 milliseconds in repetition 10
tcp_ping received 196608 bytes back
Round trip time was 0.681658 milliseconds in repetition 11
tcp_ping received 196608 bytes back
Round trip time was 0.659776 milliseconds in repetition 12
tcp_ping received 196608 bytes back
Round trip time was 0.624811 milliseconds in repetition 13
tcp_ping received 196608 bytes back
Round trip time was 0.731943 milliseconds in repetition 14
tcp_ping received 196608 bytes back
Round trip time was 0.687803 milliseconds in repetition 15
tcp_ping received 196608 bytes back
Round trip time was 0.640214 milliseconds in repetition 16
tcp_ping received 196608 bytes back
Round trip time was 0.653236 milliseconds in repetition 17
tcp_ping received 196608 bytes back
Round trip time was 0.650533 milliseconds in repetition 18
tcp_ping received 196608 bytes back
Round trip time was 0.677806 milliseconds in repetition 19
tcp_ping received 196608 bytes back
Round trip time was 0.630446 milliseconds in repetition 20
tcp_ping received 196608 bytes back
Round trip time was 0.783452 milliseconds in repetition 21
tcp_ping received 196608 bytes back
Round trip time was 0.658031 milliseconds in repetition 22
tcp_ping received 196608 bytes back
Round trip time was 0.716236 milliseconds in repetition 23
tcp_ping received 196608 bytes back
Round trip time was 0.664743 milliseconds in repetition 24
tcp_ping received 196608 bytes back
Round trip time was 0.876974 milliseconds in repetition 25
tcp_ping received 196608 bytes back
Round trip time was 0.630348 milliseconds in repetition 26
tcp_ping received 196608 bytes back
Round trip time was 0.694496 milliseconds in repetition 27
tcp_ping received 196608 bytes back
Round trip time was 0.639924 milliseconds in repetition 28
tcp_ping received 196608 bytes back
Round trip time was 0.641181 milliseconds in repetition 29
tcp_ping received 196608 bytes back
Round trip time was 0.590103 milliseconds in repetition 30
tcp_ping received 196608 bytes back
Round trip time was 0.576931 milliseconds in repetition 31
tcp_ping received 196608 bytes back
Round trip time was 0.61128 milliseconds in repetition 32
tcp_ping received 196608 bytes back
Round trip time was 0.603337 milliseconds in repetition 33
tcp_ping received 196608 bytes back
Round trip time was 0.611594 milliseconds in repetition 34
tcp_ping received 196608 bytes back
Round trip time was 0.752952 milliseconds in repetition 35
tcp_ping received 196608 bytes back
Round trip time was 0.639899 milliseconds in repetition 36
tcp_ping received 196608 bytes back
Round trip time was 0.616894 milliseconds in repetition 37
tcp_ping received 196608 bytes back
Round trip time was 0.616236 milliseconds in repetition 38
tcp_ping received 196608 bytes back
Round trip time was 0.795061 milliseconds in repetition 39
tcp_ping received 196608 bytes back
Round trip time was 0.619932 milliseconds in repetition 40
tcp_ping received 196608 bytes back
Round trip time was 0.687905 milliseconds in repetition 41
tcp_ping received 196608 bytes back
Round trip time was 0.632049 milliseconds in repetition 42
tcp_ping received 196608 bytes back
Round trip time was 0.619584 milliseconds in repetition 43
tcp_ping received 196608 bytes back
Round trip time was 0.596403 milliseconds in repetition 44
tcp_ping received 196608 bytes back
Round trip time was 0.640891 milliseconds in repetition 45
tcp_ping received 196608 bytes back
Round trip time was 0.575777 milliseconds in repetition 46
tcp_ping received 196608 bytes back
Round trip time was 0.631172 milliseconds in repetition 47
tcp_ping received 196608 bytes back
Round trip time was 0.623871 milliseconds in repetition 48
tcp_ping received 196608 bytes back
Round trip time was 0.593127 milliseconds in repetition 49
tcp_ping received 196608 bytes back
Round trip time was 0.605993 milliseconds in repetition 50
tcp_ping received 196608 bytes back
Round trip time was 0.605409 milliseconds in repetition 51
tcp_ping received 196608 bytes back
Round trip time was 0.609867 milliseconds in repetition 52
tcp_ping received 196608 bytes back
Round trip time was 0.629055 milliseconds in repetition 53
tcp_ping received 196608 bytes back
Round trip time was 0.610006 milliseconds in repetition 54
tcp_ping received 196608 bytes back
Round trip time was 0.740227 milliseconds in repetition 55
tcp_ping received 196608 bytes back
Round trip time was 0.664293 milliseconds in repetition 56
tcp_ping received 196608 bytes back
Round trip time was 0.668387 milliseconds in repetition 57
tcp_ping received 196608 bytes back
Round trip time was 0.693786 milliseconds in repetition 58
tcp_ping received 196608 bytes back
Round trip time was 0.681972 milliseconds in repetition 59
tcp_ping received 196608 bytes back
Round trip time was 0.72162 milliseconds in repetition 60
tcp_ping received 196608 bytes back
Round trip time was 0.685127 milliseconds in repetition 61
tcp_ping received 196608 bytes back
Round trip time was 0.688523 milliseconds in repetition 62
tcp_ping received 196608 bytes back
Round trip time was 0.687052 milliseconds in repetition 63
tcp_ping received 196608 bytes back
Round trip time was 0.697588 milliseconds in repetition 64
tcp_ping received 196608 bytes back
Round trip time was 0.677039 milliseconds in repetition 65
tcp_ping received 196608 bytes back
Round trip time was 0.692423 milliseconds in repetition 66
tcp_ping received 196608 bytes back
Round trip time was 0.727567 milliseconds in repetition 67
tcp_ping received 196608 bytes back
Round trip time was 0.708042 milliseconds in repetition 68
tcp_ping received 196608 bytes back
Round trip time was 0.764393 milliseconds in repetition 69
tcp_ping received 196608 bytes back
Round trip time was 0.732657 milliseconds in repetition 70
tcp_ping received 196608 bytes back
Round trip time was 0.777896 milliseconds in repetition 71
tcp_ping received 196608 bytes back
Round trip time was 0.598498 milliseconds in repetition 72
tcp_ping received 196608 bytes back
Round trip time was 0.698861 milliseconds in repetition 73
tcp_ping received 196608 bytes back
Round trip time was 0.678129 milliseconds in repetition 74
tcp_ping received 196608 bytes back
Round trip time was 0.613282 milliseconds in repetition 75
tcp_ping received 196608 bytes back
Round trip time was 0.659452 milliseconds in repetition 76
tcp_ping received 196608 bytes back
Round trip time was 0.633246 milliseconds in repetition 77
tcp_ping received 196608 bytes back
Round trip time was 0.708761 milliseconds in repetition 78
tcp_ping received 196608 bytes back
Round trip time was 0.661944 milliseconds in repetition 79
tcp_ping received 196608 bytes back
Round trip time was 0.639534 milliseconds in repetition 80
tcp_ping received 196608 bytes back
Round trip time was 0.561056 milliseconds in repetition 81
tcp_ping received 196608 bytes back
Round trip time was 0.694238 milliseconds in repetition 82
tcp_ping received 196608 bytes back
Round trip time was 0.667443 milliseconds in repetition 83
tcp_ping received 196608 bytes back
Round trip time was 0.640515 milliseconds in repetition 84
tcp_ping received 196608 bytes back
Round trip time was 0.773173 milliseconds in repetition 85
tcp_ping received 196608 bytes back
Round trip time was 0.651004 milliseconds in repetition 86
tcp_ping received 196608 bytes back
Round trip time was 0.62861 milliseconds in repetition 87
tcp_ping received 196608 bytes back
Round trip time was 0.63522 milliseconds in repetition 88
tcp_ping received 196608 bytes back
Round trip time was 0.637423 milliseconds in repetition 89
tcp_ping received 196608 bytes back
Round trip time was 0.623147 milliseconds in repetition 90
tcp_ping received 196608 bytes back
Round trip time was 0.634362 milliseconds in repetition 91
tcp_ping received 196608 bytes back
Round trip time was 0.638814 milliseconds in repetition 92
tcp_ping received 196608 bytes back
Round trip time was 0.692109 milliseconds in repetition 93
tcp_ping received 196608 bytes back
Round trip time was 0.750587 milliseconds in repetition 94
tcp_ping received 196608 bytes back
Round trip time was 0.706981 milliseconds in repetition 95
tcp_ping received 196608 bytes back
Round trip time was 0.606909 milliseconds in repetition 96
tcp_ping received 196608 bytes back
Round trip time was 0.560803 milliseconds in repetition 97
tcp_ping received 196608 bytes back
Round trip time was 0.649053 milliseconds in repetition 98
tcp_ping received 196608 bytes back
Round trip time was 0.657915 milliseconds in repetition 99
tcp_ping received 196608 bytes back
Round trip time was 0.65197 milliseconds in repetition 100
tcp_ping received 196608 bytes back
Round trip time was 0.694906 milliseconds in repetition 101
tcp_ping received 196608 bytes back
Round trip time was 0.675886 milliseconds in repetition 102
tcp_ping received 196608 bytes back
Round trip time was 0.659532 milliseconds in repetition 103
tcp_ping received 196608 bytes back
Round trip time was 0.650193 milliseconds in repetition 104
tcp_ping received 196608 bytes back
Round trip time was 0.67148 milliseconds in repetition 105
tcp_ping received 196608 bytes back
Round trip time was 0.811449 milliseconds in repetition 106
tcp_ping received 196608 bytes back
Round trip time was 0.685306 milliseconds in repetition 107
tcp_ping received 196608 bytes back
Round trip time was 0.660747 milliseconds in repetition 108
tcp_ping received 196608 bytes back
Round trip time was 0.626888 milliseconds in repetition 109
tcp_ping received 196608 bytes back
Round trip time was 0.633972 milliseconds in repetition 110
tcp_ping received 196608 bytes back
Round trip time was 0.634678 milliseconds in repetition 111
tcp_ping received 196608 bytes back
Round trip time was 0.644335 milliseconds in repetition 112
tcp_ping received 196608 bytes back
Round trip time was 0.652963 milliseconds in repetition 113
tcp_ping received 196608 bytes back
Round trip time was 0.662793 milliseconds in repetition 114
tcp_ping received 196608 bytes back
Round trip time was 0.655989 milliseconds in repetition 115
tcp_ping received 196608 bytes back
Round trip time was 0.653545 milliseconds in repetition 116
tcp_ping received 196608 bytes back
Round trip time was 0.687826 milliseconds in repetition 117
tcp_ping received 196608 bytes back
Round trip time was 0.677933 milliseconds in repetition 118
tcp_ping received 196608 bytes back
Round trip time was 0.7022 milliseconds in repetition 119
tcp_ping received 196608 bytes back
Round trip time was 0.667024 milliseconds in repetition 120
tcp_ping received 196608 bytes back
Round trip time was 0.649674 milliseconds in repetition 121
tcp_ping received 196608 bytes back
Round trip time was 0.627378 milliseconds in repetition 122
tcp_ping received 196608 bytes back
Round trip time was 0.659323 milliseconds in repetition 123
tcp_ping received 196608 bytes back
Round trip time was 0.626315 milliseconds in repetition 124
tcp_ping received 196608 bytes back
Round trip time was 0.661927 milliseconds in repetition 125
tcp_ping received 196608 bytes back
Round trip time was 0.643245 milliseconds in repetition 126
tcp_ping received 196608 bytes back
Round trip time was 0.668551 milliseconds in repetition 127
tcp_ping received 196608 bytes back
Round trip time was 0.666471 milliseconds in repetition 128
tcp_ping received 196608 bytes back
Round trip time was 0.793435 milliseconds in repetition 129
tcp_ping received 196608 bytes back
Round trip time was 0.66483 milliseconds in repetition 130
tcp_ping received 196608 bytes back
Round trip time was 0.622172 milliseconds in repetition 131
tcp_ping received 196608 bytes back
Round trip time was 0.626986 milliseconds in repetition 132
tcp_ping received 196608 bytes back
Round trip time was 0.623378 milliseconds in repetition 133
tcp_ping received 196608 bytes back
Round trip time was 1.27538 milliseconds in repetition 134
tcp_ping received 196608 bytes back
Round trip time was 0.634247 milliseconds in repetition 135
tcp_ping received 196608 bytes back
Round trip time was 0.648736 milliseconds in repetition 136
tcp_ping received 196608 bytes back
Round trip time was 0.662354 milliseconds in repetition 137
tcp_ping received 196608 bytes back
Round trip time was 0.663657 milliseconds in repetition 138
tcp_ping received 196608 bytes back
Round trip time was 0.656842 milliseconds in repetition 139
tcp_ping received 196608 bytes back
Round trip time was 0.703588 milliseconds in repetition 140
tcp_ping received 196608 bytes back
Round trip time was 0.689817 milliseconds in repetition 141
tcp_ping received 196608 bytes back
Round trip time was 0.635276 milliseconds in repetition 142
tcp_ping received 196608 bytes back
Round trip time was 0.551675 milliseconds in repetition 143
tcp_ping received 196608 bytes back
Round trip time was 0.547372 milliseconds in repetition 144
tcp_ping received 196608 bytes back
Round trip time was 0.581115 milliseconds in repetition 145
tcp_ping received 196608 bytes back
Round trip time was 0.592634 milliseconds in repetition 146
tcp_ping received 196608 bytes back
Round trip time was 0.596656 milliseconds in repetition 147
tcp_ping received 196608 bytes back
Round trip time was 0.611291 milliseconds in repetition 148
tcp_ping received 196608 bytes back
Round trip time was 0.592879 milliseconds in repetition 149
tcp_ping received 196608 bytes back
Round trip time was 0.54913 milliseconds in repetition 150
tcp_ping received 196608 bytes back
Round trip time was 0.596191 milliseconds in repetition 151
tcp_ping received 196608 bytes back
Round trip time was 0.585008 milliseconds in repetition 152
tcp_ping received 196608 bytes back
Round trip time was 0.551498 milliseconds in repetition 153
tcp_ping received 196608 bytes back
Round trip time was 0.641213 milliseconds in repetition 154
tcp_ping received 196608 bytes back
Round trip time was 0.612733 milliseconds in repetition 155
tcp_ping received 196608 bytes back
Round trip time was 0.5469 milliseconds in repetition 156
tcp_ping received 196608 bytes back
Round trip time was 0.557646 milliseconds in repetition 157
tcp_ping received 196608 bytes back
Round trip time was 0.552703 milliseconds in repetition 158
tcp_ping received 196608 bytes back
Round trip time was 0.555279 milliseconds in repetition 159
tcp_ping received 196608 bytes back
Round trip time was 0.558484 milliseconds in repetition 160
tcp_ping received 196608 bytes back
Round trip time was 0.542504 milliseconds in repetition 161
tcp_ping received 196608 bytes back
Round trip time was 0.545771 milliseconds in repetition 162
tcp_ping received 196608 bytes back
Round trip time was 0.552438 milliseconds in repetition 163
tcp_ping received 196608 bytes back
Round trip time was 0.576537 milliseconds in repetition 164
tcp_ping received 196608 bytes back
Round trip time was 0.581067 milliseconds in repetition 165
tcp_ping received 196608 bytes back
Round trip time was 0.572418 milliseconds in repetition 166
tcp_ping received 196608 bytes back
Round trip time was 0.585174 milliseconds in repetition 167
tcp_ping received 196608 bytes back
Round trip time was 0.617751 milliseconds in repetition 168
tcp_ping received 196608 bytes back
Round trip time was 0.720157 milliseconds in repetition 169
tcp_ping received 196608 bytes back
Round trip time was 0.659574 milliseconds in repetition 170
tcp_ping received 196608 bytes back
Round trip time was 0.574511 milliseconds in repetition 171
tcp_ping received 196608 bytes back
Round trip time was 0.558604 milliseconds in repetition 172
tcp_ping received 196608 bytes back
Round trip time was 0.55582 milliseconds in repetition 173
tcp_ping received 196608 bytes back
Round trip time was 0.55178 milliseconds in repetition 174
tcp_ping received 196608 bytes back
Round trip time was 0.549348 milliseconds in repetition 175
tcp_ping received 196608 bytes back
Round trip time was 0.55817 milliseconds in repetition 176
tcp_ping received 196608 bytes back
Round trip time was 0.553057 milliseconds in repetition 177
tcp_ping received 196608 bytes back
Round trip time was 0.547468 milliseconds in repetition 178
tcp_ping received 196608 bytes back
Round trip time was 0.559937 milliseconds in repetition 179
tcp_ping received 196608 bytes back
Round trip time was 0.624921 milliseconds in repetition 180
tcp_ping received 196608 bytes back
Round trip time was 0.707963 milliseconds in repetition 181
tcp_ping received 196608 bytes back
Round trip time was 0.634642 milliseconds in repetition 182
tcp_ping received 196608 bytes back
Round trip time was 0.612944 milliseconds in repetition 183
tcp_ping received 196608 bytes back
Round trip time was 0.610243 milliseconds in repetition 184
tcp_ping received 196608 bytes back
Round trip time was 0.619591 milliseconds in repetition 185
tcp_ping received 196608 bytes back
Round trip time was 0.589363 milliseconds in repetition 186
tcp_ping received 196608 bytes back
Round trip time was 0.575577 milliseconds in repetition 187
tcp_ping received 196608 bytes back
Round trip time was 0.671538 milliseconds in repetition 188
tcp_ping received 196608 bytes back
Round trip time was 0.675156 milliseconds in repetition 189
tcp_ping received 196608 bytes back
Round trip time was 0.556158 milliseconds in repetition 190
tcp_ping received 196608 bytes back
Round trip time was 0.614943 milliseconds in repetition 191
tcp_ping received 196608 bytes back
Round trip time was 0.543584 milliseconds in repetition 192
tcp_ping received 196608 bytes back
Round trip time was 0.726344 milliseconds in repetition 193
tcp_ping received 196608 bytes back
Round trip time was 0.538169 milliseconds in repetition 194
tcp_ping received 196608 bytes back
Round trip time was 0.610249 milliseconds in repetition 195
tcp_ping received 196608 bytes back
Round trip time was 0.59631 milliseconds in repetition 196
tcp_ping received 196608 bytes back
Round trip time was 0.557092 milliseconds in repetition 197
tcp_ping received 196608 bytes back
Round trip time was 0.562809 milliseconds in repetition 198
tcp_ping received 196608 bytes back
Round trip time was 0.55058 milliseconds in repetition 199
tcp_ping received 196608 bytes back
Round trip time was 0.528715 milliseconds in repetition 200
tcp_ping received 196608 bytes back
Round trip time was 0.54595 milliseconds in repetition 201
tcp_ping received 196608 bytes back
Round trip time was 0.585242 milliseconds in repetition 202
tcp_ping received 196608 bytes back
Round trip time was 0.567322 milliseconds in repetition 203
tcp_ping received 196608 bytes back
Round trip time was 0.542047 milliseconds in repetition 204
tcp_ping received 196608 bytes back
Round trip time was 0.60755 milliseconds in repetition 205
tcp_ping received 196608 bytes back
Round trip time was 0.575807 milliseconds in repetition 206
tcp_ping received 196608 bytes back
Round trip time was 0.671047 milliseconds in repetition 207
tcp_ping received 196608 bytes back
Round trip time was 0.63308 milliseconds in repetition 208
tcp_ping received 196608 bytes back
Round trip time was 0.548843 milliseconds in repetition 209
tcp_ping received 196608 bytes back
Round trip time was 0.553081 milliseconds in repetition 210
tcp_ping received 196608 bytes back
Round trip time was 0.547644 milliseconds in repetition 211
tcp_ping received 196608 bytes back
Round trip time was 0.567122 milliseconds in repetition 212
tcp_ping received 196608 bytes back
Round trip time was 0.558939 milliseconds in repetition 213
tcp_ping received 196608 bytes back
Round trip time was 0.571124 milliseconds in repetition 214
tcp_ping received 196608 bytes back
Round trip time was 0.550973 milliseconds in repetition 215
tcp_ping received 196608 bytes back
Round trip time was 0.584738 milliseconds in repetition 216
tcp_ping received 196608 bytes back
Round trip time was 0.601107 milliseconds in repetition 217
tcp_ping received 196608 bytes back
Round trip time was 0.59627 milliseconds in repetition 218
tcp_ping received 196608 bytes back
Round trip time was 0.597712 milliseconds in repetition 219
tcp_ping received 196608 bytes back
Round trip time was 0.709869 milliseconds in repetition 220
tcp_ping received 196608 bytes back
Round trip time was 0.574625 milliseconds in repetition 221
tcp_ping received 196608 bytes back
Round trip time was 0.553326 milliseconds in repetition 222
tcp_ping received 196608 bytes back
Round trip time was 0.500043 milliseconds in repetition 223
tcp_ping received 196608 bytes back
Round trip time was 0.59364 milliseconds in repetition 224
tcp_ping received 196608 bytes back
Round trip time was 0.612086 milliseconds in repetition 225
tcp_ping received 196608 bytes back
Round trip time was 0.567256 milliseconds in repetition 226
tcp_ping received 196608 bytes back
Round trip time was 0.619849 milliseconds in repetition 227
tcp_ping received 196608 bytes back
Round trip time was 0.529121 milliseconds in repetition 228
tcp_ping received 196608 bytes back
Round trip time was 0.554397 milliseconds in repetition 229
tcp_ping received 196608 bytes back
Round trip time was 0.572716 milliseconds in repetition 230
tcp_ping received 196608 bytes back
Round trip time was 0.55944 milliseconds in repetition 231
tcp_ping received 196608 bytes back
Round trip time was 0.547734 milliseconds in repetition 232
tcp_ping received 196608 bytes back
Round trip time was 0.561382 milliseconds in repetition 233
tcp_ping received 196608 bytes back
Round trip time was 0.65755 milliseconds in repetition 234
tcp_ping received 196608 bytes back
Round trip time was 1.05357 milliseconds in repetition 235
tcp_ping received 196608 bytes back
Round trip time was 0.722353 milliseconds in repetition 236
tcp_ping received 196608 bytes back
Round trip time was 0.577796 milliseconds in repetition 237
tcp_ping received 196608 bytes back
Round trip time was 0.613486 milliseconds in repetition 238
tcp_ping received 196608 bytes back
Round trip time was 0.589531 milliseconds in repetition 239
tcp_ping received 196608 bytes back
Round trip time was 0.594294 milliseconds in repetition 240
tcp_ping received 196608 bytes back
Round trip time was 0.581704 milliseconds in repetition 241
tcp_ping received 196608 bytes back
Round trip time was 0.580232 milliseconds in repetition 242
tcp_ping received 196608 bytes back
Round trip time was 0.665608 milliseconds in repetition 243
tcp_ping received 196608 bytes back
Round trip time was 0.778716 milliseconds in repetition 244
tcp_ping received 196608 bytes back
Round trip time was 0.722341 milliseconds in repetition 245
tcp_ping received 196608 bytes back
Round trip time was 0.676097 milliseconds in repetition 246
tcp_ping received 196608 bytes back
Round trip time was 0.525724 milliseconds in repetition 247
tcp_ping received 196608 bytes back
Round trip time was 0.555306 milliseconds in repetition 248
tcp_ping received 196608 bytes back
Round trip time was 0.497999 milliseconds in repetition 249
tcp_ping received 196608 bytes back
Round trip time was 0.551467 milliseconds in repetition 250
tcp_ping received 196608 bytes back
Round trip time was 0.52697 milliseconds in repetition 251
tcp_ping received 196608 bytes back
Round trip time was 0.583853 milliseconds in repetition 252
tcp_ping received 196608 bytes back
Round trip time was 0.560727 milliseconds in repetition 253
tcp_ping received 196608 bytes back
Round trip time was 0.549313 milliseconds in repetition 254
tcp_ping received 196608 bytes back
Round trip time was 0.548404 milliseconds in repetition 255
tcp_ping received 196608 bytes back
Round trip time was 0.51856 milliseconds in repetition 256
tcp_ping received 196608 bytes back
Round trip time was 0.582793 milliseconds in repetition 257
tcp_ping received 196608 bytes back
Round trip time was 0.58374 milliseconds in repetition 258
tcp_ping received 196608 bytes back
Round trip time was 0.905214 milliseconds in repetition 259
tcp_ping received 196608 bytes back
Round trip time was 0.554349 milliseconds in repetition 260
tcp_ping received 196608 bytes back
Round trip time was 0.625908 milliseconds in repetition 261
tcp_ping received 196608 bytes back
Round trip time was 0.49597 milliseconds in repetition 262
tcp_ping received 196608 bytes back
Round trip time was 0.550338 milliseconds in repetition 263
tcp_ping received 196608 bytes back
Round trip time was 0.549084 milliseconds in repetition 264
tcp_ping received 196608 bytes back
Round trip time was 0.553455 milliseconds in repetition 265
tcp_ping received 196608 bytes back
Round trip time was 0.553044 milliseconds in repetition 266
tcp_ping received 196608 bytes back
Round trip time was 0.540932 milliseconds in repetition 267
tcp_ping received 196608 bytes back
Round trip time was 0.542763 milliseconds in repetition 268
tcp_ping received 196608 bytes back
Round trip time was 0.515608 milliseconds in repetition 269
tcp_ping received 196608 bytes back
Round trip time was 0.550008 milliseconds in repetition 270
tcp_ping received 196608 bytes back
Round trip time was 0.505645 milliseconds in repetition 271
tcp_ping received 196608 bytes back
Round trip time was 0.567524 milliseconds in repetition 272
tcp_ping received 196608 bytes back
Round trip time was 0.740153 milliseconds in repetition 273
tcp_ping received 196608 bytes back
Round trip time was 0.670946 milliseconds in repetition 274
tcp_ping received 196608 bytes back
Round trip time was 0.567314 milliseconds in repetition 275
tcp_ping received 196608 bytes back
Round trip time was 0.553922 milliseconds in repetition 276
tcp_ping received 196608 bytes back
Round trip time was 0.582163 milliseconds in repetition 277
tcp_ping received 196608 bytes back
Round trip time was 0.542854 milliseconds in repetition 278
tcp_ping received 196608 bytes back
Round trip time was 0.570424 milliseconds in repetition 279
tcp_ping received 196608 bytes back
Round trip time was 0.600837 milliseconds in repetition 280
tcp_ping received 196608 bytes back
Round trip time was 0.608198 milliseconds in repetition 281
tcp_ping received 196608 bytes back
Round trip time was 0.541959 milliseconds in repetition 282
tcp_ping received 196608 bytes back
Round trip time was 0.540845 milliseconds in repetition 283
tcp_ping received 196608 bytes back
Round trip time was 0.539942 milliseconds in repetition 284
tcp_ping received 196608 bytes back
Round trip time was 0.554787 milliseconds in repetition 285
tcp_ping received 196608 bytes back
Round trip time was 0.589847 milliseconds in repetition 286
tcp_ping received 196608 bytes back
Round trip time was 0.601777 milliseconds in repetition 287
tcp_ping received 196608 bytes back
Round trip time was 0.504194 milliseconds in repetition 288
tcp_ping received 196608 bytes back
Round trip time was 0.552623 milliseconds in repetition 289
tcp_ping received 196608 bytes back
Round trip time was 0.545073 milliseconds in repetition 290
tcp_ping received 196608 bytes back
Round trip time was 0.54941 milliseconds in repetition 291
tcp_ping received 196608 bytes back
Round trip time was 0.543238 milliseconds in repetition 292
tcp_ping received 196608 bytes back
Round trip time was 0.544766 milliseconds in repetition 293
tcp_ping received 196608 bytes back
Round trip time was 0.546815 milliseconds in repetition 294
tcp_ping received 196608 bytes back
Round trip time was 0.542107 milliseconds in repetition 295
tcp_ping received 196608 bytes back
Round trip time was 0.549329 milliseconds in repetition 296
tcp_ping received 196608 bytes back
Round trip time was 0.543117 milliseconds in repetition 297
tcp_ping received 196608 bytes back
Round trip time was 0.554012 milliseconds in repetition 298
tcp_ping received 196608 bytes back
Round trip time was 0.606964 milliseconds in repetition 299
tcp_ping received 196608 bytes back
Round trip time was 0.705193 milliseconds in repetition 300
tcp_ping received 196608 bytes back
Round trip time was 0.596049 milliseconds in repetition 301
tcp_ping received 196608 bytes back
Round trip time was 0.545701 milliseconds in repetition 302
tcp_ping received 196608 bytes back
Round trip time was 0.535884 milliseconds in repetition 303
tcp_ping received 196608 bytes back
Round trip time was 0.534921 milliseconds in repetition 304
tcp_ping received 196608 bytes back
Round trip time was 0.728648 milliseconds in repetition 305
tcp_ping received 196608 bytes back
Round trip time was 0.702586 milliseconds in repetition 306
tcp_ping received 196608 bytes back
Round trip time was 0.709746 milliseconds in repetition 307
tcp_ping received 196608 bytes back
Round trip time was 0.683048 milliseconds in repetition 308
tcp_ping received 196608 bytes back
Round trip time was 0.696843 milliseconds in repetition 309
tcp_ping received 196608 bytes back
Round trip time was 0.695298 milliseconds in repetition 310
tcp_ping received 196608 bytes back
Round trip time was 0.673007 milliseconds in repetition 311
tcp_ping received 196608 bytes back
Round trip time was 0.681212 milliseconds in repetition 312
tcp_ping received 196608 bytes back
Round trip time was 0.675054 milliseconds in repetition 313
tcp_ping received 196608 bytes back
Round trip time was 0.563965 milliseconds in repetition 314
tcp_ping received 196608 bytes back
Round trip time was 0.573004 milliseconds in repetition 315
tcp_ping received 196608 bytes back
Round trip time was 0.598479 milliseconds in repetition 316
tcp_ping received 196608 bytes back
Round trip time was 0.561914 milliseconds in repetition 317
tcp_ping received 196608 bytes back
Round trip time was 0.548162 milliseconds in repetition 318
tcp_ping received 196608 bytes back
Round trip time was 0.544669 milliseconds in repetition 319
tcp_ping received 196608 bytes back
Round trip time was 0.579108 milliseconds in repetition 320
tcp_ping received 196608 bytes back
Round trip time was 0.578019 milliseconds in repetition 321
tcp_ping received 196608 bytes back
Round trip time was 0.544178 milliseconds in repetition 322
tcp_ping received 196608 bytes back
Round trip time was 0.567513 milliseconds in repetition 323
tcp_ping received 196608 bytes back
Round trip time was 0.543163 milliseconds in repetition 324
tcp_ping received 196608 bytes back
Round trip time was 0.568717 milliseconds in repetition 325
tcp_ping received 196608 bytes back
Round trip time was 0.731367 milliseconds in repetition 326
tcp_ping received 196608 bytes back
Round trip time was 0.73477 milliseconds in repetition 327
tcp_ping received 196608 bytes back
Round trip time was 0.637046 milliseconds in repetition 328
tcp_ping received 196608 bytes back
Round trip time was 0.548812 milliseconds in repetition 329
tcp_ping received 196608 bytes back
Round trip time was 0.561868 milliseconds in repetition 330
tcp_ping received 196608 bytes back
Round trip time was 0.546263 milliseconds in repetition 331
tcp_ping received 196608 bytes back
Round trip time was 0.547606 milliseconds in repetition 332
tcp_ping received 196608 bytes back
Round trip time was 0.562096 milliseconds in repetition 333
tcp_ping received 196608 bytes back
Round trip time was 0.550213 milliseconds in repetition 334
tcp_ping received 196608 bytes back
Round trip time was 0.735492 milliseconds in repetition 335
tcp_ping received 196608 bytes back
Round trip time was 0.664564 milliseconds in repetition 336
tcp_ping received 196608 bytes back
Round trip time was 0.552805 milliseconds in repetition 337
tcp_ping received 196608 bytes back
Round trip time was 0.586832 milliseconds in repetition 338
tcp_ping received 196608 bytes back
Round trip time was 0.81807 milliseconds in repetition 339
tcp_ping received 196608 bytes back
Round trip time was 0.592036 milliseconds in repetition 340
tcp_ping received 196608 bytes back
Round trip time was 0.617853 milliseconds in repetition 341
tcp_ping received 196608 bytes back
Round trip time was 0.626551 milliseconds in repetition 342
tcp_ping received 196608 bytes back
Round trip time was 0.625936 milliseconds in repetition 343
tcp_ping received 196608 bytes back
Round trip time was 0.603313 milliseconds in repetition 344
tcp_ping received 196608 bytes back
Round trip time was 0.600112 milliseconds in repetition 345
tcp_ping received 196608 bytes back
Round trip time was 0.562086 milliseconds in repetition 346
tcp_ping received 196608 bytes back
Round trip time was 0.5519 milliseconds in repetition 347
tcp_ping received 196608 bytes back
Round trip time was 0.561972 milliseconds in repetition 348
tcp_ping received 196608 bytes back
Round trip time was 0.549428 milliseconds in repetition 349
tcp_ping received 196608 bytes back
Round trip time was 0.554668 milliseconds in repetition 350
tcp_ping received 196608 bytes back
Round trip time was 0.568008 milliseconds in repetition 351
tcp_ping received 196608 bytes back
Round trip time was 0.664793 milliseconds in repetition 352
tcp_ping received 196608 bytes back
Round trip time was 0.626536 milliseconds in repetition 353
tcp_ping received 196608 bytes back
Round trip time was 0.549609 milliseconds in repetition 354
tcp_ping received 196608 bytes back
Round trip time was 0.557684 milliseconds in repetition 355
tcp_ping received 196608 bytes back
Round trip time was 0.554873 milliseconds in repetition 356
tcp_ping received 196608 bytes back
Round trip time was 0.561341 milliseconds in repetition 357
tcp_ping received 196608 bytes back
Round trip time was 0.553097 milliseconds in repetition 358
tcp_ping received 196608 bytes back
Round trip time was 0.558293 milliseconds in repetition 359
tcp_ping received 196608 bytes back
Round trip time was 0.550984 milliseconds in repetition 360
tcp_ping received 196608 bytes back
Round trip time was 0.553249 milliseconds in repetition 361
tcp_ping received 196608 bytes back
Round trip time was 0.56 milliseconds in repetition 362
tcp_ping received 196608 bytes back
Round trip time was 0.548017 milliseconds in repetition 363
tcp_ping received 196608 bytes back
Round trip time was 0.560917 milliseconds in repetition 364
tcp_ping received 196608 bytes back
Round trip time was 0.533167 milliseconds in repetition 365
tcp_ping received 196608 bytes back
Round trip time was 0.814259 milliseconds in repetition 366
tcp_ping received 196608 bytes back
Round trip time was 0.571607 milliseconds in repetition 367
tcp_ping received 196608 bytes back
Round trip time was 0.570858 milliseconds in repetition 368
tcp_ping received 196608 bytes back
Round trip time was 0.549154 milliseconds in repetition 369
tcp_ping received 196608 bytes back
Round trip time was 0.559654 milliseconds in repetition 370
tcp_ping received 196608 bytes back
Round trip time was 0.599924 milliseconds in repetition 371
tcp_ping received 196608 bytes back
Round trip time was 0.600305 milliseconds in repetition 372
tcp_ping received 196608 bytes back
Round trip time was 0.562367 milliseconds in repetition 373
tcp_ping received 196608 bytes back
Round trip time was 0.548488 milliseconds in repetition 374
tcp_ping received 196608 bytes back
Round trip time was 0.562733 milliseconds in repetition 375
tcp_ping received 196608 bytes back
Round trip time was 0.5408 milliseconds in repetition 376
tcp_ping received 196608 bytes back
Round trip time was 0.564343 milliseconds in repetition 377
tcp_ping received 196608 bytes back
Round trip time was 0.548184 milliseconds in repetition 378
tcp_ping received 196608 bytes back
Round trip time was 0.623038 milliseconds in repetition 379
tcp_ping received 196608 bytes back
Round trip time was 0.654002 milliseconds in repetition 380
tcp_ping received 196608 bytes back
Round trip time was 0.536462 milliseconds in repetition 381
tcp_ping received 196608 bytes back
Round trip time was 0.57563 milliseconds in repetition 382
tcp_ping received 196608 bytes back
Round trip time was 0.549451 milliseconds in repetition 383
tcp_ping received 196608 bytes back
Round trip time was 0.573944 milliseconds in repetition 384
tcp_ping received 196608 bytes back
Round trip time was 0.62067 milliseconds in repetition 385
tcp_ping received 196608 bytes back
Round trip time was 0.548985 milliseconds in repetition 386
tcp_ping received 196608 bytes back
Round trip time was 0.550381 milliseconds in repetition 387
tcp_ping received 196608 bytes back
Round trip time was 0.558641 milliseconds in repetition 388
tcp_ping received 196608 bytes back
Round trip time was 0.549836 milliseconds in repetition 389
tcp_ping received 196608 bytes back
Round trip time was 0.611682 milliseconds in repetition 390
tcp_ping received 196608 bytes back
Round trip time was 0.56427 milliseconds in repetition 391
tcp_ping received 196608 bytes back
Round trip time was 0.593702 milliseconds in repetition 392
tcp_ping received 196608 bytes back
Round trip time was 0.655337 milliseconds in repetition 393
tcp_ping received 196608 bytes back
Round trip time was 0.56155 milliseconds in repetition 394
tcp_ping received 196608 bytes back
Round trip time was 0.568275 milliseconds in repetition 395
tcp_ping received 196608 bytes back
Round trip time was 0.606386 milliseconds in repetition 396
tcp_ping received 196608 bytes back
Round trip time was 0.604553 milliseconds in repetition 397
tcp_ping received 196608 bytes back
Round trip time was 0.613869 milliseconds in repetition 398
tcp_ping received 196608 bytes back
Round trip time was 0.612629 milliseconds in repetition 399
tcp_ping received 196608 bytes back
Round trip time was 0.555343 milliseconds in repetition 400
tcp_ping received 196608 bytes back
Round trip time was 0.577423 milliseconds in repetition 401
tcp_ping received 196608 bytes back
Round trip time was 0.553077 milliseconds in repetition 402
tcp_ping received 196608 bytes back
Round trip time was 0.55839 milliseconds in repetition 403
tcp_ping received 196608 bytes back
Round trip time was 0.542002 milliseconds in repetition 404
tcp_ping received 196608 bytes back
Round trip time was 0.563775 milliseconds in repetition 405
tcp_ping received 196608 bytes back
Round trip time was 0.663387 milliseconds in repetition 406
tcp_ping received 196608 bytes back
Round trip time was 0.723042 milliseconds in repetition 407
tcp_ping received 196608 bytes back
Round trip time was 0.62011 milliseconds in repetition 408
tcp_ping received 196608 bytes back
Round trip time was 0.666833 milliseconds in repetition 409
tcp_ping received 196608 bytes back
Round trip time was 0.670386 milliseconds in repetition 410
tcp_ping received 196608 bytes back
Round trip time was 0.578108 milliseconds in repetition 411
tcp_ping received 196608 bytes back
Round trip time was 0.545964 milliseconds in repetition 412
tcp_ping received 196608 bytes back
Round trip time was 0.550364 milliseconds in repetition 413
tcp_ping received 196608 bytes back
Round trip time was 0.551483 milliseconds in repetition 414
tcp_ping received 196608 bytes back
Round trip time was 0.544887 milliseconds in repetition 415
tcp_ping received 196608 bytes back
Round trip time was 0.544133 milliseconds in repetition 416
tcp_ping received 196608 bytes back
Round trip time was 0.548024 milliseconds in repetition 417
tcp_ping received 196608 bytes back
Round trip time was 0.551586 milliseconds in repetition 418
tcp_ping received 196608 bytes back
Round trip time was 0.558199 milliseconds in repetition 419
tcp_ping received 196608 bytes back
Round trip time was 0.504848 milliseconds in repetition 420
tcp_ping received 196608 bytes back
Round trip time was 0.546294 milliseconds in repetition 421
tcp_ping received 196608 bytes back
Round trip time was 0.56162 milliseconds in repetition 422
tcp_ping received 196608 bytes back
Round trip time was 0.670886 milliseconds in repetition 423
tcp_ping received 196608 bytes back
Round trip time was 0.655435 milliseconds in repetition 424
tcp_ping received 196608 bytes back
Round trip time was 0.511634 milliseconds in repetition 425
tcp_ping received 196608 bytes back
Round trip time was 0.547383 milliseconds in repetition 426
tcp_ping received 196608 bytes back
Round trip time was 0.500788 milliseconds in repetition 427
tcp_ping received 196608 bytes back
Round trip time was 0.708322 milliseconds in repetition 428
tcp_ping received 196608 bytes back
Round trip time was 0.633887 milliseconds in repetition 429
tcp_ping received 196608 bytes back
Round trip time was 0.49634 milliseconds in repetition 430
tcp_ping received 196608 bytes back
Round trip time was 0.557008 milliseconds in repetition 431
tcp_ping received 196608 bytes back
Round trip time was 0.519747 milliseconds in repetition 432
tcp_ping received 196608 bytes back
Round trip time was 0.546711 milliseconds in repetition 433
tcp_ping received 196608 bytes back
Round trip time was 0.528551 milliseconds in repetition 434
tcp_ping received 196608 bytes back
Round trip time was 0.568587 milliseconds in repetition 435
tcp_ping received 196608 bytes back
Round trip time was 0.645393 milliseconds in repetition 436
tcp_ping received 196608 bytes back
Round trip time was 0.560613 milliseconds in repetition 437
tcp_ping received 196608 bytes back
Round trip time was 0.546321 milliseconds in repetition 438
tcp_ping received 196608 bytes back
Round trip time was 0.497767 milliseconds in repetition 439
tcp_ping received 196608 bytes back
Round trip time was 0.543977 milliseconds in repetition 440
tcp_ping received 196608 bytes back
Round trip time was 0.541796 milliseconds in repetition 441
tcp_ping received 196608 bytes back
Round trip time was 0.546761 milliseconds in repetition 442
tcp_ping received 196608 bytes back
Round trip time was 0.5264 milliseconds in repetition 443
tcp_ping received 196608 bytes back
Round trip time was 0.550435 milliseconds in repetition 444
tcp_ping received 196608 bytes back
Round trip time was 0.538916 milliseconds in repetition 445
tcp_ping received 196608 bytes back
Round trip time was 0.556339 milliseconds in repetition 446
tcp_ping received 196608 bytes back
Round trip time was 0.616959 milliseconds in repetition 447
tcp_ping received 196608 bytes back
Round trip time was 0.568753 milliseconds in repetition 448
tcp_ping received 196608 bytes back
Round trip time was 0.562115 milliseconds in repetition 449
tcp_ping received 196608 bytes back
Round trip time was 0.503949 milliseconds in repetition 450
tcp_ping received 196608 bytes back
Round trip time was 0.543544 milliseconds in repetition 451
tcp_ping received 196608 bytes back
Round trip time was 0.542045 milliseconds in repetition 452
tcp_ping received 196608 bytes back
Round trip time was 0.566731 milliseconds in repetition 453
tcp_ping received 196608 bytes back
Round trip time was 0.551995 milliseconds in repetition 454
tcp_ping received 196608 bytes back
Round trip time was 0.547346 milliseconds in repetition 455
tcp_ping received 196608 bytes back
Round trip time was 0.548511 milliseconds in repetition 456
tcp_ping received 196608 bytes back
Round trip time was 0.506979 milliseconds in repetition 457
tcp_ping received 196608 bytes back
Round trip time was 0.552349 milliseconds in repetition 458
tcp_ping received 196608 bytes back
Round trip time was 0.580519 milliseconds in repetition 459
tcp_ping received 196608 bytes back
Round trip time was 0.560492 milliseconds in repetition 460
tcp_ping received 196608 bytes back
Round trip time was 0.585707 milliseconds in repetition 461
tcp_ping received 196608 bytes back
Round trip time was 0.557135 milliseconds in repetition 462
tcp_ping received 196608 bytes back
Round trip time was 0.584255 milliseconds in repetition 463
tcp_ping received 196608 bytes back
Round trip time was 0.604065 milliseconds in repetition 464
tcp_ping received 196608 bytes back
Round trip time was 0.666092 milliseconds in repetition 465
tcp_ping received 196608 bytes back
Round trip time was 0.694222 milliseconds in repetition 466
tcp_ping received 196608 bytes back
Round trip time was 0.646251 milliseconds in repetition 467
tcp_ping received 196608 bytes back
Round trip time was 0.546301 milliseconds in repetition 468
tcp_ping received 196608 bytes back
Round trip time was 0.550148 milliseconds in repetition 469
tcp_ping received 196608 bytes back
Round trip time was 0.496698 milliseconds in repetition 470
tcp_ping received 196608 bytes back
Round trip time was 0.567967 milliseconds in repetition 471
tcp_ping received 196608 bytes back
Round trip time was 0.563161 milliseconds in repetition 472
tcp_ping received 196608 bytes back
Round trip time was 0.547244 milliseconds in repetition 473
tcp_ping received 196608 bytes back
Round trip time was 0.557152 milliseconds in repetition 474
tcp_ping received 196608 bytes back
Round trip time was 0.539799 milliseconds in repetition 475
tcp_ping received 196608 bytes back
Round trip time was 0.563232 milliseconds in repetition 476
tcp_ping received 196608 bytes back
Round trip time was 0.549924 milliseconds in repetition 477
tcp_ping received 196608 bytes back
Round trip time was 0.632368 milliseconds in repetition 478
tcp_ping received 196608 bytes back
Round trip time was 0.628037 milliseconds in repetition 479
tcp_ping received 196608 bytes back
Round trip time was 0.736785 milliseconds in repetition 480
tcp_ping received 196608 bytes back
Round trip time was 0.641236 milliseconds in repetition 481
tcp_ping received 196608 bytes back
Round trip time was 0.561047 milliseconds in repetition 482
tcp_ping received 196608 bytes back
Round trip time was 0.546892 milliseconds in repetition 483
tcp_ping received 196608 bytes back
Round trip time was 0.574398 milliseconds in repetition 484
tcp_ping received 196608 bytes back
Round trip time was 0.661808 milliseconds in repetition 485
tcp_ping received 196608 bytes back
Round trip time was 0.577148 milliseconds in repetition 486
tcp_ping received 196608 bytes back
Round trip time was 0.555786 milliseconds in repetition 487
tcp_ping received 196608 bytes back
Round trip time was 0.568838 milliseconds in repetition 488
tcp_ping received 196608 bytes back
Round trip time was 0.549026 milliseconds in repetition 489
tcp_ping received 196608 bytes back
Round trip time was 0.557098 milliseconds in repetition 490
tcp_ping received 196608 bytes back
Round trip time was 0.59831 milliseconds in repetition 491
tcp_ping received 196608 bytes back
Round trip time was 0.734961 milliseconds in repetition 492
tcp_ping received 196608 bytes back
Round trip time was 0.656157 milliseconds in repetition 493
tcp_ping received 196608 bytes back
Round trip time was 0.713195 milliseconds in repetition 494
tcp_ping received 196608 bytes back
Round trip time was 0.608396 milliseconds in repetition 495
tcp_ping received 196608 bytes back
Round trip time was 0.608071 milliseconds in repetition 496
tcp_ping received 196608 bytes back
Round trip time was 0.607977 milliseconds in repetition 497
tcp_ping received 196608 bytes back
Round trip time was 0.612716 milliseconds in repetition 498
tcp_ping received 196608 bytes back
Round trip time was 0.55579 milliseconds in repetition 499
tcp_ping received 196608 bytes back
Round trip time was 0.545138 milliseconds in repetition 500
tcp_ping received 196608 bytes back
Round trip time was 0.570366 milliseconds in repetition 501

 ... clock resolution was 1e-06
TCP Ping:  Statistics over 501 repetitions of 196608 byte messages

RTT : percentile 10: 0.544669, median: 0.592036, percentile 90: 0.695298, average: 0.60841, variance: 0.00557138

RTT histogram:
0.495969 13
0.53494 121
0.573911 120
0.612882 86
0.651853 80
0.690823 45
0.729794 20
0.768765 7
0.807736 5
0.846707 0
0.885677 1
0.924648 1
0.963619 0
1.00259 0
1.04156 1
1.08053 0
1.1195 0
1.15847 0
1.19744 0
1.23641 0
1.27539 1

   median Throughput : 664176 KB/s   overall Throughput : 646302 KB/s

