TCP Ping trying to connect to server localhost (127.0.0.1) on port 1491

... connected to Pong server: asking for 501 repetitions of 4096 bytes TCP messages
 ... Pong server agreed :-)
tcp_ping received 4096 bytes back
Round trip time was 0.061019 milliseconds in repetition 1
tcp_ping received 4096 bytes back
Round trip time was 0.049911 milliseconds in repetition 2
tcp_ping received 4096 bytes back
Round trip time was 0.048379 milliseconds in repetition 3
tcp_ping received 4096 bytes back
Round trip time was 0.049107 milliseconds in repetition 4
tcp_ping received 4096 bytes back
Round trip time was 0.048835 milliseconds in repetition 5
tcp_ping received 4096 bytes back
Round trip time was 0.048583 milliseconds in repetition 6
tcp_ping received 4096 bytes back
Round trip time was 0.048159 milliseconds in repetition 7
tcp_ping received 4096 bytes back
Round trip time was 0.048043 milliseconds in repetition 8
tcp_ping received 4096 bytes back
Round trip time was 0.052065 milliseconds in repetition 9
tcp_ping received 4096 bytes back
Round trip time was 0.053208 milliseconds in repetition 10
tcp_ping received 4096 bytes back
Round trip time was 0.097097 milliseconds in repetition 11
tcp_ping received 4096 bytes back
Round trip time was 0.061089 milliseconds in repetition 12
tcp_ping received 4096 bytes back
Round trip time was 0.056493 milliseconds in repetition 13
tcp_ping received 4096 bytes back
Round trip time was 0.055985 milliseconds in repetition 14
tcp_ping received 4096 bytes back
Round trip time was 0.055992 milliseconds in repetition 15
tcp_ping received 4096 bytes back
Round trip time was 0.060606 milliseconds in repetition 16
tcp_ping received 4096 bytes back
Round trip time was 0.062968 milliseconds in repetition 17
tcp_ping received 4096 bytes back
Round trip time was 0.057431 milliseconds in repetition 18
tcp_ping received 4096 bytes back
Round trip time was 0.054872 milliseconds in repetition 19
tcp_ping received 4096 bytes back
Round trip time was 0.061537 milliseconds in repetition 20
tcp_ping received 4096 bytes back
Round trip time was 0.051271 milliseconds in repetition 21
tcp_ping received 4096 bytes back
Round trip time was 0.056093 milliseconds in repetition 22
tcp_ping received 4096 bytes back
Round trip time was 0.064459 milliseconds in repetition 23
tcp_ping received 4096 bytes back
Round trip time was 0.058758 milliseconds in repetition 24
tcp_ping received 4096 bytes back
Round trip time was 0.050987 milliseconds in repetition 25
tcp_ping received 4096 bytes back
Round trip time was 0.051269 milliseconds in repetition 26
tcp_ping received 4096 bytes back
Round trip time was 0.050916 milliseconds in repetition 27
tcp_ping received 4096 bytes back
Round trip time was 0.05394 milliseconds in repetition 28
tcp_ping received 4096 bytes back
Round trip time was 0.061951 milliseconds in repetition 29
tcp_ping received 4096 bytes back
Round trip time was 0.052691 milliseconds in repetition 30
tcp_ping received 4096 bytes back
Round trip time was 0.054038 milliseconds in repetition 31
tcp_ping received 4096 bytes back
Round trip time was 0.051208 milliseconds in repetition 32
tcp_ping received 4096 bytes back
Round trip time was 0.048109 milliseconds in repetition 33
tcp_ping received 4096 bytes back
Round trip time was 0.048453 milliseconds in repetition 34
tcp_ping received 4096 bytes back
Round trip time was 0.048593 milliseconds in repetition 35
tcp_ping received 4096 bytes back
Round trip time was 0.048269 milliseconds in repetition 36
tcp_ping received 4096 bytes back
Round trip time was 0.047978 milliseconds in repetition 37
tcp_ping received 4096 bytes back
Round trip time was 0.04833 milliseconds in repetition 38
tcp_ping received 4096 bytes back
Round trip time was 0.048142 milliseconds in repetition 39
tcp_ping received 4096 bytes back
Round trip time was 0.048175 milliseconds in repetition 40
tcp_ping received 4096 bytes back
Round trip time was 0.047892 milliseconds in repetition 41
tcp_ping received 4096 bytes back
Round trip time was 0.048061 milliseconds in repetition 42
tcp_ping received 4096 bytes back
Round trip time was 0.047971 milliseconds in repetition 43
tcp_ping received 4096 bytes back
Round trip time was 0.056235 milliseconds in repetition 44
tcp_ping received 4096 bytes back
Round trip time was 0.047987 milliseconds in repetition 45
tcp_ping received 4096 bytes back
Round trip time was 0.047349 milliseconds in repetition 46
tcp_ping received 4096 bytes back
Round trip time was 0.047003 milliseconds in repetition 47
tcp_ping received 4096 bytes back
Round trip time was 0.04686 milliseconds in repetition 48
tcp_ping received 4096 bytes back
Round trip time was 0.046894 milliseconds in repetition 49
tcp_ping received 4096 bytes back
Round trip time was 0.047233 milliseconds in repetition 50
tcp_ping received 4096 bytes back
Round trip time was 0.046783 milliseconds in repetition 51
tcp_ping received 4096 bytes back
Round trip time was 0.046956 milliseconds in repetition 52
tcp_ping received 4096 bytes back
Round trip time was 0.047115 milliseconds in repetition 53
tcp_ping received 4096 bytes back
Round trip time was 0.077194 milliseconds in repetition 54
tcp_ping received 4096 bytes back
Round trip time was 0.051705 milliseconds in repetition 55
tcp_ping received 4096 bytes back
Round trip time was 0.048089 milliseconds in repetition 56
tcp_ping received 4096 bytes back
Round trip time was 0.046982 milliseconds in repetition 57
tcp_ping received 4096 bytes back
Round trip time was 0.047017 milliseconds in repetition 58
tcp_ping received 4096 bytes back
Round trip time was 0.049521 milliseconds in repetition 59
tcp_ping received 4096 bytes back
Round trip time was 0.046901 milliseconds in repetition 60
tcp_ping received 4096 bytes back
Round trip time was 0.04678 milliseconds in repetition 61
tcp_ping received 4096 bytes back
Round trip time was 0.046871 milliseconds in repetition 62
tcp_ping received 4096 bytes back
Round trip time was 0.046607 milliseconds in repetition 63
tcp_ping received 4096 bytes back
Round trip time was 0.047181 milliseconds in repetition 64
tcp_ping received 4096 bytes back
Round trip time was 0.046842 milliseconds in repetition 65
tcp_ping received 4096 bytes back
Round trip time was 0.047472 milliseconds in repetition 66
tcp_ping received 4096 bytes back
Round trip time was 0.047573 milliseconds in repetition 67
tcp_ping received 4096 bytes back
Round trip time was 0.046876 milliseconds in repetition 68
tcp_ping received 4096 bytes back
Round trip time was 0.046845 milliseconds in repetition 69
tcp_ping received 4096 bytes back
Round trip time was 0.046834 milliseconds in repetition 70
tcp_ping received 4096 bytes back
Round trip time was 0.047215 milliseconds in repetition 71
tcp_ping received 4096 bytes back
Round trip time was 0.046664 milliseconds in repetition 72
tcp_ping received 4096 bytes back
Round trip time was 0.046892 milliseconds in repetition 73
tcp_ping received 4096 bytes back
Round trip time was 0.046718 milliseconds in repetition 74
tcp_ping received 4096 bytes back
Round trip time was 0.054191 milliseconds in repetition 75
tcp_ping received 4096 bytes back
Round trip time was 0.046783 milliseconds in repetition 76
tcp_ping received 4096 bytes back
Round trip time was 0.047001 milliseconds in repetition 77
tcp_ping received 4096 bytes back
Round trip time was 0.046822 milliseconds in repetition 78
tcp_ping received 4096 bytes back
Round trip time was 0.046535 milliseconds in repetition 79
tcp_ping received 4096 bytes back
Round trip time was 0.047007 milliseconds in repetition 80
tcp_ping received 4096 bytes back
Round trip time was 0.052001 milliseconds in repetition 81
tcp_ping received 4096 bytes back
Round trip time was 0.046683 milliseconds in repetition 82
tcp_ping received 4096 bytes back
Round trip time was 0.046671 milliseconds in repetition 83
tcp_ping received 4096 bytes back
Round trip time was 0.047381 milliseconds in repetition 84
tcp_ping received 4096 bytes back
Round trip time was 0.047035 milliseconds in repetition 85
tcp_ping received 4096 bytes back
Round trip time was 0.047094 milliseconds in repetition 86
tcp_ping received 4096 bytes back
Round trip time was 0.048079 milliseconds in repetition 87
tcp_ping received 4096 bytes back
Round trip time was 0.051622 milliseconds in repetition 88
tcp_ping received 4096 bytes back
Round trip time was 0.048596 milliseconds in repetition 89
tcp_ping received 4096 bytes back
Round trip time was 0.047944 milliseconds in repetition 90
tcp_ping received 4096 bytes back
Round trip time was 0.047595 milliseconds in repetition 91
tcp_ping received 4096 bytes back
Round trip time was 0.047561 milliseconds in repetition 92
tcp_ping received 4096 bytes back
Round trip time was 0.047688 milliseconds in repetition 93
tcp_ping received 4096 bytes back
Round trip time was 0.048447 milliseconds in repetition 94
tcp_ping received 4096 bytes back
Round trip time was 0.047459 milliseconds in repetition 95
tcp_ping received 4096 bytes back
Round trip time was 0.047719 milliseconds in repetition 96
tcp_ping received 4096 bytes back
Round trip time was 0.047869 milliseconds in repetition 97
tcp_ping received 4096 bytes back
Round trip time was 0.047725 milliseconds in repetition 98
tcp_ping received 4096 bytes back
Round trip time was 0.047433 milliseconds in repetition 99
tcp_ping received 4096 bytes back
Round trip time was 0.047843 milliseconds in repetition 100
tcp_ping received 4096 bytes back
Round trip time was 0.047609 milliseconds in repetition 101
tcp_ping received 4096 bytes back
Round trip time was 0.047567 milliseconds in repetition 102
tcp_ping received 4096 bytes back
Round trip time was 0.088547 milliseconds in repetition 103
tcp_ping received 4096 bytes back
Round trip time was 0.051289 milliseconds in repetition 104
tcp_ping received 4096 bytes back
Round trip time was 0.048353 milliseconds in repetition 105
tcp_ping received 4096 bytes back
Round trip time was 0.048094 milliseconds in repetition 106
tcp_ping received 4096 bytes back
Round trip time was 0.048219 milliseconds in repetition 107
tcp_ping received 4096 bytes back
Round trip time was 0.048024 milliseconds in repetition 108
tcp_ping received 4096 bytes back
Round trip time was 0.047844 milliseconds in repetition 109
tcp_ping received 4096 bytes back
Round trip time was 0.047983 milliseconds in repetition 110
tcp_ping received 4096 bytes back
Round trip time was 0.04776 milliseconds in repetition 111
tcp_ping received 4096 bytes back
Round trip time was 0.048802 milliseconds in repetition 112
tcp_ping received 4096 bytes back
Round trip time was 0.048363 milliseconds in repetition 113
tcp_ping received 4096 bytes back
Round trip time was 0.047945 milliseconds in repetition 114
tcp_ping received 4096 bytes back
Round trip time was 0.047771 milliseconds in repetition 115
tcp_ping received 4096 bytes back
Round trip time was 0.047989 milliseconds in repetition 116
tcp_ping received 4096 bytes back
Round trip time was 0.048555 milliseconds in repetition 117
tcp_ping received 4096 bytes back
Round trip time was 0.048026 milliseconds in repetition 118
tcp_ping received 4096 bytes back
Round trip time was 0.047782 milliseconds in repetition 119
tcp_ping received 4096 bytes back
Round trip time was 0.047916 milliseconds in repetition 120
tcp_ping received 4096 bytes back
Round trip time was 0.047543 milliseconds in repetition 121
tcp_ping received 4096 bytes back
Round trip time was 0.04823 milliseconds in repetition 122
tcp_ping received 4096 bytes back
Round trip time was 0.047961 milliseconds in repetition 123
tcp_ping received 4096 bytes back
Round trip time was 0.047962 milliseconds in repetition 124
tcp_ping received 4096 bytes back
Round trip time was 0.048107 milliseconds in repetition 125
tcp_ping received 4096 bytes back
Round trip time was 0.048277 milliseconds in repetition 126
tcp_ping received 4096 bytes back
Round trip time was 0.048518 milliseconds in repetition 127
tcp_ping received 4096 bytes back
Round trip time was 0.052529 milliseconds in repetition 128
tcp_ping received 4096 bytes back
Round trip time was 0.053696 milliseconds in repetition 129
tcp_ping received 4096 bytes back
Round trip time was 0.051402 milliseconds in repetition 130
tcp_ping received 4096 bytes back
Round trip time was 0.062013 milliseconds in repetition 131
tcp_ping received 4096 bytes back
Round trip time was 0.056209 milliseconds in repetition 132
tcp_ping received 4096 bytes back
Round trip time was 0.051619 milliseconds in repetition 133
tcp_ping received 4096 bytes back
Round trip time was 0.048512 milliseconds in repetition 134
tcp_ping received 4096 bytes back
Round trip time was 0.048938 milliseconds in repetition 135
tcp_ping received 4096 bytes back
Round trip time was 0.049158 milliseconds in repetition 136
tcp_ping received 4096 bytes back
Round trip time was 0.0483 milliseconds in repetition 137
tcp_ping received 4096 bytes back
Round trip time was 0.048135 milliseconds in repetition 138
tcp_ping received 4096 bytes back
Round trip time was 0.048037 milliseconds in repetition 139
tcp_ping received 4096 bytes back
Round trip time was 0.048279 milliseconds in repetition 140
tcp_ping received 4096 bytes back
Round trip time was 0.048154 milliseconds in repetition 141
tcp_ping received 4096 bytes back
Round trip time was 0.048651 milliseconds in repetition 142
tcp_ping received 4096 bytes back
Round trip time was 0.0484 milliseconds in repetition 143
tcp_ping received 4096 bytes back
Round trip time was 0.048497 milliseconds in repetition 144
tcp_ping received 4096 bytes back
Round trip time was 0.048195 milliseconds in repetition 145
tcp_ping received 4096 bytes back
Round trip time was 0.047911 milliseconds in repetition 146
tcp_ping received 4096 bytes back
Round trip time was 0.048097 milliseconds in repetition 147
tcp_ping received 4096 bytes back
Round trip time was 0.048389 milliseconds in repetition 148
tcp_ping received 4096 bytes back
Round trip time was 0.048185 milliseconds in repetition 149
tcp_ping received 4096 bytes back
Round trip time was 0.047995 milliseconds in repetition 150
tcp_ping received 4096 bytes back
Round trip time was 0.048144 milliseconds in repetition 151
tcp_ping received 4096 bytes back
Round trip time was 0.048588 milliseconds in repetition 152
tcp_ping received 4096 bytes back
Round trip time was 0.048069 milliseconds in repetition 153
tcp_ping received 4096 bytes back
Round trip time was 0.048137 milliseconds in repetition 154
tcp_ping received 4096 bytes back
Round trip time was 0.048192 milliseconds in repetition 155
tcp_ping received 4096 bytes back
Round trip time was 0.048416 milliseconds in repetition 156
tcp_ping received 4096 bytes back
Round trip time was 0.048405 milliseconds in repetition 157
tcp_ping received 4096 bytes back
Round trip time was 0.048594 milliseconds in repetition 158
tcp_ping received 4096 bytes back
Round trip time was 0.048516 milliseconds in repetition 159
tcp_ping received 4096 bytes back
Round trip time was 0.048744 milliseconds in repetition 160
tcp_ping received 4096 bytes back
Round trip time was 0.048543 milliseconds in repetition 161
tcp_ping received 4096 bytes back
Round trip time was 0.048634 milliseconds in repetition 162
tcp_ping received 4096 bytes back
Round trip time was 0.052497 milliseconds in repetition 163
tcp_ping received 4096 bytes back
Round trip time was 0.064067 milliseconds in repetition 164
tcp_ping received 4096 bytes back
Round trip time was 0.060708 milliseconds in repetition 165
tcp_ping received 4096 bytes back
Round trip time was 0.05198 milliseconds in repetition 166
tcp_ping received 4096 bytes back
Round trip time was 0.048981 milliseconds in repetition 167
tcp_ping received 4096 bytes back
Round trip time was 0.054422 milliseconds in repetition 168
tcp_ping received 4096 bytes back
Round trip time was 0.064388 milliseconds in repetition 169
tcp_ping received 4096 bytes back
Round trip time was 0.059949 milliseconds in repetition 170
tcp_ping received 4096 bytes back
Round trip time was 0.04981 milliseconds in repetition 171
tcp_ping received 4096 bytes back
Round trip time was 0.048431 milliseconds in repetition 172
tcp_ping received 4096 bytes back
Round trip time was 0.048484 milliseconds in repetition 173
tcp_ping received 4096 bytes back
Round trip time was 0.04972 milliseconds in repetition 174
tcp_ping received 4096 bytes back
Round trip time was 0.054412 milliseconds in repetition 175
tcp_ping received 4096 bytes back
Round trip time was 0.048325 milliseconds in repetition 176
tcp_ping received 4096 bytes back
Round trip time was 0.048133 milliseconds in repetition 177
tcp_ping received 4096 bytes back
Round trip time was 0.048201 milliseconds in repetition 178
tcp_ping received 4096 bytes back
Round trip time was 0.04782 milliseconds in repetition 179
tcp_ping received 4096 bytes back
Round trip time was 0.048174 milliseconds in repetition 180
tcp_ping received 4096 bytes back
Round trip time was 0.047956 milliseconds in repetition 181
tcp_ping received 4096 bytes back
Round trip time was 0.048011 milliseconds in repetition 182
tcp_ping received 4096 bytes back
Round trip time was 0.047792 milliseconds in repetition 183
tcp_ping received 4096 bytes back
Round trip time was 0.047907 milliseconds in repetition 184
tcp_ping received 4096 bytes back
Round trip time was 0.048032 milliseconds in repetition 185
tcp_ping received 4096 bytes back
Round trip time was 0.04805 milliseconds in repetition 186
tcp_ping received 4096 bytes back
Round trip time was 0.047999 milliseconds in repetition 187
tcp_ping received 4096 bytes back
Round trip time was 0.047864 milliseconds in repetition 188
tcp_ping received 4096 bytes back
Round trip time was 0.048157 milliseconds in repetition 189
tcp_ping received 4096 bytes back
Round trip time was 0.048048 milliseconds in repetition 190
tcp_ping received 4096 bytes back
Round trip time was 0.048077 milliseconds in repetition 191
tcp_ping received 4096 bytes back
Round trip time was 0.047847 milliseconds in repetition 192
tcp_ping received 4096 bytes back
Round trip time was 0.048071 milliseconds in repetition 193
tcp_ping received 4096 bytes back
Round trip time was 0.051073 milliseconds in repetition 194
tcp_ping received 4096 bytes back
Round trip time was 0.048319 milliseconds in repetition 195
tcp_ping received 4096 bytes back
Round trip time was 0.048251 milliseconds in repetition 196
tcp_ping received 4096 bytes back
Round trip time was 0.048569 milliseconds in repetition 197
tcp_ping received 4096 bytes back
Round trip time was 0.048148 milliseconds in repetition 198
tcp_ping received 4096 bytes back
Round trip time was 0.048071 milliseconds in repetition 199
tcp_ping received 4096 bytes back
Round trip time was 0.048434 milliseconds in repetition 200
tcp_ping received 4096 bytes back
Round trip time was 0.048075 milliseconds in repetition 201
tcp_ping received 4096 bytes back
Round trip time was 0.048013 milliseconds in repetition 202
tcp_ping received 4096 bytes back
Round trip time was 0.047785 milliseconds in repetition 203
tcp_ping received 4096 bytes back
Round trip time was 0.047854 milliseconds in repetition 204
tcp_ping received 4096 bytes back
Round trip time was 0.048071 milliseconds in repetition 205
tcp_ping received 4096 bytes back
Round trip time was 0.047772 milliseconds in repetition 206
tcp_ping received 4096 bytes back
Round trip time was 0.048182 milliseconds in repetition 207
tcp_ping received 4096 bytes back
Round trip time was 0.047987 milliseconds in repetition 208
tcp_ping received 4096 bytes back
Round trip time was 0.047907 milliseconds in repetition 209
tcp_ping received 4096 bytes back
Round trip time was 0.048137 milliseconds in repetition 210
tcp_ping received 4096 bytes back
Round trip time was 0.047792 milliseconds in repetition 211
tcp_ping received 4096 bytes back
Round trip time was 0.04784 milliseconds in repetition 212
tcp_ping received 4096 bytes back
Round trip time was 0.050908 milliseconds in repetition 213
tcp_ping received 4096 bytes back
Round trip time was 0.048215 milliseconds in repetition 214
tcp_ping received 4096 bytes back
Round trip time was 0.047807 milliseconds in repetition 215
tcp_ping received 4096 bytes back
Round trip time was 0.047833 milliseconds in repetition 216
tcp_ping received 4096 bytes back
Round trip time was 0.047645 milliseconds in repetition 217
tcp_ping received 4096 bytes back
Round trip time was 0.047688 milliseconds in repetition 218
tcp_ping received 4096 bytes back
Round trip time was 0.048883 milliseconds in repetition 219
tcp_ping received 4096 bytes back
Round trip time was 0.048014 milliseconds in repetition 220
tcp_ping received 4096 bytes back
Round trip time was 0.048463 milliseconds in repetition 221
tcp_ping received 4096 bytes back
Round trip time was 0.047908 milliseconds in repetition 222
tcp_ping received 4096 bytes back
Round trip time was 0.082514 milliseconds in repetition 223
tcp_ping received 4096 bytes back
Round trip time was 0.054258 milliseconds in repetition 224
tcp_ping received 4096 bytes back
Round trip time was 0.064383 milliseconds in repetition 225
tcp_ping received 4096 bytes back
Round trip time was 0.061093 milliseconds in repetition 226
tcp_ping received 4096 bytes back
Round trip time was 0.052027 milliseconds in repetition 227
tcp_ping received 4096 bytes back
Round trip time was 0.048826 milliseconds in repetition 228
tcp_ping received 4096 bytes back
Round trip time was 0.048629 milliseconds in repetition 229
tcp_ping received 4096 bytes back
Round trip time was 0.047915 milliseconds in repetition 230
tcp_ping received 4096 bytes back
Round trip time was 0.04781 milliseconds in repetition 231
tcp_ping received 4096 bytes back
Round trip time was 0.04837 milliseconds in repetition 232
tcp_ping received 4096 bytes back
Round trip time was 0.049079 milliseconds in repetition 233
tcp_ping received 4096 bytes back
Round trip time was 0.048744 milliseconds in repetition 234
tcp_ping received 4096 bytes back
Round trip time was 0.048848 milliseconds in repetition 235
tcp_ping received 4096 bytes back
Round trip time was 0.048355 milliseconds in repetition 236
tcp_ping received 4096 bytes back
Round trip time was 0.048 milliseconds in repetition 237
tcp_ping received 4096 bytes back
Round trip time was 0.048036 milliseconds in repetition 238
tcp_ping received 4096 bytes back
Round trip time was 0.047947 milliseconds in repetition 239
tcp_ping received 4096 bytes back
Round trip time was 0.047627 milliseconds in repetition 240
tcp_ping received 4096 bytes back
Round trip time was 0.047601 milliseconds in repetition 241
tcp_ping received 4096 bytes back
Round trip time was 0.047964 milliseconds in repetition 242
tcp_ping received 4096 bytes back
Round trip time was 0.048226 milliseconds in repetition 243
tcp_ping received 4096 bytes back
Round trip time was 0.047924 milliseconds in repetition 244
tcp_ping received 4096 bytes back
Round trip time was 0.047985 milliseconds in repetition 245
tcp_ping received 4096 bytes back
Round trip time was 0.048784 milliseconds in repetition 246
tcp_ping received 4096 bytes back
Round trip time was 0.048874 milliseconds in repetition 247
tcp_ping received 4096 bytes back
Round trip time was 0.059581 milliseconds in repetition 248
tcp_ping received 4096 bytes back
Round trip time was 0.049001 milliseconds in repetition 249
tcp_ping received 4096 bytes back
Round trip time was 0.04865 milliseconds in repetition 250
tcp_ping received 4096 bytes back
Round trip time was 0.048478 milliseconds in repetition 251
tcp_ping received 4096 bytes back
Round trip time was 0.047807 milliseconds in repetition 252
tcp_ping received 4096 bytes back
Round trip time was 0.048188 milliseconds in repetition 253
tcp_ping received 4096 bytes back
Round trip time was 0.048117 milliseconds in repetition 254
tcp_ping received 4096 bytes back
Round trip time was 0.048247 milliseconds in repetition 255
tcp_ping received 4096 bytes back
Round trip time was 0.055966 milliseconds in repetition 256
tcp_ping received 4096 bytes back
Round trip time was 0.048489 milliseconds in repetition 257
tcp_ping received 4096 bytes back
Round trip time was 0.049057 milliseconds in repetition 258
tcp_ping received 4096 bytes back
Round trip time was 0.049121 milliseconds in repetition 259
tcp_ping received 4096 bytes back
Round trip time was 0.048179 milliseconds in repetition 260
tcp_ping received 4096 bytes back
Round trip time was 0.048427 milliseconds in repetition 261
tcp_ping received 4096 bytes back
Round trip time was 0.061827 milliseconds in repetition 262
tcp_ping received 4096 bytes back
Round trip time was 0.04989 milliseconds in repetition 263
tcp_ping received 4096 bytes back
Round trip time was 0.04942 milliseconds in repetition 264
tcp_ping received 4096 bytes back
Round trip time was 0.049675 milliseconds in repetition 265
tcp_ping received 4096 bytes back
Round trip time was 0.050627 milliseconds in repetition 266
tcp_ping received 4096 bytes back
Round trip time was 0.049466 milliseconds in repetition 267
tcp_ping received 4096 bytes back
Round trip time was 0.04994 milliseconds in repetition 268
tcp_ping received 4096 bytes back
Round trip time was 0.049335 milliseconds in repetition 269
tcp_ping received 4096 bytes back
Round trip time was 0.048857 milliseconds in repetition 270
tcp_ping received 4096 bytes back
Round trip time was 0.048646 milliseconds in repetition 271
tcp_ping received 4096 bytes back
Round trip time was 0.049153 milliseconds in repetition 272
tcp_ping received 4096 bytes back
Round trip time was 0.048658 milliseconds in repetition 273
tcp_ping received 4096 bytes back
Round trip time was 0.04812 milliseconds in repetition 274
tcp_ping received 4096 bytes back
Round trip time was 0.048121 milliseconds in repetition 275
tcp_ping received 4096 bytes back
Round trip time was 0.0485 milliseconds in repetition 276
tcp_ping received 4096 bytes back
Round trip time was 0.048212 milliseconds in repetition 277
tcp_ping received 4096 bytes back
Round trip time was 0.048086 milliseconds in repetition 278
tcp_ping received 4096 bytes back
Round trip time was 0.048292 milliseconds in repetition 279
tcp_ping received 4096 bytes back
Round trip time was 0.048564 milliseconds in repetition 280
tcp_ping received 4096 bytes back
Round trip time was 0.048165 milliseconds in repetition 281
tcp_ping received 4096 bytes back
Round trip time was 0.047907 milliseconds in repetition 282
tcp_ping received 4096 bytes back
Round trip time was 0.048197 milliseconds in repetition 283
tcp_ping received 4096 bytes back
Round trip time was 0.048387 milliseconds in repetition 284
tcp_ping received 4096 bytes back
Round trip time was 0.048307 milliseconds in repetition 285
tcp_ping received 4096 bytes back
Round trip time was 0.07641 milliseconds in repetition 286
tcp_ping received 4096 bytes back
Round trip time was 0.053747 milliseconds in repetition 287
tcp_ping received 4096 bytes back
Round trip time was 0.049414 milliseconds in repetition 288
tcp_ping received 4096 bytes back
Round trip time was 0.049217 milliseconds in repetition 289
tcp_ping received 4096 bytes back
Round trip time was 0.049009 milliseconds in repetition 290
tcp_ping received 4096 bytes back
Round trip time was 0.049352 milliseconds in repetition 291
tcp_ping received 4096 bytes back
Round trip time was 0.04892 milliseconds in repetition 292
tcp_ping received 4096 bytes back
Round trip time was 0.049165 milliseconds in repetition 293
tcp_ping received 4096 bytes back
Round trip time was 0.049032 milliseconds in repetition 294
tcp_ping received 4096 bytes back
Round trip time was 0.048424 milliseconds in repetition 295
tcp_ping received 4096 bytes back
Round trip time was 0.049545 milliseconds in repetition 296
tcp_ping received 4096 bytes back
Round trip time was 0.052133 milliseconds in repetition 297
tcp_ping received 4096 bytes back
Round trip time was 0.050633 milliseconds in repetition 298
tcp_ping received 4096 bytes back
Round trip time was 0.049801 milliseconds in repetition 299
tcp_ping received 4096 bytes back
Round trip time was 0.049687 milliseconds in repetition 300
tcp_ping received 4096 bytes back
Round trip time was 0.070025 milliseconds in repetition 301
tcp_ping received 4096 bytes back
Round trip time was 0.066895 milliseconds in repetition 302
tcp_ping received 4096 bytes back
Round trip time was 0.050981 milliseconds in repetition 303
tcp_ping received 4096 bytes back
Round trip time was 0.048527 milliseconds in repetition 304
tcp_ping received 4096 bytes back
Round trip time was 0.064043 milliseconds in repetition 305
tcp_ping received 4096 bytes back
Round trip time was 0.059568 milliseconds in repetition 306
tcp_ping received 4096 bytes back
Round trip time was 0.0535 milliseconds in repetition 307
tcp_ping received 4096 bytes back
Round trip time was 0.061099 milliseconds in repetition 308
tcp_ping received 4096 bytes back
Round trip time was 0.049888 milliseconds in repetition 309
tcp_ping received 4096 bytes back
Round trip time was 0.051453 milliseconds in repetition 310
tcp_ping received 4096 bytes back
Round trip time was 0.053439 milliseconds in repetition 311
tcp_ping received 4096 bytes back
Round trip time was 0.051852 milliseconds in repetition 312
tcp_ping received 4096 bytes back
Round trip time was 0.048505 milliseconds in repetition 313
tcp_ping received 4096 bytes back
Round trip time was 0.048242 milliseconds in repetition 314
tcp_ping received 4096 bytes back
Round trip time was 0.048225 milliseconds in repetition 315
tcp_ping received 4096 bytes back
Round trip time was 0.04966 milliseconds in repetition 316
tcp_ping received 4096 bytes back
Round trip time was 0.057097 milliseconds in repetition 317
tcp_ping received 4096 bytes back
Round trip time was 0.04998 milliseconds in repetition 318
tcp_ping received 4096 bytes back
Round trip time was 0.048822 milliseconds in repetition 319
tcp_ping received 4096 bytes back
Round trip time was 0.051455 milliseconds in repetition 320
tcp_ping received 4096 bytes back
Round trip time was 0.050089 milliseconds in repetition 321
tcp_ping received 4096 bytes back
Round trip time was 0.078018 milliseconds in repetition 322
tcp_ping received 4096 bytes back
Round trip time was 0.051946 milliseconds in repetition 323
tcp_ping received 4096 bytes back
Round trip time was 0.048847 milliseconds in repetition 324
tcp_ping received 4096 bytes back
Round trip time was 0.049971 milliseconds in repetition 325
tcp_ping received 4096 bytes back
Round trip time was 0.054769 milliseconds in repetition 326
tcp_ping received 4096 bytes back
Round trip time was 0.062154 milliseconds in repetition 327
tcp_ping received 4096 bytes back
Round trip time was 0.053727 milliseconds in repetition 328
tcp_ping received 4096 bytes back
Round trip time was 0.074483 milliseconds in repetition 329
tcp_ping received 4096 bytes back
Round trip time was 0.17232 milliseconds in repetition 330
tcp_ping received 4096 bytes back
Round trip time was 0.060685 milliseconds in repetition 331
tcp_ping received 4096 bytes back
Round trip time was 0.050656 milliseconds in repetition 332
tcp_ping received 4096 bytes back
Round trip time was 0.052986 milliseconds in repetition 333
tcp_ping received 4096 bytes back
Round trip time was 0.088965 milliseconds in repetition 334
tcp_ping received 4096 bytes back
Round trip time was 0.05952 milliseconds in repetition 335
tcp_ping received 4096 bytes back
Round trip time was 0.062492 milliseconds in repetition 336
tcp_ping received 4096 bytes back
Round trip time was 0.062385 milliseconds in repetition 337
tcp_ping received 4096 bytes back
Round trip time was 0.12271 milliseconds in repetition 338
tcp_ping received 4096 bytes back
Round trip time was 0.054429 milliseconds in repetition 339
tcp_ping received 4096 bytes back
Round trip time was 0.051903 milliseconds in repetition 340
tcp_ping received 4096 bytes back
Round trip time was 0.05103 milliseconds in repetition 341
tcp_ping received 4096 bytes back
Round trip time was 0.050602 milliseconds in repetition 342
tcp_ping received 4096 bytes back
Round trip time was 0.098169 milliseconds in repetition 343
tcp_ping received 4096 bytes back
Round trip time was 0.052761 milliseconds in repetition 344
tcp_ping received 4096 bytes back
Round trip time was 0.049125 milliseconds in repetition 345
tcp_ping received 4096 bytes back
Round trip time was 0.053613 milliseconds in repetition 346
tcp_ping received 4096 bytes back
Round trip time was 0.05709 milliseconds in repetition 347
tcp_ping received 4096 bytes back
Round trip time was 0.085319 milliseconds in repetition 348
tcp_ping received 4096 bytes back
Round trip time was 0.050913 milliseconds in repetition 349
tcp_ping received 4096 bytes back
Round trip time was 0.058883 milliseconds in repetition 350
tcp_ping received 4096 bytes back
Round trip time was 0.047822 milliseconds in repetition 351
tcp_ping received 4096 bytes back
Round trip time was 0.052136 milliseconds in repetition 352
tcp_ping received 4096 bytes back
Round trip time was 0.08666 milliseconds in repetition 353
tcp_ping received 4096 bytes back
Round trip time was 0.048841 milliseconds in repetition 354
tcp_ping received 4096 bytes back
Round trip time was 0.049065 milliseconds in repetition 355
tcp_ping received 4096 bytes back
Round trip time was 0.051415 milliseconds in repetition 356
tcp_ping received 4096 bytes back
Round trip time was 0.054381 milliseconds in repetition 357
tcp_ping received 4096 bytes back
Round trip time was 0.062442 milliseconds in repetition 358
tcp_ping received 4096 bytes back
Round trip time was 0.061131 milliseconds in repetition 359
tcp_ping received 4096 bytes back
Round trip time was 0.04892 milliseconds in repetition 360
tcp_ping received 4096 bytes back
Round trip time was 0.048734 milliseconds in repetition 361
tcp_ping received 4096 bytes back
Round trip time was 0.049923 milliseconds in repetition 362
tcp_ping received 4096 bytes back
Round trip time was 0.048431 milliseconds in repetition 363
tcp_ping received 4096 bytes back
Round trip time was 0.093827 milliseconds in repetition 364
tcp_ping received 4096 bytes back
Round trip time was 0.048692 milliseconds in repetition 365
tcp_ping received 4096 bytes back
Round trip time was 0.048587 milliseconds in repetition 366
tcp_ping received 4096 bytes back
Round trip time was 0.048479 milliseconds in repetition 367
tcp_ping received 4096 bytes back
Round trip time was 0.048703 milliseconds in repetition 368
tcp_ping received 4096 bytes back
Round trip time was 0.04846 milliseconds in repetition 369
tcp_ping received 4096 bytes back
Round trip time was 0.04874 milliseconds in repetition 370
tcp_ping received 4096 bytes back
Round trip time was 0.048329 milliseconds in repetition 371
tcp_ping received 4096 bytes back
Round trip time was 0.048448 milliseconds in repetition 372
tcp_ping received 4096 bytes back
Round trip time was 0.048373 milliseconds in repetition 373
tcp_ping received 4096 bytes back
Round trip time was 0.048671 milliseconds in repetition 374
tcp_ping received 4096 bytes back
Round trip time was 0.048424 milliseconds in repetition 375
tcp_ping received 4096 bytes back
Round trip time was 0.04856 milliseconds in repetition 376
tcp_ping received 4096 bytes back
Round trip time was 0.048374 milliseconds in repetition 377
tcp_ping received 4096 bytes back
Round trip time was 0.048697 milliseconds in repetition 378
tcp_ping received 4096 bytes back
Round trip time was 0.04822 milliseconds in repetition 379
tcp_ping received 4096 bytes back
Round trip time was 0.048338 milliseconds in repetition 380
tcp_ping received 4096 bytes back
Round trip time was 0.04839 milliseconds in repetition 381
tcp_ping received 4096 bytes back
Round trip time was 0.048439 milliseconds in repetition 382
tcp_ping received 4096 bytes back
Round trip time was 0.048215 milliseconds in repetition 383
tcp_ping received 4096 bytes back
Round trip time was 0.048284 milliseconds in repetition 384
tcp_ping received 4096 bytes back
Round trip time was 0.048271 milliseconds in repetition 385
tcp_ping received 4096 bytes back
Round trip time was 0.048322 milliseconds in repetition 386
tcp_ping received 4096 bytes back
Round trip time was 0.0488 milliseconds in repetition 387
tcp_ping received 4096 bytes back
Round trip time was 0.048172 milliseconds in repetition 388
tcp_ping received 4096 bytes back
Round trip time was 0.048775 milliseconds in repetition 389
tcp_ping received 4096 bytes back
Round trip time was 0.048243 milliseconds in repetition 390
tcp_ping received 4096 bytes back
Round trip time was 0.048517 milliseconds in repetition 391
tcp_ping received 4096 bytes back
Round trip time was 0.048529 milliseconds in repetition 392
tcp_ping received 4096 bytes back
Round trip time was 0.053736 milliseconds in repetition 393
tcp_ping received 4096 bytes back
Round trip time was 0.048387 milliseconds in repetition 394
tcp_ping received 4096 bytes back
Round trip time was 0.048509 milliseconds in repetition 395
tcp_ping received 4096 bytes back
Round trip time was 0.048166 milliseconds in repetition 396
tcp_ping received 4096 bytes back
Round trip time was 0.048315 milliseconds in repetition 397
tcp_ping received 4096 bytes back
Round trip time was 0.04851 milliseconds in repetition 398
tcp_ping received 4096 bytes back
Round trip time was 0.049615 milliseconds in repetition 399
tcp_ping received 4096 bytes back
Round trip time was 0.048523 milliseconds in repetition 400
tcp_ping received 4096 bytes back
Round trip time was 0.048209 milliseconds in repetition 401
tcp_ping received 4096 bytes back
Round trip time was 0.047869 milliseconds in repetition 402
tcp_ping received 4096 bytes back
Round trip time was 0.048343 milliseconds in repetition 403
tcp_ping received 4096 bytes back
Round trip time was 0.048561 milliseconds in repetition 404
tcp_ping received 4096 bytes back
Round trip time was 0.048038 milliseconds in repetition 405
tcp_ping received 4096 bytes back
Round trip time was 0.048183 milliseconds in repetition 406
tcp_ping received 4096 bytes back
Round trip time was 0.048333 milliseconds in repetition 407
tcp_ping received 4096 bytes back
Round trip time was 0.048169 milliseconds in repetition 408
tcp_ping received 4096 bytes back
Round trip time was 0.048192 milliseconds in repetition 409
tcp_ping received 4096 bytes back
Round trip time was 0.048074 milliseconds in repetition 410
tcp_ping received 4096 bytes back
Round trip time was 0.048125 milliseconds in repetition 411
tcp_ping received 4096 bytes back
Round trip time was 0.048289 milliseconds in repetition 412
tcp_ping received 4096 bytes back
Round trip time was 0.048666 milliseconds in repetition 413
tcp_ping received 4096 bytes back
Round trip time was 0.053954 milliseconds in repetition 414
tcp_ping received 4096 bytes back
Round trip time was 0.059135 milliseconds in repetition 415
tcp_ping received 4096 bytes back
Round trip time was 0.057976 milliseconds in repetition 416
tcp_ping received 4096 bytes back
Round trip time was 0.050945 milliseconds in repetition 417
tcp_ping received 4096 bytes back
Round trip time was 0.050435 milliseconds in repetition 418
tcp_ping received 4096 bytes back
Round trip time was 0.049771 milliseconds in repetition 419
tcp_ping received 4096 bytes back
Round trip time was 0.049997 milliseconds in repetition 420
tcp_ping received 4096 bytes back
Round trip time was 0.055026 milliseconds in repetition 421
tcp_ping received 4096 bytes back
Round trip time was 0.055408 milliseconds in repetition 422
tcp_ping received 4096 bytes back
Round trip time was 0.055547 milliseconds in repetition 423
tcp_ping received 4096 bytes back
Round trip time was 0.053264 milliseconds in repetition 424
tcp_ping received 4096 bytes back
Round trip time was 0.0494 milliseconds in repetition 425
tcp_ping received 4096 bytes back
Round trip time was 0.049083 milliseconds in repetition 426
tcp_ping received 4096 bytes back
Round trip time was 0.048606 milliseconds in repetition 427
tcp_ping received 4096 bytes back
Round trip time was 0.048889 milliseconds in repetition 428
tcp_ping received 4096 bytes back
Round trip time was 0.049177 milliseconds in repetition 429
tcp_ping received 4096 bytes back
Round trip time was 0.049451 milliseconds in repetition 430
tcp_ping received 4096 bytes back
Round trip time was 0.048983 milliseconds in repetition 431
tcp_ping received 4096 bytes back
Round trip time was 0.051331 milliseconds in repetition 432
tcp_ping received 4096 bytes back
Round trip time was 0.052842 milliseconds in repetition 433
tcp_ping received 4096 bytes back
Round trip time was 0.051652 milliseconds in repetition 434
tcp_ping received 4096 bytes back
Round trip time was 0.049724 milliseconds in repetition 435
tcp_ping received 4096 bytes back
Round trip time was 0.049956 milliseconds in repetition 436
tcp_ping received 4096 bytes back
Round trip time was 0.053719 milliseconds in repetition 437
tcp_ping received 4096 bytes back
Round trip time was 0.049476 milliseconds in repetition 438
tcp_ping received 4096 bytes back
Round trip time was 0.048825 milliseconds in repetition 439
tcp_ping received 4096 bytes back
Round trip time was 0.05008 milliseconds in repetition 440
tcp_ping received 4096 bytes back
Round trip time was 0.075263 milliseconds in repetition 441
tcp_ping received 4096 bytes back
Round trip time was 0.054756 milliseconds in repetition 442
tcp_ping received 4096 bytes back
Round trip time was 0.054624 milliseconds in repetition 443
tcp_ping received 4096 bytes back
Round trip time was 0.063609 milliseconds in repetition 444
tcp_ping received 4096 bytes back
Round trip time was 0.0503 milliseconds in repetition 445
tcp_ping received 4096 bytes back
Round trip time was 0.060159 milliseconds in repetition 446
tcp_ping received 4096 bytes back
Round trip time was 0.05 milliseconds in repetition 447
tcp_ping received 4096 bytes back
Round trip time was 0.048111 milliseconds in repetition 448
tcp_ping received 4096 bytes back
Round trip time was 0.048133 milliseconds in repetition 449
tcp_ping received 4096 bytes back
Round trip time was 0.061107 milliseconds in repetition 450
tcp_ping received 4096 bytes back
Round trip time was 0.061103 milliseconds in repetition 451
tcp_ping received 4096 bytes back
Round trip time was 0.056311 milliseconds in repetition 452
tcp_ping received 4096 bytes back
Round trip time was 0.053521 milliseconds in repetition 453
tcp_ping received 4096 bytes back
Round trip time was 0.067218 milliseconds in repetition 454
tcp_ping received 4096 bytes back
Round trip time was 0.057858 milliseconds in repetition 455
tcp_ping received 4096 bytes back
Round trip time was 0.049796 milliseconds in repetition 456
tcp_ping received 4096 bytes back
Round trip time was 0.058147 milliseconds in repetition 457
tcp_ping received 4096 bytes back
Round trip time was 0.050385 milliseconds in repetition 458
tcp_ping received 4096 bytes back
Round trip time was 0.051789 milliseconds in repetition 459
tcp_ping received 4096 bytes back
Round trip time was 0.049456 milliseconds in repetition 460
tcp_ping received 4096 bytes back
Round trip time was 0.057028 milliseconds in repetition 461
tcp_ping received 4096 bytes back
Round trip time was 0.069414 milliseconds in repetition 462
tcp_ping received 4096 bytes back
Round trip time was 0.056447 milliseconds in repetition 463
tcp_ping received 4096 bytes back
Round trip time was 0.049073 milliseconds in repetition 464
tcp_ping received 4096 bytes back
Round trip time was 0.048288 milliseconds in repetition 465
tcp_ping received 4096 bytes back
Round trip time was 0.071006 milliseconds in repetition 466
tcp_ping received 4096 bytes back
Round trip time was 0.050089 milliseconds in repetition 467
tcp_ping received 4096 bytes back
Round trip time was 0.04911 milliseconds in repetition 468
tcp_ping received 4096 bytes back
Round trip time was 0.050109 milliseconds in repetition 469
tcp_ping received 4096 bytes back
Round trip time was 0.049169 milliseconds in repetition 470
tcp_ping received 4096 bytes back
Round trip time was 0.049164 milliseconds in repetition 471
tcp_ping received 4096 bytes back
Round trip time was 0.052106 milliseconds in repetition 472
tcp_ping received 4096 bytes back
Round trip time was 0.053178 milliseconds in repetition 473
tcp_ping received 4096 bytes back
Round trip time was 0.049989 milliseconds in repetition 474
tcp_ping received 4096 bytes back
Round trip time was 0.048789 milliseconds in repetition 475
tcp_ping received 4096 bytes back
Round trip time was 0.050311 milliseconds in repetition 476
tcp_ping received 4096 bytes back
Round trip time was 0.048967 milliseconds in repetition 477
tcp_ping received 4096 bytes back
Round trip time was 0.049538 milliseconds in repetition 478
tcp_ping received 4096 bytes back
Round trip time was 0.048655 milliseconds in repetition 479
tcp_ping received 4096 bytes back
Round trip time was 0.048921 milliseconds in repetition 480
tcp_ping received 4096 bytes back
Round trip time was 0.056808 milliseconds in repetition 481
tcp_ping received 4096 bytes back
Round trip time was 0.051466 milliseconds in repetition 482
tcp_ping received 4096 bytes back
Round trip time was 0.050167 milliseconds in repetition 483
tcp_ping received 4096 bytes back
Round trip time was 0.05096 milliseconds in repetition 484
tcp_ping received 4096 bytes back
Round trip time was 0.049898 milliseconds in repetition 485
tcp_ping received 4096 bytes back
Round trip time was 0.050062 milliseconds in repetition 486
tcp_ping received 4096 bytes back
Round trip time was 0.049905 milliseconds in repetition 487
tcp_ping received 4096 bytes back
Round trip time was 0.050539 milliseconds in repetition 488
tcp_ping received 4096 bytes back
Round trip time was 0.050201 milliseconds in repetition 489
tcp_ping received 4096 bytes back
Round trip time was 0.050572 milliseconds in repetition 490
tcp_ping received 4096 bytes back
Round trip time was 0.073028 milliseconds in repetition 491
tcp_ping received 4096 bytes back
Round trip time was 0.059513 milliseconds in repetition 492
tcp_ping received 4096 bytes back
Round trip time was 0.055885 milliseconds in repetition 493
tcp_ping received 4096 bytes back
Round trip time was 0.048782 milliseconds in repetition 494
tcp_ping received 4096 bytes back
Round trip time was 0.048029 milliseconds in repetition 495
tcp_ping received 4096 bytes back
Round trip time was 0.048119 milliseconds in repetition 496
tcp_ping received 4096 bytes back
Round trip time was 0.048035 milliseconds in repetition 497
tcp_ping received 4096 bytes back
Round trip time was 0.048095 milliseconds in repetition 498
tcp_ping received 4096 bytes back
Round trip time was 0.048068 milliseconds in repetition 499
tcp_ping received 4096 bytes back
Round trip time was 0.048044 milliseconds in repetition 500
tcp_ping received 4096 bytes back
Round trip time was 0.052846 milliseconds in repetition 501

 ... clock resolution was 1e-06
TCP Ping:  Statistics over 501 repetitions of 4096 byte messages

RTT : percentile 10: 0.047771, median: 0.048646, percentile 90: 0.05952, average: 0.0517769, variance: 8.94386e-05

RTT histogram:
0.0465335 322
0.0528228 108
0.0591122 40
0.0654016 12
0.0716909 5
0.0779803 4
0.0842696 3
0.0905589 2
0.0968483 3
0.103138 0
0.109427 0
0.115716 0
0.122006 1
0.128295 0
0.134584 0
0.140874 0
0.147163 0
0.153452 0
0.159742 0
0.166031 0
0.17232 1

   median Throughput : 168400 KB/s   overall Throughput : 158217 KB/s

