TCP Ping trying to connect to server localhost (127.0.0.1) on port 1491

... connected to Pong server: asking for 501 repetitions of 524288 bytes TCP messages
 ... Pong server agreed :-)
tcp_ping received 524288 bytes back
Round trip time was 1.63933 milliseconds in repetition 1
tcp_ping received 524288 bytes back
Round trip time was 1.58853 milliseconds in repetition 2
tcp_ping received 524288 bytes back
Round trip time was 1.55144 milliseconds in repetition 3
tcp_ping received 524288 bytes back
Round trip time was 1.58109 milliseconds in repetition 4
tcp_ping received 524288 bytes back
Round trip time was 2.22953 milliseconds in repetition 5
tcp_ping received 524288 bytes back
Round trip time was 2.47908 milliseconds in repetition 6
tcp_ping received 524288 bytes back
Round trip time was 1.84728 milliseconds in repetition 7
tcp_ping received 524288 bytes back
Round trip time was 1.58637 milliseconds in repetition 8
tcp_ping received 524288 bytes back
Round trip time was 1.79725 milliseconds in repetition 9
tcp_ping received 524288 bytes back
Round trip time was 2.40135 milliseconds in repetition 10
tcp_ping received 524288 bytes back
Round trip time was 1.91684 milliseconds in repetition 11
tcp_ping received 524288 bytes back
Round trip time was 1.76722 milliseconds in repetition 12
tcp_ping received 524288 bytes back
Round trip time was 1.62878 milliseconds in repetition 13
tcp_ping received 524288 bytes back
Round trip time was 1.60563 milliseconds in repetition 14
tcp_ping received 524288 bytes back
Round trip time was 1.54218 milliseconds in repetition 15
tcp_ping received 524288 bytes back
Round trip time was 1.98864 milliseconds in repetition 16
tcp_ping received 524288 bytes back
Round trip time was 1.73284 milliseconds in repetition 17
tcp_ping received 524288 bytes back
Round trip time was 1.87845 milliseconds in repetition 18
tcp_ping received 524288 bytes back
Round trip time was 1.53791 milliseconds in repetition 19
tcp_ping received 524288 bytes back
Round trip time was 1.6094 milliseconds in repetition 20
tcp_ping received 524288 bytes back
Round trip time was 1.51086 milliseconds in repetition 21
tcp_ping received 524288 bytes back
Round trip time was 1.68234 milliseconds in repetition 22
tcp_ping received 524288 bytes back
Round trip time was 1.82175 milliseconds in repetition 23
tcp_ping received 524288 bytes back
Round trip time was 1.60195 milliseconds in repetition 24
tcp_ping received 524288 bytes back
Round trip time was 1.7892 milliseconds in repetition 25
tcp_ping received 524288 bytes back
Round trip time was 1.67634 milliseconds in repetition 26
tcp_ping received 524288 bytes back
Round trip time was 1.51044 milliseconds in repetition 27
tcp_ping received 524288 bytes back
Round trip time was 1.57024 milliseconds in repetition 28
tcp_ping received 524288 bytes back
Round trip time was 1.74882 milliseconds in repetition 29
tcp_ping received 524288 bytes back
Round trip time was 1.85846 milliseconds in repetition 30
tcp_ping received 524288 bytes back
Round trip time was 1.71159 milliseconds in repetition 31
tcp_ping received 524288 bytes back
Round trip time was 1.5686 milliseconds in repetition 32
tcp_ping received 524288 bytes back
Round trip time was 1.59287 milliseconds in repetition 33
tcp_ping received 524288 bytes back
Round trip time was 1.49757 milliseconds in repetition 34
tcp_ping received 524288 bytes back
Round trip time was 1.55085 milliseconds in repetition 35
tcp_ping received 524288 bytes back
Round trip time was 2.02627 milliseconds in repetition 36
tcp_ping received 524288 bytes back
Round trip time was 1.71596 milliseconds in repetition 37
tcp_ping received 524288 bytes back
Round trip time was 1.59167 milliseconds in repetition 38
tcp_ping received 524288 bytes back
Round trip time was 1.57966 milliseconds in repetition 39
tcp_ping received 524288 bytes back
Round trip time was 1.71966 milliseconds in repetition 40
tcp_ping received 524288 bytes back
Round trip time was 1.70616 milliseconds in repetition 41
tcp_ping received 524288 bytes back
Round trip time was 2.0698 milliseconds in repetition 42
tcp_ping received 524288 bytes back
Round trip time was 1.78583 milliseconds in repetition 43
tcp_ping received 524288 bytes back
Round trip time was 1.6895 milliseconds in repetition 44
tcp_ping received 524288 bytes back
Round trip time was 1.70098 milliseconds in repetition 45
tcp_ping received 524288 bytes back
Round trip time was 1.48019 milliseconds in repetition 46
tcp_ping received 524288 bytes back
Round trip time was 1.52392 milliseconds in repetition 47
tcp_ping received 524288 bytes back
Round trip time was 1.97549 milliseconds in repetition 48
tcp_ping received 524288 bytes back
Round trip time was 1.72244 milliseconds in repetition 49
tcp_ping received 524288 bytes back
Round trip time was 1.71782 milliseconds in repetition 50
tcp_ping received 524288 bytes back
Round trip time was 1.6008 milliseconds in repetition 51
tcp_ping received 524288 bytes back
Round trip time was 2.0509 milliseconds in repetition 52
tcp_ping received 524288 bytes back
Round trip time was 1.85991 milliseconds in repetition 53
tcp_ping received 524288 bytes back
Round trip time was 2.17765 milliseconds in repetition 54
tcp_ping received 524288 bytes back
Round trip time was 2.04272 milliseconds in repetition 55
tcp_ping received 524288 bytes back
Round trip time was 1.63873 milliseconds in repetition 56
tcp_ping received 524288 bytes back
Round trip time was 1.49994 milliseconds in repetition 57
tcp_ping received 524288 bytes back
Round trip time was 1.49929 milliseconds in repetition 58
tcp_ping received 524288 bytes back
Round trip time was 1.47737 milliseconds in repetition 59
tcp_ping received 524288 bytes back
Round trip time was 1.55806 milliseconds in repetition 60
tcp_ping received 524288 bytes back
Round trip time was 1.72296 milliseconds in repetition 61
tcp_ping received 524288 bytes back
Round trip time was 1.69952 milliseconds in repetition 62
tcp_ping received 524288 bytes back
Round trip time was 1.53345 milliseconds in repetition 63
tcp_ping received 524288 bytes back
Round trip time was 1.53726 milliseconds in repetition 64
tcp_ping received 524288 bytes back
Round trip time was 1.50224 milliseconds in repetition 65
tcp_ping received 524288 bytes back
Round trip time was 1.48118 milliseconds in repetition 66
tcp_ping received 524288 bytes back
Round trip time was 1.51501 milliseconds in repetition 67
tcp_ping received 524288 bytes back
Round trip time was 1.76822 milliseconds in repetition 68
tcp_ping received 524288 bytes back
Round trip time was 1.72772 milliseconds in repetition 69
tcp_ping received 524288 bytes back
Round trip time was 1.581 milliseconds in repetition 70
tcp_ping received 524288 bytes back
Round trip time was 1.52325 milliseconds in repetition 71
tcp_ping received 524288 bytes back
Round trip time was 1.56469 milliseconds in repetition 72
tcp_ping received 524288 bytes back
Round trip time was 1.54393 milliseconds in repetition 73
tcp_ping received 524288 bytes back
Round trip time was 1.50874 milliseconds in repetition 74
tcp_ping received 524288 bytes back
Round trip time was 1.72376 milliseconds in repetition 75
tcp_ping received 524288 bytes back
Round trip time was 1.7085 milliseconds in repetition 76
tcp_ping received 524288 bytes back
Round trip time was 1.60597 milliseconds in repetition 77
tcp_ping received 524288 bytes back
Round trip time was 1.48263 milliseconds in repetition 78
tcp_ping received 524288 bytes back
Round trip time was 1.50407 milliseconds in repetition 79
tcp_ping received 524288 bytes back
Round trip time was 1.58837 milliseconds in repetition 80
tcp_ping received 524288 bytes back
Round trip time was 1.62192 milliseconds in repetition 81
tcp_ping received 524288 bytes back
Round trip time was 1.71495 milliseconds in repetition 82
tcp_ping received 524288 bytes back
Round trip time was 1.57854 milliseconds in repetition 83
tcp_ping received 524288 bytes back
Round trip time was 1.65531 milliseconds in repetition 84
tcp_ping received 524288 bytes back
Round trip time was 1.57448 milliseconds in repetition 85
tcp_ping received 524288 bytes back
Round trip time was 1.49867 milliseconds in repetition 86
tcp_ping received 524288 bytes back
Round trip time was 1.48001 milliseconds in repetition 87
tcp_ping received 524288 bytes back
Round trip time was 1.82636 milliseconds in repetition 88
tcp_ping received 524288 bytes back
Round trip time was 1.70543 milliseconds in repetition 89
tcp_ping received 524288 bytes back
Round trip time was 1.54094 milliseconds in repetition 90
tcp_ping received 524288 bytes back
Round trip time was 1.49186 milliseconds in repetition 91
tcp_ping received 524288 bytes back
Round trip time was 1.59265 milliseconds in repetition 92
tcp_ping received 524288 bytes back
Round trip time was 1.57228 milliseconds in repetition 93
tcp_ping received 524288 bytes back
Round trip time was 1.50033 milliseconds in repetition 94
tcp_ping received 524288 bytes back
Round trip time was 2.03559 milliseconds in repetition 95
tcp_ping received 524288 bytes back
Round trip time was 1.65565 milliseconds in repetition 96
tcp_ping received 524288 bytes back
Round trip time was 1.53322 milliseconds in repetition 97
tcp_ping received 524288 bytes back
Round trip time was 1.49582 milliseconds in repetition 98
tcp_ping received 524288 bytes back
Round trip time was 1.52202 milliseconds in repetition 99
tcp_ping received 524288 bytes back
Round trip time was 1.4801 milliseconds in repetition 100
tcp_ping received 524288 bytes back
Round trip time was 1.51093 milliseconds in repetition 101
tcp_ping received 524288 bytes back
Round trip time was 1.74757 milliseconds in repetition 102
tcp_ping received 524288 bytes back
Round trip time was 1.89387 milliseconds in repetition 103
tcp_ping received 524288 bytes back
Round trip time was 1.78664 milliseconds in repetition 104
tcp_ping received 524288 bytes back
Round trip time was 1.5931 milliseconds in repetition 105
tcp_ping received 524288 bytes back
Round trip time was 1.50668 milliseconds in repetition 106
tcp_ping received 524288 bytes back
Round trip time was 1.57541 milliseconds in repetition 107
tcp_ping received 524288 bytes back
Round trip time was 1.70594 milliseconds in repetition 108
tcp_ping received 524288 bytes back
Round trip time was 1.75146 milliseconds in repetition 109
tcp_ping received 524288 bytes back
Round trip time was 1.65025 milliseconds in repetition 110
tcp_ping received 524288 bytes back
Round trip time was 1.57948 milliseconds in repetition 111
tcp_ping received 524288 bytes back
Round trip time was 1.60068 milliseconds in repetition 112
tcp_ping received 524288 bytes back
Round trip time was 1.58511 milliseconds in repetition 113
tcp_ping received 524288 bytes back
Round trip time was 1.52609 milliseconds in repetition 114
tcp_ping received 524288 bytes back
Round trip time was 1.55829 milliseconds in repetition 115
tcp_ping received 524288 bytes back
Round trip time was 1.69933 milliseconds in repetition 116
tcp_ping received 524288 bytes back
Round trip time was 1.65071 milliseconds in repetition 117
tcp_ping received 524288 bytes back
Round trip time was 1.52022 milliseconds in repetition 118
tcp_ping received 524288 bytes back
Round trip time was 1.4986 milliseconds in repetition 119
tcp_ping received 524288 bytes back
Round trip time was 1.58848 milliseconds in repetition 120
tcp_ping received 524288 bytes back
Round trip time was 1.52915 milliseconds in repetition 121
tcp_ping received 524288 bytes back
Round trip time was 1.57504 milliseconds in repetition 122
tcp_ping received 524288 bytes back
Round trip time was 1.71354 milliseconds in repetition 123
tcp_ping received 524288 bytes back
Round trip time was 1.56751 milliseconds in repetition 124
tcp_ping received 524288 bytes back
Round trip time was 1.54221 milliseconds in repetition 125
tcp_ping received 524288 bytes back
Round trip time was 1.54 milliseconds in repetition 126
tcp_ping received 524288 bytes back
Round trip time was 1.50748 milliseconds in repetition 127
tcp_ping received 524288 bytes back
Round trip time was 1.51196 milliseconds in repetition 128
tcp_ping received 524288 bytes back
Round trip time was 1.55346 milliseconds in repetition 129
tcp_ping received 524288 bytes back
Round trip time was 1.76178 milliseconds in repetition 130
tcp_ping received 524288 bytes back
Round trip time was 1.64223 milliseconds in repetition 131
tcp_ping received 524288 bytes back
Round trip time was 1.61807 milliseconds in repetition 132
tcp_ping received 524288 bytes back
Round trip time was 1.50137 milliseconds in repetition 133
tcp_ping received 524288 bytes back
Round trip time was 1.52899 milliseconds in repetition 134
tcp_ping received 524288 bytes back
Round trip time was 1.51884 milliseconds in repetition 135
tcp_ping received 524288 bytes back
Round trip time was 1.55386 milliseconds in repetition 136
tcp_ping received 524288 bytes back
Round trip time was 1.7139 milliseconds in repetition 137
tcp_ping received 524288 bytes back
Round trip time was 1.56327 milliseconds in repetition 138
tcp_ping received 524288 bytes back
Round trip time was 1.5551 milliseconds in repetition 139
tcp_ping received 524288 bytes back
Round trip time was 1.51538 milliseconds in repetition 140
tcp_ping received 524288 bytes back
Round trip time was 1.51421 milliseconds in repetition 141
tcp_ping received 524288 bytes back
Round trip time was 1.50726 milliseconds in repetition 142
tcp_ping received 524288 bytes back
Round trip time was 1.51732 milliseconds in repetition 143
tcp_ping received 524288 bytes back
Round trip time was 1.70438 milliseconds in repetition 144
tcp_ping received 524288 bytes back
Round trip time was 1.62236 milliseconds in repetition 145
tcp_ping received 524288 bytes back
Round trip time was 1.523 milliseconds in repetition 146
tcp_ping received 524288 bytes back
Round trip time was 1.49453 milliseconds in repetition 147
tcp_ping received 524288 bytes back
Round trip time was 1.54748 milliseconds in repetition 148
tcp_ping received 524288 bytes back
Round trip time was 1.59237 milliseconds in repetition 149
tcp_ping received 524288 bytes back
Round trip time was 1.58464 milliseconds in repetition 150
tcp_ping received 524288 bytes back
Round trip time was 1.72899 milliseconds in repetition 151
tcp_ping received 524288 bytes back
Round trip time was 1.65642 milliseconds in repetition 152
tcp_ping received 524288 bytes back
Round trip time was 1.63547 milliseconds in repetition 153
tcp_ping received 524288 bytes back
Round trip time was 1.54479 milliseconds in repetition 154
tcp_ping received 524288 bytes back
Round trip time was 1.63093 milliseconds in repetition 155
tcp_ping received 524288 bytes back
Round trip time was 1.63253 milliseconds in repetition 156
tcp_ping received 524288 bytes back
Round trip time was 1.66979 milliseconds in repetition 157
tcp_ping received 524288 bytes back
Round trip time was 2.01719 milliseconds in repetition 158
tcp_ping received 524288 bytes back
Round trip time was 1.62598 milliseconds in repetition 159
tcp_ping received 524288 bytes back
Round trip time was 1.46811 milliseconds in repetition 160
tcp_ping received 524288 bytes back
Round trip time was 1.42783 milliseconds in repetition 161
tcp_ping received 524288 bytes back
Round trip time was 1.43333 milliseconds in repetition 162
tcp_ping received 524288 bytes back
Round trip time was 1.42562 milliseconds in repetition 163
tcp_ping received 524288 bytes back
Round trip time was 1.66336 milliseconds in repetition 164
tcp_ping received 524288 bytes back
Round trip time was 2.26573 milliseconds in repetition 165
tcp_ping received 524288 bytes back
Round trip time was 1.63857 milliseconds in repetition 166
tcp_ping received 524288 bytes back
Round trip time was 1.5491 milliseconds in repetition 167
tcp_ping received 524288 bytes back
Round trip time was 1.50777 milliseconds in repetition 168
tcp_ping received 524288 bytes back
Round trip time was 1.48922 milliseconds in repetition 169
tcp_ping received 524288 bytes back
Round trip time was 1.90632 milliseconds in repetition 170
tcp_ping received 524288 bytes back
Round trip time was 2.72038 milliseconds in repetition 171
tcp_ping received 524288 bytes back
Round trip time was 1.75473 milliseconds in repetition 172
tcp_ping received 524288 bytes back
Round trip time was 1.51345 milliseconds in repetition 173
tcp_ping received 524288 bytes back
Round trip time was 1.50999 milliseconds in repetition 174
tcp_ping received 524288 bytes back
Round trip time was 1.47076 milliseconds in repetition 175
tcp_ping received 524288 bytes back
Round trip time was 1.74455 milliseconds in repetition 176
tcp_ping received 524288 bytes back
Round trip time was 1.853 milliseconds in repetition 177
tcp_ping received 524288 bytes back
Round trip time was 1.93003 milliseconds in repetition 178
tcp_ping received 524288 bytes back
Round trip time was 1.44485 milliseconds in repetition 179
tcp_ping received 524288 bytes back
Round trip time was 1.46251 milliseconds in repetition 180
tcp_ping received 524288 bytes back
Round trip time was 1.46949 milliseconds in repetition 181
tcp_ping received 524288 bytes back
Round trip time was 1.42701 milliseconds in repetition 182
tcp_ping received 524288 bytes back
Round trip time was 1.44293 milliseconds in repetition 183
tcp_ping received 524288 bytes back
Round trip time was 1.70084 milliseconds in repetition 184
tcp_ping received 524288 bytes back
Round trip time was 2.5621 milliseconds in repetition 185
tcp_ping received 524288 bytes back
Round trip time was 1.51763 milliseconds in repetition 186
tcp_ping received 524288 bytes back
Round trip time was 1.53786 milliseconds in repetition 187
tcp_ping received 524288 bytes back
Round trip time was 1.4703 milliseconds in repetition 188
tcp_ping received 524288 bytes back
Round trip time was 1.4901 milliseconds in repetition 189
tcp_ping received 524288 bytes back
Round trip time was 2.6755 milliseconds in repetition 190
tcp_ping received 524288 bytes back
Round trip time was 1.87506 milliseconds in repetition 191
tcp_ping received 524288 bytes back
Round trip time was 1.51959 milliseconds in repetition 192
tcp_ping received 524288 bytes back
Round trip time was 1.48514 milliseconds in repetition 193
tcp_ping received 524288 bytes back
Round trip time was 1.52459 milliseconds in repetition 194
tcp_ping received 524288 bytes back
Round trip time was 1.45694 milliseconds in repetition 195
tcp_ping received 524288 bytes back
Round trip time was 1.68062 milliseconds in repetition 196
tcp_ping received 524288 bytes back
Round trip time was 2.17914 milliseconds in repetition 197
tcp_ping received 524288 bytes back
Round trip time was 1.74138 milliseconds in repetition 198
tcp_ping received 524288 bytes back
Round trip time was 1.44861 milliseconds in repetition 199
tcp_ping received 524288 bytes back
Round trip time was 1.46728 milliseconds in repetition 200
tcp_ping received 524288 bytes back
Round trip time was 1.47956 milliseconds in repetition 201
tcp_ping received 524288 bytes back
Round trip time was 1.44031 milliseconds in repetition 202
tcp_ping received 524288 bytes back
Round trip time was 2.45076 milliseconds in repetition 203
tcp_ping received 524288 bytes back
Round trip time was 2.79079 milliseconds in repetition 204
tcp_ping received 524288 bytes back
Round trip time was 2.00549 milliseconds in repetition 205
tcp_ping received 524288 bytes back
Round trip time was 1.50404 milliseconds in repetition 206
tcp_ping received 524288 bytes back
Round trip time was 1.50866 milliseconds in repetition 207
tcp_ping received 524288 bytes back
Round trip time was 1.49563 milliseconds in repetition 208
tcp_ping received 524288 bytes back
Round trip time was 1.79963 milliseconds in repetition 209
tcp_ping received 524288 bytes back
Round trip time was 2.03833 milliseconds in repetition 210
tcp_ping received 524288 bytes back
Round trip time was 1.58149 milliseconds in repetition 211
tcp_ping received 524288 bytes back
Round trip time was 1.4761 milliseconds in repetition 212
tcp_ping received 524288 bytes back
Round trip time was 1.47525 milliseconds in repetition 213
tcp_ping received 524288 bytes back
Round trip time was 1.73371 milliseconds in repetition 214
tcp_ping received 524288 bytes back
Round trip time was 2.14964 milliseconds in repetition 215
tcp_ping received 524288 bytes back
Round trip time was 2.2955 milliseconds in repetition 216
tcp_ping received 524288 bytes back
Round trip time was 1.63863 milliseconds in repetition 217
tcp_ping received 524288 bytes back
Round trip time was 1.97907 milliseconds in repetition 218
tcp_ping received 524288 bytes back
Round trip time was 1.74794 milliseconds in repetition 219
tcp_ping received 524288 bytes back
Round trip time was 1.89913 milliseconds in repetition 220
tcp_ping received 524288 bytes back
Round trip time was 2.13994 milliseconds in repetition 221
tcp_ping received 524288 bytes back
Round trip time was 2.08328 milliseconds in repetition 222
tcp_ping received 524288 bytes back
Round trip time was 1.61151 milliseconds in repetition 223
tcp_ping received 524288 bytes back
Round trip time was 1.65818 milliseconds in repetition 224
tcp_ping received 524288 bytes back
Round trip time was 1.61918 milliseconds in repetition 225
tcp_ping received 524288 bytes back
Round trip time was 1.74201 milliseconds in repetition 226
tcp_ping received 524288 bytes back
Round trip time was 2.2834 milliseconds in repetition 227
tcp_ping received 524288 bytes back
Round trip time was 1.87037 milliseconds in repetition 228
tcp_ping received 524288 bytes back
Round trip time was 1.69149 milliseconds in repetition 229
tcp_ping received 524288 bytes back
Round trip time was 1.60715 milliseconds in repetition 230
tcp_ping received 524288 bytes back
Round trip time was 1.68623 milliseconds in repetition 231
tcp_ping received 524288 bytes back
Round trip time was 2.39058 milliseconds in repetition 232
tcp_ping received 524288 bytes back
Round trip time was 2.77167 milliseconds in repetition 233
tcp_ping received 524288 bytes back
Round trip time was 1.72122 milliseconds in repetition 234
tcp_ping received 524288 bytes back
Round trip time was 1.45715 milliseconds in repetition 235
tcp_ping received 524288 bytes back
Round trip time was 1.62369 milliseconds in repetition 236
tcp_ping received 524288 bytes back
Round trip time was 1.65676 milliseconds in repetition 237
tcp_ping received 524288 bytes back
Round trip time was 1.6443 milliseconds in repetition 238
tcp_ping received 524288 bytes back
Round trip time was 1.81962 milliseconds in repetition 239
tcp_ping received 524288 bytes back
Round trip time was 1.7124 milliseconds in repetition 240
tcp_ping received 524288 bytes back
Round trip time was 1.51876 milliseconds in repetition 241
tcp_ping received 524288 bytes back
Round trip time was 1.44895 milliseconds in repetition 242
tcp_ping received 524288 bytes back
Round trip time was 1.44786 milliseconds in repetition 243
tcp_ping received 524288 bytes back
Round trip time was 1.4513 milliseconds in repetition 244
tcp_ping received 524288 bytes back
Round trip time was 1.54141 milliseconds in repetition 245
tcp_ping received 524288 bytes back
Round trip time was 1.64058 milliseconds in repetition 246
tcp_ping received 524288 bytes back
Round trip time was 1.92579 milliseconds in repetition 247
tcp_ping received 524288 bytes back
Round trip time was 1.63614 milliseconds in repetition 248
tcp_ping received 524288 bytes back
Round trip time was 1.52676 milliseconds in repetition 249
tcp_ping received 524288 bytes back
Round trip time was 1.54082 milliseconds in repetition 250
tcp_ping received 524288 bytes back
Round trip time was 1.43628 milliseconds in repetition 251
tcp_ping received 524288 bytes back
Round trip time was 1.64151 milliseconds in repetition 252
tcp_ping received 524288 bytes back
Round trip time was 1.66387 milliseconds in repetition 253
tcp_ping received 524288 bytes back
Round trip time was 1.89992 milliseconds in repetition 254
tcp_ping received 524288 bytes back
Round trip time was 1.60779 milliseconds in repetition 255
tcp_ping received 524288 bytes back
Round trip time was 1.44163 milliseconds in repetition 256
tcp_ping received 524288 bytes back
Round trip time was 1.4288 milliseconds in repetition 257
tcp_ping received 524288 bytes back
Round trip time was 1.43875 milliseconds in repetition 258
tcp_ping received 524288 bytes back
Round trip time was 1.62754 milliseconds in repetition 259
tcp_ping received 524288 bytes back
Round trip time was 1.8747 milliseconds in repetition 260
tcp_ping received 524288 bytes back
Round trip time was 1.71517 milliseconds in repetition 261
tcp_ping received 524288 bytes back
Round trip time was 1.68586 milliseconds in repetition 262
tcp_ping received 524288 bytes back
Round trip time was 1.45664 milliseconds in repetition 263
tcp_ping received 524288 bytes back
Round trip time was 1.4415 milliseconds in repetition 264
tcp_ping received 524288 bytes back
Round trip time was 1.45524 milliseconds in repetition 265
tcp_ping received 524288 bytes back
Round trip time was 1.67492 milliseconds in repetition 266
tcp_ping received 524288 bytes back
Round trip time was 1.82921 milliseconds in repetition 267
tcp_ping received 524288 bytes back
Round trip time was 1.54675 milliseconds in repetition 268
tcp_ping received 524288 bytes back
Round trip time was 1.44027 milliseconds in repetition 269
tcp_ping received 524288 bytes back
Round trip time was 1.45599 milliseconds in repetition 270
tcp_ping received 524288 bytes back
Round trip time was 1.42878 milliseconds in repetition 271
tcp_ping received 524288 bytes back
Round trip time was 1.6931 milliseconds in repetition 272
tcp_ping received 524288 bytes back
Round trip time was 1.88953 milliseconds in repetition 273
tcp_ping received 524288 bytes back
Round trip time was 2.85183 milliseconds in repetition 274
tcp_ping received 524288 bytes back
Round trip time was 1.94982 milliseconds in repetition 275
tcp_ping received 524288 bytes back
Round trip time was 1.77267 milliseconds in repetition 276
tcp_ping received 524288 bytes back
Round trip time was 1.86559 milliseconds in repetition 277
tcp_ping received 524288 bytes back
Round trip time was 2.32147 milliseconds in repetition 278
tcp_ping received 524288 bytes back
Round trip time was 2.25223 milliseconds in repetition 279
tcp_ping received 524288 bytes back
Round trip time was 2.18069 milliseconds in repetition 280
tcp_ping received 524288 bytes back
Round trip time was 1.95842 milliseconds in repetition 281
tcp_ping received 524288 bytes back
Round trip time was 2.16996 milliseconds in repetition 282
tcp_ping received 524288 bytes back
Round trip time was 3.04024 milliseconds in repetition 283
tcp_ping received 524288 bytes back
Round trip time was 2.72965 milliseconds in repetition 284
tcp_ping received 524288 bytes back
Round trip time was 1.78939 milliseconds in repetition 285
tcp_ping received 524288 bytes back
Round trip time was 1.62356 milliseconds in repetition 286
tcp_ping received 524288 bytes back
Round trip time was 1.69874 milliseconds in repetition 287
tcp_ping received 524288 bytes back
Round trip time was 1.56871 milliseconds in repetition 288
tcp_ping received 524288 bytes back
Round trip time was 1.80123 milliseconds in repetition 289
tcp_ping received 524288 bytes back
Round trip time was 1.6793 milliseconds in repetition 290
tcp_ping received 524288 bytes back
Round trip time was 1.57852 milliseconds in repetition 291
tcp_ping received 524288 bytes back
Round trip time was 1.65957 milliseconds in repetition 292
tcp_ping received 524288 bytes back
Round trip time was 1.70233 milliseconds in repetition 293
tcp_ping received 524288 bytes back
Round trip time was 1.67939 milliseconds in repetition 294
tcp_ping received 524288 bytes back
Round trip time was 1.75742 milliseconds in repetition 295
tcp_ping received 524288 bytes back
Round trip time was 1.55138 milliseconds in repetition 296
tcp_ping received 524288 bytes back
Round trip time was 1.78102 milliseconds in repetition 297
tcp_ping received 524288 bytes back
Round trip time was 1.66422 milliseconds in repetition 298
tcp_ping received 524288 bytes back
Round trip time was 1.64666 milliseconds in repetition 299
tcp_ping received 524288 bytes back
Round trip time was 1.62458 milliseconds in repetition 300
tcp_ping received 524288 bytes back
Round trip time was 1.85816 milliseconds in repetition 301
tcp_ping received 524288 bytes back
Round trip time was 2.22296 milliseconds in repetition 302
tcp_ping received 524288 bytes back
Round trip time was 2.14118 milliseconds in repetition 303
tcp_ping received 524288 bytes back
Round trip time was 1.59763 milliseconds in repetition 304
tcp_ping received 524288 bytes back
Round trip time was 1.56687 milliseconds in repetition 305
tcp_ping received 524288 bytes back
Round trip time was 1.96203 milliseconds in repetition 306
tcp_ping received 524288 bytes back
Round trip time was 1.68694 milliseconds in repetition 307
tcp_ping received 524288 bytes back
Round trip time was 1.64405 milliseconds in repetition 308
tcp_ping received 524288 bytes back
Round trip time was 2.02399 milliseconds in repetition 309
tcp_ping received 524288 bytes back
Round trip time was 1.67611 milliseconds in repetition 310
tcp_ping received 524288 bytes back
Round trip time was 1.69686 milliseconds in repetition 311
tcp_ping received 524288 bytes back
Round trip time was 1.65413 milliseconds in repetition 312
tcp_ping received 524288 bytes back
Round trip time was 1.70051 milliseconds in repetition 313
tcp_ping received 524288 bytes back
Round trip time was 1.52876 milliseconds in repetition 314
tcp_ping received 524288 bytes back
Round trip time was 1.98216 milliseconds in repetition 315
tcp_ping received 524288 bytes back
Round trip time was 1.77197 milliseconds in repetition 316
tcp_ping received 524288 bytes back
Round trip time was 1.51749 milliseconds in repetition 317
tcp_ping received 524288 bytes back
Round trip time was 1.55231 milliseconds in repetition 318
tcp_ping received 524288 bytes back
Round trip time was 1.76984 milliseconds in repetition 319
tcp_ping received 524288 bytes back
Round trip time was 1.72399 milliseconds in repetition 320
tcp_ping received 524288 bytes back
Round trip time was 1.53219 milliseconds in repetition 321
tcp_ping received 524288 bytes back
Round trip time was 1.75224 milliseconds in repetition 322
tcp_ping received 524288 bytes back
Round trip time was 1.98086 milliseconds in repetition 323
tcp_ping received 524288 bytes back
Round trip time was 1.6808 milliseconds in repetition 324
tcp_ping received 524288 bytes back
Round trip time was 1.90029 milliseconds in repetition 325
tcp_ping received 524288 bytes back
Round trip time was 1.61395 milliseconds in repetition 326
tcp_ping received 524288 bytes back
Round trip time was 1.88731 milliseconds in repetition 327
tcp_ping received 524288 bytes back
Round trip time was 1.70541 milliseconds in repetition 328
tcp_ping received 524288 bytes back
Round trip time was 1.54502 milliseconds in repetition 329
tcp_ping received 524288 bytes back
Round trip time was 1.54763 milliseconds in repetition 330
tcp_ping received 524288 bytes back
Round trip time was 1.64772 milliseconds in repetition 331
tcp_ping received 524288 bytes back
Round trip time was 1.56762 milliseconds in repetition 332
tcp_ping received 524288 bytes back
Round trip time was 1.6573 milliseconds in repetition 333
tcp_ping received 524288 bytes back
Round trip time was 1.58198 milliseconds in repetition 334
tcp_ping received 524288 bytes back
Round trip time was 1.74172 milliseconds in repetition 335
tcp_ping received 524288 bytes back
Round trip time was 1.651 milliseconds in repetition 336
tcp_ping received 524288 bytes back
Round trip time was 1.59825 milliseconds in repetition 337
tcp_ping received 524288 bytes back
Round trip time was 1.72902 milliseconds in repetition 338
tcp_ping received 524288 bytes back
Round trip time was 1.72025 milliseconds in repetition 339
tcp_ping received 524288 bytes back
Round trip time was 1.57122 milliseconds in repetition 340
tcp_ping received 524288 bytes back
Round trip time was 1.6339 milliseconds in repetition 341
tcp_ping received 524288 bytes back
Round trip time was 1.62583 milliseconds in repetition 342
tcp_ping received 524288 bytes back
Round trip time was 1.60931 milliseconds in repetition 343
tcp_ping received 524288 bytes back
Round trip time was 1.63079 milliseconds in repetition 344
tcp_ping received 524288 bytes back
Round trip time was 1.62114 milliseconds in repetition 345
tcp_ping received 524288 bytes back
Round trip time was 1.57583 milliseconds in repetition 346
tcp_ping received 524288 bytes back
Round trip time was 1.52825 milliseconds in repetition 347
tcp_ping received 524288 bytes back
Round trip time was 1.56562 milliseconds in repetition 348
tcp_ping received 524288 bytes back
Round trip time was 1.45916 milliseconds in repetition 349
tcp_ping received 524288 bytes back
Round trip time was 1.83823 milliseconds in repetition 350
tcp_ping received 524288 bytes back
Round trip time was 1.5423 milliseconds in repetition 351
tcp_ping received 524288 bytes back
Round trip time was 1.48555 milliseconds in repetition 352
tcp_ping received 524288 bytes back
Round trip time was 1.4153 milliseconds in repetition 353
tcp_ping received 524288 bytes back
Round trip time was 1.54784 milliseconds in repetition 354
tcp_ping received 524288 bytes back
Round trip time was 1.53694 milliseconds in repetition 355
tcp_ping received 524288 bytes back
Round trip time was 1.46007 milliseconds in repetition 356
tcp_ping received 524288 bytes back
Round trip time was 1.4341 milliseconds in repetition 357
tcp_ping received 524288 bytes back
Round trip time was 1.47096 milliseconds in repetition 358
tcp_ping received 524288 bytes back
Round trip time was 1.42778 milliseconds in repetition 359
tcp_ping received 524288 bytes back
Round trip time was 1.57819 milliseconds in repetition 360
tcp_ping received 524288 bytes back
Round trip time was 1.46005 milliseconds in repetition 361
tcp_ping received 524288 bytes back
Round trip time was 1.50184 milliseconds in repetition 362
tcp_ping received 524288 bytes back
Round trip time was 1.49929 milliseconds in repetition 363
tcp_ping received 524288 bytes back
Round trip time was 1.45657 milliseconds in repetition 364
tcp_ping received 524288 bytes back
Round trip time was 1.5096 milliseconds in repetition 365
tcp_ping received 524288 bytes back
Round trip time was 1.44151 milliseconds in repetition 366
tcp_ping received 524288 bytes back
Round trip time was 1.42548 milliseconds in repetition 367
tcp_ping received 524288 bytes back
Round trip time was 1.42009 milliseconds in repetition 368
tcp_ping received 524288 bytes back
Round trip time was 2.52696 milliseconds in repetition 369
tcp_ping received 524288 bytes back
Round trip time was 1.8027 milliseconds in repetition 370
tcp_ping received 524288 bytes back
Round trip time was 1.55483 milliseconds in repetition 371
tcp_ping received 524288 bytes back
Round trip time was 1.42944 milliseconds in repetition 372
tcp_ping received 524288 bytes back
Round trip time was 1.42205 milliseconds in repetition 373
tcp_ping received 524288 bytes back
Round trip time was 1.437 milliseconds in repetition 374
tcp_ping received 524288 bytes back
Round trip time was 1.53152 milliseconds in repetition 375
tcp_ping received 524288 bytes back
Round trip time was 1.54346 milliseconds in repetition 376
tcp_ping received 524288 bytes back
Round trip time was 1.56563 milliseconds in repetition 377
tcp_ping received 524288 bytes back
Round trip time was 1.45525 milliseconds in repetition 378
tcp_ping received 524288 bytes back
Round trip time was 1.4419 milliseconds in repetition 379
tcp_ping received 524288 bytes back
Round trip time was 1.45344 milliseconds in repetition 380
tcp_ping received 524288 bytes back
Round trip time was 1.80036 milliseconds in repetition 381
tcp_ping received 524288 bytes back
Round trip time was 1.68333 milliseconds in repetition 382
tcp_ping received 524288 bytes back
Round trip time was 1.52298 milliseconds in repetition 383
tcp_ping received 524288 bytes back
Round trip time was 1.42524 milliseconds in repetition 384
tcp_ping received 524288 bytes back
Round trip time was 1.45374 milliseconds in repetition 385
tcp_ping received 524288 bytes back
Round trip time was 1.42139 milliseconds in repetition 386
tcp_ping received 524288 bytes back
Round trip time was 1.41578 milliseconds in repetition 387
tcp_ping received 524288 bytes back
Round trip time was 1.41681 milliseconds in repetition 388
tcp_ping received 524288 bytes back
Round trip time was 1.46458 milliseconds in repetition 389
tcp_ping received 524288 bytes back
Round trip time was 1.54614 milliseconds in repetition 390
tcp_ping received 524288 bytes back
Round trip time was 1.51337 milliseconds in repetition 391
tcp_ping received 524288 bytes back
Round trip time was 1.43071 milliseconds in repetition 392
tcp_ping received 524288 bytes back
Round trip time was 1.41008 milliseconds in repetition 393
tcp_ping received 524288 bytes back
Round trip time was 1.41308 milliseconds in repetition 394
tcp_ping received 524288 bytes back
Round trip time was 1.42927 milliseconds in repetition 395
tcp_ping received 524288 bytes back
Round trip time was 1.41559 milliseconds in repetition 396
tcp_ping received 524288 bytes back
Round trip time was 1.54722 milliseconds in repetition 397
tcp_ping received 524288 bytes back
Round trip time was 1.5704 milliseconds in repetition 398
tcp_ping received 524288 bytes back
Round trip time was 1.45347 milliseconds in repetition 399
tcp_ping received 524288 bytes back
Round trip time was 1.55344 milliseconds in repetition 400
tcp_ping received 524288 bytes back
Round trip time was 1.50949 milliseconds in repetition 401
tcp_ping received 524288 bytes back
Round trip time was 1.67034 milliseconds in repetition 402
tcp_ping received 524288 bytes back
Round trip time was 1.53119 milliseconds in repetition 403
tcp_ping received 524288 bytes back
Round trip time was 1.54289 milliseconds in repetition 404
tcp_ping received 524288 bytes back
Round trip time was 1.58291 milliseconds in repetition 405
tcp_ping received 524288 bytes back
Round trip time was 1.47028 milliseconds in repetition 406
tcp_ping received 524288 bytes back
Round trip time was 1.47314 milliseconds in repetition 407
tcp_ping received 524288 bytes back
Round trip time was 1.42568 milliseconds in repetition 408
tcp_ping received 524288 bytes back
Round trip time was 1.41481 milliseconds in repetition 409
tcp_ping received 524288 bytes back
Round trip time was 1.42619 milliseconds in repetition 410
tcp_ping received 524288 bytes back
Round trip time was 1.42134 milliseconds in repetition 411
tcp_ping received 524288 bytes back
Round trip time was 1.59454 milliseconds in repetition 412
tcp_ping received 524288 bytes back
Round trip time was 1.48476 milliseconds in repetition 413
tcp_ping received 524288 bytes back
Round trip time was 1.44807 milliseconds in repetition 414
tcp_ping received 524288 bytes back
Round trip time was 1.4273 milliseconds in repetition 415
tcp_ping received 524288 bytes back
Round trip time was 1.43493 milliseconds in repetition 416
tcp_ping received 524288 bytes back
Round trip time was 1.45501 milliseconds in repetition 417
tcp_ping received 524288 bytes back
Round trip time was 1.4236 milliseconds in repetition 418
tcp_ping received 524288 bytes back
Round trip time was 1.64429 milliseconds in repetition 419
tcp_ping received 524288 bytes back
Round trip time was 1.49682 milliseconds in repetition 420
tcp_ping received 524288 bytes back
Round trip time was 1.44077 milliseconds in repetition 421
tcp_ping received 524288 bytes back
Round trip time was 1.41381 milliseconds in repetition 422
tcp_ping received 524288 bytes back
Round trip time was 1.47782 milliseconds in repetition 423
tcp_ping received 524288 bytes back
Round trip time was 1.46447 milliseconds in repetition 424
tcp_ping received 524288 bytes back
Round trip time was 1.41975 milliseconds in repetition 425
tcp_ping received 524288 bytes back
Round trip time was 1.41637 milliseconds in repetition 426
tcp_ping received 524288 bytes back
Round trip time was 1.44425 milliseconds in repetition 427
tcp_ping received 524288 bytes back
Round trip time was 1.61504 milliseconds in repetition 428
tcp_ping received 524288 bytes back
Round trip time was 1.66696 milliseconds in repetition 429
tcp_ping received 524288 bytes back
Round trip time was 1.78985 milliseconds in repetition 430
tcp_ping received 524288 bytes back
Round trip time was 1.95924 milliseconds in repetition 431
tcp_ping received 524288 bytes back
Round trip time was 2.22733 milliseconds in repetition 432
tcp_ping received 524288 bytes back
Round trip time was 2.59008 milliseconds in repetition 433
tcp_ping received 524288 bytes back
Round trip time was 1.65699 milliseconds in repetition 434
tcp_ping received 524288 bytes back
Round trip time was 1.65322 milliseconds in repetition 435
tcp_ping received 524288 bytes back
Round trip time was 1.78609 milliseconds in repetition 436
tcp_ping received 524288 bytes back
Round trip time was 2.48901 milliseconds in repetition 437
tcp_ping received 524288 bytes back
Round trip time was 1.64944 milliseconds in repetition 438
tcp_ping received 524288 bytes back
Round trip time was 1.93951 milliseconds in repetition 439
tcp_ping received 524288 bytes back
Round trip time was 1.88769 milliseconds in repetition 440
tcp_ping received 524288 bytes back
Round trip time was 1.637 milliseconds in repetition 441
tcp_ping received 524288 bytes back
Round trip time was 1.65882 milliseconds in repetition 442
tcp_ping received 524288 bytes back
Round trip time was 1.59813 milliseconds in repetition 443
tcp_ping received 524288 bytes back
Round trip time was 1.53421 milliseconds in repetition 444
tcp_ping received 524288 bytes back
Round trip time was 1.60346 milliseconds in repetition 445
tcp_ping received 524288 bytes back
Round trip time was 1.61569 milliseconds in repetition 446
tcp_ping received 524288 bytes back
Round trip time was 1.58059 milliseconds in repetition 447
tcp_ping received 524288 bytes back
Round trip time was 1.53491 milliseconds in repetition 448
tcp_ping received 524288 bytes back
Round trip time was 1.61641 milliseconds in repetition 449
tcp_ping received 524288 bytes back
Round trip time was 1.53845 milliseconds in repetition 450
tcp_ping received 524288 bytes back
Round trip time was 1.72286 milliseconds in repetition 451
tcp_ping received 524288 bytes back
Round trip time was 1.73046 milliseconds in repetition 452
tcp_ping received 524288 bytes back
Round trip time was 1.69955 milliseconds in repetition 453
tcp_ping received 524288 bytes back
Round trip time was 1.44342 milliseconds in repetition 454
tcp_ping received 524288 bytes back
Round trip time was 1.4534 milliseconds in repetition 455
tcp_ping received 524288 bytes back
Round trip time was 1.43017 milliseconds in repetition 456
tcp_ping received 524288 bytes back
Round trip time was 1.52091 milliseconds in repetition 457
tcp_ping received 524288 bytes back
Round trip time was 1.44861 milliseconds in repetition 458
tcp_ping received 524288 bytes back
Round trip time was 1.534 milliseconds in repetition 459
tcp_ping received 524288 bytes back
Round trip time was 1.59009 milliseconds in repetition 460
tcp_ping received 524288 bytes back
Round trip time was 1.6615 milliseconds in repetition 461
tcp_ping received 524288 bytes back
Round trip time was 1.58747 milliseconds in repetition 462
tcp_ping received 524288 bytes back
Round trip time was 1.43705 milliseconds in repetition 463
tcp_ping received 524288 bytes back
Round trip time was 1.49432 milliseconds in repetition 464
tcp_ping received 524288 bytes back
Round trip time was 1.6301 milliseconds in repetition 465
tcp_ping received 524288 bytes back
Round trip time was 2.04959 milliseconds in repetition 466
tcp_ping received 524288 bytes back
Round trip time was 2.27173 milliseconds in repetition 467
tcp_ping received 524288 bytes back
Round trip time was 1.51996 milliseconds in repetition 468
tcp_ping received 524288 bytes back
Round trip time was 1.42198 milliseconds in repetition 469
tcp_ping received 524288 bytes back
Round trip time was 1.41054 milliseconds in repetition 470
tcp_ping received 524288 bytes back
Round trip time was 1.4463 milliseconds in repetition 471
tcp_ping received 524288 bytes back
Round trip time was 1.76439 milliseconds in repetition 472
tcp_ping received 524288 bytes back
Round trip time was 1.66718 milliseconds in repetition 473
tcp_ping received 524288 bytes back
Round trip time was 1.55697 milliseconds in repetition 474
tcp_ping received 524288 bytes back
Round trip time was 1.51182 milliseconds in repetition 475
tcp_ping received 524288 bytes back
Round trip time was 1.44104 milliseconds in repetition 476
tcp_ping received 524288 bytes back
Round trip time was 1.43292 milliseconds in repetition 477
tcp_ping received 524288 bytes back
Round trip time was 1.42621 milliseconds in repetition 478
tcp_ping received 524288 bytes back
Round trip time was 1.4323 milliseconds in repetition 479
tcp_ping received 524288 bytes back
Round trip time was 1.58349 milliseconds in repetition 480
tcp_ping received 524288 bytes back
Round trip time was 2.33306 milliseconds in repetition 481
tcp_ping received 524288 bytes back
Round trip time was 1.60203 milliseconds in repetition 482
tcp_ping received 524288 bytes back
Round trip time was 1.44483 milliseconds in repetition 483
tcp_ping received 524288 bytes back
Round trip time was 1.42266 milliseconds in repetition 484
tcp_ping received 524288 bytes back
Round trip time was 1.41782 milliseconds in repetition 485
tcp_ping received 524288 bytes back
Round trip time was 1.4865 milliseconds in repetition 486
tcp_ping received 524288 bytes back
Round trip time was 1.62766 milliseconds in repetition 487
tcp_ping received 524288 bytes back
Round trip time was 1.51555 milliseconds in repetition 488
tcp_ping received 524288 bytes back
Round trip time was 1.46154 milliseconds in repetition 489
tcp_ping received 524288 bytes back
Round trip time was 1.43078 milliseconds in repetition 490
tcp_ping received 524288 bytes back
Round trip time was 1.55113 milliseconds in repetition 491
tcp_ping received 524288 bytes back
Round trip time was 1.69528 milliseconds in repetition 492
tcp_ping received 524288 bytes back
Round trip time was 1.55147 milliseconds in repetition 493
tcp_ping received 524288 bytes back
Round trip time was 1.60694 milliseconds in repetition 494
tcp_ping received 524288 bytes back
Round trip time was 1.47023 milliseconds in repetition 495
tcp_ping received 524288 bytes back
Round trip time was 1.44449 milliseconds in repetition 496
tcp_ping received 524288 bytes back
Round trip time was 1.55137 milliseconds in repetition 497
tcp_ping received 524288 bytes back
Round trip time was 1.47174 milliseconds in repetition 498
tcp_ping received 524288 bytes back
Round trip time was 1.63693 milliseconds in repetition 499
tcp_ping received 524288 bytes back
Round trip time was 1.42084 milliseconds in repetition 500
tcp_ping received 524288 bytes back
Round trip time was 1.6085 milliseconds in repetition 501

 ... clock resolution was 1e-06
TCP Ping:  Statistics over 501 repetitions of 524288 byte messages

RTT : percentile 10: 1.4415, median: 1.58747, percentile 90: 1.95842, average: 1.65805, variance: 0.0637524

RTT histogram:
1.41008 66
1.49159 108
1.5731 104
1.6546 77
1.73611 55
1.81762 20
1.89913 19
1.98064 11
2.06214 9
2.14365 7
2.22516 5
2.30667 5
2.38818 2
2.46969 3
2.55119 3
2.6327 0
2.71421 3
2.79572 2
2.87723 1
2.95873 0
3.04024 1

   median Throughput : 660534 KB/s   overall Throughput : 632417 KB/s

