TCP Ping trying to connect to server localhost (127.0.0.1) on port 1491

... connected to Pong server: asking for 501 repetitions of 8192 bytes TCP messages
 ... Pong server agreed :-)
tcp_ping received 8192 bytes back
Round trip time was 0.06985 milliseconds in repetition 1
tcp_ping received 8192 bytes back
Round trip time was 0.069661 milliseconds in repetition 2
tcp_ping received 8192 bytes back
Round trip time was 0.065573 milliseconds in repetition 3
tcp_ping received 8192 bytes back
Round trip time was 0.060839 milliseconds in repetition 4
tcp_ping received 8192 bytes back
Round trip time was 0.064249 milliseconds in repetition 5
tcp_ping received 8192 bytes back
Round trip time was 0.065189 milliseconds in repetition 6
tcp_ping received 8192 bytes back
Round trip time was 0.073297 milliseconds in repetition 7
tcp_ping received 8192 bytes back
Round trip time was 0.083357 milliseconds in repetition 8
tcp_ping received 8192 bytes back
Round trip time was 0.080118 milliseconds in repetition 9
tcp_ping received 8192 bytes back
Round trip time was 0.07103 milliseconds in repetition 10
tcp_ping received 8192 bytes back
Round trip time was 0.06199 milliseconds in repetition 11
tcp_ping received 8192 bytes back
Round trip time was 0.088811 milliseconds in repetition 12
tcp_ping received 8192 bytes back
Round trip time was 0.074454 milliseconds in repetition 13
tcp_ping received 8192 bytes back
Round trip time was 0.062809 milliseconds in repetition 14
tcp_ping received 8192 bytes back
Round trip time was 0.060542 milliseconds in repetition 15
tcp_ping received 8192 bytes back
Round trip time was 0.065852 milliseconds in repetition 16
tcp_ping received 8192 bytes back
Round trip time was 0.065807 milliseconds in repetition 17
tcp_ping received 8192 bytes back
Round trip time was 0.06063 milliseconds in repetition 18
tcp_ping received 8192 bytes back
Round trip time was 0.060368 milliseconds in repetition 19
tcp_ping received 8192 bytes back
Round trip time was 0.059765 milliseconds in repetition 20
tcp_ping received 8192 bytes back
Round trip time was 0.05986 milliseconds in repetition 21
tcp_ping received 8192 bytes back
Round trip time was 0.060514 milliseconds in repetition 22
tcp_ping received 8192 bytes back
Round trip time was 0.060385 milliseconds in repetition 23
tcp_ping received 8192 bytes back
Round trip time was 0.061761 milliseconds in repetition 24
tcp_ping received 8192 bytes back
Round trip time was 0.060404 milliseconds in repetition 25
tcp_ping received 8192 bytes back
Round trip time was 0.059838 milliseconds in repetition 26
tcp_ping received 8192 bytes back
Round trip time was 0.060959 milliseconds in repetition 27
tcp_ping received 8192 bytes back
Round trip time was 0.060044 milliseconds in repetition 28
tcp_ping received 8192 bytes back
Round trip time was 0.061201 milliseconds in repetition 29
tcp_ping received 8192 bytes back
Round trip time was 0.05976 milliseconds in repetition 30
tcp_ping received 8192 bytes back
Round trip time was 0.059729 milliseconds in repetition 31
tcp_ping received 8192 bytes back
Round trip time was 0.084344 milliseconds in repetition 32
tcp_ping received 8192 bytes back
Round trip time was 0.066866 milliseconds in repetition 33
tcp_ping received 8192 bytes back
Round trip time was 0.060819 milliseconds in repetition 34
tcp_ping received 8192 bytes back
Round trip time was 0.060278 milliseconds in repetition 35
tcp_ping received 8192 bytes back
Round trip time was 0.059825 milliseconds in repetition 36
tcp_ping received 8192 bytes back
Round trip time was 0.06015 milliseconds in repetition 37
tcp_ping received 8192 bytes back
Round trip time was 0.060153 milliseconds in repetition 38
tcp_ping received 8192 bytes back
Round trip time was 0.059613 milliseconds in repetition 39
tcp_ping received 8192 bytes back
Round trip time was 0.060222 milliseconds in repetition 40
tcp_ping received 8192 bytes back
Round trip time was 0.059868 milliseconds in repetition 41
tcp_ping received 8192 bytes back
Round trip time was 0.059747 milliseconds in repetition 42
tcp_ping received 8192 bytes back
Round trip time was 0.060654 milliseconds in repetition 43
tcp_ping received 8192 bytes back
Round trip time was 0.071558 milliseconds in repetition 44
tcp_ping received 8192 bytes back
Round trip time was 0.068247 milliseconds in repetition 45
tcp_ping received 8192 bytes back
Round trip time was 0.059603 milliseconds in repetition 46
tcp_ping received 8192 bytes back
Round trip time was 0.059166 milliseconds in repetition 47
tcp_ping received 8192 bytes back
Round trip time was 0.060631 milliseconds in repetition 48
tcp_ping received 8192 bytes back
Round trip time was 0.060439 milliseconds in repetition 49
tcp_ping received 8192 bytes back
Round trip time was 0.059042 milliseconds in repetition 50
tcp_ping received 8192 bytes back
Round trip time was 0.058944 milliseconds in repetition 51
tcp_ping received 8192 bytes back
Round trip time was 0.058932 milliseconds in repetition 52
tcp_ping received 8192 bytes back
Round trip time was 0.058992 milliseconds in repetition 53
tcp_ping received 8192 bytes back
Round trip time was 0.058968 milliseconds in repetition 54
tcp_ping received 8192 bytes back
Round trip time was 0.06017 milliseconds in repetition 55
tcp_ping received 8192 bytes back
Round trip time was 0.059021 milliseconds in repetition 56
tcp_ping received 8192 bytes back
Round trip time was 0.058948 milliseconds in repetition 57
tcp_ping received 8192 bytes back
Round trip time was 0.098066 milliseconds in repetition 58
tcp_ping received 8192 bytes back
Round trip time was 0.062635 milliseconds in repetition 59
tcp_ping received 8192 bytes back
Round trip time was 0.060456 milliseconds in repetition 60
tcp_ping received 8192 bytes back
Round trip time was 0.059622 milliseconds in repetition 61
tcp_ping received 8192 bytes back
Round trip time was 0.059464 milliseconds in repetition 62
tcp_ping received 8192 bytes back
Round trip time was 0.059247 milliseconds in repetition 63
tcp_ping received 8192 bytes back
Round trip time was 0.059476 milliseconds in repetition 64
tcp_ping received 8192 bytes back
Round trip time was 0.068767 milliseconds in repetition 65
tcp_ping received 8192 bytes back
Round trip time was 0.060443 milliseconds in repetition 66
tcp_ping received 8192 bytes back
Round trip time was 0.05952 milliseconds in repetition 67
tcp_ping received 8192 bytes back
Round trip time was 0.05949 milliseconds in repetition 68
tcp_ping received 8192 bytes back
Round trip time was 0.059403 milliseconds in repetition 69
tcp_ping received 8192 bytes back
Round trip time was 0.059448 milliseconds in repetition 70
tcp_ping received 8192 bytes back
Round trip time was 0.059653 milliseconds in repetition 71
tcp_ping received 8192 bytes back
Round trip time was 0.059737 milliseconds in repetition 72
tcp_ping received 8192 bytes back
Round trip time was 0.060094 milliseconds in repetition 73
tcp_ping received 8192 bytes back
Round trip time was 0.067554 milliseconds in repetition 74
tcp_ping received 8192 bytes back
Round trip time was 0.08673 milliseconds in repetition 75
tcp_ping received 8192 bytes back
Round trip time was 0.068315 milliseconds in repetition 76
tcp_ping received 8192 bytes back
Round trip time was 0.058848 milliseconds in repetition 77
tcp_ping received 8192 bytes back
Round trip time was 0.077141 milliseconds in repetition 78
tcp_ping received 8192 bytes back
Round trip time was 0.064391 milliseconds in repetition 79
tcp_ping received 8192 bytes back
Round trip time was 0.06984 milliseconds in repetition 80
tcp_ping received 8192 bytes back
Round trip time was 0.078304 milliseconds in repetition 81
tcp_ping received 8192 bytes back
Round trip time was 0.077545 milliseconds in repetition 82
tcp_ping received 8192 bytes back
Round trip time was 0.069028 milliseconds in repetition 83
tcp_ping received 8192 bytes back
Round trip time was 0.067095 milliseconds in repetition 84
tcp_ping received 8192 bytes back
Round trip time was 0.066449 milliseconds in repetition 85
tcp_ping received 8192 bytes back
Round trip time was 0.060375 milliseconds in repetition 86
tcp_ping received 8192 bytes back
Round trip time was 0.059817 milliseconds in repetition 87
tcp_ping received 8192 bytes back
Round trip time was 0.069617 milliseconds in repetition 88
tcp_ping received 8192 bytes back
Round trip time was 0.067403 milliseconds in repetition 89
tcp_ping received 8192 bytes back
Round trip time was 0.070529 milliseconds in repetition 90
tcp_ping received 8192 bytes back
Round trip time was 0.060452 milliseconds in repetition 91
tcp_ping received 8192 bytes back
Round trip time was 0.059741 milliseconds in repetition 92
tcp_ping received 8192 bytes back
Round trip time was 0.081943 milliseconds in repetition 93
tcp_ping received 8192 bytes back
Round trip time was 0.119765 milliseconds in repetition 94
tcp_ping received 8192 bytes back
Round trip time was 0.103527 milliseconds in repetition 95
tcp_ping received 8192 bytes back
Round trip time was 0.064297 milliseconds in repetition 96
tcp_ping received 8192 bytes back
Round trip time was 0.074409 milliseconds in repetition 97
tcp_ping received 8192 bytes back
Round trip time was 0.073744 milliseconds in repetition 98
tcp_ping received 8192 bytes back
Round trip time was 0.062901 milliseconds in repetition 99
tcp_ping received 8192 bytes back
Round trip time was 0.075969 milliseconds in repetition 100
tcp_ping received 8192 bytes back
Round trip time was 0.073805 milliseconds in repetition 101
tcp_ping received 8192 bytes back
Round trip time was 0.084711 milliseconds in repetition 102
tcp_ping received 8192 bytes back
Round trip time was 0.084614 milliseconds in repetition 103
tcp_ping received 8192 bytes back
Round trip time was 0.068058 milliseconds in repetition 104
tcp_ping received 8192 bytes back
Round trip time was 0.065433 milliseconds in repetition 105
tcp_ping received 8192 bytes back
Round trip time was 0.066291 milliseconds in repetition 106
tcp_ping received 8192 bytes back
Round trip time was 0.073121 milliseconds in repetition 107
tcp_ping received 8192 bytes back
Round trip time was 0.069006 milliseconds in repetition 108
tcp_ping received 8192 bytes back
Round trip time was 0.063596 milliseconds in repetition 109
tcp_ping received 8192 bytes back
Round trip time was 0.067119 milliseconds in repetition 110
tcp_ping received 8192 bytes back
Round trip time was 0.09019 milliseconds in repetition 111
tcp_ping received 8192 bytes back
Round trip time was 0.070932 milliseconds in repetition 112
tcp_ping received 8192 bytes back
Round trip time was 0.07593 milliseconds in repetition 113
tcp_ping received 8192 bytes back
Round trip time was 0.077885 milliseconds in repetition 114
tcp_ping received 8192 bytes back
Round trip time was 0.067004 milliseconds in repetition 115
tcp_ping received 8192 bytes back
Round trip time was 0.067899 milliseconds in repetition 116
tcp_ping received 8192 bytes back
Round trip time was 0.06938 milliseconds in repetition 117
tcp_ping received 8192 bytes back
Round trip time was 0.083567 milliseconds in repetition 118
tcp_ping received 8192 bytes back
Round trip time was 0.067362 milliseconds in repetition 119
tcp_ping received 8192 bytes back
Round trip time was 0.062555 milliseconds in repetition 120
tcp_ping received 8192 bytes back
Round trip time was 0.061837 milliseconds in repetition 121
tcp_ping received 8192 bytes back
Round trip time was 0.061301 milliseconds in repetition 122
tcp_ping received 8192 bytes back
Round trip time was 0.079611 milliseconds in repetition 123
tcp_ping received 8192 bytes back
Round trip time was 0.083172 milliseconds in repetition 124
tcp_ping received 8192 bytes back
Round trip time was 0.065098 milliseconds in repetition 125
tcp_ping received 8192 bytes back
Round trip time was 0.067587 milliseconds in repetition 126
tcp_ping received 8192 bytes back
Round trip time was 0.063535 milliseconds in repetition 127
tcp_ping received 8192 bytes back
Round trip time was 0.067995 milliseconds in repetition 128
tcp_ping received 8192 bytes back
Round trip time was 0.066715 milliseconds in repetition 129
tcp_ping received 8192 bytes back
Round trip time was 0.062231 milliseconds in repetition 130
tcp_ping received 8192 bytes back
Round trip time was 0.078629 milliseconds in repetition 131
tcp_ping received 8192 bytes back
Round trip time was 0.069823 milliseconds in repetition 132
tcp_ping received 8192 bytes back
Round trip time was 0.075024 milliseconds in repetition 133
tcp_ping received 8192 bytes back
Round trip time was 0.061416 milliseconds in repetition 134
tcp_ping received 8192 bytes back
Round trip time was 0.060899 milliseconds in repetition 135
tcp_ping received 8192 bytes back
Round trip time was 0.069823 milliseconds in repetition 136
tcp_ping received 8192 bytes back
Round trip time was 0.062332 milliseconds in repetition 137
tcp_ping received 8192 bytes back
Round trip time was 0.081052 milliseconds in repetition 138
tcp_ping received 8192 bytes back
Round trip time was 0.067459 milliseconds in repetition 139
tcp_ping received 8192 bytes back
Round trip time was 0.072829 milliseconds in repetition 140
tcp_ping received 8192 bytes back
Round trip time was 0.073518 milliseconds in repetition 141
tcp_ping received 8192 bytes back
Round trip time was 0.072734 milliseconds in repetition 142
tcp_ping received 8192 bytes back
Round trip time was 0.103874 milliseconds in repetition 143
tcp_ping received 8192 bytes back
Round trip time was 0.095421 milliseconds in repetition 144
tcp_ping received 8192 bytes back
Round trip time was 0.080984 milliseconds in repetition 145
tcp_ping received 8192 bytes back
Round trip time was 0.068362 milliseconds in repetition 146
tcp_ping received 8192 bytes back
Round trip time was 0.098179 milliseconds in repetition 147
tcp_ping received 8192 bytes back
Round trip time was 0.085541 milliseconds in repetition 148
tcp_ping received 8192 bytes back
Round trip time was 0.074493 milliseconds in repetition 149
tcp_ping received 8192 bytes back
Round trip time was 0.06939 milliseconds in repetition 150
tcp_ping received 8192 bytes back
Round trip time was 0.061995 milliseconds in repetition 151
tcp_ping received 8192 bytes back
Round trip time was 0.065128 milliseconds in repetition 152
tcp_ping received 8192 bytes back
Round trip time was 0.063625 milliseconds in repetition 153
tcp_ping received 8192 bytes back
Round trip time was 0.082338 milliseconds in repetition 154
tcp_ping received 8192 bytes back
Round trip time was 0.079328 milliseconds in repetition 155
tcp_ping received 8192 bytes back
Round trip time was 0.061433 milliseconds in repetition 156
tcp_ping received 8192 bytes back
Round trip time was 0.063199 milliseconds in repetition 157
tcp_ping received 8192 bytes back
Round trip time was 0.063946 milliseconds in repetition 158
tcp_ping received 8192 bytes back
Round trip time was 0.063153 milliseconds in repetition 159
tcp_ping received 8192 bytes back
Round trip time was 0.060671 milliseconds in repetition 160
tcp_ping received 8192 bytes back
Round trip time was 0.061839 milliseconds in repetition 161
tcp_ping received 8192 bytes back
Round trip time was 0.063786 milliseconds in repetition 162
tcp_ping received 8192 bytes back
Round trip time was 0.063054 milliseconds in repetition 163
tcp_ping received 8192 bytes back
Round trip time was 0.061931 milliseconds in repetition 164
tcp_ping received 8192 bytes back
Round trip time was 0.060003 milliseconds in repetition 165
tcp_ping received 8192 bytes back
Round trip time was 0.060619 milliseconds in repetition 166
tcp_ping received 8192 bytes back
Round trip time was 0.060078 milliseconds in repetition 167
tcp_ping received 8192 bytes back
Round trip time was 0.059841 milliseconds in repetition 168
tcp_ping received 8192 bytes back
Round trip time was 0.062249 milliseconds in repetition 169
tcp_ping received 8192 bytes back
Round trip time was 0.059892 milliseconds in repetition 170
tcp_ping received 8192 bytes back
Round trip time was 0.063205 milliseconds in repetition 171
tcp_ping received 8192 bytes back
Round trip time was 0.065332 milliseconds in repetition 172
tcp_ping received 8192 bytes back
Round trip time was 0.061871 milliseconds in repetition 173
tcp_ping received 8192 bytes back
Round trip time was 0.060002 milliseconds in repetition 174
tcp_ping received 8192 bytes back
Round trip time was 0.062164 milliseconds in repetition 175
tcp_ping received 8192 bytes back
Round trip time was 0.060057 milliseconds in repetition 176
tcp_ping received 8192 bytes back
Round trip time was 0.060385 milliseconds in repetition 177
tcp_ping received 8192 bytes back
Round trip time was 0.059899 milliseconds in repetition 178
tcp_ping received 8192 bytes back
Round trip time was 0.059826 milliseconds in repetition 179
tcp_ping received 8192 bytes back
Round trip time was 0.060062 milliseconds in repetition 180
tcp_ping received 8192 bytes back
Round trip time was 0.059739 milliseconds in repetition 181
tcp_ping received 8192 bytes back
Round trip time was 0.060047 milliseconds in repetition 182
tcp_ping received 8192 bytes back
Round trip time was 0.059927 milliseconds in repetition 183
tcp_ping received 8192 bytes back
Round trip time was 0.060063 milliseconds in repetition 184
tcp_ping received 8192 bytes back
Round trip time was 0.059614 milliseconds in repetition 185
tcp_ping received 8192 bytes back
Round trip time was 0.059952 milliseconds in repetition 186
tcp_ping received 8192 bytes back
Round trip time was 0.060374 milliseconds in repetition 187
tcp_ping received 8192 bytes back
Round trip time was 0.060515 milliseconds in repetition 188
tcp_ping received 8192 bytes back
Round trip time was 0.059899 milliseconds in repetition 189
tcp_ping received 8192 bytes back
Round trip time was 0.107701 milliseconds in repetition 190
tcp_ping received 8192 bytes back
Round trip time was 0.06374 milliseconds in repetition 191
tcp_ping received 8192 bytes back
Round trip time was 0.060423 milliseconds in repetition 192
tcp_ping received 8192 bytes back
Round trip time was 0.059974 milliseconds in repetition 193
tcp_ping received 8192 bytes back
Round trip time was 0.060445 milliseconds in repetition 194
tcp_ping received 8192 bytes back
Round trip time was 0.059991 milliseconds in repetition 195
tcp_ping received 8192 bytes back
Round trip time was 0.059863 milliseconds in repetition 196
tcp_ping received 8192 bytes back
Round trip time was 0.060172 milliseconds in repetition 197
tcp_ping received 8192 bytes back
Round trip time was 0.059822 milliseconds in repetition 198
tcp_ping received 8192 bytes back
Round trip time was 0.059764 milliseconds in repetition 199
tcp_ping received 8192 bytes back
Round trip time was 0.060368 milliseconds in repetition 200
tcp_ping received 8192 bytes back
Round trip time was 0.059788 milliseconds in repetition 201
tcp_ping received 8192 bytes back
Round trip time was 0.059836 milliseconds in repetition 202
tcp_ping received 8192 bytes back
Round trip time was 0.06077 milliseconds in repetition 203
tcp_ping received 8192 bytes back
Round trip time was 0.060399 milliseconds in repetition 204
tcp_ping received 8192 bytes back
Round trip time was 0.06065 milliseconds in repetition 205
tcp_ping received 8192 bytes back
Round trip time was 0.060182 milliseconds in repetition 206
tcp_ping received 8192 bytes back
Round trip time was 0.059903 milliseconds in repetition 207
tcp_ping received 8192 bytes back
Round trip time was 0.06009 milliseconds in repetition 208
tcp_ping received 8192 bytes back
Round trip time was 0.059886 milliseconds in repetition 209
tcp_ping received 8192 bytes back
Round trip time was 0.060838 milliseconds in repetition 210
tcp_ping received 8192 bytes back
Round trip time was 0.060452 milliseconds in repetition 211
tcp_ping received 8192 bytes back
Round trip time was 0.060378 milliseconds in repetition 212
tcp_ping received 8192 bytes back
Round trip time was 0.060706 milliseconds in repetition 213
tcp_ping received 8192 bytes back
Round trip time was 0.060861 milliseconds in repetition 214
tcp_ping received 8192 bytes back
Round trip time was 0.059977 milliseconds in repetition 215
tcp_ping received 8192 bytes back
Round trip time was 0.060091 milliseconds in repetition 216
tcp_ping received 8192 bytes back
Round trip time was 0.060063 milliseconds in repetition 217
tcp_ping received 8192 bytes back
Round trip time was 0.060151 milliseconds in repetition 218
tcp_ping received 8192 bytes back
Round trip time was 0.063306 milliseconds in repetition 219
tcp_ping received 8192 bytes back
Round trip time was 0.060027 milliseconds in repetition 220
tcp_ping received 8192 bytes back
Round trip time was 0.060205 milliseconds in repetition 221
tcp_ping received 8192 bytes back
Round trip time was 0.059856 milliseconds in repetition 222
tcp_ping received 8192 bytes back
Round trip time was 0.059919 milliseconds in repetition 223
tcp_ping received 8192 bytes back
Round trip time was 0.060344 milliseconds in repetition 224
tcp_ping received 8192 bytes back
Round trip time was 0.059841 milliseconds in repetition 225
tcp_ping received 8192 bytes back
Round trip time was 0.060086 milliseconds in repetition 226
tcp_ping received 8192 bytes back
Round trip time was 0.059814 milliseconds in repetition 227
tcp_ping received 8192 bytes back
Round trip time was 0.059753 milliseconds in repetition 228
tcp_ping received 8192 bytes back
Round trip time was 0.060256 milliseconds in repetition 229
tcp_ping received 8192 bytes back
Round trip time was 0.060032 milliseconds in repetition 230
tcp_ping received 8192 bytes back
Round trip time was 0.059756 milliseconds in repetition 231
tcp_ping received 8192 bytes back
Round trip time was 0.060059 milliseconds in repetition 232
tcp_ping received 8192 bytes back
Round trip time was 0.060171 milliseconds in repetition 233
tcp_ping received 8192 bytes back
Round trip time was 0.060057 milliseconds in repetition 234
tcp_ping received 8192 bytes back
Round trip time was 0.060204 milliseconds in repetition 235
tcp_ping received 8192 bytes back
Round trip time was 0.06009 milliseconds in repetition 236
tcp_ping received 8192 bytes back
Round trip time was 0.060033 milliseconds in repetition 237
tcp_ping received 8192 bytes back
Round trip time was 0.060184 milliseconds in repetition 238
tcp_ping received 8192 bytes back
Round trip time was 0.060699 milliseconds in repetition 239
tcp_ping received 8192 bytes back
Round trip time was 0.059996 milliseconds in repetition 240
tcp_ping received 8192 bytes back
Round trip time was 0.060015 milliseconds in repetition 241
tcp_ping received 8192 bytes back
Round trip time was 0.060434 milliseconds in repetition 242
tcp_ping received 8192 bytes back
Round trip time was 0.060105 milliseconds in repetition 243
tcp_ping received 8192 bytes back
Round trip time was 0.059785 milliseconds in repetition 244
tcp_ping received 8192 bytes back
Round trip time was 0.059962 milliseconds in repetition 245
tcp_ping received 8192 bytes back
Round trip time was 0.059802 milliseconds in repetition 246
tcp_ping received 8192 bytes back
Round trip time was 0.059874 milliseconds in repetition 247
tcp_ping received 8192 bytes back
Round trip time was 0.060048 milliseconds in repetition 248
tcp_ping received 8192 bytes back
Round trip time was 0.05985 milliseconds in repetition 249
tcp_ping received 8192 bytes back
Round trip time was 0.059822 milliseconds in repetition 250
tcp_ping received 8192 bytes back
Round trip time was 0.05982 milliseconds in repetition 251
tcp_ping received 8192 bytes back
Round trip time was 0.059867 milliseconds in repetition 252
tcp_ping received 8192 bytes back
Round trip time was 0.059843 milliseconds in repetition 253
tcp_ping received 8192 bytes back
Round trip time was 0.059999 milliseconds in repetition 254
tcp_ping received 8192 bytes back
Round trip time was 0.060821 milliseconds in repetition 255
tcp_ping received 8192 bytes back
Round trip time was 0.059961 milliseconds in repetition 256
tcp_ping received 8192 bytes back
Round trip time was 0.059978 milliseconds in repetition 257
tcp_ping received 8192 bytes back
Round trip time was 0.060211 milliseconds in repetition 258
tcp_ping received 8192 bytes back
Round trip time was 0.059921 milliseconds in repetition 259
tcp_ping received 8192 bytes back
Round trip time was 0.059806 milliseconds in repetition 260
tcp_ping received 8192 bytes back
Round trip time was 0.060154 milliseconds in repetition 261
tcp_ping received 8192 bytes back
Round trip time was 0.061064 milliseconds in repetition 262
tcp_ping received 8192 bytes back
Round trip time was 0.060057 milliseconds in repetition 263
tcp_ping received 8192 bytes back
Round trip time was 0.060333 milliseconds in repetition 264
tcp_ping received 8192 bytes back
Round trip time was 0.060246 milliseconds in repetition 265
tcp_ping received 8192 bytes back
Round trip time was 0.059721 milliseconds in repetition 266
tcp_ping received 8192 bytes back
Round trip time was 0.060001 milliseconds in repetition 267
tcp_ping received 8192 bytes back
Round trip time was 0.059738 milliseconds in repetition 268
tcp_ping received 8192 bytes back
Round trip time was 0.059814 milliseconds in repetition 269
tcp_ping received 8192 bytes back
Round trip time was 0.060651 milliseconds in repetition 270
tcp_ping received 8192 bytes back
Round trip time was 0.059745 milliseconds in repetition 271
tcp_ping received 8192 bytes back
Round trip time was 0.062645 milliseconds in repetition 272
tcp_ping received 8192 bytes back
Round trip time was 0.064991 milliseconds in repetition 273
tcp_ping received 8192 bytes back
Round trip time was 0.081858 milliseconds in repetition 274
tcp_ping received 8192 bytes back
Round trip time was 0.093721 milliseconds in repetition 275
tcp_ping received 8192 bytes back
Round trip time was 0.079007 milliseconds in repetition 276
tcp_ping received 8192 bytes back
Round trip time was 0.065825 milliseconds in repetition 277
tcp_ping received 8192 bytes back
Round trip time was 0.06278 milliseconds in repetition 278
tcp_ping received 8192 bytes back
Round trip time was 0.062722 milliseconds in repetition 279
tcp_ping received 8192 bytes back
Round trip time was 0.062973 milliseconds in repetition 280
tcp_ping received 8192 bytes back
Round trip time was 0.065277 milliseconds in repetition 281
tcp_ping received 8192 bytes back
Round trip time was 0.079362 milliseconds in repetition 282
tcp_ping received 8192 bytes back
Round trip time was 0.062438 milliseconds in repetition 283
tcp_ping received 8192 bytes back
Round trip time was 0.060366 milliseconds in repetition 284
tcp_ping received 8192 bytes back
Round trip time was 0.059893 milliseconds in repetition 285
tcp_ping received 8192 bytes back
Round trip time was 0.060284 milliseconds in repetition 286
tcp_ping received 8192 bytes back
Round trip time was 0.074955 milliseconds in repetition 287
tcp_ping received 8192 bytes back
Round trip time was 0.064942 milliseconds in repetition 288
tcp_ping received 8192 bytes back
Round trip time was 0.086459 milliseconds in repetition 289
tcp_ping received 8192 bytes back
Round trip time was 0.066891 milliseconds in repetition 290
tcp_ping received 8192 bytes back
Round trip time was 0.090245 milliseconds in repetition 291
tcp_ping received 8192 bytes back
Round trip time was 0.074002 milliseconds in repetition 292
tcp_ping received 8192 bytes back
Round trip time was 0.072074 milliseconds in repetition 293
tcp_ping received 8192 bytes back
Round trip time was 0.063343 milliseconds in repetition 294
tcp_ping received 8192 bytes back
Round trip time was 0.061221 milliseconds in repetition 295
tcp_ping received 8192 bytes back
Round trip time was 0.067426 milliseconds in repetition 296
tcp_ping received 8192 bytes back
Round trip time was 0.078041 milliseconds in repetition 297
tcp_ping received 8192 bytes back
Round trip time was 0.065584 milliseconds in repetition 298
tcp_ping received 8192 bytes back
Round trip time was 0.062537 milliseconds in repetition 299
tcp_ping received 8192 bytes back
Round trip time was 0.062298 milliseconds in repetition 300
tcp_ping received 8192 bytes back
Round trip time was 0.064724 milliseconds in repetition 301
tcp_ping received 8192 bytes back
Round trip time was 0.08016 milliseconds in repetition 302
tcp_ping received 8192 bytes back
Round trip time was 0.075307 milliseconds in repetition 303
tcp_ping received 8192 bytes back
Round trip time was 0.061407 milliseconds in repetition 304
tcp_ping received 8192 bytes back
Round trip time was 0.060234 milliseconds in repetition 305
tcp_ping received 8192 bytes back
Round trip time was 0.064849 milliseconds in repetition 306
tcp_ping received 8192 bytes back
Round trip time was 0.064017 milliseconds in repetition 307
tcp_ping received 8192 bytes back
Round trip time was 0.06518 milliseconds in repetition 308
tcp_ping received 8192 bytes back
Round trip time was 0.064831 milliseconds in repetition 309
tcp_ping received 8192 bytes back
Round trip time was 0.061447 milliseconds in repetition 310
tcp_ping received 8192 bytes back
Round trip time was 0.060988 milliseconds in repetition 311
tcp_ping received 8192 bytes back
Round trip time was 0.060333 milliseconds in repetition 312
tcp_ping received 8192 bytes back
Round trip time was 0.061784 milliseconds in repetition 313
tcp_ping received 8192 bytes back
Round trip time was 0.061547 milliseconds in repetition 314
tcp_ping received 8192 bytes back
Round trip time was 0.060772 milliseconds in repetition 315
tcp_ping received 8192 bytes back
Round trip time was 0.061052 milliseconds in repetition 316
tcp_ping received 8192 bytes back
Round trip time was 0.060823 milliseconds in repetition 317
tcp_ping received 8192 bytes back
Round trip time was 0.06079 milliseconds in repetition 318
tcp_ping received 8192 bytes back
Round trip time was 0.060714 milliseconds in repetition 319
tcp_ping received 8192 bytes back
Round trip time was 0.060221 milliseconds in repetition 320
tcp_ping received 8192 bytes back
Round trip time was 0.060096 milliseconds in repetition 321
tcp_ping received 8192 bytes back
Round trip time was 0.060251 milliseconds in repetition 322
tcp_ping received 8192 bytes back
Round trip time was 0.06037 milliseconds in repetition 323
tcp_ping received 8192 bytes back
Round trip time was 0.060183 milliseconds in repetition 324
tcp_ping received 8192 bytes back
Round trip time was 0.060151 milliseconds in repetition 325
tcp_ping received 8192 bytes back
Round trip time was 0.060056 milliseconds in repetition 326
tcp_ping received 8192 bytes back
Round trip time was 0.060727 milliseconds in repetition 327
tcp_ping received 8192 bytes back
Round trip time was 0.061101 milliseconds in repetition 328
tcp_ping received 8192 bytes back
Round trip time was 0.060226 milliseconds in repetition 329
tcp_ping received 8192 bytes back
Round trip time was 0.06001 milliseconds in repetition 330
tcp_ping received 8192 bytes back
Round trip time was 0.060093 milliseconds in repetition 331
tcp_ping received 8192 bytes back
Round trip time was 0.060267 milliseconds in repetition 332
tcp_ping received 8192 bytes back
Round trip time was 0.060002 milliseconds in repetition 333
tcp_ping received 8192 bytes back
Round trip time was 0.060062 milliseconds in repetition 334
tcp_ping received 8192 bytes back
Round trip time was 0.088513 milliseconds in repetition 335
tcp_ping received 8192 bytes back
Round trip time was 0.061236 milliseconds in repetition 336
tcp_ping received 8192 bytes back
Round trip time was 0.059668 milliseconds in repetition 337
tcp_ping received 8192 bytes back
Round trip time was 0.059234 milliseconds in repetition 338
tcp_ping received 8192 bytes back
Round trip time was 0.05915 milliseconds in repetition 339
tcp_ping received 8192 bytes back
Round trip time was 0.059318 milliseconds in repetition 340
tcp_ping received 8192 bytes back
Round trip time was 0.059297 milliseconds in repetition 341
tcp_ping received 8192 bytes back
Round trip time was 0.059283 milliseconds in repetition 342
tcp_ping received 8192 bytes back
Round trip time was 0.059101 milliseconds in repetition 343
tcp_ping received 8192 bytes back
Round trip time was 0.059301 milliseconds in repetition 344
tcp_ping received 8192 bytes back
Round trip time was 0.059234 milliseconds in repetition 345
tcp_ping received 8192 bytes back
Round trip time was 0.059294 milliseconds in repetition 346
tcp_ping received 8192 bytes back
Round trip time was 0.059905 milliseconds in repetition 347
tcp_ping received 8192 bytes back
Round trip time was 0.059167 milliseconds in repetition 348
tcp_ping received 8192 bytes back
Round trip time was 0.059071 milliseconds in repetition 349
tcp_ping received 8192 bytes back
Round trip time was 0.062875 milliseconds in repetition 350
tcp_ping received 8192 bytes back
Round trip time was 0.059431 milliseconds in repetition 351
tcp_ping received 8192 bytes back
Round trip time was 0.059149 milliseconds in repetition 352
tcp_ping received 8192 bytes back
Round trip time was 0.059497 milliseconds in repetition 353
tcp_ping received 8192 bytes back
Round trip time was 0.059852 milliseconds in repetition 354
tcp_ping received 8192 bytes back
Round trip time was 0.059202 milliseconds in repetition 355
tcp_ping received 8192 bytes back
Round trip time was 0.059357 milliseconds in repetition 356
tcp_ping received 8192 bytes back
Round trip time was 0.059104 milliseconds in repetition 357
tcp_ping received 8192 bytes back
Round trip time was 0.058993 milliseconds in repetition 358
tcp_ping received 8192 bytes back
Round trip time was 0.059326 milliseconds in repetition 359
tcp_ping received 8192 bytes back
Round trip time was 0.058982 milliseconds in repetition 360
tcp_ping received 8192 bytes back
Round trip time was 0.059265 milliseconds in repetition 361
tcp_ping received 8192 bytes back
Round trip time was 0.059251 milliseconds in repetition 362
tcp_ping received 8192 bytes back
Round trip time was 0.05961 milliseconds in repetition 363
tcp_ping received 8192 bytes back
Round trip time was 0.062597 milliseconds in repetition 364
tcp_ping received 8192 bytes back
Round trip time was 0.059373 milliseconds in repetition 365
tcp_ping received 8192 bytes back
Round trip time was 0.059057 milliseconds in repetition 366
tcp_ping received 8192 bytes back
Round trip time was 0.059103 milliseconds in repetition 367
tcp_ping received 8192 bytes back
Round trip time was 0.059111 milliseconds in repetition 368
tcp_ping received 8192 bytes back
Round trip time was 0.059194 milliseconds in repetition 369
tcp_ping received 8192 bytes back
Round trip time was 0.059266 milliseconds in repetition 370
tcp_ping received 8192 bytes back
Round trip time was 0.059372 milliseconds in repetition 371
tcp_ping received 8192 bytes back
Round trip time was 0.059124 milliseconds in repetition 372
tcp_ping received 8192 bytes back
Round trip time was 0.059034 milliseconds in repetition 373
tcp_ping received 8192 bytes back
Round trip time was 0.059151 milliseconds in repetition 374
tcp_ping received 8192 bytes back
Round trip time was 0.059621 milliseconds in repetition 375
tcp_ping received 8192 bytes back
Round trip time was 0.059004 milliseconds in repetition 376
tcp_ping received 8192 bytes back
Round trip time was 0.059133 milliseconds in repetition 377
tcp_ping received 8192 bytes back
Round trip time was 0.059685 milliseconds in repetition 378
tcp_ping received 8192 bytes back
Round trip time was 0.059487 milliseconds in repetition 379
tcp_ping received 8192 bytes back
Round trip time was 0.059324 milliseconds in repetition 380
tcp_ping received 8192 bytes back
Round trip time was 0.059235 milliseconds in repetition 381
tcp_ping received 8192 bytes back
Round trip time was 0.059825 milliseconds in repetition 382
tcp_ping received 8192 bytes back
Round trip time was 0.058878 milliseconds in repetition 383
tcp_ping received 8192 bytes back
Round trip time was 0.060016 milliseconds in repetition 384
tcp_ping received 8192 bytes back
Round trip time was 0.05899 milliseconds in repetition 385
tcp_ping received 8192 bytes back
Round trip time was 0.059881 milliseconds in repetition 386
tcp_ping received 8192 bytes back
Round trip time was 0.059336 milliseconds in repetition 387
tcp_ping received 8192 bytes back
Round trip time was 0.059129 milliseconds in repetition 388
tcp_ping received 8192 bytes back
Round trip time was 0.059765 milliseconds in repetition 389
tcp_ping received 8192 bytes back
Round trip time was 0.059075 milliseconds in repetition 390
tcp_ping received 8192 bytes back
Round trip time was 0.058923 milliseconds in repetition 391
tcp_ping received 8192 bytes back
Round trip time was 0.059214 milliseconds in repetition 392
tcp_ping received 8192 bytes back
Round trip time was 0.061534 milliseconds in repetition 393
tcp_ping received 8192 bytes back
Round trip time was 0.059006 milliseconds in repetition 394
tcp_ping received 8192 bytes back
Round trip time was 0.059208 milliseconds in repetition 395
tcp_ping received 8192 bytes back
Round trip time was 0.059332 milliseconds in repetition 396
tcp_ping received 8192 bytes back
Round trip time was 0.059001 milliseconds in repetition 397
tcp_ping received 8192 bytes back
Round trip time was 0.05912 milliseconds in repetition 398
tcp_ping received 8192 bytes back
Round trip time was 0.05909 milliseconds in repetition 399
tcp_ping received 8192 bytes back
Round trip time was 0.05925 milliseconds in repetition 400
tcp_ping received 8192 bytes back
Round trip time was 0.059492 milliseconds in repetition 401
tcp_ping received 8192 bytes back
Round trip time was 0.058882 milliseconds in repetition 402
tcp_ping received 8192 bytes back
Round trip time was 0.061555 milliseconds in repetition 403
tcp_ping received 8192 bytes back
Round trip time was 0.05923 milliseconds in repetition 404
tcp_ping received 8192 bytes back
Round trip time was 0.05932 milliseconds in repetition 405
tcp_ping received 8192 bytes back
Round trip time was 0.059215 milliseconds in repetition 406
tcp_ping received 8192 bytes back
Round trip time was 0.059414 milliseconds in repetition 407
tcp_ping received 8192 bytes back
Round trip time was 0.059091 milliseconds in repetition 408
tcp_ping received 8192 bytes back
Round trip time was 0.05917 milliseconds in repetition 409
tcp_ping received 8192 bytes back
Round trip time was 0.059352 milliseconds in repetition 410
tcp_ping received 8192 bytes back
Round trip time was 0.059221 milliseconds in repetition 411
tcp_ping received 8192 bytes back
Round trip time was 0.059009 milliseconds in repetition 412
tcp_ping received 8192 bytes back
Round trip time was 0.059312 milliseconds in repetition 413
tcp_ping received 8192 bytes back
Round trip time was 0.058995 milliseconds in repetition 414
tcp_ping received 8192 bytes back
Round trip time was 0.059244 milliseconds in repetition 415
tcp_ping received 8192 bytes back
Round trip time was 0.05965 milliseconds in repetition 416
tcp_ping received 8192 bytes back
Round trip time was 0.058955 milliseconds in repetition 417
tcp_ping received 8192 bytes back
Round trip time was 0.0591 milliseconds in repetition 418
tcp_ping received 8192 bytes back
Round trip time was 0.05903 milliseconds in repetition 419
tcp_ping received 8192 bytes back
Round trip time was 0.059195 milliseconds in repetition 420
tcp_ping received 8192 bytes back
Round trip time was 0.061716 milliseconds in repetition 421
tcp_ping received 8192 bytes back
Round trip time was 0.059254 milliseconds in repetition 422
tcp_ping received 8192 bytes back
Round trip time was 0.087086 milliseconds in repetition 423
tcp_ping received 8192 bytes back
Round trip time was 0.059485 milliseconds in repetition 424
tcp_ping received 8192 bytes back
Round trip time was 0.059206 milliseconds in repetition 425
tcp_ping received 8192 bytes back
Round trip time was 0.059118 milliseconds in repetition 426
tcp_ping received 8192 bytes back
Round trip time was 0.059179 milliseconds in repetition 427
tcp_ping received 8192 bytes back
Round trip time was 0.059132 milliseconds in repetition 428
tcp_ping received 8192 bytes back
Round trip time was 0.058725 milliseconds in repetition 429
tcp_ping received 8192 bytes back
Round trip time was 0.058489 milliseconds in repetition 430
tcp_ping received 8192 bytes back
Round trip time was 0.059229 milliseconds in repetition 431
tcp_ping received 8192 bytes back
Round trip time was 0.058915 milliseconds in repetition 432
tcp_ping received 8192 bytes back
Round trip time was 0.058513 milliseconds in repetition 433
tcp_ping received 8192 bytes back
Round trip time was 0.058388 milliseconds in repetition 434
tcp_ping received 8192 bytes back
Round trip time was 0.05894 milliseconds in repetition 435
tcp_ping received 8192 bytes back
Round trip time was 0.06091 milliseconds in repetition 436
tcp_ping received 8192 bytes back
Round trip time was 0.096555 milliseconds in repetition 437
tcp_ping received 8192 bytes back
Round trip time was 0.080124 milliseconds in repetition 438
tcp_ping received 8192 bytes back
Round trip time was 0.06962 milliseconds in repetition 439
tcp_ping received 8192 bytes back
Round trip time was 0.060833 milliseconds in repetition 440
tcp_ping received 8192 bytes back
Round trip time was 0.060574 milliseconds in repetition 441
tcp_ping received 8192 bytes back
Round trip time was 0.060417 milliseconds in repetition 442
tcp_ping received 8192 bytes back
Round trip time was 0.059941 milliseconds in repetition 443
tcp_ping received 8192 bytes back
Round trip time was 0.060071 milliseconds in repetition 444
tcp_ping received 8192 bytes back
Round trip time was 0.061734 milliseconds in repetition 445
tcp_ping received 8192 bytes back
Round trip time was 0.064905 milliseconds in repetition 446
tcp_ping received 8192 bytes back
Round trip time was 0.066735 milliseconds in repetition 447
tcp_ping received 8192 bytes back
Round trip time was 0.061158 milliseconds in repetition 448
tcp_ping received 8192 bytes back
Round trip time was 0.062741 milliseconds in repetition 449
tcp_ping received 8192 bytes back
Round trip time was 0.062994 milliseconds in repetition 450
tcp_ping received 8192 bytes back
Round trip time was 0.073459 milliseconds in repetition 451
tcp_ping received 8192 bytes back
Round trip time was 0.059082 milliseconds in repetition 452
tcp_ping received 8192 bytes back
Round trip time was 0.059644 milliseconds in repetition 453
tcp_ping received 8192 bytes back
Round trip time was 0.058708 milliseconds in repetition 454
tcp_ping received 8192 bytes back
Round trip time was 0.058475 milliseconds in repetition 455
tcp_ping received 8192 bytes back
Round trip time was 0.058547 milliseconds in repetition 456
tcp_ping received 8192 bytes back
Round trip time was 0.058778 milliseconds in repetition 457
tcp_ping received 8192 bytes back
Round trip time was 0.059579 milliseconds in repetition 458
tcp_ping received 8192 bytes back
Round trip time was 0.058869 milliseconds in repetition 459
tcp_ping received 8192 bytes back
Round trip time was 0.058275 milliseconds in repetition 460
tcp_ping received 8192 bytes back
Round trip time was 0.058942 milliseconds in repetition 461
tcp_ping received 8192 bytes back
Round trip time was 0.05874 milliseconds in repetition 462
tcp_ping received 8192 bytes back
Round trip time was 0.058233 milliseconds in repetition 463
tcp_ping received 8192 bytes back
Round trip time was 0.058577 milliseconds in repetition 464
tcp_ping received 8192 bytes back
Round trip time was 0.058821 milliseconds in repetition 465
tcp_ping received 8192 bytes back
Round trip time was 0.058229 milliseconds in repetition 466
tcp_ping received 8192 bytes back
Round trip time was 0.061002 milliseconds in repetition 467
tcp_ping received 8192 bytes back
Round trip time was 0.062958 milliseconds in repetition 468
tcp_ping received 8192 bytes back
Round trip time was 0.062427 milliseconds in repetition 469
tcp_ping received 8192 bytes back
Round trip time was 0.058464 milliseconds in repetition 470
tcp_ping received 8192 bytes back
Round trip time was 0.058461 milliseconds in repetition 471
tcp_ping received 8192 bytes back
Round trip time was 0.058327 milliseconds in repetition 472
tcp_ping received 8192 bytes back
Round trip time was 0.058205 milliseconds in repetition 473
tcp_ping received 8192 bytes back
Round trip time was 0.058323 milliseconds in repetition 474
tcp_ping received 8192 bytes back
Round trip time was 0.058652 milliseconds in repetition 475
tcp_ping received 8192 bytes back
Round trip time was 0.059013 milliseconds in repetition 476
tcp_ping received 8192 bytes back
Round trip time was 0.058143 milliseconds in repetition 477
tcp_ping received 8192 bytes back
Round trip time was 0.058375 milliseconds in repetition 478
tcp_ping received 8192 bytes back
Round trip time was 0.058458 milliseconds in repetition 479
tcp_ping received 8192 bytes back
Round trip time was 0.061893 milliseconds in repetition 480
tcp_ping received 8192 bytes back
Round trip time was 0.059399 milliseconds in repetition 481
tcp_ping received 8192 bytes back
Round trip time was 0.058681 milliseconds in repetition 482
tcp_ping received 8192 bytes back
Round trip time was 0.058361 milliseconds in repetition 483
tcp_ping received 8192 bytes back
Round trip time was 0.058801 milliseconds in repetition 484
tcp_ping received 8192 bytes back
Round trip time was 0.077498 milliseconds in repetition 485
tcp_ping received 8192 bytes back
Round trip time was 0.063976 milliseconds in repetition 486
tcp_ping received 8192 bytes back
Round trip time was 0.065794 milliseconds in repetition 487
tcp_ping received 8192 bytes back
Round trip time was 0.06056 milliseconds in repetition 488
tcp_ping received 8192 bytes back
Round trip time was 0.058904 milliseconds in repetition 489
tcp_ping received 8192 bytes back
Round trip time was 0.059038 milliseconds in repetition 490
tcp_ping received 8192 bytes back
Round trip time was 0.05883 milliseconds in repetition 491
tcp_ping received 8192 bytes back
Round trip time was 0.059238 milliseconds in repetition 492
tcp_ping received 8192 bytes back
Round trip time was 0.059012 milliseconds in repetition 493
tcp_ping received 8192 bytes back
Round trip time was 0.058816 milliseconds in repetition 494
tcp_ping received 8192 bytes back
Round trip time was 0.058728 milliseconds in repetition 495
tcp_ping received 8192 bytes back
Round trip time was 0.059081 milliseconds in repetition 496
tcp_ping received 8192 bytes back
Round trip time was 0.066228 milliseconds in repetition 497
tcp_ping received 8192 bytes back
Round trip time was 0.059124 milliseconds in repetition 498
tcp_ping received 8192 bytes back
Round trip time was 0.058671 milliseconds in repetition 499
tcp_ping received 8192 bytes back
Round trip time was 0.058848 milliseconds in repetition 500
tcp_ping received 8192 bytes back
Round trip time was 0.063402 milliseconds in repetition 501

 ... clock resolution was 1e-06
TCP Ping:  Statistics over 501 repetitions of 8192 byte messages

RTT : percentile 10: 0.059001, median: 0.060183, percentile 90: 0.074002, average: 0.063674, variance: 6.80613e-05

RTT histogram:
0.0581425 147
0.0612236 212
0.0643048 43
0.067386 24
0.0704671 15
0.0735483 15
0.0766294 8
0.0797106 11
0.0827917 6
0.0858729 7
0.088954 4
0.0920352 0
0.0951163 3
0.0981975 2
0.101279 0
0.10436 2
0.107441 1
0.110522 0
0.113603 0
0.116684 0
0.119766 1

   median Throughput : 272236 KB/s   overall Throughput : 257311 KB/s

