TCP Ping trying to connect to server localhost (127.0.0.1) on port 1491

... connected to Pong server: asking for 501 repetitions of 131072 bytes TCP messages
 ... Pong server agreed :-)
tcp_ping received 131072 bytes back
Round trip time was 0.5303 milliseconds in repetition 1
tcp_ping received 131072 bytes back
Round trip time was 45.8896 milliseconds in repetition 2
tcp_ping received 131072 bytes back
Round trip time was 1.26649 milliseconds in repetition 3
tcp_ping received 131072 bytes back
Round trip time was 1.0947 milliseconds in repetition 4
tcp_ping received 131072 bytes back
Round trip time was 0.931125 milliseconds in repetition 5
tcp_ping received 131072 bytes back
Round trip time was 0.946271 milliseconds in repetition 6
tcp_ping received 131072 bytes back
Round trip time was 0.942096 milliseconds in repetition 7
tcp_ping received 131072 bytes back
Round trip time was 0.909709 milliseconds in repetition 8
tcp_ping received 131072 bytes back
Round trip time was 0.668719 milliseconds in repetition 9
tcp_ping received 131072 bytes back
Round trip time was 0.679711 milliseconds in repetition 10
tcp_ping received 131072 bytes back
Round trip time was 0.677472 milliseconds in repetition 11
tcp_ping received 131072 bytes back
Round trip time was 0.651218 milliseconds in repetition 12
tcp_ping received 131072 bytes back
Round trip time was 0.511519 milliseconds in repetition 13
tcp_ping received 131072 bytes back
Round trip time was 0.535137 milliseconds in repetition 14
tcp_ping received 131072 bytes back
Round trip time was 0.561963 milliseconds in repetition 15
tcp_ping received 131072 bytes back
Round trip time was 0.540416 milliseconds in repetition 16
tcp_ping received 131072 bytes back
Round trip time was 0.533143 milliseconds in repetition 17
tcp_ping received 131072 bytes back
Round trip time was 0.505672 milliseconds in repetition 18
tcp_ping received 131072 bytes back
Round trip time was 0.55836 milliseconds in repetition 19
tcp_ping received 131072 bytes back
Round trip time was 0.502322 milliseconds in repetition 20
tcp_ping received 131072 bytes back
Round trip time was 0.501313 milliseconds in repetition 21
tcp_ping received 131072 bytes back
Round trip time was 0.508745 milliseconds in repetition 22
tcp_ping received 131072 bytes back
Round trip time was 0.499152 milliseconds in repetition 23
tcp_ping received 131072 bytes back
Round trip time was 0.501891 milliseconds in repetition 24
tcp_ping received 131072 bytes back
Round trip time was 0.426867 milliseconds in repetition 25
tcp_ping received 131072 bytes back
Round trip time was 0.503194 milliseconds in repetition 26
tcp_ping received 131072 bytes back
Round trip time was 0.50912 milliseconds in repetition 27
tcp_ping received 131072 bytes back
Round trip time was 0.510894 milliseconds in repetition 28
tcp_ping received 131072 bytes back
Round trip time was 0.496623 milliseconds in repetition 29
tcp_ping received 131072 bytes back
Round trip time was 0.499489 milliseconds in repetition 30
tcp_ping received 131072 bytes back
Round trip time was 0.502265 milliseconds in repetition 31
tcp_ping received 131072 bytes back
Round trip time was 0.499109 milliseconds in repetition 32
tcp_ping received 131072 bytes back
Round trip time was 0.566165 milliseconds in repetition 33
tcp_ping received 131072 bytes back
Round trip time was 0.508152 milliseconds in repetition 34
tcp_ping received 131072 bytes back
Round trip time was 0.508637 milliseconds in repetition 35
tcp_ping received 131072 bytes back
Round trip time was 0.500195 milliseconds in repetition 36
tcp_ping received 131072 bytes back
Round trip time was 0.41833 milliseconds in repetition 37
tcp_ping received 131072 bytes back
Round trip time was 0.500804 milliseconds in repetition 38
tcp_ping received 131072 bytes back
Round trip time was 0.530271 milliseconds in repetition 39
tcp_ping received 131072 bytes back
Round trip time was 0.513385 milliseconds in repetition 40
tcp_ping received 131072 bytes back
Round trip time was 0.504048 milliseconds in repetition 41
tcp_ping received 131072 bytes back
Round trip time was 0.502335 milliseconds in repetition 42
tcp_ping received 131072 bytes back
Round trip time was 0.508946 milliseconds in repetition 43
tcp_ping received 131072 bytes back
Round trip time was 0.497287 milliseconds in repetition 44
tcp_ping received 131072 bytes back
Round trip time was 0.504567 milliseconds in repetition 45
tcp_ping received 131072 bytes back
Round trip time was 0.503613 milliseconds in repetition 46
tcp_ping received 131072 bytes back
Round trip time was 0.513091 milliseconds in repetition 47
tcp_ping received 131072 bytes back
Round trip time was 0.458121 milliseconds in repetition 48
tcp_ping received 131072 bytes back
Round trip time was 0.5431 milliseconds in repetition 49
tcp_ping received 131072 bytes back
Round trip time was 0.499834 milliseconds in repetition 50
tcp_ping received 131072 bytes back
Round trip time was 0.481138 milliseconds in repetition 51
tcp_ping received 131072 bytes back
Round trip time was 0.522245 milliseconds in repetition 52
tcp_ping received 131072 bytes back
Round trip time was 0.500639 milliseconds in repetition 53
tcp_ping received 131072 bytes back
Round trip time was 0.49975 milliseconds in repetition 54
tcp_ping received 131072 bytes back
Round trip time was 0.497737 milliseconds in repetition 55
tcp_ping received 131072 bytes back
Round trip time was 0.515264 milliseconds in repetition 56
tcp_ping received 131072 bytes back
Round trip time was 0.503956 milliseconds in repetition 57
tcp_ping received 131072 bytes back
Round trip time was 0.495592 milliseconds in repetition 58
tcp_ping received 131072 bytes back
Round trip time was 0.501534 milliseconds in repetition 59
tcp_ping received 131072 bytes back
Round trip time was 0.504532 milliseconds in repetition 60
tcp_ping received 131072 bytes back
Round trip time was 0.505447 milliseconds in repetition 61
tcp_ping received 131072 bytes back
Round trip time was 0.498356 milliseconds in repetition 62
tcp_ping received 131072 bytes back
Round trip time was 0.456659 milliseconds in repetition 63
tcp_ping received 131072 bytes back
Round trip time was 0.496104 milliseconds in repetition 64
tcp_ping received 131072 bytes back
Round trip time was 0.517497 milliseconds in repetition 65
tcp_ping received 131072 bytes back
Round trip time was 0.502911 milliseconds in repetition 66
tcp_ping received 131072 bytes back
Round trip time was 0.496006 milliseconds in repetition 67
tcp_ping received 131072 bytes back
Round trip time was 0.503131 milliseconds in repetition 68
tcp_ping received 131072 bytes back
Round trip time was 0.507382 milliseconds in repetition 69
tcp_ping received 131072 bytes back
Round trip time was 0.503962 milliseconds in repetition 70
tcp_ping received 131072 bytes back
Round trip time was 0.495942 milliseconds in repetition 71
tcp_ping received 131072 bytes back
Round trip time was 0.511615 milliseconds in repetition 72
tcp_ping received 131072 bytes back
Round trip time was 0.496274 milliseconds in repetition 73
tcp_ping received 131072 bytes back
Round trip time was 0.506218 milliseconds in repetition 74
tcp_ping received 131072 bytes back
Round trip time was 0.503673 milliseconds in repetition 75
tcp_ping received 131072 bytes back
Round trip time was 0.453481 milliseconds in repetition 76
tcp_ping received 131072 bytes back
Round trip time was 0.517396 milliseconds in repetition 77
tcp_ping received 131072 bytes back
Round trip time was 0.50165 milliseconds in repetition 78
tcp_ping received 131072 bytes back
Round trip time was 0.503425 milliseconds in repetition 79
tcp_ping received 131072 bytes back
Round trip time was 0.471867 milliseconds in repetition 80
tcp_ping received 131072 bytes back
Round trip time was 0.523151 milliseconds in repetition 81
tcp_ping received 131072 bytes back
Round trip time was 0.508778 milliseconds in repetition 82
tcp_ping received 131072 bytes back
Round trip time was 0.495646 milliseconds in repetition 83
tcp_ping received 131072 bytes back
Round trip time was 0.509369 milliseconds in repetition 84
tcp_ping received 131072 bytes back
Round trip time was 0.505143 milliseconds in repetition 85
tcp_ping received 131072 bytes back
Round trip time was 0.505795 milliseconds in repetition 86
tcp_ping received 131072 bytes back
Round trip time was 0.512863 milliseconds in repetition 87
tcp_ping received 131072 bytes back
Round trip time was 0.514646 milliseconds in repetition 88
tcp_ping received 131072 bytes back
Round trip time was 0.502704 milliseconds in repetition 89
tcp_ping received 131072 bytes back
Round trip time was 0.530257 milliseconds in repetition 90
tcp_ping received 131072 bytes back
Round trip time was 0.512406 milliseconds in repetition 91
tcp_ping received 131072 bytes back
Round trip time was 0.566491 milliseconds in repetition 92
tcp_ping received 131072 bytes back
Round trip time was 0.50127 milliseconds in repetition 93
tcp_ping received 131072 bytes back
Round trip time was 0.514143 milliseconds in repetition 94
tcp_ping received 131072 bytes back
Round trip time was 0.510395 milliseconds in repetition 95
tcp_ping received 131072 bytes back
Round trip time was 0.507196 milliseconds in repetition 96
tcp_ping received 131072 bytes back
Round trip time was 0.516135 milliseconds in repetition 97
tcp_ping received 131072 bytes back
Round trip time was 0.510883 milliseconds in repetition 98
tcp_ping received 131072 bytes back
Round trip time was 0.507906 milliseconds in repetition 99
tcp_ping received 131072 bytes back
Round trip time was 0.509164 milliseconds in repetition 100
tcp_ping received 131072 bytes back
Round trip time was 0.497858 milliseconds in repetition 101
tcp_ping received 131072 bytes back
Round trip time was 0.50109 milliseconds in repetition 102
tcp_ping received 131072 bytes back
Round trip time was 0.526753 milliseconds in repetition 103
tcp_ping received 131072 bytes back
Round trip time was 0.504976 milliseconds in repetition 104
tcp_ping received 131072 bytes back
Round trip time was 0.514729 milliseconds in repetition 105
tcp_ping received 131072 bytes back
Round trip time was 0.504801 milliseconds in repetition 106
tcp_ping received 131072 bytes back
Round trip time was 0.514132 milliseconds in repetition 107
tcp_ping received 131072 bytes back
Round trip time was 0.503791 milliseconds in repetition 108
tcp_ping received 131072 bytes back
Round trip time was 0.495254 milliseconds in repetition 109
tcp_ping received 131072 bytes back
Round trip time was 0.439201 milliseconds in repetition 110
tcp_ping received 131072 bytes back
Round trip time was 0.523805 milliseconds in repetition 111
tcp_ping received 131072 bytes back
Round trip time was 0.5144 milliseconds in repetition 112
tcp_ping received 131072 bytes back
Round trip time was 0.496172 milliseconds in repetition 113
tcp_ping received 131072 bytes back
Round trip time was 0.495184 milliseconds in repetition 114
tcp_ping received 131072 bytes back
Round trip time was 0.496406 milliseconds in repetition 115
tcp_ping received 131072 bytes back
Round trip time was 0.504733 milliseconds in repetition 116
tcp_ping received 131072 bytes back
Round trip time was 0.504974 milliseconds in repetition 117
tcp_ping received 131072 bytes back
Round trip time was 0.501146 milliseconds in repetition 118
tcp_ping received 131072 bytes back
Round trip time was 0.497389 milliseconds in repetition 119
tcp_ping received 131072 bytes back
Round trip time was 0.493532 milliseconds in repetition 120
tcp_ping received 131072 bytes back
Round trip time was 0.505959 milliseconds in repetition 121
tcp_ping received 131072 bytes back
Round trip time was 0.492444 milliseconds in repetition 122
tcp_ping received 131072 bytes back
Round trip time was 0.498586 milliseconds in repetition 123
tcp_ping received 131072 bytes back
Round trip time was 0.498524 milliseconds in repetition 124
tcp_ping received 131072 bytes back
Round trip time was 0.510603 milliseconds in repetition 125
tcp_ping received 131072 bytes back
Round trip time was 0.495363 milliseconds in repetition 126
tcp_ping received 131072 bytes back
Round trip time was 0.497848 milliseconds in repetition 127
tcp_ping received 131072 bytes back
Round trip time was 0.500215 milliseconds in repetition 128
tcp_ping received 131072 bytes back
Round trip time was 0.550878 milliseconds in repetition 129
tcp_ping received 131072 bytes back
Round trip time was 0.495772 milliseconds in repetition 130
tcp_ping received 131072 bytes back
Round trip time was 0.501979 milliseconds in repetition 131
tcp_ping received 131072 bytes back
Round trip time was 0.495738 milliseconds in repetition 132
tcp_ping received 131072 bytes back
Round trip time was 0.497896 milliseconds in repetition 133
tcp_ping received 131072 bytes back
Round trip time was 0.509706 milliseconds in repetition 134
tcp_ping received 131072 bytes back
Round trip time was 0.514014 milliseconds in repetition 135
tcp_ping received 131072 bytes back
Round trip time was 0.498316 milliseconds in repetition 136
tcp_ping received 131072 bytes back
Round trip time was 0.501864 milliseconds in repetition 137
tcp_ping received 131072 bytes back
Round trip time was 0.49724 milliseconds in repetition 138
tcp_ping received 131072 bytes back
Round trip time was 0.500158 milliseconds in repetition 139
tcp_ping received 131072 bytes back
Round trip time was 0.496325 milliseconds in repetition 140
tcp_ping received 131072 bytes back
Round trip time was 0.528402 milliseconds in repetition 141
tcp_ping received 131072 bytes back
Round trip time was 0.445335 milliseconds in repetition 142
tcp_ping received 131072 bytes back
Round trip time was 0.523086 milliseconds in repetition 143
tcp_ping received 131072 bytes back
Round trip time was 0.500704 milliseconds in repetition 144
tcp_ping received 131072 bytes back
Round trip time was 0.50744 milliseconds in repetition 145
tcp_ping received 131072 bytes back
Round trip time was 0.556229 milliseconds in repetition 146
tcp_ping received 131072 bytes back
Round trip time was 0.55198 milliseconds in repetition 147
tcp_ping received 131072 bytes back
Round trip time was 0.446501 milliseconds in repetition 148
tcp_ping received 131072 bytes back
Round trip time was 0.505389 milliseconds in repetition 149
tcp_ping received 131072 bytes back
Round trip time was 0.531048 milliseconds in repetition 150
tcp_ping received 131072 bytes back
Round trip time was 0.504608 milliseconds in repetition 151
tcp_ping received 131072 bytes back
Round trip time was 0.492784 milliseconds in repetition 152
tcp_ping received 131072 bytes back
Round trip time was 0.493917 milliseconds in repetition 153
tcp_ping received 131072 bytes back
Round trip time was 0.499593 milliseconds in repetition 154
tcp_ping received 131072 bytes back
Round trip time was 0.500337 milliseconds in repetition 155
tcp_ping received 131072 bytes back
Round trip time was 0.510575 milliseconds in repetition 156
tcp_ping received 131072 bytes back
Round trip time was 0.494536 milliseconds in repetition 157
tcp_ping received 131072 bytes back
Round trip time was 0.505164 milliseconds in repetition 158
tcp_ping received 131072 bytes back
Round trip time was 0.498872 milliseconds in repetition 159
tcp_ping received 131072 bytes back
Round trip time was 0.508998 milliseconds in repetition 160
tcp_ping received 131072 bytes back
Round trip time was 0.506098 milliseconds in repetition 161
tcp_ping received 131072 bytes back
Round trip time was 0.504264 milliseconds in repetition 162
tcp_ping received 131072 bytes back
Round trip time was 0.493837 milliseconds in repetition 163
tcp_ping received 131072 bytes back
Round trip time was 0.499215 milliseconds in repetition 164
tcp_ping received 131072 bytes back
Round trip time was 0.512737 milliseconds in repetition 165
tcp_ping received 131072 bytes back
Round trip time was 0.493773 milliseconds in repetition 166
tcp_ping received 131072 bytes back
Round trip time was 0.499669 milliseconds in repetition 167
tcp_ping received 131072 bytes back
Round trip time was 0.462323 milliseconds in repetition 168
tcp_ping received 131072 bytes back
Round trip time was 0.493778 milliseconds in repetition 169
tcp_ping received 131072 bytes back
Round trip time was 0.492656 milliseconds in repetition 170
tcp_ping received 131072 bytes back
Round trip time was 0.513962 milliseconds in repetition 171
tcp_ping received 131072 bytes back
Round trip time was 0.522018 milliseconds in repetition 172
tcp_ping received 131072 bytes back
Round trip time was 0.513937 milliseconds in repetition 173
tcp_ping received 131072 bytes back
Round trip time was 0.513402 milliseconds in repetition 174
tcp_ping received 131072 bytes back
Round trip time was 0.506951 milliseconds in repetition 175
tcp_ping received 131072 bytes back
Round trip time was 0.507731 milliseconds in repetition 176
tcp_ping received 131072 bytes back
Round trip time was 0.463025 milliseconds in repetition 177
tcp_ping received 131072 bytes back
Round trip time was 0.513795 milliseconds in repetition 178
tcp_ping received 131072 bytes back
Round trip time was 0.502981 milliseconds in repetition 179
tcp_ping received 131072 bytes back
Round trip time was 0.502105 milliseconds in repetition 180
tcp_ping received 131072 bytes back
Round trip time was 0.501309 milliseconds in repetition 181
tcp_ping received 131072 bytes back
Round trip time was 0.513135 milliseconds in repetition 182
tcp_ping received 131072 bytes back
Round trip time was 0.514267 milliseconds in repetition 183
tcp_ping received 131072 bytes back
Round trip time was 0.537229 milliseconds in repetition 184
tcp_ping received 131072 bytes back
Round trip time was 0.532799 milliseconds in repetition 185
tcp_ping received 131072 bytes back
Round trip time was 0.518035 milliseconds in repetition 186
tcp_ping received 131072 bytes back
Round trip time was 0.453485 milliseconds in repetition 187
tcp_ping received 131072 bytes back
Round trip time was 0.504041 milliseconds in repetition 188
tcp_ping received 131072 bytes back
Round trip time was 0.49974 milliseconds in repetition 189
tcp_ping received 131072 bytes back
Round trip time was 0.497148 milliseconds in repetition 190
tcp_ping received 131072 bytes back
Round trip time was 0.509552 milliseconds in repetition 191
tcp_ping received 131072 bytes back
Round trip time was 0.519323 milliseconds in repetition 192
tcp_ping received 131072 bytes back
Round trip time was 0.506498 milliseconds in repetition 193
tcp_ping received 131072 bytes back
Round trip time was 0.49903 milliseconds in repetition 194
tcp_ping received 131072 bytes back
Round trip time was 0.494578 milliseconds in repetition 195
tcp_ping received 131072 bytes back
Round trip time was 0.499908 milliseconds in repetition 196
tcp_ping received 131072 bytes back
Round trip time was 0.503478 milliseconds in repetition 197
tcp_ping received 131072 bytes back
Round trip time was 0.500121 milliseconds in repetition 198
tcp_ping received 131072 bytes back
Round trip time was 0.499907 milliseconds in repetition 199
tcp_ping received 131072 bytes back
Round trip time was 0.502391 milliseconds in repetition 200
tcp_ping received 131072 bytes back
Round trip time was 0.501785 milliseconds in repetition 201
tcp_ping received 131072 bytes back
Round trip time was 0.497077 milliseconds in repetition 202
tcp_ping received 131072 bytes back
Round trip time was 0.497983 milliseconds in repetition 203
tcp_ping received 131072 bytes back
Round trip time was 0.490532 milliseconds in repetition 204
tcp_ping received 131072 bytes back
Round trip time was 0.496895 milliseconds in repetition 205
tcp_ping received 131072 bytes back
Round trip time was 0.464182 milliseconds in repetition 206
tcp_ping received 131072 bytes back
Round trip time was 0.480969 milliseconds in repetition 207
tcp_ping received 131072 bytes back
Round trip time was 0.498764 milliseconds in repetition 208
tcp_ping received 131072 bytes back
Round trip time was 0.500994 milliseconds in repetition 209
tcp_ping received 131072 bytes back
Round trip time was 0.493415 milliseconds in repetition 210
tcp_ping received 131072 bytes back
Round trip time was 0.504106 milliseconds in repetition 211
tcp_ping received 131072 bytes back
Round trip time was 0.485208 milliseconds in repetition 212
tcp_ping received 131072 bytes back
Round trip time was 0.432448 milliseconds in repetition 213
tcp_ping received 131072 bytes back
Round trip time was 0.450954 milliseconds in repetition 214
tcp_ping received 131072 bytes back
Round trip time was 0.446044 milliseconds in repetition 215
tcp_ping received 131072 bytes back
Round trip time was 0.436882 milliseconds in repetition 216
tcp_ping received 131072 bytes back
Round trip time was 0.43585 milliseconds in repetition 217
tcp_ping received 131072 bytes back
Round trip time was 0.436033 milliseconds in repetition 218
tcp_ping received 131072 bytes back
Round trip time was 0.434223 milliseconds in repetition 219
tcp_ping received 131072 bytes back
Round trip time was 0.453367 milliseconds in repetition 220
tcp_ping received 131072 bytes back
Round trip time was 0.438556 milliseconds in repetition 221
tcp_ping received 131072 bytes back
Round trip time was 0.443584 milliseconds in repetition 222
tcp_ping received 131072 bytes back
Round trip time was 0.437906 milliseconds in repetition 223
tcp_ping received 131072 bytes back
Round trip time was 0.443338 milliseconds in repetition 224
tcp_ping received 131072 bytes back
Round trip time was 0.433047 milliseconds in repetition 225
tcp_ping received 131072 bytes back
Round trip time was 0.456607 milliseconds in repetition 226
tcp_ping received 131072 bytes back
Round trip time was 0.451977 milliseconds in repetition 227
tcp_ping received 131072 bytes back
Round trip time was 0.408036 milliseconds in repetition 228
tcp_ping received 131072 bytes back
Round trip time was 0.44739 milliseconds in repetition 229
tcp_ping received 131072 bytes back
Round trip time was 0.434723 milliseconds in repetition 230
tcp_ping received 131072 bytes back
Round trip time was 0.436091 milliseconds in repetition 231
tcp_ping received 131072 bytes back
Round trip time was 0.434833 milliseconds in repetition 232
tcp_ping received 131072 bytes back
Round trip time was 0.436007 milliseconds in repetition 233
tcp_ping received 131072 bytes back
Round trip time was 0.435626 milliseconds in repetition 234
tcp_ping received 131072 bytes back
Round trip time was 0.449009 milliseconds in repetition 235
tcp_ping received 131072 bytes back
Round trip time was 0.44272 milliseconds in repetition 236
tcp_ping received 131072 bytes back
Round trip time was 0.435607 milliseconds in repetition 237
tcp_ping received 131072 bytes back
Round trip time was 0.452977 milliseconds in repetition 238
tcp_ping received 131072 bytes back
Round trip time was 0.447959 milliseconds in repetition 239
tcp_ping received 131072 bytes back
Round trip time was 0.434153 milliseconds in repetition 240
tcp_ping received 131072 bytes back
Round trip time was 0.414378 milliseconds in repetition 241
tcp_ping received 131072 bytes back
Round trip time was 0.4345 milliseconds in repetition 242
tcp_ping received 131072 bytes back
Round trip time was 0.442401 milliseconds in repetition 243
tcp_ping received 131072 bytes back
Round trip time was 0.434149 milliseconds in repetition 244
tcp_ping received 131072 bytes back
Round trip time was 0.441407 milliseconds in repetition 245
tcp_ping received 131072 bytes back
Round trip time was 0.455305 milliseconds in repetition 246
tcp_ping received 131072 bytes back
Round trip time was 0.434699 milliseconds in repetition 247
tcp_ping received 131072 bytes back
Round trip time was 0.435091 milliseconds in repetition 248
tcp_ping received 131072 bytes back
Round trip time was 0.440053 milliseconds in repetition 249
tcp_ping received 131072 bytes back
Round trip time was 0.434037 milliseconds in repetition 250
tcp_ping received 131072 bytes back
Round trip time was 0.45381 milliseconds in repetition 251
tcp_ping received 131072 bytes back
Round trip time was 0.434372 milliseconds in repetition 252
tcp_ping received 131072 bytes back
Round trip time was 0.458575 milliseconds in repetition 253
tcp_ping received 131072 bytes back
Round trip time was 0.439085 milliseconds in repetition 254
tcp_ping received 131072 bytes back
Round trip time was 0.432297 milliseconds in repetition 255
tcp_ping received 131072 bytes back
Round trip time was 0.442788 milliseconds in repetition 256
tcp_ping received 131072 bytes back
Round trip time was 0.442749 milliseconds in repetition 257
tcp_ping received 131072 bytes back
Round trip time was 0.445204 milliseconds in repetition 258
tcp_ping received 131072 bytes back
Round trip time was 0.437696 milliseconds in repetition 259
tcp_ping received 131072 bytes back
Round trip time was 0.582263 milliseconds in repetition 260
tcp_ping received 131072 bytes back
Round trip time was 0.512801 milliseconds in repetition 261
tcp_ping received 131072 bytes back
Round trip time was 0.508201 milliseconds in repetition 262
tcp_ping received 131072 bytes back
Round trip time was 0.51269 milliseconds in repetition 263
tcp_ping received 131072 bytes back
Round trip time was 0.501989 milliseconds in repetition 264
tcp_ping received 131072 bytes back
Round trip time was 0.502761 milliseconds in repetition 265
tcp_ping received 131072 bytes back
Round trip time was 0.503626 milliseconds in repetition 266
tcp_ping received 131072 bytes back
Round trip time was 0.501541 milliseconds in repetition 267
tcp_ping received 131072 bytes back
Round trip time was 0.510008 milliseconds in repetition 268
tcp_ping received 131072 bytes back
Round trip time was 0.504339 milliseconds in repetition 269
tcp_ping received 131072 bytes back
Round trip time was 0.514308 milliseconds in repetition 270
tcp_ping received 131072 bytes back
Round trip time was 0.535838 milliseconds in repetition 271
tcp_ping received 131072 bytes back
Round trip time was 0.611115 milliseconds in repetition 272
tcp_ping received 131072 bytes back
Round trip time was 0.551153 milliseconds in repetition 273
tcp_ping received 131072 bytes back
Round trip time was 0.508541 milliseconds in repetition 274
tcp_ping received 131072 bytes back
Round trip time was 0.504338 milliseconds in repetition 275
tcp_ping received 131072 bytes back
Round trip time was 0.50377 milliseconds in repetition 276
tcp_ping received 131072 bytes back
Round trip time was 0.523865 milliseconds in repetition 277
tcp_ping received 131072 bytes back
Round trip time was 0.501707 milliseconds in repetition 278
tcp_ping received 131072 bytes back
Round trip time was 0.505356 milliseconds in repetition 279
tcp_ping received 131072 bytes back
Round trip time was 0.500153 milliseconds in repetition 280
tcp_ping received 131072 bytes back
Round trip time was 0.513832 milliseconds in repetition 281
tcp_ping received 131072 bytes back
Round trip time was 0.506972 milliseconds in repetition 282
tcp_ping received 131072 bytes back
Round trip time was 0.506799 milliseconds in repetition 283
tcp_ping received 131072 bytes back
Round trip time was 0.500787 milliseconds in repetition 284
tcp_ping received 131072 bytes back
Round trip time was 0.498028 milliseconds in repetition 285
tcp_ping received 131072 bytes back
Round trip time was 0.511153 milliseconds in repetition 286
tcp_ping received 131072 bytes back
Round trip time was 0.507986 milliseconds in repetition 287
tcp_ping received 131072 bytes back
Round trip time was 0.498962 milliseconds in repetition 288
tcp_ping received 131072 bytes back
Round trip time was 0.49964 milliseconds in repetition 289
tcp_ping received 131072 bytes back
Round trip time was 0.528789 milliseconds in repetition 290
tcp_ping received 131072 bytes back
Round trip time was 0.499198 milliseconds in repetition 291
tcp_ping received 131072 bytes back
Round trip time was 0.508949 milliseconds in repetition 292
tcp_ping received 131072 bytes back
Round trip time was 0.494406 milliseconds in repetition 293
tcp_ping received 131072 bytes back
Round trip time was 0.493346 milliseconds in repetition 294
tcp_ping received 131072 bytes back
Round trip time was 0.492422 milliseconds in repetition 295
tcp_ping received 131072 bytes back
Round trip time was 0.490864 milliseconds in repetition 296
tcp_ping received 131072 bytes back
Round trip time was 0.491067 milliseconds in repetition 297
tcp_ping received 131072 bytes back
Round trip time was 0.507221 milliseconds in repetition 298
tcp_ping received 131072 bytes back
Round trip time was 0.468193 milliseconds in repetition 299
tcp_ping received 131072 bytes back
Round trip time was 0.54731 milliseconds in repetition 300
tcp_ping received 131072 bytes back
Round trip time was 0.550316 milliseconds in repetition 301
tcp_ping received 131072 bytes back
Round trip time was 0.542887 milliseconds in repetition 302
tcp_ping received 131072 bytes back
Round trip time was 0.49511 milliseconds in repetition 303
tcp_ping received 131072 bytes back
Round trip time was 0.496174 milliseconds in repetition 304
tcp_ping received 131072 bytes back
Round trip time was 0.493444 milliseconds in repetition 305
tcp_ping received 131072 bytes back
Round trip time was 0.500749 milliseconds in repetition 306
tcp_ping received 131072 bytes back
Round trip time was 0.506492 milliseconds in repetition 307
tcp_ping received 131072 bytes back
Round trip time was 0.497946 milliseconds in repetition 308
tcp_ping received 131072 bytes back
Round trip time was 0.502788 milliseconds in repetition 309
tcp_ping received 131072 bytes back
Round trip time was 0.505606 milliseconds in repetition 310
tcp_ping received 131072 bytes back
Round trip time was 0.518819 milliseconds in repetition 311
tcp_ping received 131072 bytes back
Round trip time was 0.468045 milliseconds in repetition 312
tcp_ping received 131072 bytes back
Round trip time was 0.609281 milliseconds in repetition 313
tcp_ping received 131072 bytes back
Round trip time was 0.538135 milliseconds in repetition 314
tcp_ping received 131072 bytes back
Round trip time was 0.506905 milliseconds in repetition 315
tcp_ping received 131072 bytes back
Round trip time was 0.494964 milliseconds in repetition 316
tcp_ping received 131072 bytes back
Round trip time was 0.499482 milliseconds in repetition 317
tcp_ping received 131072 bytes back
Round trip time was 0.495838 milliseconds in repetition 318
tcp_ping received 131072 bytes back
Round trip time was 0.493993 milliseconds in repetition 319
tcp_ping received 131072 bytes back
Round trip time was 0.49458 milliseconds in repetition 320
tcp_ping received 131072 bytes back
Round trip time was 0.496377 milliseconds in repetition 321
tcp_ping received 131072 bytes back
Round trip time was 0.498185 milliseconds in repetition 322
tcp_ping received 131072 bytes back
Round trip time was 0.498801 milliseconds in repetition 323
tcp_ping received 131072 bytes back
Round trip time was 0.50046 milliseconds in repetition 324
tcp_ping received 131072 bytes back
Round trip time was 0.495445 milliseconds in repetition 325
tcp_ping received 131072 bytes back
Round trip time was 0.504011 milliseconds in repetition 326
tcp_ping received 131072 bytes back
Round trip time was 0.493107 milliseconds in repetition 327
tcp_ping received 131072 bytes back
Round trip time was 0.508694 milliseconds in repetition 328
tcp_ping received 131072 bytes back
Round trip time was 0.512386 milliseconds in repetition 329
tcp_ping received 131072 bytes back
Round trip time was 0.516852 milliseconds in repetition 330
tcp_ping received 131072 bytes back
Round trip time was 0.499544 milliseconds in repetition 331
tcp_ping received 131072 bytes back
Round trip time was 0.48216 milliseconds in repetition 332
tcp_ping received 131072 bytes back
Round trip time was 0.555662 milliseconds in repetition 333
tcp_ping received 131072 bytes back
Round trip time was 0.508354 milliseconds in repetition 334
tcp_ping received 131072 bytes back
Round trip time was 0.504262 milliseconds in repetition 335
tcp_ping received 131072 bytes back
Round trip time was 0.515324 milliseconds in repetition 336
tcp_ping received 131072 bytes back
Round trip time was 0.511423 milliseconds in repetition 337
tcp_ping received 131072 bytes back
Round trip time was 0.502316 milliseconds in repetition 338
tcp_ping received 131072 bytes back
Round trip time was 0.501657 milliseconds in repetition 339
tcp_ping received 131072 bytes back
Round trip time was 0.499986 milliseconds in repetition 340
tcp_ping received 131072 bytes back
Round trip time was 0.504275 milliseconds in repetition 341
tcp_ping received 131072 bytes back
Round trip time was 0.526657 milliseconds in repetition 342
tcp_ping received 131072 bytes back
Round trip time was 0.508093 milliseconds in repetition 343
tcp_ping received 131072 bytes back
Round trip time was 0.503699 milliseconds in repetition 344
tcp_ping received 131072 bytes back
Round trip time was 0.534019 milliseconds in repetition 345
tcp_ping received 131072 bytes back
Round trip time was 0.529198 milliseconds in repetition 346
tcp_ping received 131072 bytes back
Round trip time was 0.486462 milliseconds in repetition 347
tcp_ping received 131072 bytes back
Round trip time was 0.537757 milliseconds in repetition 348
tcp_ping received 131072 bytes back
Round trip time was 0.508673 milliseconds in repetition 349
tcp_ping received 131072 bytes back
Round trip time was 0.497181 milliseconds in repetition 350
tcp_ping received 131072 bytes back
Round trip time was 0.518478 milliseconds in repetition 351
tcp_ping received 131072 bytes back
Round trip time was 0.496969 milliseconds in repetition 352
tcp_ping received 131072 bytes back
Round trip time was 0.495946 milliseconds in repetition 353
tcp_ping received 131072 bytes back
Round trip time was 0.502645 milliseconds in repetition 354
tcp_ping received 131072 bytes back
Round trip time was 0.513885 milliseconds in repetition 355
tcp_ping received 131072 bytes back
Round trip time was 0.50964 milliseconds in repetition 356
tcp_ping received 131072 bytes back
Round trip time was 0.496001 milliseconds in repetition 357
tcp_ping received 131072 bytes back
Round trip time was 0.518817 milliseconds in repetition 358
tcp_ping received 131072 bytes back
Round trip time was 0.499615 milliseconds in repetition 359
tcp_ping received 131072 bytes back
Round trip time was 0.505155 milliseconds in repetition 360
tcp_ping received 131072 bytes back
Round trip time was 0.513149 milliseconds in repetition 361
tcp_ping received 131072 bytes back
Round trip time was 0.470331 milliseconds in repetition 362
tcp_ping received 131072 bytes back
Round trip time was 0.528164 milliseconds in repetition 363
tcp_ping received 131072 bytes back
Round trip time was 0.492626 milliseconds in repetition 364
tcp_ping received 131072 bytes back
Round trip time was 0.500778 milliseconds in repetition 365
tcp_ping received 131072 bytes back
Round trip time was 0.516383 milliseconds in repetition 366
tcp_ping received 131072 bytes back
Round trip time was 0.489094 milliseconds in repetition 367
tcp_ping received 131072 bytes back
Round trip time was 0.515319 milliseconds in repetition 368
tcp_ping received 131072 bytes back
Round trip time was 0.518414 milliseconds in repetition 369
tcp_ping received 131072 bytes back
Round trip time was 0.503609 milliseconds in repetition 370
tcp_ping received 131072 bytes back
Round trip time was 0.49893 milliseconds in repetition 371
tcp_ping received 131072 bytes back
Round trip time was 0.502705 milliseconds in repetition 372
tcp_ping received 131072 bytes back
Round trip time was 0.503804 milliseconds in repetition 373
tcp_ping received 131072 bytes back
Round trip time was 0.499257 milliseconds in repetition 374
tcp_ping received 131072 bytes back
Round trip time was 0.495633 milliseconds in repetition 375
tcp_ping received 131072 bytes back
Round trip time was 0.492042 milliseconds in repetition 376
tcp_ping received 131072 bytes back
Round trip time was 0.499695 milliseconds in repetition 377
tcp_ping received 131072 bytes back
Round trip time was 0.507916 milliseconds in repetition 378
tcp_ping received 131072 bytes back
Round trip time was 0.493003 milliseconds in repetition 379
tcp_ping received 131072 bytes back
Round trip time was 0.50544 milliseconds in repetition 380
tcp_ping received 131072 bytes back
Round trip time was 0.504423 milliseconds in repetition 381
tcp_ping received 131072 bytes back
Round trip time was 0.493878 milliseconds in repetition 382
tcp_ping received 131072 bytes back
Round trip time was 0.493925 milliseconds in repetition 383
tcp_ping received 131072 bytes back
Round trip time was 0.4919 milliseconds in repetition 384
tcp_ping received 131072 bytes back
Round trip time was 0.504953 milliseconds in repetition 385
tcp_ping received 131072 bytes back
Round trip time was 0.491042 milliseconds in repetition 386
tcp_ping received 131072 bytes back
Round trip time was 0.513909 milliseconds in repetition 387
tcp_ping received 131072 bytes back
Round trip time was 0.503569 milliseconds in repetition 388
tcp_ping received 131072 bytes back
Round trip time was 0.510806 milliseconds in repetition 389
tcp_ping received 131072 bytes back
Round trip time was 0.508806 milliseconds in repetition 390
tcp_ping received 131072 bytes back
Round trip time was 0.494118 milliseconds in repetition 391
tcp_ping received 131072 bytes back
Round trip time was 0.492402 milliseconds in repetition 392
tcp_ping received 131072 bytes back
Round trip time was 0.511935 milliseconds in repetition 393
tcp_ping received 131072 bytes back
Round trip time was 0.508026 milliseconds in repetition 394
tcp_ping received 131072 bytes back
Round trip time was 0.498022 milliseconds in repetition 395
tcp_ping received 131072 bytes back
Round trip time was 0.502587 milliseconds in repetition 396
tcp_ping received 131072 bytes back
Round trip time was 0.509482 milliseconds in repetition 397
tcp_ping received 131072 bytes back
Round trip time was 0.507311 milliseconds in repetition 398
tcp_ping received 131072 bytes back
Round trip time was 0.507604 milliseconds in repetition 399
tcp_ping received 131072 bytes back
Round trip time was 0.502107 milliseconds in repetition 400
tcp_ping received 131072 bytes back
Round trip time was 0.510199 milliseconds in repetition 401
tcp_ping received 131072 bytes back
Round trip time was 0.511643 milliseconds in repetition 402
tcp_ping received 131072 bytes back
Round trip time was 0.500946 milliseconds in repetition 403
tcp_ping received 131072 bytes back
Round trip time was 0.5033 milliseconds in repetition 404
tcp_ping received 131072 bytes back
Round trip time was 0.5333 milliseconds in repetition 405
tcp_ping received 131072 bytes back
Round trip time was 0.572572 milliseconds in repetition 406
tcp_ping received 131072 bytes back
Round trip time was 0.507251 milliseconds in repetition 407
tcp_ping received 131072 bytes back
Round trip time was 0.508644 milliseconds in repetition 408
tcp_ping received 131072 bytes back
Round trip time was 0.519626 milliseconds in repetition 409
tcp_ping received 131072 bytes back
Round trip time was 0.509083 milliseconds in repetition 410
tcp_ping received 131072 bytes back
Round trip time was 0.522169 milliseconds in repetition 411
tcp_ping received 131072 bytes back
Round trip time was 0.507764 milliseconds in repetition 412
tcp_ping received 131072 bytes back
Round trip time was 0.502176 milliseconds in repetition 413
tcp_ping received 131072 bytes back
Round trip time was 0.505593 milliseconds in repetition 414
tcp_ping received 131072 bytes back
Round trip time was 0.519813 milliseconds in repetition 415
tcp_ping received 131072 bytes back
Round trip time was 0.50476 milliseconds in repetition 416
tcp_ping received 131072 bytes back
Round trip time was 0.501647 milliseconds in repetition 417
tcp_ping received 131072 bytes back
Round trip time was 0.508293 milliseconds in repetition 418
tcp_ping received 131072 bytes back
Round trip time was 0.519548 milliseconds in repetition 419
tcp_ping received 131072 bytes back
Round trip time was 0.507869 milliseconds in repetition 420
tcp_ping received 131072 bytes back
Round trip time was 0.506043 milliseconds in repetition 421
tcp_ping received 131072 bytes back
Round trip time was 0.49964 milliseconds in repetition 422
tcp_ping received 131072 bytes back
Round trip time was 0.452243 milliseconds in repetition 423
tcp_ping received 131072 bytes back
Round trip time was 0.541009 milliseconds in repetition 424
tcp_ping received 131072 bytes back
Round trip time was 0.482935 milliseconds in repetition 425
tcp_ping received 131072 bytes back
Round trip time was 0.450713 milliseconds in repetition 426
tcp_ping received 131072 bytes back
Round trip time was 0.549415 milliseconds in repetition 427
tcp_ping received 131072 bytes back
Round trip time was 0.708077 milliseconds in repetition 428
tcp_ping received 131072 bytes back
Round trip time was 0.642721 milliseconds in repetition 429
tcp_ping received 131072 bytes back
Round trip time was 0.462856 milliseconds in repetition 430
tcp_ping received 131072 bytes back
Round trip time was 0.586398 milliseconds in repetition 431
tcp_ping received 131072 bytes back
Round trip time was 0.730116 milliseconds in repetition 432
tcp_ping received 131072 bytes back
Round trip time was 0.447704 milliseconds in repetition 433
tcp_ping received 131072 bytes back
Round trip time was 0.556761 milliseconds in repetition 434
tcp_ping received 131072 bytes back
Round trip time was 0.494295 milliseconds in repetition 435
tcp_ping received 131072 bytes back
Round trip time was 0.528746 milliseconds in repetition 436
tcp_ping received 131072 bytes back
Round trip time was 0.509096 milliseconds in repetition 437
tcp_ping received 131072 bytes back
Round trip time was 0.57055 milliseconds in repetition 438
tcp_ping received 131072 bytes back
Round trip time was 0.504513 milliseconds in repetition 439
tcp_ping received 131072 bytes back
Round trip time was 0.512112 milliseconds in repetition 440
tcp_ping received 131072 bytes back
Round trip time was 0.501158 milliseconds in repetition 441
tcp_ping received 131072 bytes back
Round trip time was 0.498124 milliseconds in repetition 442
tcp_ping received 131072 bytes back
Round trip time was 0.489693 milliseconds in repetition 443
tcp_ping received 131072 bytes back
Round trip time was 0.507614 milliseconds in repetition 444
tcp_ping received 131072 bytes back
Round trip time was 0.49955 milliseconds in repetition 445
tcp_ping received 131072 bytes back
Round trip time was 0.500838 milliseconds in repetition 446
tcp_ping received 131072 bytes back
Round trip time was 0.505796 milliseconds in repetition 447
tcp_ping received 131072 bytes back
Round trip time was 0.50319 milliseconds in repetition 448
tcp_ping received 131072 bytes back
Round trip time was 0.519664 milliseconds in repetition 449
tcp_ping received 131072 bytes back
Round trip time was 0.503058 milliseconds in repetition 450
tcp_ping received 131072 bytes back
Round trip time was 0.502533 milliseconds in repetition 451
tcp_ping received 131072 bytes back
Round trip time was 0.503312 milliseconds in repetition 452
tcp_ping received 131072 bytes back
Round trip time was 0.68867 milliseconds in repetition 453
tcp_ping received 131072 bytes back
Round trip time was 0.478012 milliseconds in repetition 454
tcp_ping received 131072 bytes back
Round trip time was 0.503572 milliseconds in repetition 455
tcp_ping received 131072 bytes back
Round trip time was 0.505326 milliseconds in repetition 456
tcp_ping received 131072 bytes back
Round trip time was 0.515472 milliseconds in repetition 457
tcp_ping received 131072 bytes back
Round trip time was 0.519528 milliseconds in repetition 458
tcp_ping received 131072 bytes back
Round trip time was 0.498855 milliseconds in repetition 459
tcp_ping received 131072 bytes back
Round trip time was 0.49838 milliseconds in repetition 460
tcp_ping received 131072 bytes back
Round trip time was 0.507942 milliseconds in repetition 461
tcp_ping received 131072 bytes back
Round trip time was 0.491352 milliseconds in repetition 462
tcp_ping received 131072 bytes back
Round trip time was 0.507792 milliseconds in repetition 463
tcp_ping received 131072 bytes back
Round trip time was 0.51199 milliseconds in repetition 464
tcp_ping received 131072 bytes back
Round trip time was 0.456904 milliseconds in repetition 465
tcp_ping received 131072 bytes back
Round trip time was 0.569645 milliseconds in repetition 466
tcp_ping received 131072 bytes back
Round trip time was 0.510796 milliseconds in repetition 467
tcp_ping received 131072 bytes back
Round trip time was 0.500988 milliseconds in repetition 468
tcp_ping received 131072 bytes back
Round trip time was 0.526592 milliseconds in repetition 469
tcp_ping received 131072 bytes back
Round trip time was 0.498346 milliseconds in repetition 470
tcp_ping received 131072 bytes back
Round trip time was 0.496523 milliseconds in repetition 471
tcp_ping received 131072 bytes back
Round trip time was 0.524539 milliseconds in repetition 472
tcp_ping received 131072 bytes back
Round trip time was 0.526459 milliseconds in repetition 473
tcp_ping received 131072 bytes back
Round trip time was 0.532028 milliseconds in repetition 474
tcp_ping received 131072 bytes back
Round trip time was 0.552871 milliseconds in repetition 475
tcp_ping received 131072 bytes back
Round trip time was 0.579837 milliseconds in repetition 476
tcp_ping received 131072 bytes back
Round trip time was 0.587082 milliseconds in repetition 477
tcp_ping received 131072 bytes back
Round trip time was 0.587049 milliseconds in repetition 478
tcp_ping received 131072 bytes back
Round trip time was 0.597883 milliseconds in repetition 479
tcp_ping received 131072 bytes back
Round trip time was 0.533077 milliseconds in repetition 480
tcp_ping received 131072 bytes back
Round trip time was 0.611384 milliseconds in repetition 481
tcp_ping received 131072 bytes back
Round trip time was 0.568545 milliseconds in repetition 482
tcp_ping received 131072 bytes back
Round trip time was 0.550556 milliseconds in repetition 483
tcp_ping received 131072 bytes back
Round trip time was 0.459348 milliseconds in repetition 484
tcp_ping received 131072 bytes back
Round trip time was 0.514926 milliseconds in repetition 485
tcp_ping received 131072 bytes back
Round trip time was 0.498795 milliseconds in repetition 486
tcp_ping received 131072 bytes back
Round trip time was 0.4988 milliseconds in repetition 487
tcp_ping received 131072 bytes back
Round trip time was 0.501782 milliseconds in repetition 488
tcp_ping received 131072 bytes back
Round trip time was 0.502934 milliseconds in repetition 489
tcp_ping received 131072 bytes back
Round trip time was 0.499882 milliseconds in repetition 490
tcp_ping received 131072 bytes back
Round trip time was 0.500464 milliseconds in repetition 491
tcp_ping received 131072 bytes back
Round trip time was 0.512798 milliseconds in repetition 492
tcp_ping received 131072 bytes back
Round trip time was 0.514987 milliseconds in repetition 493
tcp_ping received 131072 bytes back
Round trip time was 0.50067 milliseconds in repetition 494
tcp_ping received 131072 bytes back
Round trip time was 0.502061 milliseconds in repetition 495
tcp_ping received 131072 bytes back
Round trip time was 0.507367 milliseconds in repetition 496
tcp_ping received 131072 bytes back
Round trip time was 0.521641 milliseconds in repetition 497
tcp_ping received 131072 bytes back
Round trip time was 0.499912 milliseconds in repetition 498
tcp_ping received 131072 bytes back
Round trip time was 0.49595 milliseconds in repetition 499
tcp_ping received 131072 bytes back
Round trip time was 0.462547 milliseconds in repetition 500
tcp_ping received 131072 bytes back
Round trip time was 0.501742 milliseconds in repetition 501

 ... clock resolution was 1e-06
TCP Ping:  Statistics over 501 repetitions of 131072 byte messages

RTT : percentile 10: 0.453367, median: 0.503058, percentile 90: 0.535838, average: 0.60035, variance: 4.11512

RTT histogram:
0.408034 500
2.68211 0
4.95619 0
7.23027 0
9.50435 0
11.7784 0
14.0525 0
16.3266 0
18.6007 0
20.8747 0
23.1488 0
25.4229 0
27.697 0
29.9711 0
32.2451 0
34.5192 0
36.7933 0
39.0674 0
41.3415 0
43.6155 0
45.8896 1

   median Throughput : 521101 KB/s   overall Throughput : 436652 KB/s

