TCP Ping trying to connect to server localhost (127.0.0.1) on port 1491

... connected to Pong server: asking for 501 repetitions of 393216 bytes TCP messages
 ... Pong server agreed :-)
tcp_ping received 393216 bytes back
Round trip time was 1.26678 milliseconds in repetition 1
tcp_ping received 393216 bytes back
Round trip time was 1.19536 milliseconds in repetition 2
tcp_ping received 393216 bytes back
Round trip time was 1.23672 milliseconds in repetition 3
tcp_ping received 393216 bytes back
Round trip time was 1.23606 milliseconds in repetition 4
tcp_ping received 393216 bytes back
Round trip time was 1.22423 milliseconds in repetition 5
tcp_ping received 393216 bytes back
Round trip time was 1.24855 milliseconds in repetition 6
tcp_ping received 393216 bytes back
Round trip time was 1.25125 milliseconds in repetition 7
tcp_ping received 393216 bytes back
Round trip time was 1.18167 milliseconds in repetition 8
tcp_ping received 393216 bytes back
Round trip time was 1.19222 milliseconds in repetition 9
tcp_ping received 393216 bytes back
Round trip time was 1.26365 milliseconds in repetition 10
tcp_ping received 393216 bytes back
Round trip time was 1.25822 milliseconds in repetition 11
tcp_ping received 393216 bytes back
Round trip time was 1.20483 milliseconds in repetition 12
tcp_ping received 393216 bytes back
Round trip time was 1.21979 milliseconds in repetition 13
tcp_ping received 393216 bytes back
Round trip time was 1.32988 milliseconds in repetition 14
tcp_ping received 393216 bytes back
Round trip time was 1.24313 milliseconds in repetition 15
tcp_ping received 393216 bytes back
Round trip time was 1.52458 milliseconds in repetition 16
tcp_ping received 393216 bytes back
Round trip time was 1.28239 milliseconds in repetition 17
tcp_ping received 393216 bytes back
Round trip time was 1.2814 milliseconds in repetition 18
tcp_ping received 393216 bytes back
Round trip time was 1.25952 milliseconds in repetition 19
tcp_ping received 393216 bytes back
Round trip time was 1.39179 milliseconds in repetition 20
tcp_ping received 393216 bytes back
Round trip time was 1.55435 milliseconds in repetition 21
tcp_ping received 393216 bytes back
Round trip time was 1.16929 milliseconds in repetition 22
tcp_ping received 393216 bytes back
Round trip time was 1.14664 milliseconds in repetition 23
tcp_ping received 393216 bytes back
Round trip time was 1.12885 milliseconds in repetition 24
tcp_ping received 393216 bytes back
Round trip time was 1.10377 milliseconds in repetition 25
tcp_ping received 393216 bytes back
Round trip time was 1.25935 milliseconds in repetition 26
tcp_ping received 393216 bytes back
Round trip time was 1.15042 milliseconds in repetition 27
tcp_ping received 393216 bytes back
Round trip time was 1.62089 milliseconds in repetition 28
tcp_ping received 393216 bytes back
Round trip time was 1.67442 milliseconds in repetition 29
tcp_ping received 393216 bytes back
Round trip time was 1.35734 milliseconds in repetition 30
tcp_ping received 393216 bytes back
Round trip time was 1.17749 milliseconds in repetition 31
tcp_ping received 393216 bytes back
Round trip time was 1.26279 milliseconds in repetition 32
tcp_ping received 393216 bytes back
Round trip time was 1.17242 milliseconds in repetition 33
tcp_ping received 393216 bytes back
Round trip time was 1.19928 milliseconds in repetition 34
tcp_ping received 393216 bytes back
Round trip time was 1.14157 milliseconds in repetition 35
tcp_ping received 393216 bytes back
Round trip time was 1.43362 milliseconds in repetition 36
tcp_ping received 393216 bytes back
Round trip time was 1.74889 milliseconds in repetition 37
tcp_ping received 393216 bytes back
Round trip time was 1.22297 milliseconds in repetition 38
tcp_ping received 393216 bytes back
Round trip time was 1.26695 milliseconds in repetition 39
tcp_ping received 393216 bytes back
Round trip time was 1.14543 milliseconds in repetition 40
tcp_ping received 393216 bytes back
Round trip time was 1.2341 milliseconds in repetition 41
tcp_ping received 393216 bytes back
Round trip time was 1.15864 milliseconds in repetition 42
tcp_ping received 393216 bytes back
Round trip time was 1.02694 milliseconds in repetition 43
tcp_ping received 393216 bytes back
Round trip time was 1.1919 milliseconds in repetition 44
tcp_ping received 393216 bytes back
Round trip time was 1.49443 milliseconds in repetition 45
tcp_ping received 393216 bytes back
Round trip time was 1.87182 milliseconds in repetition 46
tcp_ping received 393216 bytes back
Round trip time was 1.24014 milliseconds in repetition 47
tcp_ping received 393216 bytes back
Round trip time was 1.33886 milliseconds in repetition 48
tcp_ping received 393216 bytes back
Round trip time was 1.15135 milliseconds in repetition 49
tcp_ping received 393216 bytes back
Round trip time was 1.17793 milliseconds in repetition 50
tcp_ping received 393216 bytes back
Round trip time was 1.13924 milliseconds in repetition 51
tcp_ping received 393216 bytes back
Round trip time was 1.15064 milliseconds in repetition 52
tcp_ping received 393216 bytes back
Round trip time was 1.26666 milliseconds in repetition 53
tcp_ping received 393216 bytes back
Round trip time was 1.30225 milliseconds in repetition 54
tcp_ping received 393216 bytes back
Round trip time was 1.12536 milliseconds in repetition 55
tcp_ping received 393216 bytes back
Round trip time was 1.194 milliseconds in repetition 56
tcp_ping received 393216 bytes back
Round trip time was 1.15093 milliseconds in repetition 57
tcp_ping received 393216 bytes back
Round trip time was 1.13786 milliseconds in repetition 58
tcp_ping received 393216 bytes back
Round trip time was 1.1406 milliseconds in repetition 59
tcp_ping received 393216 bytes back
Round trip time was 1.13687 milliseconds in repetition 60
tcp_ping received 393216 bytes back
Round trip time was 1.20741 milliseconds in repetition 61
tcp_ping received 393216 bytes back
Round trip time was 1.15871 milliseconds in repetition 62
tcp_ping received 393216 bytes back
Round trip time was 1.36447 milliseconds in repetition 63
tcp_ping received 393216 bytes back
Round trip time was 1.2437 milliseconds in repetition 64
tcp_ping received 393216 bytes back
Round trip time was 1.16602 milliseconds in repetition 65
tcp_ping received 393216 bytes back
Round trip time was 1.17482 milliseconds in repetition 66
tcp_ping received 393216 bytes back
Round trip time was 1.17708 milliseconds in repetition 67
tcp_ping received 393216 bytes back
Round trip time was 1.1978 milliseconds in repetition 68
tcp_ping received 393216 bytes back
Round trip time was 1.36298 milliseconds in repetition 69
tcp_ping received 393216 bytes back
Round trip time was 1.15871 milliseconds in repetition 70
tcp_ping received 393216 bytes back
Round trip time was 1.12598 milliseconds in repetition 71
tcp_ping received 393216 bytes back
Round trip time was 1.29674 milliseconds in repetition 72
tcp_ping received 393216 bytes back
Round trip time was 1.23086 milliseconds in repetition 73
tcp_ping received 393216 bytes back
Round trip time was 1.19254 milliseconds in repetition 74
tcp_ping received 393216 bytes back
Round trip time was 1.24749 milliseconds in repetition 75
tcp_ping received 393216 bytes back
Round trip time was 1.22937 milliseconds in repetition 76
tcp_ping received 393216 bytes back
Round trip time was 1.16496 milliseconds in repetition 77
tcp_ping received 393216 bytes back
Round trip time was 1.13794 milliseconds in repetition 78
tcp_ping received 393216 bytes back
Round trip time was 1.14418 milliseconds in repetition 79
tcp_ping received 393216 bytes back
Round trip time was 1.18994 milliseconds in repetition 80
tcp_ping received 393216 bytes back
Round trip time was 1.52389 milliseconds in repetition 81
tcp_ping received 393216 bytes back
Round trip time was 1.30134 milliseconds in repetition 82
tcp_ping received 393216 bytes back
Round trip time was 1.14259 milliseconds in repetition 83
tcp_ping received 393216 bytes back
Round trip time was 1.13636 milliseconds in repetition 84
tcp_ping received 393216 bytes back
Round trip time was 1.15684 milliseconds in repetition 85
tcp_ping received 393216 bytes back
Round trip time was 1.1404 milliseconds in repetition 86
tcp_ping received 393216 bytes back
Round trip time was 1.20159 milliseconds in repetition 87
tcp_ping received 393216 bytes back
Round trip time was 1.09171 milliseconds in repetition 88
tcp_ping received 393216 bytes back
Round trip time was 1.0535 milliseconds in repetition 89
tcp_ping received 393216 bytes back
Round trip time was 1.60692 milliseconds in repetition 90
tcp_ping received 393216 bytes back
Round trip time was 1.1585 milliseconds in repetition 91
tcp_ping received 393216 bytes back
Round trip time was 1.09978 milliseconds in repetition 92
tcp_ping received 393216 bytes back
Round trip time was 1.07046 milliseconds in repetition 93
tcp_ping received 393216 bytes back
Round trip time was 1.07417 milliseconds in repetition 94
tcp_ping received 393216 bytes back
Round trip time was 1.08489 milliseconds in repetition 95
tcp_ping received 393216 bytes back
Round trip time was 1.09285 milliseconds in repetition 96
tcp_ping received 393216 bytes back
Round trip time was 1.07688 milliseconds in repetition 97
tcp_ping received 393216 bytes back
Round trip time was 1.10273 milliseconds in repetition 98
tcp_ping received 393216 bytes back
Round trip time was 1.34902 milliseconds in repetition 99
tcp_ping received 393216 bytes back
Round trip time was 1.20293 milliseconds in repetition 100
tcp_ping received 393216 bytes back
Round trip time was 1.14397 milliseconds in repetition 101
tcp_ping received 393216 bytes back
Round trip time was 1.1664 milliseconds in repetition 102
tcp_ping received 393216 bytes back
Round trip time was 1.15798 milliseconds in repetition 103
tcp_ping received 393216 bytes back
Round trip time was 1.08084 milliseconds in repetition 104
tcp_ping received 393216 bytes back
Round trip time was 1.0965 milliseconds in repetition 105
tcp_ping received 393216 bytes back
Round trip time was 1.09193 milliseconds in repetition 106
tcp_ping received 393216 bytes back
Round trip time was 1.10756 milliseconds in repetition 107
tcp_ping received 393216 bytes back
Round trip time was 1.08834 milliseconds in repetition 108
tcp_ping received 393216 bytes back
Round trip time was 1.67678 milliseconds in repetition 109
tcp_ping received 393216 bytes back
Round trip time was 1.11916 milliseconds in repetition 110
tcp_ping received 393216 bytes back
Round trip time was 1.20219 milliseconds in repetition 111
tcp_ping received 393216 bytes back
Round trip time was 1.09307 milliseconds in repetition 112
tcp_ping received 393216 bytes back
Round trip time was 1.10315 milliseconds in repetition 113
tcp_ping received 393216 bytes back
Round trip time was 1.14004 milliseconds in repetition 114
tcp_ping received 393216 bytes back
Round trip time was 1.09329 milliseconds in repetition 115
tcp_ping received 393216 bytes back
Round trip time was 1.12009 milliseconds in repetition 116
tcp_ping received 393216 bytes back
Round trip time was 1.08796 milliseconds in repetition 117
tcp_ping received 393216 bytes back
Round trip time was 1.37778 milliseconds in repetition 118
tcp_ping received 393216 bytes back
Round trip time was 1.22719 milliseconds in repetition 119
tcp_ping received 393216 bytes back
Round trip time was 1.11041 milliseconds in repetition 120
tcp_ping received 393216 bytes back
Round trip time was 1.1098 milliseconds in repetition 121
tcp_ping received 393216 bytes back
Round trip time was 1.12247 milliseconds in repetition 122
tcp_ping received 393216 bytes back
Round trip time was 1.16248 milliseconds in repetition 123
tcp_ping received 393216 bytes back
Round trip time was 1.1261 milliseconds in repetition 124
tcp_ping received 393216 bytes back
Round trip time was 1.08847 milliseconds in repetition 125
tcp_ping received 393216 bytes back
Round trip time was 1.10964 milliseconds in repetition 126
tcp_ping received 393216 bytes back
Round trip time was 1.13321 milliseconds in repetition 127
tcp_ping received 393216 bytes back
Round trip time was 1.40975 milliseconds in repetition 128
tcp_ping received 393216 bytes back
Round trip time was 1.1185 milliseconds in repetition 129
tcp_ping received 393216 bytes back
Round trip time was 1.10929 milliseconds in repetition 130
tcp_ping received 393216 bytes back
Round trip time was 1.09084 milliseconds in repetition 131
tcp_ping received 393216 bytes back
Round trip time was 1.09472 milliseconds in repetition 132
tcp_ping received 393216 bytes back
Round trip time was 1.09761 milliseconds in repetition 133
tcp_ping received 393216 bytes back
Round trip time was 1.09901 milliseconds in repetition 134
tcp_ping received 393216 bytes back
Round trip time was 1.09731 milliseconds in repetition 135
tcp_ping received 393216 bytes back
Round trip time was 1.06179 milliseconds in repetition 136
tcp_ping received 393216 bytes back
Round trip time was 1.16481 milliseconds in repetition 137
tcp_ping received 393216 bytes back
Round trip time was 1.23665 milliseconds in repetition 138
tcp_ping received 393216 bytes back
Round trip time was 1.13865 milliseconds in repetition 139
tcp_ping received 393216 bytes back
Round trip time was 1.13678 milliseconds in repetition 140
tcp_ping received 393216 bytes back
Round trip time was 1.12623 milliseconds in repetition 141
tcp_ping received 393216 bytes back
Round trip time was 1.14706 milliseconds in repetition 142
tcp_ping received 393216 bytes back
Round trip time was 1.07293 milliseconds in repetition 143
tcp_ping received 393216 bytes back
Round trip time was 1.09825 milliseconds in repetition 144
tcp_ping received 393216 bytes back
Round trip time was 1.1195 milliseconds in repetition 145
tcp_ping received 393216 bytes back
Round trip time was 1.1033 milliseconds in repetition 146
tcp_ping received 393216 bytes back
Round trip time was 1.52277 milliseconds in repetition 147
tcp_ping received 393216 bytes back
Round trip time was 1.1203 milliseconds in repetition 148
tcp_ping received 393216 bytes back
Round trip time was 1.07762 milliseconds in repetition 149
tcp_ping received 393216 bytes back
Round trip time was 1.0786 milliseconds in repetition 150
tcp_ping received 393216 bytes back
Round trip time was 1.09074 milliseconds in repetition 151
tcp_ping received 393216 bytes back
Round trip time was 1.09001 milliseconds in repetition 152
tcp_ping received 393216 bytes back
Round trip time was 1.08572 milliseconds in repetition 153
tcp_ping received 393216 bytes back
Round trip time was 1.10241 milliseconds in repetition 154
tcp_ping received 393216 bytes back
Round trip time was 1.07311 milliseconds in repetition 155
tcp_ping received 393216 bytes back
Round trip time was 1.12445 milliseconds in repetition 156
tcp_ping received 393216 bytes back
Round trip time was 1.39433 milliseconds in repetition 157
tcp_ping received 393216 bytes back
Round trip time was 1.18388 milliseconds in repetition 158
tcp_ping received 393216 bytes back
Round trip time was 1.14697 milliseconds in repetition 159
tcp_ping received 393216 bytes back
Round trip time was 1.11648 milliseconds in repetition 160
tcp_ping received 393216 bytes back
Round trip time was 1.09226 milliseconds in repetition 161
tcp_ping received 393216 bytes back
Round trip time was 1.05985 milliseconds in repetition 162
tcp_ping received 393216 bytes back
Round trip time was 1.09716 milliseconds in repetition 163
tcp_ping received 393216 bytes back
Round trip time was 1.08695 milliseconds in repetition 164
tcp_ping received 393216 bytes back
Round trip time was 1.13796 milliseconds in repetition 165
tcp_ping received 393216 bytes back
Round trip time was 1.10596 milliseconds in repetition 166
tcp_ping received 393216 bytes back
Round trip time was 1.23929 milliseconds in repetition 167
tcp_ping received 393216 bytes back
Round trip time was 1.09644 milliseconds in repetition 168
tcp_ping received 393216 bytes back
Round trip time was 1.0999 milliseconds in repetition 169
tcp_ping received 393216 bytes back
Round trip time was 1.1456 milliseconds in repetition 170
tcp_ping received 393216 bytes back
Round trip time was 1.07127 milliseconds in repetition 171
tcp_ping received 393216 bytes back
Round trip time was 1.07429 milliseconds in repetition 172
tcp_ping received 393216 bytes back
Round trip time was 1.10734 milliseconds in repetition 173
tcp_ping received 393216 bytes back
Round trip time was 1.11962 milliseconds in repetition 174
tcp_ping received 393216 bytes back
Round trip time was 1.09063 milliseconds in repetition 175
tcp_ping received 393216 bytes back
Round trip time was 1.30037 milliseconds in repetition 176
tcp_ping received 393216 bytes back
Round trip time was 1.14021 milliseconds in repetition 177
tcp_ping received 393216 bytes back
Round trip time was 1.08357 milliseconds in repetition 178
tcp_ping received 393216 bytes back
Round trip time was 1.0935 milliseconds in repetition 179
tcp_ping received 393216 bytes back
Round trip time was 1.14764 milliseconds in repetition 180
tcp_ping received 393216 bytes back
Round trip time was 1.12198 milliseconds in repetition 181
tcp_ping received 393216 bytes back
Round trip time was 1.09439 milliseconds in repetition 182
tcp_ping received 393216 bytes back
Round trip time was 1.09223 milliseconds in repetition 183
tcp_ping received 393216 bytes back
Round trip time was 1.23887 milliseconds in repetition 184
tcp_ping received 393216 bytes back
Round trip time was 1.26018 milliseconds in repetition 185
tcp_ping received 393216 bytes back
Round trip time was 1.73225 milliseconds in repetition 186
tcp_ping received 393216 bytes back
Round trip time was 1.30125 milliseconds in repetition 187
tcp_ping received 393216 bytes back
Round trip time was 1.44889 milliseconds in repetition 188
tcp_ping received 393216 bytes back
Round trip time was 1.33691 milliseconds in repetition 189
tcp_ping received 393216 bytes back
Round trip time was 1.14844 milliseconds in repetition 190
tcp_ping received 393216 bytes back
Round trip time was 1.13573 milliseconds in repetition 191
tcp_ping received 393216 bytes back
Round trip time was 1.15341 milliseconds in repetition 192
tcp_ping received 393216 bytes back
Round trip time was 1.16734 milliseconds in repetition 193
tcp_ping received 393216 bytes back
Round trip time was 1.3698 milliseconds in repetition 194
tcp_ping received 393216 bytes back
Round trip time was 1.14823 milliseconds in repetition 195
tcp_ping received 393216 bytes back
Round trip time was 1.20988 milliseconds in repetition 196
tcp_ping received 393216 bytes back
Round trip time was 1.09125 milliseconds in repetition 197
tcp_ping received 393216 bytes back
Round trip time was 1.08941 milliseconds in repetition 198
tcp_ping received 393216 bytes back
Round trip time was 1.11001 milliseconds in repetition 199
tcp_ping received 393216 bytes back
Round trip time was 1.0895 milliseconds in repetition 200
tcp_ping received 393216 bytes back
Round trip time was 1.08945 milliseconds in repetition 201
tcp_ping received 393216 bytes back
Round trip time was 1.07818 milliseconds in repetition 202
tcp_ping received 393216 bytes back
Round trip time was 1.10607 milliseconds in repetition 203
tcp_ping received 393216 bytes back
Round trip time was 1.37571 milliseconds in repetition 204
tcp_ping received 393216 bytes back
Round trip time was 1.1435 milliseconds in repetition 205
tcp_ping received 393216 bytes back
Round trip time was 1.09226 milliseconds in repetition 206
tcp_ping received 393216 bytes back
Round trip time was 0.997104 milliseconds in repetition 207
tcp_ping received 393216 bytes back
Round trip time was 0.995468 milliseconds in repetition 208
tcp_ping received 393216 bytes back
Round trip time was 1.02254 milliseconds in repetition 209
tcp_ping received 393216 bytes back
Round trip time was 1.06481 milliseconds in repetition 210
tcp_ping received 393216 bytes back
Round trip time was 1.16235 milliseconds in repetition 211
tcp_ping received 393216 bytes back
Round trip time was 1.15296 milliseconds in repetition 212
tcp_ping received 393216 bytes back
Round trip time was 1.01089 milliseconds in repetition 213
tcp_ping received 393216 bytes back
Round trip time was 1.55338 milliseconds in repetition 214
tcp_ping received 393216 bytes back
Round trip time was 1.31113 milliseconds in repetition 215
tcp_ping received 393216 bytes back
Round trip time was 1.21697 milliseconds in repetition 216
tcp_ping received 393216 bytes back
Round trip time was 1.10265 milliseconds in repetition 217
tcp_ping received 393216 bytes back
Round trip time was 1.09315 milliseconds in repetition 218
tcp_ping received 393216 bytes back
Round trip time was 1.09838 milliseconds in repetition 219
tcp_ping received 393216 bytes back
Round trip time was 1.08821 milliseconds in repetition 220
tcp_ping received 393216 bytes back
Round trip time was 1.0938 milliseconds in repetition 221
tcp_ping received 393216 bytes back
Round trip time was 1.08126 milliseconds in repetition 222
tcp_ping received 393216 bytes back
Round trip time was 1.76084 milliseconds in repetition 223
tcp_ping received 393216 bytes back
Round trip time was 1.2232 milliseconds in repetition 224
tcp_ping received 393216 bytes back
Round trip time was 1.09423 milliseconds in repetition 225
tcp_ping received 393216 bytes back
Round trip time was 1.09394 milliseconds in repetition 226
tcp_ping received 393216 bytes back
Round trip time was 1.10252 milliseconds in repetition 227
tcp_ping received 393216 bytes back
Round trip time was 1.10255 milliseconds in repetition 228
tcp_ping received 393216 bytes back
Round trip time was 1.14323 milliseconds in repetition 229
tcp_ping received 393216 bytes back
Round trip time was 1.15361 milliseconds in repetition 230
tcp_ping received 393216 bytes back
Round trip time was 1.09589 milliseconds in repetition 231
tcp_ping received 393216 bytes back
Round trip time was 1.24657 milliseconds in repetition 232
tcp_ping received 393216 bytes back
Round trip time was 1.2989 milliseconds in repetition 233
tcp_ping received 393216 bytes back
Round trip time was 1.08365 milliseconds in repetition 234
tcp_ping received 393216 bytes back
Round trip time was 1.09363 milliseconds in repetition 235
tcp_ping received 393216 bytes back
Round trip time was 1.08628 milliseconds in repetition 236
tcp_ping received 393216 bytes back
Round trip time was 1.0825 milliseconds in repetition 237
tcp_ping received 393216 bytes back
Round trip time was 1.0747 milliseconds in repetition 238
tcp_ping received 393216 bytes back
Round trip time was 1.12088 milliseconds in repetition 239
tcp_ping received 393216 bytes back
Round trip time was 1.07889 milliseconds in repetition 240
tcp_ping received 393216 bytes back
Round trip time was 1.12756 milliseconds in repetition 241
tcp_ping received 393216 bytes back
Round trip time was 1.44456 milliseconds in repetition 242
tcp_ping received 393216 bytes back
Round trip time was 1.15586 milliseconds in repetition 243
tcp_ping received 393216 bytes back
Round trip time was 1.07273 milliseconds in repetition 244
tcp_ping received 393216 bytes back
Round trip time was 1.09762 milliseconds in repetition 245
tcp_ping received 393216 bytes back
Round trip time was 1.08281 milliseconds in repetition 246
tcp_ping received 393216 bytes back
Round trip time was 1.09552 milliseconds in repetition 247
tcp_ping received 393216 bytes back
Round trip time was 1.09374 milliseconds in repetition 248
tcp_ping received 393216 bytes back
Round trip time was 1.08922 milliseconds in repetition 249
tcp_ping received 393216 bytes back
Round trip time was 1.10089 milliseconds in repetition 250
tcp_ping received 393216 bytes back
Round trip time was 1.04515 milliseconds in repetition 251
tcp_ping received 393216 bytes back
Round trip time was 1.94339 milliseconds in repetition 252
tcp_ping received 393216 bytes back
Round trip time was 1.25925 milliseconds in repetition 253
tcp_ping received 393216 bytes back
Round trip time was 1.18603 milliseconds in repetition 254
tcp_ping received 393216 bytes back
Round trip time was 1.25731 milliseconds in repetition 255
tcp_ping received 393216 bytes back
Round trip time was 1.17345 milliseconds in repetition 256
tcp_ping received 393216 bytes back
Round trip time was 1.10631 milliseconds in repetition 257
tcp_ping received 393216 bytes back
Round trip time was 1.10223 milliseconds in repetition 258
tcp_ping received 393216 bytes back
Round trip time was 1.08969 milliseconds in repetition 259
tcp_ping received 393216 bytes back
Round trip time was 1.34664 milliseconds in repetition 260
tcp_ping received 393216 bytes back
Round trip time was 1.16975 milliseconds in repetition 261
tcp_ping received 393216 bytes back
Round trip time was 1.11731 milliseconds in repetition 262
tcp_ping received 393216 bytes back
Round trip time was 1.09092 milliseconds in repetition 263
tcp_ping received 393216 bytes back
Round trip time was 1.10544 milliseconds in repetition 264
tcp_ping received 393216 bytes back
Round trip time was 1.08982 milliseconds in repetition 265
tcp_ping received 393216 bytes back
Round trip time was 1.09107 milliseconds in repetition 266
tcp_ping received 393216 bytes back
Round trip time was 1.12182 milliseconds in repetition 267
tcp_ping received 393216 bytes back
Round trip time was 1.05684 milliseconds in repetition 268
tcp_ping received 393216 bytes back
Round trip time was 1.01929 milliseconds in repetition 269
tcp_ping received 393216 bytes back
Round trip time was 1.18918 milliseconds in repetition 270
tcp_ping received 393216 bytes back
Round trip time was 1.05936 milliseconds in repetition 271
tcp_ping received 393216 bytes back
Round trip time was 1.08317 milliseconds in repetition 272
tcp_ping received 393216 bytes back
Round trip time was 1.12822 milliseconds in repetition 273
tcp_ping received 393216 bytes back
Round trip time was 1.07814 milliseconds in repetition 274
tcp_ping received 393216 bytes back
Round trip time was 1.08627 milliseconds in repetition 275
tcp_ping received 393216 bytes back
Round trip time was 1.11337 milliseconds in repetition 276
tcp_ping received 393216 bytes back
Round trip time was 1.09384 milliseconds in repetition 277
tcp_ping received 393216 bytes back
Round trip time was 1.0846 milliseconds in repetition 278
tcp_ping received 393216 bytes back
Round trip time was 1.04596 milliseconds in repetition 279
tcp_ping received 393216 bytes back
Round trip time was 1.14924 milliseconds in repetition 280
tcp_ping received 393216 bytes back
Round trip time was 1.08324 milliseconds in repetition 281
tcp_ping received 393216 bytes back
Round trip time was 1.1401 milliseconds in repetition 282
tcp_ping received 393216 bytes back
Round trip time was 1.10005 milliseconds in repetition 283
tcp_ping received 393216 bytes back
Round trip time was 1.08748 milliseconds in repetition 284
tcp_ping received 393216 bytes back
Round trip time was 1.03077 milliseconds in repetition 285
tcp_ping received 393216 bytes back
Round trip time was 1.01878 milliseconds in repetition 286
tcp_ping received 393216 bytes back
Round trip time was 1.10148 milliseconds in repetition 287
tcp_ping received 393216 bytes back
Round trip time was 1.04923 milliseconds in repetition 288
tcp_ping received 393216 bytes back
Round trip time was 1.05216 milliseconds in repetition 289
tcp_ping received 393216 bytes back
Round trip time was 1.10232 milliseconds in repetition 290
tcp_ping received 393216 bytes back
Round trip time was 1.07248 milliseconds in repetition 291
tcp_ping received 393216 bytes back
Round trip time was 1.08819 milliseconds in repetition 292
tcp_ping received 393216 bytes back
Round trip time was 1.08384 milliseconds in repetition 293
tcp_ping received 393216 bytes back
Round trip time was 1.09655 milliseconds in repetition 294
tcp_ping received 393216 bytes back
Round trip time was 1.09756 milliseconds in repetition 295
tcp_ping received 393216 bytes back
Round trip time was 1.07898 milliseconds in repetition 296
tcp_ping received 393216 bytes back
Round trip time was 1.34068 milliseconds in repetition 297
tcp_ping received 393216 bytes back
Round trip time was 1.43606 milliseconds in repetition 298
tcp_ping received 393216 bytes back
Round trip time was 1.24287 milliseconds in repetition 299
tcp_ping received 393216 bytes back
Round trip time was 1.3247 milliseconds in repetition 300
tcp_ping received 393216 bytes back
Round trip time was 1.35237 milliseconds in repetition 301
tcp_ping received 393216 bytes back
Round trip time was 1.72395 milliseconds in repetition 302
tcp_ping received 393216 bytes back
Round trip time was 1.58188 milliseconds in repetition 303
tcp_ping received 393216 bytes back
Round trip time was 1.71164 milliseconds in repetition 304
tcp_ping received 393216 bytes back
Round trip time was 1.27855 milliseconds in repetition 305
tcp_ping received 393216 bytes back
Round trip time was 1.17508 milliseconds in repetition 306
tcp_ping received 393216 bytes back
Round trip time was 1.51757 milliseconds in repetition 307
tcp_ping received 393216 bytes back
Round trip time was 1.30591 milliseconds in repetition 308
tcp_ping received 393216 bytes back
Round trip time was 1.48916 milliseconds in repetition 309
tcp_ping received 393216 bytes back
Round trip time was 1.22074 milliseconds in repetition 310
tcp_ping received 393216 bytes back
Round trip time was 1.30584 milliseconds in repetition 311
tcp_ping received 393216 bytes back
Round trip time was 1.29685 milliseconds in repetition 312
tcp_ping received 393216 bytes back
Round trip time was 1.29839 milliseconds in repetition 313
tcp_ping received 393216 bytes back
Round trip time was 1.27228 milliseconds in repetition 314
tcp_ping received 393216 bytes back
Round trip time was 1.21999 milliseconds in repetition 315
tcp_ping received 393216 bytes back
Round trip time was 1.24356 milliseconds in repetition 316
tcp_ping received 393216 bytes back
Round trip time was 1.46926 milliseconds in repetition 317
tcp_ping received 393216 bytes back
Round trip time was 1.26214 milliseconds in repetition 318
tcp_ping received 393216 bytes back
Round trip time was 1.41427 milliseconds in repetition 319
tcp_ping received 393216 bytes back
Round trip time was 1.19788 milliseconds in repetition 320
tcp_ping received 393216 bytes back
Round trip time was 1.15688 milliseconds in repetition 321
tcp_ping received 393216 bytes back
Round trip time was 1.11505 milliseconds in repetition 322
tcp_ping received 393216 bytes back
Round trip time was 1.25973 milliseconds in repetition 323
tcp_ping received 393216 bytes back
Round trip time was 1.18089 milliseconds in repetition 324
tcp_ping received 393216 bytes back
Round trip time was 1.36688 milliseconds in repetition 325
tcp_ping received 393216 bytes back
Round trip time was 1.59873 milliseconds in repetition 326
tcp_ping received 393216 bytes back
Round trip time was 1.25729 milliseconds in repetition 327
tcp_ping received 393216 bytes back
Round trip time was 1.10864 milliseconds in repetition 328
tcp_ping received 393216 bytes back
Round trip time was 1.12319 milliseconds in repetition 329
tcp_ping received 393216 bytes back
Round trip time was 1.12681 milliseconds in repetition 330
tcp_ping received 393216 bytes back
Round trip time was 1.10139 milliseconds in repetition 331
tcp_ping received 393216 bytes back
Round trip time was 1.09866 milliseconds in repetition 332
tcp_ping received 393216 bytes back
Round trip time was 1.12394 milliseconds in repetition 333
tcp_ping received 393216 bytes back
Round trip time was 1.26608 milliseconds in repetition 334
tcp_ping received 393216 bytes back
Round trip time was 1.30345 milliseconds in repetition 335
tcp_ping received 393216 bytes back
Round trip time was 1.20618 milliseconds in repetition 336
tcp_ping received 393216 bytes back
Round trip time was 1.14483 milliseconds in repetition 337
tcp_ping received 393216 bytes back
Round trip time was 1.10059 milliseconds in repetition 338
tcp_ping received 393216 bytes back
Round trip time was 1.09582 milliseconds in repetition 339
tcp_ping received 393216 bytes back
Round trip time was 1.09233 milliseconds in repetition 340
tcp_ping received 393216 bytes back
Round trip time was 1.09317 milliseconds in repetition 341
tcp_ping received 393216 bytes back
Round trip time was 1.18708 milliseconds in repetition 342
tcp_ping received 393216 bytes back
Round trip time was 1.83727 milliseconds in repetition 343
tcp_ping received 393216 bytes back
Round trip time was 1.54817 milliseconds in repetition 344
tcp_ping received 393216 bytes back
Round trip time was 1.37291 milliseconds in repetition 345
tcp_ping received 393216 bytes back
Round trip time was 1.31486 milliseconds in repetition 346
tcp_ping received 393216 bytes back
Round trip time was 1.26534 milliseconds in repetition 347
tcp_ping received 393216 bytes back
Round trip time was 1.29065 milliseconds in repetition 348
tcp_ping received 393216 bytes back
Round trip time was 1.58638 milliseconds in repetition 349
tcp_ping received 393216 bytes back
Round trip time was 1.53969 milliseconds in repetition 350
tcp_ping received 393216 bytes back
Round trip time was 2.76597 milliseconds in repetition 351
tcp_ping received 393216 bytes back
Round trip time was 1.60865 milliseconds in repetition 352
tcp_ping received 393216 bytes back
Round trip time was 1.16896 milliseconds in repetition 353
tcp_ping received 393216 bytes back
Round trip time was 1.29903 milliseconds in repetition 354
tcp_ping received 393216 bytes back
Round trip time was 1.57612 milliseconds in repetition 355
tcp_ping received 393216 bytes back
Round trip time was 1.69252 milliseconds in repetition 356
tcp_ping received 393216 bytes back
Round trip time was 1.77285 milliseconds in repetition 357
tcp_ping received 393216 bytes back
Round trip time was 1.83496 milliseconds in repetition 358
tcp_ping received 393216 bytes back
Round trip time was 1.37953 milliseconds in repetition 359
tcp_ping received 393216 bytes back
Round trip time was 1.43506 milliseconds in repetition 360
tcp_ping received 393216 bytes back
Round trip time was 1.21092 milliseconds in repetition 361
tcp_ping received 393216 bytes back
Round trip time was 1.43576 milliseconds in repetition 362
tcp_ping received 393216 bytes back
Round trip time was 1.26369 milliseconds in repetition 363
tcp_ping received 393216 bytes back
Round trip time was 1.29148 milliseconds in repetition 364
tcp_ping received 393216 bytes back
Round trip time was 1.56528 milliseconds in repetition 365
tcp_ping received 393216 bytes back
Round trip time was 2.15246 milliseconds in repetition 366
tcp_ping received 393216 bytes back
Round trip time was 1.53322 milliseconds in repetition 367
tcp_ping received 393216 bytes back
Round trip time was 1.41839 milliseconds in repetition 368
tcp_ping received 393216 bytes back
Round trip time was 1.17688 milliseconds in repetition 369
tcp_ping received 393216 bytes back
Round trip time was 1.30821 milliseconds in repetition 370
tcp_ping received 393216 bytes back
Round trip time was 1.15957 milliseconds in repetition 371
tcp_ping received 393216 bytes back
Round trip time was 1.52342 milliseconds in repetition 372
tcp_ping received 393216 bytes back
Round trip time was 1.82656 milliseconds in repetition 373
tcp_ping received 393216 bytes back
Round trip time was 1.32819 milliseconds in repetition 374
tcp_ping received 393216 bytes back
Round trip time was 1.8785 milliseconds in repetition 375
tcp_ping received 393216 bytes back
Round trip time was 1.81336 milliseconds in repetition 376
tcp_ping received 393216 bytes back
Round trip time was 1.15791 milliseconds in repetition 377
tcp_ping received 393216 bytes back
Round trip time was 1.1406 milliseconds in repetition 378
tcp_ping received 393216 bytes back
Round trip time was 1.69377 milliseconds in repetition 379
tcp_ping received 393216 bytes back
Round trip time was 1.45971 milliseconds in repetition 380
tcp_ping received 393216 bytes back
Round trip time was 1.60985 milliseconds in repetition 381
tcp_ping received 393216 bytes back
Round trip time was 1.25056 milliseconds in repetition 382
tcp_ping received 393216 bytes back
Round trip time was 1.71904 milliseconds in repetition 383
tcp_ping received 393216 bytes back
Round trip time was 1.31495 milliseconds in repetition 384
tcp_ping received 393216 bytes back
Round trip time was 1.281 milliseconds in repetition 385
tcp_ping received 393216 bytes back
Round trip time was 1.38076 milliseconds in repetition 386
tcp_ping received 393216 bytes back
Round trip time was 1.91097 milliseconds in repetition 387
tcp_ping received 393216 bytes back
Round trip time was 2.18019 milliseconds in repetition 388
tcp_ping received 393216 bytes back
Round trip time was 1.76479 milliseconds in repetition 389
tcp_ping received 393216 bytes back
Round trip time was 1.41822 milliseconds in repetition 390
tcp_ping received 393216 bytes back
Round trip time was 1.49019 milliseconds in repetition 391
tcp_ping received 393216 bytes back
Round trip time was 3.13318 milliseconds in repetition 392
tcp_ping received 393216 bytes back
Round trip time was 3.51875 milliseconds in repetition 393
tcp_ping received 393216 bytes back
Round trip time was 1.9295 milliseconds in repetition 394
tcp_ping received 393216 bytes back
Round trip time was 1.33753 milliseconds in repetition 395
tcp_ping received 393216 bytes back
Round trip time was 1.30239 milliseconds in repetition 396
tcp_ping received 393216 bytes back
Round trip time was 1.39044 milliseconds in repetition 397
tcp_ping received 393216 bytes back
Round trip time was 1.81203 milliseconds in repetition 398
tcp_ping received 393216 bytes back
Round trip time was 3.04903 milliseconds in repetition 399
tcp_ping received 393216 bytes back
Round trip time was 3.43576 milliseconds in repetition 400
tcp_ping received 393216 bytes back
Round trip time was 2.04044 milliseconds in repetition 401
tcp_ping received 393216 bytes back
Round trip time was 2.71039 milliseconds in repetition 402
tcp_ping received 393216 bytes back
Round trip time was 1.88097 milliseconds in repetition 403
tcp_ping received 393216 bytes back
Round trip time was 1.57672 milliseconds in repetition 404
tcp_ping received 393216 bytes back
Round trip time was 1.54963 milliseconds in repetition 405
tcp_ping received 393216 bytes back
Round trip time was 1.81072 milliseconds in repetition 406
tcp_ping received 393216 bytes back
Round trip time was 1.93448 milliseconds in repetition 407
tcp_ping received 393216 bytes back
Round trip time was 7.00516 milliseconds in repetition 408
tcp_ping received 393216 bytes back
Round trip time was 2.0307 milliseconds in repetition 409
tcp_ping received 393216 bytes back
Round trip time was 1.37472 milliseconds in repetition 410
tcp_ping received 393216 bytes back
Round trip time was 1.77268 milliseconds in repetition 411
tcp_ping received 393216 bytes back
Round trip time was 1.87366 milliseconds in repetition 412
tcp_ping received 393216 bytes back
Round trip time was 1.99397 milliseconds in repetition 413
tcp_ping received 393216 bytes back
Round trip time was 2.19688 milliseconds in repetition 414
tcp_ping received 393216 bytes back
Round trip time was 2.30157 milliseconds in repetition 415
tcp_ping received 393216 bytes back
Round trip time was 6.35306 milliseconds in repetition 416
tcp_ping received 393216 bytes back
Round trip time was 2.116 milliseconds in repetition 417
tcp_ping received 393216 bytes back
Round trip time was 1.78137 milliseconds in repetition 418
tcp_ping received 393216 bytes back
Round trip time was 1.98936 milliseconds in repetition 419
tcp_ping received 393216 bytes back
Round trip time was 2.47718 milliseconds in repetition 420
tcp_ping received 393216 bytes back
Round trip time was 2.24718 milliseconds in repetition 421
tcp_ping received 393216 bytes back
Round trip time was 1.85148 milliseconds in repetition 422
tcp_ping received 393216 bytes back
Round trip time was 1.67941 milliseconds in repetition 423
tcp_ping received 393216 bytes back
Round trip time was 1.75987 milliseconds in repetition 424
tcp_ping received 393216 bytes back
Round trip time was 1.45862 milliseconds in repetition 425
tcp_ping received 393216 bytes back
Round trip time was 1.82185 milliseconds in repetition 426
tcp_ping received 393216 bytes back
Round trip time was 1.99528 milliseconds in repetition 427
tcp_ping received 393216 bytes back
Round trip time was 2.31272 milliseconds in repetition 428
tcp_ping received 393216 bytes back
Round trip time was 2.21656 milliseconds in repetition 429
tcp_ping received 393216 bytes back
Round trip time was 1.72281 milliseconds in repetition 430
tcp_ping received 393216 bytes back
Round trip time was 1.23963 milliseconds in repetition 431
tcp_ping received 393216 bytes back
Round trip time was 1.2251 milliseconds in repetition 432
tcp_ping received 393216 bytes back
Round trip time was 1.51609 milliseconds in repetition 433
tcp_ping received 393216 bytes back
Round trip time was 1.33254 milliseconds in repetition 434
tcp_ping received 393216 bytes back
Round trip time was 1.37249 milliseconds in repetition 435
tcp_ping received 393216 bytes back
Round trip time was 1.39601 milliseconds in repetition 436
tcp_ping received 393216 bytes back
Round trip time was 1.16919 milliseconds in repetition 437
tcp_ping received 393216 bytes back
Round trip time was 1.20859 milliseconds in repetition 438
tcp_ping received 393216 bytes back
Round trip time was 1.19329 milliseconds in repetition 439
tcp_ping received 393216 bytes back
Round trip time was 1.9084 milliseconds in repetition 440
tcp_ping received 393216 bytes back
Round trip time was 1.48479 milliseconds in repetition 441
tcp_ping received 393216 bytes back
Round trip time was 1.39001 milliseconds in repetition 442
tcp_ping received 393216 bytes back
Round trip time was 1.22655 milliseconds in repetition 443
tcp_ping received 393216 bytes back
Round trip time was 1.23811 milliseconds in repetition 444
tcp_ping received 393216 bytes back
Round trip time was 1.21191 milliseconds in repetition 445
tcp_ping received 393216 bytes back
Round trip time was 1.17191 milliseconds in repetition 446
tcp_ping received 393216 bytes back
Round trip time was 1.22205 milliseconds in repetition 447
tcp_ping received 393216 bytes back
Round trip time was 1.69315 milliseconds in repetition 448
tcp_ping received 393216 bytes back
Round trip time was 1.31074 milliseconds in repetition 449
tcp_ping received 393216 bytes back
Round trip time was 1.36659 milliseconds in repetition 450
tcp_ping received 393216 bytes back
Round trip time was 1.56869 milliseconds in repetition 451
tcp_ping received 393216 bytes back
Round trip time was 1.33183 milliseconds in repetition 452
tcp_ping received 393216 bytes back
Round trip time was 1.21226 milliseconds in repetition 453
tcp_ping received 393216 bytes back
Round trip time was 1.26431 milliseconds in repetition 454
tcp_ping received 393216 bytes back
Round trip time was 1.19178 milliseconds in repetition 455
tcp_ping received 393216 bytes back
Round trip time was 1.24397 milliseconds in repetition 456
tcp_ping received 393216 bytes back
Round trip time was 1.34247 milliseconds in repetition 457
tcp_ping received 393216 bytes back
Round trip time was 1.33562 milliseconds in repetition 458
tcp_ping received 393216 bytes back
Round trip time was 1.50205 milliseconds in repetition 459
tcp_ping received 393216 bytes back
Round trip time was 1.30151 milliseconds in repetition 460
tcp_ping received 393216 bytes back
Round trip time was 1.26932 milliseconds in repetition 461
tcp_ping received 393216 bytes back
Round trip time was 1.20618 milliseconds in repetition 462
tcp_ping received 393216 bytes back
Round trip time was 1.22161 milliseconds in repetition 463
tcp_ping received 393216 bytes back
Round trip time was 1.26014 milliseconds in repetition 464
tcp_ping received 393216 bytes back
Round trip time was 1.24344 milliseconds in repetition 465
tcp_ping received 393216 bytes back
Round trip time was 1.48259 milliseconds in repetition 466
tcp_ping received 393216 bytes back
Round trip time was 1.31062 milliseconds in repetition 467
tcp_ping received 393216 bytes back
Round trip time was 1.34129 milliseconds in repetition 468
tcp_ping received 393216 bytes back
Round trip time was 1.22633 milliseconds in repetition 469
tcp_ping received 393216 bytes back
Round trip time was 1.19531 milliseconds in repetition 470
tcp_ping received 393216 bytes back
Round trip time was 1.91413 milliseconds in repetition 471
tcp_ping received 393216 bytes back
Round trip time was 1.33685 milliseconds in repetition 472
tcp_ping received 393216 bytes back
Round trip time was 1.17979 milliseconds in repetition 473
tcp_ping received 393216 bytes back
Round trip time was 1.74278 milliseconds in repetition 474
tcp_ping received 393216 bytes back
Round trip time was 1.29299 milliseconds in repetition 475
tcp_ping received 393216 bytes back
Round trip time was 1.5775 milliseconds in repetition 476
tcp_ping received 393216 bytes back
Round trip time was 1.3504 milliseconds in repetition 477
tcp_ping received 393216 bytes back
Round trip time was 1.12669 milliseconds in repetition 478
tcp_ping received 393216 bytes back
Round trip time was 1.20059 milliseconds in repetition 479
tcp_ping received 393216 bytes back
Round trip time was 1.28392 milliseconds in repetition 480
tcp_ping received 393216 bytes back
Round trip time was 1.71716 milliseconds in repetition 481
tcp_ping received 393216 bytes back
Round trip time was 1.41991 milliseconds in repetition 482
tcp_ping received 393216 bytes back
Round trip time was 1.26994 milliseconds in repetition 483
tcp_ping received 393216 bytes back
Round trip time was 1.21794 milliseconds in repetition 484
tcp_ping received 393216 bytes back
Round trip time was 1.21527 milliseconds in repetition 485
tcp_ping received 393216 bytes back
Round trip time was 1.21399 milliseconds in repetition 486
tcp_ping received 393216 bytes back
Round trip time was 1.21024 milliseconds in repetition 487
tcp_ping received 393216 bytes back
Round trip time was 1.23162 milliseconds in repetition 488
tcp_ping received 393216 bytes back
Round trip time was 1.73119 milliseconds in repetition 489
tcp_ping received 393216 bytes back
Round trip time was 1.27824 milliseconds in repetition 490
tcp_ping received 393216 bytes back
Round trip time was 1.33956 milliseconds in repetition 491
tcp_ping received 393216 bytes back
Round trip time was 1.92319 milliseconds in repetition 492
tcp_ping received 393216 bytes back
Round trip time was 1.42056 milliseconds in repetition 493
tcp_ping received 393216 bytes back
Round trip time was 1.19241 milliseconds in repetition 494
tcp_ping received 393216 bytes back
Round trip time was 1.12391 milliseconds in repetition 495
tcp_ping received 393216 bytes back
Round trip time was 1.16815 milliseconds in repetition 496
tcp_ping received 393216 bytes back
Round trip time was 1.79739 milliseconds in repetition 497
tcp_ping received 393216 bytes back
Round trip time was 1.26868 milliseconds in repetition 498
tcp_ping received 393216 bytes back
Round trip time was 1.3159 milliseconds in repetition 499
tcp_ping received 393216 bytes back
Round trip time was 1.22984 milliseconds in repetition 500
tcp_ping received 393216 bytes back
Round trip time was 1.28002 milliseconds in repetition 501

 ... clock resolution was 1e-06
TCP Ping:  Statistics over 501 repetitions of 393216 byte messages

RTT : percentile 10: 1.08796, median: 1.20159, percentile 90: 1.73225, average: 1.32988, variance: 0.220243

RTT histogram:
0.995467 184
1.29595 220
1.59644 48
1.89692 32
2.1974 8
2.49789 1
2.79837 2
3.09886 2
3.39934 2
3.69983 0
4.00031 0
4.3008 0
4.60128 0
4.90177 0
5.20225 0
5.50273 0
5.80322 0
6.1037 0
6.40419 1
6.70467 0
7.00516 1

   median Throughput : 654493 KB/s   overall Throughput : 591357 KB/s

