TCP Ping trying to connect to server localhost (127.0.0.1) on port 1491

... connected to Pong server: asking for 501 repetitions of 65536 bytes TCP messages
 ... Pong server agreed :-)
tcp_ping received 65536 bytes back
Round trip time was 0.228797 milliseconds in repetition 1
tcp_ping received 65536 bytes back
Round trip time was 0.210252 milliseconds in repetition 2
tcp_ping received 65536 bytes back
Round trip time was 0.206124 milliseconds in repetition 3
tcp_ping received 65536 bytes back
Round trip time was 0.208984 milliseconds in repetition 4
tcp_ping received 65536 bytes back
Round trip time was 0.211866 milliseconds in repetition 5
tcp_ping received 65536 bytes back
Round trip time was 0.209895 milliseconds in repetition 6
tcp_ping received 65536 bytes back
Round trip time was 0.218052 milliseconds in repetition 7
tcp_ping received 65536 bytes back
Round trip time was 0.213426 milliseconds in repetition 8
tcp_ping received 65536 bytes back
Round trip time was 0.419515 milliseconds in repetition 9
tcp_ping received 65536 bytes back
Round trip time was 0.236549 milliseconds in repetition 10
tcp_ping received 65536 bytes back
Round trip time was 0.403913 milliseconds in repetition 11
tcp_ping received 65536 bytes back
Round trip time was 0.25169 milliseconds in repetition 12
tcp_ping received 65536 bytes back
Round trip time was 0.227167 milliseconds in repetition 13
tcp_ping received 65536 bytes back
Round trip time was 0.211132 milliseconds in repetition 14
tcp_ping received 65536 bytes back
Round trip time was 0.210159 milliseconds in repetition 15
tcp_ping received 65536 bytes back
Round trip time was 0.212913 milliseconds in repetition 16
tcp_ping received 65536 bytes back
Round trip time was 0.210592 milliseconds in repetition 17
tcp_ping received 65536 bytes back
Round trip time was 0.21202 milliseconds in repetition 18
tcp_ping received 65536 bytes back
Round trip time was 0.219205 milliseconds in repetition 19
tcp_ping received 65536 bytes back
Round trip time was 0.215766 milliseconds in repetition 20
tcp_ping received 65536 bytes back
Round trip time was 0.361845 milliseconds in repetition 21
tcp_ping received 65536 bytes back
Round trip time was 0.255399 milliseconds in repetition 22
tcp_ping received 65536 bytes back
Round trip time was 0.218887 milliseconds in repetition 23
tcp_ping received 65536 bytes back
Round trip time was 0.239858 milliseconds in repetition 24
tcp_ping received 65536 bytes back
Round trip time was 0.214128 milliseconds in repetition 25
tcp_ping received 65536 bytes back
Round trip time was 0.213487 milliseconds in repetition 26
tcp_ping received 65536 bytes back
Round trip time was 0.219945 milliseconds in repetition 27
tcp_ping received 65536 bytes back
Round trip time was 0.229005 milliseconds in repetition 28
tcp_ping received 65536 bytes back
Round trip time was 0.233306 milliseconds in repetition 29
tcp_ping received 65536 bytes back
Round trip time was 0.231707 milliseconds in repetition 30
tcp_ping received 65536 bytes back
Round trip time was 0.264868 milliseconds in repetition 31
tcp_ping received 65536 bytes back
Round trip time was 0.242219 milliseconds in repetition 32
tcp_ping received 65536 bytes back
Round trip time was 0.232765 milliseconds in repetition 33
tcp_ping received 65536 bytes back
Round trip time was 0.248838 milliseconds in repetition 34
tcp_ping received 65536 bytes back
Round trip time was 0.231937 milliseconds in repetition 35
tcp_ping received 65536 bytes back
Round trip time was 0.282831 milliseconds in repetition 36
tcp_ping received 65536 bytes back
Round trip time was 0.345331 milliseconds in repetition 37
tcp_ping received 65536 bytes back
Round trip time was 0.388516 milliseconds in repetition 38
tcp_ping received 65536 bytes back
Round trip time was 0.264387 milliseconds in repetition 39
tcp_ping received 65536 bytes back
Round trip time was 0.231301 milliseconds in repetition 40
tcp_ping received 65536 bytes back
Round trip time was 0.241163 milliseconds in repetition 41
tcp_ping received 65536 bytes back
Round trip time was 0.24161 milliseconds in repetition 42
tcp_ping received 65536 bytes back
Round trip time was 0.327273 milliseconds in repetition 43
tcp_ping received 65536 bytes back
Round trip time was 0.217022 milliseconds in repetition 44
tcp_ping received 65536 bytes back
Round trip time was 0.217678 milliseconds in repetition 45
tcp_ping received 65536 bytes back
Round trip time was 0.32883 milliseconds in repetition 46
tcp_ping received 65536 bytes back
Round trip time was 0.34168 milliseconds in repetition 47
tcp_ping received 65536 bytes back
Round trip time was 0.28762 milliseconds in repetition 48
tcp_ping received 65536 bytes back
Round trip time was 0.319638 milliseconds in repetition 49
tcp_ping received 65536 bytes back
Round trip time was 0.257891 milliseconds in repetition 50
tcp_ping received 65536 bytes back
Round trip time was 0.217224 milliseconds in repetition 51
tcp_ping received 65536 bytes back
Round trip time was 0.214653 milliseconds in repetition 52
tcp_ping received 65536 bytes back
Round trip time was 0.26348 milliseconds in repetition 53
tcp_ping received 65536 bytes back
Round trip time was 0.220116 milliseconds in repetition 54
tcp_ping received 65536 bytes back
Round trip time was 0.209372 milliseconds in repetition 55
tcp_ping received 65536 bytes back
Round trip time was 0.212526 milliseconds in repetition 56
tcp_ping received 65536 bytes back
Round trip time was 0.214015 milliseconds in repetition 57
tcp_ping received 65536 bytes back
Round trip time was 0.229406 milliseconds in repetition 58
tcp_ping received 65536 bytes back
Round trip time was 0.210854 milliseconds in repetition 59
tcp_ping received 65536 bytes back
Round trip time was 0.212973 milliseconds in repetition 60
tcp_ping received 65536 bytes back
Round trip time was 0.209288 milliseconds in repetition 61
tcp_ping received 65536 bytes back
Round trip time was 0.216598 milliseconds in repetition 62
tcp_ping received 65536 bytes back
Round trip time was 0.215534 milliseconds in repetition 63
tcp_ping received 65536 bytes back
Round trip time was 0.210633 milliseconds in repetition 64
tcp_ping received 65536 bytes back
Round trip time was 0.216034 milliseconds in repetition 65
tcp_ping received 65536 bytes back
Round trip time was 0.213664 milliseconds in repetition 66
tcp_ping received 65536 bytes back
Round trip time was 0.213784 milliseconds in repetition 67
tcp_ping received 65536 bytes back
Round trip time was 0.211284 milliseconds in repetition 68
tcp_ping received 65536 bytes back
Round trip time was 0.25181 milliseconds in repetition 69
tcp_ping received 65536 bytes back
Round trip time was 0.245881 milliseconds in repetition 70
tcp_ping received 65536 bytes back
Round trip time was 0.215844 milliseconds in repetition 71
tcp_ping received 65536 bytes back
Round trip time was 0.233555 milliseconds in repetition 72
tcp_ping received 65536 bytes back
Round trip time was 0.211962 milliseconds in repetition 73
tcp_ping received 65536 bytes back
Round trip time was 0.213016 milliseconds in repetition 74
tcp_ping received 65536 bytes back
Round trip time was 0.211175 milliseconds in repetition 75
tcp_ping received 65536 bytes back
Round trip time was 0.214268 milliseconds in repetition 76
tcp_ping received 65536 bytes back
Round trip time was 0.212609 milliseconds in repetition 77
tcp_ping received 65536 bytes back
Round trip time was 0.206291 milliseconds in repetition 78
tcp_ping received 65536 bytes back
Round trip time was 0.191678 milliseconds in repetition 79
tcp_ping received 65536 bytes back
Round trip time was 0.190329 milliseconds in repetition 80
tcp_ping received 65536 bytes back
Round trip time was 0.189592 milliseconds in repetition 81
tcp_ping received 65536 bytes back
Round trip time was 0.190402 milliseconds in repetition 82
tcp_ping received 65536 bytes back
Round trip time was 0.190372 milliseconds in repetition 83
tcp_ping received 65536 bytes back
Round trip time was 0.257709 milliseconds in repetition 84
tcp_ping received 65536 bytes back
Round trip time was 0.351405 milliseconds in repetition 85
tcp_ping received 65536 bytes back
Round trip time was 0.29895 milliseconds in repetition 86
tcp_ping received 65536 bytes back
Round trip time was 0.239881 milliseconds in repetition 87
tcp_ping received 65536 bytes back
Round trip time was 0.242118 milliseconds in repetition 88
tcp_ping received 65536 bytes back
Round trip time was 0.21104 milliseconds in repetition 89
tcp_ping received 65536 bytes back
Round trip time was 0.228881 milliseconds in repetition 90
tcp_ping received 65536 bytes back
Round trip time was 0.275501 milliseconds in repetition 91
tcp_ping received 65536 bytes back
Round trip time was 0.351958 milliseconds in repetition 92
tcp_ping received 65536 bytes back
Round trip time was 0.27459 milliseconds in repetition 93
tcp_ping received 65536 bytes back
Round trip time was 0.369831 milliseconds in repetition 94
tcp_ping received 65536 bytes back
Round trip time was 0.313523 milliseconds in repetition 95
tcp_ping received 65536 bytes back
Round trip time was 0.274179 milliseconds in repetition 96
tcp_ping received 65536 bytes back
Round trip time was 0.36209 milliseconds in repetition 97
tcp_ping received 65536 bytes back
Round trip time was 0.262509 milliseconds in repetition 98
tcp_ping received 65536 bytes back
Round trip time was 0.224569 milliseconds in repetition 99
tcp_ping received 65536 bytes back
Round trip time was 0.211149 milliseconds in repetition 100
tcp_ping received 65536 bytes back
Round trip time was 0.211021 milliseconds in repetition 101
tcp_ping received 65536 bytes back
Round trip time was 0.213675 milliseconds in repetition 102
tcp_ping received 65536 bytes back
Round trip time was 0.210361 milliseconds in repetition 103
tcp_ping received 65536 bytes back
Round trip time was 0.210922 milliseconds in repetition 104
tcp_ping received 65536 bytes back
Round trip time was 0.261992 milliseconds in repetition 105
tcp_ping received 65536 bytes back
Round trip time was 0.211907 milliseconds in repetition 106
tcp_ping received 65536 bytes back
Round trip time was 0.210852 milliseconds in repetition 107
tcp_ping received 65536 bytes back
Round trip time was 0.212035 milliseconds in repetition 108
tcp_ping received 65536 bytes back
Round trip time was 0.276771 milliseconds in repetition 109
tcp_ping received 65536 bytes back
Round trip time was 0.191382 milliseconds in repetition 110
tcp_ping received 65536 bytes back
Round trip time was 0.192649 milliseconds in repetition 111
tcp_ping received 65536 bytes back
Round trip time was 0.190005 milliseconds in repetition 112
tcp_ping received 65536 bytes back
Round trip time was 0.194097 milliseconds in repetition 113
tcp_ping received 65536 bytes back
Round trip time was 0.188989 milliseconds in repetition 114
tcp_ping received 65536 bytes back
Round trip time was 0.211236 milliseconds in repetition 115
tcp_ping received 65536 bytes back
Round trip time was 0.193252 milliseconds in repetition 116
tcp_ping received 65536 bytes back
Round trip time was 0.194509 milliseconds in repetition 117
tcp_ping received 65536 bytes back
Round trip time was 0.188962 milliseconds in repetition 118
tcp_ping received 65536 bytes back
Round trip time was 0.191824 milliseconds in repetition 119
tcp_ping received 65536 bytes back
Round trip time was 0.190527 milliseconds in repetition 120
tcp_ping received 65536 bytes back
Round trip time was 0.18957 milliseconds in repetition 121
tcp_ping received 65536 bytes back
Round trip time was 0.189599 milliseconds in repetition 122
tcp_ping received 65536 bytes back
Round trip time was 0.191178 milliseconds in repetition 123
tcp_ping received 65536 bytes back
Round trip time was 0.189678 milliseconds in repetition 124
tcp_ping received 65536 bytes back
Round trip time was 0.191223 milliseconds in repetition 125
tcp_ping received 65536 bytes back
Round trip time was 0.190618 milliseconds in repetition 126
tcp_ping received 65536 bytes back
Round trip time was 0.192964 milliseconds in repetition 127
tcp_ping received 65536 bytes back
Round trip time was 0.19004 milliseconds in repetition 128
tcp_ping received 65536 bytes back
Round trip time was 0.189102 milliseconds in repetition 129
tcp_ping received 65536 bytes back
Round trip time was 0.318859 milliseconds in repetition 130
tcp_ping received 65536 bytes back
Round trip time was 0.267139 milliseconds in repetition 131
tcp_ping received 65536 bytes back
Round trip time was 0.244048 milliseconds in repetition 132
tcp_ping received 65536 bytes back
Round trip time was 0.219445 milliseconds in repetition 133
tcp_ping received 65536 bytes back
Round trip time was 0.237547 milliseconds in repetition 134
tcp_ping received 65536 bytes back
Round trip time was 0.251001 milliseconds in repetition 135
tcp_ping received 65536 bytes back
Round trip time was 0.361105 milliseconds in repetition 136
tcp_ping received 65536 bytes back
Round trip time was 0.306821 milliseconds in repetition 137
tcp_ping received 65536 bytes back
Round trip time was 0.262768 milliseconds in repetition 138
tcp_ping received 65536 bytes back
Round trip time was 0.273165 milliseconds in repetition 139
tcp_ping received 65536 bytes back
Round trip time was 0.334118 milliseconds in repetition 140
tcp_ping received 65536 bytes back
Round trip time was 0.377613 milliseconds in repetition 141
tcp_ping received 65536 bytes back
Round trip time was 0.378281 milliseconds in repetition 142
tcp_ping received 65536 bytes back
Round trip time was 0.302119 milliseconds in repetition 143
tcp_ping received 65536 bytes back
Round trip time was 0.383492 milliseconds in repetition 144
tcp_ping received 65536 bytes back
Round trip time was 0.410197 milliseconds in repetition 145
tcp_ping received 65536 bytes back
Round trip time was 0.249689 milliseconds in repetition 146
tcp_ping received 65536 bytes back
Round trip time was 0.380884 milliseconds in repetition 147
tcp_ping received 65536 bytes back
Round trip time was 0.311816 milliseconds in repetition 148
tcp_ping received 65536 bytes back
Round trip time was 0.241361 milliseconds in repetition 149
tcp_ping received 65536 bytes back
Round trip time was 0.23089 milliseconds in repetition 150
tcp_ping received 65536 bytes back
Round trip time was 0.303924 milliseconds in repetition 151
tcp_ping received 65536 bytes back
Round trip time was 0.279022 milliseconds in repetition 152
tcp_ping received 65536 bytes back
Round trip time was 0.318419 milliseconds in repetition 153
tcp_ping received 65536 bytes back
Round trip time was 0.294847 milliseconds in repetition 154
tcp_ping received 65536 bytes back
Round trip time was 0.282293 milliseconds in repetition 155
tcp_ping received 65536 bytes back
Round trip time was 0.229922 milliseconds in repetition 156
tcp_ping received 65536 bytes back
Round trip time was 0.27088 milliseconds in repetition 157
tcp_ping received 65536 bytes back
Round trip time was 0.294097 milliseconds in repetition 158
tcp_ping received 65536 bytes back
Round trip time was 0.213279 milliseconds in repetition 159
tcp_ping received 65536 bytes back
Round trip time was 0.223671 milliseconds in repetition 160
tcp_ping received 65536 bytes back
Round trip time was 0.23698 milliseconds in repetition 161
tcp_ping received 65536 bytes back
Round trip time was 0.248118 milliseconds in repetition 162
tcp_ping received 65536 bytes back
Round trip time was 0.339152 milliseconds in repetition 163
tcp_ping received 65536 bytes back
Round trip time was 0.339685 milliseconds in repetition 164
tcp_ping received 65536 bytes back
Round trip time was 0.243794 milliseconds in repetition 165
tcp_ping received 65536 bytes back
Round trip time was 0.229097 milliseconds in repetition 166
tcp_ping received 65536 bytes back
Round trip time was 0.289169 milliseconds in repetition 167
tcp_ping received 65536 bytes back
Round trip time was 0.299728 milliseconds in repetition 168
tcp_ping received 65536 bytes back
Round trip time was 0.277902 milliseconds in repetition 169
tcp_ping received 65536 bytes back
Round trip time was 0.303782 milliseconds in repetition 170
tcp_ping received 65536 bytes back
Round trip time was 0.253335 milliseconds in repetition 171
tcp_ping received 65536 bytes back
Round trip time was 0.255084 milliseconds in repetition 172
tcp_ping received 65536 bytes back
Round trip time was 0.249045 milliseconds in repetition 173
tcp_ping received 65536 bytes back
Round trip time was 0.223701 milliseconds in repetition 174
tcp_ping received 65536 bytes back
Round trip time was 0.21535 milliseconds in repetition 175
tcp_ping received 65536 bytes back
Round trip time was 0.211902 milliseconds in repetition 176
tcp_ping received 65536 bytes back
Round trip time was 0.21849 milliseconds in repetition 177
tcp_ping received 65536 bytes back
Round trip time was 0.30636 milliseconds in repetition 178
tcp_ping received 65536 bytes back
Round trip time was 0.324975 milliseconds in repetition 179
tcp_ping received 65536 bytes back
Round trip time was 0.270163 milliseconds in repetition 180
tcp_ping received 65536 bytes back
Round trip time was 0.278488 milliseconds in repetition 181
tcp_ping received 65536 bytes back
Round trip time was 0.235293 milliseconds in repetition 182
tcp_ping received 65536 bytes back
Round trip time was 0.231955 milliseconds in repetition 183
tcp_ping received 65536 bytes back
Round trip time was 0.357067 milliseconds in repetition 184
tcp_ping received 65536 bytes back
Round trip time was 0.320694 milliseconds in repetition 185
tcp_ping received 65536 bytes back
Round trip time was 0.281431 milliseconds in repetition 186
tcp_ping received 65536 bytes back
Round trip time was 0.241021 milliseconds in repetition 187
tcp_ping received 65536 bytes back
Round trip time was 0.21785 milliseconds in repetition 188
tcp_ping received 65536 bytes back
Round trip time was 0.216101 milliseconds in repetition 189
tcp_ping received 65536 bytes back
Round trip time was 0.212113 milliseconds in repetition 190
tcp_ping received 65536 bytes back
Round trip time was 0.213248 milliseconds in repetition 191
tcp_ping received 65536 bytes back
Round trip time was 0.212878 milliseconds in repetition 192
tcp_ping received 65536 bytes back
Round trip time was 0.212462 milliseconds in repetition 193
tcp_ping received 65536 bytes back
Round trip time was 0.209339 milliseconds in repetition 194
tcp_ping received 65536 bytes back
Round trip time was 0.211687 milliseconds in repetition 195
tcp_ping received 65536 bytes back
Round trip time was 0.211488 milliseconds in repetition 196
tcp_ping received 65536 bytes back
Round trip time was 0.208977 milliseconds in repetition 197
tcp_ping received 65536 bytes back
Round trip time was 0.210002 milliseconds in repetition 198
tcp_ping received 65536 bytes back
Round trip time was 0.213058 milliseconds in repetition 199
tcp_ping received 65536 bytes back
Round trip time was 0.211135 milliseconds in repetition 200
tcp_ping received 65536 bytes back
Round trip time was 0.211601 milliseconds in repetition 201
tcp_ping received 65536 bytes back
Round trip time was 0.209703 milliseconds in repetition 202
tcp_ping received 65536 bytes back
Round trip time was 0.211887 milliseconds in repetition 203
tcp_ping received 65536 bytes back
Round trip time was 0.21061 milliseconds in repetition 204
tcp_ping received 65536 bytes back
Round trip time was 0.212274 milliseconds in repetition 205
tcp_ping received 65536 bytes back
Round trip time was 0.21282 milliseconds in repetition 206
tcp_ping received 65536 bytes back
Round trip time was 0.212406 milliseconds in repetition 207
tcp_ping received 65536 bytes back
Round trip time was 0.210038 milliseconds in repetition 208
tcp_ping received 65536 bytes back
Round trip time was 0.214149 milliseconds in repetition 209
tcp_ping received 65536 bytes back
Round trip time was 0.214306 milliseconds in repetition 210
tcp_ping received 65536 bytes back
Round trip time was 0.211708 milliseconds in repetition 211
tcp_ping received 65536 bytes back
Round trip time was 0.209942 milliseconds in repetition 212
tcp_ping received 65536 bytes back
Round trip time was 0.254187 milliseconds in repetition 213
tcp_ping received 65536 bytes back
Round trip time was 0.225795 milliseconds in repetition 214
tcp_ping received 65536 bytes back
Round trip time was 0.222535 milliseconds in repetition 215
tcp_ping received 65536 bytes back
Round trip time was 0.22338 milliseconds in repetition 216
tcp_ping received 65536 bytes back
Round trip time was 0.239403 milliseconds in repetition 217
tcp_ping received 65536 bytes back
Round trip time was 0.212333 milliseconds in repetition 218
tcp_ping received 65536 bytes back
Round trip time was 0.209621 milliseconds in repetition 219
tcp_ping received 65536 bytes back
Round trip time was 0.209001 milliseconds in repetition 220
tcp_ping received 65536 bytes back
Round trip time was 0.212523 milliseconds in repetition 221
tcp_ping received 65536 bytes back
Round trip time was 0.209419 milliseconds in repetition 222
tcp_ping received 65536 bytes back
Round trip time was 0.212681 milliseconds in repetition 223
tcp_ping received 65536 bytes back
Round trip time was 0.212313 milliseconds in repetition 224
tcp_ping received 65536 bytes back
Round trip time was 0.212721 milliseconds in repetition 225
tcp_ping received 65536 bytes back
Round trip time was 0.213484 milliseconds in repetition 226
tcp_ping received 65536 bytes back
Round trip time was 0.237269 milliseconds in repetition 227
tcp_ping received 65536 bytes back
Round trip time was 0.245535 milliseconds in repetition 228
tcp_ping received 65536 bytes back
Round trip time was 0.222895 milliseconds in repetition 229
tcp_ping received 65536 bytes back
Round trip time was 0.298458 milliseconds in repetition 230
tcp_ping received 65536 bytes back
Round trip time was 0.237954 milliseconds in repetition 231
tcp_ping received 65536 bytes back
Round trip time was 0.211792 milliseconds in repetition 232
tcp_ping received 65536 bytes back
Round trip time was 0.210093 milliseconds in repetition 233
tcp_ping received 65536 bytes back
Round trip time was 0.21294 milliseconds in repetition 234
tcp_ping received 65536 bytes back
Round trip time was 0.210198 milliseconds in repetition 235
tcp_ping received 65536 bytes back
Round trip time was 0.210388 milliseconds in repetition 236
tcp_ping received 65536 bytes back
Round trip time was 0.211192 milliseconds in repetition 237
tcp_ping received 65536 bytes back
Round trip time was 0.243639 milliseconds in repetition 238
tcp_ping received 65536 bytes back
Round trip time was 0.212577 milliseconds in repetition 239
tcp_ping received 65536 bytes back
Round trip time was 0.2153 milliseconds in repetition 240
tcp_ping received 65536 bytes back
Round trip time was 0.211128 milliseconds in repetition 241
tcp_ping received 65536 bytes back
Round trip time was 0.208671 milliseconds in repetition 242
tcp_ping received 65536 bytes back
Round trip time was 0.208207 milliseconds in repetition 243
tcp_ping received 65536 bytes back
Round trip time was 0.209327 milliseconds in repetition 244
tcp_ping received 65536 bytes back
Round trip time was 0.213899 milliseconds in repetition 245
tcp_ping received 65536 bytes back
Round trip time was 0.211758 milliseconds in repetition 246
tcp_ping received 65536 bytes back
Round trip time was 0.208956 milliseconds in repetition 247
tcp_ping received 65536 bytes back
Round trip time was 0.21361 milliseconds in repetition 248
tcp_ping received 65536 bytes back
Round trip time was 0.209919 milliseconds in repetition 249
tcp_ping received 65536 bytes back
Round trip time was 0.209983 milliseconds in repetition 250
tcp_ping received 65536 bytes back
Round trip time was 0.208953 milliseconds in repetition 251
tcp_ping received 65536 bytes back
Round trip time was 0.208502 milliseconds in repetition 252
tcp_ping received 65536 bytes back
Round trip time was 0.214799 milliseconds in repetition 253
tcp_ping received 65536 bytes back
Round trip time was 0.213565 milliseconds in repetition 254
tcp_ping received 65536 bytes back
Round trip time was 0.210077 milliseconds in repetition 255
tcp_ping received 65536 bytes back
Round trip time was 0.208012 milliseconds in repetition 256
tcp_ping received 65536 bytes back
Round trip time was 0.215536 milliseconds in repetition 257
tcp_ping received 65536 bytes back
Round trip time was 0.209984 milliseconds in repetition 258
tcp_ping received 65536 bytes back
Round trip time was 0.211856 milliseconds in repetition 259
tcp_ping received 65536 bytes back
Round trip time was 0.29647 milliseconds in repetition 260
tcp_ping received 65536 bytes back
Round trip time was 0.277201 milliseconds in repetition 261
tcp_ping received 65536 bytes back
Round trip time was 0.211639 milliseconds in repetition 262
tcp_ping received 65536 bytes back
Round trip time was 0.265354 milliseconds in repetition 263
tcp_ping received 65536 bytes back
Round trip time was 0.248841 milliseconds in repetition 264
tcp_ping received 65536 bytes back
Round trip time was 0.239865 milliseconds in repetition 265
tcp_ping received 65536 bytes back
Round trip time was 0.247992 milliseconds in repetition 266
tcp_ping received 65536 bytes back
Round trip time was 0.269619 milliseconds in repetition 267
tcp_ping received 65536 bytes back
Round trip time was 0.200396 milliseconds in repetition 268
tcp_ping received 65536 bytes back
Round trip time was 0.201512 milliseconds in repetition 269
tcp_ping received 65536 bytes back
Round trip time was 0.253836 milliseconds in repetition 270
tcp_ping received 65536 bytes back
Round trip time was 0.213703 milliseconds in repetition 271
tcp_ping received 65536 bytes back
Round trip time was 0.210866 milliseconds in repetition 272
tcp_ping received 65536 bytes back
Round trip time was 0.210064 milliseconds in repetition 273
tcp_ping received 65536 bytes back
Round trip time was 0.20979 milliseconds in repetition 274
tcp_ping received 65536 bytes back
Round trip time was 0.20894 milliseconds in repetition 275
tcp_ping received 65536 bytes back
Round trip time was 0.209348 milliseconds in repetition 276
tcp_ping received 65536 bytes back
Round trip time was 0.209764 milliseconds in repetition 277
tcp_ping received 65536 bytes back
Round trip time was 0.210924 milliseconds in repetition 278
tcp_ping received 65536 bytes back
Round trip time was 0.209672 milliseconds in repetition 279
tcp_ping received 65536 bytes back
Round trip time was 0.210597 milliseconds in repetition 280
tcp_ping received 65536 bytes back
Round trip time was 0.209097 milliseconds in repetition 281
tcp_ping received 65536 bytes back
Round trip time was 0.209737 milliseconds in repetition 282
tcp_ping received 65536 bytes back
Round trip time was 0.210975 milliseconds in repetition 283
tcp_ping received 65536 bytes back
Round trip time was 0.210388 milliseconds in repetition 284
tcp_ping received 65536 bytes back
Round trip time was 0.209487 milliseconds in repetition 285
tcp_ping received 65536 bytes back
Round trip time was 0.209941 milliseconds in repetition 286
tcp_ping received 65536 bytes back
Round trip time was 0.20945 milliseconds in repetition 287
tcp_ping received 65536 bytes back
Round trip time was 0.208966 milliseconds in repetition 288
tcp_ping received 65536 bytes back
Round trip time was 0.20167 milliseconds in repetition 289
tcp_ping received 65536 bytes back
Round trip time was 0.189911 milliseconds in repetition 290
tcp_ping received 65536 bytes back
Round trip time was 0.188305 milliseconds in repetition 291
tcp_ping received 65536 bytes back
Round trip time was 0.189896 milliseconds in repetition 292
tcp_ping received 65536 bytes back
Round trip time was 0.215993 milliseconds in repetition 293
tcp_ping received 65536 bytes back
Round trip time was 0.206645 milliseconds in repetition 294
tcp_ping received 65536 bytes back
Round trip time was 0.190926 milliseconds in repetition 295
tcp_ping received 65536 bytes back
Round trip time was 0.190097 milliseconds in repetition 296
tcp_ping received 65536 bytes back
Round trip time was 0.189876 milliseconds in repetition 297
tcp_ping received 65536 bytes back
Round trip time was 0.201825 milliseconds in repetition 298
tcp_ping received 65536 bytes back
Round trip time was 0.18894 milliseconds in repetition 299
tcp_ping received 65536 bytes back
Round trip time was 0.306937 milliseconds in repetition 300
tcp_ping received 65536 bytes back
Round trip time was 0.311158 milliseconds in repetition 301
tcp_ping received 65536 bytes back
Round trip time was 0.275506 milliseconds in repetition 302
tcp_ping received 65536 bytes back
Round trip time was 0.303285 milliseconds in repetition 303
tcp_ping received 65536 bytes back
Round trip time was 0.266268 milliseconds in repetition 304
tcp_ping received 65536 bytes back
Round trip time was 0.189486 milliseconds in repetition 305
tcp_ping received 65536 bytes back
Round trip time was 0.189271 milliseconds in repetition 306
tcp_ping received 65536 bytes back
Round trip time was 0.188396 milliseconds in repetition 307
tcp_ping received 65536 bytes back
Round trip time was 0.188976 milliseconds in repetition 308
tcp_ping received 65536 bytes back
Round trip time was 0.190306 milliseconds in repetition 309
tcp_ping received 65536 bytes back
Round trip time was 0.248439 milliseconds in repetition 310
tcp_ping received 65536 bytes back
Round trip time was 0.236432 milliseconds in repetition 311
tcp_ping received 65536 bytes back
Round trip time was 0.213817 milliseconds in repetition 312
tcp_ping received 65536 bytes back
Round trip time was 0.226075 milliseconds in repetition 313
tcp_ping received 65536 bytes back
Round trip time was 0.216747 milliseconds in repetition 314
tcp_ping received 65536 bytes back
Round trip time was 0.298551 milliseconds in repetition 315
tcp_ping received 65536 bytes back
Round trip time was 0.262231 milliseconds in repetition 316
tcp_ping received 65536 bytes back
Round trip time was 0.215901 milliseconds in repetition 317
tcp_ping received 65536 bytes back
Round trip time was 0.221575 milliseconds in repetition 318
tcp_ping received 65536 bytes back
Round trip time was 0.213839 milliseconds in repetition 319
tcp_ping received 65536 bytes back
Round trip time was 0.210399 milliseconds in repetition 320
tcp_ping received 65536 bytes back
Round trip time was 0.209009 milliseconds in repetition 321
tcp_ping received 65536 bytes back
Round trip time was 0.219048 milliseconds in repetition 322
tcp_ping received 65536 bytes back
Round trip time was 0.210153 milliseconds in repetition 323
tcp_ping received 65536 bytes back
Round trip time was 0.240089 milliseconds in repetition 324
tcp_ping received 65536 bytes back
Round trip time was 0.266766 milliseconds in repetition 325
tcp_ping received 65536 bytes back
Round trip time was 0.261992 milliseconds in repetition 326
tcp_ping received 65536 bytes back
Round trip time was 0.321123 milliseconds in repetition 327
tcp_ping received 65536 bytes back
Round trip time was 0.284447 milliseconds in repetition 328
tcp_ping received 65536 bytes back
Round trip time was 0.250175 milliseconds in repetition 329
tcp_ping received 65536 bytes back
Round trip time was 0.220442 milliseconds in repetition 330
tcp_ping received 65536 bytes back
Round trip time was 0.20996 milliseconds in repetition 331
tcp_ping received 65536 bytes back
Round trip time was 0.241904 milliseconds in repetition 332
tcp_ping received 65536 bytes back
Round trip time was 0.229022 milliseconds in repetition 333
tcp_ping received 65536 bytes back
Round trip time was 0.258734 milliseconds in repetition 334
tcp_ping received 65536 bytes back
Round trip time was 0.247274 milliseconds in repetition 335
tcp_ping received 65536 bytes back
Round trip time was 0.253678 milliseconds in repetition 336
tcp_ping received 65536 bytes back
Round trip time was 0.212173 milliseconds in repetition 337
tcp_ping received 65536 bytes back
Round trip time was 0.213859 milliseconds in repetition 338
tcp_ping received 65536 bytes back
Round trip time was 0.208944 milliseconds in repetition 339
tcp_ping received 65536 bytes back
Round trip time was 0.209478 milliseconds in repetition 340
tcp_ping received 65536 bytes back
Round trip time was 0.207875 milliseconds in repetition 341
tcp_ping received 65536 bytes back
Round trip time was 0.212306 milliseconds in repetition 342
tcp_ping received 65536 bytes back
Round trip time was 0.211625 milliseconds in repetition 343
tcp_ping received 65536 bytes back
Round trip time was 0.21247 milliseconds in repetition 344
tcp_ping received 65536 bytes back
Round trip time was 0.20919 milliseconds in repetition 345
tcp_ping received 65536 bytes back
Round trip time was 0.231362 milliseconds in repetition 346
tcp_ping received 65536 bytes back
Round trip time was 0.215485 milliseconds in repetition 347
tcp_ping received 65536 bytes back
Round trip time was 0.209795 milliseconds in repetition 348
tcp_ping received 65536 bytes back
Round trip time was 0.212493 milliseconds in repetition 349
tcp_ping received 65536 bytes back
Round trip time was 0.216578 milliseconds in repetition 350
tcp_ping received 65536 bytes back
Round trip time was 0.219472 milliseconds in repetition 351
tcp_ping received 65536 bytes back
Round trip time was 0.223616 milliseconds in repetition 352
tcp_ping received 65536 bytes back
Round trip time was 0.218161 milliseconds in repetition 353
tcp_ping received 65536 bytes back
Round trip time was 0.210175 milliseconds in repetition 354
tcp_ping received 65536 bytes back
Round trip time was 0.214436 milliseconds in repetition 355
tcp_ping received 65536 bytes back
Round trip time was 0.216391 milliseconds in repetition 356
tcp_ping received 65536 bytes back
Round trip time was 0.320123 milliseconds in repetition 357
tcp_ping received 65536 bytes back
Round trip time was 0.27326 milliseconds in repetition 358
tcp_ping received 65536 bytes back
Round trip time was 0.300813 milliseconds in repetition 359
tcp_ping received 65536 bytes back
Round trip time was 0.296449 milliseconds in repetition 360
tcp_ping received 65536 bytes back
Round trip time was 0.263741 milliseconds in repetition 361
tcp_ping received 65536 bytes back
Round trip time was 0.251583 milliseconds in repetition 362
tcp_ping received 65536 bytes back
Round trip time was 0.256317 milliseconds in repetition 363
tcp_ping received 65536 bytes back
Round trip time was 0.254004 milliseconds in repetition 364
tcp_ping received 65536 bytes back
Round trip time was 0.292494 milliseconds in repetition 365
tcp_ping received 65536 bytes back
Round trip time was 0.28291 milliseconds in repetition 366
tcp_ping received 65536 bytes back
Round trip time was 0.318714 milliseconds in repetition 367
tcp_ping received 65536 bytes back
Round trip time was 0.248941 milliseconds in repetition 368
tcp_ping received 65536 bytes back
Round trip time was 0.288318 milliseconds in repetition 369
tcp_ping received 65536 bytes back
Round trip time was 0.22603 milliseconds in repetition 370
tcp_ping received 65536 bytes back
Round trip time was 0.212587 milliseconds in repetition 371
tcp_ping received 65536 bytes back
Round trip time was 0.210561 milliseconds in repetition 372
tcp_ping received 65536 bytes back
Round trip time was 0.210923 milliseconds in repetition 373
tcp_ping received 65536 bytes back
Round trip time was 0.210629 milliseconds in repetition 374
tcp_ping received 65536 bytes back
Round trip time was 0.211421 milliseconds in repetition 375
tcp_ping received 65536 bytes back
Round trip time was 0.210119 milliseconds in repetition 376
tcp_ping received 65536 bytes back
Round trip time was 0.211059 milliseconds in repetition 377
tcp_ping received 65536 bytes back
Round trip time was 0.209811 milliseconds in repetition 378
tcp_ping received 65536 bytes back
Round trip time was 0.215117 milliseconds in repetition 379
tcp_ping received 65536 bytes back
Round trip time was 0.21043 milliseconds in repetition 380
tcp_ping received 65536 bytes back
Round trip time was 0.239589 milliseconds in repetition 381
tcp_ping received 65536 bytes back
Round trip time was 0.209822 milliseconds in repetition 382
tcp_ping received 65536 bytes back
Round trip time was 0.21239 milliseconds in repetition 383
tcp_ping received 65536 bytes back
Round trip time was 0.21041 milliseconds in repetition 384
tcp_ping received 65536 bytes back
Round trip time was 0.215957 milliseconds in repetition 385
tcp_ping received 65536 bytes back
Round trip time was 0.2095 milliseconds in repetition 386
tcp_ping received 65536 bytes back
Round trip time was 0.209179 milliseconds in repetition 387
tcp_ping received 65536 bytes back
Round trip time was 0.210785 milliseconds in repetition 388
tcp_ping received 65536 bytes back
Round trip time was 0.260872 milliseconds in repetition 389
tcp_ping received 65536 bytes back
Round trip time was 0.216993 milliseconds in repetition 390
tcp_ping received 65536 bytes back
Round trip time was 0.21173 milliseconds in repetition 391
tcp_ping received 65536 bytes back
Round trip time was 0.211605 milliseconds in repetition 392
tcp_ping received 65536 bytes back
Round trip time was 0.243478 milliseconds in repetition 393
tcp_ping received 65536 bytes back
Round trip time was 0.20951 milliseconds in repetition 394
tcp_ping received 65536 bytes back
Round trip time was 0.213694 milliseconds in repetition 395
tcp_ping received 65536 bytes back
Round trip time was 0.209716 milliseconds in repetition 396
tcp_ping received 65536 bytes back
Round trip time was 0.213534 milliseconds in repetition 397
tcp_ping received 65536 bytes back
Round trip time was 0.286461 milliseconds in repetition 398
tcp_ping received 65536 bytes back
Round trip time was 0.299541 milliseconds in repetition 399
tcp_ping received 65536 bytes back
Round trip time was 0.350658 milliseconds in repetition 400
tcp_ping received 65536 bytes back
Round trip time was 0.392204 milliseconds in repetition 401
tcp_ping received 65536 bytes back
Round trip time was 0.322178 milliseconds in repetition 402
tcp_ping received 65536 bytes back
Round trip time was 0.253794 milliseconds in repetition 403
tcp_ping received 65536 bytes back
Round trip time was 0.227927 milliseconds in repetition 404
tcp_ping received 65536 bytes back
Round trip time was 0.280347 milliseconds in repetition 405
tcp_ping received 65536 bytes back
Round trip time was 0.225569 milliseconds in repetition 406
tcp_ping received 65536 bytes back
Round trip time was 0.30479 milliseconds in repetition 407
tcp_ping received 65536 bytes back
Round trip time was 0.247622 milliseconds in repetition 408
tcp_ping received 65536 bytes back
Round trip time was 0.25215 milliseconds in repetition 409
tcp_ping received 65536 bytes back
Round trip time was 0.230782 milliseconds in repetition 410
tcp_ping received 65536 bytes back
Round trip time was 0.286287 milliseconds in repetition 411
tcp_ping received 65536 bytes back
Round trip time was 0.223955 milliseconds in repetition 412
tcp_ping received 65536 bytes back
Round trip time was 0.232942 milliseconds in repetition 413
tcp_ping received 65536 bytes back
Round trip time was 0.266677 milliseconds in repetition 414
tcp_ping received 65536 bytes back
Round trip time was 0.434011 milliseconds in repetition 415
tcp_ping received 65536 bytes back
Round trip time was 0.351607 milliseconds in repetition 416
tcp_ping received 65536 bytes back
Round trip time was 0.209703 milliseconds in repetition 417
tcp_ping received 65536 bytes back
Round trip time was 0.234338 milliseconds in repetition 418
tcp_ping received 65536 bytes back
Round trip time was 0.211991 milliseconds in repetition 419
tcp_ping received 65536 bytes back
Round trip time was 0.213373 milliseconds in repetition 420
tcp_ping received 65536 bytes back
Round trip time was 0.210153 milliseconds in repetition 421
tcp_ping received 65536 bytes back
Round trip time was 0.212625 milliseconds in repetition 422
tcp_ping received 65536 bytes back
Round trip time was 0.213675 milliseconds in repetition 423
tcp_ping received 65536 bytes back
Round trip time was 0.212479 milliseconds in repetition 424
tcp_ping received 65536 bytes back
Round trip time was 0.230669 milliseconds in repetition 425
tcp_ping received 65536 bytes back
Round trip time was 0.241743 milliseconds in repetition 426
tcp_ping received 65536 bytes back
Round trip time was 0.238154 milliseconds in repetition 427
tcp_ping received 65536 bytes back
Round trip time was 0.226241 milliseconds in repetition 428
tcp_ping received 65536 bytes back
Round trip time was 0.215123 milliseconds in repetition 429
tcp_ping received 65536 bytes back
Round trip time was 0.213673 milliseconds in repetition 430
tcp_ping received 65536 bytes back
Round trip time was 0.223441 milliseconds in repetition 431
tcp_ping received 65536 bytes back
Round trip time was 0.228957 milliseconds in repetition 432
tcp_ping received 65536 bytes back
Round trip time was 0.213404 milliseconds in repetition 433
tcp_ping received 65536 bytes back
Round trip time was 0.211615 milliseconds in repetition 434
tcp_ping received 65536 bytes back
Round trip time was 0.211034 milliseconds in repetition 435
tcp_ping received 65536 bytes back
Round trip time was 0.211629 milliseconds in repetition 436
tcp_ping received 65536 bytes back
Round trip time was 0.226197 milliseconds in repetition 437
tcp_ping received 65536 bytes back
Round trip time was 0.213264 milliseconds in repetition 438
tcp_ping received 65536 bytes back
Round trip time was 0.225808 milliseconds in repetition 439
tcp_ping received 65536 bytes back
Round trip time was 0.221195 milliseconds in repetition 440
tcp_ping received 65536 bytes back
Round trip time was 0.224134 milliseconds in repetition 441
tcp_ping received 65536 bytes back
Round trip time was 0.230876 milliseconds in repetition 442
tcp_ping received 65536 bytes back
Round trip time was 0.222874 milliseconds in repetition 443
tcp_ping received 65536 bytes back
Round trip time was 0.219164 milliseconds in repetition 444
tcp_ping received 65536 bytes back
Round trip time was 0.212352 milliseconds in repetition 445
tcp_ping received 65536 bytes back
Round trip time was 0.257026 milliseconds in repetition 446
tcp_ping received 65536 bytes back
Round trip time was 0.214002 milliseconds in repetition 447
tcp_ping received 65536 bytes back
Round trip time was 0.230456 milliseconds in repetition 448
tcp_ping received 65536 bytes back
Round trip time was 0.210433 milliseconds in repetition 449
tcp_ping received 65536 bytes back
Round trip time was 0.210036 milliseconds in repetition 450
tcp_ping received 65536 bytes back
Round trip time was 0.210778 milliseconds in repetition 451
tcp_ping received 65536 bytes back
Round trip time was 0.210553 milliseconds in repetition 452
tcp_ping received 65536 bytes back
Round trip time was 0.209992 milliseconds in repetition 453
tcp_ping received 65536 bytes back
Round trip time was 0.21172 milliseconds in repetition 454
tcp_ping received 65536 bytes back
Round trip time was 0.210973 milliseconds in repetition 455
tcp_ping received 65536 bytes back
Round trip time was 0.21008 milliseconds in repetition 456
tcp_ping received 65536 bytes back
Round trip time was 0.209529 milliseconds in repetition 457
tcp_ping received 65536 bytes back
Round trip time was 0.211618 milliseconds in repetition 458
tcp_ping received 65536 bytes back
Round trip time was 0.210118 milliseconds in repetition 459
tcp_ping received 65536 bytes back
Round trip time was 0.210364 milliseconds in repetition 460
tcp_ping received 65536 bytes back
Round trip time was 0.211146 milliseconds in repetition 461
tcp_ping received 65536 bytes back
Round trip time was 0.209471 milliseconds in repetition 462
tcp_ping received 65536 bytes back
Round trip time was 0.210623 milliseconds in repetition 463
tcp_ping received 65536 bytes back
Round trip time was 0.211469 milliseconds in repetition 464
tcp_ping received 65536 bytes back
Round trip time was 0.209386 milliseconds in repetition 465
tcp_ping received 65536 bytes back
Round trip time was 0.210974 milliseconds in repetition 466
tcp_ping received 65536 bytes back
Round trip time was 0.211569 milliseconds in repetition 467
tcp_ping received 65536 bytes back
Round trip time was 0.21212 milliseconds in repetition 468
tcp_ping received 65536 bytes back
Round trip time was 0.210305 milliseconds in repetition 469
tcp_ping received 65536 bytes back
Round trip time was 0.213188 milliseconds in repetition 470
tcp_ping received 65536 bytes back
Round trip time was 0.210219 milliseconds in repetition 471
tcp_ping received 65536 bytes back
Round trip time was 0.209595 milliseconds in repetition 472
tcp_ping received 65536 bytes back
Round trip time was 0.209588 milliseconds in repetition 473
tcp_ping received 65536 bytes back
Round trip time was 0.210095 milliseconds in repetition 474
tcp_ping received 65536 bytes back
Round trip time was 0.209947 milliseconds in repetition 475
tcp_ping received 65536 bytes back
Round trip time was 0.220164 milliseconds in repetition 476
tcp_ping received 65536 bytes back
Round trip time was 0.211237 milliseconds in repetition 477
tcp_ping received 65536 bytes back
Round trip time was 0.212067 milliseconds in repetition 478
tcp_ping received 65536 bytes back
Round trip time was 0.223606 milliseconds in repetition 479
tcp_ping received 65536 bytes back
Round trip time was 0.20975 milliseconds in repetition 480
tcp_ping received 65536 bytes back
Round trip time was 0.209025 milliseconds in repetition 481
tcp_ping received 65536 bytes back
Round trip time was 0.227646 milliseconds in repetition 482
tcp_ping received 65536 bytes back
Round trip time was 0.214587 milliseconds in repetition 483
tcp_ping received 65536 bytes back
Round trip time was 0.211371 milliseconds in repetition 484
tcp_ping received 65536 bytes back
Round trip time was 0.231894 milliseconds in repetition 485
tcp_ping received 65536 bytes back
Round trip time was 0.212308 milliseconds in repetition 486
tcp_ping received 65536 bytes back
Round trip time was 0.20887 milliseconds in repetition 487
tcp_ping received 65536 bytes back
Round trip time was 0.209665 milliseconds in repetition 488
tcp_ping received 65536 bytes back
Round trip time was 0.211975 milliseconds in repetition 489
tcp_ping received 65536 bytes back
Round trip time was 0.210612 milliseconds in repetition 490
tcp_ping received 65536 bytes back
Round trip time was 0.210379 milliseconds in repetition 491
tcp_ping received 65536 bytes back
Round trip time was 0.20281 milliseconds in repetition 492
tcp_ping received 65536 bytes back
Round trip time was 0.191069 milliseconds in repetition 493
tcp_ping received 65536 bytes back
Round trip time was 0.199581 milliseconds in repetition 494
tcp_ping received 65536 bytes back
Round trip time was 0.196031 milliseconds in repetition 495
tcp_ping received 65536 bytes back
Round trip time was 0.191733 milliseconds in repetition 496
tcp_ping received 65536 bytes back
Round trip time was 0.189599 milliseconds in repetition 497
tcp_ping received 65536 bytes back
Round trip time was 0.233191 milliseconds in repetition 498
tcp_ping received 65536 bytes back
Round trip time was 0.344267 milliseconds in repetition 499
tcp_ping received 65536 bytes back
Round trip time was 0.200649 milliseconds in repetition 500
tcp_ping received 65536 bytes back
Round trip time was 0.189974 milliseconds in repetition 501

 ... clock resolution was 1e-06
TCP Ping:  Statistics over 501 repetitions of 65536 byte messages

RTT : percentile 10: 0.206645, median: 0.213899, percentile 90: 0.29895, average: 0.234711, variance: 0.00189625

RTT histogram:
0.188305 39
0.20059 12
0.212875 237
0.225161 47
0.237446 34
0.249731 29
0.262017 20
0.274302 15
0.286587 11
0.298873 15
0.311158 6
0.323443 11
0.335729 4
0.348014 6
0.360299 4
0.372585 3
0.38487 3
0.397155 1
0.409441 2
0.421726 1
0.434011 1

   median Throughput : 612775 KB/s   overall Throughput : 558439 KB/s

