TCP Ping trying to connect to server localhost (127.0.0.1) on port 1491

... connected to Pong server: asking for 501 repetitions of 24576 bytes TCP messages
 ... Pong server agreed :-)
tcp_ping received 24576 bytes back
Round trip time was 0.20226 milliseconds in repetition 1
tcp_ping received 24576 bytes back
Round trip time was 0.211435 milliseconds in repetition 2
tcp_ping received 24576 bytes back
Round trip time was 0.176259 milliseconds in repetition 3
tcp_ping received 24576 bytes back
Round trip time was 0.186006 milliseconds in repetition 4
tcp_ping received 24576 bytes back
Round trip time was 0.117819 milliseconds in repetition 5
tcp_ping received 24576 bytes back
Round trip time was 0.12862 milliseconds in repetition 6
tcp_ping received 24576 bytes back
Round trip time was 0.176806 milliseconds in repetition 7
tcp_ping received 24576 bytes back
Round trip time was 0.192784 milliseconds in repetition 8
tcp_ping received 24576 bytes back
Round trip time was 0.116234 milliseconds in repetition 9
tcp_ping received 24576 bytes back
Round trip time was 0.1837 milliseconds in repetition 10
tcp_ping received 24576 bytes back
Round trip time was 0.117669 milliseconds in repetition 11
tcp_ping received 24576 bytes back
Round trip time was 0.187971 milliseconds in repetition 12
tcp_ping received 24576 bytes back
Round trip time was 0.116818 milliseconds in repetition 13
tcp_ping received 24576 bytes back
Round trip time was 0.173747 milliseconds in repetition 14
tcp_ping received 24576 bytes back
Round trip time was 0.116923 milliseconds in repetition 15
tcp_ping received 24576 bytes back
Round trip time was 0.173691 milliseconds in repetition 16
tcp_ping received 24576 bytes back
Round trip time was 0.116808 milliseconds in repetition 17
tcp_ping received 24576 bytes back
Round trip time was 0.188138 milliseconds in repetition 18
tcp_ping received 24576 bytes back
Round trip time was 0.116963 milliseconds in repetition 19
tcp_ping received 24576 bytes back
Round trip time was 0.178065 milliseconds in repetition 20
tcp_ping received 24576 bytes back
Round trip time was 0.105221 milliseconds in repetition 21
tcp_ping received 24576 bytes back
Round trip time was 0.101941 milliseconds in repetition 22
tcp_ping received 24576 bytes back
Round trip time was 0.102065 milliseconds in repetition 23
tcp_ping received 24576 bytes back
Round trip time was 0.101321 milliseconds in repetition 24
tcp_ping received 24576 bytes back
Round trip time was 0.101115 milliseconds in repetition 25
tcp_ping received 24576 bytes back
Round trip time was 0.101311 milliseconds in repetition 26
tcp_ping received 24576 bytes back
Round trip time was 0.100807 milliseconds in repetition 27
tcp_ping received 24576 bytes back
Round trip time was 0.10101 milliseconds in repetition 28
tcp_ping received 24576 bytes back
Round trip time was 0.101066 milliseconds in repetition 29
tcp_ping received 24576 bytes back
Round trip time was 0.104309 milliseconds in repetition 30
tcp_ping received 24576 bytes back
Round trip time was 0.10103 milliseconds in repetition 31
tcp_ping received 24576 bytes back
Round trip time was 0.103019 milliseconds in repetition 32
tcp_ping received 24576 bytes back
Round trip time was 0.102297 milliseconds in repetition 33
tcp_ping received 24576 bytes back
Round trip time was 0.106205 milliseconds in repetition 34
tcp_ping received 24576 bytes back
Round trip time was 0.101538 milliseconds in repetition 35
tcp_ping received 24576 bytes back
Round trip time was 0.10831 milliseconds in repetition 36
tcp_ping received 24576 bytes back
Round trip time was 0.16586 milliseconds in repetition 37
tcp_ping received 24576 bytes back
Round trip time was 0.110149 milliseconds in repetition 38
tcp_ping received 24576 bytes back
Round trip time was 0.109235 milliseconds in repetition 39
tcp_ping received 24576 bytes back
Round trip time was 0.1101 milliseconds in repetition 40
tcp_ping received 24576 bytes back
Round trip time was 0.103861 milliseconds in repetition 41
tcp_ping received 24576 bytes back
Round trip time was 0.113788 milliseconds in repetition 42
tcp_ping received 24576 bytes back
Round trip time was 0.126929 milliseconds in repetition 43
tcp_ping received 24576 bytes back
Round trip time was 0.187015 milliseconds in repetition 44
tcp_ping received 24576 bytes back
Round trip time was 0.121611 milliseconds in repetition 45
tcp_ping received 24576 bytes back
Round trip time was 0.103007 milliseconds in repetition 46
tcp_ping received 24576 bytes back
Round trip time was 0.107422 milliseconds in repetition 47
tcp_ping received 24576 bytes back
Round trip time was 0.112304 milliseconds in repetition 48
tcp_ping received 24576 bytes back
Round trip time was 0.111883 milliseconds in repetition 49
tcp_ping received 24576 bytes back
Round trip time was 0.117509 milliseconds in repetition 50
tcp_ping received 24576 bytes back
Round trip time was 0.118402 milliseconds in repetition 51
tcp_ping received 24576 bytes back
Round trip time was 0.195795 milliseconds in repetition 52
tcp_ping received 24576 bytes back
Round trip time was 0.236045 milliseconds in repetition 53
tcp_ping received 24576 bytes back
Round trip time was 0.215498 milliseconds in repetition 54
tcp_ping received 24576 bytes back
Round trip time was 0.176462 milliseconds in repetition 55
tcp_ping received 24576 bytes back
Round trip time was 0.188405 milliseconds in repetition 56
tcp_ping received 24576 bytes back
Round trip time was 0.162708 milliseconds in repetition 57
tcp_ping received 24576 bytes back
Round trip time was 0.147908 milliseconds in repetition 58
tcp_ping received 24576 bytes back
Round trip time was 0.127745 milliseconds in repetition 59
tcp_ping received 24576 bytes back
Round trip time was 0.17252 milliseconds in repetition 60
tcp_ping received 24576 bytes back
Round trip time was 0.11513 milliseconds in repetition 61
tcp_ping received 24576 bytes back
Round trip time was 0.174058 milliseconds in repetition 62
tcp_ping received 24576 bytes back
Round trip time was 0.115913 milliseconds in repetition 63
tcp_ping received 24576 bytes back
Round trip time was 0.185794 milliseconds in repetition 64
tcp_ping received 24576 bytes back
Round trip time was 0.114591 milliseconds in repetition 65
tcp_ping received 24576 bytes back
Round trip time was 0.116647 milliseconds in repetition 66
tcp_ping received 24576 bytes back
Round trip time was 0.212668 milliseconds in repetition 67
tcp_ping received 24576 bytes back
Round trip time was 0.11487 milliseconds in repetition 68
tcp_ping received 24576 bytes back
Round trip time was 0.156581 milliseconds in repetition 69
tcp_ping received 24576 bytes back
Round trip time was 0.118657 milliseconds in repetition 70
tcp_ping received 24576 bytes back
Round trip time was 0.122131 milliseconds in repetition 71
tcp_ping received 24576 bytes back
Round trip time was 0.164403 milliseconds in repetition 72
tcp_ping received 24576 bytes back
Round trip time was 0.184001 milliseconds in repetition 73
tcp_ping received 24576 bytes back
Round trip time was 0.192277 milliseconds in repetition 74
tcp_ping received 24576 bytes back
Round trip time was 0.17108 milliseconds in repetition 75
tcp_ping received 24576 bytes back
Round trip time was 0.182311 milliseconds in repetition 76
tcp_ping received 24576 bytes back
Round trip time was 0.115905 milliseconds in repetition 77
tcp_ping received 24576 bytes back
Round trip time was 0.179998 milliseconds in repetition 78
tcp_ping received 24576 bytes back
Round trip time was 0.115057 milliseconds in repetition 79
tcp_ping received 24576 bytes back
Round trip time was 0.183169 milliseconds in repetition 80
tcp_ping received 24576 bytes back
Round trip time was 0.114854 milliseconds in repetition 81
tcp_ping received 24576 bytes back
Round trip time was 0.184063 milliseconds in repetition 82
tcp_ping received 24576 bytes back
Round trip time was 0.103927 milliseconds in repetition 83
tcp_ping received 24576 bytes back
Round trip time was 0.101684 milliseconds in repetition 84
tcp_ping received 24576 bytes back
Round trip time was 0.100534 milliseconds in repetition 85
tcp_ping received 24576 bytes back
Round trip time was 0.100337 milliseconds in repetition 86
tcp_ping received 24576 bytes back
Round trip time was 0.101483 milliseconds in repetition 87
tcp_ping received 24576 bytes back
Round trip time was 0.100018 milliseconds in repetition 88
tcp_ping received 24576 bytes back
Round trip time was 0.100636 milliseconds in repetition 89
tcp_ping received 24576 bytes back
Round trip time was 0.099805 milliseconds in repetition 90
tcp_ping received 24576 bytes back
Round trip time was 0.099726 milliseconds in repetition 91
tcp_ping received 24576 bytes back
Round trip time was 0.099743 milliseconds in repetition 92
tcp_ping received 24576 bytes back
Round trip time was 0.099686 milliseconds in repetition 93
tcp_ping received 24576 bytes back
Round trip time was 0.099488 milliseconds in repetition 94
tcp_ping received 24576 bytes back
Round trip time was 0.156105 milliseconds in repetition 95
tcp_ping received 24576 bytes back
Round trip time was 0.101518 milliseconds in repetition 96
tcp_ping received 24576 bytes back
Round trip time was 0.099793 milliseconds in repetition 97
tcp_ping received 24576 bytes back
Round trip time was 0.099501 milliseconds in repetition 98
tcp_ping received 24576 bytes back
Round trip time was 0.099959 milliseconds in repetition 99
tcp_ping received 24576 bytes back
Round trip time was 0.099463 milliseconds in repetition 100
tcp_ping received 24576 bytes back
Round trip time was 0.099378 milliseconds in repetition 101
tcp_ping received 24576 bytes back
Round trip time was 0.099135 milliseconds in repetition 102
tcp_ping received 24576 bytes back
Round trip time was 0.099531 milliseconds in repetition 103
tcp_ping received 24576 bytes back
Round trip time was 0.099316 milliseconds in repetition 104
tcp_ping received 24576 bytes back
Round trip time was 0.099182 milliseconds in repetition 105
tcp_ping received 24576 bytes back
Round trip time was 0.099072 milliseconds in repetition 106
tcp_ping received 24576 bytes back
Round trip time was 0.137496 milliseconds in repetition 107
tcp_ping received 24576 bytes back
Round trip time was 0.100923 milliseconds in repetition 108
tcp_ping received 24576 bytes back
Round trip time was 0.099774 milliseconds in repetition 109
tcp_ping received 24576 bytes back
Round trip time was 0.099951 milliseconds in repetition 110
tcp_ping received 24576 bytes back
Round trip time was 0.099592 milliseconds in repetition 111
tcp_ping received 24576 bytes back
Round trip time was 0.099506 milliseconds in repetition 112
tcp_ping received 24576 bytes back
Round trip time was 0.099203 milliseconds in repetition 113
tcp_ping received 24576 bytes back
Round trip time was 0.099412 milliseconds in repetition 114
tcp_ping received 24576 bytes back
Round trip time was 0.099498 milliseconds in repetition 115
tcp_ping received 24576 bytes back
Round trip time was 0.099872 milliseconds in repetition 116
tcp_ping received 24576 bytes back
Round trip time was 0.104442 milliseconds in repetition 117
tcp_ping received 24576 bytes back
Round trip time was 0.150292 milliseconds in repetition 118
tcp_ping received 24576 bytes back
Round trip time was 0.125188 milliseconds in repetition 119
tcp_ping received 24576 bytes back
Round trip time was 0.126712 milliseconds in repetition 120
tcp_ping received 24576 bytes back
Round trip time was 0.171225 milliseconds in repetition 121
tcp_ping received 24576 bytes back
Round trip time was 0.116829 milliseconds in repetition 122
tcp_ping received 24576 bytes back
Round trip time was 0.102962 milliseconds in repetition 123
tcp_ping received 24576 bytes back
Round trip time was 0.113679 milliseconds in repetition 124
tcp_ping received 24576 bytes back
Round trip time was 0.124917 milliseconds in repetition 125
tcp_ping received 24576 bytes back
Round trip time was 0.109616 milliseconds in repetition 126
tcp_ping received 24576 bytes back
Round trip time was 0.114878 milliseconds in repetition 127
tcp_ping received 24576 bytes back
Round trip time was 0.122589 milliseconds in repetition 128
tcp_ping received 24576 bytes back
Round trip time was 0.147531 milliseconds in repetition 129
tcp_ping received 24576 bytes back
Round trip time was 0.124111 milliseconds in repetition 130
tcp_ping received 24576 bytes back
Round trip time was 0.10341 milliseconds in repetition 131
tcp_ping received 24576 bytes back
Round trip time was 0.1015 milliseconds in repetition 132
tcp_ping received 24576 bytes back
Round trip time was 0.101622 milliseconds in repetition 133
tcp_ping received 24576 bytes back
Round trip time was 0.101642 milliseconds in repetition 134
tcp_ping received 24576 bytes back
Round trip time was 0.102831 milliseconds in repetition 135
tcp_ping received 24576 bytes back
Round trip time was 0.10187 milliseconds in repetition 136
tcp_ping received 24576 bytes back
Round trip time was 0.110924 milliseconds in repetition 137
tcp_ping received 24576 bytes back
Round trip time was 0.108383 milliseconds in repetition 138
tcp_ping received 24576 bytes back
Round trip time was 0.100912 milliseconds in repetition 139
tcp_ping received 24576 bytes back
Round trip time was 0.100573 milliseconds in repetition 140
tcp_ping received 24576 bytes back
Round trip time was 0.101335 milliseconds in repetition 141
tcp_ping received 24576 bytes back
Round trip time was 0.099993 milliseconds in repetition 142
tcp_ping received 24576 bytes back
Round trip time was 0.099675 milliseconds in repetition 143
tcp_ping received 24576 bytes back
Round trip time was 0.112563 milliseconds in repetition 144
tcp_ping received 24576 bytes back
Round trip time was 0.100129 milliseconds in repetition 145
tcp_ping received 24576 bytes back
Round trip time was 0.099805 milliseconds in repetition 146
tcp_ping received 24576 bytes back
Round trip time was 0.100999 milliseconds in repetition 147
tcp_ping received 24576 bytes back
Round trip time was 0.100414 milliseconds in repetition 148
tcp_ping received 24576 bytes back
Round trip time was 0.100123 milliseconds in repetition 149
tcp_ping received 24576 bytes back
Round trip time was 0.099758 milliseconds in repetition 150
tcp_ping received 24576 bytes back
Round trip time was 0.099693 milliseconds in repetition 151
tcp_ping received 24576 bytes back
Round trip time was 0.099755 milliseconds in repetition 152
tcp_ping received 24576 bytes back
Round trip time was 0.099497 milliseconds in repetition 153
tcp_ping received 24576 bytes back
Round trip time was 0.100067 milliseconds in repetition 154
tcp_ping received 24576 bytes back
Round trip time was 0.099725 milliseconds in repetition 155
tcp_ping received 24576 bytes back
Round trip time was 0.099603 milliseconds in repetition 156
tcp_ping received 24576 bytes back
Round trip time was 0.101769 milliseconds in repetition 157
tcp_ping received 24576 bytes back
Round trip time was 0.099632 milliseconds in repetition 158
tcp_ping received 24576 bytes back
Round trip time was 0.098605 milliseconds in repetition 159
tcp_ping received 24576 bytes back
Round trip time was 0.099622 milliseconds in repetition 160
tcp_ping received 24576 bytes back
Round trip time was 0.099669 milliseconds in repetition 161
tcp_ping received 24576 bytes back
Round trip time was 0.099468 milliseconds in repetition 162
tcp_ping received 24576 bytes back
Round trip time was 0.099471 milliseconds in repetition 163
tcp_ping received 24576 bytes back
Round trip time was 0.099454 milliseconds in repetition 164
tcp_ping received 24576 bytes back
Round trip time was 0.099023 milliseconds in repetition 165
tcp_ping received 24576 bytes back
Round trip time was 0.100156 milliseconds in repetition 166
tcp_ping received 24576 bytes back
Round trip time was 0.098759 milliseconds in repetition 167
tcp_ping received 24576 bytes back
Round trip time was 0.09978 milliseconds in repetition 168
tcp_ping received 24576 bytes back
Round trip time was 0.100688 milliseconds in repetition 169
tcp_ping received 24576 bytes back
Round trip time was 0.100025 milliseconds in repetition 170
tcp_ping received 24576 bytes back
Round trip time was 0.100015 milliseconds in repetition 171
tcp_ping received 24576 bytes back
Round trip time was 0.098996 milliseconds in repetition 172
tcp_ping received 24576 bytes back
Round trip time was 0.113697 milliseconds in repetition 173
tcp_ping received 24576 bytes back
Round trip time was 0.100122 milliseconds in repetition 174
tcp_ping received 24576 bytes back
Round trip time was 0.101438 milliseconds in repetition 175
tcp_ping received 24576 bytes back
Round trip time was 0.099927 milliseconds in repetition 176
tcp_ping received 24576 bytes back
Round trip time was 0.099952 milliseconds in repetition 177
tcp_ping received 24576 bytes back
Round trip time was 0.099801 milliseconds in repetition 178
tcp_ping received 24576 bytes back
Round trip time was 0.102039 milliseconds in repetition 179
tcp_ping received 24576 bytes back
Round trip time was 0.106389 milliseconds in repetition 180
tcp_ping received 24576 bytes back
Round trip time was 0.10155 milliseconds in repetition 181
tcp_ping received 24576 bytes back
Round trip time was 0.099792 milliseconds in repetition 182
tcp_ping received 24576 bytes back
Round trip time was 0.101178 milliseconds in repetition 183
tcp_ping received 24576 bytes back
Round trip time was 0.099997 milliseconds in repetition 184
tcp_ping received 24576 bytes back
Round trip time was 0.100139 milliseconds in repetition 185
tcp_ping received 24576 bytes back
Round trip time was 0.101236 milliseconds in repetition 186
tcp_ping received 24576 bytes back
Round trip time was 0.099275 milliseconds in repetition 187
tcp_ping received 24576 bytes back
Round trip time was 0.100168 milliseconds in repetition 188
tcp_ping received 24576 bytes back
Round trip time was 0.099776 milliseconds in repetition 189
tcp_ping received 24576 bytes back
Round trip time was 0.099489 milliseconds in repetition 190
tcp_ping received 24576 bytes back
Round trip time was 0.099915 milliseconds in repetition 191
tcp_ping received 24576 bytes back
Round trip time was 0.100524 milliseconds in repetition 192
tcp_ping received 24576 bytes back
Round trip time was 0.100031 milliseconds in repetition 193
tcp_ping received 24576 bytes back
Round trip time was 0.102709 milliseconds in repetition 194
tcp_ping received 24576 bytes back
Round trip time was 0.148143 milliseconds in repetition 195
tcp_ping received 24576 bytes back
Round trip time was 0.111433 milliseconds in repetition 196
tcp_ping received 24576 bytes back
Round trip time was 0.103239 milliseconds in repetition 197
tcp_ping received 24576 bytes back
Round trip time was 0.102921 milliseconds in repetition 198
tcp_ping received 24576 bytes back
Round trip time was 0.100369 milliseconds in repetition 199
tcp_ping received 24576 bytes back
Round trip time was 0.100377 milliseconds in repetition 200
tcp_ping received 24576 bytes back
Round trip time was 0.100111 milliseconds in repetition 201
tcp_ping received 24576 bytes back
Round trip time was 0.099855 milliseconds in repetition 202
tcp_ping received 24576 bytes back
Round trip time was 0.100619 milliseconds in repetition 203
tcp_ping received 24576 bytes back
Round trip time was 0.099828 milliseconds in repetition 204
tcp_ping received 24576 bytes back
Round trip time was 0.100217 milliseconds in repetition 205
tcp_ping received 24576 bytes back
Round trip time was 0.100054 milliseconds in repetition 206
tcp_ping received 24576 bytes back
Round trip time was 0.10051 milliseconds in repetition 207
tcp_ping received 24576 bytes back
Round trip time was 0.100873 milliseconds in repetition 208
tcp_ping received 24576 bytes back
Round trip time was 0.099955 milliseconds in repetition 209
tcp_ping received 24576 bytes back
Round trip time was 0.099914 milliseconds in repetition 210
tcp_ping received 24576 bytes back
Round trip time was 0.100536 milliseconds in repetition 211
tcp_ping received 24576 bytes back
Round trip time was 0.100652 milliseconds in repetition 212
tcp_ping received 24576 bytes back
Round trip time was 0.099864 milliseconds in repetition 213
tcp_ping received 24576 bytes back
Round trip time was 0.100884 milliseconds in repetition 214
tcp_ping received 24576 bytes back
Round trip time was 0.096813 milliseconds in repetition 215
tcp_ping received 24576 bytes back
Round trip time was 0.192027 milliseconds in repetition 216
tcp_ping received 24576 bytes back
Round trip time was 0.172852 milliseconds in repetition 217
tcp_ping received 24576 bytes back
Round trip time was 0.166555 milliseconds in repetition 218
tcp_ping received 24576 bytes back
Round trip time was 0.270226 milliseconds in repetition 219
tcp_ping received 24576 bytes back
Round trip time was 0.117502 milliseconds in repetition 220
tcp_ping received 24576 bytes back
Round trip time was 0.11111 milliseconds in repetition 221
tcp_ping received 24576 bytes back
Round trip time was 0.107433 milliseconds in repetition 222
tcp_ping received 24576 bytes back
Round trip time was 0.092909 milliseconds in repetition 223
tcp_ping received 24576 bytes back
Round trip time was 0.092483 milliseconds in repetition 224
tcp_ping received 24576 bytes back
Round trip time was 0.091248 milliseconds in repetition 225
tcp_ping received 24576 bytes back
Round trip time was 0.092153 milliseconds in repetition 226
tcp_ping received 24576 bytes back
Round trip time was 0.09092 milliseconds in repetition 227
tcp_ping received 24576 bytes back
Round trip time was 0.093323 milliseconds in repetition 228
tcp_ping received 24576 bytes back
Round trip time was 0.099557 milliseconds in repetition 229
tcp_ping received 24576 bytes back
Round trip time was 0.102932 milliseconds in repetition 230
tcp_ping received 24576 bytes back
Round trip time was 0.101652 milliseconds in repetition 231
tcp_ping received 24576 bytes back
Round trip time was 0.101575 milliseconds in repetition 232
tcp_ping received 24576 bytes back
Round trip time was 0.101906 milliseconds in repetition 233
tcp_ping received 24576 bytes back
Round trip time was 0.101407 milliseconds in repetition 234
tcp_ping received 24576 bytes back
Round trip time was 0.101551 milliseconds in repetition 235
tcp_ping received 24576 bytes back
Round trip time was 0.107523 milliseconds in repetition 236
tcp_ping received 24576 bytes back
Round trip time was 0.094851 milliseconds in repetition 237
tcp_ping received 24576 bytes back
Round trip time was 0.091267 milliseconds in repetition 238
tcp_ping received 24576 bytes back
Round trip time was 0.095845 milliseconds in repetition 239
tcp_ping received 24576 bytes back
Round trip time was 0.099743 milliseconds in repetition 240
tcp_ping received 24576 bytes back
Round trip time was 0.09107 milliseconds in repetition 241
tcp_ping received 24576 bytes back
Round trip time was 0.090409 milliseconds in repetition 242
tcp_ping received 24576 bytes back
Round trip time was 0.090581 milliseconds in repetition 243
tcp_ping received 24576 bytes back
Round trip time was 0.090909 milliseconds in repetition 244
tcp_ping received 24576 bytes back
Round trip time was 0.090601 milliseconds in repetition 245
tcp_ping received 24576 bytes back
Round trip time was 0.09208 milliseconds in repetition 246
tcp_ping received 24576 bytes back
Round trip time was 0.091899 milliseconds in repetition 247
tcp_ping received 24576 bytes back
Round trip time was 0.091201 milliseconds in repetition 248
tcp_ping received 24576 bytes back
Round trip time was 0.090893 milliseconds in repetition 249
tcp_ping received 24576 bytes back
Round trip time was 0.100131 milliseconds in repetition 250
tcp_ping received 24576 bytes back
Round trip time was 0.093612 milliseconds in repetition 251
tcp_ping received 24576 bytes back
Round trip time was 0.090846 milliseconds in repetition 252
tcp_ping received 24576 bytes back
Round trip time was 0.091385 milliseconds in repetition 253
tcp_ping received 24576 bytes back
Round trip time was 0.090528 milliseconds in repetition 254
tcp_ping received 24576 bytes back
Round trip time was 0.090711 milliseconds in repetition 255
tcp_ping received 24576 bytes back
Round trip time was 0.09096 milliseconds in repetition 256
tcp_ping received 24576 bytes back
Round trip time was 0.090454 milliseconds in repetition 257
tcp_ping received 24576 bytes back
Round trip time was 0.090875 milliseconds in repetition 258
tcp_ping received 24576 bytes back
Round trip time was 0.090385 milliseconds in repetition 259
tcp_ping received 24576 bytes back
Round trip time was 0.14826 milliseconds in repetition 260
tcp_ping received 24576 bytes back
Round trip time was 0.093431 milliseconds in repetition 261
tcp_ping received 24576 bytes back
Round trip time was 0.090633 milliseconds in repetition 262
tcp_ping received 24576 bytes back
Round trip time was 0.090482 milliseconds in repetition 263
tcp_ping received 24576 bytes back
Round trip time was 0.090901 milliseconds in repetition 264
tcp_ping received 24576 bytes back
Round trip time was 0.090579 milliseconds in repetition 265
tcp_ping received 24576 bytes back
Round trip time was 0.097409 milliseconds in repetition 266
tcp_ping received 24576 bytes back
Round trip time was 0.269564 milliseconds in repetition 267
tcp_ping received 24576 bytes back
Round trip time was 0.125526 milliseconds in repetition 268
tcp_ping received 24576 bytes back
Round trip time was 0.153191 milliseconds in repetition 269
tcp_ping received 24576 bytes back
Round trip time was 0.109249 milliseconds in repetition 270
tcp_ping received 24576 bytes back
Round trip time was 0.092234 milliseconds in repetition 271
tcp_ping received 24576 bytes back
Round trip time was 0.09118 milliseconds in repetition 272
tcp_ping received 24576 bytes back
Round trip time was 0.092593 milliseconds in repetition 273
tcp_ping received 24576 bytes back
Round trip time was 0.101071 milliseconds in repetition 274
tcp_ping received 24576 bytes back
Round trip time was 0.091459 milliseconds in repetition 275
tcp_ping received 24576 bytes back
Round trip time was 0.090567 milliseconds in repetition 276
tcp_ping received 24576 bytes back
Round trip time was 0.090275 milliseconds in repetition 277
tcp_ping received 24576 bytes back
Round trip time was 0.090462 milliseconds in repetition 278
tcp_ping received 24576 bytes back
Round trip time was 0.090314 milliseconds in repetition 279
tcp_ping received 24576 bytes back
Round trip time was 0.090608 milliseconds in repetition 280
tcp_ping received 24576 bytes back
Round trip time was 0.090716 milliseconds in repetition 281
tcp_ping received 24576 bytes back
Round trip time was 0.187238 milliseconds in repetition 282
tcp_ping received 24576 bytes back
Round trip time was 0.110543 milliseconds in repetition 283
tcp_ping received 24576 bytes back
Round trip time was 0.092591 milliseconds in repetition 284
tcp_ping received 24576 bytes back
Round trip time was 0.090825 milliseconds in repetition 285
tcp_ping received 24576 bytes back
Round trip time was 0.090687 milliseconds in repetition 286
tcp_ping received 24576 bytes back
Round trip time was 0.090931 milliseconds in repetition 287
tcp_ping received 24576 bytes back
Round trip time was 0.090635 milliseconds in repetition 288
tcp_ping received 24576 bytes back
Round trip time was 0.090637 milliseconds in repetition 289
tcp_ping received 24576 bytes back
Round trip time was 0.090244 milliseconds in repetition 290
tcp_ping received 24576 bytes back
Round trip time was 0.0907 milliseconds in repetition 291
tcp_ping received 24576 bytes back
Round trip time was 0.090406 milliseconds in repetition 292
tcp_ping received 24576 bytes back
Round trip time was 0.090692 milliseconds in repetition 293
tcp_ping received 24576 bytes back
Round trip time was 0.103201 milliseconds in repetition 294
tcp_ping received 24576 bytes back
Round trip time was 0.091707 milliseconds in repetition 295
tcp_ping received 24576 bytes back
Round trip time was 0.090642 milliseconds in repetition 296
tcp_ping received 24576 bytes back
Round trip time was 0.090408 milliseconds in repetition 297
tcp_ping received 24576 bytes back
Round trip time was 0.090412 milliseconds in repetition 298
tcp_ping received 24576 bytes back
Round trip time was 0.091161 milliseconds in repetition 299
tcp_ping received 24576 bytes back
Round trip time was 0.090278 milliseconds in repetition 300
tcp_ping received 24576 bytes back
Round trip time was 0.090466 milliseconds in repetition 301
tcp_ping received 24576 bytes back
Round trip time was 0.090706 milliseconds in repetition 302
tcp_ping received 24576 bytes back
Round trip time was 0.095415 milliseconds in repetition 303
tcp_ping received 24576 bytes back
Round trip time was 0.090571 milliseconds in repetition 304
tcp_ping received 24576 bytes back
Round trip time was 0.090443 milliseconds in repetition 305
tcp_ping received 24576 bytes back
Round trip time was 0.089978 milliseconds in repetition 306
tcp_ping received 24576 bytes back
Round trip time was 0.090357 milliseconds in repetition 307
tcp_ping received 24576 bytes back
Round trip time was 0.090713 milliseconds in repetition 308
tcp_ping received 24576 bytes back
Round trip time was 0.090566 milliseconds in repetition 309
tcp_ping received 24576 bytes back
Round trip time was 0.090422 milliseconds in repetition 310
tcp_ping received 24576 bytes back
Round trip time was 0.090358 milliseconds in repetition 311
tcp_ping received 24576 bytes back
Round trip time was 0.090973 milliseconds in repetition 312
tcp_ping received 24576 bytes back
Round trip time was 0.098134 milliseconds in repetition 313
tcp_ping received 24576 bytes back
Round trip time was 0.100495 milliseconds in repetition 314
tcp_ping received 24576 bytes back
Round trip time was 0.173716 milliseconds in repetition 315
tcp_ping received 24576 bytes back
Round trip time was 0.12982 milliseconds in repetition 316
tcp_ping received 24576 bytes back
Round trip time was 0.198832 milliseconds in repetition 317
tcp_ping received 24576 bytes back
Round trip time was 0.388672 milliseconds in repetition 318
tcp_ping received 24576 bytes back
Round trip time was 0.225893 milliseconds in repetition 319
tcp_ping received 24576 bytes back
Round trip time was 0.133733 milliseconds in repetition 320
tcp_ping received 24576 bytes back
Round trip time was 0.091857 milliseconds in repetition 321
tcp_ping received 24576 bytes back
Round trip time was 0.101884 milliseconds in repetition 322
tcp_ping received 24576 bytes back
Round trip time was 0.09058 milliseconds in repetition 323
tcp_ping received 24576 bytes back
Round trip time was 0.091114 milliseconds in repetition 324
tcp_ping received 24576 bytes back
Round trip time was 0.090448 milliseconds in repetition 325
tcp_ping received 24576 bytes back
Round trip time was 0.099744 milliseconds in repetition 326
tcp_ping received 24576 bytes back
Round trip time was 0.100919 milliseconds in repetition 327
tcp_ping received 24576 bytes back
Round trip time was 0.090688 milliseconds in repetition 328
tcp_ping received 24576 bytes back
Round trip time was 0.090672 milliseconds in repetition 329
tcp_ping received 24576 bytes back
Round trip time was 0.09071 milliseconds in repetition 330
tcp_ping received 24576 bytes back
Round trip time was 0.090522 milliseconds in repetition 331
tcp_ping received 24576 bytes back
Round trip time was 0.090654 milliseconds in repetition 332
tcp_ping received 24576 bytes back
Round trip time was 0.099796 milliseconds in repetition 333
tcp_ping received 24576 bytes back
Round trip time was 0.095584 milliseconds in repetition 334
tcp_ping received 24576 bytes back
Round trip time was 0.091081 milliseconds in repetition 335
tcp_ping received 24576 bytes back
Round trip time was 0.091733 milliseconds in repetition 336
tcp_ping received 24576 bytes back
Round trip time was 0.090731 milliseconds in repetition 337
tcp_ping received 24576 bytes back
Round trip time was 0.090958 milliseconds in repetition 338
tcp_ping received 24576 bytes back
Round trip time was 0.090174 milliseconds in repetition 339
tcp_ping received 24576 bytes back
Round trip time was 0.091106 milliseconds in repetition 340
tcp_ping received 24576 bytes back
Round trip time was 0.091303 milliseconds in repetition 341
tcp_ping received 24576 bytes back
Round trip time was 0.090883 milliseconds in repetition 342
tcp_ping received 24576 bytes back
Round trip time was 0.094407 milliseconds in repetition 343
tcp_ping received 24576 bytes back
Round trip time was 0.101395 milliseconds in repetition 344
tcp_ping received 24576 bytes back
Round trip time was 0.090921 milliseconds in repetition 345
tcp_ping received 24576 bytes back
Round trip time was 0.097395 milliseconds in repetition 346
tcp_ping received 24576 bytes back
Round trip time was 0.093249 milliseconds in repetition 347
tcp_ping received 24576 bytes back
Round trip time was 0.095517 milliseconds in repetition 348
tcp_ping received 24576 bytes back
Round trip time was 0.090328 milliseconds in repetition 349
tcp_ping received 24576 bytes back
Round trip time was 0.090223 milliseconds in repetition 350
tcp_ping received 24576 bytes back
Round trip time was 0.090463 milliseconds in repetition 351
tcp_ping received 24576 bytes back
Round trip time was 0.092831 milliseconds in repetition 352
tcp_ping received 24576 bytes back
Round trip time was 0.090404 milliseconds in repetition 353
tcp_ping received 24576 bytes back
Round trip time was 0.090154 milliseconds in repetition 354
tcp_ping received 24576 bytes back
Round trip time was 0.099412 milliseconds in repetition 355
tcp_ping received 24576 bytes back
Round trip time was 0.118954 milliseconds in repetition 356
tcp_ping received 24576 bytes back
Round trip time was 0.197081 milliseconds in repetition 357
tcp_ping received 24576 bytes back
Round trip time was 0.133509 milliseconds in repetition 358
tcp_ping received 24576 bytes back
Round trip time was 0.106245 milliseconds in repetition 359
tcp_ping received 24576 bytes back
Round trip time was 0.206384 milliseconds in repetition 360
tcp_ping received 24576 bytes back
Round trip time was 0.126416 milliseconds in repetition 361
tcp_ping received 24576 bytes back
Round trip time was 0.187548 milliseconds in repetition 362
tcp_ping received 24576 bytes back
Round trip time was 0.202009 milliseconds in repetition 363
tcp_ping received 24576 bytes back
Round trip time was 0.103077 milliseconds in repetition 364
tcp_ping received 24576 bytes back
Round trip time was 0.091271 milliseconds in repetition 365
tcp_ping received 24576 bytes back
Round trip time was 0.090648 milliseconds in repetition 366
tcp_ping received 24576 bytes back
Round trip time was 0.090511 milliseconds in repetition 367
tcp_ping received 24576 bytes back
Round trip time was 0.15334 milliseconds in repetition 368
tcp_ping received 24576 bytes back
Round trip time was 0.10671 milliseconds in repetition 369
tcp_ping received 24576 bytes back
Round trip time was 0.092153 milliseconds in repetition 370
tcp_ping received 24576 bytes back
Round trip time was 0.092289 milliseconds in repetition 371
tcp_ping received 24576 bytes back
Round trip time was 0.092177 milliseconds in repetition 372
tcp_ping received 24576 bytes back
Round trip time was 0.091599 milliseconds in repetition 373
tcp_ping received 24576 bytes back
Round trip time was 0.092083 milliseconds in repetition 374
tcp_ping received 24576 bytes back
Round trip time was 0.091921 milliseconds in repetition 375
tcp_ping received 24576 bytes back
Round trip time was 0.092006 milliseconds in repetition 376
tcp_ping received 24576 bytes back
Round trip time was 0.09236 milliseconds in repetition 377
tcp_ping received 24576 bytes back
Round trip time was 0.09199 milliseconds in repetition 378
tcp_ping received 24576 bytes back
Round trip time was 0.092137 milliseconds in repetition 379
tcp_ping received 24576 bytes back
Round trip time was 0.100662 milliseconds in repetition 380
tcp_ping received 24576 bytes back
Round trip time was 0.095925 milliseconds in repetition 381
tcp_ping received 24576 bytes back
Round trip time was 0.092591 milliseconds in repetition 382
tcp_ping received 24576 bytes back
Round trip time was 0.091917 milliseconds in repetition 383
tcp_ping received 24576 bytes back
Round trip time was 0.0919 milliseconds in repetition 384
tcp_ping received 24576 bytes back
Round trip time was 0.091851 milliseconds in repetition 385
tcp_ping received 24576 bytes back
Round trip time was 0.091973 milliseconds in repetition 386
tcp_ping received 24576 bytes back
Round trip time was 0.091785 milliseconds in repetition 387
tcp_ping received 24576 bytes back
Round trip time was 0.0918 milliseconds in repetition 388
tcp_ping received 24576 bytes back
Round trip time was 0.09621 milliseconds in repetition 389
tcp_ping received 24576 bytes back
Round trip time was 0.09205 milliseconds in repetition 390
tcp_ping received 24576 bytes back
Round trip time was 0.092265 milliseconds in repetition 391
tcp_ping received 24576 bytes back
Round trip time was 0.091925 milliseconds in repetition 392
tcp_ping received 24576 bytes back
Round trip time was 0.091931 milliseconds in repetition 393
tcp_ping received 24576 bytes back
Round trip time was 0.091803 milliseconds in repetition 394
tcp_ping received 24576 bytes back
Round trip time was 0.091725 milliseconds in repetition 395
tcp_ping received 24576 bytes back
Round trip time was 0.0919 milliseconds in repetition 396
tcp_ping received 24576 bytes back
Round trip time was 0.091818 milliseconds in repetition 397
tcp_ping received 24576 bytes back
Round trip time was 0.094595 milliseconds in repetition 398
tcp_ping received 24576 bytes back
Round trip time was 0.102341 milliseconds in repetition 399
tcp_ping received 24576 bytes back
Round trip time was 0.093173 milliseconds in repetition 400
tcp_ping received 24576 bytes back
Round trip time was 0.091804 milliseconds in repetition 401
tcp_ping received 24576 bytes back
Round trip time was 0.092149 milliseconds in repetition 402
tcp_ping received 24576 bytes back
Round trip time was 0.092479 milliseconds in repetition 403
tcp_ping received 24576 bytes back
Round trip time was 0.092647 milliseconds in repetition 404
tcp_ping received 24576 bytes back
Round trip time was 0.09261 milliseconds in repetition 405
tcp_ping received 24576 bytes back
Round trip time was 0.09246 milliseconds in repetition 406
tcp_ping received 24576 bytes back
Round trip time was 0.092922 milliseconds in repetition 407
tcp_ping received 24576 bytes back
Round trip time was 0.092734 milliseconds in repetition 408
tcp_ping received 24576 bytes back
Round trip time was 0.099022 milliseconds in repetition 409
tcp_ping received 24576 bytes back
Round trip time was 0.117572 milliseconds in repetition 410
tcp_ping received 24576 bytes back
Round trip time was 0.153717 milliseconds in repetition 411
tcp_ping received 24576 bytes back
Round trip time was 0.155365 milliseconds in repetition 412
tcp_ping received 24576 bytes back
Round trip time was 0.106686 milliseconds in repetition 413
tcp_ping received 24576 bytes back
Round trip time was 0.219233 milliseconds in repetition 414
tcp_ping received 24576 bytes back
Round trip time was 0.151953 milliseconds in repetition 415
tcp_ping received 24576 bytes back
Round trip time was 0.105273 milliseconds in repetition 416
tcp_ping received 24576 bytes back
Round trip time was 0.102852 milliseconds in repetition 417
tcp_ping received 24576 bytes back
Round trip time was 0.1087 milliseconds in repetition 418
tcp_ping received 24576 bytes back
Round trip time was 0.10456 milliseconds in repetition 419
tcp_ping received 24576 bytes back
Round trip time was 0.169365 milliseconds in repetition 420
tcp_ping received 24576 bytes back
Round trip time was 0.270343 milliseconds in repetition 421
tcp_ping received 24576 bytes back
Round trip time was 0.185964 milliseconds in repetition 422
tcp_ping received 24576 bytes back
Round trip time was 0.124727 milliseconds in repetition 423
tcp_ping received 24576 bytes back
Round trip time was 0.103953 milliseconds in repetition 424
tcp_ping received 24576 bytes back
Round trip time was 0.102866 milliseconds in repetition 425
tcp_ping received 24576 bytes back
Round trip time was 0.10404 milliseconds in repetition 426
tcp_ping received 24576 bytes back
Round trip time was 0.123425 milliseconds in repetition 427
tcp_ping received 24576 bytes back
Round trip time was 0.10263 milliseconds in repetition 428
tcp_ping received 24576 bytes back
Round trip time was 0.102726 milliseconds in repetition 429
tcp_ping received 24576 bytes back
Round trip time was 0.134059 milliseconds in repetition 430
tcp_ping received 24576 bytes back
Round trip time was 0.106631 milliseconds in repetition 431
tcp_ping received 24576 bytes back
Round trip time was 0.110824 milliseconds in repetition 432
tcp_ping received 24576 bytes back
Round trip time was 0.103263 milliseconds in repetition 433
tcp_ping received 24576 bytes back
Round trip time was 0.199909 milliseconds in repetition 434
tcp_ping received 24576 bytes back
Round trip time was 0.2013 milliseconds in repetition 435
tcp_ping received 24576 bytes back
Round trip time was 0.200598 milliseconds in repetition 436
tcp_ping received 24576 bytes back
Round trip time was 0.256564 milliseconds in repetition 437
tcp_ping received 24576 bytes back
Round trip time was 0.116374 milliseconds in repetition 438
tcp_ping received 24576 bytes back
Round trip time was 0.126248 milliseconds in repetition 439
tcp_ping received 24576 bytes back
Round trip time was 0.198085 milliseconds in repetition 440
tcp_ping received 24576 bytes back
Round trip time was 0.18547 milliseconds in repetition 441
tcp_ping received 24576 bytes back
Round trip time was 0.178549 milliseconds in repetition 442
tcp_ping received 24576 bytes back
Round trip time was 0.118853 milliseconds in repetition 443
tcp_ping received 24576 bytes back
Round trip time was 0.178072 milliseconds in repetition 444
tcp_ping received 24576 bytes back
Round trip time was 0.13456 milliseconds in repetition 445
tcp_ping received 24576 bytes back
Round trip time was 0.107234 milliseconds in repetition 446
tcp_ping received 24576 bytes back
Round trip time was 0.154649 milliseconds in repetition 447
tcp_ping received 24576 bytes back
Round trip time was 0.113375 milliseconds in repetition 448
tcp_ping received 24576 bytes back
Round trip time was 0.121164 milliseconds in repetition 449
tcp_ping received 24576 bytes back
Round trip time was 0.142703 milliseconds in repetition 450
tcp_ping received 24576 bytes back
Round trip time was 0.1026 milliseconds in repetition 451
tcp_ping received 24576 bytes back
Round trip time was 0.10154 milliseconds in repetition 452
tcp_ping received 24576 bytes back
Round trip time was 0.137254 milliseconds in repetition 453
tcp_ping received 24576 bytes back
Round trip time was 0.10319 milliseconds in repetition 454
tcp_ping received 24576 bytes back
Round trip time was 0.101378 milliseconds in repetition 455
tcp_ping received 24576 bytes back
Round trip time was 0.102294 milliseconds in repetition 456
tcp_ping received 24576 bytes back
Round trip time was 0.101556 milliseconds in repetition 457
tcp_ping received 24576 bytes back
Round trip time was 0.101362 milliseconds in repetition 458
tcp_ping received 24576 bytes back
Round trip time was 0.10095 milliseconds in repetition 459
tcp_ping received 24576 bytes back
Round trip time was 0.101518 milliseconds in repetition 460
tcp_ping received 24576 bytes back
Round trip time was 0.101591 milliseconds in repetition 461
tcp_ping received 24576 bytes back
Round trip time was 0.100868 milliseconds in repetition 462
tcp_ping received 24576 bytes back
Round trip time was 0.101122 milliseconds in repetition 463
tcp_ping received 24576 bytes back
Round trip time was 0.101131 milliseconds in repetition 464
tcp_ping received 24576 bytes back
Round trip time was 0.132165 milliseconds in repetition 465
tcp_ping received 24576 bytes back
Round trip time was 0.110406 milliseconds in repetition 466
tcp_ping received 24576 bytes back
Round trip time was 0.116832 milliseconds in repetition 467
tcp_ping received 24576 bytes back
Round trip time was 0.112679 milliseconds in repetition 468
tcp_ping received 24576 bytes back
Round trip time was 0.124245 milliseconds in repetition 469
tcp_ping received 24576 bytes back
Round trip time was 0.111831 milliseconds in repetition 470
tcp_ping received 24576 bytes back
Round trip time was 0.105807 milliseconds in repetition 471
tcp_ping received 24576 bytes back
Round trip time was 0.102772 milliseconds in repetition 472
tcp_ping received 24576 bytes back
Round trip time was 0.103666 milliseconds in repetition 473
tcp_ping received 24576 bytes back
Round trip time was 0.10774 milliseconds in repetition 474
tcp_ping received 24576 bytes back
Round trip time was 0.109021 milliseconds in repetition 475
tcp_ping received 24576 bytes back
Round trip time was 0.108055 milliseconds in repetition 476
tcp_ping received 24576 bytes back
Round trip time was 0.107689 milliseconds in repetition 477
tcp_ping received 24576 bytes back
Round trip time was 0.107926 milliseconds in repetition 478
tcp_ping received 24576 bytes back
Round trip time was 0.1025 milliseconds in repetition 479
tcp_ping received 24576 bytes back
Round trip time was 0.101572 milliseconds in repetition 480
tcp_ping received 24576 bytes back
Round trip time was 0.104415 milliseconds in repetition 481
tcp_ping received 24576 bytes back
Round trip time was 0.101582 milliseconds in repetition 482
tcp_ping received 24576 bytes back
Round trip time was 0.101359 milliseconds in repetition 483
tcp_ping received 24576 bytes back
Round trip time was 0.101184 milliseconds in repetition 484
tcp_ping received 24576 bytes back
Round trip time was 0.10114 milliseconds in repetition 485
tcp_ping received 24576 bytes back
Round trip time was 0.10113 milliseconds in repetition 486
tcp_ping received 24576 bytes back
Round trip time was 0.101414 milliseconds in repetition 487
tcp_ping received 24576 bytes back
Round trip time was 0.101 milliseconds in repetition 488
tcp_ping received 24576 bytes back
Round trip time was 0.100988 milliseconds in repetition 489
tcp_ping received 24576 bytes back
Round trip time was 0.101651 milliseconds in repetition 490
tcp_ping received 24576 bytes back
Round trip time was 0.101086 milliseconds in repetition 491
tcp_ping received 24576 bytes back
Round trip time was 0.101466 milliseconds in repetition 492
tcp_ping received 24576 bytes back
Round trip time was 0.102298 milliseconds in repetition 493
tcp_ping received 24576 bytes back
Round trip time was 0.103842 milliseconds in repetition 494
tcp_ping received 24576 bytes back
Round trip time was 0.109199 milliseconds in repetition 495
tcp_ping received 24576 bytes back
Round trip time was 0.122174 milliseconds in repetition 496
tcp_ping received 24576 bytes back
Round trip time was 0.117575 milliseconds in repetition 497
tcp_ping received 24576 bytes back
Round trip time was 0.135292 milliseconds in repetition 498
tcp_ping received 24576 bytes back
Round trip time was 0.11209 milliseconds in repetition 499
tcp_ping received 24576 bytes back
Round trip time was 0.105997 milliseconds in repetition 500
tcp_ping received 24576 bytes back
Round trip time was 0.114903 milliseconds in repetition 501

 ... clock resolution was 1e-06
TCP Ping:  Statistics over 501 repetitions of 24576 byte messages

RTT : percentile 10: 0.090713, median: 0.101086, percentile 90: 0.172852, average: 0.114061, variance: 0.00121379

RTT histogram:
0.0899765 141
0.104911 226
0.119846 50
0.134781 11
0.149716 14
0.16465 7
0.179585 23
0.19452 15
0.209455 6
0.22439 2
0.239324 1
0.254259 1
0.269194 3
0.284129 0
0.299064 0
0.313999 0
0.328933 0
0.343868 0
0.358803 0
0.373738 0
0.388673 1

   median Throughput : 486239 KB/s   overall Throughput : 430926 KB/s

