TCP Ping trying to connect to server localhost (127.0.0.1) on port 1491

... connected to Pong server: asking for 501 repetitions of 6144 bytes TCP messages
 ... Pong server agreed :-)
tcp_ping received 6144 bytes back
Round trip time was 0.072205 milliseconds in repetition 1
tcp_ping received 6144 bytes back
Round trip time was 0.058406 milliseconds in repetition 2
tcp_ping received 6144 bytes back
Round trip time was 0.057153 milliseconds in repetition 3
tcp_ping received 6144 bytes back
Round trip time was 0.087095 milliseconds in repetition 4
tcp_ping received 6144 bytes back
Round trip time was 0.060663 milliseconds in repetition 5
tcp_ping received 6144 bytes back
Round trip time was 0.103867 milliseconds in repetition 6
tcp_ping received 6144 bytes back
Round trip time was 0.075411 milliseconds in repetition 7
tcp_ping received 6144 bytes back
Round trip time was 0.072589 milliseconds in repetition 8
tcp_ping received 6144 bytes back
Round trip time was 0.078887 milliseconds in repetition 9
tcp_ping received 6144 bytes back
Round trip time was 0.063644 milliseconds in repetition 10
tcp_ping received 6144 bytes back
Round trip time was 0.067951 milliseconds in repetition 11
tcp_ping received 6144 bytes back
Round trip time was 0.063665 milliseconds in repetition 12
tcp_ping received 6144 bytes back
Round trip time was 0.058587 milliseconds in repetition 13
tcp_ping received 6144 bytes back
Round trip time was 0.062732 milliseconds in repetition 14
tcp_ping received 6144 bytes back
Round trip time was 0.056938 milliseconds in repetition 15
tcp_ping received 6144 bytes back
Round trip time was 0.079744 milliseconds in repetition 16
tcp_ping received 6144 bytes back
Round trip time was 0.065934 milliseconds in repetition 17
tcp_ping received 6144 bytes back
Round trip time was 0.061795 milliseconds in repetition 18
tcp_ping received 6144 bytes back
Round trip time was 0.061021 milliseconds in repetition 19
tcp_ping received 6144 bytes back
Round trip time was 0.058061 milliseconds in repetition 20
tcp_ping received 6144 bytes back
Round trip time was 0.0569 milliseconds in repetition 21
tcp_ping received 6144 bytes back
Round trip time was 0.064787 milliseconds in repetition 22
tcp_ping received 6144 bytes back
Round trip time was 0.071929 milliseconds in repetition 23
tcp_ping received 6144 bytes back
Round trip time was 0.055786 milliseconds in repetition 24
tcp_ping received 6144 bytes back
Round trip time was 0.053499 milliseconds in repetition 25
tcp_ping received 6144 bytes back
Round trip time was 0.05293 milliseconds in repetition 26
tcp_ping received 6144 bytes back
Round trip time was 0.053134 milliseconds in repetition 27
tcp_ping received 6144 bytes back
Round trip time was 0.053586 milliseconds in repetition 28
tcp_ping received 6144 bytes back
Round trip time was 0.052691 milliseconds in repetition 29
tcp_ping received 6144 bytes back
Round trip time was 0.052706 milliseconds in repetition 30
tcp_ping received 6144 bytes back
Round trip time was 0.052652 milliseconds in repetition 31
tcp_ping received 6144 bytes back
Round trip time was 0.052568 milliseconds in repetition 32
tcp_ping received 6144 bytes back
Round trip time was 0.052679 milliseconds in repetition 33
tcp_ping received 6144 bytes back
Round trip time was 0.052656 milliseconds in repetition 34
tcp_ping received 6144 bytes back
Round trip time was 0.05254 milliseconds in repetition 35
tcp_ping received 6144 bytes back
Round trip time was 0.053779 milliseconds in repetition 36
tcp_ping received 6144 bytes back
Round trip time was 0.05255 milliseconds in repetition 37
tcp_ping received 6144 bytes back
Round trip time was 0.053264 milliseconds in repetition 38
tcp_ping received 6144 bytes back
Round trip time was 0.056078 milliseconds in repetition 39
tcp_ping received 6144 bytes back
Round trip time was 0.052917 milliseconds in repetition 40
tcp_ping received 6144 bytes back
Round trip time was 0.053171 milliseconds in repetition 41
tcp_ping received 6144 bytes back
Round trip time was 0.052838 milliseconds in repetition 42
tcp_ping received 6144 bytes back
Round trip time was 0.052796 milliseconds in repetition 43
tcp_ping received 6144 bytes back
Round trip time was 0.058109 milliseconds in repetition 44
tcp_ping received 6144 bytes back
Round trip time was 0.054498 milliseconds in repetition 45
tcp_ping received 6144 bytes back
Round trip time was 0.053814 milliseconds in repetition 46
tcp_ping received 6144 bytes back
Round trip time was 0.053709 milliseconds in repetition 47
tcp_ping received 6144 bytes back
Round trip time was 0.054157 milliseconds in repetition 48
tcp_ping received 6144 bytes back
Round trip time was 0.053548 milliseconds in repetition 49
tcp_ping received 6144 bytes back
Round trip time was 0.053827 milliseconds in repetition 50
tcp_ping received 6144 bytes back
Round trip time was 0.053835 milliseconds in repetition 51
tcp_ping received 6144 bytes back
Round trip time was 0.053714 milliseconds in repetition 52
tcp_ping received 6144 bytes back
Round trip time was 0.053646 milliseconds in repetition 53
tcp_ping received 6144 bytes back
Round trip time was 0.05363 milliseconds in repetition 54
tcp_ping received 6144 bytes back
Round trip time was 0.053743 milliseconds in repetition 55
tcp_ping received 6144 bytes back
Round trip time was 0.053551 milliseconds in repetition 56
tcp_ping received 6144 bytes back
Round trip time was 0.053657 milliseconds in repetition 57
tcp_ping received 6144 bytes back
Round trip time was 0.053521 milliseconds in repetition 58
tcp_ping received 6144 bytes back
Round trip time was 0.053634 milliseconds in repetition 59
tcp_ping received 6144 bytes back
Round trip time was 0.053923 milliseconds in repetition 60
tcp_ping received 6144 bytes back
Round trip time was 0.054892 milliseconds in repetition 61
tcp_ping received 6144 bytes back
Round trip time was 0.053696 milliseconds in repetition 62
tcp_ping received 6144 bytes back
Round trip time was 0.053563 milliseconds in repetition 63
tcp_ping received 6144 bytes back
Round trip time was 0.05362 milliseconds in repetition 64
tcp_ping received 6144 bytes back
Round trip time was 0.053603 milliseconds in repetition 65
tcp_ping received 6144 bytes back
Round trip time was 0.053496 milliseconds in repetition 66
tcp_ping received 6144 bytes back
Round trip time was 0.053529 milliseconds in repetition 67
tcp_ping received 6144 bytes back
Round trip time was 0.05332 milliseconds in repetition 68
tcp_ping received 6144 bytes back
Round trip time was 0.053721 milliseconds in repetition 69
tcp_ping received 6144 bytes back
Round trip time was 0.053268 milliseconds in repetition 70
tcp_ping received 6144 bytes back
Round trip time was 0.053285 milliseconds in repetition 71
tcp_ping received 6144 bytes back
Round trip time was 0.053488 milliseconds in repetition 72
tcp_ping received 6144 bytes back
Round trip time was 0.053743 milliseconds in repetition 73
tcp_ping received 6144 bytes back
Round trip time was 0.053313 milliseconds in repetition 74
tcp_ping received 6144 bytes back
Round trip time was 0.053918 milliseconds in repetition 75
tcp_ping received 6144 bytes back
Round trip time was 0.053714 milliseconds in repetition 76
tcp_ping received 6144 bytes back
Round trip time was 0.053693 milliseconds in repetition 77
tcp_ping received 6144 bytes back
Round trip time was 0.053625 milliseconds in repetition 78
tcp_ping received 6144 bytes back
Round trip time was 0.053278 milliseconds in repetition 79
tcp_ping received 6144 bytes back
Round trip time was 0.053897 milliseconds in repetition 80
tcp_ping received 6144 bytes back
Round trip time was 0.053314 milliseconds in repetition 81
tcp_ping received 6144 bytes back
Round trip time was 0.053322 milliseconds in repetition 82
tcp_ping received 6144 bytes back
Round trip time was 0.053866 milliseconds in repetition 83
tcp_ping received 6144 bytes back
Round trip time was 0.053161 milliseconds in repetition 84
tcp_ping received 6144 bytes back
Round trip time was 0.053229 milliseconds in repetition 85
tcp_ping received 6144 bytes back
Round trip time was 0.053372 milliseconds in repetition 86
tcp_ping received 6144 bytes back
Round trip time was 0.053545 milliseconds in repetition 87
tcp_ping received 6144 bytes back
Round trip time was 0.055872 milliseconds in repetition 88
tcp_ping received 6144 bytes back
Round trip time was 0.053693 milliseconds in repetition 89
tcp_ping received 6144 bytes back
Round trip time was 0.053508 milliseconds in repetition 90
tcp_ping received 6144 bytes back
Round trip time was 0.053598 milliseconds in repetition 91
tcp_ping received 6144 bytes back
Round trip time was 0.053212 milliseconds in repetition 92
tcp_ping received 6144 bytes back
Round trip time was 0.053325 milliseconds in repetition 93
tcp_ping received 6144 bytes back
Round trip time was 0.053355 milliseconds in repetition 94
tcp_ping received 6144 bytes back
Round trip time was 0.053264 milliseconds in repetition 95
tcp_ping received 6144 bytes back
Round trip time was 0.053429 milliseconds in repetition 96
tcp_ping received 6144 bytes back
Round trip time was 0.053385 milliseconds in repetition 97
tcp_ping received 6144 bytes back
Round trip time was 0.053264 milliseconds in repetition 98
tcp_ping received 6144 bytes back
Round trip time was 0.055689 milliseconds in repetition 99
tcp_ping received 6144 bytes back
Round trip time was 0.053432 milliseconds in repetition 100
tcp_ping received 6144 bytes back
Round trip time was 0.05318 milliseconds in repetition 101
tcp_ping received 6144 bytes back
Round trip time was 0.053085 milliseconds in repetition 102
tcp_ping received 6144 bytes back
Round trip time was 0.053385 milliseconds in repetition 103
tcp_ping received 6144 bytes back
Round trip time was 0.07168 milliseconds in repetition 104
tcp_ping received 6144 bytes back
Round trip time was 0.053561 milliseconds in repetition 105
tcp_ping received 6144 bytes back
Round trip time was 0.05332 milliseconds in repetition 106
tcp_ping received 6144 bytes back
Round trip time was 0.05382 milliseconds in repetition 107
tcp_ping received 6144 bytes back
Round trip time was 0.053249 milliseconds in repetition 108
tcp_ping received 6144 bytes back
Round trip time was 0.053265 milliseconds in repetition 109
tcp_ping received 6144 bytes back
Round trip time was 0.053491 milliseconds in repetition 110
tcp_ping received 6144 bytes back
Round trip time was 0.053573 milliseconds in repetition 111
tcp_ping received 6144 bytes back
Round trip time was 0.053355 milliseconds in repetition 112
tcp_ping received 6144 bytes back
Round trip time was 0.053511 milliseconds in repetition 113
tcp_ping received 6144 bytes back
Round trip time was 0.05356 milliseconds in repetition 114
tcp_ping received 6144 bytes back
Round trip time was 0.05356 milliseconds in repetition 115
tcp_ping received 6144 bytes back
Round trip time was 0.053459 milliseconds in repetition 116
tcp_ping received 6144 bytes back
Round trip time was 0.053258 milliseconds in repetition 117
tcp_ping received 6144 bytes back
Round trip time was 0.053167 milliseconds in repetition 118
tcp_ping received 6144 bytes back
Round trip time was 0.053468 milliseconds in repetition 119
tcp_ping received 6144 bytes back
Round trip time was 0.053336 milliseconds in repetition 120
tcp_ping received 6144 bytes back
Round trip time was 0.0541 milliseconds in repetition 121
tcp_ping received 6144 bytes back
Round trip time was 0.053441 milliseconds in repetition 122
tcp_ping received 6144 bytes back
Round trip time was 0.054159 milliseconds in repetition 123
tcp_ping received 6144 bytes back
Round trip time was 0.086116 milliseconds in repetition 124
tcp_ping received 6144 bytes back
Round trip time was 0.128883 milliseconds in repetition 125
tcp_ping received 6144 bytes back
Round trip time was 0.089697 milliseconds in repetition 126
tcp_ping received 6144 bytes back
Round trip time was 0.064544 milliseconds in repetition 127
tcp_ping received 6144 bytes back
Round trip time was 0.058096 milliseconds in repetition 128
tcp_ping received 6144 bytes back
Round trip time was 0.057531 milliseconds in repetition 129
tcp_ping received 6144 bytes back
Round trip time was 0.056635 milliseconds in repetition 130
tcp_ping received 6144 bytes back
Round trip time was 0.054567 milliseconds in repetition 131
tcp_ping received 6144 bytes back
Round trip time was 0.05699 milliseconds in repetition 132
tcp_ping received 6144 bytes back
Round trip time was 0.05464 milliseconds in repetition 133
tcp_ping received 6144 bytes back
Round trip time was 0.066141 milliseconds in repetition 134
tcp_ping received 6144 bytes back
Round trip time was 0.068048 milliseconds in repetition 135
tcp_ping received 6144 bytes back
Round trip time was 0.062735 milliseconds in repetition 136
tcp_ping received 6144 bytes back
Round trip time was 0.064293 milliseconds in repetition 137
tcp_ping received 6144 bytes back
Round trip time was 0.058078 milliseconds in repetition 138
tcp_ping received 6144 bytes back
Round trip time was 0.05542 milliseconds in repetition 139
tcp_ping received 6144 bytes back
Round trip time was 0.053791 milliseconds in repetition 140
tcp_ping received 6144 bytes back
Round trip time was 0.053844 milliseconds in repetition 141
tcp_ping received 6144 bytes back
Round trip time was 0.067001 milliseconds in repetition 142
tcp_ping received 6144 bytes back
Round trip time was 0.094678 milliseconds in repetition 143
tcp_ping received 6144 bytes back
Round trip time was 0.075005 milliseconds in repetition 144
tcp_ping received 6144 bytes back
Round trip time was 0.054765 milliseconds in repetition 145
tcp_ping received 6144 bytes back
Round trip time was 0.053791 milliseconds in repetition 146
tcp_ping received 6144 bytes back
Round trip time was 0.055946 milliseconds in repetition 147
tcp_ping received 6144 bytes back
Round trip time was 0.055489 milliseconds in repetition 148
tcp_ping received 6144 bytes back
Round trip time was 0.053077 milliseconds in repetition 149
tcp_ping received 6144 bytes back
Round trip time was 0.0531 milliseconds in repetition 150
tcp_ping received 6144 bytes back
Round trip time was 0.057905 milliseconds in repetition 151
tcp_ping received 6144 bytes back
Round trip time was 0.057365 milliseconds in repetition 152
tcp_ping received 6144 bytes back
Round trip time was 0.054343 milliseconds in repetition 153
tcp_ping received 6144 bytes back
Round trip time was 0.060441 milliseconds in repetition 154
tcp_ping received 6144 bytes back
Round trip time was 0.061057 milliseconds in repetition 155
tcp_ping received 6144 bytes back
Round trip time was 0.057275 milliseconds in repetition 156
tcp_ping received 6144 bytes back
Round trip time was 0.053655 milliseconds in repetition 157
tcp_ping received 6144 bytes back
Round trip time was 0.053576 milliseconds in repetition 158
tcp_ping received 6144 bytes back
Round trip time was 0.05404 milliseconds in repetition 159
tcp_ping received 6144 bytes back
Round trip time was 0.053719 milliseconds in repetition 160
tcp_ping received 6144 bytes back
Round trip time was 0.053572 milliseconds in repetition 161
tcp_ping received 6144 bytes back
Round trip time was 0.053773 milliseconds in repetition 162
tcp_ping received 6144 bytes back
Round trip time was 0.053503 milliseconds in repetition 163
tcp_ping received 6144 bytes back
Round trip time was 0.054668 milliseconds in repetition 164
tcp_ping received 6144 bytes back
Round trip time was 0.054395 milliseconds in repetition 165
tcp_ping received 6144 bytes back
Round trip time was 0.05418 milliseconds in repetition 166
tcp_ping received 6144 bytes back
Round trip time was 0.053739 milliseconds in repetition 167
tcp_ping received 6144 bytes back
Round trip time was 0.053831 milliseconds in repetition 168
tcp_ping received 6144 bytes back
Round trip time was 0.05368 milliseconds in repetition 169
tcp_ping received 6144 bytes back
Round trip time was 0.053996 milliseconds in repetition 170
tcp_ping received 6144 bytes back
Round trip time was 0.054066 milliseconds in repetition 171
tcp_ping received 6144 bytes back
Round trip time was 0.053518 milliseconds in repetition 172
tcp_ping received 6144 bytes back
Round trip time was 0.053362 milliseconds in repetition 173
tcp_ping received 6144 bytes back
Round trip time was 0.053471 milliseconds in repetition 174
tcp_ping received 6144 bytes back
Round trip time was 0.057481 milliseconds in repetition 175
tcp_ping received 6144 bytes back
Round trip time was 0.053777 milliseconds in repetition 176
tcp_ping received 6144 bytes back
Round trip time was 0.053793 milliseconds in repetition 177
tcp_ping received 6144 bytes back
Round trip time was 0.053786 milliseconds in repetition 178
tcp_ping received 6144 bytes back
Round trip time was 0.053665 milliseconds in repetition 179
tcp_ping received 6144 bytes back
Round trip time was 0.053834 milliseconds in repetition 180
tcp_ping received 6144 bytes back
Round trip time was 0.054053 milliseconds in repetition 181
tcp_ping received 6144 bytes back
Round trip time was 0.054553 milliseconds in repetition 182
tcp_ping received 6144 bytes back
Round trip time was 0.054002 milliseconds in repetition 183
tcp_ping received 6144 bytes back
Round trip time was 0.054453 milliseconds in repetition 184
tcp_ping received 6144 bytes back
Round trip time was 0.054661 milliseconds in repetition 185
tcp_ping received 6144 bytes back
Round trip time was 0.054217 milliseconds in repetition 186
tcp_ping received 6144 bytes back
Round trip time was 0.054682 milliseconds in repetition 187
tcp_ping received 6144 bytes back
Round trip time was 0.054239 milliseconds in repetition 188
tcp_ping received 6144 bytes back
Round trip time was 0.061871 milliseconds in repetition 189
tcp_ping received 6144 bytes back
Round trip time was 0.055843 milliseconds in repetition 190
tcp_ping received 6144 bytes back
Round trip time was 0.054489 milliseconds in repetition 191
tcp_ping received 6144 bytes back
Round trip time was 0.106968 milliseconds in repetition 192
tcp_ping received 6144 bytes back
Round trip time was 0.076508 milliseconds in repetition 193
tcp_ping received 6144 bytes back
Round trip time was 0.066829 milliseconds in repetition 194
tcp_ping received 6144 bytes back
Round trip time was 0.074109 milliseconds in repetition 195
tcp_ping received 6144 bytes back
Round trip time was 0.068659 milliseconds in repetition 196
tcp_ping received 6144 bytes back
Round trip time was 0.071263 milliseconds in repetition 197
tcp_ping received 6144 bytes back
Round trip time was 0.080857 milliseconds in repetition 198
tcp_ping received 6144 bytes back
Round trip time was 0.059979 milliseconds in repetition 199
tcp_ping received 6144 bytes back
Round trip time was 0.056836 milliseconds in repetition 200
tcp_ping received 6144 bytes back
Round trip time was 0.054748 milliseconds in repetition 201
tcp_ping received 6144 bytes back
Round trip time was 0.058406 milliseconds in repetition 202
tcp_ping received 6144 bytes back
Round trip time was 0.062761 milliseconds in repetition 203
tcp_ping received 6144 bytes back
Round trip time was 0.059897 milliseconds in repetition 204
tcp_ping received 6144 bytes back
Round trip time was 0.05727 milliseconds in repetition 205
tcp_ping received 6144 bytes back
Round trip time was 0.056891 milliseconds in repetition 206
tcp_ping received 6144 bytes back
Round trip time was 0.054282 milliseconds in repetition 207
tcp_ping received 6144 bytes back
Round trip time was 0.0555 milliseconds in repetition 208
tcp_ping received 6144 bytes back
Round trip time was 0.057589 milliseconds in repetition 209
tcp_ping received 6144 bytes back
Round trip time was 0.062863 milliseconds in repetition 210
tcp_ping received 6144 bytes back
Round trip time was 0.066239 milliseconds in repetition 211
tcp_ping received 6144 bytes back
Round trip time was 0.064247 milliseconds in repetition 212
tcp_ping received 6144 bytes back
Round trip time was 0.062981 milliseconds in repetition 213
tcp_ping received 6144 bytes back
Round trip time was 0.056897 milliseconds in repetition 214
tcp_ping received 6144 bytes back
Round trip time was 0.053725 milliseconds in repetition 215
tcp_ping received 6144 bytes back
Round trip time was 0.053644 milliseconds in repetition 216
tcp_ping received 6144 bytes back
Round trip time was 0.053146 milliseconds in repetition 217
tcp_ping received 6144 bytes back
Round trip time was 0.090276 milliseconds in repetition 218
tcp_ping received 6144 bytes back
Round trip time was 0.075254 milliseconds in repetition 219
tcp_ping received 6144 bytes back
Round trip time was 0.056762 milliseconds in repetition 220
tcp_ping received 6144 bytes back
Round trip time was 0.079789 milliseconds in repetition 221
tcp_ping received 6144 bytes back
Round trip time was 0.074434 milliseconds in repetition 222
tcp_ping received 6144 bytes back
Round trip time was 0.064878 milliseconds in repetition 223
tcp_ping received 6144 bytes back
Round trip time was 0.062331 milliseconds in repetition 224
tcp_ping received 6144 bytes back
Round trip time was 0.069676 milliseconds in repetition 225
tcp_ping received 6144 bytes back
Round trip time was 0.080739 milliseconds in repetition 226
tcp_ping received 6144 bytes back
Round trip time was 0.097853 milliseconds in repetition 227
tcp_ping received 6144 bytes back
Round trip time was 0.06027 milliseconds in repetition 228
tcp_ping received 6144 bytes back
Round trip time was 0.054424 milliseconds in repetition 229
tcp_ping received 6144 bytes back
Round trip time was 0.053686 milliseconds in repetition 230
tcp_ping received 6144 bytes back
Round trip time was 0.053589 milliseconds in repetition 231
tcp_ping received 6144 bytes back
Round trip time was 0.053601 milliseconds in repetition 232
tcp_ping received 6144 bytes back
Round trip time was 0.055092 milliseconds in repetition 233
tcp_ping received 6144 bytes back
Round trip time was 0.067934 milliseconds in repetition 234
tcp_ping received 6144 bytes back
Round trip time was 0.058527 milliseconds in repetition 235
tcp_ping received 6144 bytes back
Round trip time was 0.054298 milliseconds in repetition 236
tcp_ping received 6144 bytes back
Round trip time was 0.054224 milliseconds in repetition 237
tcp_ping received 6144 bytes back
Round trip time was 0.053379 milliseconds in repetition 238
tcp_ping received 6144 bytes back
Round trip time was 0.05357 milliseconds in repetition 239
tcp_ping received 6144 bytes back
Round trip time was 0.053728 milliseconds in repetition 240
tcp_ping received 6144 bytes back
Round trip time was 0.053728 milliseconds in repetition 241
tcp_ping received 6144 bytes back
Round trip time was 0.053888 milliseconds in repetition 242
tcp_ping received 6144 bytes back
Round trip time was 0.054702 milliseconds in repetition 243
tcp_ping received 6144 bytes back
Round trip time was 0.053318 milliseconds in repetition 244
tcp_ping received 6144 bytes back
Round trip time was 0.053115 milliseconds in repetition 245
tcp_ping received 6144 bytes back
Round trip time was 0.052956 milliseconds in repetition 246
tcp_ping received 6144 bytes back
Round trip time was 0.053012 milliseconds in repetition 247
tcp_ping received 6144 bytes back
Round trip time was 0.052948 milliseconds in repetition 248
tcp_ping received 6144 bytes back
Round trip time was 0.053116 milliseconds in repetition 249
tcp_ping received 6144 bytes back
Round trip time was 0.053954 milliseconds in repetition 250
tcp_ping received 6144 bytes back
Round trip time was 0.052903 milliseconds in repetition 251
tcp_ping received 6144 bytes back
Round trip time was 0.05328 milliseconds in repetition 252
tcp_ping received 6144 bytes back
Round trip time was 0.052986 milliseconds in repetition 253
tcp_ping received 6144 bytes back
Round trip time was 0.053027 milliseconds in repetition 254
tcp_ping received 6144 bytes back
Round trip time was 0.053341 milliseconds in repetition 255
tcp_ping received 6144 bytes back
Round trip time was 0.053115 milliseconds in repetition 256
tcp_ping received 6144 bytes back
Round trip time was 0.053208 milliseconds in repetition 257
tcp_ping received 6144 bytes back
Round trip time was 0.053531 milliseconds in repetition 258
tcp_ping received 6144 bytes back
Round trip time was 0.053699 milliseconds in repetition 259
tcp_ping received 6144 bytes back
Round trip time was 0.05404 milliseconds in repetition 260
tcp_ping received 6144 bytes back
Round trip time was 0.053657 milliseconds in repetition 261
tcp_ping received 6144 bytes back
Round trip time was 0.058482 milliseconds in repetition 262
tcp_ping received 6144 bytes back
Round trip time was 0.053329 milliseconds in repetition 263
tcp_ping received 6144 bytes back
Round trip time was 0.053066 milliseconds in repetition 264
tcp_ping received 6144 bytes back
Round trip time was 0.053577 milliseconds in repetition 265
tcp_ping received 6144 bytes back
Round trip time was 0.053192 milliseconds in repetition 266
tcp_ping received 6144 bytes back
Round trip time was 0.053272 milliseconds in repetition 267
tcp_ping received 6144 bytes back
Round trip time was 0.053203 milliseconds in repetition 268
tcp_ping received 6144 bytes back
Round trip time was 0.052901 milliseconds in repetition 269
tcp_ping received 6144 bytes back
Round trip time was 0.052998 milliseconds in repetition 270
tcp_ping received 6144 bytes back
Round trip time was 0.052929 milliseconds in repetition 271
tcp_ping received 6144 bytes back
Round trip time was 0.099424 milliseconds in repetition 272
tcp_ping received 6144 bytes back
Round trip time was 0.059806 milliseconds in repetition 273
tcp_ping received 6144 bytes back
Round trip time was 0.057867 milliseconds in repetition 274
tcp_ping received 6144 bytes back
Round trip time was 0.055292 milliseconds in repetition 275
tcp_ping received 6144 bytes back
Round trip time was 0.053579 milliseconds in repetition 276
tcp_ping received 6144 bytes back
Round trip time was 0.053555 milliseconds in repetition 277
tcp_ping received 6144 bytes back
Round trip time was 0.053594 milliseconds in repetition 278
tcp_ping received 6144 bytes back
Round trip time was 0.053577 milliseconds in repetition 279
tcp_ping received 6144 bytes back
Round trip time was 0.05335 milliseconds in repetition 280
tcp_ping received 6144 bytes back
Round trip time was 0.053498 milliseconds in repetition 281
tcp_ping received 6144 bytes back
Round trip time was 0.053508 milliseconds in repetition 282
tcp_ping received 6144 bytes back
Round trip time was 0.053216 milliseconds in repetition 283
tcp_ping received 6144 bytes back
Round trip time was 0.053476 milliseconds in repetition 284
tcp_ping received 6144 bytes back
Round trip time was 0.053663 milliseconds in repetition 285
tcp_ping received 6144 bytes back
Round trip time was 0.053368 milliseconds in repetition 286
tcp_ping received 6144 bytes back
Round trip time was 0.053173 milliseconds in repetition 287
tcp_ping received 6144 bytes back
Round trip time was 0.053206 milliseconds in repetition 288
tcp_ping received 6144 bytes back
Round trip time was 0.053391 milliseconds in repetition 289
tcp_ping received 6144 bytes back
Round trip time was 0.065064 milliseconds in repetition 290
tcp_ping received 6144 bytes back
Round trip time was 0.056415 milliseconds in repetition 291
tcp_ping received 6144 bytes back
Round trip time was 0.057758 milliseconds in repetition 292
tcp_ping received 6144 bytes back
Round trip time was 0.146753 milliseconds in repetition 293
tcp_ping received 6144 bytes back
Round trip time was 0.126644 milliseconds in repetition 294
tcp_ping received 6144 bytes back
Round trip time was 0.133418 milliseconds in repetition 295
tcp_ping received 6144 bytes back
Round trip time was 0.070832 milliseconds in repetition 296
tcp_ping received 6144 bytes back
Round trip time was 0.141565 milliseconds in repetition 297
tcp_ping received 6144 bytes back
Round trip time was 0.084057 milliseconds in repetition 298
tcp_ping received 6144 bytes back
Round trip time was 0.086167 milliseconds in repetition 299
tcp_ping received 6144 bytes back
Round trip time was 0.069367 milliseconds in repetition 300
tcp_ping received 6144 bytes back
Round trip time was 0.070159 milliseconds in repetition 301
tcp_ping received 6144 bytes back
Round trip time was 0.062355 milliseconds in repetition 302
tcp_ping received 6144 bytes back
Round trip time was 0.067197 milliseconds in repetition 303
tcp_ping received 6144 bytes back
Round trip time was 0.119422 milliseconds in repetition 304
tcp_ping received 6144 bytes back
Round trip time was 0.070047 milliseconds in repetition 305
tcp_ping received 6144 bytes back
Round trip time was 0.120618 milliseconds in repetition 306
tcp_ping received 6144 bytes back
Round trip time was 0.143524 milliseconds in repetition 307
tcp_ping received 6144 bytes back
Round trip time was 0.070949 milliseconds in repetition 308
tcp_ping received 6144 bytes back
Round trip time was 0.138905 milliseconds in repetition 309
tcp_ping received 6144 bytes back
Round trip time was 0.124311 milliseconds in repetition 310
tcp_ping received 6144 bytes back
Round trip time was 0.071804 milliseconds in repetition 311
tcp_ping received 6144 bytes back
Round trip time was 0.069094 milliseconds in repetition 312
tcp_ping received 6144 bytes back
Round trip time was 0.057158 milliseconds in repetition 313
tcp_ping received 6144 bytes back
Round trip time was 0.060824 milliseconds in repetition 314
tcp_ping received 6144 bytes back
Round trip time was 0.081294 milliseconds in repetition 315
tcp_ping received 6144 bytes back
Round trip time was 0.056473 milliseconds in repetition 316
tcp_ping received 6144 bytes back
Round trip time was 0.054395 milliseconds in repetition 317
tcp_ping received 6144 bytes back
Round trip time was 0.059717 milliseconds in repetition 318
tcp_ping received 6144 bytes back
Round trip time was 0.076846 milliseconds in repetition 319
tcp_ping received 6144 bytes back
Round trip time was 0.072366 milliseconds in repetition 320
tcp_ping received 6144 bytes back
Round trip time was 0.06505 milliseconds in repetition 321
tcp_ping received 6144 bytes back
Round trip time was 0.05562 milliseconds in repetition 322
tcp_ping received 6144 bytes back
Round trip time was 0.055 milliseconds in repetition 323
tcp_ping received 6144 bytes back
Round trip time was 0.061607 milliseconds in repetition 324
tcp_ping received 6144 bytes back
Round trip time was 0.059059 milliseconds in repetition 325
tcp_ping received 6144 bytes back
Round trip time was 0.074664 milliseconds in repetition 326
tcp_ping received 6144 bytes back
Round trip time was 0.057165 milliseconds in repetition 327
tcp_ping received 6144 bytes back
Round trip time was 0.054041 milliseconds in repetition 328
tcp_ping received 6144 bytes back
Round trip time was 0.05352 milliseconds in repetition 329
tcp_ping received 6144 bytes back
Round trip time was 0.090792 milliseconds in repetition 330
tcp_ping received 6144 bytes back
Round trip time was 0.057553 milliseconds in repetition 331
tcp_ping received 6144 bytes back
Round trip time was 0.055868 milliseconds in repetition 332
tcp_ping received 6144 bytes back
Round trip time was 0.054922 milliseconds in repetition 333
tcp_ping received 6144 bytes back
Round trip time was 0.05478 milliseconds in repetition 334
tcp_ping received 6144 bytes back
Round trip time was 0.057322 milliseconds in repetition 335
tcp_ping received 6144 bytes back
Round trip time was 0.058725 milliseconds in repetition 336
tcp_ping received 6144 bytes back
Round trip time was 0.056217 milliseconds in repetition 337
tcp_ping received 6144 bytes back
Round trip time was 0.054142 milliseconds in repetition 338
tcp_ping received 6144 bytes back
Round trip time was 0.053746 milliseconds in repetition 339
tcp_ping received 6144 bytes back
Round trip time was 0.054401 milliseconds in repetition 340
tcp_ping received 6144 bytes back
Round trip time was 0.054253 milliseconds in repetition 341
tcp_ping received 6144 bytes back
Round trip time was 0.053805 milliseconds in repetition 342
tcp_ping received 6144 bytes back
Round trip time was 0.055232 milliseconds in repetition 343
tcp_ping received 6144 bytes back
Round trip time was 0.053694 milliseconds in repetition 344
tcp_ping received 6144 bytes back
Round trip time was 0.066044 milliseconds in repetition 345
tcp_ping received 6144 bytes back
Round trip time was 0.05712 milliseconds in repetition 346
tcp_ping received 6144 bytes back
Round trip time was 0.058205 milliseconds in repetition 347
tcp_ping received 6144 bytes back
Round trip time was 0.055731 milliseconds in repetition 348
tcp_ping received 6144 bytes back
Round trip time was 0.053746 milliseconds in repetition 349
tcp_ping received 6144 bytes back
Round trip time was 0.058791 milliseconds in repetition 350
tcp_ping received 6144 bytes back
Round trip time was 0.05954 milliseconds in repetition 351
tcp_ping received 6144 bytes back
Round trip time was 0.054082 milliseconds in repetition 352
tcp_ping received 6144 bytes back
Round trip time was 0.053711 milliseconds in repetition 353
tcp_ping received 6144 bytes back
Round trip time was 0.054361 milliseconds in repetition 354
tcp_ping received 6144 bytes back
Round trip time was 0.054796 milliseconds in repetition 355
tcp_ping received 6144 bytes back
Round trip time was 0.055148 milliseconds in repetition 356
tcp_ping received 6144 bytes back
Round trip time was 0.062033 milliseconds in repetition 357
tcp_ping received 6144 bytes back
Round trip time was 0.089509 milliseconds in repetition 358
tcp_ping received 6144 bytes back
Round trip time was 0.099315 milliseconds in repetition 359
tcp_ping received 6144 bytes back
Round trip time was 0.126377 milliseconds in repetition 360
tcp_ping received 6144 bytes back
Round trip time was 0.110382 milliseconds in repetition 361
tcp_ping received 6144 bytes back
Round trip time was 0.059142 milliseconds in repetition 362
tcp_ping received 6144 bytes back
Round trip time was 0.054291 milliseconds in repetition 363
tcp_ping received 6144 bytes back
Round trip time was 0.053745 milliseconds in repetition 364
tcp_ping received 6144 bytes back
Round trip time was 0.054645 milliseconds in repetition 365
tcp_ping received 6144 bytes back
Round trip time was 0.053399 milliseconds in repetition 366
tcp_ping received 6144 bytes back
Round trip time was 0.053652 milliseconds in repetition 367
tcp_ping received 6144 bytes back
Round trip time was 0.053753 milliseconds in repetition 368
tcp_ping received 6144 bytes back
Round trip time was 0.053777 milliseconds in repetition 369
tcp_ping received 6144 bytes back
Round trip time was 0.053613 milliseconds in repetition 370
tcp_ping received 6144 bytes back
Round trip time was 0.053759 milliseconds in repetition 371
tcp_ping received 6144 bytes back
Round trip time was 0.053797 milliseconds in repetition 372
tcp_ping received 6144 bytes back
Round trip time was 0.053668 milliseconds in repetition 373
tcp_ping received 6144 bytes back
Round trip time was 0.053764 milliseconds in repetition 374
tcp_ping received 6144 bytes back
Round trip time was 0.05339 milliseconds in repetition 375
tcp_ping received 6144 bytes back
Round trip time was 0.053325 milliseconds in repetition 376
tcp_ping received 6144 bytes back
Round trip time was 0.053674 milliseconds in repetition 377
tcp_ping received 6144 bytes back
Round trip time was 0.056389 milliseconds in repetition 378
tcp_ping received 6144 bytes back
Round trip time was 0.053361 milliseconds in repetition 379
tcp_ping received 6144 bytes back
Round trip time was 0.053734 milliseconds in repetition 380
tcp_ping received 6144 bytes back
Round trip time was 0.067511 milliseconds in repetition 381
tcp_ping received 6144 bytes back
Round trip time was 0.0557 milliseconds in repetition 382
tcp_ping received 6144 bytes back
Round trip time was 0.053875 milliseconds in repetition 383
tcp_ping received 6144 bytes back
Round trip time was 0.053897 milliseconds in repetition 384
tcp_ping received 6144 bytes back
Round trip time was 0.053589 milliseconds in repetition 385
tcp_ping received 6144 bytes back
Round trip time was 0.053851 milliseconds in repetition 386
tcp_ping received 6144 bytes back
Round trip time was 0.053544 milliseconds in repetition 387
tcp_ping received 6144 bytes back
Round trip time was 0.053973 milliseconds in repetition 388
tcp_ping received 6144 bytes back
Round trip time was 0.053965 milliseconds in repetition 389
tcp_ping received 6144 bytes back
Round trip time was 0.054012 milliseconds in repetition 390
tcp_ping received 6144 bytes back
Round trip time was 0.053618 milliseconds in repetition 391
tcp_ping received 6144 bytes back
Round trip time was 0.053333 milliseconds in repetition 392
tcp_ping received 6144 bytes back
Round trip time was 0.057379 milliseconds in repetition 393
tcp_ping received 6144 bytes back
Round trip time was 0.054098 milliseconds in repetition 394
tcp_ping received 6144 bytes back
Round trip time was 0.053396 milliseconds in repetition 395
tcp_ping received 6144 bytes back
Round trip time was 0.053922 milliseconds in repetition 396
tcp_ping received 6144 bytes back
Round trip time was 0.053538 milliseconds in repetition 397
tcp_ping received 6144 bytes back
Round trip time was 0.053574 milliseconds in repetition 398
tcp_ping received 6144 bytes back
Round trip time was 0.053429 milliseconds in repetition 399
tcp_ping received 6144 bytes back
Round trip time was 0.05373 milliseconds in repetition 400
tcp_ping received 6144 bytes back
Round trip time was 0.053414 milliseconds in repetition 401
tcp_ping received 6144 bytes back
Round trip time was 0.053612 milliseconds in repetition 402
tcp_ping received 6144 bytes back
Round trip time was 0.053529 milliseconds in repetition 403
tcp_ping received 6144 bytes back
Round trip time was 0.053028 milliseconds in repetition 404
tcp_ping received 6144 bytes back
Round trip time was 0.053125 milliseconds in repetition 405
tcp_ping received 6144 bytes back
Round trip time was 0.053263 milliseconds in repetition 406
tcp_ping received 6144 bytes back
Round trip time was 0.05321 milliseconds in repetition 407
tcp_ping received 6144 bytes back
Round trip time was 0.053499 milliseconds in repetition 408
tcp_ping received 6144 bytes back
Round trip time was 0.053445 milliseconds in repetition 409
tcp_ping received 6144 bytes back
Round trip time was 0.053187 milliseconds in repetition 410
tcp_ping received 6144 bytes back
Round trip time was 0.05637 milliseconds in repetition 411
tcp_ping received 6144 bytes back
Round trip time was 0.118542 milliseconds in repetition 412
tcp_ping received 6144 bytes back
Round trip time was 0.061274 milliseconds in repetition 413
tcp_ping received 6144 bytes back
Round trip time was 0.056499 milliseconds in repetition 414
tcp_ping received 6144 bytes back
Round trip time was 0.05514 milliseconds in repetition 415
tcp_ping received 6144 bytes back
Round trip time was 0.054728 milliseconds in repetition 416
tcp_ping received 6144 bytes back
Round trip time was 0.054585 milliseconds in repetition 417
tcp_ping received 6144 bytes back
Round trip time was 0.054379 milliseconds in repetition 418
tcp_ping received 6144 bytes back
Round trip time was 0.05422 milliseconds in repetition 419
tcp_ping received 6144 bytes back
Round trip time was 0.054597 milliseconds in repetition 420
tcp_ping received 6144 bytes back
Round trip time was 0.054453 milliseconds in repetition 421
tcp_ping received 6144 bytes back
Round trip time was 0.056791 milliseconds in repetition 422
tcp_ping received 6144 bytes back
Round trip time was 0.054226 milliseconds in repetition 423
tcp_ping received 6144 bytes back
Round trip time was 0.054453 milliseconds in repetition 424
tcp_ping received 6144 bytes back
Round trip time was 0.054517 milliseconds in repetition 425
tcp_ping received 6144 bytes back
Round trip time was 0.054456 milliseconds in repetition 426
tcp_ping received 6144 bytes back
Round trip time was 0.055818 milliseconds in repetition 427
tcp_ping received 6144 bytes back
Round trip time was 0.056782 milliseconds in repetition 428
tcp_ping received 6144 bytes back
Round trip time was 0.054046 milliseconds in repetition 429
tcp_ping received 6144 bytes back
Round trip time was 0.054123 milliseconds in repetition 430
tcp_ping received 6144 bytes back
Round trip time was 0.054551 milliseconds in repetition 431
tcp_ping received 6144 bytes back
Round trip time was 0.054073 milliseconds in repetition 432
tcp_ping received 6144 bytes back
Round trip time was 0.054177 milliseconds in repetition 433
tcp_ping received 6144 bytes back
Round trip time was 0.054615 milliseconds in repetition 434
tcp_ping received 6144 bytes back
Round trip time was 0.054493 milliseconds in repetition 435
tcp_ping received 6144 bytes back
Round trip time was 0.05421 milliseconds in repetition 436
tcp_ping received 6144 bytes back
Round trip time was 0.062903 milliseconds in repetition 437
tcp_ping received 6144 bytes back
Round trip time was 0.054691 milliseconds in repetition 438
tcp_ping received 6144 bytes back
Round trip time was 0.05448 milliseconds in repetition 439
tcp_ping received 6144 bytes back
Round trip time was 0.054245 milliseconds in repetition 440
tcp_ping received 6144 bytes back
Round trip time was 0.05428 milliseconds in repetition 441
tcp_ping received 6144 bytes back
Round trip time was 0.05435 milliseconds in repetition 442
tcp_ping received 6144 bytes back
Round trip time was 0.054111 milliseconds in repetition 443
tcp_ping received 6144 bytes back
Round trip time was 0.054824 milliseconds in repetition 444
tcp_ping received 6144 bytes back
Round trip time was 0.054013 milliseconds in repetition 445
tcp_ping received 6144 bytes back
Round trip time was 0.055169 milliseconds in repetition 446
tcp_ping received 6144 bytes back
Round trip time was 0.069177 milliseconds in repetition 447
tcp_ping received 6144 bytes back
Round trip time was 0.05504 milliseconds in repetition 448
tcp_ping received 6144 bytes back
Round trip time was 0.059048 milliseconds in repetition 449
tcp_ping received 6144 bytes back
Round trip time was 0.082858 milliseconds in repetition 450
tcp_ping received 6144 bytes back
Round trip time was 0.128274 milliseconds in repetition 451
tcp_ping received 6144 bytes back
Round trip time was 0.134013 milliseconds in repetition 452
tcp_ping received 6144 bytes back
Round trip time was 0.06371 milliseconds in repetition 453
tcp_ping received 6144 bytes back
Round trip time was 0.136868 milliseconds in repetition 454
tcp_ping received 6144 bytes back
Round trip time was 0.127667 milliseconds in repetition 455
tcp_ping received 6144 bytes back
Round trip time was 0.138574 milliseconds in repetition 456
tcp_ping received 6144 bytes back
Round trip time was 0.066978 milliseconds in repetition 457
tcp_ping received 6144 bytes back
Round trip time was 0.054585 milliseconds in repetition 458
tcp_ping received 6144 bytes back
Round trip time was 0.053719 milliseconds in repetition 459
tcp_ping received 6144 bytes back
Round trip time was 0.053566 milliseconds in repetition 460
tcp_ping received 6144 bytes back
Round trip time was 0.053509 milliseconds in repetition 461
tcp_ping received 6144 bytes back
Round trip time was 0.053654 milliseconds in repetition 462
tcp_ping received 6144 bytes back
Round trip time was 0.053886 milliseconds in repetition 463
tcp_ping received 6144 bytes back
Round trip time was 0.053811 milliseconds in repetition 464
tcp_ping received 6144 bytes back
Round trip time was 0.060774 milliseconds in repetition 465
tcp_ping received 6144 bytes back
Round trip time was 0.060069 milliseconds in repetition 466
tcp_ping received 6144 bytes back
Round trip time was 0.055018 milliseconds in repetition 467
tcp_ping received 6144 bytes back
Round trip time was 0.05501 milliseconds in repetition 468
tcp_ping received 6144 bytes back
Round trip time was 0.068622 milliseconds in repetition 469
tcp_ping received 6144 bytes back
Round trip time was 0.162708 milliseconds in repetition 470
tcp_ping received 6144 bytes back
Round trip time was 0.086233 milliseconds in repetition 471
tcp_ping received 6144 bytes back
Round trip time was 0.075699 milliseconds in repetition 472
tcp_ping received 6144 bytes back
Round trip time was 0.144672 milliseconds in repetition 473
tcp_ping received 6144 bytes back
Round trip time was 0.081483 milliseconds in repetition 474
tcp_ping received 6144 bytes back
Round trip time was 0.080757 milliseconds in repetition 475
tcp_ping received 6144 bytes back
Round trip time was 0.093525 milliseconds in repetition 476
tcp_ping received 6144 bytes back
Round trip time was 0.138444 milliseconds in repetition 477
tcp_ping received 6144 bytes back
Round trip time was 0.114289 milliseconds in repetition 478
tcp_ping received 6144 bytes back
Round trip time was 0.094153 milliseconds in repetition 479
tcp_ping received 6144 bytes back
Round trip time was 0.093599 milliseconds in repetition 480
tcp_ping received 6144 bytes back
Round trip time was 0.073132 milliseconds in repetition 481
tcp_ping received 6144 bytes back
Round trip time was 0.064774 milliseconds in repetition 482
tcp_ping received 6144 bytes back
Round trip time was 0.057291 milliseconds in repetition 483
tcp_ping received 6144 bytes back
Round trip time was 0.056035 milliseconds in repetition 484
tcp_ping received 6144 bytes back
Round trip time was 0.05719 milliseconds in repetition 485
tcp_ping received 6144 bytes back
Round trip time was 0.06033 milliseconds in repetition 486
tcp_ping received 6144 bytes back
Round trip time was 0.059623 milliseconds in repetition 487
tcp_ping received 6144 bytes back
Round trip time was 0.05653 milliseconds in repetition 488
tcp_ping received 6144 bytes back
Round trip time was 0.056011 milliseconds in repetition 489
tcp_ping received 6144 bytes back
Round trip time was 0.058058 milliseconds in repetition 490
tcp_ping received 6144 bytes back
Round trip time was 0.056306 milliseconds in repetition 491
tcp_ping received 6144 bytes back
Round trip time was 0.056701 milliseconds in repetition 492
tcp_ping received 6144 bytes back
Round trip time was 0.05652 milliseconds in repetition 493
tcp_ping received 6144 bytes back
Round trip time was 0.05535 milliseconds in repetition 494
tcp_ping received 6144 bytes back
Round trip time was 0.094214 milliseconds in repetition 495
tcp_ping received 6144 bytes back
Round trip time was 0.071205 milliseconds in repetition 496
tcp_ping received 6144 bytes back
Round trip time was 0.062252 milliseconds in repetition 497
tcp_ping received 6144 bytes back
Round trip time was 0.060939 milliseconds in repetition 498
tcp_ping received 6144 bytes back
Round trip time was 0.061058 milliseconds in repetition 499
tcp_ping received 6144 bytes back
Round trip time was 0.060505 milliseconds in repetition 500
tcp_ping received 6144 bytes back
Round trip time was 0.072688 milliseconds in repetition 501

 ... clock resolution was 1e-06
TCP Ping:  Statistics over 501 repetitions of 6144 byte messages

RTT : percentile 10: 0.053264, median: 0.054379, percentile 90: 0.076846, average: 0.061721, variance: 0.000317852

RTT histogram:
0.0525395 296
0.0580479 84
0.0635564 34
0.0690648 22
0.0745733 15
0.0800817 8
0.0855902 6
0.0910986 6
0.0966071 5
0.102116 2
0.107624 1
0.113132 2
0.118641 3
0.124149 3
0.129658 3
0.135166 3
0.140675 4
0.146183 3
0.151692 0
0.1572 0
0.162708 1

   median Throughput : 225970 KB/s   overall Throughput : 199090 KB/s

