TCP Ping trying to connect to server localhost (127.0.0.1) on port 1491

... connected to Pong server: asking for 501 repetitions of 32768 bytes TCP messages
 ... Pong server agreed :-)
tcp_ping received 32768 bytes back
Round trip time was 0.176794 milliseconds in repetition 1
tcp_ping received 32768 bytes back
Round trip time was 0.150786 milliseconds in repetition 2
tcp_ping received 32768 bytes back
Round trip time was 0.151637 milliseconds in repetition 3
tcp_ping received 32768 bytes back
Round trip time was 0.142721 milliseconds in repetition 4
tcp_ping received 32768 bytes back
Round trip time was 0.127861 milliseconds in repetition 5
tcp_ping received 32768 bytes back
Round trip time was 0.126411 milliseconds in repetition 6
tcp_ping received 32768 bytes back
Round trip time was 0.14088 milliseconds in repetition 7
tcp_ping received 32768 bytes back
Round trip time was 0.2263 milliseconds in repetition 8
tcp_ping received 32768 bytes back
Round trip time was 0.132828 milliseconds in repetition 9
tcp_ping received 32768 bytes back
Round trip time was 0.123321 milliseconds in repetition 10
tcp_ping received 32768 bytes back
Round trip time was 0.136989 milliseconds in repetition 11
tcp_ping received 32768 bytes back
Round trip time was 0.125716 milliseconds in repetition 12
tcp_ping received 32768 bytes back
Round trip time was 0.123177 milliseconds in repetition 13
tcp_ping received 32768 bytes back
Round trip time was 0.123603 milliseconds in repetition 14
tcp_ping received 32768 bytes back
Round trip time was 0.123811 milliseconds in repetition 15
tcp_ping received 32768 bytes back
Round trip time was 0.124146 milliseconds in repetition 16
tcp_ping received 32768 bytes back
Round trip time was 0.123651 milliseconds in repetition 17
tcp_ping received 32768 bytes back
Round trip time was 0.123297 milliseconds in repetition 18
tcp_ping received 32768 bytes back
Round trip time was 0.147307 milliseconds in repetition 19
tcp_ping received 32768 bytes back
Round trip time was 0.123881 milliseconds in repetition 20
tcp_ping received 32768 bytes back
Round trip time was 0.123286 milliseconds in repetition 21
tcp_ping received 32768 bytes back
Round trip time was 0.131204 milliseconds in repetition 22
tcp_ping received 32768 bytes back
Round trip time was 0.123794 milliseconds in repetition 23
tcp_ping received 32768 bytes back
Round trip time was 0.123069 milliseconds in repetition 24
tcp_ping received 32768 bytes back
Round trip time was 0.123398 milliseconds in repetition 25
tcp_ping received 32768 bytes back
Round trip time was 0.123834 milliseconds in repetition 26
tcp_ping received 32768 bytes back
Round trip time was 0.128815 milliseconds in repetition 27
tcp_ping received 32768 bytes back
Round trip time was 0.123415 milliseconds in repetition 28
tcp_ping received 32768 bytes back
Round trip time was 0.123901 milliseconds in repetition 29
tcp_ping received 32768 bytes back
Round trip time was 0.135891 milliseconds in repetition 30
tcp_ping received 32768 bytes back
Round trip time was 0.139974 milliseconds in repetition 31
tcp_ping received 32768 bytes back
Round trip time was 0.147315 milliseconds in repetition 32
tcp_ping received 32768 bytes back
Round trip time was 0.152893 milliseconds in repetition 33
tcp_ping received 32768 bytes back
Round trip time was 0.166736 milliseconds in repetition 34
tcp_ping received 32768 bytes back
Round trip time was 0.198217 milliseconds in repetition 35
tcp_ping received 32768 bytes back
Round trip time was 0.195171 milliseconds in repetition 36
tcp_ping received 32768 bytes back
Round trip time was 0.141896 milliseconds in repetition 37
tcp_ping received 32768 bytes back
Round trip time was 0.125914 milliseconds in repetition 38
tcp_ping received 32768 bytes back
Round trip time was 0.126376 milliseconds in repetition 39
tcp_ping received 32768 bytes back
Round trip time was 0.223949 milliseconds in repetition 40
tcp_ping received 32768 bytes back
Round trip time was 0.130291 milliseconds in repetition 41
tcp_ping received 32768 bytes back
Round trip time was 0.148053 milliseconds in repetition 42
tcp_ping received 32768 bytes back
Round trip time was 0.205885 milliseconds in repetition 43
tcp_ping received 32768 bytes back
Round trip time was 0.146937 milliseconds in repetition 44
tcp_ping received 32768 bytes back
Round trip time was 0.177324 milliseconds in repetition 45
tcp_ping received 32768 bytes back
Round trip time was 0.134243 milliseconds in repetition 46
tcp_ping received 32768 bytes back
Round trip time was 0.194174 milliseconds in repetition 47
tcp_ping received 32768 bytes back
Round trip time was 0.143222 milliseconds in repetition 48
tcp_ping received 32768 bytes back
Round trip time was 0.182586 milliseconds in repetition 49
tcp_ping received 32768 bytes back
Round trip time was 0.167626 milliseconds in repetition 50
tcp_ping received 32768 bytes back
Round trip time was 0.1539 milliseconds in repetition 51
tcp_ping received 32768 bytes back
Round trip time was 0.209716 milliseconds in repetition 52
tcp_ping received 32768 bytes back
Round trip time was 0.141822 milliseconds in repetition 53
tcp_ping received 32768 bytes back
Round trip time was 0.128196 milliseconds in repetition 54
tcp_ping received 32768 bytes back
Round trip time was 0.189274 milliseconds in repetition 55
tcp_ping received 32768 bytes back
Round trip time was 0.123628 milliseconds in repetition 56
tcp_ping received 32768 bytes back
Round trip time was 0.122369 milliseconds in repetition 57
tcp_ping received 32768 bytes back
Round trip time was 0.122015 milliseconds in repetition 58
tcp_ping received 32768 bytes back
Round trip time was 0.122542 milliseconds in repetition 59
tcp_ping received 32768 bytes back
Round trip time was 0.122369 milliseconds in repetition 60
tcp_ping received 32768 bytes back
Round trip time was 0.121976 milliseconds in repetition 61
tcp_ping received 32768 bytes back
Round trip time was 0.122272 milliseconds in repetition 62
tcp_ping received 32768 bytes back
Round trip time was 0.122419 milliseconds in repetition 63
tcp_ping received 32768 bytes back
Round trip time was 0.123113 milliseconds in repetition 64
tcp_ping received 32768 bytes back
Round trip time was 0.121917 milliseconds in repetition 65
tcp_ping received 32768 bytes back
Round trip time was 0.121994 milliseconds in repetition 66
tcp_ping received 32768 bytes back
Round trip time was 0.121525 milliseconds in repetition 67
tcp_ping received 32768 bytes back
Round trip time was 0.122265 milliseconds in repetition 68
tcp_ping received 32768 bytes back
Round trip time was 0.121833 milliseconds in repetition 69
tcp_ping received 32768 bytes back
Round trip time was 0.12173 milliseconds in repetition 70
tcp_ping received 32768 bytes back
Round trip time was 0.121953 milliseconds in repetition 71
tcp_ping received 32768 bytes back
Round trip time was 0.122152 milliseconds in repetition 72
tcp_ping received 32768 bytes back
Round trip time was 0.121911 milliseconds in repetition 73
tcp_ping received 32768 bytes back
Round trip time was 0.121879 milliseconds in repetition 74
tcp_ping received 32768 bytes back
Round trip time was 0.122401 milliseconds in repetition 75
tcp_ping received 32768 bytes back
Round trip time was 0.121734 milliseconds in repetition 76
tcp_ping received 32768 bytes back
Round trip time was 0.121848 milliseconds in repetition 77
tcp_ping received 32768 bytes back
Round trip time was 0.12179 milliseconds in repetition 78
tcp_ping received 32768 bytes back
Round trip time was 0.122249 milliseconds in repetition 79
tcp_ping received 32768 bytes back
Round trip time was 0.121672 milliseconds in repetition 80
tcp_ping received 32768 bytes back
Round trip time was 0.12213 milliseconds in repetition 81
tcp_ping received 32768 bytes back
Round trip time was 0.121146 milliseconds in repetition 82
tcp_ping received 32768 bytes back
Round trip time was 0.153175 milliseconds in repetition 83
tcp_ping received 32768 bytes back
Round trip time was 0.154505 milliseconds in repetition 84
tcp_ping received 32768 bytes back
Round trip time was 0.157968 milliseconds in repetition 85
tcp_ping received 32768 bytes back
Round trip time was 0.196894 milliseconds in repetition 86
tcp_ping received 32768 bytes back
Round trip time was 0.139713 milliseconds in repetition 87
tcp_ping received 32768 bytes back
Round trip time was 0.142843 milliseconds in repetition 88
tcp_ping received 32768 bytes back
Round trip time was 0.195564 milliseconds in repetition 89
tcp_ping received 32768 bytes back
Round trip time was 0.138093 milliseconds in repetition 90
tcp_ping received 32768 bytes back
Round trip time was 0.172358 milliseconds in repetition 91
tcp_ping received 32768 bytes back
Round trip time was 0.131756 milliseconds in repetition 92
tcp_ping received 32768 bytes back
Round trip time was 0.129919 milliseconds in repetition 93
tcp_ping received 32768 bytes back
Round trip time was 0.126508 milliseconds in repetition 94
tcp_ping received 32768 bytes back
Round trip time was 0.121996 milliseconds in repetition 95
tcp_ping received 32768 bytes back
Round trip time was 0.246662 milliseconds in repetition 96
tcp_ping received 32768 bytes back
Round trip time was 0.128453 milliseconds in repetition 97
tcp_ping received 32768 bytes back
Round trip time was 0.128994 milliseconds in repetition 98
tcp_ping received 32768 bytes back
Round trip time was 0.127376 milliseconds in repetition 99
tcp_ping received 32768 bytes back
Round trip time was 0.128675 milliseconds in repetition 100
tcp_ping received 32768 bytes back
Round trip time was 0.12772 milliseconds in repetition 101
tcp_ping received 32768 bytes back
Round trip time was 0.124368 milliseconds in repetition 102
tcp_ping received 32768 bytes back
Round trip time was 0.123858 milliseconds in repetition 103
tcp_ping received 32768 bytes back
Round trip time was 0.123852 milliseconds in repetition 104
tcp_ping received 32768 bytes back
Round trip time was 0.124443 milliseconds in repetition 105
tcp_ping received 32768 bytes back
Round trip time was 0.123665 milliseconds in repetition 106
tcp_ping received 32768 bytes back
Round trip time was 0.123897 milliseconds in repetition 107
tcp_ping received 32768 bytes back
Round trip time was 0.124001 milliseconds in repetition 108
tcp_ping received 32768 bytes back
Round trip time was 0.123561 milliseconds in repetition 109
tcp_ping received 32768 bytes back
Round trip time was 0.12434 milliseconds in repetition 110
tcp_ping received 32768 bytes back
Round trip time was 0.123391 milliseconds in repetition 111
tcp_ping received 32768 bytes back
Round trip time was 0.123893 milliseconds in repetition 112
tcp_ping received 32768 bytes back
Round trip time was 0.124181 milliseconds in repetition 113
tcp_ping received 32768 bytes back
Round trip time was 0.123379 milliseconds in repetition 114
tcp_ping received 32768 bytes back
Round trip time was 0.123713 milliseconds in repetition 115
tcp_ping received 32768 bytes back
Round trip time was 0.12351 milliseconds in repetition 116
tcp_ping received 32768 bytes back
Round trip time was 0.123771 milliseconds in repetition 117
tcp_ping received 32768 bytes back
Round trip time was 0.123845 milliseconds in repetition 118
tcp_ping received 32768 bytes back
Round trip time was 0.123443 milliseconds in repetition 119
tcp_ping received 32768 bytes back
Round trip time was 0.124023 milliseconds in repetition 120
tcp_ping received 32768 bytes back
Round trip time was 0.123505 milliseconds in repetition 121
tcp_ping received 32768 bytes back
Round trip time was 0.123417 milliseconds in repetition 122
tcp_ping received 32768 bytes back
Round trip time was 0.12384 milliseconds in repetition 123
tcp_ping received 32768 bytes back
Round trip time was 0.123749 milliseconds in repetition 124
tcp_ping received 32768 bytes back
Round trip time was 0.12597 milliseconds in repetition 125
tcp_ping received 32768 bytes back
Round trip time was 0.131802 milliseconds in repetition 126
tcp_ping received 32768 bytes back
Round trip time was 0.124633 milliseconds in repetition 127
tcp_ping received 32768 bytes back
Round trip time was 0.123627 milliseconds in repetition 128
tcp_ping received 32768 bytes back
Round trip time was 0.123931 milliseconds in repetition 129
tcp_ping received 32768 bytes back
Round trip time was 0.140453 milliseconds in repetition 130
tcp_ping received 32768 bytes back
Round trip time was 0.125693 milliseconds in repetition 131
tcp_ping received 32768 bytes back
Round trip time was 0.124112 milliseconds in repetition 132
tcp_ping received 32768 bytes back
Round trip time was 0.123901 milliseconds in repetition 133
tcp_ping received 32768 bytes back
Round trip time was 0.124902 milliseconds in repetition 134
tcp_ping received 32768 bytes back
Round trip time was 0.140079 milliseconds in repetition 135
tcp_ping received 32768 bytes back
Round trip time was 0.124678 milliseconds in repetition 136
tcp_ping received 32768 bytes back
Round trip time was 0.125252 milliseconds in repetition 137
tcp_ping received 32768 bytes back
Round trip time was 0.126116 milliseconds in repetition 138
tcp_ping received 32768 bytes back
Round trip time was 0.123518 milliseconds in repetition 139
tcp_ping received 32768 bytes back
Round trip time was 0.124618 milliseconds in repetition 140
tcp_ping received 32768 bytes back
Round trip time was 0.118299 milliseconds in repetition 141
tcp_ping received 32768 bytes back
Round trip time was 0.111334 milliseconds in repetition 142
tcp_ping received 32768 bytes back
Round trip time was 0.111781 milliseconds in repetition 143
tcp_ping received 32768 bytes back
Round trip time was 0.111634 milliseconds in repetition 144
tcp_ping received 32768 bytes back
Round trip time was 0.112452 milliseconds in repetition 145
tcp_ping received 32768 bytes back
Round trip time was 0.111522 milliseconds in repetition 146
tcp_ping received 32768 bytes back
Round trip time was 0.112228 milliseconds in repetition 147
tcp_ping received 32768 bytes back
Round trip time was 0.111818 milliseconds in repetition 148
tcp_ping received 32768 bytes back
Round trip time was 0.112364 milliseconds in repetition 149
tcp_ping received 32768 bytes back
Round trip time was 0.111652 milliseconds in repetition 150
tcp_ping received 32768 bytes back
Round trip time was 0.111625 milliseconds in repetition 151
tcp_ping received 32768 bytes back
Round trip time was 0.111847 milliseconds in repetition 152
tcp_ping received 32768 bytes back
Round trip time was 0.111911 milliseconds in repetition 153
tcp_ping received 32768 bytes back
Round trip time was 0.111525 milliseconds in repetition 154
tcp_ping received 32768 bytes back
Round trip time was 0.111961 milliseconds in repetition 155
tcp_ping received 32768 bytes back
Round trip time was 0.111638 milliseconds in repetition 156
tcp_ping received 32768 bytes back
Round trip time was 0.111694 milliseconds in repetition 157
tcp_ping received 32768 bytes back
Round trip time was 0.11195 milliseconds in repetition 158
tcp_ping received 32768 bytes back
Round trip time was 0.111733 milliseconds in repetition 159
tcp_ping received 32768 bytes back
Round trip time was 0.111515 milliseconds in repetition 160
tcp_ping received 32768 bytes back
Round trip time was 0.111631 milliseconds in repetition 161
tcp_ping received 32768 bytes back
Round trip time was 0.111872 milliseconds in repetition 162
tcp_ping received 32768 bytes back
Round trip time was 0.111476 milliseconds in repetition 163
tcp_ping received 32768 bytes back
Round trip time was 0.112059 milliseconds in repetition 164
tcp_ping received 32768 bytes back
Round trip time was 0.120761 milliseconds in repetition 165
tcp_ping received 32768 bytes back
Round trip time was 0.154614 milliseconds in repetition 166
tcp_ping received 32768 bytes back
Round trip time was 0.168556 milliseconds in repetition 167
tcp_ping received 32768 bytes back
Round trip time was 0.200802 milliseconds in repetition 168
tcp_ping received 32768 bytes back
Round trip time was 0.151741 milliseconds in repetition 169
tcp_ping received 32768 bytes back
Round trip time was 0.132062 milliseconds in repetition 170
tcp_ping received 32768 bytes back
Round trip time was 0.176751 milliseconds in repetition 171
tcp_ping received 32768 bytes back
Round trip time was 0.228433 milliseconds in repetition 172
tcp_ping received 32768 bytes back
Round trip time was 0.166901 milliseconds in repetition 173
tcp_ping received 32768 bytes back
Round trip time was 0.169997 milliseconds in repetition 174
tcp_ping received 32768 bytes back
Round trip time was 0.128006 milliseconds in repetition 175
tcp_ping received 32768 bytes back
Round trip time was 0.114529 milliseconds in repetition 176
tcp_ping received 32768 bytes back
Round trip time was 0.11482 milliseconds in repetition 177
tcp_ping received 32768 bytes back
Round trip time was 0.113206 milliseconds in repetition 178
tcp_ping received 32768 bytes back
Round trip time was 0.112922 milliseconds in repetition 179
tcp_ping received 32768 bytes back
Round trip time was 0.151944 milliseconds in repetition 180
tcp_ping received 32768 bytes back
Round trip time was 0.120594 milliseconds in repetition 181
tcp_ping received 32768 bytes back
Round trip time was 0.112141 milliseconds in repetition 182
tcp_ping received 32768 bytes back
Round trip time was 0.112334 milliseconds in repetition 183
tcp_ping received 32768 bytes back
Round trip time was 0.112169 milliseconds in repetition 184
tcp_ping received 32768 bytes back
Round trip time was 0.112314 milliseconds in repetition 185
tcp_ping received 32768 bytes back
Round trip time was 0.112057 milliseconds in repetition 186
tcp_ping received 32768 bytes back
Round trip time was 0.112116 milliseconds in repetition 187
tcp_ping received 32768 bytes back
Round trip time was 0.111852 milliseconds in repetition 188
tcp_ping received 32768 bytes back
Round trip time was 0.112093 milliseconds in repetition 189
tcp_ping received 32768 bytes back
Round trip time was 0.111939 milliseconds in repetition 190
tcp_ping received 32768 bytes back
Round trip time was 0.112364 milliseconds in repetition 191
tcp_ping received 32768 bytes back
Round trip time was 0.112132 milliseconds in repetition 192
tcp_ping received 32768 bytes back
Round trip time was 0.112096 milliseconds in repetition 193
tcp_ping received 32768 bytes back
Round trip time was 0.112395 milliseconds in repetition 194
tcp_ping received 32768 bytes back
Round trip time was 0.112705 milliseconds in repetition 195
tcp_ping received 32768 bytes back
Round trip time was 0.112637 milliseconds in repetition 196
tcp_ping received 32768 bytes back
Round trip time was 0.112113 milliseconds in repetition 197
tcp_ping received 32768 bytes back
Round trip time was 0.11195 milliseconds in repetition 198
tcp_ping received 32768 bytes back
Round trip time was 0.111937 milliseconds in repetition 199
tcp_ping received 32768 bytes back
Round trip time was 0.111706 milliseconds in repetition 200
tcp_ping received 32768 bytes back
Round trip time was 0.112301 milliseconds in repetition 201
tcp_ping received 32768 bytes back
Round trip time was 0.111648 milliseconds in repetition 202
tcp_ping received 32768 bytes back
Round trip time was 0.112348 milliseconds in repetition 203
tcp_ping received 32768 bytes back
Round trip time was 0.111899 milliseconds in repetition 204
tcp_ping received 32768 bytes back
Round trip time was 0.111704 milliseconds in repetition 205
tcp_ping received 32768 bytes back
Round trip time was 0.111613 milliseconds in repetition 206
tcp_ping received 32768 bytes back
Round trip time was 0.111603 milliseconds in repetition 207
tcp_ping received 32768 bytes back
Round trip time was 0.114047 milliseconds in repetition 208
tcp_ping received 32768 bytes back
Round trip time was 0.112204 milliseconds in repetition 209
tcp_ping received 32768 bytes back
Round trip time was 0.111366 milliseconds in repetition 210
tcp_ping received 32768 bytes back
Round trip time was 0.112032 milliseconds in repetition 211
tcp_ping received 32768 bytes back
Round trip time was 0.112321 milliseconds in repetition 212
tcp_ping received 32768 bytes back
Round trip time was 0.111799 milliseconds in repetition 213
tcp_ping received 32768 bytes back
Round trip time was 0.111743 milliseconds in repetition 214
tcp_ping received 32768 bytes back
Round trip time was 0.11179 milliseconds in repetition 215
tcp_ping received 32768 bytes back
Round trip time was 0.118544 milliseconds in repetition 216
tcp_ping received 32768 bytes back
Round trip time was 0.112627 milliseconds in repetition 217
tcp_ping received 32768 bytes back
Round trip time was 0.112336 milliseconds in repetition 218
tcp_ping received 32768 bytes back
Round trip time was 0.111908 milliseconds in repetition 219
tcp_ping received 32768 bytes back
Round trip time was 0.111497 milliseconds in repetition 220
tcp_ping received 32768 bytes back
Round trip time was 0.111758 milliseconds in repetition 221
tcp_ping received 32768 bytes back
Round trip time was 0.112244 milliseconds in repetition 222
tcp_ping received 32768 bytes back
Round trip time was 0.111393 milliseconds in repetition 223
tcp_ping received 32768 bytes back
Round trip time was 0.114207 milliseconds in repetition 224
tcp_ping received 32768 bytes back
Round trip time was 0.111971 milliseconds in repetition 225
tcp_ping received 32768 bytes back
Round trip time was 0.112025 milliseconds in repetition 226
tcp_ping received 32768 bytes back
Round trip time was 0.111955 milliseconds in repetition 227
tcp_ping received 32768 bytes back
Round trip time was 0.111817 milliseconds in repetition 228
tcp_ping received 32768 bytes back
Round trip time was 0.111635 milliseconds in repetition 229
tcp_ping received 32768 bytes back
Round trip time was 0.111534 milliseconds in repetition 230
tcp_ping received 32768 bytes back
Round trip time was 0.111895 milliseconds in repetition 231
tcp_ping received 32768 bytes back
Round trip time was 0.111742 milliseconds in repetition 232
tcp_ping received 32768 bytes back
Round trip time was 0.112123 milliseconds in repetition 233
tcp_ping received 32768 bytes back
Round trip time was 0.111759 milliseconds in repetition 234
tcp_ping received 32768 bytes back
Round trip time was 0.114028 milliseconds in repetition 235
tcp_ping received 32768 bytes back
Round trip time was 0.111769 milliseconds in repetition 236
tcp_ping received 32768 bytes back
Round trip time was 0.111181 milliseconds in repetition 237
tcp_ping received 32768 bytes back
Round trip time was 0.111491 milliseconds in repetition 238
tcp_ping received 32768 bytes back
Round trip time was 0.112868 milliseconds in repetition 239
tcp_ping received 32768 bytes back
Round trip time was 0.111897 milliseconds in repetition 240
tcp_ping received 32768 bytes back
Round trip time was 0.113818 milliseconds in repetition 241
tcp_ping received 32768 bytes back
Round trip time was 0.117647 milliseconds in repetition 242
tcp_ping received 32768 bytes back
Round trip time was 0.111899 milliseconds in repetition 243
tcp_ping received 32768 bytes back
Round trip time was 0.111758 milliseconds in repetition 244
tcp_ping received 32768 bytes back
Round trip time was 0.111438 milliseconds in repetition 245
tcp_ping received 32768 bytes back
Round trip time was 0.112132 milliseconds in repetition 246
tcp_ping received 32768 bytes back
Round trip time was 0.111481 milliseconds in repetition 247
tcp_ping received 32768 bytes back
Round trip time was 0.111089 milliseconds in repetition 248
tcp_ping received 32768 bytes back
Round trip time was 0.111734 milliseconds in repetition 249
tcp_ping received 32768 bytes back
Round trip time was 0.111924 milliseconds in repetition 250
tcp_ping received 32768 bytes back
Round trip time was 0.111654 milliseconds in repetition 251
tcp_ping received 32768 bytes back
Round trip time was 0.111366 milliseconds in repetition 252
tcp_ping received 32768 bytes back
Round trip time was 0.171089 milliseconds in repetition 253
tcp_ping received 32768 bytes back
Round trip time was 0.136465 milliseconds in repetition 254
tcp_ping received 32768 bytes back
Round trip time was 0.150772 milliseconds in repetition 255
tcp_ping received 32768 bytes back
Round trip time was 0.125436 milliseconds in repetition 256
tcp_ping received 32768 bytes back
Round trip time was 0.124265 milliseconds in repetition 257
tcp_ping received 32768 bytes back
Round trip time was 0.135574 milliseconds in repetition 258
tcp_ping received 32768 bytes back
Round trip time was 0.192133 milliseconds in repetition 259
tcp_ping received 32768 bytes back
Round trip time was 0.137776 milliseconds in repetition 260
tcp_ping received 32768 bytes back
Round trip time was 0.112696 milliseconds in repetition 261
tcp_ping received 32768 bytes back
Round trip time was 0.112032 milliseconds in repetition 262
tcp_ping received 32768 bytes back
Round trip time was 0.111795 milliseconds in repetition 263
tcp_ping received 32768 bytes back
Round trip time was 0.111789 milliseconds in repetition 264
tcp_ping received 32768 bytes back
Round trip time was 0.113729 milliseconds in repetition 265
tcp_ping received 32768 bytes back
Round trip time was 0.149735 milliseconds in repetition 266
tcp_ping received 32768 bytes back
Round trip time was 0.112502 milliseconds in repetition 267
tcp_ping received 32768 bytes back
Round trip time was 0.112505 milliseconds in repetition 268
tcp_ping received 32768 bytes back
Round trip time was 0.11197 milliseconds in repetition 269
tcp_ping received 32768 bytes back
Round trip time was 0.111995 milliseconds in repetition 270
tcp_ping received 32768 bytes back
Round trip time was 0.11188 milliseconds in repetition 271
tcp_ping received 32768 bytes back
Round trip time was 0.112108 milliseconds in repetition 272
tcp_ping received 32768 bytes back
Round trip time was 0.112034 milliseconds in repetition 273
tcp_ping received 32768 bytes back
Round trip time was 0.111928 milliseconds in repetition 274
tcp_ping received 32768 bytes back
Round trip time was 0.121327 milliseconds in repetition 275
tcp_ping received 32768 bytes back
Round trip time was 0.114878 milliseconds in repetition 276
tcp_ping received 32768 bytes back
Round trip time was 0.11175 milliseconds in repetition 277
tcp_ping received 32768 bytes back
Round trip time was 0.111953 milliseconds in repetition 278
tcp_ping received 32768 bytes back
Round trip time was 0.111469 milliseconds in repetition 279
tcp_ping received 32768 bytes back
Round trip time was 0.111709 milliseconds in repetition 280
tcp_ping received 32768 bytes back
Round trip time was 0.11179 milliseconds in repetition 281
tcp_ping received 32768 bytes back
Round trip time was 0.111734 milliseconds in repetition 282
tcp_ping received 32768 bytes back
Round trip time was 0.112141 milliseconds in repetition 283
tcp_ping received 32768 bytes back
Round trip time was 0.125201 milliseconds in repetition 284
tcp_ping received 32768 bytes back
Round trip time was 0.111932 milliseconds in repetition 285
tcp_ping received 32768 bytes back
Round trip time was 0.111656 milliseconds in repetition 286
tcp_ping received 32768 bytes back
Round trip time was 0.112033 milliseconds in repetition 287
tcp_ping received 32768 bytes back
Round trip time was 0.112057 milliseconds in repetition 288
tcp_ping received 32768 bytes back
Round trip time was 0.11182 milliseconds in repetition 289
tcp_ping received 32768 bytes back
Round trip time was 0.111552 milliseconds in repetition 290
tcp_ping received 32768 bytes back
Round trip time was 0.111654 milliseconds in repetition 291
tcp_ping received 32768 bytes back
Round trip time was 0.115994 milliseconds in repetition 292
tcp_ping received 32768 bytes back
Round trip time was 0.130851 milliseconds in repetition 293
tcp_ping received 32768 bytes back
Round trip time was 0.116076 milliseconds in repetition 294
tcp_ping received 32768 bytes back
Round trip time was 0.11177 milliseconds in repetition 295
tcp_ping received 32768 bytes back
Round trip time was 0.111725 milliseconds in repetition 296
tcp_ping received 32768 bytes back
Round trip time was 0.111506 milliseconds in repetition 297
tcp_ping received 32768 bytes back
Round trip time was 0.111812 milliseconds in repetition 298
tcp_ping received 32768 bytes back
Round trip time was 0.112216 milliseconds in repetition 299
tcp_ping received 32768 bytes back
Round trip time was 0.111937 milliseconds in repetition 300
tcp_ping received 32768 bytes back
Round trip time was 0.122482 milliseconds in repetition 301
tcp_ping received 32768 bytes back
Round trip time was 0.113618 milliseconds in repetition 302
tcp_ping received 32768 bytes back
Round trip time was 0.120588 milliseconds in repetition 303
tcp_ping received 32768 bytes back
Round trip time was 0.11211 milliseconds in repetition 304
tcp_ping received 32768 bytes back
Round trip time was 0.112129 milliseconds in repetition 305
tcp_ping received 32768 bytes back
Round trip time was 0.11192 milliseconds in repetition 306
tcp_ping received 32768 bytes back
Round trip time was 0.112078 milliseconds in repetition 307
tcp_ping received 32768 bytes back
Round trip time was 0.119002 milliseconds in repetition 308
tcp_ping received 32768 bytes back
Round trip time was 0.117003 milliseconds in repetition 309
tcp_ping received 32768 bytes back
Round trip time was 0.111871 milliseconds in repetition 310
tcp_ping received 32768 bytes back
Round trip time was 0.11183 milliseconds in repetition 311
tcp_ping received 32768 bytes back
Round trip time was 0.111929 milliseconds in repetition 312
tcp_ping received 32768 bytes back
Round trip time was 0.111955 milliseconds in repetition 313
tcp_ping received 32768 bytes back
Round trip time was 0.111751 milliseconds in repetition 314
tcp_ping received 32768 bytes back
Round trip time was 0.11216 milliseconds in repetition 315
tcp_ping received 32768 bytes back
Round trip time was 0.111799 milliseconds in repetition 316
tcp_ping received 32768 bytes back
Round trip time was 0.123772 milliseconds in repetition 317
tcp_ping received 32768 bytes back
Round trip time was 0.112199 milliseconds in repetition 318
tcp_ping received 32768 bytes back
Round trip time was 0.112082 milliseconds in repetition 319
tcp_ping received 32768 bytes back
Round trip time was 0.112143 milliseconds in repetition 320
tcp_ping received 32768 bytes back
Round trip time was 0.11172 milliseconds in repetition 321
tcp_ping received 32768 bytes back
Round trip time was 0.111834 milliseconds in repetition 322
tcp_ping received 32768 bytes back
Round trip time was 0.112455 milliseconds in repetition 323
tcp_ping received 32768 bytes back
Round trip time was 0.111871 milliseconds in repetition 324
tcp_ping received 32768 bytes back
Round trip time was 0.114876 milliseconds in repetition 325
tcp_ping received 32768 bytes back
Round trip time was 0.12326 milliseconds in repetition 326
tcp_ping received 32768 bytes back
Round trip time was 0.111641 milliseconds in repetition 327
tcp_ping received 32768 bytes back
Round trip time was 0.112134 milliseconds in repetition 328
tcp_ping received 32768 bytes back
Round trip time was 0.111757 milliseconds in repetition 329
tcp_ping received 32768 bytes back
Round trip time was 0.113949 milliseconds in repetition 330
tcp_ping received 32768 bytes back
Round trip time was 0.123388 milliseconds in repetition 331
tcp_ping received 32768 bytes back
Round trip time was 0.111719 milliseconds in repetition 332
tcp_ping received 32768 bytes back
Round trip time was 0.111685 milliseconds in repetition 333
tcp_ping received 32768 bytes back
Round trip time was 0.299299 milliseconds in repetition 334
tcp_ping received 32768 bytes back
Round trip time was 0.120503 milliseconds in repetition 335
tcp_ping received 32768 bytes back
Round trip time was 0.112346 milliseconds in repetition 336
tcp_ping received 32768 bytes back
Round trip time was 0.111824 milliseconds in repetition 337
tcp_ping received 32768 bytes back
Round trip time was 0.117759 milliseconds in repetition 338
tcp_ping received 32768 bytes back
Round trip time was 0.118689 milliseconds in repetition 339
tcp_ping received 32768 bytes back
Round trip time was 0.111975 milliseconds in repetition 340
tcp_ping received 32768 bytes back
Round trip time was 0.128043 milliseconds in repetition 341
tcp_ping received 32768 bytes back
Round trip time was 0.13792 milliseconds in repetition 342
tcp_ping received 32768 bytes back
Round trip time was 0.163311 milliseconds in repetition 343
tcp_ping received 32768 bytes back
Round trip time was 0.208883 milliseconds in repetition 344
tcp_ping received 32768 bytes back
Round trip time was 0.135336 milliseconds in repetition 345
tcp_ping received 32768 bytes back
Round trip time was 0.120017 milliseconds in repetition 346
tcp_ping received 32768 bytes back
Round trip time was 0.112239 milliseconds in repetition 347
tcp_ping received 32768 bytes back
Round trip time was 0.111899 milliseconds in repetition 348
tcp_ping received 32768 bytes back
Round trip time was 0.111645 milliseconds in repetition 349
tcp_ping received 32768 bytes back
Round trip time was 0.11182 milliseconds in repetition 350
tcp_ping received 32768 bytes back
Round trip time was 0.112049 milliseconds in repetition 351
tcp_ping received 32768 bytes back
Round trip time was 0.121169 milliseconds in repetition 352
tcp_ping received 32768 bytes back
Round trip time was 0.116056 milliseconds in repetition 353
tcp_ping received 32768 bytes back
Round trip time was 0.111559 milliseconds in repetition 354
tcp_ping received 32768 bytes back
Round trip time was 0.112049 milliseconds in repetition 355
tcp_ping received 32768 bytes back
Round trip time was 0.111737 milliseconds in repetition 356
tcp_ping received 32768 bytes back
Round trip time was 0.111367 milliseconds in repetition 357
tcp_ping received 32768 bytes back
Round trip time was 0.111809 milliseconds in repetition 358
tcp_ping received 32768 bytes back
Round trip time was 0.111631 milliseconds in repetition 359
tcp_ping received 32768 bytes back
Round trip time was 0.113345 milliseconds in repetition 360
tcp_ping received 32768 bytes back
Round trip time was 0.122717 milliseconds in repetition 361
tcp_ping received 32768 bytes back
Round trip time was 0.120931 milliseconds in repetition 362
tcp_ping received 32768 bytes back
Round trip time was 0.124483 milliseconds in repetition 363
tcp_ping received 32768 bytes back
Round trip time was 0.117283 milliseconds in repetition 364
tcp_ping received 32768 bytes back
Round trip time was 0.111997 milliseconds in repetition 365
tcp_ping received 32768 bytes back
Round trip time was 0.111884 milliseconds in repetition 366
tcp_ping received 32768 bytes back
Round trip time was 0.111839 milliseconds in repetition 367
tcp_ping received 32768 bytes back
Round trip time was 0.111897 milliseconds in repetition 368
tcp_ping received 32768 bytes back
Round trip time was 0.121353 milliseconds in repetition 369
tcp_ping received 32768 bytes back
Round trip time was 0.115109 milliseconds in repetition 370
tcp_ping received 32768 bytes back
Round trip time was 0.11207 milliseconds in repetition 371
tcp_ping received 32768 bytes back
Round trip time was 0.111783 milliseconds in repetition 372
tcp_ping received 32768 bytes back
Round trip time was 0.124878 milliseconds in repetition 373
tcp_ping received 32768 bytes back
Round trip time was 0.119084 milliseconds in repetition 374
tcp_ping received 32768 bytes back
Round trip time was 0.111882 milliseconds in repetition 375
tcp_ping received 32768 bytes back
Round trip time was 0.111889 milliseconds in repetition 376
tcp_ping received 32768 bytes back
Round trip time was 0.11433 milliseconds in repetition 377
tcp_ping received 32768 bytes back
Round trip time was 0.12216 milliseconds in repetition 378
tcp_ping received 32768 bytes back
Round trip time was 0.111891 milliseconds in repetition 379
tcp_ping received 32768 bytes back
Round trip time was 0.111576 milliseconds in repetition 380
tcp_ping received 32768 bytes back
Round trip time was 0.111742 milliseconds in repetition 381
tcp_ping received 32768 bytes back
Round trip time was 0.11208 milliseconds in repetition 382
tcp_ping received 32768 bytes back
Round trip time was 0.111612 milliseconds in repetition 383
tcp_ping received 32768 bytes back
Round trip time was 0.111614 milliseconds in repetition 384
tcp_ping received 32768 bytes back
Round trip time was 0.111932 milliseconds in repetition 385
tcp_ping received 32768 bytes back
Round trip time was 0.116644 milliseconds in repetition 386
tcp_ping received 32768 bytes back
Round trip time was 0.119818 milliseconds in repetition 387
tcp_ping received 32768 bytes back
Round trip time was 0.111818 milliseconds in repetition 388
tcp_ping received 32768 bytes back
Round trip time was 0.118055 milliseconds in repetition 389
tcp_ping received 32768 bytes back
Round trip time was 0.112228 milliseconds in repetition 390
tcp_ping received 32768 bytes back
Round trip time was 0.111741 milliseconds in repetition 391
tcp_ping received 32768 bytes back
Round trip time was 0.112093 milliseconds in repetition 392
tcp_ping received 32768 bytes back
Round trip time was 0.122108 milliseconds in repetition 393
tcp_ping received 32768 bytes back
Round trip time was 0.114336 milliseconds in repetition 394
tcp_ping received 32768 bytes back
Round trip time was 0.11176 milliseconds in repetition 395
tcp_ping received 32768 bytes back
Round trip time was 0.111606 milliseconds in repetition 396
tcp_ping received 32768 bytes back
Round trip time was 0.111811 milliseconds in repetition 397
tcp_ping received 32768 bytes back
Round trip time was 0.111778 milliseconds in repetition 398
tcp_ping received 32768 bytes back
Round trip time was 0.112051 milliseconds in repetition 399
tcp_ping received 32768 bytes back
Round trip time was 0.111872 milliseconds in repetition 400
tcp_ping received 32768 bytes back
Round trip time was 0.123988 milliseconds in repetition 401
tcp_ping received 32768 bytes back
Round trip time was 0.120626 milliseconds in repetition 402
tcp_ping received 32768 bytes back
Round trip time was 0.111782 milliseconds in repetition 403
tcp_ping received 32768 bytes back
Round trip time was 0.111771 milliseconds in repetition 404
tcp_ping received 32768 bytes back
Round trip time was 0.123558 milliseconds in repetition 405
tcp_ping received 32768 bytes back
Round trip time was 0.111643 milliseconds in repetition 406
tcp_ping received 32768 bytes back
Round trip time was 0.111928 milliseconds in repetition 407
tcp_ping received 32768 bytes back
Round trip time was 0.11129 milliseconds in repetition 408
tcp_ping received 32768 bytes back
Round trip time was 0.111547 milliseconds in repetition 409
tcp_ping received 32768 bytes back
Round trip time was 0.120417 milliseconds in repetition 410
tcp_ping received 32768 bytes back
Round trip time was 0.117448 milliseconds in repetition 411
tcp_ping received 32768 bytes back
Round trip time was 0.134873 milliseconds in repetition 412
tcp_ping received 32768 bytes back
Round trip time was 0.19636 milliseconds in repetition 413
tcp_ping received 32768 bytes back
Round trip time was 0.119734 milliseconds in repetition 414
tcp_ping received 32768 bytes back
Round trip time was 0.111897 milliseconds in repetition 415
tcp_ping received 32768 bytes back
Round trip time was 0.111441 milliseconds in repetition 416
tcp_ping received 32768 bytes back
Round trip time was 0.11121 milliseconds in repetition 417
tcp_ping received 32768 bytes back
Round trip time was 0.125167 milliseconds in repetition 418
tcp_ping received 32768 bytes back
Round trip time was 0.121155 milliseconds in repetition 419
tcp_ping received 32768 bytes back
Round trip time was 0.111533 milliseconds in repetition 420
tcp_ping received 32768 bytes back
Round trip time was 0.111496 milliseconds in repetition 421
tcp_ping received 32768 bytes back
Round trip time was 0.111354 milliseconds in repetition 422
tcp_ping received 32768 bytes back
Round trip time was 0.111299 milliseconds in repetition 423
tcp_ping received 32768 bytes back
Round trip time was 0.111322 milliseconds in repetition 424
tcp_ping received 32768 bytes back
Round trip time was 0.111152 milliseconds in repetition 425
tcp_ping received 32768 bytes back
Round trip time was 0.116816 milliseconds in repetition 426
tcp_ping received 32768 bytes back
Round trip time was 0.124055 milliseconds in repetition 427
tcp_ping received 32768 bytes back
Round trip time was 0.115496 milliseconds in repetition 428
tcp_ping received 32768 bytes back
Round trip time was 0.111035 milliseconds in repetition 429
tcp_ping received 32768 bytes back
Round trip time was 0.128081 milliseconds in repetition 430
tcp_ping received 32768 bytes back
Round trip time was 0.11749 milliseconds in repetition 431
tcp_ping received 32768 bytes back
Round trip time was 0.125248 milliseconds in repetition 432
tcp_ping received 32768 bytes back
Round trip time was 0.111889 milliseconds in repetition 433
tcp_ping received 32768 bytes back
Round trip time was 0.111509 milliseconds in repetition 434
tcp_ping received 32768 bytes back
Round trip time was 0.111143 milliseconds in repetition 435
tcp_ping received 32768 bytes back
Round trip time was 0.111178 milliseconds in repetition 436
tcp_ping received 32768 bytes back
Round trip time was 0.111335 milliseconds in repetition 437
tcp_ping received 32768 bytes back
Round trip time was 0.111097 milliseconds in repetition 438
tcp_ping received 32768 bytes back
Round trip time was 0.111155 milliseconds in repetition 439
tcp_ping received 32768 bytes back
Round trip time was 0.111153 milliseconds in repetition 440
tcp_ping received 32768 bytes back
Round trip time was 0.119099 milliseconds in repetition 441
tcp_ping received 32768 bytes back
Round trip time was 0.23793 milliseconds in repetition 442
tcp_ping received 32768 bytes back
Round trip time was 0.119896 milliseconds in repetition 443
tcp_ping received 32768 bytes back
Round trip time was 0.111445 milliseconds in repetition 444
tcp_ping received 32768 bytes back
Round trip time was 0.111426 milliseconds in repetition 445
tcp_ping received 32768 bytes back
Round trip time was 0.111452 milliseconds in repetition 446
tcp_ping received 32768 bytes back
Round trip time was 0.11138 milliseconds in repetition 447
tcp_ping received 32768 bytes back
Round trip time was 0.111904 milliseconds in repetition 448
tcp_ping received 32768 bytes back
Round trip time was 0.111328 milliseconds in repetition 449
tcp_ping received 32768 bytes back
Round trip time was 0.111088 milliseconds in repetition 450
tcp_ping received 32768 bytes back
Round trip time was 0.111445 milliseconds in repetition 451
tcp_ping received 32768 bytes back
Round trip time was 0.11131 milliseconds in repetition 452
tcp_ping received 32768 bytes back
Round trip time was 0.111819 milliseconds in repetition 453
tcp_ping received 32768 bytes back
Round trip time was 0.111477 milliseconds in repetition 454
tcp_ping received 32768 bytes back
Round trip time was 0.111193 milliseconds in repetition 455
tcp_ping received 32768 bytes back
Round trip time was 0.111107 milliseconds in repetition 456
tcp_ping received 32768 bytes back
Round trip time was 0.111696 milliseconds in repetition 457
tcp_ping received 32768 bytes back
Round trip time was 0.111903 milliseconds in repetition 458
tcp_ping received 32768 bytes back
Round trip time was 0.117709 milliseconds in repetition 459
tcp_ping received 32768 bytes back
Round trip time was 0.123422 milliseconds in repetition 460
tcp_ping received 32768 bytes back
Round trip time was 0.110637 milliseconds in repetition 461
tcp_ping received 32768 bytes back
Round trip time was 0.110145 milliseconds in repetition 462
tcp_ping received 32768 bytes back
Round trip time was 0.111059 milliseconds in repetition 463
tcp_ping received 32768 bytes back
Round trip time was 0.112139 milliseconds in repetition 464
tcp_ping received 32768 bytes back
Round trip time was 0.110907 milliseconds in repetition 465
tcp_ping received 32768 bytes back
Round trip time was 0.110825 milliseconds in repetition 466
tcp_ping received 32768 bytes back
Round trip time was 0.110707 milliseconds in repetition 467
tcp_ping received 32768 bytes back
Round trip time was 0.111464 milliseconds in repetition 468
tcp_ping received 32768 bytes back
Round trip time was 0.111877 milliseconds in repetition 469
tcp_ping received 32768 bytes back
Round trip time was 0.111278 milliseconds in repetition 470
tcp_ping received 32768 bytes back
Round trip time was 0.110843 milliseconds in repetition 471
tcp_ping received 32768 bytes back
Round trip time was 0.110947 milliseconds in repetition 472
tcp_ping received 32768 bytes back
Round trip time was 0.110974 milliseconds in repetition 473
tcp_ping received 32768 bytes back
Round trip time was 0.111083 milliseconds in repetition 474
tcp_ping received 32768 bytes back
Round trip time was 0.115158 milliseconds in repetition 475
tcp_ping received 32768 bytes back
Round trip time was 0.111286 milliseconds in repetition 476
tcp_ping received 32768 bytes back
Round trip time was 0.110943 milliseconds in repetition 477
tcp_ping received 32768 bytes back
Round trip time was 0.113286 milliseconds in repetition 478
tcp_ping received 32768 bytes back
Round trip time was 0.110874 milliseconds in repetition 479
tcp_ping received 32768 bytes back
Round trip time was 0.110989 milliseconds in repetition 480
tcp_ping received 32768 bytes back
Round trip time was 0.110957 milliseconds in repetition 481
tcp_ping received 32768 bytes back
Round trip time was 0.113289 milliseconds in repetition 482
tcp_ping received 32768 bytes back
Round trip time was 0.110845 milliseconds in repetition 483
tcp_ping received 32768 bytes back
Round trip time was 0.111129 milliseconds in repetition 484
tcp_ping received 32768 bytes back
Round trip time was 0.111345 milliseconds in repetition 485
tcp_ping received 32768 bytes back
Round trip time was 0.11085 milliseconds in repetition 486
tcp_ping received 32768 bytes back
Round trip time was 0.113023 milliseconds in repetition 487
tcp_ping received 32768 bytes back
Round trip time was 0.111783 milliseconds in repetition 488
tcp_ping received 32768 bytes back
Round trip time was 0.110733 milliseconds in repetition 489
tcp_ping received 32768 bytes back
Round trip time was 0.110825 milliseconds in repetition 490
tcp_ping received 32768 bytes back
Round trip time was 0.111963 milliseconds in repetition 491
tcp_ping received 32768 bytes back
Round trip time was 0.113146 milliseconds in repetition 492
tcp_ping received 32768 bytes back
Round trip time was 0.149218 milliseconds in repetition 493
tcp_ping received 32768 bytes back
Round trip time was 0.12777 milliseconds in repetition 494
tcp_ping received 32768 bytes back
Round trip time was 0.111478 milliseconds in repetition 495
tcp_ping received 32768 bytes back
Round trip time was 0.111074 milliseconds in repetition 496
tcp_ping received 32768 bytes back
Round trip time was 0.11166 milliseconds in repetition 497
tcp_ping received 32768 bytes back
Round trip time was 0.111325 milliseconds in repetition 498
tcp_ping received 32768 bytes back
Round trip time was 0.111341 milliseconds in repetition 499
tcp_ping received 32768 bytes back
Round trip time was 0.11132 milliseconds in repetition 500
tcp_ping received 32768 bytes back
Round trip time was 0.113396 milliseconds in repetition 501

 ... clock resolution was 1e-06
TCP Ping:  Statistics over 501 repetitions of 32768 byte messages

RTT : percentile 10: 0.11138, median: 0.112637, percentile 90: 0.141896, average: 0.122962, variance: 0.000488636

RTT histogram:
0.110144 273
0.119602 119
0.12906 42
0.138518 20
0.147975 11
0.157433 6
0.166891 7
0.176349 4
0.185806 2
0.195264 7
0.204722 3
0.21418 1
0.223637 2
0.233095 1
0.242553 2
0.252011 0
0.261468 0
0.270926 0
0.280384 0
0.289842 0
0.299299 1

   median Throughput : 581834 KB/s   overall Throughput : 532976 KB/s

