TCP Ping trying to connect to server localhost (127.0.0.1) on port 1491

... connected to Pong server: asking for 501 repetitions of 768 bytes TCP messages
 ... Pong server agreed :-)
tcp_ping received 768 bytes back
Round trip time was 0.104462 milliseconds in repetition 1
tcp_ping received 768 bytes back
Round trip time was 0.048405 milliseconds in repetition 2
tcp_ping received 768 bytes back
Round trip time was 0.043471 milliseconds in repetition 3
tcp_ping received 768 bytes back
Round trip time was 0.043901 milliseconds in repetition 4
tcp_ping received 768 bytes back
Round trip time was 0.044714 milliseconds in repetition 5
tcp_ping received 768 bytes back
Round trip time was 0.043563 milliseconds in repetition 6
tcp_ping received 768 bytes back
Round trip time was 0.040372 milliseconds in repetition 7
tcp_ping received 768 bytes back
Round trip time was 0.040124 milliseconds in repetition 8
tcp_ping received 768 bytes back
Round trip time was 0.039986 milliseconds in repetition 9
tcp_ping received 768 bytes back
Round trip time was 0.040076 milliseconds in repetition 10
tcp_ping received 768 bytes back
Round trip time was 0.04498 milliseconds in repetition 11
tcp_ping received 768 bytes back
Round trip time was 0.047916 milliseconds in repetition 12
tcp_ping received 768 bytes back
Round trip time was 0.060918 milliseconds in repetition 13
tcp_ping received 768 bytes back
Round trip time was 0.047173 milliseconds in repetition 14
tcp_ping received 768 bytes back
Round trip time was 0.04971 milliseconds in repetition 15
tcp_ping received 768 bytes back
Round trip time was 0.051662 milliseconds in repetition 16
tcp_ping received 768 bytes back
Round trip time was 0.048659 milliseconds in repetition 17
tcp_ping received 768 bytes back
Round trip time was 0.053015 milliseconds in repetition 18
tcp_ping received 768 bytes back
Round trip time was 0.045179 milliseconds in repetition 19
tcp_ping received 768 bytes back
Round trip time was 0.045455 milliseconds in repetition 20
tcp_ping received 768 bytes back
Round trip time was 0.04618 milliseconds in repetition 21
tcp_ping received 768 bytes back
Round trip time was 0.04327 milliseconds in repetition 22
tcp_ping received 768 bytes back
Round trip time was 0.055387 milliseconds in repetition 23
tcp_ping received 768 bytes back
Round trip time was 0.047467 milliseconds in repetition 24
tcp_ping received 768 bytes back
Round trip time was 0.050545 milliseconds in repetition 25
tcp_ping received 768 bytes back
Round trip time was 0.051265 milliseconds in repetition 26
tcp_ping received 768 bytes back
Round trip time was 0.041569 milliseconds in repetition 27
tcp_ping received 768 bytes back
Round trip time was 0.040957 milliseconds in repetition 28
tcp_ping received 768 bytes back
Round trip time was 0.046622 milliseconds in repetition 29
tcp_ping received 768 bytes back
Round trip time was 0.050441 milliseconds in repetition 30
tcp_ping received 768 bytes back
Round trip time was 0.049416 milliseconds in repetition 31
tcp_ping received 768 bytes back
Round trip time was 0.044194 milliseconds in repetition 32
tcp_ping received 768 bytes back
Round trip time was 0.039798 milliseconds in repetition 33
tcp_ping received 768 bytes back
Round trip time was 0.039188 milliseconds in repetition 34
tcp_ping received 768 bytes back
Round trip time was 0.039555 milliseconds in repetition 35
tcp_ping received 768 bytes back
Round trip time was 0.039851 milliseconds in repetition 36
tcp_ping received 768 bytes back
Round trip time was 0.039001 milliseconds in repetition 37
tcp_ping received 768 bytes back
Round trip time was 0.041886 milliseconds in repetition 38
tcp_ping received 768 bytes back
Round trip time was 0.039697 milliseconds in repetition 39
tcp_ping received 768 bytes back
Round trip time was 0.084274 milliseconds in repetition 40
tcp_ping received 768 bytes back
Round trip time was 0.052722 milliseconds in repetition 41
tcp_ping received 768 bytes back
Round trip time was 0.046379 milliseconds in repetition 42
tcp_ping received 768 bytes back
Round trip time was 0.041242 milliseconds in repetition 43
tcp_ping received 768 bytes back
Round trip time was 0.064435 milliseconds in repetition 44
tcp_ping received 768 bytes back
Round trip time was 0.049641 milliseconds in repetition 45
tcp_ping received 768 bytes back
Round trip time was 0.049838 milliseconds in repetition 46
tcp_ping received 768 bytes back
Round trip time was 0.044886 milliseconds in repetition 47
tcp_ping received 768 bytes back
Round trip time was 0.044607 milliseconds in repetition 48
tcp_ping received 768 bytes back
Round trip time was 0.04802 milliseconds in repetition 49
tcp_ping received 768 bytes back
Round trip time was 0.045684 milliseconds in repetition 50
tcp_ping received 768 bytes back
Round trip time was 0.040446 milliseconds in repetition 51
tcp_ping received 768 bytes back
Round trip time was 0.039935 milliseconds in repetition 52
tcp_ping received 768 bytes back
Round trip time was 0.039638 milliseconds in repetition 53
tcp_ping received 768 bytes back
Round trip time was 0.039705 milliseconds in repetition 54
tcp_ping received 768 bytes back
Round trip time was 0.039838 milliseconds in repetition 55
tcp_ping received 768 bytes back
Round trip time was 0.03975 milliseconds in repetition 56
tcp_ping received 768 bytes back
Round trip time was 0.040187 milliseconds in repetition 57
tcp_ping received 768 bytes back
Round trip time was 0.040069 milliseconds in repetition 58
tcp_ping received 768 bytes back
Round trip time was 0.065007 milliseconds in repetition 59
tcp_ping received 768 bytes back
Round trip time was 0.045333 milliseconds in repetition 60
tcp_ping received 768 bytes back
Round trip time was 0.041604 milliseconds in repetition 61
tcp_ping received 768 bytes back
Round trip time was 0.039827 milliseconds in repetition 62
tcp_ping received 768 bytes back
Round trip time was 0.039934 milliseconds in repetition 63
tcp_ping received 768 bytes back
Round trip time was 0.039801 milliseconds in repetition 64
tcp_ping received 768 bytes back
Round trip time was 0.03955 milliseconds in repetition 65
tcp_ping received 768 bytes back
Round trip time was 0.03976 milliseconds in repetition 66
tcp_ping received 768 bytes back
Round trip time was 0.039519 milliseconds in repetition 67
tcp_ping received 768 bytes back
Round trip time was 0.039847 milliseconds in repetition 68
tcp_ping received 768 bytes back
Round trip time was 0.040091 milliseconds in repetition 69
tcp_ping received 768 bytes back
Round trip time was 0.039835 milliseconds in repetition 70
tcp_ping received 768 bytes back
Round trip time was 0.039763 milliseconds in repetition 71
tcp_ping received 768 bytes back
Round trip time was 0.039587 milliseconds in repetition 72
tcp_ping received 768 bytes back
Round trip time was 0.040958 milliseconds in repetition 73
tcp_ping received 768 bytes back
Round trip time was 0.039901 milliseconds in repetition 74
tcp_ping received 768 bytes back
Round trip time was 0.042527 milliseconds in repetition 75
tcp_ping received 768 bytes back
Round trip time was 0.040116 milliseconds in repetition 76
tcp_ping received 768 bytes back
Round trip time was 0.040533 milliseconds in repetition 77
tcp_ping received 768 bytes back
Round trip time was 0.040363 milliseconds in repetition 78
tcp_ping received 768 bytes back
Round trip time was 0.040155 milliseconds in repetition 79
tcp_ping received 768 bytes back
Round trip time was 0.039942 milliseconds in repetition 80
tcp_ping received 768 bytes back
Round trip time was 0.039966 milliseconds in repetition 81
tcp_ping received 768 bytes back
Round trip time was 0.039924 milliseconds in repetition 82
tcp_ping received 768 bytes back
Round trip time was 0.040479 milliseconds in repetition 83
tcp_ping received 768 bytes back
Round trip time was 0.040302 milliseconds in repetition 84
tcp_ping received 768 bytes back
Round trip time was 0.039939 milliseconds in repetition 85
tcp_ping received 768 bytes back
Round trip time was 0.040425 milliseconds in repetition 86
tcp_ping received 768 bytes back
Round trip time was 0.040104 milliseconds in repetition 87
tcp_ping received 768 bytes back
Round trip time was 0.040221 milliseconds in repetition 88
tcp_ping received 768 bytes back
Round trip time was 0.052818 milliseconds in repetition 89
tcp_ping received 768 bytes back
Round trip time was 0.041355 milliseconds in repetition 90
tcp_ping received 768 bytes back
Round trip time was 0.041468 milliseconds in repetition 91
tcp_ping received 768 bytes back
Round trip time was 0.042195 milliseconds in repetition 92
tcp_ping received 768 bytes back
Round trip time was 0.068333 milliseconds in repetition 93
tcp_ping received 768 bytes back
Round trip time was 0.048898 milliseconds in repetition 94
tcp_ping received 768 bytes back
Round trip time was 0.043386 milliseconds in repetition 95
tcp_ping received 768 bytes back
Round trip time was 0.044335 milliseconds in repetition 96
tcp_ping received 768 bytes back
Round trip time was 0.044246 milliseconds in repetition 97
tcp_ping received 768 bytes back
Round trip time was 0.040342 milliseconds in repetition 98
tcp_ping received 768 bytes back
Round trip time was 0.039805 milliseconds in repetition 99
tcp_ping received 768 bytes back
Round trip time was 0.039596 milliseconds in repetition 100
tcp_ping received 768 bytes back
Round trip time was 0.039843 milliseconds in repetition 101
tcp_ping received 768 bytes back
Round trip time was 0.039473 milliseconds in repetition 102
tcp_ping received 768 bytes back
Round trip time was 0.039908 milliseconds in repetition 103
tcp_ping received 768 bytes back
Round trip time was 0.039606 milliseconds in repetition 104
tcp_ping received 768 bytes back
Round trip time was 0.039549 milliseconds in repetition 105
tcp_ping received 768 bytes back
Round trip time was 0.03971 milliseconds in repetition 106
tcp_ping received 768 bytes back
Round trip time was 0.039841 milliseconds in repetition 107
tcp_ping received 768 bytes back
Round trip time was 0.039724 milliseconds in repetition 108
tcp_ping received 768 bytes back
Round trip time was 0.039386 milliseconds in repetition 109
tcp_ping received 768 bytes back
Round trip time was 0.03996 milliseconds in repetition 110
tcp_ping received 768 bytes back
Round trip time was 0.041681 milliseconds in repetition 111
tcp_ping received 768 bytes back
Round trip time was 0.039688 milliseconds in repetition 112
tcp_ping received 768 bytes back
Round trip time was 0.039667 milliseconds in repetition 113
tcp_ping received 768 bytes back
Round trip time was 0.039494 milliseconds in repetition 114
tcp_ping received 768 bytes back
Round trip time was 0.039604 milliseconds in repetition 115
tcp_ping received 768 bytes back
Round trip time was 0.039647 milliseconds in repetition 116
tcp_ping received 768 bytes back
Round trip time was 0.039259 milliseconds in repetition 117
tcp_ping received 768 bytes back
Round trip time was 0.039824 milliseconds in repetition 118
tcp_ping received 768 bytes back
Round trip time was 0.039887 milliseconds in repetition 119
tcp_ping received 768 bytes back
Round trip time was 0.039819 milliseconds in repetition 120
tcp_ping received 768 bytes back
Round trip time was 0.039723 milliseconds in repetition 121
tcp_ping received 768 bytes back
Round trip time was 0.0395 milliseconds in repetition 122
tcp_ping received 768 bytes back
Round trip time was 0.039793 milliseconds in repetition 123
tcp_ping received 768 bytes back
Round trip time was 0.048131 milliseconds in repetition 124
tcp_ping received 768 bytes back
Round trip time was 0.046887 milliseconds in repetition 125
tcp_ping received 768 bytes back
Round trip time was 0.040303 milliseconds in repetition 126
tcp_ping received 768 bytes back
Round trip time was 0.039351 milliseconds in repetition 127
tcp_ping received 768 bytes back
Round trip time was 0.043927 milliseconds in repetition 128
tcp_ping received 768 bytes back
Round trip time was 0.060728 milliseconds in repetition 129
tcp_ping received 768 bytes back
Round trip time was 0.052233 milliseconds in repetition 130
tcp_ping received 768 bytes back
Round trip time was 0.052925 milliseconds in repetition 131
tcp_ping received 768 bytes back
Round trip time was 0.054046 milliseconds in repetition 132
tcp_ping received 768 bytes back
Round trip time was 0.059297 milliseconds in repetition 133
tcp_ping received 768 bytes back
Round trip time was 0.058512 milliseconds in repetition 134
tcp_ping received 768 bytes back
Round trip time was 0.047929 milliseconds in repetition 135
tcp_ping received 768 bytes back
Round trip time was 0.046526 milliseconds in repetition 136
tcp_ping received 768 bytes back
Round trip time was 0.042389 milliseconds in repetition 137
tcp_ping received 768 bytes back
Round trip time was 0.047356 milliseconds in repetition 138
tcp_ping received 768 bytes back
Round trip time was 0.042035 milliseconds in repetition 139
tcp_ping received 768 bytes back
Round trip time was 0.040935 milliseconds in repetition 140
tcp_ping received 768 bytes back
Round trip time was 0.044484 milliseconds in repetition 141
tcp_ping received 768 bytes back
Round trip time was 0.046584 milliseconds in repetition 142
tcp_ping received 768 bytes back
Round trip time was 0.041903 milliseconds in repetition 143
tcp_ping received 768 bytes back
Round trip time was 0.040062 milliseconds in repetition 144
tcp_ping received 768 bytes back
Round trip time was 0.040792 milliseconds in repetition 145
tcp_ping received 768 bytes back
Round trip time was 0.041012 milliseconds in repetition 146
tcp_ping received 768 bytes back
Round trip time was 0.069471 milliseconds in repetition 147
tcp_ping received 768 bytes back
Round trip time was 0.045214 milliseconds in repetition 148
tcp_ping received 768 bytes back
Round trip time was 0.039978 milliseconds in repetition 149
tcp_ping received 768 bytes back
Round trip time was 0.040255 milliseconds in repetition 150
tcp_ping received 768 bytes back
Round trip time was 0.054721 milliseconds in repetition 151
tcp_ping received 768 bytes back
Round trip time was 0.050004 milliseconds in repetition 152
tcp_ping received 768 bytes back
Round trip time was 0.075081 milliseconds in repetition 153
tcp_ping received 768 bytes back
Round trip time was 0.061064 milliseconds in repetition 154
tcp_ping received 768 bytes back
Round trip time was 0.050583 milliseconds in repetition 155
tcp_ping received 768 bytes back
Round trip time was 0.049801 milliseconds in repetition 156
tcp_ping received 768 bytes back
Round trip time was 0.06799 milliseconds in repetition 157
tcp_ping received 768 bytes back
Round trip time was 0.058981 milliseconds in repetition 158
tcp_ping received 768 bytes back
Round trip time was 0.069741 milliseconds in repetition 159
tcp_ping received 768 bytes back
Round trip time was 0.050221 milliseconds in repetition 160
tcp_ping received 768 bytes back
Round trip time was 0.055127 milliseconds in repetition 161
tcp_ping received 768 bytes back
Round trip time was 0.057332 milliseconds in repetition 162
tcp_ping received 768 bytes back
Round trip time was 0.047918 milliseconds in repetition 163
tcp_ping received 768 bytes back
Round trip time was 0.065383 milliseconds in repetition 164
tcp_ping received 768 bytes back
Round trip time was 0.059639 milliseconds in repetition 165
tcp_ping received 768 bytes back
Round trip time was 0.066862 milliseconds in repetition 166
tcp_ping received 768 bytes back
Round trip time was 0.07201 milliseconds in repetition 167
tcp_ping received 768 bytes back
Round trip time was 0.060243 milliseconds in repetition 168
tcp_ping received 768 bytes back
Round trip time was 0.056901 milliseconds in repetition 169
tcp_ping received 768 bytes back
Round trip time was 0.046212 milliseconds in repetition 170
tcp_ping received 768 bytes back
Round trip time was 0.040703 milliseconds in repetition 171
tcp_ping received 768 bytes back
Round trip time was 0.040178 milliseconds in repetition 172
tcp_ping received 768 bytes back
Round trip time was 0.040711 milliseconds in repetition 173
tcp_ping received 768 bytes back
Round trip time was 0.039744 milliseconds in repetition 174
tcp_ping received 768 bytes back
Round trip time was 0.040123 milliseconds in repetition 175
tcp_ping received 768 bytes back
Round trip time was 0.040736 milliseconds in repetition 176
tcp_ping received 768 bytes back
Round trip time was 0.05298 milliseconds in repetition 177
tcp_ping received 768 bytes back
Round trip time was 0.042762 milliseconds in repetition 178
tcp_ping received 768 bytes back
Round trip time was 0.039491 milliseconds in repetition 179
tcp_ping received 768 bytes back
Round trip time was 0.039774 milliseconds in repetition 180
tcp_ping received 768 bytes back
Round trip time was 0.039328 milliseconds in repetition 181
tcp_ping received 768 bytes back
Round trip time was 0.039166 milliseconds in repetition 182
tcp_ping received 768 bytes back
Round trip time was 0.041555 milliseconds in repetition 183
tcp_ping received 768 bytes back
Round trip time was 0.041111 milliseconds in repetition 184
tcp_ping received 768 bytes back
Round trip time was 0.041672 milliseconds in repetition 185
tcp_ping received 768 bytes back
Round trip time was 0.059791 milliseconds in repetition 186
tcp_ping received 768 bytes back
Round trip time was 0.056684 milliseconds in repetition 187
tcp_ping received 768 bytes back
Round trip time was 0.053074 milliseconds in repetition 188
tcp_ping received 768 bytes back
Round trip time was 0.066059 milliseconds in repetition 189
tcp_ping received 768 bytes back
Round trip time was 0.057941 milliseconds in repetition 190
tcp_ping received 768 bytes back
Round trip time was 0.046373 milliseconds in repetition 191
tcp_ping received 768 bytes back
Round trip time was 0.060627 milliseconds in repetition 192
tcp_ping received 768 bytes back
Round trip time was 0.052713 milliseconds in repetition 193
tcp_ping received 768 bytes back
Round trip time was 0.044103 milliseconds in repetition 194
tcp_ping received 768 bytes back
Round trip time was 0.040965 milliseconds in repetition 195
tcp_ping received 768 bytes back
Round trip time was 0.040786 milliseconds in repetition 196
tcp_ping received 768 bytes back
Round trip time was 0.040388 milliseconds in repetition 197
tcp_ping received 768 bytes back
Round trip time was 0.040648 milliseconds in repetition 198
tcp_ping received 768 bytes back
Round trip time was 0.041023 milliseconds in repetition 199
tcp_ping received 768 bytes back
Round trip time was 0.040421 milliseconds in repetition 200
tcp_ping received 768 bytes back
Round trip time was 0.048198 milliseconds in repetition 201
tcp_ping received 768 bytes back
Round trip time was 0.057225 milliseconds in repetition 202
tcp_ping received 768 bytes back
Round trip time was 0.054714 milliseconds in repetition 203
tcp_ping received 768 bytes back
Round trip time was 0.055212 milliseconds in repetition 204
tcp_ping received 768 bytes back
Round trip time was 0.05046 milliseconds in repetition 205
tcp_ping received 768 bytes back
Round trip time was 0.04783 milliseconds in repetition 206
tcp_ping received 768 bytes back
Round trip time was 0.04353 milliseconds in repetition 207
tcp_ping received 768 bytes back
Round trip time was 0.04102 milliseconds in repetition 208
tcp_ping received 768 bytes back
Round trip time was 0.039521 milliseconds in repetition 209
tcp_ping received 768 bytes back
Round trip time was 0.039337 milliseconds in repetition 210
tcp_ping received 768 bytes back
Round trip time was 0.043843 milliseconds in repetition 211
tcp_ping received 768 bytes back
Round trip time was 0.047232 milliseconds in repetition 212
tcp_ping received 768 bytes back
Round trip time was 0.040601 milliseconds in repetition 213
tcp_ping received 768 bytes back
Round trip time was 0.039189 milliseconds in repetition 214
tcp_ping received 768 bytes back
Round trip time was 0.039363 milliseconds in repetition 215
tcp_ping received 768 bytes back
Round trip time was 0.040181 milliseconds in repetition 216
tcp_ping received 768 bytes back
Round trip time was 0.040261 milliseconds in repetition 217
tcp_ping received 768 bytes back
Round trip time was 0.039682 milliseconds in repetition 218
tcp_ping received 768 bytes back
Round trip time was 0.039348 milliseconds in repetition 219
tcp_ping received 768 bytes back
Round trip time was 0.039887 milliseconds in repetition 220
tcp_ping received 768 bytes back
Round trip time was 0.051194 milliseconds in repetition 221
tcp_ping received 768 bytes back
Round trip time was 0.040482 milliseconds in repetition 222
tcp_ping received 768 bytes back
Round trip time was 0.039574 milliseconds in repetition 223
tcp_ping received 768 bytes back
Round trip time was 0.039225 milliseconds in repetition 224
tcp_ping received 768 bytes back
Round trip time was 0.051661 milliseconds in repetition 225
tcp_ping received 768 bytes back
Round trip time was 0.053076 milliseconds in repetition 226
tcp_ping received 768 bytes back
Round trip time was 0.059308 milliseconds in repetition 227
tcp_ping received 768 bytes back
Round trip time was 0.046365 milliseconds in repetition 228
tcp_ping received 768 bytes back
Round trip time was 0.055405 milliseconds in repetition 229
tcp_ping received 768 bytes back
Round trip time was 0.044659 milliseconds in repetition 230
tcp_ping received 768 bytes back
Round trip time was 0.057377 milliseconds in repetition 231
tcp_ping received 768 bytes back
Round trip time was 0.054599 milliseconds in repetition 232
tcp_ping received 768 bytes back
Round trip time was 0.055695 milliseconds in repetition 233
tcp_ping received 768 bytes back
Round trip time was 0.063393 milliseconds in repetition 234
tcp_ping received 768 bytes back
Round trip time was 0.050887 milliseconds in repetition 235
tcp_ping received 768 bytes back
Round trip time was 0.05665 milliseconds in repetition 236
tcp_ping received 768 bytes back
Round trip time was 0.049027 milliseconds in repetition 237
tcp_ping received 768 bytes back
Round trip time was 0.054175 milliseconds in repetition 238
tcp_ping received 768 bytes back
Round trip time was 0.055537 milliseconds in repetition 239
tcp_ping received 768 bytes back
Round trip time was 0.048195 milliseconds in repetition 240
tcp_ping received 768 bytes back
Round trip time was 0.046582 milliseconds in repetition 241
tcp_ping received 768 bytes back
Round trip time was 0.045399 milliseconds in repetition 242
tcp_ping received 768 bytes back
Round trip time was 0.04596 milliseconds in repetition 243
tcp_ping received 768 bytes back
Round trip time was 0.043699 milliseconds in repetition 244
tcp_ping received 768 bytes back
Round trip time was 0.040918 milliseconds in repetition 245
tcp_ping received 768 bytes back
Round trip time was 0.047169 milliseconds in repetition 246
tcp_ping received 768 bytes back
Round trip time was 0.045401 milliseconds in repetition 247
tcp_ping received 768 bytes back
Round trip time was 0.040794 milliseconds in repetition 248
tcp_ping received 768 bytes back
Round trip time was 0.039925 milliseconds in repetition 249
tcp_ping received 768 bytes back
Round trip time was 0.039639 milliseconds in repetition 250
tcp_ping received 768 bytes back
Round trip time was 0.039605 milliseconds in repetition 251
tcp_ping received 768 bytes back
Round trip time was 0.042455 milliseconds in repetition 252
tcp_ping received 768 bytes back
Round trip time was 0.042548 milliseconds in repetition 253
tcp_ping received 768 bytes back
Round trip time was 0.047116 milliseconds in repetition 254
tcp_ping received 768 bytes back
Round trip time was 0.047868 milliseconds in repetition 255
tcp_ping received 768 bytes back
Round trip time was 0.044568 milliseconds in repetition 256
tcp_ping received 768 bytes back
Round trip time was 0.04063 milliseconds in repetition 257
tcp_ping received 768 bytes back
Round trip time was 0.052376 milliseconds in repetition 258
tcp_ping received 768 bytes back
Round trip time was 0.048795 milliseconds in repetition 259
tcp_ping received 768 bytes back
Round trip time was 0.045044 milliseconds in repetition 260
tcp_ping received 768 bytes back
Round trip time was 0.052258 milliseconds in repetition 261
tcp_ping received 768 bytes back
Round trip time was 0.040827 milliseconds in repetition 262
tcp_ping received 768 bytes back
Round trip time was 0.040408 milliseconds in repetition 263
tcp_ping received 768 bytes back
Round trip time was 0.040476 milliseconds in repetition 264
tcp_ping received 768 bytes back
Round trip time was 0.064343 milliseconds in repetition 265
tcp_ping received 768 bytes back
Round trip time was 0.043035 milliseconds in repetition 266
tcp_ping received 768 bytes back
Round trip time was 0.040044 milliseconds in repetition 267
tcp_ping received 768 bytes back
Round trip time was 0.040098 milliseconds in repetition 268
tcp_ping received 768 bytes back
Round trip time was 0.039917 milliseconds in repetition 269
tcp_ping received 768 bytes back
Round trip time was 0.039939 milliseconds in repetition 270
tcp_ping received 768 bytes back
Round trip time was 0.039809 milliseconds in repetition 271
tcp_ping received 768 bytes back
Round trip time was 0.039576 milliseconds in repetition 272
tcp_ping received 768 bytes back
Round trip time was 0.03974 milliseconds in repetition 273
tcp_ping received 768 bytes back
Round trip time was 0.039783 milliseconds in repetition 274
tcp_ping received 768 bytes back
Round trip time was 0.03993 milliseconds in repetition 275
tcp_ping received 768 bytes back
Round trip time was 0.039484 milliseconds in repetition 276
tcp_ping received 768 bytes back
Round trip time was 0.039856 milliseconds in repetition 277
tcp_ping received 768 bytes back
Round trip time was 0.039937 milliseconds in repetition 278
tcp_ping received 768 bytes back
Round trip time was 0.039433 milliseconds in repetition 279
tcp_ping received 768 bytes back
Round trip time was 0.039605 milliseconds in repetition 280
tcp_ping received 768 bytes back
Round trip time was 0.039929 milliseconds in repetition 281
tcp_ping received 768 bytes back
Round trip time was 0.040014 milliseconds in repetition 282
tcp_ping received 768 bytes back
Round trip time was 0.039763 milliseconds in repetition 283
tcp_ping received 768 bytes back
Round trip time was 0.040066 milliseconds in repetition 284
tcp_ping received 768 bytes back
Round trip time was 0.040058 milliseconds in repetition 285
tcp_ping received 768 bytes back
Round trip time was 0.039704 milliseconds in repetition 286
tcp_ping received 768 bytes back
Round trip time was 0.040216 milliseconds in repetition 287
tcp_ping received 768 bytes back
Round trip time was 0.039866 milliseconds in repetition 288
tcp_ping received 768 bytes back
Round trip time was 0.039829 milliseconds in repetition 289
tcp_ping received 768 bytes back
Round trip time was 0.039544 milliseconds in repetition 290
tcp_ping received 768 bytes back
Round trip time was 0.03964 milliseconds in repetition 291
tcp_ping received 768 bytes back
Round trip time was 0.039879 milliseconds in repetition 292
tcp_ping received 768 bytes back
Round trip time was 0.039612 milliseconds in repetition 293
tcp_ping received 768 bytes back
Round trip time was 0.040075 milliseconds in repetition 294
tcp_ping received 768 bytes back
Round trip time was 0.04001 milliseconds in repetition 295
tcp_ping received 768 bytes back
Round trip time was 0.039962 milliseconds in repetition 296
tcp_ping received 768 bytes back
Round trip time was 0.039578 milliseconds in repetition 297
tcp_ping received 768 bytes back
Round trip time was 0.039923 milliseconds in repetition 298
tcp_ping received 768 bytes back
Round trip time was 0.04043 milliseconds in repetition 299
tcp_ping received 768 bytes back
Round trip time was 0.039698 milliseconds in repetition 300
tcp_ping received 768 bytes back
Round trip time was 0.039658 milliseconds in repetition 301
tcp_ping received 768 bytes back
Round trip time was 0.039778 milliseconds in repetition 302
tcp_ping received 768 bytes back
Round trip time was 0.039555 milliseconds in repetition 303
tcp_ping received 768 bytes back
Round trip time was 0.040441 milliseconds in repetition 304
tcp_ping received 768 bytes back
Round trip time was 0.039512 milliseconds in repetition 305
tcp_ping received 768 bytes back
Round trip time was 0.040055 milliseconds in repetition 306
tcp_ping received 768 bytes back
Round trip time was 0.040091 milliseconds in repetition 307
tcp_ping received 768 bytes back
Round trip time was 0.039999 milliseconds in repetition 308
tcp_ping received 768 bytes back
Round trip time was 0.043434 milliseconds in repetition 309
tcp_ping received 768 bytes back
Round trip time was 0.040265 milliseconds in repetition 310
tcp_ping received 768 bytes back
Round trip time was 0.039952 milliseconds in repetition 311
tcp_ping received 768 bytes back
Round trip time was 0.039782 milliseconds in repetition 312
tcp_ping received 768 bytes back
Round trip time was 0.040109 milliseconds in repetition 313
tcp_ping received 768 bytes back
Round trip time was 0.042245 milliseconds in repetition 314
tcp_ping received 768 bytes back
Round trip time was 0.039737 milliseconds in repetition 315
tcp_ping received 768 bytes back
Round trip time was 0.03975 milliseconds in repetition 316
tcp_ping received 768 bytes back
Round trip time was 0.039769 milliseconds in repetition 317
tcp_ping received 768 bytes back
Round trip time was 0.039644 milliseconds in repetition 318
tcp_ping received 768 bytes back
Round trip time was 0.039738 milliseconds in repetition 319
tcp_ping received 768 bytes back
Round trip time was 0.039943 milliseconds in repetition 320
tcp_ping received 768 bytes back
Round trip time was 0.04001 milliseconds in repetition 321
tcp_ping received 768 bytes back
Round trip time was 0.039662 milliseconds in repetition 322
tcp_ping received 768 bytes back
Round trip time was 0.03962 milliseconds in repetition 323
tcp_ping received 768 bytes back
Round trip time was 0.039395 milliseconds in repetition 324
tcp_ping received 768 bytes back
Round trip time was 0.039711 milliseconds in repetition 325
tcp_ping received 768 bytes back
Round trip time was 0.039539 milliseconds in repetition 326
tcp_ping received 768 bytes back
Round trip time was 0.039439 milliseconds in repetition 327
tcp_ping received 768 bytes back
Round trip time was 0.039349 milliseconds in repetition 328
tcp_ping received 768 bytes back
Round trip time was 0.039557 milliseconds in repetition 329
tcp_ping received 768 bytes back
Round trip time was 0.03941 milliseconds in repetition 330
tcp_ping received 768 bytes back
Round trip time was 0.039407 milliseconds in repetition 331
tcp_ping received 768 bytes back
Round trip time was 0.049906 milliseconds in repetition 332
tcp_ping received 768 bytes back
Round trip time was 0.048168 milliseconds in repetition 333
tcp_ping received 768 bytes back
Round trip time was 0.040026 milliseconds in repetition 334
tcp_ping received 768 bytes back
Round trip time was 0.039495 milliseconds in repetition 335
tcp_ping received 768 bytes back
Round trip time was 0.03938 milliseconds in repetition 336
tcp_ping received 768 bytes back
Round trip time was 0.039691 milliseconds in repetition 337
tcp_ping received 768 bytes back
Round trip time was 0.03974 milliseconds in repetition 338
tcp_ping received 768 bytes back
Round trip time was 0.039857 milliseconds in repetition 339
tcp_ping received 768 bytes back
Round trip time was 0.040363 milliseconds in repetition 340
tcp_ping received 768 bytes back
Round trip time was 0.039429 milliseconds in repetition 341
tcp_ping received 768 bytes back
Round trip time was 0.039574 milliseconds in repetition 342
tcp_ping received 768 bytes back
Round trip time was 0.039656 milliseconds in repetition 343
tcp_ping received 768 bytes back
Round trip time was 0.039469 milliseconds in repetition 344
tcp_ping received 768 bytes back
Round trip time was 0.039684 milliseconds in repetition 345
tcp_ping received 768 bytes back
Round trip time was 0.03949 milliseconds in repetition 346
tcp_ping received 768 bytes back
Round trip time was 0.03948 milliseconds in repetition 347
tcp_ping received 768 bytes back
Round trip time was 0.039532 milliseconds in repetition 348
tcp_ping received 768 bytes back
Round trip time was 0.039693 milliseconds in repetition 349
tcp_ping received 768 bytes back
Round trip time was 0.03943 milliseconds in repetition 350
tcp_ping received 768 bytes back
Round trip time was 0.039356 milliseconds in repetition 351
tcp_ping received 768 bytes back
Round trip time was 0.039567 milliseconds in repetition 352
tcp_ping received 768 bytes back
Round trip time was 0.042059 milliseconds in repetition 353
tcp_ping received 768 bytes back
Round trip time was 0.04041 milliseconds in repetition 354
tcp_ping received 768 bytes back
Round trip time was 0.039576 milliseconds in repetition 355
tcp_ping received 768 bytes back
Round trip time was 0.039573 milliseconds in repetition 356
tcp_ping received 768 bytes back
Round trip time was 0.039707 milliseconds in repetition 357
tcp_ping received 768 bytes back
Round trip time was 0.039699 milliseconds in repetition 358
tcp_ping received 768 bytes back
Round trip time was 0.040194 milliseconds in repetition 359
tcp_ping received 768 bytes back
Round trip time was 0.039498 milliseconds in repetition 360
tcp_ping received 768 bytes back
Round trip time was 0.039599 milliseconds in repetition 361
tcp_ping received 768 bytes back
Round trip time was 0.039619 milliseconds in repetition 362
tcp_ping received 768 bytes back
Round trip time was 0.039976 milliseconds in repetition 363
tcp_ping received 768 bytes back
Round trip time was 0.039429 milliseconds in repetition 364
tcp_ping received 768 bytes back
Round trip time was 0.039514 milliseconds in repetition 365
tcp_ping received 768 bytes back
Round trip time was 0.039587 milliseconds in repetition 366
tcp_ping received 768 bytes back
Round trip time was 0.039459 milliseconds in repetition 367
tcp_ping received 768 bytes back
Round trip time was 0.042047 milliseconds in repetition 368
tcp_ping received 768 bytes back
Round trip time was 0.039538 milliseconds in repetition 369
tcp_ping received 768 bytes back
Round trip time was 0.039793 milliseconds in repetition 370
tcp_ping received 768 bytes back
Round trip time was 0.039468 milliseconds in repetition 371
tcp_ping received 768 bytes back
Round trip time was 0.039658 milliseconds in repetition 372
tcp_ping received 768 bytes back
Round trip time was 0.039367 milliseconds in repetition 373
tcp_ping received 768 bytes back
Round trip time was 0.039738 milliseconds in repetition 374
tcp_ping received 768 bytes back
Round trip time was 0.039534 milliseconds in repetition 375
tcp_ping received 768 bytes back
Round trip time was 0.039357 milliseconds in repetition 376
tcp_ping received 768 bytes back
Round trip time was 0.039717 milliseconds in repetition 377
tcp_ping received 768 bytes back
Round trip time was 0.039463 milliseconds in repetition 378
tcp_ping received 768 bytes back
Round trip time was 0.039356 milliseconds in repetition 379
tcp_ping received 768 bytes back
Round trip time was 0.039726 milliseconds in repetition 380
tcp_ping received 768 bytes back
Round trip time was 0.039575 milliseconds in repetition 381
tcp_ping received 768 bytes back
Round trip time was 0.039476 milliseconds in repetition 382
tcp_ping received 768 bytes back
Round trip time was 0.039427 milliseconds in repetition 383
tcp_ping received 768 bytes back
Round trip time was 0.039478 milliseconds in repetition 384
tcp_ping received 768 bytes back
Round trip time was 0.039297 milliseconds in repetition 385
tcp_ping received 768 bytes back
Round trip time was 0.039588 milliseconds in repetition 386
tcp_ping received 768 bytes back
Round trip time was 0.042313 milliseconds in repetition 387
tcp_ping received 768 bytes back
Round trip time was 0.039481 milliseconds in repetition 388
tcp_ping received 768 bytes back
Round trip time was 0.039623 milliseconds in repetition 389
tcp_ping received 768 bytes back
Round trip time was 0.039247 milliseconds in repetition 390
tcp_ping received 768 bytes back
Round trip time was 0.03951 milliseconds in repetition 391
tcp_ping received 768 bytes back
Round trip time was 0.039304 milliseconds in repetition 392
tcp_ping received 768 bytes back
Round trip time was 0.039482 milliseconds in repetition 393
tcp_ping received 768 bytes back
Round trip time was 0.03955 milliseconds in repetition 394
tcp_ping received 768 bytes back
Round trip time was 0.039577 milliseconds in repetition 395
tcp_ping received 768 bytes back
Round trip time was 0.039581 milliseconds in repetition 396
tcp_ping received 768 bytes back
Round trip time was 0.081468 milliseconds in repetition 397
tcp_ping received 768 bytes back
Round trip time was 0.040782 milliseconds in repetition 398
tcp_ping received 768 bytes back
Round trip time was 0.039849 milliseconds in repetition 399
tcp_ping received 768 bytes back
Round trip time was 0.039454 milliseconds in repetition 400
tcp_ping received 768 bytes back
Round trip time was 0.039439 milliseconds in repetition 401
tcp_ping received 768 bytes back
Round trip time was 0.039505 milliseconds in repetition 402
tcp_ping received 768 bytes back
Round trip time was 0.039325 milliseconds in repetition 403
tcp_ping received 768 bytes back
Round trip time was 0.039408 milliseconds in repetition 404
tcp_ping received 768 bytes back
Round trip time was 0.039522 milliseconds in repetition 405
tcp_ping received 768 bytes back
Round trip time was 0.039647 milliseconds in repetition 406
tcp_ping received 768 bytes back
Round trip time was 0.039399 milliseconds in repetition 407
tcp_ping received 768 bytes back
Round trip time was 0.039604 milliseconds in repetition 408
tcp_ping received 768 bytes back
Round trip time was 0.040368 milliseconds in repetition 409
tcp_ping received 768 bytes back
Round trip time was 0.045473 milliseconds in repetition 410
tcp_ping received 768 bytes back
Round trip time was 0.0507 milliseconds in repetition 411
tcp_ping received 768 bytes back
Round trip time was 0.062329 milliseconds in repetition 412
tcp_ping received 768 bytes back
Round trip time was 0.060681 milliseconds in repetition 413
tcp_ping received 768 bytes back
Round trip time was 0.0479 milliseconds in repetition 414
tcp_ping received 768 bytes back
Round trip time was 0.043404 milliseconds in repetition 415
tcp_ping received 768 bytes back
Round trip time was 0.04335 milliseconds in repetition 416
tcp_ping received 768 bytes back
Round trip time was 0.044703 milliseconds in repetition 417
tcp_ping received 768 bytes back
Round trip time was 0.04304 milliseconds in repetition 418
tcp_ping received 768 bytes back
Round trip time was 0.040045 milliseconds in repetition 419
tcp_ping received 768 bytes back
Round trip time was 0.039352 milliseconds in repetition 420
tcp_ping received 768 bytes back
Round trip time was 0.040019 milliseconds in repetition 421
tcp_ping received 768 bytes back
Round trip time was 0.050152 milliseconds in repetition 422
tcp_ping received 768 bytes back
Round trip time was 0.042391 milliseconds in repetition 423
tcp_ping received 768 bytes back
Round trip time was 0.039641 milliseconds in repetition 424
tcp_ping received 768 bytes back
Round trip time was 0.039078 milliseconds in repetition 425
tcp_ping received 768 bytes back
Round trip time was 0.038278 milliseconds in repetition 426
tcp_ping received 768 bytes back
Round trip time was 0.038732 milliseconds in repetition 427
tcp_ping received 768 bytes back
Round trip time was 0.039095 milliseconds in repetition 428
tcp_ping received 768 bytes back
Round trip time was 0.039782 milliseconds in repetition 429
tcp_ping received 768 bytes back
Round trip time was 0.039725 milliseconds in repetition 430
tcp_ping received 768 bytes back
Round trip time was 0.040045 milliseconds in repetition 431
tcp_ping received 768 bytes back
Round trip time was 0.039399 milliseconds in repetition 432
tcp_ping received 768 bytes back
Round trip time was 0.094258 milliseconds in repetition 433
tcp_ping received 768 bytes back
Round trip time was 0.045256 milliseconds in repetition 434
tcp_ping received 768 bytes back
Round trip time was 0.051755 milliseconds in repetition 435
tcp_ping received 768 bytes back
Round trip time was 0.060131 milliseconds in repetition 436
tcp_ping received 768 bytes back
Round trip time was 0.048251 milliseconds in repetition 437
tcp_ping received 768 bytes back
Round trip time was 0.058616 milliseconds in repetition 438
tcp_ping received 768 bytes back
Round trip time was 0.043192 milliseconds in repetition 439
tcp_ping received 768 bytes back
Round trip time was 0.052 milliseconds in repetition 440
tcp_ping received 768 bytes back
Round trip time was 0.051062 milliseconds in repetition 441
tcp_ping received 768 bytes back
Round trip time was 0.058293 milliseconds in repetition 442
tcp_ping received 768 bytes back
Round trip time was 0.055096 milliseconds in repetition 443
tcp_ping received 768 bytes back
Round trip time was 0.046527 milliseconds in repetition 444
tcp_ping received 768 bytes back
Round trip time was 0.047386 milliseconds in repetition 445
tcp_ping received 768 bytes back
Round trip time was 0.04096 milliseconds in repetition 446
tcp_ping received 768 bytes back
Round trip time was 0.038786 milliseconds in repetition 447
tcp_ping received 768 bytes back
Round trip time was 0.042011 milliseconds in repetition 448
tcp_ping received 768 bytes back
Round trip time was 0.043151 milliseconds in repetition 449
tcp_ping received 768 bytes back
Round trip time was 0.054858 milliseconds in repetition 450
tcp_ping received 768 bytes back
Round trip time was 0.040913 milliseconds in repetition 451
tcp_ping received 768 bytes back
Round trip time was 0.039025 milliseconds in repetition 452
tcp_ping received 768 bytes back
Round trip time was 0.038248 milliseconds in repetition 453
tcp_ping received 768 bytes back
Round trip time was 0.038674 milliseconds in repetition 454
tcp_ping received 768 bytes back
Round trip time was 0.038343 milliseconds in repetition 455
tcp_ping received 768 bytes back
Round trip time was 0.038683 milliseconds in repetition 456
tcp_ping received 768 bytes back
Round trip time was 0.039087 milliseconds in repetition 457
tcp_ping received 768 bytes back
Round trip time was 0.039549 milliseconds in repetition 458
tcp_ping received 768 bytes back
Round trip time was 0.040584 milliseconds in repetition 459
tcp_ping received 768 bytes back
Round trip time was 0.043415 milliseconds in repetition 460
tcp_ping received 768 bytes back
Round trip time was 0.040564 milliseconds in repetition 461
tcp_ping received 768 bytes back
Round trip time was 0.04046 milliseconds in repetition 462
tcp_ping received 768 bytes back
Round trip time was 0.044331 milliseconds in repetition 463
tcp_ping received 768 bytes back
Round trip time was 0.04782 milliseconds in repetition 464
tcp_ping received 768 bytes back
Round trip time was 0.042489 milliseconds in repetition 465
tcp_ping received 768 bytes back
Round trip time was 0.03884 milliseconds in repetition 466
tcp_ping received 768 bytes back
Round trip time was 0.039717 milliseconds in repetition 467
tcp_ping received 768 bytes back
Round trip time was 0.039056 milliseconds in repetition 468
tcp_ping received 768 bytes back
Round trip time was 0.038225 milliseconds in repetition 469
tcp_ping received 768 bytes back
Round trip time was 0.038638 milliseconds in repetition 470
tcp_ping received 768 bytes back
Round trip time was 0.039053 milliseconds in repetition 471
tcp_ping received 768 bytes back
Round trip time was 0.038415 milliseconds in repetition 472
tcp_ping received 768 bytes back
Round trip time was 0.038459 milliseconds in repetition 473
tcp_ping received 768 bytes back
Round trip time was 0.038996 milliseconds in repetition 474
tcp_ping received 768 bytes back
Round trip time was 0.038498 milliseconds in repetition 475
tcp_ping received 768 bytes back
Round trip time was 0.038694 milliseconds in repetition 476
tcp_ping received 768 bytes back
Round trip time was 0.038637 milliseconds in repetition 477
tcp_ping received 768 bytes back
Round trip time was 0.039559 milliseconds in repetition 478
tcp_ping received 768 bytes back
Round trip time was 0.038777 milliseconds in repetition 479
tcp_ping received 768 bytes back
Round trip time was 0.038307 milliseconds in repetition 480
tcp_ping received 768 bytes back
Round trip time was 0.039018 milliseconds in repetition 481
tcp_ping received 768 bytes back
Round trip time was 0.038517 milliseconds in repetition 482
tcp_ping received 768 bytes back
Round trip time was 0.038526 milliseconds in repetition 483
tcp_ping received 768 bytes back
Round trip time was 0.03811 milliseconds in repetition 484
tcp_ping received 768 bytes back
Round trip time was 0.038523 milliseconds in repetition 485
tcp_ping received 768 bytes back
Round trip time was 0.058704 milliseconds in repetition 486
tcp_ping received 768 bytes back
Round trip time was 0.041096 milliseconds in repetition 487
tcp_ping received 768 bytes back
Round trip time was 0.039037 milliseconds in repetition 488
tcp_ping received 768 bytes back
Round trip time was 0.038588 milliseconds in repetition 489
tcp_ping received 768 bytes back
Round trip time was 0.038466 milliseconds in repetition 490
tcp_ping received 768 bytes back
Round trip time was 0.038788 milliseconds in repetition 491
tcp_ping received 768 bytes back
Round trip time was 0.038673 milliseconds in repetition 492
tcp_ping received 768 bytes back
Round trip time was 0.039372 milliseconds in repetition 493
tcp_ping received 768 bytes back
Round trip time was 0.038618 milliseconds in repetition 494
tcp_ping received 768 bytes back
Round trip time was 0.038668 milliseconds in repetition 495
tcp_ping received 768 bytes back
Round trip time was 0.038805 milliseconds in repetition 496
tcp_ping received 768 bytes back
Round trip time was 0.038424 milliseconds in repetition 497
tcp_ping received 768 bytes back
Round trip time was 0.038573 milliseconds in repetition 498
tcp_ping received 768 bytes back
Round trip time was 0.038615 milliseconds in repetition 499
tcp_ping received 768 bytes back
Round trip time was 0.038523 milliseconds in repetition 500
tcp_ping received 768 bytes back
Round trip time was 0.043645 milliseconds in repetition 501

 ... clock resolution was 1e-06
TCP Ping:  Statistics over 501 repetitions of 768 byte messages

RTT : percentile 10: 0.039325, median: 0.040091, percentile 90: 0.054714, average: 0.0439787, variance: 6.38339e-05

RTT histogram:
0.0381095 182
0.0414271 156
0.0447448 45
0.0480624 34
0.0513801 28
0.0546977 15
0.0580154 15
0.061333 9
0.0646507 6
0.0679683 4
0.071286 2
0.0746037 1
0.0779213 0
0.081239 1
0.0845566 1
0.0878743 0
0.0911919 0
0.0945096 1
0.0978272 0
0.101145 0
0.104463 1

   median Throughput : 38312.8 KB/s   overall Throughput : 34926 KB/s

