TCP Ping trying to connect to server localhost (127.0.0.1) on port 1491

... connected to Pong server: asking for 501 repetitions of 512 bytes TCP messages
 ... Pong server agreed :-)
tcp_ping received 512 bytes back
Round trip time was 0.093262 milliseconds in repetition 1
tcp_ping received 512 bytes back
Round trip time was 0.059045 milliseconds in repetition 2
tcp_ping received 512 bytes back
Round trip time was 0.11636 milliseconds in repetition 3
tcp_ping received 512 bytes back
Round trip time was 0.12361 milliseconds in repetition 4
tcp_ping received 512 bytes back
Round trip time was 0.057701 milliseconds in repetition 5
tcp_ping received 512 bytes back
Round trip time was 0.105418 milliseconds in repetition 6
tcp_ping received 512 bytes back
Round trip time was 0.058178 milliseconds in repetition 7
tcp_ping received 512 bytes back
Round trip time was 0.050266 milliseconds in repetition 8
tcp_ping received 512 bytes back
Round trip time was 0.115135 milliseconds in repetition 9
tcp_ping received 512 bytes back
Round trip time was 0.153955 milliseconds in repetition 10
tcp_ping received 512 bytes back
Round trip time was 0.056734 milliseconds in repetition 11
tcp_ping received 512 bytes back
Round trip time was 0.040605 milliseconds in repetition 12
tcp_ping received 512 bytes back
Round trip time was 0.039581 milliseconds in repetition 13
tcp_ping received 512 bytes back
Round trip time was 0.03957 milliseconds in repetition 14
tcp_ping received 512 bytes back
Round trip time was 0.039424 milliseconds in repetition 15
tcp_ping received 512 bytes back
Round trip time was 0.101128 milliseconds in repetition 16
tcp_ping received 512 bytes back
Round trip time was 0.039905 milliseconds in repetition 17
tcp_ping received 512 bytes back
Round trip time was 0.070951 milliseconds in repetition 18
tcp_ping received 512 bytes back
Round trip time was 0.040578 milliseconds in repetition 19
tcp_ping received 512 bytes back
Round trip time was 0.039237 milliseconds in repetition 20
tcp_ping received 512 bytes back
Round trip time was 0.039001 milliseconds in repetition 21
tcp_ping received 512 bytes back
Round trip time was 0.041198 milliseconds in repetition 22
tcp_ping received 512 bytes back
Round trip time was 0.062676 milliseconds in repetition 23
tcp_ping received 512 bytes back
Round trip time was 0.052608 milliseconds in repetition 24
tcp_ping received 512 bytes back
Round trip time was 0.052385 milliseconds in repetition 25
tcp_ping received 512 bytes back
Round trip time was 0.110852 milliseconds in repetition 26
tcp_ping received 512 bytes back
Round trip time was 0.04492 milliseconds in repetition 27
tcp_ping received 512 bytes back
Round trip time was 0.042242 milliseconds in repetition 28
tcp_ping received 512 bytes back
Round trip time was 0.03979 milliseconds in repetition 29
tcp_ping received 512 bytes back
Round trip time was 0.039501 milliseconds in repetition 30
tcp_ping received 512 bytes back
Round trip time was 0.039244 milliseconds in repetition 31
tcp_ping received 512 bytes back
Round trip time was 0.042442 milliseconds in repetition 32
tcp_ping received 512 bytes back
Round trip time was 0.068921 milliseconds in repetition 33
tcp_ping received 512 bytes back
Round trip time was 0.060718 milliseconds in repetition 34
tcp_ping received 512 bytes back
Round trip time was 0.060131 milliseconds in repetition 35
tcp_ping received 512 bytes back
Round trip time was 0.049 milliseconds in repetition 36
tcp_ping received 512 bytes back
Round trip time was 0.050987 milliseconds in repetition 37
tcp_ping received 512 bytes back
Round trip time was 0.056533 milliseconds in repetition 38
tcp_ping received 512 bytes back
Round trip time was 0.040822 milliseconds in repetition 39
tcp_ping received 512 bytes back
Round trip time was 0.040596 milliseconds in repetition 40
tcp_ping received 512 bytes back
Round trip time was 0.038924 milliseconds in repetition 41
tcp_ping received 512 bytes back
Round trip time was 0.049327 milliseconds in repetition 42
tcp_ping received 512 bytes back
Round trip time was 0.050872 milliseconds in repetition 43
tcp_ping received 512 bytes back
Round trip time was 0.063166 milliseconds in repetition 44
tcp_ping received 512 bytes back
Round trip time was 0.044459 milliseconds in repetition 45
tcp_ping received 512 bytes back
Round trip time was 0.045714 milliseconds in repetition 46
tcp_ping received 512 bytes back
Round trip time was 0.047333 milliseconds in repetition 47
tcp_ping received 512 bytes back
Round trip time was 0.045055 milliseconds in repetition 48
tcp_ping received 512 bytes back
Round trip time was 0.045739 milliseconds in repetition 49
tcp_ping received 512 bytes back
Round trip time was 0.041901 milliseconds in repetition 50
tcp_ping received 512 bytes back
Round trip time was 0.056762 milliseconds in repetition 51
tcp_ping received 512 bytes back
Round trip time was 0.044045 milliseconds in repetition 52
tcp_ping received 512 bytes back
Round trip time was 0.043424 milliseconds in repetition 53
tcp_ping received 512 bytes back
Round trip time was 0.046452 milliseconds in repetition 54
tcp_ping received 512 bytes back
Round trip time was 0.048482 milliseconds in repetition 55
tcp_ping received 512 bytes back
Round trip time was 0.04674 milliseconds in repetition 56
tcp_ping received 512 bytes back
Round trip time was 0.050448 milliseconds in repetition 57
tcp_ping received 512 bytes back
Round trip time was 0.053491 milliseconds in repetition 58
tcp_ping received 512 bytes back
Round trip time was 0.042579 milliseconds in repetition 59
tcp_ping received 512 bytes back
Round trip time was 0.077109 milliseconds in repetition 60
tcp_ping received 512 bytes back
Round trip time was 0.061927 milliseconds in repetition 61
tcp_ping received 512 bytes back
Round trip time was 0.075705 milliseconds in repetition 62
tcp_ping received 512 bytes back
Round trip time was 0.080177 milliseconds in repetition 63
tcp_ping received 512 bytes back
Round trip time was 0.109837 milliseconds in repetition 64
tcp_ping received 512 bytes back
Round trip time was 0.048516 milliseconds in repetition 65
tcp_ping received 512 bytes back
Round trip time was 0.049089 milliseconds in repetition 66
tcp_ping received 512 bytes back
Round trip time was 0.048449 milliseconds in repetition 67
tcp_ping received 512 bytes back
Round trip time was 0.04542 milliseconds in repetition 68
tcp_ping received 512 bytes back
Round trip time was 0.043737 milliseconds in repetition 69
tcp_ping received 512 bytes back
Round trip time was 0.092611 milliseconds in repetition 70
tcp_ping received 512 bytes back
Round trip time was 0.050866 milliseconds in repetition 71
tcp_ping received 512 bytes back
Round trip time was 0.059848 milliseconds in repetition 72
tcp_ping received 512 bytes back
Round trip time was 0.04453 milliseconds in repetition 73
tcp_ping received 512 bytes back
Round trip time was 0.040032 milliseconds in repetition 74
tcp_ping received 512 bytes back
Round trip time was 0.039854 milliseconds in repetition 75
tcp_ping received 512 bytes back
Round trip time was 0.050199 milliseconds in repetition 76
tcp_ping received 512 bytes back
Round trip time was 0.039786 milliseconds in repetition 77
tcp_ping received 512 bytes back
Round trip time was 0.039046 milliseconds in repetition 78
tcp_ping received 512 bytes back
Round trip time was 0.038884 milliseconds in repetition 79
tcp_ping received 512 bytes back
Round trip time was 0.03912 milliseconds in repetition 80
tcp_ping received 512 bytes back
Round trip time was 0.038892 milliseconds in repetition 81
tcp_ping received 512 bytes back
Round trip time was 0.038556 milliseconds in repetition 82
tcp_ping received 512 bytes back
Round trip time was 0.038893 milliseconds in repetition 83
tcp_ping received 512 bytes back
Round trip time was 0.038839 milliseconds in repetition 84
tcp_ping received 512 bytes back
Round trip time was 0.038881 milliseconds in repetition 85
tcp_ping received 512 bytes back
Round trip time was 0.03898 milliseconds in repetition 86
tcp_ping received 512 bytes back
Round trip time was 0.039043 milliseconds in repetition 87
tcp_ping received 512 bytes back
Round trip time was 0.038927 milliseconds in repetition 88
tcp_ping received 512 bytes back
Round trip time was 0.040569 milliseconds in repetition 89
tcp_ping received 512 bytes back
Round trip time was 0.038932 milliseconds in repetition 90
tcp_ping received 512 bytes back
Round trip time was 0.039172 milliseconds in repetition 91
tcp_ping received 512 bytes back
Round trip time was 0.038766 milliseconds in repetition 92
tcp_ping received 512 bytes back
Round trip time was 0.038809 milliseconds in repetition 93
tcp_ping received 512 bytes back
Round trip time was 0.075616 milliseconds in repetition 94
tcp_ping received 512 bytes back
Round trip time was 0.043816 milliseconds in repetition 95
tcp_ping received 512 bytes back
Round trip time was 0.040418 milliseconds in repetition 96
tcp_ping received 512 bytes back
Round trip time was 0.039035 milliseconds in repetition 97
tcp_ping received 512 bytes back
Round trip time was 0.041137 milliseconds in repetition 98
tcp_ping received 512 bytes back
Round trip time was 0.042601 milliseconds in repetition 99
tcp_ping received 512 bytes back
Round trip time was 0.039461 milliseconds in repetition 100
tcp_ping received 512 bytes back
Round trip time was 0.04102 milliseconds in repetition 101
tcp_ping received 512 bytes back
Round trip time was 0.045183 milliseconds in repetition 102
tcp_ping received 512 bytes back
Round trip time was 0.052242 milliseconds in repetition 103
tcp_ping received 512 bytes back
Round trip time was 0.041787 milliseconds in repetition 104
tcp_ping received 512 bytes back
Round trip time was 0.045187 milliseconds in repetition 105
tcp_ping received 512 bytes back
Round trip time was 0.042514 milliseconds in repetition 106
tcp_ping received 512 bytes back
Round trip time was 0.04641 milliseconds in repetition 107
tcp_ping received 512 bytes back
Round trip time was 0.040637 milliseconds in repetition 108
tcp_ping received 512 bytes back
Round trip time was 0.039761 milliseconds in repetition 109
tcp_ping received 512 bytes back
Round trip time was 0.071682 milliseconds in repetition 110
tcp_ping received 512 bytes back
Round trip time was 0.047481 milliseconds in repetition 111
tcp_ping received 512 bytes back
Round trip time was 0.048711 milliseconds in repetition 112
tcp_ping received 512 bytes back
Round trip time was 0.045938 milliseconds in repetition 113
tcp_ping received 512 bytes back
Round trip time was 0.039254 milliseconds in repetition 114
tcp_ping received 512 bytes back
Round trip time was 0.04378 milliseconds in repetition 115
tcp_ping received 512 bytes back
Round trip time was 0.044617 milliseconds in repetition 116
tcp_ping received 512 bytes back
Round trip time was 0.039405 milliseconds in repetition 117
tcp_ping received 512 bytes back
Round trip time was 0.038829 milliseconds in repetition 118
tcp_ping received 512 bytes back
Round trip time was 0.038855 milliseconds in repetition 119
tcp_ping received 512 bytes back
Round trip time was 0.038621 milliseconds in repetition 120
tcp_ping received 512 bytes back
Round trip time was 0.039013 milliseconds in repetition 121
tcp_ping received 512 bytes back
Round trip time was 0.038727 milliseconds in repetition 122
tcp_ping received 512 bytes back
Round trip time was 0.038873 milliseconds in repetition 123
tcp_ping received 512 bytes back
Round trip time was 0.038733 milliseconds in repetition 124
tcp_ping received 512 bytes back
Round trip time was 0.038744 milliseconds in repetition 125
tcp_ping received 512 bytes back
Round trip time was 0.03856 milliseconds in repetition 126
tcp_ping received 512 bytes back
Round trip time was 0.038675 milliseconds in repetition 127
tcp_ping received 512 bytes back
Round trip time was 0.040064 milliseconds in repetition 128
tcp_ping received 512 bytes back
Round trip time was 0.043381 milliseconds in repetition 129
tcp_ping received 512 bytes back
Round trip time was 0.038129 milliseconds in repetition 130
tcp_ping received 512 bytes back
Round trip time was 0.038882 milliseconds in repetition 131
tcp_ping received 512 bytes back
Round trip time was 0.038967 milliseconds in repetition 132
tcp_ping received 512 bytes back
Round trip time was 0.044149 milliseconds in repetition 133
tcp_ping received 512 bytes back
Round trip time was 0.039294 milliseconds in repetition 134
tcp_ping received 512 bytes back
Round trip time was 0.039159 milliseconds in repetition 135
tcp_ping received 512 bytes back
Round trip time was 0.039273 milliseconds in repetition 136
tcp_ping received 512 bytes back
Round trip time was 0.038932 milliseconds in repetition 137
tcp_ping received 512 bytes back
Round trip time was 0.038911 milliseconds in repetition 138
tcp_ping received 512 bytes back
Round trip time was 0.039105 milliseconds in repetition 139
tcp_ping received 512 bytes back
Round trip time was 0.038896 milliseconds in repetition 140
tcp_ping received 512 bytes back
Round trip time was 0.039122 milliseconds in repetition 141
tcp_ping received 512 bytes back
Round trip time was 0.03858 milliseconds in repetition 142
tcp_ping received 512 bytes back
Round trip time was 0.039114 milliseconds in repetition 143
tcp_ping received 512 bytes back
Round trip time was 0.038931 milliseconds in repetition 144
tcp_ping received 512 bytes back
Round trip time was 0.038751 milliseconds in repetition 145
tcp_ping received 512 bytes back
Round trip time was 0.039086 milliseconds in repetition 146
tcp_ping received 512 bytes back
Round trip time was 0.041839 milliseconds in repetition 147
tcp_ping received 512 bytes back
Round trip time was 0.03876 milliseconds in repetition 148
tcp_ping received 512 bytes back
Round trip time was 0.038993 milliseconds in repetition 149
tcp_ping received 512 bytes back
Round trip time was 0.03859 milliseconds in repetition 150
tcp_ping received 512 bytes back
Round trip time was 0.038876 milliseconds in repetition 151
tcp_ping received 512 bytes back
Round trip time was 0.038946 milliseconds in repetition 152
tcp_ping received 512 bytes back
Round trip time was 0.038503 milliseconds in repetition 153
tcp_ping received 512 bytes back
Round trip time was 0.039032 milliseconds in repetition 154
tcp_ping received 512 bytes back
Round trip time was 0.038857 milliseconds in repetition 155
tcp_ping received 512 bytes back
Round trip time was 0.038757 milliseconds in repetition 156
tcp_ping received 512 bytes back
Round trip time was 0.038906 milliseconds in repetition 157
tcp_ping received 512 bytes back
Round trip time was 0.039289 milliseconds in repetition 158
tcp_ping received 512 bytes back
Round trip time was 0.038982 milliseconds in repetition 159
tcp_ping received 512 bytes back
Round trip time was 0.03884 milliseconds in repetition 160
tcp_ping received 512 bytes back
Round trip time was 0.03872 milliseconds in repetition 161
tcp_ping received 512 bytes back
Round trip time was 0.03905 milliseconds in repetition 162
tcp_ping received 512 bytes back
Round trip time was 0.038726 milliseconds in repetition 163
tcp_ping received 512 bytes back
Round trip time was 0.038994 milliseconds in repetition 164
tcp_ping received 512 bytes back
Round trip time was 0.038763 milliseconds in repetition 165
tcp_ping received 512 bytes back
Round trip time was 0.038904 milliseconds in repetition 166
tcp_ping received 512 bytes back
Round trip time was 0.039083 milliseconds in repetition 167
tcp_ping received 512 bytes back
Round trip time was 0.03914 milliseconds in repetition 168
tcp_ping received 512 bytes back
Round trip time was 0.03878 milliseconds in repetition 169
tcp_ping received 512 bytes back
Round trip time was 0.038912 milliseconds in repetition 170
tcp_ping received 512 bytes back
Round trip time was 0.039154 milliseconds in repetition 171
tcp_ping received 512 bytes back
Round trip time was 0.038884 milliseconds in repetition 172
tcp_ping received 512 bytes back
Round trip time was 0.03885 milliseconds in repetition 173
tcp_ping received 512 bytes back
Round trip time was 0.039437 milliseconds in repetition 174
tcp_ping received 512 bytes back
Round trip time was 0.03895 milliseconds in repetition 175
tcp_ping received 512 bytes back
Round trip time was 0.039092 milliseconds in repetition 176
tcp_ping received 512 bytes back
Round trip time was 0.040496 milliseconds in repetition 177
tcp_ping received 512 bytes back
Round trip time was 0.039016 milliseconds in repetition 178
tcp_ping received 512 bytes back
Round trip time was 0.038849 milliseconds in repetition 179
tcp_ping received 512 bytes back
Round trip time was 0.039377 milliseconds in repetition 180
tcp_ping received 512 bytes back
Round trip time was 0.039071 milliseconds in repetition 181
tcp_ping received 512 bytes back
Round trip time was 0.039191 milliseconds in repetition 182
tcp_ping received 512 bytes back
Round trip time was 0.038983 milliseconds in repetition 183
tcp_ping received 512 bytes back
Round trip time was 0.039276 milliseconds in repetition 184
tcp_ping received 512 bytes back
Round trip time was 0.039107 milliseconds in repetition 185
tcp_ping received 512 bytes back
Round trip time was 0.042418 milliseconds in repetition 186
tcp_ping received 512 bytes back
Round trip time was 0.039276 milliseconds in repetition 187
tcp_ping received 512 bytes back
Round trip time was 0.038968 milliseconds in repetition 188
tcp_ping received 512 bytes back
Round trip time was 0.038773 milliseconds in repetition 189
tcp_ping received 512 bytes back
Round trip time was 0.039047 milliseconds in repetition 190
tcp_ping received 512 bytes back
Round trip time was 0.039213 milliseconds in repetition 191
tcp_ping received 512 bytes back
Round trip time was 0.042024 milliseconds in repetition 192
tcp_ping received 512 bytes back
Round trip time was 0.039307 milliseconds in repetition 193
tcp_ping received 512 bytes back
Round trip time was 0.039102 milliseconds in repetition 194
tcp_ping received 512 bytes back
Round trip time was 0.03905 milliseconds in repetition 195
tcp_ping received 512 bytes back
Round trip time was 0.038608 milliseconds in repetition 196
tcp_ping received 512 bytes back
Round trip time was 0.039026 milliseconds in repetition 197
tcp_ping received 512 bytes back
Round trip time was 0.038975 milliseconds in repetition 198
tcp_ping received 512 bytes back
Round trip time was 0.039092 milliseconds in repetition 199
tcp_ping received 512 bytes back
Round trip time was 0.038922 milliseconds in repetition 200
tcp_ping received 512 bytes back
Round trip time was 0.039116 milliseconds in repetition 201
tcp_ping received 512 bytes back
Round trip time was 0.038906 milliseconds in repetition 202
tcp_ping received 512 bytes back
Round trip time was 0.039003 milliseconds in repetition 203
tcp_ping received 512 bytes back
Round trip time was 0.039002 milliseconds in repetition 204
tcp_ping received 512 bytes back
Round trip time was 0.038788 milliseconds in repetition 205
tcp_ping received 512 bytes back
Round trip time was 0.03926 milliseconds in repetition 206
tcp_ping received 512 bytes back
Round trip time was 0.038929 milliseconds in repetition 207
tcp_ping received 512 bytes back
Round trip time was 0.039119 milliseconds in repetition 208
tcp_ping received 512 bytes back
Round trip time was 0.03926 milliseconds in repetition 209
tcp_ping received 512 bytes back
Round trip time was 0.040259 milliseconds in repetition 210
tcp_ping received 512 bytes back
Round trip time was 0.043445 milliseconds in repetition 211
tcp_ping received 512 bytes back
Round trip time was 0.058649 milliseconds in repetition 212
tcp_ping received 512 bytes back
Round trip time was 0.049069 milliseconds in repetition 213
tcp_ping received 512 bytes back
Round trip time was 0.042872 milliseconds in repetition 214
tcp_ping received 512 bytes back
Round trip time was 0.055658 milliseconds in repetition 215
tcp_ping received 512 bytes back
Round trip time was 0.044604 milliseconds in repetition 216
tcp_ping received 512 bytes back
Round trip time was 0.043926 milliseconds in repetition 217
tcp_ping received 512 bytes back
Round trip time was 0.064169 milliseconds in repetition 218
tcp_ping received 512 bytes back
Round trip time was 0.060216 milliseconds in repetition 219
tcp_ping received 512 bytes back
Round trip time was 0.050671 milliseconds in repetition 220
tcp_ping received 512 bytes back
Round trip time was 0.05873 milliseconds in repetition 221
tcp_ping received 512 bytes back
Round trip time was 0.051983 milliseconds in repetition 222
tcp_ping received 512 bytes back
Round trip time was 0.049632 milliseconds in repetition 223
tcp_ping received 512 bytes back
Round trip time was 0.046333 milliseconds in repetition 224
tcp_ping received 512 bytes back
Round trip time was 0.042198 milliseconds in repetition 225
tcp_ping received 512 bytes back
Round trip time was 0.040169 milliseconds in repetition 226
tcp_ping received 512 bytes back
Round trip time was 0.041631 milliseconds in repetition 227
tcp_ping received 512 bytes back
Round trip time was 0.043417 milliseconds in repetition 228
tcp_ping received 512 bytes back
Round trip time was 0.051219 milliseconds in repetition 229
tcp_ping received 512 bytes back
Round trip time was 0.04272 milliseconds in repetition 230
tcp_ping received 512 bytes back
Round trip time was 0.046459 milliseconds in repetition 231
tcp_ping received 512 bytes back
Round trip time was 0.073177 milliseconds in repetition 232
tcp_ping received 512 bytes back
Round trip time was 0.052691 milliseconds in repetition 233
tcp_ping received 512 bytes back
Round trip time was 0.064446 milliseconds in repetition 234
tcp_ping received 512 bytes back
Round trip time was 0.042312 milliseconds in repetition 235
tcp_ping received 512 bytes back
Round trip time was 0.03856 milliseconds in repetition 236
tcp_ping received 512 bytes back
Round trip time was 0.038355 milliseconds in repetition 237
tcp_ping received 512 bytes back
Round trip time was 0.038437 milliseconds in repetition 238
tcp_ping received 512 bytes back
Round trip time was 0.044425 milliseconds in repetition 239
tcp_ping received 512 bytes back
Round trip time was 0.039921 milliseconds in repetition 240
tcp_ping received 512 bytes back
Round trip time was 0.046244 milliseconds in repetition 241
tcp_ping received 512 bytes back
Round trip time was 0.046756 milliseconds in repetition 242
tcp_ping received 512 bytes back
Round trip time was 0.038632 milliseconds in repetition 243
tcp_ping received 512 bytes back
Round trip time was 0.039133 milliseconds in repetition 244
tcp_ping received 512 bytes back
Round trip time was 0.038345 milliseconds in repetition 245
tcp_ping received 512 bytes back
Round trip time was 0.038186 milliseconds in repetition 246
tcp_ping received 512 bytes back
Round trip time was 0.039412 milliseconds in repetition 247
tcp_ping received 512 bytes back
Round trip time was 0.039528 milliseconds in repetition 248
tcp_ping received 512 bytes back
Round trip time was 0.038805 milliseconds in repetition 249
tcp_ping received 512 bytes back
Round trip time was 0.037838 milliseconds in repetition 250
tcp_ping received 512 bytes back
Round trip time was 0.039312 milliseconds in repetition 251
tcp_ping received 512 bytes back
Round trip time was 0.037887 milliseconds in repetition 252
tcp_ping received 512 bytes back
Round trip time was 0.038416 milliseconds in repetition 253
tcp_ping received 512 bytes back
Round trip time was 0.038568 milliseconds in repetition 254
tcp_ping received 512 bytes back
Round trip time was 0.038113 milliseconds in repetition 255
tcp_ping received 512 bytes back
Round trip time was 0.039784 milliseconds in repetition 256
tcp_ping received 512 bytes back
Round trip time was 0.03968 milliseconds in repetition 257
tcp_ping received 512 bytes back
Round trip time was 0.038633 milliseconds in repetition 258
tcp_ping received 512 bytes back
Round trip time was 0.039729 milliseconds in repetition 259
tcp_ping received 512 bytes back
Round trip time was 0.038277 milliseconds in repetition 260
tcp_ping received 512 bytes back
Round trip time was 0.038341 milliseconds in repetition 261
tcp_ping received 512 bytes back
Round trip time was 0.038679 milliseconds in repetition 262
tcp_ping received 512 bytes back
Round trip time was 0.038259 milliseconds in repetition 263
tcp_ping received 512 bytes back
Round trip time was 0.038679 milliseconds in repetition 264
tcp_ping received 512 bytes back
Round trip time was 0.048863 milliseconds in repetition 265
tcp_ping received 512 bytes back
Round trip time was 0.042044 milliseconds in repetition 266
tcp_ping received 512 bytes back
Round trip time was 0.039797 milliseconds in repetition 267
tcp_ping received 512 bytes back
Round trip time was 0.039964 milliseconds in repetition 268
tcp_ping received 512 bytes back
Round trip time was 0.039271 milliseconds in repetition 269
tcp_ping received 512 bytes back
Round trip time was 0.039527 milliseconds in repetition 270
tcp_ping received 512 bytes back
Round trip time was 0.039469 milliseconds in repetition 271
tcp_ping received 512 bytes back
Round trip time was 0.066304 milliseconds in repetition 272
tcp_ping received 512 bytes back
Round trip time was 0.04422 milliseconds in repetition 273
tcp_ping received 512 bytes back
Round trip time was 0.044021 milliseconds in repetition 274
tcp_ping received 512 bytes back
Round trip time was 0.048097 milliseconds in repetition 275
tcp_ping received 512 bytes back
Round trip time was 0.042379 milliseconds in repetition 276
tcp_ping received 512 bytes back
Round trip time was 0.043077 milliseconds in repetition 277
tcp_ping received 512 bytes back
Round trip time was 0.039741 milliseconds in repetition 278
tcp_ping received 512 bytes back
Round trip time was 0.039246 milliseconds in repetition 279
tcp_ping received 512 bytes back
Round trip time was 0.038687 milliseconds in repetition 280
tcp_ping received 512 bytes back
Round trip time was 0.038933 milliseconds in repetition 281
tcp_ping received 512 bytes back
Round trip time was 0.039162 milliseconds in repetition 282
tcp_ping received 512 bytes back
Round trip time was 0.039215 milliseconds in repetition 283
tcp_ping received 512 bytes back
Round trip time was 0.038948 milliseconds in repetition 284
tcp_ping received 512 bytes back
Round trip time was 0.041694 milliseconds in repetition 285
tcp_ping received 512 bytes back
Round trip time was 0.049103 milliseconds in repetition 286
tcp_ping received 512 bytes back
Round trip time was 0.044585 milliseconds in repetition 287
tcp_ping received 512 bytes back
Round trip time was 0.042621 milliseconds in repetition 288
tcp_ping received 512 bytes back
Round trip time was 0.041852 milliseconds in repetition 289
tcp_ping received 512 bytes back
Round trip time was 0.040437 milliseconds in repetition 290
tcp_ping received 512 bytes back
Round trip time was 0.039561 milliseconds in repetition 291
tcp_ping received 512 bytes back
Round trip time was 0.038776 milliseconds in repetition 292
tcp_ping received 512 bytes back
Round trip time was 0.038307 milliseconds in repetition 293
tcp_ping received 512 bytes back
Round trip time was 0.038473 milliseconds in repetition 294
tcp_ping received 512 bytes back
Round trip time was 0.038743 milliseconds in repetition 295
tcp_ping received 512 bytes back
Round trip time was 0.041366 milliseconds in repetition 296
tcp_ping received 512 bytes back
Round trip time was 0.038772 milliseconds in repetition 297
tcp_ping received 512 bytes back
Round trip time was 0.038569 milliseconds in repetition 298
tcp_ping received 512 bytes back
Round trip time was 0.038647 milliseconds in repetition 299
tcp_ping received 512 bytes back
Round trip time was 0.038987 milliseconds in repetition 300
tcp_ping received 512 bytes back
Round trip time was 0.03882 milliseconds in repetition 301
tcp_ping received 512 bytes back
Round trip time was 0.039474 milliseconds in repetition 302
tcp_ping received 512 bytes back
Round trip time was 0.039373 milliseconds in repetition 303
tcp_ping received 512 bytes back
Round trip time was 0.039227 milliseconds in repetition 304
tcp_ping received 512 bytes back
Round trip time was 0.039205 milliseconds in repetition 305
tcp_ping received 512 bytes back
Round trip time was 0.038681 milliseconds in repetition 306
tcp_ping received 512 bytes back
Round trip time was 0.038878 milliseconds in repetition 307
tcp_ping received 512 bytes back
Round trip time was 0.040091 milliseconds in repetition 308
tcp_ping received 512 bytes back
Round trip time was 0.04187 milliseconds in repetition 309
tcp_ping received 512 bytes back
Round trip time was 0.039573 milliseconds in repetition 310
tcp_ping received 512 bytes back
Round trip time was 0.039961 milliseconds in repetition 311
tcp_ping received 512 bytes back
Round trip time was 0.039404 milliseconds in repetition 312
tcp_ping received 512 bytes back
Round trip time was 0.039653 milliseconds in repetition 313
tcp_ping received 512 bytes back
Round trip time was 0.039799 milliseconds in repetition 314
tcp_ping received 512 bytes back
Round trip time was 0.039135 milliseconds in repetition 315
tcp_ping received 512 bytes back
Round trip time was 0.040148 milliseconds in repetition 316
tcp_ping received 512 bytes back
Round trip time was 0.039486 milliseconds in repetition 317
tcp_ping received 512 bytes back
Round trip time was 0.039827 milliseconds in repetition 318
tcp_ping received 512 bytes back
Round trip time was 0.040043 milliseconds in repetition 319
tcp_ping received 512 bytes back
Round trip time was 0.043096 milliseconds in repetition 320
tcp_ping received 512 bytes back
Round trip time was 0.039025 milliseconds in repetition 321
tcp_ping received 512 bytes back
Round trip time was 0.060515 milliseconds in repetition 322
tcp_ping received 512 bytes back
Round trip time was 0.043874 milliseconds in repetition 323
tcp_ping received 512 bytes back
Round trip time was 0.040654 milliseconds in repetition 324
tcp_ping received 512 bytes back
Round trip time was 0.039377 milliseconds in repetition 325
tcp_ping received 512 bytes back
Round trip time was 0.038969 milliseconds in repetition 326
tcp_ping received 512 bytes back
Round trip time was 0.039072 milliseconds in repetition 327
tcp_ping received 512 bytes back
Round trip time was 0.039165 milliseconds in repetition 328
tcp_ping received 512 bytes back
Round trip time was 0.039245 milliseconds in repetition 329
tcp_ping received 512 bytes back
Round trip time was 0.039484 milliseconds in repetition 330
tcp_ping received 512 bytes back
Round trip time was 0.038944 milliseconds in repetition 331
tcp_ping received 512 bytes back
Round trip time was 0.03903 milliseconds in repetition 332
tcp_ping received 512 bytes back
Round trip time was 0.039462 milliseconds in repetition 333
tcp_ping received 512 bytes back
Round trip time was 0.039057 milliseconds in repetition 334
tcp_ping received 512 bytes back
Round trip time was 0.03915 milliseconds in repetition 335
tcp_ping received 512 bytes back
Round trip time was 0.03887 milliseconds in repetition 336
tcp_ping received 512 bytes back
Round trip time was 0.039124 milliseconds in repetition 337
tcp_ping received 512 bytes back
Round trip time was 0.045072 milliseconds in repetition 338
tcp_ping received 512 bytes back
Round trip time was 0.039231 milliseconds in repetition 339
tcp_ping received 512 bytes back
Round trip time was 0.038951 milliseconds in repetition 340
tcp_ping received 512 bytes back
Round trip time was 0.039502 milliseconds in repetition 341
tcp_ping received 512 bytes back
Round trip time was 0.039247 milliseconds in repetition 342
tcp_ping received 512 bytes back
Round trip time was 0.03896 milliseconds in repetition 343
tcp_ping received 512 bytes back
Round trip time was 0.039021 milliseconds in repetition 344
tcp_ping received 512 bytes back
Round trip time was 0.039373 milliseconds in repetition 345
tcp_ping received 512 bytes back
Round trip time was 0.039058 milliseconds in repetition 346
tcp_ping received 512 bytes back
Round trip time was 0.039477 milliseconds in repetition 347
tcp_ping received 512 bytes back
Round trip time was 0.039016 milliseconds in repetition 348
tcp_ping received 512 bytes back
Round trip time was 0.039387 milliseconds in repetition 349
tcp_ping received 512 bytes back
Round trip time was 0.038986 milliseconds in repetition 350
tcp_ping received 512 bytes back
Round trip time was 0.039398 milliseconds in repetition 351
tcp_ping received 512 bytes back
Round trip time was 0.038939 milliseconds in repetition 352
tcp_ping received 512 bytes back
Round trip time was 0.042574 milliseconds in repetition 353
tcp_ping received 512 bytes back
Round trip time was 0.039261 milliseconds in repetition 354
tcp_ping received 512 bytes back
Round trip time was 0.039183 milliseconds in repetition 355
tcp_ping received 512 bytes back
Round trip time was 0.039148 milliseconds in repetition 356
tcp_ping received 512 bytes back
Round trip time was 0.039564 milliseconds in repetition 357
tcp_ping received 512 bytes back
Round trip time was 0.039285 milliseconds in repetition 358
tcp_ping received 512 bytes back
Round trip time was 0.039764 milliseconds in repetition 359
tcp_ping received 512 bytes back
Round trip time was 0.04465 milliseconds in repetition 360
tcp_ping received 512 bytes back
Round trip time was 0.040149 milliseconds in repetition 361
tcp_ping received 512 bytes back
Round trip time was 0.039856 milliseconds in repetition 362
tcp_ping received 512 bytes back
Round trip time was 0.039113 milliseconds in repetition 363
tcp_ping received 512 bytes back
Round trip time was 0.038893 milliseconds in repetition 364
tcp_ping received 512 bytes back
Round trip time was 0.039206 milliseconds in repetition 365
tcp_ping received 512 bytes back
Round trip time was 0.03886 milliseconds in repetition 366
tcp_ping received 512 bytes back
Round trip time was 0.039294 milliseconds in repetition 367
tcp_ping received 512 bytes back
Round trip time was 0.039546 milliseconds in repetition 368
tcp_ping received 512 bytes back
Round trip time was 0.039358 milliseconds in repetition 369
tcp_ping received 512 bytes back
Round trip time was 0.039398 milliseconds in repetition 370
tcp_ping received 512 bytes back
Round trip time was 0.039293 milliseconds in repetition 371
tcp_ping received 512 bytes back
Round trip time was 0.038973 milliseconds in repetition 372
tcp_ping received 512 bytes back
Round trip time was 0.039296 milliseconds in repetition 373
tcp_ping received 512 bytes back
Round trip time was 0.039724 milliseconds in repetition 374
tcp_ping received 512 bytes back
Round trip time was 0.039999 milliseconds in repetition 375
tcp_ping received 512 bytes back
Round trip time was 0.039501 milliseconds in repetition 376
tcp_ping received 512 bytes back
Round trip time was 0.038927 milliseconds in repetition 377
tcp_ping received 512 bytes back
Round trip time was 0.038833 milliseconds in repetition 378
tcp_ping received 512 bytes back
Round trip time was 0.038881 milliseconds in repetition 379
tcp_ping received 512 bytes back
Round trip time was 0.039081 milliseconds in repetition 380
tcp_ping received 512 bytes back
Round trip time was 0.039699 milliseconds in repetition 381
tcp_ping received 512 bytes back
Round trip time was 0.039207 milliseconds in repetition 382
tcp_ping received 512 bytes back
Round trip time was 0.039652 milliseconds in repetition 383
tcp_ping received 512 bytes back
Round trip time was 0.047845 milliseconds in repetition 384
tcp_ping received 512 bytes back
Round trip time was 0.040166 milliseconds in repetition 385
tcp_ping received 512 bytes back
Round trip time was 0.039606 milliseconds in repetition 386
tcp_ping received 512 bytes back
Round trip time was 0.039656 milliseconds in repetition 387
tcp_ping received 512 bytes back
Round trip time was 0.039759 milliseconds in repetition 388
tcp_ping received 512 bytes back
Round trip time was 0.041121 milliseconds in repetition 389
tcp_ping received 512 bytes back
Round trip time was 0.047033 milliseconds in repetition 390
tcp_ping received 512 bytes back
Round trip time was 0.054813 milliseconds in repetition 391
tcp_ping received 512 bytes back
Round trip time was 0.04003 milliseconds in repetition 392
tcp_ping received 512 bytes back
Round trip time was 0.039505 milliseconds in repetition 393
tcp_ping received 512 bytes back
Round trip time was 0.039185 milliseconds in repetition 394
tcp_ping received 512 bytes back
Round trip time was 0.081602 milliseconds in repetition 395
tcp_ping received 512 bytes back
Round trip time was 0.049741 milliseconds in repetition 396
tcp_ping received 512 bytes back
Round trip time was 0.042081 milliseconds in repetition 397
tcp_ping received 512 bytes back
Round trip time was 0.046834 milliseconds in repetition 398
tcp_ping received 512 bytes back
Round trip time was 0.040477 milliseconds in repetition 399
tcp_ping received 512 bytes back
Round trip time was 0.04883 milliseconds in repetition 400
tcp_ping received 512 bytes back
Round trip time was 0.046123 milliseconds in repetition 401
tcp_ping received 512 bytes back
Round trip time was 0.039346 milliseconds in repetition 402
tcp_ping received 512 bytes back
Round trip time was 0.039114 milliseconds in repetition 403
tcp_ping received 512 bytes back
Round trip time was 0.039394 milliseconds in repetition 404
tcp_ping received 512 bytes back
Round trip time was 0.039131 milliseconds in repetition 405
tcp_ping received 512 bytes back
Round trip time was 0.039011 milliseconds in repetition 406
tcp_ping received 512 bytes back
Round trip time was 0.038859 milliseconds in repetition 407
tcp_ping received 512 bytes back
Round trip time was 0.039033 milliseconds in repetition 408
tcp_ping received 512 bytes back
Round trip time was 0.038987 milliseconds in repetition 409
tcp_ping received 512 bytes back
Round trip time was 0.038939 milliseconds in repetition 410
tcp_ping received 512 bytes back
Round trip time was 0.038951 milliseconds in repetition 411
tcp_ping received 512 bytes back
Round trip time was 0.039425 milliseconds in repetition 412
tcp_ping received 512 bytes back
Round trip time was 0.038907 milliseconds in repetition 413
tcp_ping received 512 bytes back
Round trip time was 0.038636 milliseconds in repetition 414
tcp_ping received 512 bytes back
Round trip time was 0.03901 milliseconds in repetition 415
tcp_ping received 512 bytes back
Round trip time was 0.039063 milliseconds in repetition 416
tcp_ping received 512 bytes back
Round trip time was 0.0389 milliseconds in repetition 417
tcp_ping received 512 bytes back
Round trip time was 0.0388 milliseconds in repetition 418
tcp_ping received 512 bytes back
Round trip time was 0.039232 milliseconds in repetition 419
tcp_ping received 512 bytes back
Round trip time was 0.039165 milliseconds in repetition 420
tcp_ping received 512 bytes back
Round trip time was 0.039003 milliseconds in repetition 421
tcp_ping received 512 bytes back
Round trip time was 0.038752 milliseconds in repetition 422
tcp_ping received 512 bytes back
Round trip time was 0.038811 milliseconds in repetition 423
tcp_ping received 512 bytes back
Round trip time was 0.038694 milliseconds in repetition 424
tcp_ping received 512 bytes back
Round trip time was 0.038823 milliseconds in repetition 425
tcp_ping received 512 bytes back
Round trip time was 0.04166 milliseconds in repetition 426
tcp_ping received 512 bytes back
Round trip time was 0.039021 milliseconds in repetition 427
tcp_ping received 512 bytes back
Round trip time was 0.039269 milliseconds in repetition 428
tcp_ping received 512 bytes back
Round trip time was 0.038928 milliseconds in repetition 429
tcp_ping received 512 bytes back
Round trip time was 0.03888 milliseconds in repetition 430
tcp_ping received 512 bytes back
Round trip time was 0.039141 milliseconds in repetition 431
tcp_ping received 512 bytes back
Round trip time was 0.038845 milliseconds in repetition 432
tcp_ping received 512 bytes back
Round trip time was 0.038743 milliseconds in repetition 433
tcp_ping received 512 bytes back
Round trip time was 0.038841 milliseconds in repetition 434
tcp_ping received 512 bytes back
Round trip time was 0.039152 milliseconds in repetition 435
tcp_ping received 512 bytes back
Round trip time was 0.039229 milliseconds in repetition 436
tcp_ping received 512 bytes back
Round trip time was 0.038526 milliseconds in repetition 437
tcp_ping received 512 bytes back
Round trip time was 0.039174 milliseconds in repetition 438
tcp_ping received 512 bytes back
Round trip time was 0.039074 milliseconds in repetition 439
tcp_ping received 512 bytes back
Round trip time was 0.03914 milliseconds in repetition 440
tcp_ping received 512 bytes back
Round trip time was 0.038943 milliseconds in repetition 441
tcp_ping received 512 bytes back
Round trip time was 0.04243 milliseconds in repetition 442
tcp_ping received 512 bytes back
Round trip time was 0.04867 milliseconds in repetition 443
tcp_ping received 512 bytes back
Round trip time was 0.047158 milliseconds in repetition 444
tcp_ping received 512 bytes back
Round trip time was 0.040062 milliseconds in repetition 445
tcp_ping received 512 bytes back
Round trip time was 0.055629 milliseconds in repetition 446
tcp_ping received 512 bytes back
Round trip time was 0.048651 milliseconds in repetition 447
tcp_ping received 512 bytes back
Round trip time was 0.04356 milliseconds in repetition 448
tcp_ping received 512 bytes back
Round trip time was 0.047329 milliseconds in repetition 449
tcp_ping received 512 bytes back
Round trip time was 0.046906 milliseconds in repetition 450
tcp_ping received 512 bytes back
Round trip time was 0.043091 milliseconds in repetition 451
tcp_ping received 512 bytes back
Round trip time was 0.046071 milliseconds in repetition 452
tcp_ping received 512 bytes back
Round trip time was 0.04891 milliseconds in repetition 453
tcp_ping received 512 bytes back
Round trip time was 0.061029 milliseconds in repetition 454
tcp_ping received 512 bytes back
Round trip time was 0.050618 milliseconds in repetition 455
tcp_ping received 512 bytes back
Round trip time was 0.046091 milliseconds in repetition 456
tcp_ping received 512 bytes back
Round trip time was 0.041378 milliseconds in repetition 457
tcp_ping received 512 bytes back
Round trip time was 0.046754 milliseconds in repetition 458
tcp_ping received 512 bytes back
Round trip time was 0.049193 milliseconds in repetition 459
tcp_ping received 512 bytes back
Round trip time was 0.041548 milliseconds in repetition 460
tcp_ping received 512 bytes back
Round trip time was 0.040762 milliseconds in repetition 461
tcp_ping received 512 bytes back
Round trip time was 0.050595 milliseconds in repetition 462
tcp_ping received 512 bytes back
Round trip time was 0.064215 milliseconds in repetition 463
tcp_ping received 512 bytes back
Round trip time was 0.046406 milliseconds in repetition 464
tcp_ping received 512 bytes back
Round trip time was 0.053477 milliseconds in repetition 465
tcp_ping received 512 bytes back
Round trip time was 0.057597 milliseconds in repetition 466
tcp_ping received 512 bytes back
Round trip time was 0.057193 milliseconds in repetition 467
tcp_ping received 512 bytes back
Round trip time was 0.060542 milliseconds in repetition 468
tcp_ping received 512 bytes back
Round trip time was 0.055659 milliseconds in repetition 469
tcp_ping received 512 bytes back
Round trip time was 0.050747 milliseconds in repetition 470
tcp_ping received 512 bytes back
Round trip time was 0.054165 milliseconds in repetition 471
tcp_ping received 512 bytes back
Round trip time was 0.048589 milliseconds in repetition 472
tcp_ping received 512 bytes back
Round trip time was 0.048498 milliseconds in repetition 473
tcp_ping received 512 bytes back
Round trip time was 0.056472 milliseconds in repetition 474
tcp_ping received 512 bytes back
Round trip time was 0.033825 milliseconds in repetition 475
tcp_ping received 512 bytes back
Round trip time was 0.051037 milliseconds in repetition 476
tcp_ping received 512 bytes back
Round trip time was 0.050926 milliseconds in repetition 477
tcp_ping received 512 bytes back
Round trip time was 0.057067 milliseconds in repetition 478
tcp_ping received 512 bytes back
Round trip time was 0.048566 milliseconds in repetition 479
tcp_ping received 512 bytes back
Round trip time was 0.044262 milliseconds in repetition 480
tcp_ping received 512 bytes back
Round trip time was 0.081879 milliseconds in repetition 481
tcp_ping received 512 bytes back
Round trip time was 0.049691 milliseconds in repetition 482
tcp_ping received 512 bytes back
Round trip time was 0.042285 milliseconds in repetition 483
tcp_ping received 512 bytes back
Round trip time was 0.04353 milliseconds in repetition 484
tcp_ping received 512 bytes back
Round trip time was 0.042107 milliseconds in repetition 485
tcp_ping received 512 bytes back
Round trip time was 0.061941 milliseconds in repetition 486
tcp_ping received 512 bytes back
Round trip time was 0.047201 milliseconds in repetition 487
tcp_ping received 512 bytes back
Round trip time was 0.041979 milliseconds in repetition 488
tcp_ping received 512 bytes back
Round trip time was 0.05308 milliseconds in repetition 489
tcp_ping received 512 bytes back
Round trip time was 0.051964 milliseconds in repetition 490
tcp_ping received 512 bytes back
Round trip time was 0.04098 milliseconds in repetition 491
tcp_ping received 512 bytes back
Round trip time was 0.040572 milliseconds in repetition 492
tcp_ping received 512 bytes back
Round trip time was 0.039659 milliseconds in repetition 493
tcp_ping received 512 bytes back
Round trip time was 0.039697 milliseconds in repetition 494
tcp_ping received 512 bytes back
Round trip time was 0.043037 milliseconds in repetition 495
tcp_ping received 512 bytes back
Round trip time was 0.048956 milliseconds in repetition 496
tcp_ping received 512 bytes back
Round trip time was 0.046376 milliseconds in repetition 497
tcp_ping received 512 bytes back
Round trip time was 0.040893 milliseconds in repetition 498
tcp_ping received 512 bytes back
Round trip time was 0.039633 milliseconds in repetition 499
tcp_ping received 512 bytes back
Round trip time was 0.042716 milliseconds in repetition 500
tcp_ping received 512 bytes back
Round trip time was 0.04171 milliseconds in repetition 501

 ... clock resolution was 1e-06
TCP Ping:  Statistics over 501 repetitions of 512 byte messages

RTT : percentile 10: 0.038773, median: 0.039561, percentile 90: 0.054813, average: 0.0445418, variance: 0.000153483

RTT histogram:
0.0338235 1
0.0398301 344
0.0458367 70
0.0518433 36
0.0578499 21
0.0638565 9
0.0698631 3
0.0758697 4
0.0818763 3
0.0878829 0
0.0938895 2
0.0998961 1
0.105903 1
0.111909 2
0.117916 2
0.123923 1
0.129929 0
0.135936 0
0.141942 0
0.147949 0
0.153955 1

   median Throughput : 25884.1 KB/s   overall Throughput : 22989.6 KB/s

