TCP Ping trying to connect to server localhost (127.0.0.1) on port 1491

... connected to Pong server: asking for 501 repetitions of 64 bytes TCP messages
 ... Pong server agreed :-)
tcp_ping received 64 bytes back
Round trip time was 0.096405 milliseconds in repetition 1
tcp_ping received 64 bytes back
Round trip time was 0.06109 milliseconds in repetition 2
tcp_ping received 64 bytes back
Round trip time was 0.073139 milliseconds in repetition 3
tcp_ping received 64 bytes back
Round trip time was 0.059347 milliseconds in repetition 4
tcp_ping received 64 bytes back
Round trip time was 0.062531 milliseconds in repetition 5
tcp_ping received 64 bytes back
Round trip time was 0.116983 milliseconds in repetition 6
tcp_ping received 64 bytes back
Round trip time was 0.066839 milliseconds in repetition 7
tcp_ping received 64 bytes back
Round trip time was 0.052918 milliseconds in repetition 8
tcp_ping received 64 bytes back
Round trip time was 0.046369 milliseconds in repetition 9
tcp_ping received 64 bytes back
Round trip time was 0.062289 milliseconds in repetition 10
tcp_ping received 64 bytes back
Round trip time was 0.043582 milliseconds in repetition 11
tcp_ping received 64 bytes back
Round trip time was 0.042797 milliseconds in repetition 12
tcp_ping received 64 bytes back
Round trip time was 0.042549 milliseconds in repetition 13
tcp_ping received 64 bytes back
Round trip time was 0.04929 milliseconds in repetition 14
tcp_ping received 64 bytes back
Round trip time was 0.046491 milliseconds in repetition 15
tcp_ping received 64 bytes back
Round trip time was 0.050083 milliseconds in repetition 16
tcp_ping received 64 bytes back
Round trip time was 0.0695 milliseconds in repetition 17
tcp_ping received 64 bytes back
Round trip time was 0.116755 milliseconds in repetition 18
tcp_ping received 64 bytes back
Round trip time was 0.05912 milliseconds in repetition 19
tcp_ping received 64 bytes back
Round trip time was 0.043884 milliseconds in repetition 20
tcp_ping received 64 bytes back
Round trip time was 0.097921 milliseconds in repetition 21
tcp_ping received 64 bytes back
Round trip time was 0.130369 milliseconds in repetition 22
tcp_ping received 64 bytes back
Round trip time was 0.032485 milliseconds in repetition 23
tcp_ping received 64 bytes back
Round trip time was 0.043523 milliseconds in repetition 24
tcp_ping received 64 bytes back
Round trip time was 0.038211 milliseconds in repetition 25
tcp_ping received 64 bytes back
Round trip time was 0.0383 milliseconds in repetition 26
tcp_ping received 64 bytes back
Round trip time was 0.039015 milliseconds in repetition 27
tcp_ping received 64 bytes back
Round trip time was 0.038383 milliseconds in repetition 28
tcp_ping received 64 bytes back
Round trip time was 0.045819 milliseconds in repetition 29
tcp_ping received 64 bytes back
Round trip time was 0.051442 milliseconds in repetition 30
tcp_ping received 64 bytes back
Round trip time was 0.053984 milliseconds in repetition 31
tcp_ping received 64 bytes back
Round trip time was 0.105696 milliseconds in repetition 32
tcp_ping received 64 bytes back
Round trip time was 0.053705 milliseconds in repetition 33
tcp_ping received 64 bytes back
Round trip time was 0.043432 milliseconds in repetition 34
tcp_ping received 64 bytes back
Round trip time was 0.038486 milliseconds in repetition 35
tcp_ping received 64 bytes back
Round trip time was 0.038808 milliseconds in repetition 36
tcp_ping received 64 bytes back
Round trip time was 0.037809 milliseconds in repetition 37
tcp_ping received 64 bytes back
Round trip time was 0.038542 milliseconds in repetition 38
tcp_ping received 64 bytes back
Round trip time was 0.038247 milliseconds in repetition 39
tcp_ping received 64 bytes back
Round trip time was 0.06389 milliseconds in repetition 40
tcp_ping received 64 bytes back
Round trip time was 0.044481 milliseconds in repetition 41
tcp_ping received 64 bytes back
Round trip time was 0.039043 milliseconds in repetition 42
tcp_ping received 64 bytes back
Round trip time was 0.039189 milliseconds in repetition 43
tcp_ping received 64 bytes back
Round trip time was 0.041959 milliseconds in repetition 44
tcp_ping received 64 bytes back
Round trip time was 0.051387 milliseconds in repetition 45
tcp_ping received 64 bytes back
Round trip time was 0.050513 milliseconds in repetition 46
tcp_ping received 64 bytes back
Round trip time was 0.051931 milliseconds in repetition 47
tcp_ping received 64 bytes back
Round trip time was 0.046181 milliseconds in repetition 48
tcp_ping received 64 bytes back
Round trip time was 0.049768 milliseconds in repetition 49
tcp_ping received 64 bytes back
Round trip time was 0.04555 milliseconds in repetition 50
tcp_ping received 64 bytes back
Round trip time was 0.04603 milliseconds in repetition 51
tcp_ping received 64 bytes back
Round trip time was 0.052268 milliseconds in repetition 52
tcp_ping received 64 bytes back
Round trip time was 0.043975 milliseconds in repetition 53
tcp_ping received 64 bytes back
Round trip time was 0.043439 milliseconds in repetition 54
tcp_ping received 64 bytes back
Round trip time was 0.045989 milliseconds in repetition 55
tcp_ping received 64 bytes back
Round trip time was 0.050548 milliseconds in repetition 56
tcp_ping received 64 bytes back
Round trip time was 0.048254 milliseconds in repetition 57
tcp_ping received 64 bytes back
Round trip time was 0.03913 milliseconds in repetition 58
tcp_ping received 64 bytes back
Round trip time was 0.0384 milliseconds in repetition 59
tcp_ping received 64 bytes back
Round trip time was 0.038228 milliseconds in repetition 60
tcp_ping received 64 bytes back
Round trip time was 0.037874 milliseconds in repetition 61
tcp_ping received 64 bytes back
Round trip time was 0.038416 milliseconds in repetition 62
tcp_ping received 64 bytes back
Round trip time was 0.03837 milliseconds in repetition 63
tcp_ping received 64 bytes back
Round trip time was 0.037979 milliseconds in repetition 64
tcp_ping received 64 bytes back
Round trip time was 0.038402 milliseconds in repetition 65
tcp_ping received 64 bytes back
Round trip time was 0.037853 milliseconds in repetition 66
tcp_ping received 64 bytes back
Round trip time was 0.037887 milliseconds in repetition 67
tcp_ping received 64 bytes back
Round trip time was 0.038323 milliseconds in repetition 68
tcp_ping received 64 bytes back
Round trip time was 0.03788 milliseconds in repetition 69
tcp_ping received 64 bytes back
Round trip time was 0.03786 milliseconds in repetition 70
tcp_ping received 64 bytes back
Round trip time was 0.038108 milliseconds in repetition 71
tcp_ping received 64 bytes back
Round trip time was 0.037389 milliseconds in repetition 72
tcp_ping received 64 bytes back
Round trip time was 0.038115 milliseconds in repetition 73
tcp_ping received 64 bytes back
Round trip time was 0.037911 milliseconds in repetition 74
tcp_ping received 64 bytes back
Round trip time was 0.041178 milliseconds in repetition 75
tcp_ping received 64 bytes back
Round trip time was 0.038026 milliseconds in repetition 76
tcp_ping received 64 bytes back
Round trip time was 0.037951 milliseconds in repetition 77
tcp_ping received 64 bytes back
Round trip time was 0.037995 milliseconds in repetition 78
tcp_ping received 64 bytes back
Round trip time was 0.038061 milliseconds in repetition 79
tcp_ping received 64 bytes back
Round trip time was 0.038383 milliseconds in repetition 80
tcp_ping received 64 bytes back
Round trip time was 0.037753 milliseconds in repetition 81
tcp_ping received 64 bytes back
Round trip time was 0.042822 milliseconds in repetition 82
tcp_ping received 64 bytes back
Round trip time was 0.038038 milliseconds in repetition 83
tcp_ping received 64 bytes back
Round trip time was 0.037814 milliseconds in repetition 84
tcp_ping received 64 bytes back
Round trip time was 0.0382 milliseconds in repetition 85
tcp_ping received 64 bytes back
Round trip time was 0.037851 milliseconds in repetition 86
tcp_ping received 64 bytes back
Round trip time was 0.037889 milliseconds in repetition 87
tcp_ping received 64 bytes back
Round trip time was 0.03783 milliseconds in repetition 88
tcp_ping received 64 bytes back
Round trip time was 0.03799 milliseconds in repetition 89
tcp_ping received 64 bytes back
Round trip time was 0.054061 milliseconds in repetition 90
tcp_ping received 64 bytes back
Round trip time was 0.043199 milliseconds in repetition 91
tcp_ping received 64 bytes back
Round trip time was 0.038583 milliseconds in repetition 92
tcp_ping received 64 bytes back
Round trip time was 0.038368 milliseconds in repetition 93
tcp_ping received 64 bytes back
Round trip time was 0.038234 milliseconds in repetition 94
tcp_ping received 64 bytes back
Round trip time was 0.038254 milliseconds in repetition 95
tcp_ping received 64 bytes back
Round trip time was 0.038437 milliseconds in repetition 96
tcp_ping received 64 bytes back
Round trip time was 0.038437 milliseconds in repetition 97
tcp_ping received 64 bytes back
Round trip time was 0.03814 milliseconds in repetition 98
tcp_ping received 64 bytes back
Round trip time was 0.038185 milliseconds in repetition 99
tcp_ping received 64 bytes back
Round trip time was 0.038194 milliseconds in repetition 100
tcp_ping received 64 bytes back
Round trip time was 0.038089 milliseconds in repetition 101
tcp_ping received 64 bytes back
Round trip time was 0.038097 milliseconds in repetition 102
tcp_ping received 64 bytes back
Round trip time was 0.03839 milliseconds in repetition 103
tcp_ping received 64 bytes back
Round trip time was 0.038328 milliseconds in repetition 104
tcp_ping received 64 bytes back
Round trip time was 0.038414 milliseconds in repetition 105
tcp_ping received 64 bytes back
Round trip time was 0.038687 milliseconds in repetition 106
tcp_ping received 64 bytes back
Round trip time was 0.058752 milliseconds in repetition 107
tcp_ping received 64 bytes back
Round trip time was 0.040746 milliseconds in repetition 108
tcp_ping received 64 bytes back
Round trip time was 0.041703 milliseconds in repetition 109
tcp_ping received 64 bytes back
Round trip time was 0.057645 milliseconds in repetition 110
tcp_ping received 64 bytes back
Round trip time was 0.062442 milliseconds in repetition 111
tcp_ping received 64 bytes back
Round trip time was 0.111702 milliseconds in repetition 112
tcp_ping received 64 bytes back
Round trip time was 0.063059 milliseconds in repetition 113
tcp_ping received 64 bytes back
Round trip time was 0.063932 milliseconds in repetition 114
tcp_ping received 64 bytes back
Round trip time was 0.052137 milliseconds in repetition 115
tcp_ping received 64 bytes back
Round trip time was 0.059945 milliseconds in repetition 116
tcp_ping received 64 bytes back
Round trip time was 0.060806 milliseconds in repetition 117
tcp_ping received 64 bytes back
Round trip time was 0.067001 milliseconds in repetition 118
tcp_ping received 64 bytes back
Round trip time was 0.052426 milliseconds in repetition 119
tcp_ping received 64 bytes back
Round trip time was 0.050306 milliseconds in repetition 120
tcp_ping received 64 bytes back
Round trip time was 0.047723 milliseconds in repetition 121
tcp_ping received 64 bytes back
Round trip time was 0.059778 milliseconds in repetition 122
tcp_ping received 64 bytes back
Round trip time was 0.054532 milliseconds in repetition 123
tcp_ping received 64 bytes back
Round trip time was 0.045285 milliseconds in repetition 124
tcp_ping received 64 bytes back
Round trip time was 0.042795 milliseconds in repetition 125
tcp_ping received 64 bytes back
Round trip time was 0.040222 milliseconds in repetition 126
tcp_ping received 64 bytes back
Round trip time was 0.054435 milliseconds in repetition 127
tcp_ping received 64 bytes back
Round trip time was 0.069982 milliseconds in repetition 128
tcp_ping received 64 bytes back
Round trip time was 0.053112 milliseconds in repetition 129
tcp_ping received 64 bytes back
Round trip time was 0.04731 milliseconds in repetition 130
tcp_ping received 64 bytes back
Round trip time was 0.043359 milliseconds in repetition 131
tcp_ping received 64 bytes back
Round trip time was 0.043916 milliseconds in repetition 132
tcp_ping received 64 bytes back
Round trip time was 0.049696 milliseconds in repetition 133
tcp_ping received 64 bytes back
Round trip time was 0.049395 milliseconds in repetition 134
tcp_ping received 64 bytes back
Round trip time was 0.050658 milliseconds in repetition 135
tcp_ping received 64 bytes back
Round trip time was 0.043814 milliseconds in repetition 136
tcp_ping received 64 bytes back
Round trip time was 0.039441 milliseconds in repetition 137
tcp_ping received 64 bytes back
Round trip time was 0.039919 milliseconds in repetition 138
tcp_ping received 64 bytes back
Round trip time was 0.039553 milliseconds in repetition 139
tcp_ping received 64 bytes back
Round trip time was 0.040332 milliseconds in repetition 140
tcp_ping received 64 bytes back
Round trip time was 0.039148 milliseconds in repetition 141
tcp_ping received 64 bytes back
Round trip time was 0.039177 milliseconds in repetition 142
tcp_ping received 64 bytes back
Round trip time was 0.039277 milliseconds in repetition 143
tcp_ping received 64 bytes back
Round trip time was 0.039448 milliseconds in repetition 144
tcp_ping received 64 bytes back
Round trip time was 0.039742 milliseconds in repetition 145
tcp_ping received 64 bytes back
Round trip time was 0.039975 milliseconds in repetition 146
tcp_ping received 64 bytes back
Round trip time was 0.039524 milliseconds in repetition 147
tcp_ping received 64 bytes back
Round trip time was 0.039294 milliseconds in repetition 148
tcp_ping received 64 bytes back
Round trip time was 0.067733 milliseconds in repetition 149
tcp_ping received 64 bytes back
Round trip time was 0.048814 milliseconds in repetition 150
tcp_ping received 64 bytes back
Round trip time was 0.049252 milliseconds in repetition 151
tcp_ping received 64 bytes back
Round trip time was 0.040623 milliseconds in repetition 152
tcp_ping received 64 bytes back
Round trip time was 0.039708 milliseconds in repetition 153
tcp_ping received 64 bytes back
Round trip time was 0.039297 milliseconds in repetition 154
tcp_ping received 64 bytes back
Round trip time was 0.039972 milliseconds in repetition 155
tcp_ping received 64 bytes back
Round trip time was 0.04115 milliseconds in repetition 156
tcp_ping received 64 bytes back
Round trip time was 0.039193 milliseconds in repetition 157
tcp_ping received 64 bytes back
Round trip time was 0.042761 milliseconds in repetition 158
tcp_ping received 64 bytes back
Round trip time was 0.046397 milliseconds in repetition 159
tcp_ping received 64 bytes back
Round trip time was 0.064632 milliseconds in repetition 160
tcp_ping received 64 bytes back
Round trip time was 0.066019 milliseconds in repetition 161
tcp_ping received 64 bytes back
Round trip time was 0.048804 milliseconds in repetition 162
tcp_ping received 64 bytes back
Round trip time was 0.047137 milliseconds in repetition 163
tcp_ping received 64 bytes back
Round trip time was 0.044389 milliseconds in repetition 164
tcp_ping received 64 bytes back
Round trip time was 0.053192 milliseconds in repetition 165
tcp_ping received 64 bytes back
Round trip time was 0.045353 milliseconds in repetition 166
tcp_ping received 64 bytes back
Round trip time was 0.047296 milliseconds in repetition 167
tcp_ping received 64 bytes back
Round trip time was 0.049887 milliseconds in repetition 168
tcp_ping received 64 bytes back
Round trip time was 0.050567 milliseconds in repetition 169
tcp_ping received 64 bytes back
Round trip time was 0.045989 milliseconds in repetition 170
tcp_ping received 64 bytes back
Round trip time was 0.047231 milliseconds in repetition 171
tcp_ping received 64 bytes back
Round trip time was 0.046373 milliseconds in repetition 172
tcp_ping received 64 bytes back
Round trip time was 0.042446 milliseconds in repetition 173
tcp_ping received 64 bytes back
Round trip time was 0.045005 milliseconds in repetition 174
tcp_ping received 64 bytes back
Round trip time was 0.051373 milliseconds in repetition 175
tcp_ping received 64 bytes back
Round trip time was 0.049752 milliseconds in repetition 176
tcp_ping received 64 bytes back
Round trip time was 0.040047 milliseconds in repetition 177
tcp_ping received 64 bytes back
Round trip time was 0.051149 milliseconds in repetition 178
tcp_ping received 64 bytes back
Round trip time was 0.063958 milliseconds in repetition 179
tcp_ping received 64 bytes back
Round trip time was 0.053154 milliseconds in repetition 180
tcp_ping received 64 bytes back
Round trip time was 0.048717 milliseconds in repetition 181
tcp_ping received 64 bytes back
Round trip time was 0.048034 milliseconds in repetition 182
tcp_ping received 64 bytes back
Round trip time was 0.039113 milliseconds in repetition 183
tcp_ping received 64 bytes back
Round trip time was 0.038314 milliseconds in repetition 184
tcp_ping received 64 bytes back
Round trip time was 0.03818 milliseconds in repetition 185
tcp_ping received 64 bytes back
Round trip time was 0.038333 milliseconds in repetition 186
tcp_ping received 64 bytes back
Round trip time was 0.038364 milliseconds in repetition 187
tcp_ping received 64 bytes back
Round trip time was 0.038164 milliseconds in repetition 188
tcp_ping received 64 bytes back
Round trip time was 0.038183 milliseconds in repetition 189
tcp_ping received 64 bytes back
Round trip time was 0.03794 milliseconds in repetition 190
tcp_ping received 64 bytes back
Round trip time was 0.038583 milliseconds in repetition 191
tcp_ping received 64 bytes back
Round trip time was 0.039002 milliseconds in repetition 192
tcp_ping received 64 bytes back
Round trip time was 0.038605 milliseconds in repetition 193
tcp_ping received 64 bytes back
Round trip time was 0.038366 milliseconds in repetition 194
tcp_ping received 64 bytes back
Round trip time was 0.038415 milliseconds in repetition 195
tcp_ping received 64 bytes back
Round trip time was 0.0387 milliseconds in repetition 196
tcp_ping received 64 bytes back
Round trip time was 0.038105 milliseconds in repetition 197
tcp_ping received 64 bytes back
Round trip time was 0.045288 milliseconds in repetition 198
tcp_ping received 64 bytes back
Round trip time was 0.045807 milliseconds in repetition 199
tcp_ping received 64 bytes back
Round trip time was 0.043839 milliseconds in repetition 200
tcp_ping received 64 bytes back
Round trip time was 0.050576 milliseconds in repetition 201
tcp_ping received 64 bytes back
Round trip time was 0.080358 milliseconds in repetition 202
tcp_ping received 64 bytes back
Round trip time was 0.042917 milliseconds in repetition 203
tcp_ping received 64 bytes back
Round trip time was 0.046151 milliseconds in repetition 204
tcp_ping received 64 bytes back
Round trip time was 0.06076 milliseconds in repetition 205
tcp_ping received 64 bytes back
Round trip time was 0.091749 milliseconds in repetition 206
tcp_ping received 64 bytes back
Round trip time was 0.052096 milliseconds in repetition 207
tcp_ping received 64 bytes back
Round trip time was 0.040769 milliseconds in repetition 208
tcp_ping received 64 bytes back
Round trip time was 0.047494 milliseconds in repetition 209
tcp_ping received 64 bytes back
Round trip time was 0.044738 milliseconds in repetition 210
tcp_ping received 64 bytes back
Round trip time was 0.040066 milliseconds in repetition 211
tcp_ping received 64 bytes back
Round trip time was 0.048275 milliseconds in repetition 212
tcp_ping received 64 bytes back
Round trip time was 0.052139 milliseconds in repetition 213
tcp_ping received 64 bytes back
Round trip time was 0.052328 milliseconds in repetition 214
tcp_ping received 64 bytes back
Round trip time was 0.048493 milliseconds in repetition 215
tcp_ping received 64 bytes back
Round trip time was 0.051113 milliseconds in repetition 216
tcp_ping received 64 bytes back
Round trip time was 0.041963 milliseconds in repetition 217
tcp_ping received 64 bytes back
Round trip time was 0.040757 milliseconds in repetition 218
tcp_ping received 64 bytes back
Round trip time was 0.047858 milliseconds in repetition 219
tcp_ping received 64 bytes back
Round trip time was 0.048849 milliseconds in repetition 220
tcp_ping received 64 bytes back
Round trip time was 0.046043 milliseconds in repetition 221
tcp_ping received 64 bytes back
Round trip time was 0.047603 milliseconds in repetition 222
tcp_ping received 64 bytes back
Round trip time was 0.043086 milliseconds in repetition 223
tcp_ping received 64 bytes back
Round trip time was 0.071502 milliseconds in repetition 224
tcp_ping received 64 bytes back
Round trip time was 0.04487 milliseconds in repetition 225
tcp_ping received 64 bytes back
Round trip time was 0.052264 milliseconds in repetition 226
tcp_ping received 64 bytes back
Round trip time was 0.044615 milliseconds in repetition 227
tcp_ping received 64 bytes back
Round trip time was 0.048454 milliseconds in repetition 228
tcp_ping received 64 bytes back
Round trip time was 0.04304 milliseconds in repetition 229
tcp_ping received 64 bytes back
Round trip time was 0.045854 milliseconds in repetition 230
tcp_ping received 64 bytes back
Round trip time was 0.04627 milliseconds in repetition 231
tcp_ping received 64 bytes back
Round trip time was 0.053229 milliseconds in repetition 232
tcp_ping received 64 bytes back
Round trip time was 0.061501 milliseconds in repetition 233
tcp_ping received 64 bytes back
Round trip time was 0.062028 milliseconds in repetition 234
tcp_ping received 64 bytes back
Round trip time was 0.059553 milliseconds in repetition 235
tcp_ping received 64 bytes back
Round trip time was 0.050133 milliseconds in repetition 236
tcp_ping received 64 bytes back
Round trip time was 0.044636 milliseconds in repetition 237
tcp_ping received 64 bytes back
Round trip time was 0.046817 milliseconds in repetition 238
tcp_ping received 64 bytes back
Round trip time was 0.118734 milliseconds in repetition 239
tcp_ping received 64 bytes back
Round trip time was 0.042548 milliseconds in repetition 240
tcp_ping received 64 bytes back
Round trip time was 0.040715 milliseconds in repetition 241
tcp_ping received 64 bytes back
Round trip time was 0.038275 milliseconds in repetition 242
tcp_ping received 64 bytes back
Round trip time was 0.040535 milliseconds in repetition 243
tcp_ping received 64 bytes back
Round trip time was 0.03793 milliseconds in repetition 244
tcp_ping received 64 bytes back
Round trip time was 0.052008 milliseconds in repetition 245
tcp_ping received 64 bytes back
Round trip time was 0.07716 milliseconds in repetition 246
tcp_ping received 64 bytes back
Round trip time was 0.058366 milliseconds in repetition 247
tcp_ping received 64 bytes back
Round trip time was 0.05299 milliseconds in repetition 248
tcp_ping received 64 bytes back
Round trip time was 0.044862 milliseconds in repetition 249
tcp_ping received 64 bytes back
Round trip time was 0.038711 milliseconds in repetition 250
tcp_ping received 64 bytes back
Round trip time was 0.038302 milliseconds in repetition 251
tcp_ping received 64 bytes back
Round trip time was 0.03774 milliseconds in repetition 252
tcp_ping received 64 bytes back
Round trip time was 0.042063 milliseconds in repetition 253
tcp_ping received 64 bytes back
Round trip time was 0.060388 milliseconds in repetition 254
tcp_ping received 64 bytes back
Round trip time was 0.045397 milliseconds in repetition 255
tcp_ping received 64 bytes back
Round trip time was 0.049225 milliseconds in repetition 256
tcp_ping received 64 bytes back
Round trip time was 0.045347 milliseconds in repetition 257
tcp_ping received 64 bytes back
Round trip time was 0.039203 milliseconds in repetition 258
tcp_ping received 64 bytes back
Round trip time was 0.039154 milliseconds in repetition 259
tcp_ping received 64 bytes back
Round trip time was 0.039337 milliseconds in repetition 260
tcp_ping received 64 bytes back
Round trip time was 0.043107 milliseconds in repetition 261
tcp_ping received 64 bytes back
Round trip time was 0.038484 milliseconds in repetition 262
tcp_ping received 64 bytes back
Round trip time was 0.038313 milliseconds in repetition 263
tcp_ping received 64 bytes back
Round trip time was 0.038147 milliseconds in repetition 264
tcp_ping received 64 bytes back
Round trip time was 0.037701 milliseconds in repetition 265
tcp_ping received 64 bytes back
Round trip time was 0.038043 milliseconds in repetition 266
tcp_ping received 64 bytes back
Round trip time was 0.037793 milliseconds in repetition 267
tcp_ping received 64 bytes back
Round trip time was 0.041041 milliseconds in repetition 268
tcp_ping received 64 bytes back
Round trip time was 0.038073 milliseconds in repetition 269
tcp_ping received 64 bytes back
Round trip time was 0.037956 milliseconds in repetition 270
tcp_ping received 64 bytes back
Round trip time was 0.037905 milliseconds in repetition 271
tcp_ping received 64 bytes back
Round trip time was 0.037878 milliseconds in repetition 272
tcp_ping received 64 bytes back
Round trip time was 0.037852 milliseconds in repetition 273
tcp_ping received 64 bytes back
Round trip time was 0.037616 milliseconds in repetition 274
tcp_ping received 64 bytes back
Round trip time was 0.037922 milliseconds in repetition 275
tcp_ping received 64 bytes back
Round trip time was 0.037867 milliseconds in repetition 276
tcp_ping received 64 bytes back
Round trip time was 0.037994 milliseconds in repetition 277
tcp_ping received 64 bytes back
Round trip time was 0.037922 milliseconds in repetition 278
tcp_ping received 64 bytes back
Round trip time was 0.037753 milliseconds in repetition 279
tcp_ping received 64 bytes back
Round trip time was 0.037879 milliseconds in repetition 280
tcp_ping received 64 bytes back
Round trip time was 0.037699 milliseconds in repetition 281
tcp_ping received 64 bytes back
Round trip time was 0.038432 milliseconds in repetition 282
tcp_ping received 64 bytes back
Round trip time was 0.037883 milliseconds in repetition 283
tcp_ping received 64 bytes back
Round trip time was 0.037842 milliseconds in repetition 284
tcp_ping received 64 bytes back
Round trip time was 0.037908 milliseconds in repetition 285
tcp_ping received 64 bytes back
Round trip time was 0.037692 milliseconds in repetition 286
tcp_ping received 64 bytes back
Round trip time was 0.037583 milliseconds in repetition 287
tcp_ping received 64 bytes back
Round trip time was 0.037865 milliseconds in repetition 288
tcp_ping received 64 bytes back
Round trip time was 0.03767 milliseconds in repetition 289
tcp_ping received 64 bytes back
Round trip time was 0.037778 milliseconds in repetition 290
tcp_ping received 64 bytes back
Round trip time was 0.037855 milliseconds in repetition 291
tcp_ping received 64 bytes back
Round trip time was 0.037797 milliseconds in repetition 292
tcp_ping received 64 bytes back
Round trip time was 0.037555 milliseconds in repetition 293
tcp_ping received 64 bytes back
Round trip time was 0.038019 milliseconds in repetition 294
tcp_ping received 64 bytes back
Round trip time was 0.037569 milliseconds in repetition 295
tcp_ping received 64 bytes back
Round trip time was 0.037623 milliseconds in repetition 296
tcp_ping received 64 bytes back
Round trip time was 0.037471 milliseconds in repetition 297
tcp_ping received 64 bytes back
Round trip time was 0.037891 milliseconds in repetition 298
tcp_ping received 64 bytes back
Round trip time was 0.037787 milliseconds in repetition 299
tcp_ping received 64 bytes back
Round trip time was 0.038609 milliseconds in repetition 300
tcp_ping received 64 bytes back
Round trip time was 0.037746 milliseconds in repetition 301
tcp_ping received 64 bytes back
Round trip time was 0.038081 milliseconds in repetition 302
tcp_ping received 64 bytes back
Round trip time was 0.037468 milliseconds in repetition 303
tcp_ping received 64 bytes back
Round trip time was 0.037557 milliseconds in repetition 304
tcp_ping received 64 bytes back
Round trip time was 0.037753 milliseconds in repetition 305
tcp_ping received 64 bytes back
Round trip time was 0.037795 milliseconds in repetition 306
tcp_ping received 64 bytes back
Round trip time was 0.03777 milliseconds in repetition 307
tcp_ping received 64 bytes back
Round trip time was 0.03799 milliseconds in repetition 308
tcp_ping received 64 bytes back
Round trip time was 0.038035 milliseconds in repetition 309
tcp_ping received 64 bytes back
Round trip time was 0.037779 milliseconds in repetition 310
tcp_ping received 64 bytes back
Round trip time was 0.037696 milliseconds in repetition 311
tcp_ping received 64 bytes back
Round trip time was 0.037706 milliseconds in repetition 312
tcp_ping received 64 bytes back
Round trip time was 0.043183 milliseconds in repetition 313
tcp_ping received 64 bytes back
Round trip time was 0.038257 milliseconds in repetition 314
tcp_ping received 64 bytes back
Round trip time was 0.037899 milliseconds in repetition 315
tcp_ping received 64 bytes back
Round trip time was 0.037752 milliseconds in repetition 316
tcp_ping received 64 bytes back
Round trip time was 0.037729 milliseconds in repetition 317
tcp_ping received 64 bytes back
Round trip time was 0.03792 milliseconds in repetition 318
tcp_ping received 64 bytes back
Round trip time was 0.037895 milliseconds in repetition 319
tcp_ping received 64 bytes back
Round trip time was 0.037835 milliseconds in repetition 320
tcp_ping received 64 bytes back
Round trip time was 0.037979 milliseconds in repetition 321
tcp_ping received 64 bytes back
Round trip time was 0.037887 milliseconds in repetition 322
tcp_ping received 64 bytes back
Round trip time was 0.03779 milliseconds in repetition 323
tcp_ping received 64 bytes back
Round trip time was 0.038136 milliseconds in repetition 324
tcp_ping received 64 bytes back
Round trip time was 0.037866 milliseconds in repetition 325
tcp_ping received 64 bytes back
Round trip time was 0.038163 milliseconds in repetition 326
tcp_ping received 64 bytes back
Round trip time was 0.037721 milliseconds in repetition 327
tcp_ping received 64 bytes back
Round trip time was 0.037986 milliseconds in repetition 328
tcp_ping received 64 bytes back
Round trip time was 0.038161 milliseconds in repetition 329
tcp_ping received 64 bytes back
Round trip time was 0.037931 milliseconds in repetition 330
tcp_ping received 64 bytes back
Round trip time was 0.037975 milliseconds in repetition 331
tcp_ping received 64 bytes back
Round trip time was 0.037823 milliseconds in repetition 332
tcp_ping received 64 bytes back
Round trip time was 0.037759 milliseconds in repetition 333
tcp_ping received 64 bytes back
Round trip time was 0.037833 milliseconds in repetition 334
tcp_ping received 64 bytes back
Round trip time was 0.037988 milliseconds in repetition 335
tcp_ping received 64 bytes back
Round trip time was 0.037895 milliseconds in repetition 336
tcp_ping received 64 bytes back
Round trip time was 0.037868 milliseconds in repetition 337
tcp_ping received 64 bytes back
Round trip time was 0.037726 milliseconds in repetition 338
tcp_ping received 64 bytes back
Round trip time was 0.038048 milliseconds in repetition 339
tcp_ping received 64 bytes back
Round trip time was 0.038173 milliseconds in repetition 340
tcp_ping received 64 bytes back
Round trip time was 0.037703 milliseconds in repetition 341
tcp_ping received 64 bytes back
Round trip time was 0.037606 milliseconds in repetition 342
tcp_ping received 64 bytes back
Round trip time was 0.037662 milliseconds in repetition 343
tcp_ping received 64 bytes back
Round trip time was 0.037786 milliseconds in repetition 344
tcp_ping received 64 bytes back
Round trip time was 0.037843 milliseconds in repetition 345
tcp_ping received 64 bytes back
Round trip time was 0.03784 milliseconds in repetition 346
tcp_ping received 64 bytes back
Round trip time was 0.037614 milliseconds in repetition 347
tcp_ping received 64 bytes back
Round trip time was 0.037902 milliseconds in repetition 348
tcp_ping received 64 bytes back
Round trip time was 0.037812 milliseconds in repetition 349
tcp_ping received 64 bytes back
Round trip time was 0.037714 milliseconds in repetition 350
tcp_ping received 64 bytes back
Round trip time was 0.037812 milliseconds in repetition 351
tcp_ping received 64 bytes back
Round trip time was 0.037903 milliseconds in repetition 352
tcp_ping received 64 bytes back
Round trip time was 0.037493 milliseconds in repetition 353
tcp_ping received 64 bytes back
Round trip time was 0.037796 milliseconds in repetition 354
tcp_ping received 64 bytes back
Round trip time was 0.037708 milliseconds in repetition 355
tcp_ping received 64 bytes back
Round trip time was 0.037995 milliseconds in repetition 356
tcp_ping received 64 bytes back
Round trip time was 0.039626 milliseconds in repetition 357
tcp_ping received 64 bytes back
Round trip time was 0.038283 milliseconds in repetition 358
tcp_ping received 64 bytes back
Round trip time was 0.037769 milliseconds in repetition 359
tcp_ping received 64 bytes back
Round trip time was 0.089629 milliseconds in repetition 360
tcp_ping received 64 bytes back
Round trip time was 0.046439 milliseconds in repetition 361
tcp_ping received 64 bytes back
Round trip time was 0.042807 milliseconds in repetition 362
tcp_ping received 64 bytes back
Round trip time was 0.038355 milliseconds in repetition 363
tcp_ping received 64 bytes back
Round trip time was 0.038074 milliseconds in repetition 364
tcp_ping received 64 bytes back
Round trip time was 0.038447 milliseconds in repetition 365
tcp_ping received 64 bytes back
Round trip time was 0.037932 milliseconds in repetition 366
tcp_ping received 64 bytes back
Round trip time was 0.037825 milliseconds in repetition 367
tcp_ping received 64 bytes back
Round trip time was 0.037787 milliseconds in repetition 368
tcp_ping received 64 bytes back
Round trip time was 0.037902 milliseconds in repetition 369
tcp_ping received 64 bytes back
Round trip time was 0.037863 milliseconds in repetition 370
tcp_ping received 64 bytes back
Round trip time was 0.037812 milliseconds in repetition 371
tcp_ping received 64 bytes back
Round trip time was 0.037731 milliseconds in repetition 372
tcp_ping received 64 bytes back
Round trip time was 0.038106 milliseconds in repetition 373
tcp_ping received 64 bytes back
Round trip time was 0.038071 milliseconds in repetition 374
tcp_ping received 64 bytes back
Round trip time was 0.038097 milliseconds in repetition 375
tcp_ping received 64 bytes back
Round trip time was 0.037753 milliseconds in repetition 376
tcp_ping received 64 bytes back
Round trip time was 0.037884 milliseconds in repetition 377
tcp_ping received 64 bytes back
Round trip time was 0.037838 milliseconds in repetition 378
tcp_ping received 64 bytes back
Round trip time was 0.037987 milliseconds in repetition 379
tcp_ping received 64 bytes back
Round trip time was 0.038166 milliseconds in repetition 380
tcp_ping received 64 bytes back
Round trip time was 0.038026 milliseconds in repetition 381
tcp_ping received 64 bytes back
Round trip time was 0.038057 milliseconds in repetition 382
tcp_ping received 64 bytes back
Round trip time was 0.037966 milliseconds in repetition 383
tcp_ping received 64 bytes back
Round trip time was 0.037934 milliseconds in repetition 384
tcp_ping received 64 bytes back
Round trip time was 0.037985 milliseconds in repetition 385
tcp_ping received 64 bytes back
Round trip time was 0.037843 milliseconds in repetition 386
tcp_ping received 64 bytes back
Round trip time was 0.037663 milliseconds in repetition 387
tcp_ping received 64 bytes back
Round trip time was 0.03806 milliseconds in repetition 388
tcp_ping received 64 bytes back
Round trip time was 0.0379 milliseconds in repetition 389
tcp_ping received 64 bytes back
Round trip time was 0.037938 milliseconds in repetition 390
tcp_ping received 64 bytes back
Round trip time was 0.037845 milliseconds in repetition 391
tcp_ping received 64 bytes back
Round trip time was 0.038221 milliseconds in repetition 392
tcp_ping received 64 bytes back
Round trip time was 0.038429 milliseconds in repetition 393
tcp_ping received 64 bytes back
Round trip time was 0.038198 milliseconds in repetition 394
tcp_ping received 64 bytes back
Round trip time was 0.038252 milliseconds in repetition 395
tcp_ping received 64 bytes back
Round trip time was 0.037936 milliseconds in repetition 396
tcp_ping received 64 bytes back
Round trip time was 0.037997 milliseconds in repetition 397
tcp_ping received 64 bytes back
Round trip time was 0.038104 milliseconds in repetition 398
tcp_ping received 64 bytes back
Round trip time was 0.037999 milliseconds in repetition 399
tcp_ping received 64 bytes back
Round trip time was 0.037872 milliseconds in repetition 400
tcp_ping received 64 bytes back
Round trip time was 0.037867 milliseconds in repetition 401
tcp_ping received 64 bytes back
Round trip time was 0.042765 milliseconds in repetition 402
tcp_ping received 64 bytes back
Round trip time was 0.038368 milliseconds in repetition 403
tcp_ping received 64 bytes back
Round trip time was 0.038377 milliseconds in repetition 404
tcp_ping received 64 bytes back
Round trip time was 0.037742 milliseconds in repetition 405
tcp_ping received 64 bytes back
Round trip time was 0.038042 milliseconds in repetition 406
tcp_ping received 64 bytes back
Round trip time was 0.037996 milliseconds in repetition 407
tcp_ping received 64 bytes back
Round trip time was 0.038108 milliseconds in repetition 408
tcp_ping received 64 bytes back
Round trip time was 0.038259 milliseconds in repetition 409
tcp_ping received 64 bytes back
Round trip time was 0.038528 milliseconds in repetition 410
tcp_ping received 64 bytes back
Round trip time was 0.038023 milliseconds in repetition 411
tcp_ping received 64 bytes back
Round trip time was 0.037845 milliseconds in repetition 412
tcp_ping received 64 bytes back
Round trip time was 0.03801 milliseconds in repetition 413
tcp_ping received 64 bytes back
Round trip time was 0.037902 milliseconds in repetition 414
tcp_ping received 64 bytes back
Round trip time was 0.038063 milliseconds in repetition 415
tcp_ping received 64 bytes back
Round trip time was 0.038628 milliseconds in repetition 416
tcp_ping received 64 bytes back
Round trip time was 0.038061 milliseconds in repetition 417
tcp_ping received 64 bytes back
Round trip time was 0.038081 milliseconds in repetition 418
tcp_ping received 64 bytes back
Round trip time was 0.037991 milliseconds in repetition 419
tcp_ping received 64 bytes back
Round trip time was 0.038034 milliseconds in repetition 420
tcp_ping received 64 bytes back
Round trip time was 0.037896 milliseconds in repetition 421
tcp_ping received 64 bytes back
Round trip time was 0.037812 milliseconds in repetition 422
tcp_ping received 64 bytes back
Round trip time was 0.038153 milliseconds in repetition 423
tcp_ping received 64 bytes back
Round trip time was 0.038636 milliseconds in repetition 424
tcp_ping received 64 bytes back
Round trip time was 0.038103 milliseconds in repetition 425
tcp_ping received 64 bytes back
Round trip time was 0.038129 milliseconds in repetition 426
tcp_ping received 64 bytes back
Round trip time was 0.038002 milliseconds in repetition 427
tcp_ping received 64 bytes back
Round trip time was 0.038265 milliseconds in repetition 428
tcp_ping received 64 bytes back
Round trip time was 0.037887 milliseconds in repetition 429
tcp_ping received 64 bytes back
Round trip time was 0.037949 milliseconds in repetition 430
tcp_ping received 64 bytes back
Round trip time was 0.038046 milliseconds in repetition 431
tcp_ping received 64 bytes back
Round trip time was 0.03783 milliseconds in repetition 432
tcp_ping received 64 bytes back
Round trip time was 0.038152 milliseconds in repetition 433
tcp_ping received 64 bytes back
Round trip time was 0.037845 milliseconds in repetition 434
tcp_ping received 64 bytes back
Round trip time was 0.037877 milliseconds in repetition 435
tcp_ping received 64 bytes back
Round trip time was 0.037989 milliseconds in repetition 436
tcp_ping received 64 bytes back
Round trip time was 0.037937 milliseconds in repetition 437
tcp_ping received 64 bytes back
Round trip time was 0.037971 milliseconds in repetition 438
tcp_ping received 64 bytes back
Round trip time was 0.045652 milliseconds in repetition 439
tcp_ping received 64 bytes back
Round trip time was 0.044739 milliseconds in repetition 440
tcp_ping received 64 bytes back
Round trip time was 0.044489 milliseconds in repetition 441
tcp_ping received 64 bytes back
Round trip time was 0.047861 milliseconds in repetition 442
tcp_ping received 64 bytes back
Round trip time was 0.050284 milliseconds in repetition 443
tcp_ping received 64 bytes back
Round trip time was 0.057924 milliseconds in repetition 444
tcp_ping received 64 bytes back
Round trip time was 0.059452 milliseconds in repetition 445
tcp_ping received 64 bytes back
Round trip time was 0.053551 milliseconds in repetition 446
tcp_ping received 64 bytes back
Round trip time was 0.050488 milliseconds in repetition 447
tcp_ping received 64 bytes back
Round trip time was 0.040032 milliseconds in repetition 448
tcp_ping received 64 bytes back
Round trip time was 0.040173 milliseconds in repetition 449
tcp_ping received 64 bytes back
Round trip time was 0.046252 milliseconds in repetition 450
tcp_ping received 64 bytes back
Round trip time was 0.042785 milliseconds in repetition 451
tcp_ping received 64 bytes back
Round trip time was 0.04913 milliseconds in repetition 452
tcp_ping received 64 bytes back
Round trip time was 0.053245 milliseconds in repetition 453
tcp_ping received 64 bytes back
Round trip time was 0.045682 milliseconds in repetition 454
tcp_ping received 64 bytes back
Round trip time was 0.045071 milliseconds in repetition 455
tcp_ping received 64 bytes back
Round trip time was 0.054188 milliseconds in repetition 456
tcp_ping received 64 bytes back
Round trip time was 0.039107 milliseconds in repetition 457
tcp_ping received 64 bytes back
Round trip time was 0.039312 milliseconds in repetition 458
tcp_ping received 64 bytes back
Round trip time was 0.039595 milliseconds in repetition 459
tcp_ping received 64 bytes back
Round trip time was 0.105763 milliseconds in repetition 460
tcp_ping received 64 bytes back
Round trip time was 0.041028 milliseconds in repetition 461
tcp_ping received 64 bytes back
Round trip time was 0.05416 milliseconds in repetition 462
tcp_ping received 64 bytes back
Round trip time was 0.042377 milliseconds in repetition 463
tcp_ping received 64 bytes back
Round trip time was 0.044891 milliseconds in repetition 464
tcp_ping received 64 bytes back
Round trip time was 0.041462 milliseconds in repetition 465
tcp_ping received 64 bytes back
Round trip time was 0.044193 milliseconds in repetition 466
tcp_ping received 64 bytes back
Round trip time was 0.041143 milliseconds in repetition 467
tcp_ping received 64 bytes back
Round trip time was 0.039008 milliseconds in repetition 468
tcp_ping received 64 bytes back
Round trip time was 0.03905 milliseconds in repetition 469
tcp_ping received 64 bytes back
Round trip time was 0.046606 milliseconds in repetition 470
tcp_ping received 64 bytes back
Round trip time was 0.050645 milliseconds in repetition 471
tcp_ping received 64 bytes back
Round trip time was 0.054791 milliseconds in repetition 472
tcp_ping received 64 bytes back
Round trip time was 0.056688 milliseconds in repetition 473
tcp_ping received 64 bytes back
Round trip time was 0.044473 milliseconds in repetition 474
tcp_ping received 64 bytes back
Round trip time was 0.04038 milliseconds in repetition 475
tcp_ping received 64 bytes back
Round trip time was 0.055069 milliseconds in repetition 476
tcp_ping received 64 bytes back
Round trip time was 0.059136 milliseconds in repetition 477
tcp_ping received 64 bytes back
Round trip time was 0.048959 milliseconds in repetition 478
tcp_ping received 64 bytes back
Round trip time was 0.069118 milliseconds in repetition 479
tcp_ping received 64 bytes back
Round trip time was 0.092277 milliseconds in repetition 480
tcp_ping received 64 bytes back
Round trip time was 0.061115 milliseconds in repetition 481
tcp_ping received 64 bytes back
Round trip time was 0.039395 milliseconds in repetition 482
tcp_ping received 64 bytes back
Round trip time was 0.037795 milliseconds in repetition 483
tcp_ping received 64 bytes back
Round trip time was 0.038285 milliseconds in repetition 484
tcp_ping received 64 bytes back
Round trip time was 0.038487 milliseconds in repetition 485
tcp_ping received 64 bytes back
Round trip time was 0.03896 milliseconds in repetition 486
tcp_ping received 64 bytes back
Round trip time was 0.04306 milliseconds in repetition 487
tcp_ping received 64 bytes back
Round trip time was 0.042198 milliseconds in repetition 488
tcp_ping received 64 bytes back
Round trip time was 0.038344 milliseconds in repetition 489
tcp_ping received 64 bytes back
Round trip time was 0.038267 milliseconds in repetition 490
tcp_ping received 64 bytes back
Round trip time was 0.042892 milliseconds in repetition 491
tcp_ping received 64 bytes back
Round trip time was 0.038188 milliseconds in repetition 492
tcp_ping received 64 bytes back
Round trip time was 0.037773 milliseconds in repetition 493
tcp_ping received 64 bytes back
Round trip time was 0.037434 milliseconds in repetition 494
tcp_ping received 64 bytes back
Round trip time was 0.03776 milliseconds in repetition 495
tcp_ping received 64 bytes back
Round trip time was 0.037748 milliseconds in repetition 496
tcp_ping received 64 bytes back
Round trip time was 0.037776 milliseconds in repetition 497
tcp_ping received 64 bytes back
Round trip time was 0.037441 milliseconds in repetition 498
tcp_ping received 64 bytes back
Round trip time was 0.037584 milliseconds in repetition 499
tcp_ping received 64 bytes back
Round trip time was 0.037748 milliseconds in repetition 500
tcp_ping received 64 bytes back
Round trip time was 0.038257 milliseconds in repetition 501

 ... clock resolution was 1e-06
TCP Ping:  Statistics over 501 repetitions of 64 byte messages

RTT : percentile 10: 0.037787, median: 0.038628, percentile 90: 0.055069, average: 0.0444779, variance: 0.000155611

RTT histogram:
0.0324835 1
0.0373778 284
0.0422721 63
0.0471664 57
0.0520607 43
0.056955 11
0.0618493 18
0.0667436 6
0.0716379 4
0.0765322 1
0.0814265 1
0.0863208 0
0.0912151 3
0.0961094 2
0.101004 0
0.105898 2
0.110792 1
0.115687 2
0.120581 1
0.125475 0
0.13037 1

   median Throughput : 3313.66 KB/s   overall Throughput : 2877.83 KB/s

