TCP Ping trying to connect to server seti.dibris.unige.it (130.251.61.30) on port 1491

... connected to Pong server: asking for 501 repetitions of 4096 bytes TCP messages
 ... Pong server agreed :-)
tcp_ping received 4096 bytes back
Round trip time was 47.7817 milliseconds in repetition 1
tcp_ping received 4096 bytes back
Round trip time was 34.7073 milliseconds in repetition 2
tcp_ping received 4096 bytes back
Round trip time was 38.5612 milliseconds in repetition 3
tcp_ping received 4096 bytes back
Round trip time was 52.7781 milliseconds in repetition 4
tcp_ping received 4096 bytes back
Round trip time was 34.9211 milliseconds in repetition 5
tcp_ping received 4096 bytes back
Round trip time was 39.3983 milliseconds in repetition 6
tcp_ping received 4096 bytes back
Round trip time was 35.2207 milliseconds in repetition 7
tcp_ping received 4096 bytes back
Round trip time was 34.2839 milliseconds in repetition 8
tcp_ping received 4096 bytes back
Round trip time was 33.6062 milliseconds in repetition 9
tcp_ping received 4096 bytes back
Round trip time was 32.0527 milliseconds in repetition 10
tcp_ping received 4096 bytes back
Round trip time was 34.1774 milliseconds in repetition 11
tcp_ping received 4096 bytes back
Round trip time was 33.8673 milliseconds in repetition 12
tcp_ping received 4096 bytes back
Round trip time was 32.1752 milliseconds in repetition 13
tcp_ping received 4096 bytes back
Round trip time was 31.6088 milliseconds in repetition 14
tcp_ping received 4096 bytes back
Round trip time was 43.2328 milliseconds in repetition 15
tcp_ping received 4096 bytes back
Round trip time was 32.3729 milliseconds in repetition 16
tcp_ping received 4096 bytes back
Round trip time was 32.1739 milliseconds in repetition 17
tcp_ping received 4096 bytes back
Round trip time was 33.3059 milliseconds in repetition 18
tcp_ping received 4096 bytes back
Round trip time was 33.23 milliseconds in repetition 19
tcp_ping received 4096 bytes back
Round trip time was 31.9309 milliseconds in repetition 20
tcp_ping received 4096 bytes back
Round trip time was 34.7977 milliseconds in repetition 21
tcp_ping received 4096 bytes back
Round trip time was 31.447 milliseconds in repetition 22
tcp_ping received 4096 bytes back
Round trip time was 31.5901 milliseconds in repetition 23
tcp_ping received 4096 bytes back
Round trip time was 32.4552 milliseconds in repetition 24
tcp_ping received 4096 bytes back
Round trip time was 31.2054 milliseconds in repetition 25
tcp_ping received 4096 bytes back
Round trip time was 32.0093 milliseconds in repetition 26
tcp_ping received 4096 bytes back
Round trip time was 31.3066 milliseconds in repetition 27
tcp_ping received 4096 bytes back
Round trip time was 32.2631 milliseconds in repetition 28
tcp_ping received 4096 bytes back
Round trip time was 35.3933 milliseconds in repetition 29
tcp_ping received 4096 bytes back
Round trip time was 31.6769 milliseconds in repetition 30
tcp_ping received 4096 bytes back
Round trip time was 31.155 milliseconds in repetition 31
tcp_ping received 4096 bytes back
Round trip time was 32.5851 milliseconds in repetition 32
tcp_ping received 4096 bytes back
Round trip time was 33.0316 milliseconds in repetition 33
tcp_ping received 4096 bytes back
Round trip time was 34.8981 milliseconds in repetition 34
tcp_ping received 4096 bytes back
Round trip time was 31.8964 milliseconds in repetition 35
tcp_ping received 4096 bytes back
Round trip time was 30.9626 milliseconds in repetition 36
tcp_ping received 4096 bytes back
Round trip time was 34.8523 milliseconds in repetition 37
tcp_ping received 4096 bytes back
Round trip time was 33.8632 milliseconds in repetition 38
tcp_ping received 4096 bytes back
Round trip time was 31.6568 milliseconds in repetition 39
tcp_ping received 4096 bytes back
Round trip time was 33.4709 milliseconds in repetition 40
tcp_ping received 4096 bytes back
Round trip time was 34.813 milliseconds in repetition 41
tcp_ping received 4096 bytes back
Round trip time was 37.4367 milliseconds in repetition 42
tcp_ping received 4096 bytes back
Round trip time was 32.2191 milliseconds in repetition 43
tcp_ping received 4096 bytes back
Round trip time was 31.8195 milliseconds in repetition 44
tcp_ping received 4096 bytes back
Round trip time was 35.2465 milliseconds in repetition 45
tcp_ping received 4096 bytes back
Round trip time was 32.1773 milliseconds in repetition 46
tcp_ping received 4096 bytes back
Round trip time was 31.372 milliseconds in repetition 47
tcp_ping received 4096 bytes back
Round trip time was 32.4667 milliseconds in repetition 48
tcp_ping received 4096 bytes back
Round trip time was 30.9855 milliseconds in repetition 49
tcp_ping received 4096 bytes back
Round trip time was 31.9784 milliseconds in repetition 50
tcp_ping received 4096 bytes back
Round trip time was 33.9221 milliseconds in repetition 51
tcp_ping received 4096 bytes back
Round trip time was 33.2526 milliseconds in repetition 52
tcp_ping received 4096 bytes back
Round trip time was 36.3466 milliseconds in repetition 53
tcp_ping received 4096 bytes back
Round trip time was 34.906 milliseconds in repetition 54
tcp_ping received 4096 bytes back
Round trip time was 36.0954 milliseconds in repetition 55
tcp_ping received 4096 bytes back
Round trip time was 30.8897 milliseconds in repetition 56
tcp_ping received 4096 bytes back
Round trip time was 31.3217 milliseconds in repetition 57
tcp_ping received 4096 bytes back
Round trip time was 31.0711 milliseconds in repetition 58
tcp_ping received 4096 bytes back
Round trip time was 31.4436 milliseconds in repetition 59
tcp_ping received 4096 bytes back
Round trip time was 32.5343 milliseconds in repetition 60
tcp_ping received 4096 bytes back
Round trip time was 33.4248 milliseconds in repetition 61
tcp_ping received 4096 bytes back
Round trip time was 33.1413 milliseconds in repetition 62
tcp_ping received 4096 bytes back
Round trip time was 33.8256 milliseconds in repetition 63
tcp_ping received 4096 bytes back
Round trip time was 37.1888 milliseconds in repetition 64
tcp_ping received 4096 bytes back
Round trip time was 31.3375 milliseconds in repetition 65
tcp_ping received 4096 bytes back
Round trip time was 31.37 milliseconds in repetition 66
tcp_ping received 4096 bytes back
Round trip time was 31.995 milliseconds in repetition 67
tcp_ping received 4096 bytes back
Round trip time was 87.7023 milliseconds in repetition 68
tcp_ping received 4096 bytes back
Round trip time was 37.3309 milliseconds in repetition 69
tcp_ping received 4096 bytes back
Round trip time was 33.9353 milliseconds in repetition 70
tcp_ping received 4096 bytes back
Round trip time was 31.6589 milliseconds in repetition 71
tcp_ping received 4096 bytes back
Round trip time was 34.0257 milliseconds in repetition 72
tcp_ping received 4096 bytes back
Round trip time was 32.3641 milliseconds in repetition 73
tcp_ping received 4096 bytes back
Round trip time was 33.5352 milliseconds in repetition 74
tcp_ping received 4096 bytes back
Round trip time was 31.3614 milliseconds in repetition 75
tcp_ping received 4096 bytes back
Round trip time was 35.0415 milliseconds in repetition 76
tcp_ping received 4096 bytes back
Round trip time was 33.154 milliseconds in repetition 77
tcp_ping received 4096 bytes back
Round trip time was 32.0647 milliseconds in repetition 78
tcp_ping received 4096 bytes back
Round trip time was 32.08 milliseconds in repetition 79
tcp_ping received 4096 bytes back
Round trip time was 31.3312 milliseconds in repetition 80
tcp_ping received 4096 bytes back
Round trip time was 31.2186 milliseconds in repetition 81
tcp_ping received 4096 bytes back
Round trip time was 32.0865 milliseconds in repetition 82
tcp_ping received 4096 bytes back
Round trip time was 32.0941 milliseconds in repetition 83
tcp_ping received 4096 bytes back
Round trip time was 33.7694 milliseconds in repetition 84
tcp_ping received 4096 bytes back
Round trip time was 44.3841 milliseconds in repetition 85
tcp_ping received 4096 bytes back
Round trip time was 32.8806 milliseconds in repetition 86
tcp_ping received 4096 bytes back
Round trip time was 36.2764 milliseconds in repetition 87
tcp_ping received 4096 bytes back
Round trip time was 31.9231 milliseconds in repetition 88
tcp_ping received 4096 bytes back
Round trip time was 33.0962 milliseconds in repetition 89
tcp_ping received 4096 bytes back
Round trip time was 32.473 milliseconds in repetition 90
tcp_ping received 4096 bytes back
Round trip time was 32.9274 milliseconds in repetition 91
tcp_ping received 4096 bytes back
Round trip time was 32.9061 milliseconds in repetition 92
tcp_ping received 4096 bytes back
Round trip time was 31.741 milliseconds in repetition 93
tcp_ping received 4096 bytes back
Round trip time was 31.6967 milliseconds in repetition 94
tcp_ping received 4096 bytes back
Round trip time was 34.4484 milliseconds in repetition 95
tcp_ping received 4096 bytes back
Round trip time was 35.8275 milliseconds in repetition 96
tcp_ping received 4096 bytes back
Round trip time was 32.0411 milliseconds in repetition 97
tcp_ping received 4096 bytes back
Round trip time was 31.1055 milliseconds in repetition 98
tcp_ping received 4096 bytes back
Round trip time was 31.3779 milliseconds in repetition 99
tcp_ping received 4096 bytes back
Round trip time was 34.5482 milliseconds in repetition 100
tcp_ping received 4096 bytes back
Round trip time was 31.8519 milliseconds in repetition 101
tcp_ping received 4096 bytes back
Round trip time was 33.3249 milliseconds in repetition 102
tcp_ping received 4096 bytes back
Round trip time was 33.7513 milliseconds in repetition 103
tcp_ping received 4096 bytes back
Round trip time was 32.2047 milliseconds in repetition 104
tcp_ping received 4096 bytes back
Round trip time was 32.8252 milliseconds in repetition 105
tcp_ping received 4096 bytes back
Round trip time was 34.5346 milliseconds in repetition 106
tcp_ping received 4096 bytes back
Round trip time was 31.4903 milliseconds in repetition 107
tcp_ping received 4096 bytes back
Round trip time was 31.9014 milliseconds in repetition 108
tcp_ping received 4096 bytes back
Round trip time was 32.1454 milliseconds in repetition 109
tcp_ping received 4096 bytes back
Round trip time was 34.2394 milliseconds in repetition 110
tcp_ping received 4096 bytes back
Round trip time was 31.7956 milliseconds in repetition 111
tcp_ping received 4096 bytes back
Round trip time was 35.1423 milliseconds in repetition 112
tcp_ping received 4096 bytes back
Round trip time was 34.3089 milliseconds in repetition 113
tcp_ping received 4096 bytes back
Round trip time was 33.0637 milliseconds in repetition 114
tcp_ping received 4096 bytes back
Round trip time was 34.6523 milliseconds in repetition 115
tcp_ping received 4096 bytes back
Round trip time was 33.481 milliseconds in repetition 116
tcp_ping received 4096 bytes back
Round trip time was 31.8962 milliseconds in repetition 117
tcp_ping received 4096 bytes back
Round trip time was 31.7752 milliseconds in repetition 118
tcp_ping received 4096 bytes back
Round trip time was 32.1241 milliseconds in repetition 119
tcp_ping received 4096 bytes back
Round trip time was 31.2296 milliseconds in repetition 120
tcp_ping received 4096 bytes back
Round trip time was 31.1282 milliseconds in repetition 121
tcp_ping received 4096 bytes back
Round trip time was 33.8274 milliseconds in repetition 122
tcp_ping received 4096 bytes back
Round trip time was 31.9424 milliseconds in repetition 123
tcp_ping received 4096 bytes back
Round trip time was 32.063 milliseconds in repetition 124
tcp_ping received 4096 bytes back
Round trip time was 35.6589 milliseconds in repetition 125
tcp_ping received 4096 bytes back
Round trip time was 37.4642 milliseconds in repetition 126
tcp_ping received 4096 bytes back
Round trip time was 30.9884 milliseconds in repetition 127
tcp_ping received 4096 bytes back
Round trip time was 34.1801 milliseconds in repetition 128
tcp_ping received 4096 bytes back
Round trip time was 32.7205 milliseconds in repetition 129
tcp_ping received 4096 bytes back
Round trip time was 31.8773 milliseconds in repetition 130
tcp_ping received 4096 bytes back
Round trip time was 32.4615 milliseconds in repetition 131
tcp_ping received 4096 bytes back
Round trip time was 41.2481 milliseconds in repetition 132
tcp_ping received 4096 bytes back
Round trip time was 36.1696 milliseconds in repetition 133
tcp_ping received 4096 bytes back
Round trip time was 30.9718 milliseconds in repetition 134
tcp_ping received 4096 bytes back
Round trip time was 31.8933 milliseconds in repetition 135
tcp_ping received 4096 bytes back
Round trip time was 33.4002 milliseconds in repetition 136
tcp_ping received 4096 bytes back
Round trip time was 31.9844 milliseconds in repetition 137
tcp_ping received 4096 bytes back
Round trip time was 32.7489 milliseconds in repetition 138
tcp_ping received 4096 bytes back
Round trip time was 34.0175 milliseconds in repetition 139
tcp_ping received 4096 bytes back
Round trip time was 35.4105 milliseconds in repetition 140
tcp_ping received 4096 bytes back
Round trip time was 30.8987 milliseconds in repetition 141
tcp_ping received 4096 bytes back
Round trip time was 31.1715 milliseconds in repetition 142
tcp_ping received 4096 bytes back
Round trip time was 36.048 milliseconds in repetition 143
tcp_ping received 4096 bytes back
Round trip time was 33.9013 milliseconds in repetition 144
tcp_ping received 4096 bytes back
Round trip time was 31.4734 milliseconds in repetition 145
tcp_ping received 4096 bytes back
Round trip time was 32.0608 milliseconds in repetition 146
tcp_ping received 4096 bytes back
Round trip time was 33.4158 milliseconds in repetition 147
tcp_ping received 4096 bytes back
Round trip time was 32.5514 milliseconds in repetition 148
tcp_ping received 4096 bytes back
Round trip time was 31.8704 milliseconds in repetition 149
tcp_ping received 4096 bytes back
Round trip time was 32.8664 milliseconds in repetition 150
tcp_ping received 4096 bytes back
Round trip time was 31.4468 milliseconds in repetition 151
tcp_ping received 4096 bytes back
Round trip time was 31.8923 milliseconds in repetition 152
tcp_ping received 4096 bytes back
Round trip time was 33.1452 milliseconds in repetition 153
tcp_ping received 4096 bytes back
Round trip time was 33.0671 milliseconds in repetition 154
tcp_ping received 4096 bytes back
Round trip time was 34.1387 milliseconds in repetition 155
tcp_ping received 4096 bytes back
Round trip time was 35.2005 milliseconds in repetition 156
tcp_ping received 4096 bytes back
Round trip time was 32.3061 milliseconds in repetition 157
tcp_ping received 4096 bytes back
Round trip time was 31.6798 milliseconds in repetition 158
tcp_ping received 4096 bytes back
Round trip time was 31.4477 milliseconds in repetition 159
tcp_ping received 4096 bytes back
Round trip time was 34.4546 milliseconds in repetition 160
tcp_ping received 4096 bytes back
Round trip time was 32.8158 milliseconds in repetition 161
tcp_ping received 4096 bytes back
Round trip time was 35.6484 milliseconds in repetition 162
tcp_ping received 4096 bytes back
Round trip time was 36.1492 milliseconds in repetition 163
tcp_ping received 4096 bytes back
Round trip time was 31.3566 milliseconds in repetition 164
tcp_ping received 4096 bytes back
Round trip time was 32.1687 milliseconds in repetition 165
tcp_ping received 4096 bytes back
Round trip time was 32.2139 milliseconds in repetition 166
tcp_ping received 4096 bytes back
Round trip time was 32.7749 milliseconds in repetition 167
tcp_ping received 4096 bytes back
Round trip time was 32.9384 milliseconds in repetition 168
tcp_ping received 4096 bytes back
Round trip time was 44.34 milliseconds in repetition 169
tcp_ping received 4096 bytes back
Round trip time was 31.8149 milliseconds in repetition 170
tcp_ping received 4096 bytes back
Round trip time was 36.5103 milliseconds in repetition 171
tcp_ping received 4096 bytes back
Round trip time was 33.4845 milliseconds in repetition 172
tcp_ping received 4096 bytes back
Round trip time was 31.9083 milliseconds in repetition 173
tcp_ping received 4096 bytes back
Round trip time was 32.1338 milliseconds in repetition 174
tcp_ping received 4096 bytes back
Round trip time was 32.1229 milliseconds in repetition 175
tcp_ping received 4096 bytes back
Round trip time was 31.5281 milliseconds in repetition 176
tcp_ping received 4096 bytes back
Round trip time was 32.1694 milliseconds in repetition 177
tcp_ping received 4096 bytes back
Round trip time was 31.1502 milliseconds in repetition 178
tcp_ping received 4096 bytes back
Round trip time was 32.5224 milliseconds in repetition 179
tcp_ping received 4096 bytes back
Round trip time was 34.7495 milliseconds in repetition 180
tcp_ping received 4096 bytes back
Round trip time was 31.6608 milliseconds in repetition 181
tcp_ping received 4096 bytes back
Round trip time was 40.6222 milliseconds in repetition 182
tcp_ping received 4096 bytes back
Round trip time was 34.8569 milliseconds in repetition 183
tcp_ping received 4096 bytes back
Round trip time was 33.57 milliseconds in repetition 184
tcp_ping received 4096 bytes back
Round trip time was 32.9384 milliseconds in repetition 185
tcp_ping received 4096 bytes back
Round trip time was 32.4427 milliseconds in repetition 186
tcp_ping received 4096 bytes back
Round trip time was 31.4781 milliseconds in repetition 187
tcp_ping received 4096 bytes back
Round trip time was 31.4049 milliseconds in repetition 188
tcp_ping received 4096 bytes back
Round trip time was 32.4217 milliseconds in repetition 189
tcp_ping received 4096 bytes back
Round trip time was 31.8938 milliseconds in repetition 190
tcp_ping received 4096 bytes back
Round trip time was 34.4548 milliseconds in repetition 191
tcp_ping received 4096 bytes back
Round trip time was 34.9386 milliseconds in repetition 192
tcp_ping received 4096 bytes back
Round trip time was 31.8856 milliseconds in repetition 193
tcp_ping received 4096 bytes back
Round trip time was 31.4959 milliseconds in repetition 194
tcp_ping received 4096 bytes back
Round trip time was 31.9745 milliseconds in repetition 195
tcp_ping received 4096 bytes back
Round trip time was 31.1425 milliseconds in repetition 196
tcp_ping received 4096 bytes back
Round trip time was 32.5661 milliseconds in repetition 197
tcp_ping received 4096 bytes back
Round trip time was 31.8467 milliseconds in repetition 198
tcp_ping received 4096 bytes back
Round trip time was 36.2207 milliseconds in repetition 199
tcp_ping received 4096 bytes back
Round trip time was 34.1283 milliseconds in repetition 200
tcp_ping received 4096 bytes back
Round trip time was 34.2986 milliseconds in repetition 201
tcp_ping received 4096 bytes back
Round trip time was 33.5408 milliseconds in repetition 202
tcp_ping received 4096 bytes back
Round trip time was 31.429 milliseconds in repetition 203
tcp_ping received 4096 bytes back
Round trip time was 31.9677 milliseconds in repetition 204
tcp_ping received 4096 bytes back
Round trip time was 31.5323 milliseconds in repetition 205
tcp_ping received 4096 bytes back
Round trip time was 33.3222 milliseconds in repetition 206
tcp_ping received 4096 bytes back
Round trip time was 32.648 milliseconds in repetition 207
tcp_ping received 4096 bytes back
Round trip time was 31.6152 milliseconds in repetition 208
tcp_ping received 4096 bytes back
Round trip time was 32.2292 milliseconds in repetition 209
tcp_ping received 4096 bytes back
Round trip time was 33.0181 milliseconds in repetition 210
tcp_ping received 4096 bytes back
Round trip time was 33.6847 milliseconds in repetition 211
tcp_ping received 4096 bytes back
Round trip time was 34.8371 milliseconds in repetition 212
tcp_ping received 4096 bytes back
Round trip time was 31.3049 milliseconds in repetition 213
tcp_ping received 4096 bytes back
Round trip time was 31.241 milliseconds in repetition 214
tcp_ping received 4096 bytes back
Round trip time was 33.2381 milliseconds in repetition 215
tcp_ping received 4096 bytes back
Round trip time was 35.8795 milliseconds in repetition 216
tcp_ping received 4096 bytes back
Round trip time was 33.1485 milliseconds in repetition 217
tcp_ping received 4096 bytes back
Round trip time was 49.4513 milliseconds in repetition 218
tcp_ping received 4096 bytes back
Round trip time was 31.7129 milliseconds in repetition 219
tcp_ping received 4096 bytes back
Round trip time was 35.507 milliseconds in repetition 220
tcp_ping received 4096 bytes back
Round trip time was 31.2184 milliseconds in repetition 221
tcp_ping received 4096 bytes back
Round trip time was 33.1277 milliseconds in repetition 222
tcp_ping received 4096 bytes back
Round trip time was 37.8948 milliseconds in repetition 223
tcp_ping received 4096 bytes back
Round trip time was 32.6202 milliseconds in repetition 224
tcp_ping received 4096 bytes back
Round trip time was 31.6094 milliseconds in repetition 225
tcp_ping received 4096 bytes back
Round trip time was 41.157 milliseconds in repetition 226
tcp_ping received 4096 bytes back
Round trip time was 33.4711 milliseconds in repetition 227
tcp_ping received 4096 bytes back
Round trip time was 31.2856 milliseconds in repetition 228
tcp_ping received 4096 bytes back
Round trip time was 33.4492 milliseconds in repetition 229
tcp_ping received 4096 bytes back
Round trip time was 49.4942 milliseconds in repetition 230
tcp_ping received 4096 bytes back
Round trip time was 33.1057 milliseconds in repetition 231
tcp_ping received 4096 bytes back
Round trip time was 31.0072 milliseconds in repetition 232
tcp_ping received 4096 bytes back
Round trip time was 32.4531 milliseconds in repetition 233
tcp_ping received 4096 bytes back
Round trip time was 33.1839 milliseconds in repetition 234
tcp_ping received 4096 bytes back
Round trip time was 37.9961 milliseconds in repetition 235
tcp_ping received 4096 bytes back
Round trip time was 32.8301 milliseconds in repetition 236
tcp_ping received 4096 bytes back
Round trip time was 31.2304 milliseconds in repetition 237
tcp_ping received 4096 bytes back
Round trip time was 39.4479 milliseconds in repetition 238
tcp_ping received 4096 bytes back
Round trip time was 35.9892 milliseconds in repetition 239
tcp_ping received 4096 bytes back
Round trip time was 34.0972 milliseconds in repetition 240
tcp_ping received 4096 bytes back
Round trip time was 32.568 milliseconds in repetition 241
tcp_ping received 4096 bytes back
Round trip time was 32.7319 milliseconds in repetition 242
tcp_ping received 4096 bytes back
Round trip time was 36.6645 milliseconds in repetition 243
tcp_ping received 4096 bytes back
Round trip time was 41.8048 milliseconds in repetition 244
tcp_ping received 4096 bytes back
Round trip time was 34.7295 milliseconds in repetition 245
tcp_ping received 4096 bytes back
Round trip time was 43.0158 milliseconds in repetition 246
tcp_ping received 4096 bytes back
Round trip time was 61.6711 milliseconds in repetition 247
tcp_ping received 4096 bytes back
Round trip time was 31.8508 milliseconds in repetition 248
tcp_ping received 4096 bytes back
Round trip time was 31.6478 milliseconds in repetition 249
tcp_ping received 4096 bytes back
Round trip time was 31.1804 milliseconds in repetition 250
tcp_ping received 4096 bytes back
Round trip time was 32.9915 milliseconds in repetition 251
tcp_ping received 4096 bytes back
Round trip time was 31.6054 milliseconds in repetition 252
tcp_ping received 4096 bytes back
Round trip time was 32.261 milliseconds in repetition 253
tcp_ping received 4096 bytes back
Round trip time was 42.6892 milliseconds in repetition 254
tcp_ping received 4096 bytes back
Round trip time was 31.1556 milliseconds in repetition 255
tcp_ping received 4096 bytes back
Round trip time was 31.1692 milliseconds in repetition 256
tcp_ping received 4096 bytes back
Round trip time was 31.1911 milliseconds in repetition 257
tcp_ping received 4096 bytes back
Round trip time was 38.6982 milliseconds in repetition 258
tcp_ping received 4096 bytes back
Round trip time was 31.6557 milliseconds in repetition 259
tcp_ping received 4096 bytes back
Round trip time was 36.7173 milliseconds in repetition 260
tcp_ping received 4096 bytes back
Round trip time was 31.1799 milliseconds in repetition 261
tcp_ping received 4096 bytes back
Round trip time was 31.6891 milliseconds in repetition 262
tcp_ping received 4096 bytes back
Round trip time was 31.7539 milliseconds in repetition 263
tcp_ping received 4096 bytes back
Round trip time was 31.308 milliseconds in repetition 264
tcp_ping received 4096 bytes back
Round trip time was 31.8665 milliseconds in repetition 265
tcp_ping received 4096 bytes back
Round trip time was 31.6073 milliseconds in repetition 266
tcp_ping received 4096 bytes back
Round trip time was 31.2796 milliseconds in repetition 267
tcp_ping received 4096 bytes back
Round trip time was 31.3489 milliseconds in repetition 268
tcp_ping received 4096 bytes back
Round trip time was 31.7741 milliseconds in repetition 269
tcp_ping received 4096 bytes back
Round trip time was 31.1711 milliseconds in repetition 270
tcp_ping received 4096 bytes back
Round trip time was 31.6768 milliseconds in repetition 271
tcp_ping received 4096 bytes back
Round trip time was 32.017 milliseconds in repetition 272
tcp_ping received 4096 bytes back
Round trip time was 33.066 milliseconds in repetition 273
tcp_ping received 4096 bytes back
Round trip time was 32.1323 milliseconds in repetition 274
tcp_ping received 4096 bytes back
Round trip time was 32.6192 milliseconds in repetition 275
tcp_ping received 4096 bytes back
Round trip time was 31.3851 milliseconds in repetition 276
tcp_ping received 4096 bytes back
Round trip time was 31.2854 milliseconds in repetition 277
tcp_ping received 4096 bytes back
Round trip time was 32.0608 milliseconds in repetition 278
tcp_ping received 4096 bytes back
Round trip time was 34.9289 milliseconds in repetition 279
tcp_ping received 4096 bytes back
Round trip time was 31.4652 milliseconds in repetition 280
tcp_ping received 4096 bytes back
Round trip time was 35.304 milliseconds in repetition 281
tcp_ping received 4096 bytes back
Round trip time was 48.2398 milliseconds in repetition 282
tcp_ping received 4096 bytes back
Round trip time was 36.0225 milliseconds in repetition 283
tcp_ping received 4096 bytes back
Round trip time was 31.5054 milliseconds in repetition 284
tcp_ping received 4096 bytes back
Round trip time was 32.7423 milliseconds in repetition 285
tcp_ping received 4096 bytes back
Round trip time was 33.1589 milliseconds in repetition 286
tcp_ping received 4096 bytes back
Round trip time was 33.9702 milliseconds in repetition 287
tcp_ping received 4096 bytes back
Round trip time was 32.2623 milliseconds in repetition 288
tcp_ping received 4096 bytes back
Round trip time was 31.2555 milliseconds in repetition 289
tcp_ping received 4096 bytes back
Round trip time was 31.358 milliseconds in repetition 290
tcp_ping received 4096 bytes back
Round trip time was 30.9613 milliseconds in repetition 291
tcp_ping received 4096 bytes back
Round trip time was 32.4644 milliseconds in repetition 292
tcp_ping received 4096 bytes back
Round trip time was 32.6706 milliseconds in repetition 293
tcp_ping received 4096 bytes back
Round trip time was 32.0682 milliseconds in repetition 294
tcp_ping received 4096 bytes back
Round trip time was 32.3779 milliseconds in repetition 295
tcp_ping received 4096 bytes back
Round trip time was 38.1326 milliseconds in repetition 296
tcp_ping received 4096 bytes back
Round trip time was 31.2322 milliseconds in repetition 297
tcp_ping received 4096 bytes back
Round trip time was 31.4229 milliseconds in repetition 298
tcp_ping received 4096 bytes back
Round trip time was 31.6393 milliseconds in repetition 299
tcp_ping received 4096 bytes back
Round trip time was 31.333 milliseconds in repetition 300
tcp_ping received 4096 bytes back
Round trip time was 31.143 milliseconds in repetition 301
tcp_ping received 4096 bytes back
Round trip time was 31.4336 milliseconds in repetition 302
tcp_ping received 4096 bytes back
Round trip time was 31.2673 milliseconds in repetition 303
tcp_ping received 4096 bytes back
Round trip time was 31.2762 milliseconds in repetition 304
tcp_ping received 4096 bytes back
Round trip time was 34.6764 milliseconds in repetition 305
tcp_ping received 4096 bytes back
Round trip time was 33.0822 milliseconds in repetition 306
tcp_ping received 4096 bytes back
Round trip time was 31.4448 milliseconds in repetition 307
tcp_ping received 4096 bytes back
Round trip time was 32.8867 milliseconds in repetition 308
tcp_ping received 4096 bytes back
Round trip time was 32.9666 milliseconds in repetition 309
tcp_ping received 4096 bytes back
Round trip time was 31.1993 milliseconds in repetition 310
tcp_ping received 4096 bytes back
Round trip time was 32.0545 milliseconds in repetition 311
tcp_ping received 4096 bytes back
Round trip time was 31.5757 milliseconds in repetition 312
tcp_ping received 4096 bytes back
Round trip time was 32.4407 milliseconds in repetition 313
tcp_ping received 4096 bytes back
Round trip time was 34.2469 milliseconds in repetition 314
tcp_ping received 4096 bytes back
Round trip time was 32.9439 milliseconds in repetition 315
tcp_ping received 4096 bytes back
Round trip time was 31.8199 milliseconds in repetition 316
tcp_ping received 4096 bytes back
Round trip time was 31.9615 milliseconds in repetition 317
tcp_ping received 4096 bytes back
Round trip time was 31.723 milliseconds in repetition 318
tcp_ping received 4096 bytes back
Round trip time was 31.7632 milliseconds in repetition 319
tcp_ping received 4096 bytes back
Round trip time was 31.3736 milliseconds in repetition 320
tcp_ping received 4096 bytes back
Round trip time was 32.7208 milliseconds in repetition 321
tcp_ping received 4096 bytes back
Round trip time was 34.2501 milliseconds in repetition 322
tcp_ping received 4096 bytes back
Round trip time was 34.7149 milliseconds in repetition 323
tcp_ping received 4096 bytes back
Round trip time was 37.118 milliseconds in repetition 324
tcp_ping received 4096 bytes back
Round trip time was 34.105 milliseconds in repetition 325
tcp_ping received 4096 bytes back
Round trip time was 34.9766 milliseconds in repetition 326
tcp_ping received 4096 bytes back
Round trip time was 36.7974 milliseconds in repetition 327
tcp_ping received 4096 bytes back
Round trip time was 35.1753 milliseconds in repetition 328
tcp_ping received 4096 bytes back
Round trip time was 32.1204 milliseconds in repetition 329
tcp_ping received 4096 bytes back
Round trip time was 32.135 milliseconds in repetition 330
tcp_ping received 4096 bytes back
Round trip time was 33.2618 milliseconds in repetition 331
tcp_ping received 4096 bytes back
Round trip time was 35.2719 milliseconds in repetition 332
tcp_ping received 4096 bytes back
Round trip time was 31.5477 milliseconds in repetition 333
tcp_ping received 4096 bytes back
Round trip time was 32.2369 milliseconds in repetition 334
tcp_ping received 4096 bytes back
Round trip time was 32.2092 milliseconds in repetition 335
tcp_ping received 4096 bytes back
Round trip time was 31.4943 milliseconds in repetition 336
tcp_ping received 4096 bytes back
Round trip time was 31.3362 milliseconds in repetition 337
tcp_ping received 4096 bytes back
Round trip time was 34.8861 milliseconds in repetition 338
tcp_ping received 4096 bytes back
Round trip time was 31.8919 milliseconds in repetition 339
tcp_ping received 4096 bytes back
Round trip time was 32.3674 milliseconds in repetition 340
tcp_ping received 4096 bytes back
Round trip time was 31.3758 milliseconds in repetition 341
tcp_ping received 4096 bytes back
Round trip time was 34.2043 milliseconds in repetition 342
tcp_ping received 4096 bytes back
Round trip time was 31.7407 milliseconds in repetition 343
tcp_ping received 4096 bytes back
Round trip time was 34.7408 milliseconds in repetition 344
tcp_ping received 4096 bytes back
Round trip time was 34.8868 milliseconds in repetition 345
tcp_ping received 4096 bytes back
Round trip time was 31.8213 milliseconds in repetition 346
tcp_ping received 4096 bytes back
Round trip time was 32.2406 milliseconds in repetition 347
tcp_ping received 4096 bytes back
Round trip time was 30.9499 milliseconds in repetition 348
tcp_ping received 4096 bytes back
Round trip time was 32.4734 milliseconds in repetition 349
tcp_ping received 4096 bytes back
Round trip time was 32.6897 milliseconds in repetition 350
tcp_ping received 4096 bytes back
Round trip time was 31.3709 milliseconds in repetition 351
tcp_ping received 4096 bytes back
Round trip time was 32.9804 milliseconds in repetition 352
tcp_ping received 4096 bytes back
Round trip time was 33.3815 milliseconds in repetition 353
tcp_ping received 4096 bytes back
Round trip time was 31.7766 milliseconds in repetition 354
tcp_ping received 4096 bytes back
Round trip time was 33.4114 milliseconds in repetition 355
tcp_ping received 4096 bytes back
Round trip time was 31.9675 milliseconds in repetition 356
tcp_ping received 4096 bytes back
Round trip time was 31.4354 milliseconds in repetition 357
tcp_ping received 4096 bytes back
Round trip time was 31.7649 milliseconds in repetition 358
tcp_ping received 4096 bytes back
Round trip time was 32.9553 milliseconds in repetition 359
tcp_ping received 4096 bytes back
Round trip time was 34.2519 milliseconds in repetition 360
tcp_ping received 4096 bytes back
Round trip time was 32.7181 milliseconds in repetition 361
tcp_ping received 4096 bytes back
Round trip time was 33.8658 milliseconds in repetition 362
tcp_ping received 4096 bytes back
Round trip time was 31.5206 milliseconds in repetition 363
tcp_ping received 4096 bytes back
Round trip time was 32.8845 milliseconds in repetition 364
tcp_ping received 4096 bytes back
Round trip time was 34.1887 milliseconds in repetition 365
tcp_ping received 4096 bytes back
Round trip time was 30.8754 milliseconds in repetition 366
tcp_ping received 4096 bytes back
Round trip time was 31.7524 milliseconds in repetition 367
tcp_ping received 4096 bytes back
Round trip time was 33.4427 milliseconds in repetition 368
tcp_ping received 4096 bytes back
Round trip time was 33.0962 milliseconds in repetition 369
tcp_ping received 4096 bytes back
Round trip time was 31.0512 milliseconds in repetition 370
tcp_ping received 4096 bytes back
Round trip time was 33.7111 milliseconds in repetition 371
tcp_ping received 4096 bytes back
Round trip time was 33.3287 milliseconds in repetition 372
tcp_ping received 4096 bytes back
Round trip time was 31.523 milliseconds in repetition 373
tcp_ping received 4096 bytes back
Round trip time was 31.4272 milliseconds in repetition 374
tcp_ping received 4096 bytes back
Round trip time was 32.5441 milliseconds in repetition 375
tcp_ping received 4096 bytes back
Round trip time was 33.7497 milliseconds in repetition 376
tcp_ping received 4096 bytes back
Round trip time was 33.1319 milliseconds in repetition 377
tcp_ping received 4096 bytes back
Round trip time was 32.6611 milliseconds in repetition 378
tcp_ping received 4096 bytes back
Round trip time was 31.006 milliseconds in repetition 379
tcp_ping received 4096 bytes back
Round trip time was 31.5354 milliseconds in repetition 380
tcp_ping received 4096 bytes back
Round trip time was 31.7031 milliseconds in repetition 381
tcp_ping received 4096 bytes back
Round trip time was 31.383 milliseconds in repetition 382
tcp_ping received 4096 bytes back
Round trip time was 30.8544 milliseconds in repetition 383
tcp_ping received 4096 bytes back
Round trip time was 31.5122 milliseconds in repetition 384
tcp_ping received 4096 bytes back
Round trip time was 31.1929 milliseconds in repetition 385
tcp_ping received 4096 bytes back
Round trip time was 31.4211 milliseconds in repetition 386
tcp_ping received 4096 bytes back
Round trip time was 31.0238 milliseconds in repetition 387
tcp_ping received 4096 bytes back
Round trip time was 32.5654 milliseconds in repetition 388
tcp_ping received 4096 bytes back
Round trip time was 32.8567 milliseconds in repetition 389
tcp_ping received 4096 bytes back
Round trip time was 30.9566 milliseconds in repetition 390
tcp_ping received 4096 bytes back
Round trip time was 36.8072 milliseconds in repetition 391
tcp_ping received 4096 bytes back
Round trip time was 32.6693 milliseconds in repetition 392
tcp_ping received 4096 bytes back
Round trip time was 31.578 milliseconds in repetition 393
tcp_ping received 4096 bytes back
Round trip time was 30.8695 milliseconds in repetition 394
tcp_ping received 4096 bytes back
Round trip time was 32.135 milliseconds in repetition 395
tcp_ping received 4096 bytes back
Round trip time was 34.9355 milliseconds in repetition 396
tcp_ping received 4096 bytes back
Round trip time was 32.684 milliseconds in repetition 397
tcp_ping received 4096 bytes back
Round trip time was 31.4079 milliseconds in repetition 398
tcp_ping received 4096 bytes back
Round trip time was 31.8959 milliseconds in repetition 399
tcp_ping received 4096 bytes back
Round trip time was 32.6176 milliseconds in repetition 400
tcp_ping received 4096 bytes back
Round trip time was 35.8595 milliseconds in repetition 401
tcp_ping received 4096 bytes back
Round trip time was 32.8033 milliseconds in repetition 402
tcp_ping received 4096 bytes back
Round trip time was 72.0327 milliseconds in repetition 403
tcp_ping received 4096 bytes back
Round trip time was 54.7413 milliseconds in repetition 404
tcp_ping received 4096 bytes back
Round trip time was 32.1872 milliseconds in repetition 405
tcp_ping received 4096 bytes back
Round trip time was 32.1905 milliseconds in repetition 406
tcp_ping received 4096 bytes back
Round trip time was 32.92 milliseconds in repetition 407
tcp_ping received 4096 bytes back
Round trip time was 31.3343 milliseconds in repetition 408
tcp_ping received 4096 bytes back
Round trip time was 46.1105 milliseconds in repetition 409
tcp_ping received 4096 bytes back
Round trip time was 31.3471 milliseconds in repetition 410
tcp_ping received 4096 bytes back
Round trip time was 32.0864 milliseconds in repetition 411
tcp_ping received 4096 bytes back
Round trip time was 31.9924 milliseconds in repetition 412
tcp_ping received 4096 bytes back
Round trip time was 33.793 milliseconds in repetition 413
tcp_ping received 4096 bytes back
Round trip time was 31.4281 milliseconds in repetition 414
tcp_ping received 4096 bytes back
Round trip time was 31.7863 milliseconds in repetition 415
tcp_ping received 4096 bytes back
Round trip time was 32.7523 milliseconds in repetition 416
tcp_ping received 4096 bytes back
Round trip time was 34.1975 milliseconds in repetition 417
tcp_ping received 4096 bytes back
Round trip time was 34.0589 milliseconds in repetition 418
tcp_ping received 4096 bytes back
Round trip time was 31.5526 milliseconds in repetition 419
tcp_ping received 4096 bytes back
Round trip time was 31.3823 milliseconds in repetition 420
tcp_ping received 4096 bytes back
Round trip time was 30.9509 milliseconds in repetition 421
tcp_ping received 4096 bytes back
Round trip time was 31.5885 milliseconds in repetition 422
tcp_ping received 4096 bytes back
Round trip time was 31.8171 milliseconds in repetition 423
tcp_ping received 4096 bytes back
Round trip time was 31.7264 milliseconds in repetition 424
tcp_ping received 4096 bytes back
Round trip time was 31.7445 milliseconds in repetition 425
tcp_ping received 4096 bytes back
Round trip time was 31.0568 milliseconds in repetition 426
tcp_ping received 4096 bytes back
Round trip time was 31.3645 milliseconds in repetition 427
tcp_ping received 4096 bytes back
Round trip time was 31.4772 milliseconds in repetition 428
tcp_ping received 4096 bytes back
Round trip time was 31.4699 milliseconds in repetition 429
tcp_ping received 4096 bytes back
Round trip time was 32.1742 milliseconds in repetition 430
tcp_ping received 4096 bytes back
Round trip time was 31.805 milliseconds in repetition 431
tcp_ping received 4096 bytes back
Round trip time was 31.519 milliseconds in repetition 432
tcp_ping received 4096 bytes back
Round trip time was 31.6182 milliseconds in repetition 433
tcp_ping received 4096 bytes back
Round trip time was 32.6667 milliseconds in repetition 434
tcp_ping received 4096 bytes back
Round trip time was 33.5752 milliseconds in repetition 435
tcp_ping received 4096 bytes back
Round trip time was 31.9649 milliseconds in repetition 436
tcp_ping received 4096 bytes back
Round trip time was 31.5091 milliseconds in repetition 437
tcp_ping received 4096 bytes back
Round trip time was 31.2366 milliseconds in repetition 438
tcp_ping received 4096 bytes back
Round trip time was 31.0907 milliseconds in repetition 439
tcp_ping received 4096 bytes back
Round trip time was 36.5415 milliseconds in repetition 440
tcp_ping received 4096 bytes back
Round trip time was 31.6622 milliseconds in repetition 441
tcp_ping received 4096 bytes back
Round trip time was 30.9522 milliseconds in repetition 442
tcp_ping received 4096 bytes back
Round trip time was 32.8157 milliseconds in repetition 443
tcp_ping received 4096 bytes back
Round trip time was 31.2939 milliseconds in repetition 444
tcp_ping received 4096 bytes back
Round trip time was 32.0091 milliseconds in repetition 445
tcp_ping received 4096 bytes back
Round trip time was 33.8176 milliseconds in repetition 446
tcp_ping received 4096 bytes back
Round trip time was 32.9366 milliseconds in repetition 447
tcp_ping received 4096 bytes back
Round trip time was 31.2658 milliseconds in repetition 448
tcp_ping received 4096 bytes back
Round trip time was 30.8076 milliseconds in repetition 449
tcp_ping received 4096 bytes back
Round trip time was 30.9252 milliseconds in repetition 450
tcp_ping received 4096 bytes back
Round trip time was 31.1851 milliseconds in repetition 451
tcp_ping received 4096 bytes back
Round trip time was 32.1653 milliseconds in repetition 452
tcp_ping received 4096 bytes back
Round trip time was 31.719 milliseconds in repetition 453
tcp_ping received 4096 bytes back
Round trip time was 40.2371 milliseconds in repetition 454
tcp_ping received 4096 bytes back
Round trip time was 31.2286 milliseconds in repetition 455
tcp_ping received 4096 bytes back
Round trip time was 31.2568 milliseconds in repetition 456
tcp_ping received 4096 bytes back
Round trip time was 31.0132 milliseconds in repetition 457
tcp_ping received 4096 bytes back
Round trip time was 30.9938 milliseconds in repetition 458
tcp_ping received 4096 bytes back
Round trip time was 31.5786 milliseconds in repetition 459
tcp_ping received 4096 bytes back
Round trip time was 34.8671 milliseconds in repetition 460
tcp_ping received 4096 bytes back
Round trip time was 31.6359 milliseconds in repetition 461
tcp_ping received 4096 bytes back
Round trip time was 35.0443 milliseconds in repetition 462
tcp_ping received 4096 bytes back
Round trip time was 34.5598 milliseconds in repetition 463
tcp_ping received 4096 bytes back
Round trip time was 32.3087 milliseconds in repetition 464
tcp_ping received 4096 bytes back
Round trip time was 31.2096 milliseconds in repetition 465
tcp_ping received 4096 bytes back
Round trip time was 31.4828 milliseconds in repetition 466
tcp_ping received 4096 bytes back
Round trip time was 30.8843 milliseconds in repetition 467
tcp_ping received 4096 bytes back
Round trip time was 31.9582 milliseconds in repetition 468
tcp_ping received 4096 bytes back
Round trip time was 32.3255 milliseconds in repetition 469
tcp_ping received 4096 bytes back
Round trip time was 31.2184 milliseconds in repetition 470
tcp_ping received 4096 bytes back
Round trip time was 31.2293 milliseconds in repetition 471
tcp_ping received 4096 bytes back
Round trip time was 32.0743 milliseconds in repetition 472
tcp_ping received 4096 bytes back
Round trip time was 31.4251 milliseconds in repetition 473
tcp_ping received 4096 bytes back
Round trip time was 31.1769 milliseconds in repetition 474
tcp_ping received 4096 bytes back
Round trip time was 31.7084 milliseconds in repetition 475
tcp_ping received 4096 bytes back
Round trip time was 34.8873 milliseconds in repetition 476
tcp_ping received 4096 bytes back
Round trip time was 33.8582 milliseconds in repetition 477
tcp_ping received 4096 bytes back
Round trip time was 31.8264 milliseconds in repetition 478
tcp_ping received 4096 bytes back
Round trip time was 31.2448 milliseconds in repetition 479
tcp_ping received 4096 bytes back
Round trip time was 31.113 milliseconds in repetition 480
tcp_ping received 4096 bytes back
Round trip time was 31.6815 milliseconds in repetition 481
tcp_ping received 4096 bytes back
Round trip time was 32.1476 milliseconds in repetition 482
tcp_ping received 4096 bytes back
Round trip time was 32.7318 milliseconds in repetition 483
tcp_ping received 4096 bytes back
Round trip time was 31.6682 milliseconds in repetition 484
tcp_ping received 4096 bytes back
Round trip time was 32.1611 milliseconds in repetition 485
tcp_ping received 4096 bytes back
Round trip time was 32.5681 milliseconds in repetition 486
tcp_ping received 4096 bytes back
Round trip time was 33.5387 milliseconds in repetition 487
tcp_ping received 4096 bytes back
Round trip time was 31.7203 milliseconds in repetition 488
tcp_ping received 4096 bytes back
Round trip time was 33.3301 milliseconds in repetition 489
tcp_ping received 4096 bytes back
Round trip time was 34.6803 milliseconds in repetition 490
tcp_ping received 4096 bytes back
Round trip time was 32.3327 milliseconds in repetition 491
tcp_ping received 4096 bytes back
Round trip time was 36.2326 milliseconds in repetition 492
tcp_ping received 4096 bytes back
Round trip time was 32.6025 milliseconds in repetition 493
tcp_ping received 4096 bytes back
Round trip time was 31.863 milliseconds in repetition 494
tcp_ping received 4096 bytes back
Round trip time was 33.3238 milliseconds in repetition 495
tcp_ping received 4096 bytes back
Round trip time was 32.5825 milliseconds in repetition 496
tcp_ping received 4096 bytes back
Round trip time was 33.395 milliseconds in repetition 497
tcp_ping received 4096 bytes back
Round trip time was 32.4417 milliseconds in repetition 498
tcp_ping received 4096 bytes back
Round trip time was 33.7253 milliseconds in repetition 499
tcp_ping received 4096 bytes back
Round trip time was 31.4628 milliseconds in repetition 500
tcp_ping received 4096 bytes back
Round trip time was 31.7622 milliseconds in repetition 501

 ... clock resolution was 1e-06
TCP Ping:  Statistics over 501 repetitions of 4096 byte messages

RTT : percentile 10: 31.2293, median: 32.2406, percentile 90: 35.8275, average: 33.4151, variance: 18.8956

RTT histogram:
30.8076 249
33.6523 189
36.497 37
39.3418 8
42.1865 6
45.0312 3
47.876 2
50.7207 2
53.5654 2
56.4102 0
59.2549 0
62.0996 1
64.9444 0
67.7891 0
70.6338 1
73.4786 0
76.3233 0
79.1681 0
82.0128 0
84.8575 0
87.7023 1

   median Throughput : 254.09 KB/s   overall Throughput : 245.158 KB/s

