TCP Ping trying to connect to server seti.dibris.unige.it (130.251.61.30) on port 1491

... connected to Pong server: asking for 501 repetitions of 512 bytes TCP messages
 ... Pong server agreed :-)
tcp_ping received 512 bytes back
Round trip time was 33.8582 milliseconds in repetition 1
tcp_ping received 512 bytes back
Round trip time was 27.1171 milliseconds in repetition 2
tcp_ping received 512 bytes back
Round trip time was 27.2628 milliseconds in repetition 3
tcp_ping received 512 bytes back
Round trip time was 29.5215 milliseconds in repetition 4
tcp_ping received 512 bytes back
Round trip time was 28.1565 milliseconds in repetition 5
tcp_ping received 512 bytes back
Round trip time was 27.3168 milliseconds in repetition 6
tcp_ping received 512 bytes back
Round trip time was 27.9988 milliseconds in repetition 7
tcp_ping received 512 bytes back
Round trip time was 29.5739 milliseconds in repetition 8
tcp_ping received 512 bytes back
Round trip time was 27.4775 milliseconds in repetition 9
tcp_ping received 512 bytes back
Round trip time was 27.865 milliseconds in repetition 10
tcp_ping received 512 bytes back
Round trip time was 30.4825 milliseconds in repetition 11
tcp_ping received 512 bytes back
Round trip time was 26.5585 milliseconds in repetition 12
tcp_ping received 512 bytes back
Round trip time was 28.4486 milliseconds in repetition 13
tcp_ping received 512 bytes back
Round trip time was 27.1532 milliseconds in repetition 14
tcp_ping received 512 bytes back
Round trip time was 26.6735 milliseconds in repetition 15
tcp_ping received 512 bytes back
Round trip time was 27.1046 milliseconds in repetition 16
tcp_ping received 512 bytes back
Round trip time was 82.9112 milliseconds in repetition 17
tcp_ping received 512 bytes back
Round trip time was 30.5175 milliseconds in repetition 18
tcp_ping received 512 bytes back
Round trip time was 28.2078 milliseconds in repetition 19
tcp_ping received 512 bytes back
Round trip time was 27.0078 milliseconds in repetition 20
tcp_ping received 512 bytes back
Round trip time was 27.1637 milliseconds in repetition 21
tcp_ping received 512 bytes back
Round trip time was 27.9193 milliseconds in repetition 22
tcp_ping received 512 bytes back
Round trip time was 27.1494 milliseconds in repetition 23
tcp_ping received 512 bytes back
Round trip time was 27.9077 milliseconds in repetition 24
tcp_ping received 512 bytes back
Round trip time was 26.7058 milliseconds in repetition 25
tcp_ping received 512 bytes back
Round trip time was 27.7674 milliseconds in repetition 26
tcp_ping received 512 bytes back
Round trip time was 28.3593 milliseconds in repetition 27
tcp_ping received 512 bytes back
Round trip time was 29.4947 milliseconds in repetition 28
tcp_ping received 512 bytes back
Round trip time was 26.9268 milliseconds in repetition 29
tcp_ping received 512 bytes back
Round trip time was 27.4496 milliseconds in repetition 30
tcp_ping received 512 bytes back
Round trip time was 28.3106 milliseconds in repetition 31
tcp_ping received 512 bytes back
Round trip time was 27.424 milliseconds in repetition 32
tcp_ping received 512 bytes back
Round trip time was 27.3473 milliseconds in repetition 33
tcp_ping received 512 bytes back
Round trip time was 27.0318 milliseconds in repetition 34
tcp_ping received 512 bytes back
Round trip time was 26.2533 milliseconds in repetition 35
tcp_ping received 512 bytes back
Round trip time was 26.2909 milliseconds in repetition 36
tcp_ping received 512 bytes back
Round trip time was 26.681 milliseconds in repetition 37
tcp_ping received 512 bytes back
Round trip time was 27.1255 milliseconds in repetition 38
tcp_ping received 512 bytes back
Round trip time was 27.8736 milliseconds in repetition 39
tcp_ping received 512 bytes back
Round trip time was 26.031 milliseconds in repetition 40
tcp_ping received 512 bytes back
Round trip time was 26.3423 milliseconds in repetition 41
tcp_ping received 512 bytes back
Round trip time was 26.1674 milliseconds in repetition 42
tcp_ping received 512 bytes back
Round trip time was 25.875 milliseconds in repetition 43
tcp_ping received 512 bytes back
Round trip time was 25.9582 milliseconds in repetition 44
tcp_ping received 512 bytes back
Round trip time was 26.96 milliseconds in repetition 45
tcp_ping received 512 bytes back
Round trip time was 25.7316 milliseconds in repetition 46
tcp_ping received 512 bytes back
Round trip time was 27.5333 milliseconds in repetition 47
tcp_ping received 512 bytes back
Round trip time was 29.966 milliseconds in repetition 48
tcp_ping received 512 bytes back
Round trip time was 29.9563 milliseconds in repetition 49
tcp_ping received 512 bytes back
Round trip time was 26.8433 milliseconds in repetition 50
tcp_ping received 512 bytes back
Round trip time was 27.5266 milliseconds in repetition 51
tcp_ping received 512 bytes back
Round trip time was 26.2202 milliseconds in repetition 52
tcp_ping received 512 bytes back
Round trip time was 26.2975 milliseconds in repetition 53
tcp_ping received 512 bytes back
Round trip time was 26.996 milliseconds in repetition 54
tcp_ping received 512 bytes back
Round trip time was 27.4876 milliseconds in repetition 55
tcp_ping received 512 bytes back
Round trip time was 26.1197 milliseconds in repetition 56
tcp_ping received 512 bytes back
Round trip time was 26.1362 milliseconds in repetition 57
tcp_ping received 512 bytes back
Round trip time was 25.6484 milliseconds in repetition 58
tcp_ping received 512 bytes back
Round trip time was 26.5113 milliseconds in repetition 59
tcp_ping received 512 bytes back
Round trip time was 26.625 milliseconds in repetition 60
tcp_ping received 512 bytes back
Round trip time was 26.0999 milliseconds in repetition 61
tcp_ping received 512 bytes back
Round trip time was 26.2473 milliseconds in repetition 62
tcp_ping received 512 bytes back
Round trip time was 26.0128 milliseconds in repetition 63
tcp_ping received 512 bytes back
Round trip time was 26.7793 milliseconds in repetition 64
tcp_ping received 512 bytes back
Round trip time was 28.5681 milliseconds in repetition 65
tcp_ping received 512 bytes back
Round trip time was 28.1175 milliseconds in repetition 66
tcp_ping received 512 bytes back
Round trip time was 29.7724 milliseconds in repetition 67
tcp_ping received 512 bytes back
Round trip time was 26.6893 milliseconds in repetition 68
tcp_ping received 512 bytes back
Round trip time was 28.3293 milliseconds in repetition 69
tcp_ping received 512 bytes back
Round trip time was 27.2455 milliseconds in repetition 70
tcp_ping received 512 bytes back
Round trip time was 26.4975 milliseconds in repetition 71
tcp_ping received 512 bytes back
Round trip time was 26.5955 milliseconds in repetition 72
tcp_ping received 512 bytes back
Round trip time was 25.9378 milliseconds in repetition 73
tcp_ping received 512 bytes back
Round trip time was 25.8557 milliseconds in repetition 74
tcp_ping received 512 bytes back
Round trip time was 26.5905 milliseconds in repetition 75
tcp_ping received 512 bytes back
Round trip time was 26.7405 milliseconds in repetition 76
tcp_ping received 512 bytes back
Round trip time was 27.6421 milliseconds in repetition 77
tcp_ping received 512 bytes back
Round trip time was 26.3527 milliseconds in repetition 78
tcp_ping received 512 bytes back
Round trip time was 26.0757 milliseconds in repetition 79
tcp_ping received 512 bytes back
Round trip time was 27.1572 milliseconds in repetition 80
tcp_ping received 512 bytes back
Round trip time was 27.2559 milliseconds in repetition 81
tcp_ping received 512 bytes back
Round trip time was 26.0756 milliseconds in repetition 82
tcp_ping received 512 bytes back
Round trip time was 26.5047 milliseconds in repetition 83
tcp_ping received 512 bytes back
Round trip time was 26.0061 milliseconds in repetition 84
tcp_ping received 512 bytes back
Round trip time was 26.5724 milliseconds in repetition 85
tcp_ping received 512 bytes back
Round trip time was 26.8573 milliseconds in repetition 86
tcp_ping received 512 bytes back
Round trip time was 26.31 milliseconds in repetition 87
tcp_ping received 512 bytes back
Round trip time was 27.1078 milliseconds in repetition 88
tcp_ping received 512 bytes back
Round trip time was 27.0898 milliseconds in repetition 89
tcp_ping received 512 bytes back
Round trip time was 26.1785 milliseconds in repetition 90
tcp_ping received 512 bytes back
Round trip time was 26.2601 milliseconds in repetition 91
tcp_ping received 512 bytes back
Round trip time was 26.5571 milliseconds in repetition 92
tcp_ping received 512 bytes back
Round trip time was 31.477 milliseconds in repetition 93
tcp_ping received 512 bytes back
Round trip time was 27.0101 milliseconds in repetition 94
tcp_ping received 512 bytes back
Round trip time was 28.5962 milliseconds in repetition 95
tcp_ping received 512 bytes back
Round trip time was 28.6552 milliseconds in repetition 96
tcp_ping received 512 bytes back
Round trip time was 27.4939 milliseconds in repetition 97
tcp_ping received 512 bytes back
Round trip time was 26.1791 milliseconds in repetition 98
tcp_ping received 512 bytes back
Round trip time was 28.6583 milliseconds in repetition 99
tcp_ping received 512 bytes back
Round trip time was 26.3328 milliseconds in repetition 100
tcp_ping received 512 bytes back
Round trip time was 26.2688 milliseconds in repetition 101
tcp_ping received 512 bytes back
Round trip time was 26.2671 milliseconds in repetition 102
tcp_ping received 512 bytes back
Round trip time was 27.0807 milliseconds in repetition 103
tcp_ping received 512 bytes back
Round trip time was 27.2277 milliseconds in repetition 104
tcp_ping received 512 bytes back
Round trip time was 26.3317 milliseconds in repetition 105
tcp_ping received 512 bytes back
Round trip time was 59.712 milliseconds in repetition 106
tcp_ping received 512 bytes back
Round trip time was 26.2016 milliseconds in repetition 107
tcp_ping received 512 bytes back
Round trip time was 26.0586 milliseconds in repetition 108
tcp_ping received 512 bytes back
Round trip time was 26.4566 milliseconds in repetition 109
tcp_ping received 512 bytes back
Round trip time was 26.1168 milliseconds in repetition 110
tcp_ping received 512 bytes back
Round trip time was 26.0049 milliseconds in repetition 111
tcp_ping received 512 bytes back
Round trip time was 28.4563 milliseconds in repetition 112
tcp_ping received 512 bytes back
Round trip time was 26.8997 milliseconds in repetition 113
tcp_ping received 512 bytes back
Round trip time was 31.3091 milliseconds in repetition 114
tcp_ping received 512 bytes back
Round trip time was 26.8992 milliseconds in repetition 115
tcp_ping received 512 bytes back
Round trip time was 25.7818 milliseconds in repetition 116
tcp_ping received 512 bytes back
Round trip time was 26.112 milliseconds in repetition 117
tcp_ping received 512 bytes back
Round trip time was 26.3177 milliseconds in repetition 118
tcp_ping received 512 bytes back
Round trip time was 26.0913 milliseconds in repetition 119
tcp_ping received 512 bytes back
Round trip time was 27.0326 milliseconds in repetition 120
tcp_ping received 512 bytes back
Round trip time was 26.4311 milliseconds in repetition 121
tcp_ping received 512 bytes back
Round trip time was 25.5617 milliseconds in repetition 122
tcp_ping received 512 bytes back
Round trip time was 26.5417 milliseconds in repetition 123
tcp_ping received 512 bytes back
Round trip time was 26.4922 milliseconds in repetition 124
tcp_ping received 512 bytes back
Round trip time was 27.8171 milliseconds in repetition 125
tcp_ping received 512 bytes back
Round trip time was 26.1796 milliseconds in repetition 126
tcp_ping received 512 bytes back
Round trip time was 26.5112 milliseconds in repetition 127
tcp_ping received 512 bytes back
Round trip time was 26.5571 milliseconds in repetition 128
tcp_ping received 512 bytes back
Round trip time was 27.8451 milliseconds in repetition 129
tcp_ping received 512 bytes back
Round trip time was 26.2492 milliseconds in repetition 130
tcp_ping received 512 bytes back
Round trip time was 26.8301 milliseconds in repetition 131
tcp_ping received 512 bytes back
Round trip time was 26.5476 milliseconds in repetition 132
tcp_ping received 512 bytes back
Round trip time was 26.0978 milliseconds in repetition 133
tcp_ping received 512 bytes back
Round trip time was 26.3328 milliseconds in repetition 134
tcp_ping received 512 bytes back
Round trip time was 26.2327 milliseconds in repetition 135
tcp_ping received 512 bytes back
Round trip time was 27.6296 milliseconds in repetition 136
tcp_ping received 512 bytes back
Round trip time was 26.67 milliseconds in repetition 137
tcp_ping received 512 bytes back
Round trip time was 27.5871 milliseconds in repetition 138
tcp_ping received 512 bytes back
Round trip time was 26.6411 milliseconds in repetition 139
tcp_ping received 512 bytes back
Round trip time was 26.4077 milliseconds in repetition 140
tcp_ping received 512 bytes back
Round trip time was 25.8035 milliseconds in repetition 141
tcp_ping received 512 bytes back
Round trip time was 26.1812 milliseconds in repetition 142
tcp_ping received 512 bytes back
Round trip time was 28.3682 milliseconds in repetition 143
tcp_ping received 512 bytes back
Round trip time was 26.2627 milliseconds in repetition 144
tcp_ping received 512 bytes back
Round trip time was 26.8465 milliseconds in repetition 145
tcp_ping received 512 bytes back
Round trip time was 27.4337 milliseconds in repetition 146
tcp_ping received 512 bytes back
Round trip time was 26.0074 milliseconds in repetition 147
tcp_ping received 512 bytes back
Round trip time was 27.7908 milliseconds in repetition 148
tcp_ping received 512 bytes back
Round trip time was 26.7439 milliseconds in repetition 149
tcp_ping received 512 bytes back
Round trip time was 26.3089 milliseconds in repetition 150
tcp_ping received 512 bytes back
Round trip time was 25.8555 milliseconds in repetition 151
tcp_ping received 512 bytes back
Round trip time was 26.2261 milliseconds in repetition 152
tcp_ping received 512 bytes back
Round trip time was 26.2686 milliseconds in repetition 153
tcp_ping received 512 bytes back
Round trip time was 27.0562 milliseconds in repetition 154
tcp_ping received 512 bytes back
Round trip time was 26.5647 milliseconds in repetition 155
tcp_ping received 512 bytes back
Round trip time was 27.1205 milliseconds in repetition 156
tcp_ping received 512 bytes back
Round trip time was 26.4795 milliseconds in repetition 157
tcp_ping received 512 bytes back
Round trip time was 27.3008 milliseconds in repetition 158
tcp_ping received 512 bytes back
Round trip time was 26.7936 milliseconds in repetition 159
tcp_ping received 512 bytes back
Round trip time was 28.8542 milliseconds in repetition 160
tcp_ping received 512 bytes back
Round trip time was 26.1293 milliseconds in repetition 161
tcp_ping received 512 bytes back
Round trip time was 26.0949 milliseconds in repetition 162
tcp_ping received 512 bytes back
Round trip time was 25.6927 milliseconds in repetition 163
tcp_ping received 512 bytes back
Round trip time was 26.4386 milliseconds in repetition 164
tcp_ping received 512 bytes back
Round trip time was 26.3389 milliseconds in repetition 165
tcp_ping received 512 bytes back
Round trip time was 28.0875 milliseconds in repetition 166
tcp_ping received 512 bytes back
Round trip time was 27.1704 milliseconds in repetition 167
tcp_ping received 512 bytes back
Round trip time was 26.65 milliseconds in repetition 168
tcp_ping received 512 bytes back
Round trip time was 27.1536 milliseconds in repetition 169
tcp_ping received 512 bytes back
Round trip time was 26.5833 milliseconds in repetition 170
tcp_ping received 512 bytes back
Round trip time was 26.7629 milliseconds in repetition 171
tcp_ping received 512 bytes back
Round trip time was 27.3836 milliseconds in repetition 172
tcp_ping received 512 bytes back
Round trip time was 32.5169 milliseconds in repetition 173
tcp_ping received 512 bytes back
Round trip time was 27.5231 milliseconds in repetition 174
tcp_ping received 512 bytes back
Round trip time was 28.3734 milliseconds in repetition 175
tcp_ping received 512 bytes back
Round trip time was 26.2724 milliseconds in repetition 176
tcp_ping received 512 bytes back
Round trip time was 27.7917 milliseconds in repetition 177
tcp_ping received 512 bytes back
Round trip time was 26.5341 milliseconds in repetition 178
tcp_ping received 512 bytes back
Round trip time was 26.5434 milliseconds in repetition 179
tcp_ping received 512 bytes back
Round trip time was 27.6201 milliseconds in repetition 180
tcp_ping received 512 bytes back
Round trip time was 26.3279 milliseconds in repetition 181
tcp_ping received 512 bytes back
Round trip time was 28.9226 milliseconds in repetition 182
tcp_ping received 512 bytes back
Round trip time was 27.5328 milliseconds in repetition 183
tcp_ping received 512 bytes back
Round trip time was 26.9734 milliseconds in repetition 184
tcp_ping received 512 bytes back
Round trip time was 26.7147 milliseconds in repetition 185
tcp_ping received 512 bytes back
Round trip time was 26.3945 milliseconds in repetition 186
tcp_ping received 512 bytes back
Round trip time was 26.2392 milliseconds in repetition 187
tcp_ping received 512 bytes back
Round trip time was 26.1159 milliseconds in repetition 188
tcp_ping received 512 bytes back
Round trip time was 28.6741 milliseconds in repetition 189
tcp_ping received 512 bytes back
Round trip time was 27.4065 milliseconds in repetition 190
tcp_ping received 512 bytes back
Round trip time was 27.3888 milliseconds in repetition 191
tcp_ping received 512 bytes back
Round trip time was 27.0053 milliseconds in repetition 192
tcp_ping received 512 bytes back
Round trip time was 34.2768 milliseconds in repetition 193
tcp_ping received 512 bytes back
Round trip time was 28.3465 milliseconds in repetition 194
tcp_ping received 512 bytes back
Round trip time was 28.093 milliseconds in repetition 195
tcp_ping received 512 bytes back
Round trip time was 26.9367 milliseconds in repetition 196
tcp_ping received 512 bytes back
Round trip time was 25.6349 milliseconds in repetition 197
tcp_ping received 512 bytes back
Round trip time was 25.3788 milliseconds in repetition 198
tcp_ping received 512 bytes back
Round trip time was 25.6523 milliseconds in repetition 199
tcp_ping received 512 bytes back
Round trip time was 26.3383 milliseconds in repetition 200
tcp_ping received 512 bytes back
Round trip time was 26.1707 milliseconds in repetition 201
tcp_ping received 512 bytes back
Round trip time was 26.415 milliseconds in repetition 202
tcp_ping received 512 bytes back
Round trip time was 26.6776 milliseconds in repetition 203
tcp_ping received 512 bytes back
Round trip time was 26.2473 milliseconds in repetition 204
tcp_ping received 512 bytes back
Round trip time was 25.8088 milliseconds in repetition 205
tcp_ping received 512 bytes back
Round trip time was 28.1575 milliseconds in repetition 206
tcp_ping received 512 bytes back
Round trip time was 27.0845 milliseconds in repetition 207
tcp_ping received 512 bytes back
Round trip time was 26.6995 milliseconds in repetition 208
tcp_ping received 512 bytes back
Round trip time was 27.4766 milliseconds in repetition 209
tcp_ping received 512 bytes back
Round trip time was 26.1877 milliseconds in repetition 210
tcp_ping received 512 bytes back
Round trip time was 28.0402 milliseconds in repetition 211
tcp_ping received 512 bytes back
Round trip time was 31.5062 milliseconds in repetition 212
tcp_ping received 512 bytes back
Round trip time was 26.406 milliseconds in repetition 213
tcp_ping received 512 bytes back
Round trip time was 26.1221 milliseconds in repetition 214
tcp_ping received 512 bytes back
Round trip time was 26.3886 milliseconds in repetition 215
tcp_ping received 512 bytes back
Round trip time was 27.9145 milliseconds in repetition 216
tcp_ping received 512 bytes back
Round trip time was 29.8395 milliseconds in repetition 217
tcp_ping received 512 bytes back
Round trip time was 26.1663 milliseconds in repetition 218
tcp_ping received 512 bytes back
Round trip time was 26.2043 milliseconds in repetition 219
tcp_ping received 512 bytes back
Round trip time was 26.6915 milliseconds in repetition 220
tcp_ping received 512 bytes back
Round trip time was 27.3723 milliseconds in repetition 221
tcp_ping received 512 bytes back
Round trip time was 25.8709 milliseconds in repetition 222
tcp_ping received 512 bytes back
Round trip time was 27.5074 milliseconds in repetition 223
tcp_ping received 512 bytes back
Round trip time was 26.4012 milliseconds in repetition 224
tcp_ping received 512 bytes back
Round trip time was 26.8573 milliseconds in repetition 225
tcp_ping received 512 bytes back
Round trip time was 26.7808 milliseconds in repetition 226
tcp_ping received 512 bytes back
Round trip time was 26.567 milliseconds in repetition 227
tcp_ping received 512 bytes back
Round trip time was 26.6711 milliseconds in repetition 228
tcp_ping received 512 bytes back
Round trip time was 26.4688 milliseconds in repetition 229
tcp_ping received 512 bytes back
Round trip time was 28.6025 milliseconds in repetition 230
tcp_ping received 512 bytes back
Round trip time was 28.1843 milliseconds in repetition 231
tcp_ping received 512 bytes back
Round trip time was 26.3223 milliseconds in repetition 232
tcp_ping received 512 bytes back
Round trip time was 26.1432 milliseconds in repetition 233
tcp_ping received 512 bytes back
Round trip time was 27.0037 milliseconds in repetition 234
tcp_ping received 512 bytes back
Round trip time was 26.2655 milliseconds in repetition 235
tcp_ping received 512 bytes back
Round trip time was 25.8923 milliseconds in repetition 236
tcp_ping received 512 bytes back
Round trip time was 26.956 milliseconds in repetition 237
tcp_ping received 512 bytes back
Round trip time was 26.1153 milliseconds in repetition 238
tcp_ping received 512 bytes back
Round trip time was 26.627 milliseconds in repetition 239
tcp_ping received 512 bytes back
Round trip time was 27.4523 milliseconds in repetition 240
tcp_ping received 512 bytes back
Round trip time was 26.2151 milliseconds in repetition 241
tcp_ping received 512 bytes back
Round trip time was 26.5207 milliseconds in repetition 242
tcp_ping received 512 bytes back
Round trip time was 28.5026 milliseconds in repetition 243
tcp_ping received 512 bytes back
Round trip time was 27.0707 milliseconds in repetition 244
tcp_ping received 512 bytes back
Round trip time was 27.7692 milliseconds in repetition 245
tcp_ping received 512 bytes back
Round trip time was 27.4901 milliseconds in repetition 246
tcp_ping received 512 bytes back
Round trip time was 27.7431 milliseconds in repetition 247
tcp_ping received 512 bytes back
Round trip time was 27.5614 milliseconds in repetition 248
tcp_ping received 512 bytes back
Round trip time was 26.2595 milliseconds in repetition 249
tcp_ping received 512 bytes back
Round trip time was 26.238 milliseconds in repetition 250
tcp_ping received 512 bytes back
Round trip time was 26.0452 milliseconds in repetition 251
tcp_ping received 512 bytes back
Round trip time was 27.3601 milliseconds in repetition 252
tcp_ping received 512 bytes back
Round trip time was 27.6627 milliseconds in repetition 253
tcp_ping received 512 bytes back
Round trip time was 27.0812 milliseconds in repetition 254
tcp_ping received 512 bytes back
Round trip time was 30.4062 milliseconds in repetition 255
tcp_ping received 512 bytes back
Round trip time was 26.8612 milliseconds in repetition 256
tcp_ping received 512 bytes back
Round trip time was 26.9011 milliseconds in repetition 257
tcp_ping received 512 bytes back
Round trip time was 26.1161 milliseconds in repetition 258
tcp_ping received 512 bytes back
Round trip time was 26.5386 milliseconds in repetition 259
tcp_ping received 512 bytes back
Round trip time was 27.0927 milliseconds in repetition 260
tcp_ping received 512 bytes back
Round trip time was 26.0299 milliseconds in repetition 261
tcp_ping received 512 bytes back
Round trip time was 26.5544 milliseconds in repetition 262
tcp_ping received 512 bytes back
Round trip time was 26.3683 milliseconds in repetition 263
tcp_ping received 512 bytes back
Round trip time was 27.1754 milliseconds in repetition 264
tcp_ping received 512 bytes back
Round trip time was 26.2364 milliseconds in repetition 265
tcp_ping received 512 bytes back
Round trip time was 26.0552 milliseconds in repetition 266
tcp_ping received 512 bytes back
Round trip time was 25.767 milliseconds in repetition 267
tcp_ping received 512 bytes back
Round trip time was 27.4441 milliseconds in repetition 268
tcp_ping received 512 bytes back
Round trip time was 27.6567 milliseconds in repetition 269
tcp_ping received 512 bytes back
Round trip time was 26.8368 milliseconds in repetition 270
tcp_ping received 512 bytes back
Round trip time was 26.6059 milliseconds in repetition 271
tcp_ping received 512 bytes back
Round trip time was 26.2336 milliseconds in repetition 272
tcp_ping received 512 bytes back
Round trip time was 27.2235 milliseconds in repetition 273
tcp_ping received 512 bytes back
Round trip time was 26.6341 milliseconds in repetition 274
tcp_ping received 512 bytes back
Round trip time was 28.2343 milliseconds in repetition 275
tcp_ping received 512 bytes back
Round trip time was 28.4575 milliseconds in repetition 276
tcp_ping received 512 bytes back
Round trip time was 26.8983 milliseconds in repetition 277
tcp_ping received 512 bytes back
Round trip time was 25.9188 milliseconds in repetition 278
tcp_ping received 512 bytes back
Round trip time was 27.0107 milliseconds in repetition 279
tcp_ping received 512 bytes back
Round trip time was 33.5854 milliseconds in repetition 280
tcp_ping received 512 bytes back
Round trip time was 25.8079 milliseconds in repetition 281
tcp_ping received 512 bytes back
Round trip time was 26.0445 milliseconds in repetition 282
tcp_ping received 512 bytes back
Round trip time was 28.288 milliseconds in repetition 283
tcp_ping received 512 bytes back
Round trip time was 26.0463 milliseconds in repetition 284
tcp_ping received 512 bytes back
Round trip time was 26.118 milliseconds in repetition 285
tcp_ping received 512 bytes back
Round trip time was 25.9694 milliseconds in repetition 286
tcp_ping received 512 bytes back
Round trip time was 25.8126 milliseconds in repetition 287
tcp_ping received 512 bytes back
Round trip time was 26.3611 milliseconds in repetition 288
tcp_ping received 512 bytes back
Round trip time was 27.2052 milliseconds in repetition 289
tcp_ping received 512 bytes back
Round trip time was 31.9173 milliseconds in repetition 290
tcp_ping received 512 bytes back
Round trip time was 26.235 milliseconds in repetition 291
tcp_ping received 512 bytes back
Round trip time was 27.2652 milliseconds in repetition 292
tcp_ping received 512 bytes back
Round trip time was 27.6213 milliseconds in repetition 293
tcp_ping received 512 bytes back
Round trip time was 26.3912 milliseconds in repetition 294
tcp_ping received 512 bytes back
Round trip time was 26.3268 milliseconds in repetition 295
tcp_ping received 512 bytes back
Round trip time was 26.4765 milliseconds in repetition 296
tcp_ping received 512 bytes back
Round trip time was 25.8392 milliseconds in repetition 297
tcp_ping received 512 bytes back
Round trip time was 26.8344 milliseconds in repetition 298
tcp_ping received 512 bytes back
Round trip time was 26.0363 milliseconds in repetition 299
tcp_ping received 512 bytes back
Round trip time was 27.9172 milliseconds in repetition 300
tcp_ping received 512 bytes back
Round trip time was 27.9749 milliseconds in repetition 301
tcp_ping received 512 bytes back
Round trip time was 26.1569 milliseconds in repetition 302
tcp_ping received 512 bytes back
Round trip time was 27.1902 milliseconds in repetition 303
tcp_ping received 512 bytes back
Round trip time was 29.1078 milliseconds in repetition 304
tcp_ping received 512 bytes back
Round trip time was 26.4728 milliseconds in repetition 305
tcp_ping received 512 bytes back
Round trip time was 26.7138 milliseconds in repetition 306
tcp_ping received 512 bytes back
Round trip time was 27.1758 milliseconds in repetition 307
tcp_ping received 512 bytes back
Round trip time was 27.1511 milliseconds in repetition 308
tcp_ping received 512 bytes back
Round trip time was 26.0308 milliseconds in repetition 309
tcp_ping received 512 bytes back
Round trip time was 25.8964 milliseconds in repetition 310
tcp_ping received 512 bytes back
Round trip time was 26.1237 milliseconds in repetition 311
tcp_ping received 512 bytes back
Round trip time was 26.8013 milliseconds in repetition 312
tcp_ping received 512 bytes back
Round trip time was 27.4001 milliseconds in repetition 313
tcp_ping received 512 bytes back
Round trip time was 27.5316 milliseconds in repetition 314
tcp_ping received 512 bytes back
Round trip time was 26.9282 milliseconds in repetition 315
tcp_ping received 512 bytes back
Round trip time was 26.3869 milliseconds in repetition 316
tcp_ping received 512 bytes back
Round trip time was 26.582 milliseconds in repetition 317
tcp_ping received 512 bytes back
Round trip time was 26.9104 milliseconds in repetition 318
tcp_ping received 512 bytes back
Round trip time was 28.4032 milliseconds in repetition 319
tcp_ping received 512 bytes back
Round trip time was 34.2879 milliseconds in repetition 320
tcp_ping received 512 bytes back
Round trip time was 26.4753 milliseconds in repetition 321
tcp_ping received 512 bytes back
Round trip time was 27.8378 milliseconds in repetition 322
tcp_ping received 512 bytes back
Round trip time was 26.917 milliseconds in repetition 323
tcp_ping received 512 bytes back
Round trip time was 27.9726 milliseconds in repetition 324
tcp_ping received 512 bytes back
Round trip time was 28.8959 milliseconds in repetition 325
tcp_ping received 512 bytes back
Round trip time was 27.3809 milliseconds in repetition 326
tcp_ping received 512 bytes back
Round trip time was 27.7866 milliseconds in repetition 327
tcp_ping received 512 bytes back
Round trip time was 26.0782 milliseconds in repetition 328
tcp_ping received 512 bytes back
Round trip time was 26.3612 milliseconds in repetition 329
tcp_ping received 512 bytes back
Round trip time was 28.6704 milliseconds in repetition 330
tcp_ping received 512 bytes back
Round trip time was 26.987 milliseconds in repetition 331
tcp_ping received 512 bytes back
Round trip time was 26.2386 milliseconds in repetition 332
tcp_ping received 512 bytes back
Round trip time was 26.6813 milliseconds in repetition 333
tcp_ping received 512 bytes back
Round trip time was 26.2605 milliseconds in repetition 334
tcp_ping received 512 bytes back
Round trip time was 26.5565 milliseconds in repetition 335
tcp_ping received 512 bytes back
Round trip time was 26.1702 milliseconds in repetition 336
tcp_ping received 512 bytes back
Round trip time was 26.8343 milliseconds in repetition 337
tcp_ping received 512 bytes back
Round trip time was 26.4098 milliseconds in repetition 338
tcp_ping received 512 bytes back
Round trip time was 26.3231 milliseconds in repetition 339
tcp_ping received 512 bytes back
Round trip time was 26.1226 milliseconds in repetition 340
tcp_ping received 512 bytes back
Round trip time was 25.7423 milliseconds in repetition 341
tcp_ping received 512 bytes back
Round trip time was 27.0969 milliseconds in repetition 342
tcp_ping received 512 bytes back
Round trip time was 27.0935 milliseconds in repetition 343
tcp_ping received 512 bytes back
Round trip time was 29.4977 milliseconds in repetition 344
tcp_ping received 512 bytes back
Round trip time was 26.2548 milliseconds in repetition 345
tcp_ping received 512 bytes back
Round trip time was 26.4018 milliseconds in repetition 346
tcp_ping received 512 bytes back
Round trip time was 26.7294 milliseconds in repetition 347
tcp_ping received 512 bytes back
Round trip time was 27.062 milliseconds in repetition 348
tcp_ping received 512 bytes back
Round trip time was 26.4982 milliseconds in repetition 349
tcp_ping received 512 bytes back
Round trip time was 28.2477 milliseconds in repetition 350
tcp_ping received 512 bytes back
Round trip time was 25.8762 milliseconds in repetition 351
tcp_ping received 512 bytes back
Round trip time was 25.7319 milliseconds in repetition 352
tcp_ping received 512 bytes back
Round trip time was 25.7589 milliseconds in repetition 353
tcp_ping received 512 bytes back
Round trip time was 26.2305 milliseconds in repetition 354
tcp_ping received 512 bytes back
Round trip time was 27.1474 milliseconds in repetition 355
tcp_ping received 512 bytes back
Round trip time was 25.7238 milliseconds in repetition 356
tcp_ping received 512 bytes back
Round trip time was 26.2604 milliseconds in repetition 357
tcp_ping received 512 bytes back
Round trip time was 27.2454 milliseconds in repetition 358
tcp_ping received 512 bytes back
Round trip time was 26.2486 milliseconds in repetition 359
tcp_ping received 512 bytes back
Round trip time was 26.4758 milliseconds in repetition 360
tcp_ping received 512 bytes back
Round trip time was 27.0379 milliseconds in repetition 361
tcp_ping received 512 bytes back
Round trip time was 28.2647 milliseconds in repetition 362
tcp_ping received 512 bytes back
Round trip time was 26.4351 milliseconds in repetition 363
tcp_ping received 512 bytes back
Round trip time was 26.2453 milliseconds in repetition 364
tcp_ping received 512 bytes back
Round trip time was 25.9951 milliseconds in repetition 365
tcp_ping received 512 bytes back
Round trip time was 26.2257 milliseconds in repetition 366
tcp_ping received 512 bytes back
Round trip time was 29.996 milliseconds in repetition 367
tcp_ping received 512 bytes back
Round trip time was 26.6091 milliseconds in repetition 368
tcp_ping received 512 bytes back
Round trip time was 26.2976 milliseconds in repetition 369
tcp_ping received 512 bytes back
Round trip time was 26.7327 milliseconds in repetition 370
tcp_ping received 512 bytes back
Round trip time was 26.2687 milliseconds in repetition 371
tcp_ping received 512 bytes back
Round trip time was 26.8895 milliseconds in repetition 372
tcp_ping received 512 bytes back
Round trip time was 26.4366 milliseconds in repetition 373
tcp_ping received 512 bytes back
Round trip time was 26.1083 milliseconds in repetition 374
tcp_ping received 512 bytes back
Round trip time was 26.7578 milliseconds in repetition 375
tcp_ping received 512 bytes back
Round trip time was 27.7592 milliseconds in repetition 376
tcp_ping received 512 bytes back
Round trip time was 27.11 milliseconds in repetition 377
tcp_ping received 512 bytes back
Round trip time was 26.7603 milliseconds in repetition 378
tcp_ping received 512 bytes back
Round trip time was 26.8887 milliseconds in repetition 379
tcp_ping received 512 bytes back
Round trip time was 25.946 milliseconds in repetition 380
tcp_ping received 512 bytes back
Round trip time was 26.3366 milliseconds in repetition 381
tcp_ping received 512 bytes back
Round trip time was 34.2482 milliseconds in repetition 382
tcp_ping received 512 bytes back
Round trip time was 27.5293 milliseconds in repetition 383
tcp_ping received 512 bytes back
Round trip time was 26.4326 milliseconds in repetition 384
tcp_ping received 512 bytes back
Round trip time was 26.1826 milliseconds in repetition 385
tcp_ping received 512 bytes back
Round trip time was 26.3762 milliseconds in repetition 386
tcp_ping received 512 bytes back
Round trip time was 26.3325 milliseconds in repetition 387
tcp_ping received 512 bytes back
Round trip time was 27.5588 milliseconds in repetition 388
tcp_ping received 512 bytes back
Round trip time was 27.1148 milliseconds in repetition 389
tcp_ping received 512 bytes back
Round trip time was 31.5956 milliseconds in repetition 390
tcp_ping received 512 bytes back
Round trip time was 26.8164 milliseconds in repetition 391
tcp_ping received 512 bytes back
Round trip time was 27.279 milliseconds in repetition 392
tcp_ping received 512 bytes back
Round trip time was 26.8998 milliseconds in repetition 393
tcp_ping received 512 bytes back
Round trip time was 26.5555 milliseconds in repetition 394
tcp_ping received 512 bytes back
Round trip time was 26.3627 milliseconds in repetition 395
tcp_ping received 512 bytes back
Round trip time was 26.0727 milliseconds in repetition 396
tcp_ping received 512 bytes back
Round trip time was 25.9581 milliseconds in repetition 397
tcp_ping received 512 bytes back
Round trip time was 26.1574 milliseconds in repetition 398
tcp_ping received 512 bytes back
Round trip time was 26.249 milliseconds in repetition 399
tcp_ping received 512 bytes back
Round trip time was 26.4294 milliseconds in repetition 400
tcp_ping received 512 bytes back
Round trip time was 26.8033 milliseconds in repetition 401
tcp_ping received 512 bytes back
Round trip time was 31.5476 milliseconds in repetition 402
tcp_ping received 512 bytes back
Round trip time was 27.6051 milliseconds in repetition 403
tcp_ping received 512 bytes back
Round trip time was 31.4723 milliseconds in repetition 404
tcp_ping received 512 bytes back
Round trip time was 26.4086 milliseconds in repetition 405
tcp_ping received 512 bytes back
Round trip time was 25.6696 milliseconds in repetition 406
tcp_ping received 512 bytes back
Round trip time was 28.1047 milliseconds in repetition 407
tcp_ping received 512 bytes back
Round trip time was 27.9257 milliseconds in repetition 408
tcp_ping received 512 bytes back
Round trip time was 26.4315 milliseconds in repetition 409
tcp_ping received 512 bytes back
Round trip time was 26.4853 milliseconds in repetition 410
tcp_ping received 512 bytes back
Round trip time was 26.2741 milliseconds in repetition 411
tcp_ping received 512 bytes back
Round trip time was 26.1581 milliseconds in repetition 412
tcp_ping received 512 bytes back
Round trip time was 28.4394 milliseconds in repetition 413
tcp_ping received 512 bytes back
Round trip time was 28.2722 milliseconds in repetition 414
tcp_ping received 512 bytes back
Round trip time was 27.2406 milliseconds in repetition 415
tcp_ping received 512 bytes back
Round trip time was 29.401 milliseconds in repetition 416
tcp_ping received 512 bytes back
Round trip time was 32.3189 milliseconds in repetition 417
tcp_ping received 512 bytes back
Round trip time was 26.1405 milliseconds in repetition 418
tcp_ping received 512 bytes back
Round trip time was 27.2942 milliseconds in repetition 419
tcp_ping received 512 bytes back
Round trip time was 29.1222 milliseconds in repetition 420
tcp_ping received 512 bytes back
Round trip time was 26.4399 milliseconds in repetition 421
tcp_ping received 512 bytes back
Round trip time was 26.2257 milliseconds in repetition 422
tcp_ping received 512 bytes back
Round trip time was 26.8259 milliseconds in repetition 423
tcp_ping received 512 bytes back
Round trip time was 26.3872 milliseconds in repetition 424
tcp_ping received 512 bytes back
Round trip time was 26.035 milliseconds in repetition 425
tcp_ping received 512 bytes back
Round trip time was 26.1201 milliseconds in repetition 426
tcp_ping received 512 bytes back
Round trip time was 25.4817 milliseconds in repetition 427
tcp_ping received 512 bytes back
Round trip time was 25.3717 milliseconds in repetition 428
tcp_ping received 512 bytes back
Round trip time was 27.2357 milliseconds in repetition 429
tcp_ping received 512 bytes back
Round trip time was 68.2771 milliseconds in repetition 430
tcp_ping received 512 bytes back
Round trip time was 29.2104 milliseconds in repetition 431
tcp_ping received 512 bytes back
Round trip time was 26.2402 milliseconds in repetition 432
tcp_ping received 512 bytes back
Round trip time was 26.165 milliseconds in repetition 433
tcp_ping received 512 bytes back
Round trip time was 25.7635 milliseconds in repetition 434
tcp_ping received 512 bytes back
Round trip time was 25.8003 milliseconds in repetition 435
tcp_ping received 512 bytes back
Round trip time was 32.3242 milliseconds in repetition 436
tcp_ping received 512 bytes back
Round trip time was 26.1909 milliseconds in repetition 437
tcp_ping received 512 bytes back
Round trip time was 25.8327 milliseconds in repetition 438
tcp_ping received 512 bytes back
Round trip time was 26.2013 milliseconds in repetition 439
tcp_ping received 512 bytes back
Round trip time was 26.2147 milliseconds in repetition 440
tcp_ping received 512 bytes back
Round trip time was 26.5915 milliseconds in repetition 441
tcp_ping received 512 bytes back
Round trip time was 26.1793 milliseconds in repetition 442
tcp_ping received 512 bytes back
Round trip time was 26.2802 milliseconds in repetition 443
tcp_ping received 512 bytes back
Round trip time was 27.0831 milliseconds in repetition 444
tcp_ping received 512 bytes back
Round trip time was 26.5215 milliseconds in repetition 445
tcp_ping received 512 bytes back
Round trip time was 27.1804 milliseconds in repetition 446
tcp_ping received 512 bytes back
Round trip time was 30.2178 milliseconds in repetition 447
tcp_ping received 512 bytes back
Round trip time was 29.7555 milliseconds in repetition 448
tcp_ping received 512 bytes back
Round trip time was 29.1421 milliseconds in repetition 449
tcp_ping received 512 bytes back
Round trip time was 26.4198 milliseconds in repetition 450
tcp_ping received 512 bytes back
Round trip time was 25.847 milliseconds in repetition 451
tcp_ping received 512 bytes back
Round trip time was 29.2104 milliseconds in repetition 452
tcp_ping received 512 bytes back
Round trip time was 26.2452 milliseconds in repetition 453
tcp_ping received 512 bytes back
Round trip time was 27.0015 milliseconds in repetition 454
tcp_ping received 512 bytes back
Round trip time was 26.2483 milliseconds in repetition 455
tcp_ping received 512 bytes back
Round trip time was 26.5075 milliseconds in repetition 456
tcp_ping received 512 bytes back
Round trip time was 26.4543 milliseconds in repetition 457
tcp_ping received 512 bytes back
Round trip time was 26.4075 milliseconds in repetition 458
tcp_ping received 512 bytes back
Round trip time was 27.5692 milliseconds in repetition 459
tcp_ping received 512 bytes back
Round trip time was 26.8609 milliseconds in repetition 460
tcp_ping received 512 bytes back
Round trip time was 26.3542 milliseconds in repetition 461
tcp_ping received 512 bytes back
Round trip time was 27.8511 milliseconds in repetition 462
tcp_ping received 512 bytes back
Round trip time was 26.6528 milliseconds in repetition 463
tcp_ping received 512 bytes back
Round trip time was 26.7738 milliseconds in repetition 464
tcp_ping received 512 bytes back
Round trip time was 28.3686 milliseconds in repetition 465
tcp_ping received 512 bytes back
Round trip time was 25.7875 milliseconds in repetition 466
tcp_ping received 512 bytes back
Round trip time was 26.5197 milliseconds in repetition 467
tcp_ping received 512 bytes back
Round trip time was 26.0099 milliseconds in repetition 468
tcp_ping received 512 bytes back
Round trip time was 25.8509 milliseconds in repetition 469
tcp_ping received 512 bytes back
Round trip time was 27.1895 milliseconds in repetition 470
tcp_ping received 512 bytes back
Round trip time was 27.7076 milliseconds in repetition 471
tcp_ping received 512 bytes back
Round trip time was 25.5733 milliseconds in repetition 472
tcp_ping received 512 bytes back
Round trip time was 29.8974 milliseconds in repetition 473
tcp_ping received 512 bytes back
Round trip time was 26.3628 milliseconds in repetition 474
tcp_ping received 512 bytes back
Round trip time was 26.282 milliseconds in repetition 475
tcp_ping received 512 bytes back
Round trip time was 26.21 milliseconds in repetition 476
tcp_ping received 512 bytes back
Round trip time was 26.8627 milliseconds in repetition 477
tcp_ping received 512 bytes back
Round trip time was 26.2568 milliseconds in repetition 478
tcp_ping received 512 bytes back
Round trip time was 26.1325 milliseconds in repetition 479
tcp_ping received 512 bytes back
Round trip time was 26.5398 milliseconds in repetition 480
tcp_ping received 512 bytes back
Round trip time was 27.5071 milliseconds in repetition 481
tcp_ping received 512 bytes back
Round trip time was 26.3101 milliseconds in repetition 482
tcp_ping received 512 bytes back
Round trip time was 25.6844 milliseconds in repetition 483
tcp_ping received 512 bytes back
Round trip time was 26.0638 milliseconds in repetition 484
tcp_ping received 512 bytes back
Round trip time was 29.1527 milliseconds in repetition 485
tcp_ping received 512 bytes back
Round trip time was 31.274 milliseconds in repetition 486
tcp_ping received 512 bytes back
Round trip time was 26.5527 milliseconds in repetition 487
tcp_ping received 512 bytes back
Round trip time was 27.8389 milliseconds in repetition 488
tcp_ping received 512 bytes back
Round trip time was 30.3906 milliseconds in repetition 489
tcp_ping received 512 bytes back
Round trip time was 26.3833 milliseconds in repetition 490
tcp_ping received 512 bytes back
Round trip time was 26.0436 milliseconds in repetition 491
tcp_ping received 512 bytes back
Round trip time was 27.5177 milliseconds in repetition 492
tcp_ping received 512 bytes back
Round trip time was 26.5904 milliseconds in repetition 493
tcp_ping received 512 bytes back
Round trip time was 26.5755 milliseconds in repetition 494
tcp_ping received 512 bytes back
Round trip time was 26.9637 milliseconds in repetition 495
tcp_ping received 512 bytes back
Round trip time was 26.1566 milliseconds in repetition 496
tcp_ping received 512 bytes back
Round trip time was 26.0396 milliseconds in repetition 497
tcp_ping received 512 bytes back
Round trip time was 26.1967 milliseconds in repetition 498
tcp_ping received 512 bytes back
Round trip time was 28.6424 milliseconds in repetition 499
tcp_ping received 512 bytes back
Round trip time was 32.5301 milliseconds in repetition 500
tcp_ping received 512 bytes back
Round trip time was 26.5635 milliseconds in repetition 501

 ... clock resolution was 1e-06
TCP Ping:  Statistics over 501 repetitions of 512 byte messages

RTT : percentile 10: 26.031, median: 26.6711, percentile 90: 28.6424, average: 27.3595, variance: 13.6354

RTT histogram:
25.3717 274
28.2487 195
31.1256 24
34.0026 5
36.8796 0
39.7566 0
42.6335 0
45.5105 0
48.3875 0
51.2645 0
54.1414 0
57.0184 0
59.8954 1
62.7724 0
65.6493 0
68.5263 1
71.4033 0
74.2803 0
77.1572 0
80.0342 0
82.9112 1

   median Throughput : 38.3936 KB/s   overall Throughput : 37.4275 KB/s

