TCP Ping trying to connect to server seti.dibris.unige.it (130.251.61.30) on port 1491

... connected to Pong server: asking for 501 repetitions of 49152 bytes TCP messages
 ... Pong server agreed :-)
tcp_ping received 49152 bytes back
Round trip time was 162.444 milliseconds in repetition 1
tcp_ping received 49152 bytes back
Round trip time was 46.3043 milliseconds in repetition 2
tcp_ping received 49152 bytes back
Round trip time was 49.2927 milliseconds in repetition 3
tcp_ping received 49152 bytes back
Round trip time was 48.1674 milliseconds in repetition 4
tcp_ping received 49152 bytes back
Round trip time was 43.7994 milliseconds in repetition 5
tcp_ping received 49152 bytes back
Round trip time was 46.5932 milliseconds in repetition 6
tcp_ping received 49152 bytes back
Round trip time was 45.9023 milliseconds in repetition 7
tcp_ping received 49152 bytes back
Round trip time was 54.264 milliseconds in repetition 8
tcp_ping received 49152 bytes back
Round trip time was 45.9359 milliseconds in repetition 9
tcp_ping received 49152 bytes back
Round trip time was 48.1347 milliseconds in repetition 10
tcp_ping received 49152 bytes back
Round trip time was 47.4246 milliseconds in repetition 11
tcp_ping received 49152 bytes back
Round trip time was 46.8644 milliseconds in repetition 12
tcp_ping received 49152 bytes back
Round trip time was 47.2291 milliseconds in repetition 13
tcp_ping received 49152 bytes back
Round trip time was 35.8305 milliseconds in repetition 14
tcp_ping received 49152 bytes back
Round trip time was 47.447 milliseconds in repetition 15
tcp_ping received 49152 bytes back
Round trip time was 44.7795 milliseconds in repetition 16
tcp_ping received 49152 bytes back
Round trip time was 47.5094 milliseconds in repetition 17
tcp_ping received 49152 bytes back
Round trip time was 47.3098 milliseconds in repetition 18
tcp_ping received 49152 bytes back
Round trip time was 46.5194 milliseconds in repetition 19
tcp_ping received 49152 bytes back
Round trip time was 47.788 milliseconds in repetition 20
tcp_ping received 49152 bytes back
Round trip time was 44.2787 milliseconds in repetition 21
tcp_ping received 49152 bytes back
Round trip time was 51.9339 milliseconds in repetition 22
tcp_ping received 49152 bytes back
Round trip time was 47.897 milliseconds in repetition 23
tcp_ping received 49152 bytes back
Round trip time was 44.5521 milliseconds in repetition 24
tcp_ping received 49152 bytes back
Round trip time was 47.235 milliseconds in repetition 25
tcp_ping received 49152 bytes back
Round trip time was 34.483 milliseconds in repetition 26
tcp_ping received 49152 bytes back
Round trip time was 52.0652 milliseconds in repetition 27
tcp_ping received 49152 bytes back
Round trip time was 49.0272 milliseconds in repetition 28
tcp_ping received 49152 bytes back
Round trip time was 44.4099 milliseconds in repetition 29
tcp_ping received 49152 bytes back
Round trip time was 49.1098 milliseconds in repetition 30
tcp_ping received 49152 bytes back
Round trip time was 106.773 milliseconds in repetition 31
tcp_ping received 49152 bytes back
Round trip time was 49.4732 milliseconds in repetition 32
tcp_ping received 49152 bytes back
Round trip time was 54.5085 milliseconds in repetition 33
tcp_ping received 49152 bytes back
Round trip time was 47.5195 milliseconds in repetition 34
tcp_ping received 49152 bytes back
Round trip time was 45.2347 milliseconds in repetition 35
tcp_ping received 49152 bytes back
Round trip time was 47.2728 milliseconds in repetition 36
tcp_ping received 49152 bytes back
Round trip time was 48.6517 milliseconds in repetition 37
tcp_ping received 49152 bytes back
Round trip time was 45.7329 milliseconds in repetition 38
tcp_ping received 49152 bytes back
Round trip time was 59.7282 milliseconds in repetition 39
tcp_ping received 49152 bytes back
Round trip time was 48.1342 milliseconds in repetition 40
tcp_ping received 49152 bytes back
Round trip time was 47.0775 milliseconds in repetition 41
tcp_ping received 49152 bytes back
Round trip time was 45.0459 milliseconds in repetition 42
tcp_ping received 49152 bytes back
Round trip time was 46.7724 milliseconds in repetition 43
tcp_ping received 49152 bytes back
Round trip time was 45.5871 milliseconds in repetition 44
tcp_ping received 49152 bytes back
Round trip time was 44.5684 milliseconds in repetition 45
tcp_ping received 49152 bytes back
Round trip time was 44.8509 milliseconds in repetition 46
tcp_ping received 49152 bytes back
Round trip time was 45.2722 milliseconds in repetition 47
tcp_ping received 49152 bytes back
Round trip time was 47.6863 milliseconds in repetition 48
tcp_ping received 49152 bytes back
Round trip time was 46.898 milliseconds in repetition 49
tcp_ping received 49152 bytes back
Round trip time was 51.7282 milliseconds in repetition 50
tcp_ping received 49152 bytes back
Round trip time was 46.2776 milliseconds in repetition 51
tcp_ping received 49152 bytes back
Round trip time was 50.4678 milliseconds in repetition 52
tcp_ping received 49152 bytes back
Round trip time was 38.2206 milliseconds in repetition 53
tcp_ping received 49152 bytes back
Round trip time was 49.8622 milliseconds in repetition 54
tcp_ping received 49152 bytes back
Round trip time was 56.418 milliseconds in repetition 55
tcp_ping received 49152 bytes back
Round trip time was 45.6375 milliseconds in repetition 56
tcp_ping received 49152 bytes back
Round trip time was 46.1012 milliseconds in repetition 57
tcp_ping received 49152 bytes back
Round trip time was 50.162 milliseconds in repetition 58
tcp_ping received 49152 bytes back
Round trip time was 51.7245 milliseconds in repetition 59
tcp_ping received 49152 bytes back
Round trip time was 46.4068 milliseconds in repetition 60
tcp_ping received 49152 bytes back
Round trip time was 51.7311 milliseconds in repetition 61
tcp_ping received 49152 bytes back
Round trip time was 45.4821 milliseconds in repetition 62
tcp_ping received 49152 bytes back
Round trip time was 34.5002 milliseconds in repetition 63
tcp_ping received 49152 bytes back
Round trip time was 45.3284 milliseconds in repetition 64
tcp_ping received 49152 bytes back
Round trip time was 45.823 milliseconds in repetition 65
tcp_ping received 49152 bytes back
Round trip time was 46.6805 milliseconds in repetition 66
tcp_ping received 49152 bytes back
Round trip time was 46.8417 milliseconds in repetition 67
tcp_ping received 49152 bytes back
Round trip time was 47.9203 milliseconds in repetition 68
tcp_ping received 49152 bytes back
Round trip time was 47.547 milliseconds in repetition 69
tcp_ping received 49152 bytes back
Round trip time was 47.0842 milliseconds in repetition 70
tcp_ping received 49152 bytes back
Round trip time was 48.205 milliseconds in repetition 71
tcp_ping received 49152 bytes back
Round trip time was 47.7117 milliseconds in repetition 72
tcp_ping received 49152 bytes back
Round trip time was 47.5497 milliseconds in repetition 73
tcp_ping received 49152 bytes back
Round trip time was 49.3553 milliseconds in repetition 74
tcp_ping received 49152 bytes back
Round trip time was 47.2266 milliseconds in repetition 75
tcp_ping received 49152 bytes back
Round trip time was 50.3998 milliseconds in repetition 76
tcp_ping received 49152 bytes back
Round trip time was 46.2295 milliseconds in repetition 77
tcp_ping received 49152 bytes back
Round trip time was 43.3389 milliseconds in repetition 78
tcp_ping received 49152 bytes back
Round trip time was 45.3206 milliseconds in repetition 79
tcp_ping received 49152 bytes back
Round trip time was 44.68 milliseconds in repetition 80
tcp_ping received 49152 bytes back
Round trip time was 45.8823 milliseconds in repetition 81
tcp_ping received 49152 bytes back
Round trip time was 44.9554 milliseconds in repetition 82
tcp_ping received 49152 bytes back
Round trip time was 48.8846 milliseconds in repetition 83
tcp_ping received 49152 bytes back
Round trip time was 45.7274 milliseconds in repetition 84
tcp_ping received 49152 bytes back
Round trip time was 44.8516 milliseconds in repetition 85
tcp_ping received 49152 bytes back
Round trip time was 45.2596 milliseconds in repetition 86
tcp_ping received 49152 bytes back
Round trip time was 44.162 milliseconds in repetition 87
tcp_ping received 49152 bytes back
Round trip time was 47.9836 milliseconds in repetition 88
tcp_ping received 49152 bytes back
Round trip time was 49.0029 milliseconds in repetition 89
tcp_ping received 49152 bytes back
Round trip time was 44.5009 milliseconds in repetition 90
tcp_ping received 49152 bytes back
Round trip time was 45.3005 milliseconds in repetition 91
tcp_ping received 49152 bytes back
Round trip time was 48.0269 milliseconds in repetition 92
tcp_ping received 49152 bytes back
Round trip time was 47.1337 milliseconds in repetition 93
tcp_ping received 49152 bytes back
Round trip time was 46.3648 milliseconds in repetition 94
tcp_ping received 49152 bytes back
Round trip time was 46.4003 milliseconds in repetition 95
tcp_ping received 49152 bytes back
Round trip time was 48.7269 milliseconds in repetition 96
tcp_ping received 49152 bytes back
Round trip time was 49.4563 milliseconds in repetition 97
tcp_ping received 49152 bytes back
Round trip time was 43.5308 milliseconds in repetition 98
tcp_ping received 49152 bytes back
Round trip time was 48.3764 milliseconds in repetition 99
tcp_ping received 49152 bytes back
Round trip time was 49.5256 milliseconds in repetition 100
tcp_ping received 49152 bytes back
Round trip time was 46.1367 milliseconds in repetition 101
tcp_ping received 49152 bytes back
Round trip time was 49.8462 milliseconds in repetition 102
tcp_ping received 49152 bytes back
Round trip time was 50.7939 milliseconds in repetition 103
tcp_ping received 49152 bytes back
Round trip time was 50.8326 milliseconds in repetition 104
tcp_ping received 49152 bytes back
Round trip time was 47.0708 milliseconds in repetition 105
tcp_ping received 49152 bytes back
Round trip time was 50.5381 milliseconds in repetition 106
tcp_ping received 49152 bytes back
Round trip time was 47.0387 milliseconds in repetition 107
tcp_ping received 49152 bytes back
Round trip time was 45.0328 milliseconds in repetition 108
tcp_ping received 49152 bytes back
Round trip time was 51.2823 milliseconds in repetition 109
tcp_ping received 49152 bytes back
Round trip time was 49.1409 milliseconds in repetition 110
tcp_ping received 49152 bytes back
Round trip time was 46.2249 milliseconds in repetition 111
tcp_ping received 49152 bytes back
Round trip time was 47.0442 milliseconds in repetition 112
tcp_ping received 49152 bytes back
Round trip time was 48.4555 milliseconds in repetition 113
tcp_ping received 49152 bytes back
Round trip time was 50.0697 milliseconds in repetition 114
tcp_ping received 49152 bytes back
Round trip time was 47.7389 milliseconds in repetition 115
tcp_ping received 49152 bytes back
Round trip time was 86.7693 milliseconds in repetition 116
tcp_ping received 49152 bytes back
Round trip time was 44.9515 milliseconds in repetition 117
tcp_ping received 49152 bytes back
Round trip time was 47.2091 milliseconds in repetition 118
tcp_ping received 49152 bytes back
Round trip time was 45.7961 milliseconds in repetition 119
tcp_ping received 49152 bytes back
Round trip time was 50.3515 milliseconds in repetition 120
tcp_ping received 49152 bytes back
Round trip time was 45.2398 milliseconds in repetition 121
tcp_ping received 49152 bytes back
Round trip time was 38.5246 milliseconds in repetition 122
tcp_ping received 49152 bytes back
Round trip time was 44.5334 milliseconds in repetition 123
tcp_ping received 49152 bytes back
Round trip time was 45.8426 milliseconds in repetition 124
tcp_ping received 49152 bytes back
Round trip time was 45.7366 milliseconds in repetition 125
tcp_ping received 49152 bytes back
Round trip time was 45.0275 milliseconds in repetition 126
tcp_ping received 49152 bytes back
Round trip time was 46.2624 milliseconds in repetition 127
tcp_ping received 49152 bytes back
Round trip time was 46.0747 milliseconds in repetition 128
tcp_ping received 49152 bytes back
Round trip time was 49.7688 milliseconds in repetition 129
tcp_ping received 49152 bytes back
Round trip time was 48.7615 milliseconds in repetition 130
tcp_ping received 49152 bytes back
Round trip time was 49.2202 milliseconds in repetition 131
tcp_ping received 49152 bytes back
Round trip time was 50.2944 milliseconds in repetition 132
tcp_ping received 49152 bytes back
Round trip time was 54.4667 milliseconds in repetition 133
tcp_ping received 49152 bytes back
Round trip time was 49.5015 milliseconds in repetition 134
tcp_ping received 49152 bytes back
Round trip time was 49.4956 milliseconds in repetition 135
tcp_ping received 49152 bytes back
Round trip time was 48.3573 milliseconds in repetition 136
tcp_ping received 49152 bytes back
Round trip time was 45.0907 milliseconds in repetition 137
tcp_ping received 49152 bytes back
Round trip time was 48.9535 milliseconds in repetition 138
tcp_ping received 49152 bytes back
Round trip time was 46.804 milliseconds in repetition 139
tcp_ping received 49152 bytes back
Round trip time was 46.4168 milliseconds in repetition 140
tcp_ping received 49152 bytes back
Round trip time was 47.3961 milliseconds in repetition 141
tcp_ping received 49152 bytes back
Round trip time was 47.757 milliseconds in repetition 142
tcp_ping received 49152 bytes back
Round trip time was 49.3168 milliseconds in repetition 143
tcp_ping received 49152 bytes back
Round trip time was 36.5028 milliseconds in repetition 144
tcp_ping received 49152 bytes back
Round trip time was 37.5695 milliseconds in repetition 145
tcp_ping received 49152 bytes back
Round trip time was 49.7122 milliseconds in repetition 146
tcp_ping received 49152 bytes back
Round trip time was 47.8927 milliseconds in repetition 147
tcp_ping received 49152 bytes back
Round trip time was 47.6101 milliseconds in repetition 148
tcp_ping received 49152 bytes back
Round trip time was 45.7695 milliseconds in repetition 149
tcp_ping received 49152 bytes back
Round trip time was 47.7219 milliseconds in repetition 150
tcp_ping received 49152 bytes back
Round trip time was 44.4772 milliseconds in repetition 151
tcp_ping received 49152 bytes back
Round trip time was 43.9576 milliseconds in repetition 152
tcp_ping received 49152 bytes back
Round trip time was 45.8355 milliseconds in repetition 153
tcp_ping received 49152 bytes back
Round trip time was 46.5307 milliseconds in repetition 154
tcp_ping received 49152 bytes back
Round trip time was 47.1543 milliseconds in repetition 155
tcp_ping received 49152 bytes back
Round trip time was 47.5441 milliseconds in repetition 156
tcp_ping received 49152 bytes back
Round trip time was 45.7826 milliseconds in repetition 157
tcp_ping received 49152 bytes back
Round trip time was 47.2772 milliseconds in repetition 158
tcp_ping received 49152 bytes back
Round trip time was 45.2818 milliseconds in repetition 159
tcp_ping received 49152 bytes back
Round trip time was 47.4695 milliseconds in repetition 160
tcp_ping received 49152 bytes back
Round trip time was 46.2012 milliseconds in repetition 161
tcp_ping received 49152 bytes back
Round trip time was 45.2692 milliseconds in repetition 162
tcp_ping received 49152 bytes back
Round trip time was 46.0563 milliseconds in repetition 163
tcp_ping received 49152 bytes back
Round trip time was 44.2134 milliseconds in repetition 164
tcp_ping received 49152 bytes back
Round trip time was 48.5464 milliseconds in repetition 165
tcp_ping received 49152 bytes back
Round trip time was 48.4205 milliseconds in repetition 166
tcp_ping received 49152 bytes back
Round trip time was 49.2876 milliseconds in repetition 167
tcp_ping received 49152 bytes back
Round trip time was 47.0688 milliseconds in repetition 168
tcp_ping received 49152 bytes back
Round trip time was 43.6032 milliseconds in repetition 169
tcp_ping received 49152 bytes back
Round trip time was 45.3893 milliseconds in repetition 170
tcp_ping received 49152 bytes back
Round trip time was 48.2689 milliseconds in repetition 171
tcp_ping received 49152 bytes back
Round trip time was 47.734 milliseconds in repetition 172
tcp_ping received 49152 bytes back
Round trip time was 47.7215 milliseconds in repetition 173
tcp_ping received 49152 bytes back
Round trip time was 45.4998 milliseconds in repetition 174
tcp_ping received 49152 bytes back
Round trip time was 46.9339 milliseconds in repetition 175
tcp_ping received 49152 bytes back
Round trip time was 45.8141 milliseconds in repetition 176
tcp_ping received 49152 bytes back
Round trip time was 46.0202 milliseconds in repetition 177
tcp_ping received 49152 bytes back
Round trip time was 48.1751 milliseconds in repetition 178
tcp_ping received 49152 bytes back
Round trip time was 46.2597 milliseconds in repetition 179
tcp_ping received 49152 bytes back
Round trip time was 52.28 milliseconds in repetition 180
tcp_ping received 49152 bytes back
Round trip time was 46.0227 milliseconds in repetition 181
tcp_ping received 49152 bytes back
Round trip time was 45.5625 milliseconds in repetition 182
tcp_ping received 49152 bytes back
Round trip time was 46.2516 milliseconds in repetition 183
tcp_ping received 49152 bytes back
Round trip time was 52.4224 milliseconds in repetition 184
tcp_ping received 49152 bytes back
Round trip time was 48.4292 milliseconds in repetition 185
tcp_ping received 49152 bytes back
Round trip time was 46.3416 milliseconds in repetition 186
tcp_ping received 49152 bytes back
Round trip time was 45.4072 milliseconds in repetition 187
tcp_ping received 49152 bytes back
Round trip time was 49.2718 milliseconds in repetition 188
tcp_ping received 49152 bytes back
Round trip time was 47.8809 milliseconds in repetition 189
tcp_ping received 49152 bytes back
Round trip time was 44.6498 milliseconds in repetition 190
tcp_ping received 49152 bytes back
Round trip time was 47.6619 milliseconds in repetition 191
tcp_ping received 49152 bytes back
Round trip time was 47.2209 milliseconds in repetition 192
tcp_ping received 49152 bytes back
Round trip time was 48.4196 milliseconds in repetition 193
tcp_ping received 49152 bytes back
Round trip time was 48.1539 milliseconds in repetition 194
tcp_ping received 49152 bytes back
Round trip time was 48.7297 milliseconds in repetition 195
tcp_ping received 49152 bytes back
Round trip time was 45.7832 milliseconds in repetition 196
tcp_ping received 49152 bytes back
Round trip time was 36.8315 milliseconds in repetition 197
tcp_ping received 49152 bytes back
Round trip time was 50.7866 milliseconds in repetition 198
tcp_ping received 49152 bytes back
Round trip time was 46.0755 milliseconds in repetition 199
tcp_ping received 49152 bytes back
Round trip time was 39.95 milliseconds in repetition 200
tcp_ping received 49152 bytes back
Round trip time was 45.3087 milliseconds in repetition 201
tcp_ping received 49152 bytes back
Round trip time was 45.8752 milliseconds in repetition 202
tcp_ping received 49152 bytes back
Round trip time was 47.5091 milliseconds in repetition 203
tcp_ping received 49152 bytes back
Round trip time was 46.7602 milliseconds in repetition 204
tcp_ping received 49152 bytes back
Round trip time was 56.56 milliseconds in repetition 205
tcp_ping received 49152 bytes back
Round trip time was 50.1436 milliseconds in repetition 206
tcp_ping received 49152 bytes back
Round trip time was 46.7739 milliseconds in repetition 207
tcp_ping received 49152 bytes back
Round trip time was 47.569 milliseconds in repetition 208
tcp_ping received 49152 bytes back
Round trip time was 46.8579 milliseconds in repetition 209
tcp_ping received 49152 bytes back
Round trip time was 46.8453 milliseconds in repetition 210
tcp_ping received 49152 bytes back
Round trip time was 48.4995 milliseconds in repetition 211
tcp_ping received 49152 bytes back
Round trip time was 47.59 milliseconds in repetition 212
tcp_ping received 49152 bytes back
Round trip time was 47.4443 milliseconds in repetition 213
tcp_ping received 49152 bytes back
Round trip time was 49.7781 milliseconds in repetition 214
tcp_ping received 49152 bytes back
Round trip time was 46.525 milliseconds in repetition 215
tcp_ping received 49152 bytes back
Round trip time was 44.0702 milliseconds in repetition 216
tcp_ping received 49152 bytes back
Round trip time was 39.5845 milliseconds in repetition 217
tcp_ping received 49152 bytes back
Round trip time was 47.3817 milliseconds in repetition 218
tcp_ping received 49152 bytes back
Round trip time was 46.034 milliseconds in repetition 219
tcp_ping received 49152 bytes back
Round trip time was 48.4438 milliseconds in repetition 220
tcp_ping received 49152 bytes back
Round trip time was 49.9772 milliseconds in repetition 221
tcp_ping received 49152 bytes back
Round trip time was 47.531 milliseconds in repetition 222
tcp_ping received 49152 bytes back
Round trip time was 46.8254 milliseconds in repetition 223
tcp_ping received 49152 bytes back
Round trip time was 45.8576 milliseconds in repetition 224
tcp_ping received 49152 bytes back
Round trip time was 47.4754 milliseconds in repetition 225
tcp_ping received 49152 bytes back
Round trip time was 46.8917 milliseconds in repetition 226
tcp_ping received 49152 bytes back
Round trip time was 46.0471 milliseconds in repetition 227
tcp_ping received 49152 bytes back
Round trip time was 50.5146 milliseconds in repetition 228
tcp_ping received 49152 bytes back
Round trip time was 47.2284 milliseconds in repetition 229
tcp_ping received 49152 bytes back
Round trip time was 44.669 milliseconds in repetition 230
tcp_ping received 49152 bytes back
Round trip time was 48.7872 milliseconds in repetition 231
tcp_ping received 49152 bytes back
Round trip time was 51.735 milliseconds in repetition 232
tcp_ping received 49152 bytes back
Round trip time was 47.1337 milliseconds in repetition 233
tcp_ping received 49152 bytes back
Round trip time was 36.6869 milliseconds in repetition 234
tcp_ping received 49152 bytes back
Round trip time was 45.3057 milliseconds in repetition 235
tcp_ping received 49152 bytes back
Round trip time was 49.522 milliseconds in repetition 236
tcp_ping received 49152 bytes back
Round trip time was 47.1088 milliseconds in repetition 237
tcp_ping received 49152 bytes back
Round trip time was 45.8622 milliseconds in repetition 238
tcp_ping received 49152 bytes back
Round trip time was 45.8965 milliseconds in repetition 239
tcp_ping received 49152 bytes back
Round trip time was 52.6999 milliseconds in repetition 240
tcp_ping received 49152 bytes back
Round trip time was 53.6241 milliseconds in repetition 241
tcp_ping received 49152 bytes back
Round trip time was 51.0488 milliseconds in repetition 242
tcp_ping received 49152 bytes back
Round trip time was 46.043 milliseconds in repetition 243
tcp_ping received 49152 bytes back
Round trip time was 54.7033 milliseconds in repetition 244
tcp_ping received 49152 bytes back
Round trip time was 53.9678 milliseconds in repetition 245
tcp_ping received 49152 bytes back
Round trip time was 51.7825 milliseconds in repetition 246
tcp_ping received 49152 bytes back
Round trip time was 47.7083 milliseconds in repetition 247
tcp_ping received 49152 bytes back
Round trip time was 36.761 milliseconds in repetition 248
tcp_ping received 49152 bytes back
Round trip time was 46.428 milliseconds in repetition 249
tcp_ping received 49152 bytes back
Round trip time was 45.2658 milliseconds in repetition 250
tcp_ping received 49152 bytes back
Round trip time was 55.3436 milliseconds in repetition 251
tcp_ping received 49152 bytes back
Round trip time was 56.2433 milliseconds in repetition 252
tcp_ping received 49152 bytes back
Round trip time was 53.1851 milliseconds in repetition 253
tcp_ping received 49152 bytes back
Round trip time was 49.6437 milliseconds in repetition 254
tcp_ping received 49152 bytes back
Round trip time was 48.8579 milliseconds in repetition 255
tcp_ping received 49152 bytes back
Round trip time was 49.2195 milliseconds in repetition 256
tcp_ping received 49152 bytes back
Round trip time was 46.0478 milliseconds in repetition 257
tcp_ping received 49152 bytes back
Round trip time was 44.6192 milliseconds in repetition 258
tcp_ping received 49152 bytes back
Round trip time was 46.6086 milliseconds in repetition 259
tcp_ping received 49152 bytes back
Round trip time was 46.8613 milliseconds in repetition 260
tcp_ping received 49152 bytes back
Round trip time was 45.5673 milliseconds in repetition 261
tcp_ping received 49152 bytes back
Round trip time was 47.7908 milliseconds in repetition 262
tcp_ping received 49152 bytes back
Round trip time was 114.42 milliseconds in repetition 263
tcp_ping received 49152 bytes back
Round trip time was 46.7364 milliseconds in repetition 264
tcp_ping received 49152 bytes back
Round trip time was 46.4013 milliseconds in repetition 265
tcp_ping received 49152 bytes back
Round trip time was 45.6695 milliseconds in repetition 266
tcp_ping received 49152 bytes back
Round trip time was 46.337 milliseconds in repetition 267
tcp_ping received 49152 bytes back
Round trip time was 50.0161 milliseconds in repetition 268
tcp_ping received 49152 bytes back
Round trip time was 50.3093 milliseconds in repetition 269
tcp_ping received 49152 bytes back
Round trip time was 48.723 milliseconds in repetition 270
tcp_ping received 49152 bytes back
Round trip time was 44.9079 milliseconds in repetition 271
tcp_ping received 49152 bytes back
Round trip time was 45.4442 milliseconds in repetition 272
tcp_ping received 49152 bytes back
Round trip time was 48.8941 milliseconds in repetition 273
tcp_ping received 49152 bytes back
Round trip time was 47.8113 milliseconds in repetition 274
tcp_ping received 49152 bytes back
Round trip time was 54.3165 milliseconds in repetition 275
tcp_ping received 49152 bytes back
Round trip time was 48.4138 milliseconds in repetition 276
tcp_ping received 49152 bytes back
Round trip time was 45.9499 milliseconds in repetition 277
tcp_ping received 49152 bytes back
Round trip time was 47.8738 milliseconds in repetition 278
tcp_ping received 49152 bytes back
Round trip time was 51.307 milliseconds in repetition 279
tcp_ping received 49152 bytes back
Round trip time was 45.6204 milliseconds in repetition 280
tcp_ping received 49152 bytes back
Round trip time was 49.4246 milliseconds in repetition 281
tcp_ping received 49152 bytes back
Round trip time was 53.7718 milliseconds in repetition 282
tcp_ping received 49152 bytes back
Round trip time was 44.2586 milliseconds in repetition 283
tcp_ping received 49152 bytes back
Round trip time was 55.3634 milliseconds in repetition 284
tcp_ping received 49152 bytes back
Round trip time was 52.5106 milliseconds in repetition 285
tcp_ping received 49152 bytes back
Round trip time was 44.3975 milliseconds in repetition 286
tcp_ping received 49152 bytes back
Round trip time was 46.2647 milliseconds in repetition 287
tcp_ping received 49152 bytes back
Round trip time was 59.0639 milliseconds in repetition 288
tcp_ping received 49152 bytes back
Round trip time was 46.7747 milliseconds in repetition 289
tcp_ping received 49152 bytes back
Round trip time was 48.8657 milliseconds in repetition 290
tcp_ping received 49152 bytes back
Round trip time was 58.793 milliseconds in repetition 291
tcp_ping received 49152 bytes back
Round trip time was 48.1465 milliseconds in repetition 292
tcp_ping received 49152 bytes back
Round trip time was 55.7572 milliseconds in repetition 293
tcp_ping received 49152 bytes back
Round trip time was 54.5564 milliseconds in repetition 294
tcp_ping received 49152 bytes back
Round trip time was 52.7858 milliseconds in repetition 295
tcp_ping received 49152 bytes back
Round trip time was 47.427 milliseconds in repetition 296
tcp_ping received 49152 bytes back
Round trip time was 48.0776 milliseconds in repetition 297
tcp_ping received 49152 bytes back
Round trip time was 36.9089 milliseconds in repetition 298
tcp_ping received 49152 bytes back
Round trip time was 46.6282 milliseconds in repetition 299
tcp_ping received 49152 bytes back
Round trip time was 48.8657 milliseconds in repetition 300
tcp_ping received 49152 bytes back
Round trip time was 51.5612 milliseconds in repetition 301
tcp_ping received 49152 bytes back
Round trip time was 46.942 milliseconds in repetition 302
tcp_ping received 49152 bytes back
Round trip time was 50.609 milliseconds in repetition 303
tcp_ping received 49152 bytes back
Round trip time was 47.674 milliseconds in repetition 304
tcp_ping received 49152 bytes back
Round trip time was 46.6073 milliseconds in repetition 305
tcp_ping received 49152 bytes back
Round trip time was 37.5006 milliseconds in repetition 306
tcp_ping received 49152 bytes back
Round trip time was 47.6146 milliseconds in repetition 307
tcp_ping received 49152 bytes back
Round trip time was 43.9011 milliseconds in repetition 308
tcp_ping received 49152 bytes back
Round trip time was 47.2263 milliseconds in repetition 309
tcp_ping received 49152 bytes back
Round trip time was 45.8573 milliseconds in repetition 310
tcp_ping received 49152 bytes back
Round trip time was 44.5839 milliseconds in repetition 311
tcp_ping received 49152 bytes back
Round trip time was 54.0416 milliseconds in repetition 312
tcp_ping received 49152 bytes back
Round trip time was 47.3544 milliseconds in repetition 313
tcp_ping received 49152 bytes back
Round trip time was 51.4167 milliseconds in repetition 314
tcp_ping received 49152 bytes back
Round trip time was 153.443 milliseconds in repetition 315
tcp_ping received 49152 bytes back
Round trip time was 47.0281 milliseconds in repetition 316
tcp_ping received 49152 bytes back
Round trip time was 47.6036 milliseconds in repetition 317
tcp_ping received 49152 bytes back
Round trip time was 49.1795 milliseconds in repetition 318
tcp_ping received 49152 bytes back
Round trip time was 51.5228 milliseconds in repetition 319
tcp_ping received 49152 bytes back
Round trip time was 54.2727 milliseconds in repetition 320
tcp_ping received 49152 bytes back
Round trip time was 45.7576 milliseconds in repetition 321
tcp_ping received 49152 bytes back
Round trip time was 47.87 milliseconds in repetition 322
tcp_ping received 49152 bytes back
Round trip time was 46.532 milliseconds in repetition 323
tcp_ping received 49152 bytes back
Round trip time was 48.0129 milliseconds in repetition 324
tcp_ping received 49152 bytes back
Round trip time was 47.3182 milliseconds in repetition 325
tcp_ping received 49152 bytes back
Round trip time was 47.9494 milliseconds in repetition 326
tcp_ping received 49152 bytes back
Round trip time was 45.7377 milliseconds in repetition 327
tcp_ping received 49152 bytes back
Round trip time was 44.8784 milliseconds in repetition 328
tcp_ping received 49152 bytes back
Round trip time was 46.2066 milliseconds in repetition 329
tcp_ping received 49152 bytes back
Round trip time was 47.8611 milliseconds in repetition 330
tcp_ping received 49152 bytes back
Round trip time was 48.3587 milliseconds in repetition 331
tcp_ping received 49152 bytes back
Round trip time was 51.1916 milliseconds in repetition 332
tcp_ping received 49152 bytes back
Round trip time was 54.4237 milliseconds in repetition 333
tcp_ping received 49152 bytes back
Round trip time was 51.4181 milliseconds in repetition 334
tcp_ping received 49152 bytes back
Round trip time was 50.1591 milliseconds in repetition 335
tcp_ping received 49152 bytes back
Round trip time was 76.2008 milliseconds in repetition 336
tcp_ping received 49152 bytes back
Round trip time was 47.5307 milliseconds in repetition 337
tcp_ping received 49152 bytes back
Round trip time was 48.2389 milliseconds in repetition 338
tcp_ping received 49152 bytes back
Round trip time was 51.4965 milliseconds in repetition 339
tcp_ping received 49152 bytes back
Round trip time was 45.6083 milliseconds in repetition 340
tcp_ping received 49152 bytes back
Round trip time was 48.222 milliseconds in repetition 341
tcp_ping received 49152 bytes back
Round trip time was 47.5242 milliseconds in repetition 342
tcp_ping received 49152 bytes back
Round trip time was 59.4994 milliseconds in repetition 343
tcp_ping received 49152 bytes back
Round trip time was 65.7002 milliseconds in repetition 344
tcp_ping received 49152 bytes back
Round trip time was 41.9444 milliseconds in repetition 345
tcp_ping received 49152 bytes back
Round trip time was 49.0566 milliseconds in repetition 346
tcp_ping received 49152 bytes back
Round trip time was 49.8615 milliseconds in repetition 347
tcp_ping received 49152 bytes back
Round trip time was 46.5766 milliseconds in repetition 348
tcp_ping received 49152 bytes back
Round trip time was 60.8854 milliseconds in repetition 349
tcp_ping received 49152 bytes back
Round trip time was 51.0741 milliseconds in repetition 350
tcp_ping received 49152 bytes back
Round trip time was 58.3342 milliseconds in repetition 351
tcp_ping received 49152 bytes back
Round trip time was 45.6935 milliseconds in repetition 352
tcp_ping received 49152 bytes back
Round trip time was 54.5662 milliseconds in repetition 353
tcp_ping received 49152 bytes back
Round trip time was 49.4593 milliseconds in repetition 354
tcp_ping received 49152 bytes back
Round trip time was 53.2518 milliseconds in repetition 355
tcp_ping received 49152 bytes back
Round trip time was 49.9244 milliseconds in repetition 356
tcp_ping received 49152 bytes back
Round trip time was 52.3347 milliseconds in repetition 357
tcp_ping received 49152 bytes back
Round trip time was 44.7254 milliseconds in repetition 358
tcp_ping received 49152 bytes back
Round trip time was 63.0662 milliseconds in repetition 359
tcp_ping received 49152 bytes back
Round trip time was 64.982 milliseconds in repetition 360
tcp_ping received 49152 bytes back
Round trip time was 54.8565 milliseconds in repetition 361
tcp_ping received 49152 bytes back
Round trip time was 53.9199 milliseconds in repetition 362
tcp_ping received 49152 bytes back
Round trip time was 49.3915 milliseconds in repetition 363
tcp_ping received 49152 bytes back
Round trip time was 45.8784 milliseconds in repetition 364
tcp_ping received 49152 bytes back
Round trip time was 47.96 milliseconds in repetition 365
tcp_ping received 49152 bytes back
Round trip time was 51.1323 milliseconds in repetition 366
tcp_ping received 49152 bytes back
Round trip time was 52.1391 milliseconds in repetition 367
tcp_ping received 49152 bytes back
Round trip time was 47.04 milliseconds in repetition 368
tcp_ping received 49152 bytes back
Round trip time was 50.3219 milliseconds in repetition 369
tcp_ping received 49152 bytes back
Round trip time was 71.4625 milliseconds in repetition 370
tcp_ping received 49152 bytes back
Round trip time was 59.9906 milliseconds in repetition 371
tcp_ping received 49152 bytes back
Round trip time was 46.1869 milliseconds in repetition 372
tcp_ping received 49152 bytes back
Round trip time was 54.5208 milliseconds in repetition 373
tcp_ping received 49152 bytes back
Round trip time was 46.9899 milliseconds in repetition 374
tcp_ping received 49152 bytes back
Round trip time was 53.0766 milliseconds in repetition 375
tcp_ping received 49152 bytes back
Round trip time was 46.5784 milliseconds in repetition 376
tcp_ping received 49152 bytes back
Round trip time was 53.1875 milliseconds in repetition 377
tcp_ping received 49152 bytes back
Round trip time was 52.4331 milliseconds in repetition 378
tcp_ping received 49152 bytes back
Round trip time was 77.6656 milliseconds in repetition 379
tcp_ping received 49152 bytes back
Round trip time was 74.8957 milliseconds in repetition 380
tcp_ping received 49152 bytes back
Round trip time was 49.0749 milliseconds in repetition 381
tcp_ping received 49152 bytes back
Round trip time was 46.0278 milliseconds in repetition 382
tcp_ping received 49152 bytes back
Round trip time was 47.7526 milliseconds in repetition 383
tcp_ping received 49152 bytes back
Round trip time was 58.1649 milliseconds in repetition 384
tcp_ping received 49152 bytes back
Round trip time was 51.1903 milliseconds in repetition 385
tcp_ping received 49152 bytes back
Round trip time was 57.2558 milliseconds in repetition 386
tcp_ping received 49152 bytes back
Round trip time was 49.9054 milliseconds in repetition 387
tcp_ping received 49152 bytes back
Round trip time was 52.99 milliseconds in repetition 388
tcp_ping received 49152 bytes back
Round trip time was 47.8731 milliseconds in repetition 389
tcp_ping received 49152 bytes back
Round trip time was 46.97 milliseconds in repetition 390
tcp_ping received 49152 bytes back
Round trip time was 48.1963 milliseconds in repetition 391
tcp_ping received 49152 bytes back
Round trip time was 46.8501 milliseconds in repetition 392
tcp_ping received 49152 bytes back
Round trip time was 47.1017 milliseconds in repetition 393
tcp_ping received 49152 bytes back
Round trip time was 47.1821 milliseconds in repetition 394
tcp_ping received 49152 bytes back
Round trip time was 43.8799 milliseconds in repetition 395
tcp_ping received 49152 bytes back
Round trip time was 46.9821 milliseconds in repetition 396
tcp_ping received 49152 bytes back
Round trip time was 51.3979 milliseconds in repetition 397
tcp_ping received 49152 bytes back
Round trip time was 47.7283 milliseconds in repetition 398
tcp_ping received 49152 bytes back
Round trip time was 45.3774 milliseconds in repetition 399
tcp_ping received 49152 bytes back
Round trip time was 52.2486 milliseconds in repetition 400
tcp_ping received 49152 bytes back
Round trip time was 46.2184 milliseconds in repetition 401
tcp_ping received 49152 bytes back
Round trip time was 64.445 milliseconds in repetition 402
tcp_ping received 49152 bytes back
Round trip time was 47.9691 milliseconds in repetition 403
tcp_ping received 49152 bytes back
Round trip time was 45.9541 milliseconds in repetition 404
tcp_ping received 49152 bytes back
Round trip time was 71.2622 milliseconds in repetition 405
tcp_ping received 49152 bytes back
Round trip time was 50.8396 milliseconds in repetition 406
tcp_ping received 49152 bytes back
Round trip time was 49.2056 milliseconds in repetition 407
tcp_ping received 49152 bytes back
Round trip time was 52.7663 milliseconds in repetition 408
tcp_ping received 49152 bytes back
Round trip time was 47.4742 milliseconds in repetition 409
tcp_ping received 49152 bytes back
Round trip time was 77.806 milliseconds in repetition 410
tcp_ping received 49152 bytes back
Round trip time was 47.1236 milliseconds in repetition 411
tcp_ping received 49152 bytes back
Round trip time was 39.1645 milliseconds in repetition 412
tcp_ping received 49152 bytes back
Round trip time was 48.2388 milliseconds in repetition 413
tcp_ping received 49152 bytes back
Round trip time was 49.5009 milliseconds in repetition 414
tcp_ping received 49152 bytes back
Round trip time was 49.381 milliseconds in repetition 415
tcp_ping received 49152 bytes back
Round trip time was 55.5347 milliseconds in repetition 416
tcp_ping received 49152 bytes back
Round trip time was 46.0564 milliseconds in repetition 417
tcp_ping received 49152 bytes back
Round trip time was 48.9833 milliseconds in repetition 418
tcp_ping received 49152 bytes back
Round trip time was 65.7945 milliseconds in repetition 419
tcp_ping received 49152 bytes back
Round trip time was 46.5647 milliseconds in repetition 420
tcp_ping received 49152 bytes back
Round trip time was 46.3219 milliseconds in repetition 421
tcp_ping received 49152 bytes back
Round trip time was 47.3913 milliseconds in repetition 422
tcp_ping received 49152 bytes back
Round trip time was 55.6659 milliseconds in repetition 423
tcp_ping received 49152 bytes back
Round trip time was 48.5119 milliseconds in repetition 424
tcp_ping received 49152 bytes back
Round trip time was 52.7495 milliseconds in repetition 425
tcp_ping received 49152 bytes back
Round trip time was 49.3426 milliseconds in repetition 426
tcp_ping received 49152 bytes back
Round trip time was 51.4945 milliseconds in repetition 427
tcp_ping received 49152 bytes back
Round trip time was 45.6251 milliseconds in repetition 428
tcp_ping received 49152 bytes back
Round trip time was 47.7264 milliseconds in repetition 429
tcp_ping received 49152 bytes back
Round trip time was 46.9632 milliseconds in repetition 430
tcp_ping received 49152 bytes back
Round trip time was 45.7233 milliseconds in repetition 431
tcp_ping received 49152 bytes back
Round trip time was 48.7128 milliseconds in repetition 432
tcp_ping received 49152 bytes back
Round trip time was 49.4345 milliseconds in repetition 433
tcp_ping received 49152 bytes back
Round trip time was 46.5752 milliseconds in repetition 434
tcp_ping received 49152 bytes back
Round trip time was 38.0242 milliseconds in repetition 435
tcp_ping received 49152 bytes back
Round trip time was 52.7776 milliseconds in repetition 436
tcp_ping received 49152 bytes back
Round trip time was 42.4707 milliseconds in repetition 437
tcp_ping received 49152 bytes back
Round trip time was 53.5772 milliseconds in repetition 438
tcp_ping received 49152 bytes back
Round trip time was 51.0917 milliseconds in repetition 439
tcp_ping received 49152 bytes back
Round trip time was 49.7073 milliseconds in repetition 440
tcp_ping received 49152 bytes back
Round trip time was 46.5061 milliseconds in repetition 441
tcp_ping received 49152 bytes back
Round trip time was 49.1026 milliseconds in repetition 442
tcp_ping received 49152 bytes back
Round trip time was 49.6108 milliseconds in repetition 443
tcp_ping received 49152 bytes back
Round trip time was 51.817 milliseconds in repetition 444
tcp_ping received 49152 bytes back
Round trip time was 46.0602 milliseconds in repetition 445
tcp_ping received 49152 bytes back
Round trip time was 45.6767 milliseconds in repetition 446
tcp_ping received 49152 bytes back
Round trip time was 45.8266 milliseconds in repetition 447
tcp_ping received 49152 bytes back
Round trip time was 50.1022 milliseconds in repetition 448
tcp_ping received 49152 bytes back
Round trip time was 45.3774 milliseconds in repetition 449
tcp_ping received 49152 bytes back
Round trip time was 46.7942 milliseconds in repetition 450
tcp_ping received 49152 bytes back
Round trip time was 47.6667 milliseconds in repetition 451
tcp_ping received 49152 bytes back
Round trip time was 45.8803 milliseconds in repetition 452
tcp_ping received 49152 bytes back
Round trip time was 46.9024 milliseconds in repetition 453
tcp_ping received 49152 bytes back
Round trip time was 44.4733 milliseconds in repetition 454
tcp_ping received 49152 bytes back
Round trip time was 47.5801 milliseconds in repetition 455
tcp_ping received 49152 bytes back
Round trip time was 47.0071 milliseconds in repetition 456
tcp_ping received 49152 bytes back
Round trip time was 47.5463 milliseconds in repetition 457
tcp_ping received 49152 bytes back
Round trip time was 46.554 milliseconds in repetition 458
tcp_ping received 49152 bytes back
Round trip time was 49.4956 milliseconds in repetition 459
tcp_ping received 49152 bytes back
Round trip time was 49.0905 milliseconds in repetition 460
tcp_ping received 49152 bytes back
Round trip time was 49.0188 milliseconds in repetition 461
tcp_ping received 49152 bytes back
Round trip time was 47.7961 milliseconds in repetition 462
tcp_ping received 49152 bytes back
Round trip time was 48.6314 milliseconds in repetition 463
tcp_ping received 49152 bytes back
Round trip time was 45.6211 milliseconds in repetition 464
tcp_ping received 49152 bytes back
Round trip time was 48.2586 milliseconds in repetition 465
tcp_ping received 49152 bytes back
Round trip time was 47.8384 milliseconds in repetition 466
tcp_ping received 49152 bytes back
Round trip time was 49.0956 milliseconds in repetition 467
tcp_ping received 49152 bytes back
Round trip time was 50.4603 milliseconds in repetition 468
tcp_ping received 49152 bytes back
Round trip time was 53.6514 milliseconds in repetition 469
tcp_ping received 49152 bytes back
Round trip time was 47.0488 milliseconds in repetition 470
tcp_ping received 49152 bytes back
Round trip time was 54.6537 milliseconds in repetition 471
tcp_ping received 49152 bytes back
Round trip time was 45.0128 milliseconds in repetition 472
tcp_ping received 49152 bytes back
Round trip time was 49.974 milliseconds in repetition 473
tcp_ping received 49152 bytes back
Round trip time was 50.6335 milliseconds in repetition 474
tcp_ping received 49152 bytes back
Round trip time was 41.3585 milliseconds in repetition 475
tcp_ping received 49152 bytes back
Round trip time was 45.1874 milliseconds in repetition 476
tcp_ping received 49152 bytes back
Round trip time was 46.2531 milliseconds in repetition 477
tcp_ping received 49152 bytes back
Round trip time was 50.3923 milliseconds in repetition 478
tcp_ping received 49152 bytes back
Round trip time was 53.1516 milliseconds in repetition 479
tcp_ping received 49152 bytes back
Round trip time was 47.8573 milliseconds in repetition 480
tcp_ping received 49152 bytes back
Round trip time was 44.9106 milliseconds in repetition 481
tcp_ping received 49152 bytes back
Round trip time was 46.1303 milliseconds in repetition 482
tcp_ping received 49152 bytes back
Round trip time was 46.2729 milliseconds in repetition 483
tcp_ping received 49152 bytes back
Round trip time was 36.5832 milliseconds in repetition 484
tcp_ping received 49152 bytes back
Round trip time was 47.492 milliseconds in repetition 485
tcp_ping received 49152 bytes back
Round trip time was 45.4848 milliseconds in repetition 486
tcp_ping received 49152 bytes back
Round trip time was 121.733 milliseconds in repetition 487
tcp_ping received 49152 bytes back
Round trip time was 51.234 milliseconds in repetition 488
tcp_ping received 49152 bytes back
Round trip time was 46.3581 milliseconds in repetition 489
tcp_ping received 49152 bytes back
Round trip time was 36.3265 milliseconds in repetition 490
tcp_ping received 49152 bytes back
Round trip time was 45.9663 milliseconds in repetition 491
tcp_ping received 49152 bytes back
Round trip time was 47.1348 milliseconds in repetition 492
tcp_ping received 49152 bytes back
Round trip time was 48.6092 milliseconds in repetition 493
tcp_ping received 49152 bytes back
Round trip time was 49.4452 milliseconds in repetition 494
tcp_ping received 49152 bytes back
Round trip time was 50.1719 milliseconds in repetition 495
tcp_ping received 49152 bytes back
Round trip time was 51.1476 milliseconds in repetition 496
tcp_ping received 49152 bytes back
Round trip time was 49.4599 milliseconds in repetition 497
tcp_ping received 49152 bytes back
Round trip time was 52.1211 milliseconds in repetition 498
tcp_ping received 49152 bytes back
Round trip time was 58.8354 milliseconds in repetition 499
tcp_ping received 49152 bytes back
Round trip time was 48.0125 milliseconds in repetition 500
tcp_ping received 49152 bytes back
Round trip time was 48.0565 milliseconds in repetition 501

 ... clock resolution was 1e-06
TCP Ping:  Statistics over 501 repetitions of 49152 byte messages

RTT : percentile 10: 44.8784, median: 47.59, percentile 90: 53.7718, average: 49.3201, variance: 101.353

RTT histogram:
34.483 12
40.8811 17
47.2791 366
53.6772 79
60.0752 11
66.4733 4
72.8713 3
79.2694 3
85.6674 1
92.0655 0
98.4635 0
104.862 1
111.26 1
117.658 0
124.056 1
130.454 0
136.852 0
143.25 0
149.648 0
156.046 1
162.444 1

   median Throughput : 2065.64 KB/s   overall Throughput : 1993.18 KB/s

