TCP Ping trying to connect to server seti.dibris.unige.it (130.251.61.30) on port 1491

... connected to Pong server: asking for 501 repetitions of 6144 bytes TCP messages
 ... Pong server agreed :-)
tcp_ping received 6144 bytes back
Round trip time was 42.9068 milliseconds in repetition 1
tcp_ping received 6144 bytes back
Round trip time was 30.4854 milliseconds in repetition 2
tcp_ping received 6144 bytes back
Round trip time was 30.5746 milliseconds in repetition 3
tcp_ping received 6144 bytes back
Round trip time was 30.6121 milliseconds in repetition 4
tcp_ping received 6144 bytes back
Round trip time was 33.8902 milliseconds in repetition 5
tcp_ping received 6144 bytes back
Round trip time was 32.7819 milliseconds in repetition 6
tcp_ping received 6144 bytes back
Round trip time was 31.7781 milliseconds in repetition 7
tcp_ping received 6144 bytes back
Round trip time was 28.2911 milliseconds in repetition 8
tcp_ping received 6144 bytes back
Round trip time was 27.7346 milliseconds in repetition 9
tcp_ping received 6144 bytes back
Round trip time was 28.1889 milliseconds in repetition 10
tcp_ping received 6144 bytes back
Round trip time was 28.0725 milliseconds in repetition 11
tcp_ping received 6144 bytes back
Round trip time was 27.5061 milliseconds in repetition 12
tcp_ping received 6144 bytes back
Round trip time was 28.5066 milliseconds in repetition 13
tcp_ping received 6144 bytes back
Round trip time was 29.4583 milliseconds in repetition 14
tcp_ping received 6144 bytes back
Round trip time was 28.1126 milliseconds in repetition 15
tcp_ping received 6144 bytes back
Round trip time was 26.8972 milliseconds in repetition 16
tcp_ping received 6144 bytes back
Round trip time was 28.1065 milliseconds in repetition 17
tcp_ping received 6144 bytes back
Round trip time was 27.1337 milliseconds in repetition 18
tcp_ping received 6144 bytes back
Round trip time was 31.9417 milliseconds in repetition 19
tcp_ping received 6144 bytes back
Round trip time was 27.1516 milliseconds in repetition 20
tcp_ping received 6144 bytes back
Round trip time was 29.9744 milliseconds in repetition 21
tcp_ping received 6144 bytes back
Round trip time was 32.6341 milliseconds in repetition 22
tcp_ping received 6144 bytes back
Round trip time was 28.4865 milliseconds in repetition 23
tcp_ping received 6144 bytes back
Round trip time was 27.0426 milliseconds in repetition 24
tcp_ping received 6144 bytes back
Round trip time was 27.847 milliseconds in repetition 25
tcp_ping received 6144 bytes back
Round trip time was 27.1526 milliseconds in repetition 26
tcp_ping received 6144 bytes back
Round trip time was 27.8688 milliseconds in repetition 27
tcp_ping received 6144 bytes back
Round trip time was 29.0743 milliseconds in repetition 28
tcp_ping received 6144 bytes back
Round trip time was 27.8345 milliseconds in repetition 29
tcp_ping received 6144 bytes back
Round trip time was 27.2867 milliseconds in repetition 30
tcp_ping received 6144 bytes back
Round trip time was 27.9407 milliseconds in repetition 31
tcp_ping received 6144 bytes back
Round trip time was 28.6692 milliseconds in repetition 32
tcp_ping received 6144 bytes back
Round trip time was 54.0107 milliseconds in repetition 33
tcp_ping received 6144 bytes back
Round trip time was 29.1695 milliseconds in repetition 34
tcp_ping received 6144 bytes back
Round trip time was 29.9385 milliseconds in repetition 35
tcp_ping received 6144 bytes back
Round trip time was 30.2879 milliseconds in repetition 36
tcp_ping received 6144 bytes back
Round trip time was 28.7818 milliseconds in repetition 37
tcp_ping received 6144 bytes back
Round trip time was 29.4101 milliseconds in repetition 38
tcp_ping received 6144 bytes back
Round trip time was 27.0879 milliseconds in repetition 39
tcp_ping received 6144 bytes back
Round trip time was 28.138 milliseconds in repetition 40
tcp_ping received 6144 bytes back
Round trip time was 27.195 milliseconds in repetition 41
tcp_ping received 6144 bytes back
Round trip time was 27.248 milliseconds in repetition 42
tcp_ping received 6144 bytes back
Round trip time was 30.4477 milliseconds in repetition 43
tcp_ping received 6144 bytes back
Round trip time was 27.1751 milliseconds in repetition 44
tcp_ping received 6144 bytes back
Round trip time was 28.8032 milliseconds in repetition 45
tcp_ping received 6144 bytes back
Round trip time was 27.7106 milliseconds in repetition 46
tcp_ping received 6144 bytes back
Round trip time was 28.4159 milliseconds in repetition 47
tcp_ping received 6144 bytes back
Round trip time was 27.7183 milliseconds in repetition 48
tcp_ping received 6144 bytes back
Round trip time was 27.0789 milliseconds in repetition 49
tcp_ping received 6144 bytes back
Round trip time was 31.9234 milliseconds in repetition 50
tcp_ping received 6144 bytes back
Round trip time was 27.3542 milliseconds in repetition 51
tcp_ping received 6144 bytes back
Round trip time was 29.7326 milliseconds in repetition 52
tcp_ping received 6144 bytes back
Round trip time was 28.1929 milliseconds in repetition 53
tcp_ping received 6144 bytes back
Round trip time was 27.201 milliseconds in repetition 54
tcp_ping received 6144 bytes back
Round trip time was 27.9966 milliseconds in repetition 55
tcp_ping received 6144 bytes back
Round trip time was 30.4138 milliseconds in repetition 56
tcp_ping received 6144 bytes back
Round trip time was 31.4199 milliseconds in repetition 57
tcp_ping received 6144 bytes back
Round trip time was 28.2197 milliseconds in repetition 58
tcp_ping received 6144 bytes back
Round trip time was 27.3401 milliseconds in repetition 59
tcp_ping received 6144 bytes back
Round trip time was 29.5866 milliseconds in repetition 60
tcp_ping received 6144 bytes back
Round trip time was 28.5876 milliseconds in repetition 61
tcp_ping received 6144 bytes back
Round trip time was 29.2839 milliseconds in repetition 62
tcp_ping received 6144 bytes back
Round trip time was 29.6836 milliseconds in repetition 63
tcp_ping received 6144 bytes back
Round trip time was 28.0129 milliseconds in repetition 64
tcp_ping received 6144 bytes back
Round trip time was 26.898 milliseconds in repetition 65
tcp_ping received 6144 bytes back
Round trip time was 28.8353 milliseconds in repetition 66
tcp_ping received 6144 bytes back
Round trip time was 27.6176 milliseconds in repetition 67
tcp_ping received 6144 bytes back
Round trip time was 27.4677 milliseconds in repetition 68
tcp_ping received 6144 bytes back
Round trip time was 28.4963 milliseconds in repetition 69
tcp_ping received 6144 bytes back
Round trip time was 27.8027 milliseconds in repetition 70
tcp_ping received 6144 bytes back
Round trip time was 27.9874 milliseconds in repetition 71
tcp_ping received 6144 bytes back
Round trip time was 29.4694 milliseconds in repetition 72
tcp_ping received 6144 bytes back
Round trip time was 31.3814 milliseconds in repetition 73
tcp_ping received 6144 bytes back
Round trip time was 29.2973 milliseconds in repetition 74
tcp_ping received 6144 bytes back
Round trip time was 27.2199 milliseconds in repetition 75
tcp_ping received 6144 bytes back
Round trip time was 27.3344 milliseconds in repetition 76
tcp_ping received 6144 bytes back
Round trip time was 28.0467 milliseconds in repetition 77
tcp_ping received 6144 bytes back
Round trip time was 27.3751 milliseconds in repetition 78
tcp_ping received 6144 bytes back
Round trip time was 30.1866 milliseconds in repetition 79
tcp_ping received 6144 bytes back
Round trip time was 27.8757 milliseconds in repetition 80
tcp_ping received 6144 bytes back
Round trip time was 31.4743 milliseconds in repetition 81
tcp_ping received 6144 bytes back
Round trip time was 27.4983 milliseconds in repetition 82
tcp_ping received 6144 bytes back
Round trip time was 28.2647 milliseconds in repetition 83
tcp_ping received 6144 bytes back
Round trip time was 27.8994 milliseconds in repetition 84
tcp_ping received 6144 bytes back
Round trip time was 27.4748 milliseconds in repetition 85
tcp_ping received 6144 bytes back
Round trip time was 27.8415 milliseconds in repetition 86
tcp_ping received 6144 bytes back
Round trip time was 32.727 milliseconds in repetition 87
tcp_ping received 6144 bytes back
Round trip time was 27.1233 milliseconds in repetition 88
tcp_ping received 6144 bytes back
Round trip time was 27.5898 milliseconds in repetition 89
tcp_ping received 6144 bytes back
Round trip time was 30.1322 milliseconds in repetition 90
tcp_ping received 6144 bytes back
Round trip time was 32.4582 milliseconds in repetition 91
tcp_ping received 6144 bytes back
Round trip time was 31.2413 milliseconds in repetition 92
tcp_ping received 6144 bytes back
Round trip time was 27.8399 milliseconds in repetition 93
tcp_ping received 6144 bytes back
Round trip time was 29.6574 milliseconds in repetition 94
tcp_ping received 6144 bytes back
Round trip time was 27.5253 milliseconds in repetition 95
tcp_ping received 6144 bytes back
Round trip time was 28.2401 milliseconds in repetition 96
tcp_ping received 6144 bytes back
Round trip time was 29.0018 milliseconds in repetition 97
tcp_ping received 6144 bytes back
Round trip time was 29.2217 milliseconds in repetition 98
tcp_ping received 6144 bytes back
Round trip time was 27.441 milliseconds in repetition 99
tcp_ping received 6144 bytes back
Round trip time was 29.3872 milliseconds in repetition 100
tcp_ping received 6144 bytes back
Round trip time was 28.7724 milliseconds in repetition 101
tcp_ping received 6144 bytes back
Round trip time was 30.2322 milliseconds in repetition 102
tcp_ping received 6144 bytes back
Round trip time was 28.3425 milliseconds in repetition 103
tcp_ping received 6144 bytes back
Round trip time was 28.0704 milliseconds in repetition 104
tcp_ping received 6144 bytes back
Round trip time was 29.4788 milliseconds in repetition 105
tcp_ping received 6144 bytes back
Round trip time was 27.591 milliseconds in repetition 106
tcp_ping received 6144 bytes back
Round trip time was 27.4317 milliseconds in repetition 107
tcp_ping received 6144 bytes back
Round trip time was 28.1069 milliseconds in repetition 108
tcp_ping received 6144 bytes back
Round trip time was 34.8951 milliseconds in repetition 109
tcp_ping received 6144 bytes back
Round trip time was 28.099 milliseconds in repetition 110
tcp_ping received 6144 bytes back
Round trip time was 27.5614 milliseconds in repetition 111
tcp_ping received 6144 bytes back
Round trip time was 31.0725 milliseconds in repetition 112
tcp_ping received 6144 bytes back
Round trip time was 27.1626 milliseconds in repetition 113
tcp_ping received 6144 bytes back
Round trip time was 27.9717 milliseconds in repetition 114
tcp_ping received 6144 bytes back
Round trip time was 27.399 milliseconds in repetition 115
tcp_ping received 6144 bytes back
Round trip time was 27.4302 milliseconds in repetition 116
tcp_ping received 6144 bytes back
Round trip time was 27.8307 milliseconds in repetition 117
tcp_ping received 6144 bytes back
Round trip time was 30.8687 milliseconds in repetition 118
tcp_ping received 6144 bytes back
Round trip time was 29.2425 milliseconds in repetition 119
tcp_ping received 6144 bytes back
Round trip time was 31.2029 milliseconds in repetition 120
tcp_ping received 6144 bytes back
Round trip time was 27.506 milliseconds in repetition 121
tcp_ping received 6144 bytes back
Round trip time was 28.6318 milliseconds in repetition 122
tcp_ping received 6144 bytes back
Round trip time was 27.2849 milliseconds in repetition 123
tcp_ping received 6144 bytes back
Round trip time was 30.8385 milliseconds in repetition 124
tcp_ping received 6144 bytes back
Round trip time was 29.7694 milliseconds in repetition 125
tcp_ping received 6144 bytes back
Round trip time was 28.6982 milliseconds in repetition 126
tcp_ping received 6144 bytes back
Round trip time was 30.2026 milliseconds in repetition 127
tcp_ping received 6144 bytes back
Round trip time was 29.282 milliseconds in repetition 128
tcp_ping received 6144 bytes back
Round trip time was 27.7124 milliseconds in repetition 129
tcp_ping received 6144 bytes back
Round trip time was 28.1196 milliseconds in repetition 130
tcp_ping received 6144 bytes back
Round trip time was 29.0132 milliseconds in repetition 131
tcp_ping received 6144 bytes back
Round trip time was 33.9909 milliseconds in repetition 132
tcp_ping received 6144 bytes back
Round trip time was 27.9142 milliseconds in repetition 133
tcp_ping received 6144 bytes back
Round trip time was 28.5171 milliseconds in repetition 134
tcp_ping received 6144 bytes back
Round trip time was 28.4146 milliseconds in repetition 135
tcp_ping received 6144 bytes back
Round trip time was 29.0018 milliseconds in repetition 136
tcp_ping received 6144 bytes back
Round trip time was 29.8207 milliseconds in repetition 137
tcp_ping received 6144 bytes back
Round trip time was 28.0519 milliseconds in repetition 138
tcp_ping received 6144 bytes back
Round trip time was 30.392 milliseconds in repetition 139
tcp_ping received 6144 bytes back
Round trip time was 27.5418 milliseconds in repetition 140
tcp_ping received 6144 bytes back
Round trip time was 27.7582 milliseconds in repetition 141
tcp_ping received 6144 bytes back
Round trip time was 27.1175 milliseconds in repetition 142
tcp_ping received 6144 bytes back
Round trip time was 27.3782 milliseconds in repetition 143
tcp_ping received 6144 bytes back
Round trip time was 27.7605 milliseconds in repetition 144
tcp_ping received 6144 bytes back
Round trip time was 27.7628 milliseconds in repetition 145
tcp_ping received 6144 bytes back
Round trip time was 27.9977 milliseconds in repetition 146
tcp_ping received 6144 bytes back
Round trip time was 27.2528 milliseconds in repetition 147
tcp_ping received 6144 bytes back
Round trip time was 30.2114 milliseconds in repetition 148
tcp_ping received 6144 bytes back
Round trip time was 29.5377 milliseconds in repetition 149
tcp_ping received 6144 bytes back
Round trip time was 28.8785 milliseconds in repetition 150
tcp_ping received 6144 bytes back
Round trip time was 30.1574 milliseconds in repetition 151
tcp_ping received 6144 bytes back
Round trip time was 27.7344 milliseconds in repetition 152
tcp_ping received 6144 bytes back
Round trip time was 27.597 milliseconds in repetition 153
tcp_ping received 6144 bytes back
Round trip time was 27.2325 milliseconds in repetition 154
tcp_ping received 6144 bytes back
Round trip time was 27.2118 milliseconds in repetition 155
tcp_ping received 6144 bytes back
Round trip time was 27.2935 milliseconds in repetition 156
tcp_ping received 6144 bytes back
Round trip time was 39.5827 milliseconds in repetition 157
tcp_ping received 6144 bytes back
Round trip time was 28.1307 milliseconds in repetition 158
tcp_ping received 6144 bytes back
Round trip time was 34.0132 milliseconds in repetition 159
tcp_ping received 6144 bytes back
Round trip time was 37.7728 milliseconds in repetition 160
tcp_ping received 6144 bytes back
Round trip time was 27.8311 milliseconds in repetition 161
tcp_ping received 6144 bytes back
Round trip time was 27.0629 milliseconds in repetition 162
tcp_ping received 6144 bytes back
Round trip time was 27.3899 milliseconds in repetition 163
tcp_ping received 6144 bytes back
Round trip time was 30.4565 milliseconds in repetition 164
tcp_ping received 6144 bytes back
Round trip time was 29.0831 milliseconds in repetition 165
tcp_ping received 6144 bytes back
Round trip time was 27.6198 milliseconds in repetition 166
tcp_ping received 6144 bytes back
Round trip time was 26.9872 milliseconds in repetition 167
tcp_ping received 6144 bytes back
Round trip time was 29.7739 milliseconds in repetition 168
tcp_ping received 6144 bytes back
Round trip time was 27.4545 milliseconds in repetition 169
tcp_ping received 6144 bytes back
Round trip time was 28.4932 milliseconds in repetition 170
tcp_ping received 6144 bytes back
Round trip time was 27.152 milliseconds in repetition 171
tcp_ping received 6144 bytes back
Round trip time was 27.4982 milliseconds in repetition 172
tcp_ping received 6144 bytes back
Round trip time was 34.859 milliseconds in repetition 173
tcp_ping received 6144 bytes back
Round trip time was 29.2796 milliseconds in repetition 174
tcp_ping received 6144 bytes back
Round trip time was 27.2315 milliseconds in repetition 175
tcp_ping received 6144 bytes back
Round trip time was 27.7074 milliseconds in repetition 176
tcp_ping received 6144 bytes back
Round trip time was 27.3304 milliseconds in repetition 177
tcp_ping received 6144 bytes back
Round trip time was 29.0869 milliseconds in repetition 178
tcp_ping received 6144 bytes back
Round trip time was 27.6259 milliseconds in repetition 179
tcp_ping received 6144 bytes back
Round trip time was 27.6008 milliseconds in repetition 180
tcp_ping received 6144 bytes back
Round trip time was 28.0188 milliseconds in repetition 181
tcp_ping received 6144 bytes back
Round trip time was 27.3573 milliseconds in repetition 182
tcp_ping received 6144 bytes back
Round trip time was 28.362 milliseconds in repetition 183
tcp_ping received 6144 bytes back
Round trip time was 27.5313 milliseconds in repetition 184
tcp_ping received 6144 bytes back
Round trip time was 29.0722 milliseconds in repetition 185
tcp_ping received 6144 bytes back
Round trip time was 28.1239 milliseconds in repetition 186
tcp_ping received 6144 bytes back
Round trip time was 27.383 milliseconds in repetition 187
tcp_ping received 6144 bytes back
Round trip time was 27.9514 milliseconds in repetition 188
tcp_ping received 6144 bytes back
Round trip time was 26.8594 milliseconds in repetition 189
tcp_ping received 6144 bytes back
Round trip time was 27.3381 milliseconds in repetition 190
tcp_ping received 6144 bytes back
Round trip time was 27.2207 milliseconds in repetition 191
tcp_ping received 6144 bytes back
Round trip time was 27.1923 milliseconds in repetition 192
tcp_ping received 6144 bytes back
Round trip time was 27.1457 milliseconds in repetition 193
tcp_ping received 6144 bytes back
Round trip time was 28.0672 milliseconds in repetition 194
tcp_ping received 6144 bytes back
Round trip time was 55.7279 milliseconds in repetition 195
tcp_ping received 6144 bytes back
Round trip time was 27.0269 milliseconds in repetition 196
tcp_ping received 6144 bytes back
Round trip time was 28.8239 milliseconds in repetition 197
tcp_ping received 6144 bytes back
Round trip time was 27.5819 milliseconds in repetition 198
tcp_ping received 6144 bytes back
Round trip time was 27.1269 milliseconds in repetition 199
tcp_ping received 6144 bytes back
Round trip time was 29.5925 milliseconds in repetition 200
tcp_ping received 6144 bytes back
Round trip time was 30.15 milliseconds in repetition 201
tcp_ping received 6144 bytes back
Round trip time was 28.6367 milliseconds in repetition 202
tcp_ping received 6144 bytes back
Round trip time was 29.9556 milliseconds in repetition 203
tcp_ping received 6144 bytes back
Round trip time was 27.6102 milliseconds in repetition 204
tcp_ping received 6144 bytes back
Round trip time was 29.9294 milliseconds in repetition 205
tcp_ping received 6144 bytes back
Round trip time was 28.3084 milliseconds in repetition 206
tcp_ping received 6144 bytes back
Round trip time was 26.8661 milliseconds in repetition 207
tcp_ping received 6144 bytes back
Round trip time was 29.3396 milliseconds in repetition 208
tcp_ping received 6144 bytes back
Round trip time was 27.859 milliseconds in repetition 209
tcp_ping received 6144 bytes back
Round trip time was 27.7063 milliseconds in repetition 210
tcp_ping received 6144 bytes back
Round trip time was 27.5784 milliseconds in repetition 211
tcp_ping received 6144 bytes back
Round trip time was 27.2907 milliseconds in repetition 212
tcp_ping received 6144 bytes back
Round trip time was 29.2797 milliseconds in repetition 213
tcp_ping received 6144 bytes back
Round trip time was 29.1537 milliseconds in repetition 214
tcp_ping received 6144 bytes back
Round trip time was 29.1972 milliseconds in repetition 215
tcp_ping received 6144 bytes back
Round trip time was 28.8799 milliseconds in repetition 216
tcp_ping received 6144 bytes back
Round trip time was 27.3665 milliseconds in repetition 217
tcp_ping received 6144 bytes back
Round trip time was 33.9188 milliseconds in repetition 218
tcp_ping received 6144 bytes back
Round trip time was 27.3042 milliseconds in repetition 219
tcp_ping received 6144 bytes back
Round trip time was 27.3308 milliseconds in repetition 220
tcp_ping received 6144 bytes back
Round trip time was 27.7296 milliseconds in repetition 221
tcp_ping received 6144 bytes back
Round trip time was 27.0932 milliseconds in repetition 222
tcp_ping received 6144 bytes back
Round trip time was 29.2107 milliseconds in repetition 223
tcp_ping received 6144 bytes back
Round trip time was 29.0536 milliseconds in repetition 224
tcp_ping received 6144 bytes back
Round trip time was 28.0137 milliseconds in repetition 225
tcp_ping received 6144 bytes back
Round trip time was 29.7071 milliseconds in repetition 226
tcp_ping received 6144 bytes back
Round trip time was 27.931 milliseconds in repetition 227
tcp_ping received 6144 bytes back
Round trip time was 31.3191 milliseconds in repetition 228
tcp_ping received 6144 bytes back
Round trip time was 29.9734 milliseconds in repetition 229
tcp_ping received 6144 bytes back
Round trip time was 28.4868 milliseconds in repetition 230
tcp_ping received 6144 bytes back
Round trip time was 29.6483 milliseconds in repetition 231
tcp_ping received 6144 bytes back
Round trip time was 28.4034 milliseconds in repetition 232
tcp_ping received 6144 bytes back
Round trip time was 27.5438 milliseconds in repetition 233
tcp_ping received 6144 bytes back
Round trip time was 28.8867 milliseconds in repetition 234
tcp_ping received 6144 bytes back
Round trip time was 28.7489 milliseconds in repetition 235
tcp_ping received 6144 bytes back
Round trip time was 28.7051 milliseconds in repetition 236
tcp_ping received 6144 bytes back
Round trip time was 27.5359 milliseconds in repetition 237
tcp_ping received 6144 bytes back
Round trip time was 27.534 milliseconds in repetition 238
tcp_ping received 6144 bytes back
Round trip time was 29.437 milliseconds in repetition 239
tcp_ping received 6144 bytes back
Round trip time was 30.9775 milliseconds in repetition 240
tcp_ping received 6144 bytes back
Round trip time was 27.521 milliseconds in repetition 241
tcp_ping received 6144 bytes back
Round trip time was 27.4297 milliseconds in repetition 242
tcp_ping received 6144 bytes back
Round trip time was 27.2557 milliseconds in repetition 243
tcp_ping received 6144 bytes back
Round trip time was 29.0953 milliseconds in repetition 244
tcp_ping received 6144 bytes back
Round trip time was 27.5749 milliseconds in repetition 245
tcp_ping received 6144 bytes back
Round trip time was 27.825 milliseconds in repetition 246
tcp_ping received 6144 bytes back
Round trip time was 27.381 milliseconds in repetition 247
tcp_ping received 6144 bytes back
Round trip time was 27.1727 milliseconds in repetition 248
tcp_ping received 6144 bytes back
Round trip time was 27.0464 milliseconds in repetition 249
tcp_ping received 6144 bytes back
Round trip time was 32.7633 milliseconds in repetition 250
tcp_ping received 6144 bytes back
Round trip time was 27.7625 milliseconds in repetition 251
tcp_ping received 6144 bytes back
Round trip time was 27.3528 milliseconds in repetition 252
tcp_ping received 6144 bytes back
Round trip time was 27.8196 milliseconds in repetition 253
tcp_ping received 6144 bytes back
Round trip time was 33.0452 milliseconds in repetition 254
tcp_ping received 6144 bytes back
Round trip time was 27.3936 milliseconds in repetition 255
tcp_ping received 6144 bytes back
Round trip time was 30.4556 milliseconds in repetition 256
tcp_ping received 6144 bytes back
Round trip time was 28.3655 milliseconds in repetition 257
tcp_ping received 6144 bytes back
Round trip time was 29.7947 milliseconds in repetition 258
tcp_ping received 6144 bytes back
Round trip time was 30.8047 milliseconds in repetition 259
tcp_ping received 6144 bytes back
Round trip time was 27.523 milliseconds in repetition 260
tcp_ping received 6144 bytes back
Round trip time was 29.3827 milliseconds in repetition 261
tcp_ping received 6144 bytes back
Round trip time was 28.1963 milliseconds in repetition 262
tcp_ping received 6144 bytes back
Round trip time was 29.1938 milliseconds in repetition 263
tcp_ping received 6144 bytes back
Round trip time was 30.8168 milliseconds in repetition 264
tcp_ping received 6144 bytes back
Round trip time was 27.3412 milliseconds in repetition 265
tcp_ping received 6144 bytes back
Round trip time was 27.3671 milliseconds in repetition 266
tcp_ping received 6144 bytes back
Round trip time was 89.1389 milliseconds in repetition 267
tcp_ping received 6144 bytes back
Round trip time was 39.5479 milliseconds in repetition 268
tcp_ping received 6144 bytes back
Round trip time was 29.7061 milliseconds in repetition 269
tcp_ping received 6144 bytes back
Round trip time was 28.1432 milliseconds in repetition 270
tcp_ping received 6144 bytes back
Round trip time was 29.3281 milliseconds in repetition 271
tcp_ping received 6144 bytes back
Round trip time was 30.7326 milliseconds in repetition 272
tcp_ping received 6144 bytes back
Round trip time was 30.1078 milliseconds in repetition 273
tcp_ping received 6144 bytes back
Round trip time was 26.9124 milliseconds in repetition 274
tcp_ping received 6144 bytes back
Round trip time was 29.5447 milliseconds in repetition 275
tcp_ping received 6144 bytes back
Round trip time was 33.9134 milliseconds in repetition 276
tcp_ping received 6144 bytes back
Round trip time was 34.8276 milliseconds in repetition 277
tcp_ping received 6144 bytes back
Round trip time was 27.8 milliseconds in repetition 278
tcp_ping received 6144 bytes back
Round trip time was 26.5629 milliseconds in repetition 279
tcp_ping received 6144 bytes back
Round trip time was 27.1633 milliseconds in repetition 280
tcp_ping received 6144 bytes back
Round trip time was 27.6156 milliseconds in repetition 281
tcp_ping received 6144 bytes back
Round trip time was 27.3103 milliseconds in repetition 282
tcp_ping received 6144 bytes back
Round trip time was 31.8216 milliseconds in repetition 283
tcp_ping received 6144 bytes back
Round trip time was 31.9345 milliseconds in repetition 284
tcp_ping received 6144 bytes back
Round trip time was 28.3442 milliseconds in repetition 285
tcp_ping received 6144 bytes back
Round trip time was 30.7379 milliseconds in repetition 286
tcp_ping received 6144 bytes back
Round trip time was 31.4585 milliseconds in repetition 287
tcp_ping received 6144 bytes back
Round trip time was 27.1584 milliseconds in repetition 288
tcp_ping received 6144 bytes back
Round trip time was 39.7817 milliseconds in repetition 289
tcp_ping received 6144 bytes back
Round trip time was 27.8548 milliseconds in repetition 290
tcp_ping received 6144 bytes back
Round trip time was 27.6913 milliseconds in repetition 291
tcp_ping received 6144 bytes back
Round trip time was 27.5731 milliseconds in repetition 292
tcp_ping received 6144 bytes back
Round trip time was 34.1225 milliseconds in repetition 293
tcp_ping received 6144 bytes back
Round trip time was 47.2229 milliseconds in repetition 294
tcp_ping received 6144 bytes back
Round trip time was 32.615 milliseconds in repetition 295
tcp_ping received 6144 bytes back
Round trip time was 46.7003 milliseconds in repetition 296
tcp_ping received 6144 bytes back
Round trip time was 41.9165 milliseconds in repetition 297
tcp_ping received 6144 bytes back
Round trip time was 30.3531 milliseconds in repetition 298
tcp_ping received 6144 bytes back
Round trip time was 29.7327 milliseconds in repetition 299
tcp_ping received 6144 bytes back
Round trip time was 28.2461 milliseconds in repetition 300
tcp_ping received 6144 bytes back
Round trip time was 29.3127 milliseconds in repetition 301
tcp_ping received 6144 bytes back
Round trip time was 28.1217 milliseconds in repetition 302
tcp_ping received 6144 bytes back
Round trip time was 30.1364 milliseconds in repetition 303
tcp_ping received 6144 bytes back
Round trip time was 28.1114 milliseconds in repetition 304
tcp_ping received 6144 bytes back
Round trip time was 28.4996 milliseconds in repetition 305
tcp_ping received 6144 bytes back
Round trip time was 32.0501 milliseconds in repetition 306
tcp_ping received 6144 bytes back
Round trip time was 45.5288 milliseconds in repetition 307
tcp_ping received 6144 bytes back
Round trip time was 40.2236 milliseconds in repetition 308
tcp_ping received 6144 bytes back
Round trip time was 42.6712 milliseconds in repetition 309
tcp_ping received 6144 bytes back
Round trip time was 44.1864 milliseconds in repetition 310
tcp_ping received 6144 bytes back
Round trip time was 34.3333 milliseconds in repetition 311
tcp_ping received 6144 bytes back
Round trip time was 28.2386 milliseconds in repetition 312
tcp_ping received 6144 bytes back
Round trip time was 27.3015 milliseconds in repetition 313
tcp_ping received 6144 bytes back
Round trip time was 29.4326 milliseconds in repetition 314
tcp_ping received 6144 bytes back
Round trip time was 27.8619 milliseconds in repetition 315
tcp_ping received 6144 bytes back
Round trip time was 27.2548 milliseconds in repetition 316
tcp_ping received 6144 bytes back
Round trip time was 27.3719 milliseconds in repetition 317
tcp_ping received 6144 bytes back
Round trip time was 29.9355 milliseconds in repetition 318
tcp_ping received 6144 bytes back
Round trip time was 27.6505 milliseconds in repetition 319
tcp_ping received 6144 bytes back
Round trip time was 27.6914 milliseconds in repetition 320
tcp_ping received 6144 bytes back
Round trip time was 27.7237 milliseconds in repetition 321
tcp_ping received 6144 bytes back
Round trip time was 28.3722 milliseconds in repetition 322
tcp_ping received 6144 bytes back
Round trip time was 27.8893 milliseconds in repetition 323
tcp_ping received 6144 bytes back
Round trip time was 43.6514 milliseconds in repetition 324
tcp_ping received 6144 bytes back
Round trip time was 42.5914 milliseconds in repetition 325
tcp_ping received 6144 bytes back
Round trip time was 32.0989 milliseconds in repetition 326
tcp_ping received 6144 bytes back
Round trip time was 27.6345 milliseconds in repetition 327
tcp_ping received 6144 bytes back
Round trip time was 42.1859 milliseconds in repetition 328
tcp_ping received 6144 bytes back
Round trip time was 47.7736 milliseconds in repetition 329
tcp_ping received 6144 bytes back
Round trip time was 35.1707 milliseconds in repetition 330
tcp_ping received 6144 bytes back
Round trip time was 28.1612 milliseconds in repetition 331
tcp_ping received 6144 bytes back
Round trip time was 31.1129 milliseconds in repetition 332
tcp_ping received 6144 bytes back
Round trip time was 42.819 milliseconds in repetition 333
tcp_ping received 6144 bytes back
Round trip time was 45.5823 milliseconds in repetition 334
tcp_ping received 6144 bytes back
Round trip time was 47.9456 milliseconds in repetition 335
tcp_ping received 6144 bytes back
Round trip time was 45.8192 milliseconds in repetition 336
tcp_ping received 6144 bytes back
Round trip time was 47.5814 milliseconds in repetition 337
tcp_ping received 6144 bytes back
Round trip time was 72.0244 milliseconds in repetition 338
tcp_ping received 6144 bytes back
Round trip time was 44.4348 milliseconds in repetition 339
tcp_ping received 6144 bytes back
Round trip time was 46.4292 milliseconds in repetition 340
tcp_ping received 6144 bytes back
Round trip time was 53.7905 milliseconds in repetition 341
tcp_ping received 6144 bytes back
Round trip time was 28.8814 milliseconds in repetition 342
tcp_ping received 6144 bytes back
Round trip time was 28.1541 milliseconds in repetition 343
tcp_ping received 6144 bytes back
Round trip time was 42.8035 milliseconds in repetition 344
tcp_ping received 6144 bytes back
Round trip time was 46.4548 milliseconds in repetition 345
tcp_ping received 6144 bytes back
Round trip time was 51.189 milliseconds in repetition 346
tcp_ping received 6144 bytes back
Round trip time was 42.052 milliseconds in repetition 347
tcp_ping received 6144 bytes back
Round trip time was 53.3085 milliseconds in repetition 348
tcp_ping received 6144 bytes back
Round trip time was 44.173 milliseconds in repetition 349
tcp_ping received 6144 bytes back
Round trip time was 44.5108 milliseconds in repetition 350
tcp_ping received 6144 bytes back
Round trip time was 46.3901 milliseconds in repetition 351
tcp_ping received 6144 bytes back
Round trip time was 49.4055 milliseconds in repetition 352
tcp_ping received 6144 bytes back
Round trip time was 46.9821 milliseconds in repetition 353
tcp_ping received 6144 bytes back
Round trip time was 51.3448 milliseconds in repetition 354
tcp_ping received 6144 bytes back
Round trip time was 43.6748 milliseconds in repetition 355
tcp_ping received 6144 bytes back
Round trip time was 44.9738 milliseconds in repetition 356
tcp_ping received 6144 bytes back
Round trip time was 43.3432 milliseconds in repetition 357
tcp_ping received 6144 bytes back
Round trip time was 43.4717 milliseconds in repetition 358
tcp_ping received 6144 bytes back
Round trip time was 57.0255 milliseconds in repetition 359
tcp_ping received 6144 bytes back
Round trip time was 49.0911 milliseconds in repetition 360
tcp_ping received 6144 bytes back
Round trip time was 47.7592 milliseconds in repetition 361
tcp_ping received 6144 bytes back
Round trip time was 46.1153 milliseconds in repetition 362
tcp_ping received 6144 bytes back
Round trip time was 53.6106 milliseconds in repetition 363
tcp_ping received 6144 bytes back
Round trip time was 46.8304 milliseconds in repetition 364
tcp_ping received 6144 bytes back
Round trip time was 30.2467 milliseconds in repetition 365
tcp_ping received 6144 bytes back
Round trip time was 28.4077 milliseconds in repetition 366
tcp_ping received 6144 bytes back
Round trip time was 43.8067 milliseconds in repetition 367
tcp_ping received 6144 bytes back
Round trip time was 48.4754 milliseconds in repetition 368
tcp_ping received 6144 bytes back
Round trip time was 51.131 milliseconds in repetition 369
tcp_ping received 6144 bytes back
Round trip time was 49.534 milliseconds in repetition 370
tcp_ping received 6144 bytes back
Round trip time was 42.7216 milliseconds in repetition 371
tcp_ping received 6144 bytes back
Round trip time was 63.9767 milliseconds in repetition 372
tcp_ping received 6144 bytes back
Round trip time was 44.5653 milliseconds in repetition 373
tcp_ping received 6144 bytes back
Round trip time was 51.6793 milliseconds in repetition 374
tcp_ping received 6144 bytes back
Round trip time was 47.825 milliseconds in repetition 375
tcp_ping received 6144 bytes back
Round trip time was 28.2708 milliseconds in repetition 376
tcp_ping received 6144 bytes back
Round trip time was 27.6179 milliseconds in repetition 377
tcp_ping received 6144 bytes back
Round trip time was 30.0344 milliseconds in repetition 378
tcp_ping received 6144 bytes back
Round trip time was 44.9199 milliseconds in repetition 379
tcp_ping received 6144 bytes back
Round trip time was 43.8702 milliseconds in repetition 380
tcp_ping received 6144 bytes back
Round trip time was 44.511 milliseconds in repetition 381
tcp_ping received 6144 bytes back
Round trip time was 45.927 milliseconds in repetition 382
tcp_ping received 6144 bytes back
Round trip time was 46.7894 milliseconds in repetition 383
tcp_ping received 6144 bytes back
Round trip time was 45.3667 milliseconds in repetition 384
tcp_ping received 6144 bytes back
Round trip time was 44.7404 milliseconds in repetition 385
tcp_ping received 6144 bytes back
Round trip time was 45.6433 milliseconds in repetition 386
tcp_ping received 6144 bytes back
Round trip time was 45.898 milliseconds in repetition 387
tcp_ping received 6144 bytes back
Round trip time was 43.1688 milliseconds in repetition 388
tcp_ping received 6144 bytes back
Round trip time was 33.6615 milliseconds in repetition 389
tcp_ping received 6144 bytes back
Round trip time was 26.9027 milliseconds in repetition 390
tcp_ping received 6144 bytes back
Round trip time was 45.3051 milliseconds in repetition 391
tcp_ping received 6144 bytes back
Round trip time was 46.1063 milliseconds in repetition 392
tcp_ping received 6144 bytes back
Round trip time was 46.6708 milliseconds in repetition 393
tcp_ping received 6144 bytes back
Round trip time was 40.8604 milliseconds in repetition 394
tcp_ping received 6144 bytes back
Round trip time was 47.928 milliseconds in repetition 395
tcp_ping received 6144 bytes back
Round trip time was 48.2166 milliseconds in repetition 396
tcp_ping received 6144 bytes back
Round trip time was 44.0561 milliseconds in repetition 397
tcp_ping received 6144 bytes back
Round trip time was 44.688 milliseconds in repetition 398
tcp_ping received 6144 bytes back
Round trip time was 48.5132 milliseconds in repetition 399
tcp_ping received 6144 bytes back
Round trip time was 46.7814 milliseconds in repetition 400
tcp_ping received 6144 bytes back
Round trip time was 43.4479 milliseconds in repetition 401
tcp_ping received 6144 bytes back
Round trip time was 30.566 milliseconds in repetition 402
tcp_ping received 6144 bytes back
Round trip time was 44.4394 milliseconds in repetition 403
tcp_ping received 6144 bytes back
Round trip time was 48.3667 milliseconds in repetition 404
tcp_ping received 6144 bytes back
Round trip time was 47.5969 milliseconds in repetition 405
tcp_ping received 6144 bytes back
Round trip time was 48.8233 milliseconds in repetition 406
tcp_ping received 6144 bytes back
Round trip time was 46.3865 milliseconds in repetition 407
tcp_ping received 6144 bytes back
Round trip time was 44.3199 milliseconds in repetition 408
tcp_ping received 6144 bytes back
Round trip time was 45.416 milliseconds in repetition 409
tcp_ping received 6144 bytes back
Round trip time was 46.2329 milliseconds in repetition 410
tcp_ping received 6144 bytes back
Round trip time was 44.6334 milliseconds in repetition 411
tcp_ping received 6144 bytes back
Round trip time was 58.6873 milliseconds in repetition 412
tcp_ping received 6144 bytes back
Round trip time was 28.6754 milliseconds in repetition 413
tcp_ping received 6144 bytes back
Round trip time was 27.4125 milliseconds in repetition 414
tcp_ping received 6144 bytes back
Round trip time was 42.9057 milliseconds in repetition 415
tcp_ping received 6144 bytes back
Round trip time was 49.2224 milliseconds in repetition 416
tcp_ping received 6144 bytes back
Round trip time was 45.7219 milliseconds in repetition 417
tcp_ping received 6144 bytes back
Round trip time was 47.1601 milliseconds in repetition 418
tcp_ping received 6144 bytes back
Round trip time was 45.77 milliseconds in repetition 419
tcp_ping received 6144 bytes back
Round trip time was 47.0496 milliseconds in repetition 420
tcp_ping received 6144 bytes back
Round trip time was 46.3692 milliseconds in repetition 421
tcp_ping received 6144 bytes back
Round trip time was 41.722 milliseconds in repetition 422
tcp_ping received 6144 bytes back
Round trip time was 50.6622 milliseconds in repetition 423
tcp_ping received 6144 bytes back
Round trip time was 44.1925 milliseconds in repetition 424
tcp_ping received 6144 bytes back
Round trip time was 29.9331 milliseconds in repetition 425
tcp_ping received 6144 bytes back
Round trip time was 28.5627 milliseconds in repetition 426
tcp_ping received 6144 bytes back
Round trip time was 45.1525 milliseconds in repetition 427
tcp_ping received 6144 bytes back
Round trip time was 46.7156 milliseconds in repetition 428
tcp_ping received 6144 bytes back
Round trip time was 43.5059 milliseconds in repetition 429
tcp_ping received 6144 bytes back
Round trip time was 47.6947 milliseconds in repetition 430
tcp_ping received 6144 bytes back
Round trip time was 46.4327 milliseconds in repetition 431
tcp_ping received 6144 bytes back
Round trip time was 55.139 milliseconds in repetition 432
tcp_ping received 6144 bytes back
Round trip time was 51.1879 milliseconds in repetition 433
tcp_ping received 6144 bytes back
Round trip time was 42.139 milliseconds in repetition 434
tcp_ping received 6144 bytes back
Round trip time was 47.2616 milliseconds in repetition 435
tcp_ping received 6144 bytes back
Round trip time was 29.0813 milliseconds in repetition 436
tcp_ping received 6144 bytes back
Round trip time was 28.1728 milliseconds in repetition 437
tcp_ping received 6144 bytes back
Round trip time was 27.8183 milliseconds in repetition 438
tcp_ping received 6144 bytes back
Round trip time was 46.8539 milliseconds in repetition 439
tcp_ping received 6144 bytes back
Round trip time was 51.3545 milliseconds in repetition 440
tcp_ping received 6144 bytes back
Round trip time was 48.9229 milliseconds in repetition 441
tcp_ping received 6144 bytes back
Round trip time was 43.8632 milliseconds in repetition 442
tcp_ping received 6144 bytes back
Round trip time was 45.9277 milliseconds in repetition 443
tcp_ping received 6144 bytes back
Round trip time was 45.2211 milliseconds in repetition 444
tcp_ping received 6144 bytes back
Round trip time was 49.1195 milliseconds in repetition 445
tcp_ping received 6144 bytes back
Round trip time was 43.6294 milliseconds in repetition 446
tcp_ping received 6144 bytes back
Round trip time was 49.0971 milliseconds in repetition 447
tcp_ping received 6144 bytes back
Round trip time was 48.5557 milliseconds in repetition 448
tcp_ping received 6144 bytes back
Round trip time was 35.538 milliseconds in repetition 449
tcp_ping received 6144 bytes back
Round trip time was 30.0983 milliseconds in repetition 450
tcp_ping received 6144 bytes back
Round trip time was 47.6751 milliseconds in repetition 451
tcp_ping received 6144 bytes back
Round trip time was 43.7915 milliseconds in repetition 452
tcp_ping received 6144 bytes back
Round trip time was 51.4266 milliseconds in repetition 453
tcp_ping received 6144 bytes back
Round trip time was 44.779 milliseconds in repetition 454
tcp_ping received 6144 bytes back
Round trip time was 45.9964 milliseconds in repetition 455
tcp_ping received 6144 bytes back
Round trip time was 42.9949 milliseconds in repetition 456
tcp_ping received 6144 bytes back
Round trip time was 44.1254 milliseconds in repetition 457
tcp_ping received 6144 bytes back
Round trip time was 46.258 milliseconds in repetition 458
tcp_ping received 6144 bytes back
Round trip time was 55.5096 milliseconds in repetition 459
tcp_ping received 6144 bytes back
Round trip time was 35.1506 milliseconds in repetition 460
tcp_ping received 6144 bytes back
Round trip time was 29.6683 milliseconds in repetition 461
tcp_ping received 6144 bytes back
Round trip time was 30.6277 milliseconds in repetition 462
tcp_ping received 6144 bytes back
Round trip time was 44.6277 milliseconds in repetition 463
tcp_ping received 6144 bytes back
Round trip time was 47.1544 milliseconds in repetition 464
tcp_ping received 6144 bytes back
Round trip time was 48.2511 milliseconds in repetition 465
tcp_ping received 6144 bytes back
Round trip time was 47.4212 milliseconds in repetition 466
tcp_ping received 6144 bytes back
Round trip time was 46.4573 milliseconds in repetition 467
tcp_ping received 6144 bytes back
Round trip time was 47.3355 milliseconds in repetition 468
tcp_ping received 6144 bytes back
Round trip time was 49.0274 milliseconds in repetition 469
tcp_ping received 6144 bytes back
Round trip time was 44.6182 milliseconds in repetition 470
tcp_ping received 6144 bytes back
Round trip time was 45.5055 milliseconds in repetition 471
tcp_ping received 6144 bytes back
Round trip time was 43.3566 milliseconds in repetition 472
tcp_ping received 6144 bytes back
Round trip time was 29.9574 milliseconds in repetition 473
tcp_ping received 6144 bytes back
Round trip time was 28.7601 milliseconds in repetition 474
tcp_ping received 6144 bytes back
Round trip time was 45.1688 milliseconds in repetition 475
tcp_ping received 6144 bytes back
Round trip time was 43.3452 milliseconds in repetition 476
tcp_ping received 6144 bytes back
Round trip time was 51.7044 milliseconds in repetition 477
tcp_ping received 6144 bytes back
Round trip time was 50.8681 milliseconds in repetition 478
tcp_ping received 6144 bytes back
Round trip time was 47.6403 milliseconds in repetition 479
tcp_ping received 6144 bytes back
Round trip time was 47.9007 milliseconds in repetition 480
tcp_ping received 6144 bytes back
Round trip time was 44.4537 milliseconds in repetition 481
tcp_ping received 6144 bytes back
Round trip time was 59.5684 milliseconds in repetition 482
tcp_ping received 6144 bytes back
Round trip time was 53.6269 milliseconds in repetition 483
tcp_ping received 6144 bytes back
Round trip time was 32.795 milliseconds in repetition 484
tcp_ping received 6144 bytes back
Round trip time was 26.913 milliseconds in repetition 485
tcp_ping received 6144 bytes back
Round trip time was 27.4281 milliseconds in repetition 486
tcp_ping received 6144 bytes back
Round trip time was 45.5412 milliseconds in repetition 487
tcp_ping received 6144 bytes back
Round trip time was 42.3243 milliseconds in repetition 488
tcp_ping received 6144 bytes back
Round trip time was 48.5386 milliseconds in repetition 489
tcp_ping received 6144 bytes back
Round trip time was 45.8729 milliseconds in repetition 490
tcp_ping received 6144 bytes back
Round trip time was 43.9475 milliseconds in repetition 491
tcp_ping received 6144 bytes back
Round trip time was 48.4252 milliseconds in repetition 492
tcp_ping received 6144 bytes back
Round trip time was 46.0013 milliseconds in repetition 493
tcp_ping received 6144 bytes back
Round trip time was 49.2494 milliseconds in repetition 494
tcp_ping received 6144 bytes back
Round trip time was 45.7667 milliseconds in repetition 495
tcp_ping received 6144 bytes back
Round trip time was 46.9655 milliseconds in repetition 496
tcp_ping received 6144 bytes back
Round trip time was 27.7876 milliseconds in repetition 497
tcp_ping received 6144 bytes back
Round trip time was 27.2218 milliseconds in repetition 498
tcp_ping received 6144 bytes back
Round trip time was 41.7917 milliseconds in repetition 499
tcp_ping received 6144 bytes back
Round trip time was 46.2146 milliseconds in repetition 500
tcp_ping received 6144 bytes back
Round trip time was 45.0221 milliseconds in repetition 501

 ... clock resolution was 1e-06
TCP Ping:  Statistics over 501 repetitions of 6144 byte messages

RTT : percentile 10: 27.3308, median: 29.5447, percentile 90: 47.6403, average: 34.6247, variance: 83.6814

RTT histogram:
26.5629 164
29.6917 144
32.8205 28
35.9493 6
39.0781 5
42.2069 26
45.3357 66
48.4645 38
51.5933 10
54.7221 8
57.8509 2
60.9797 1
64.1085 1
67.2373 0
70.3661 0
73.4949 1
76.6237 0
79.7525 0
82.8813 0
86.0101 0
89.1389 1

   median Throughput : 415.912 KB/s   overall Throughput : 354.891 KB/s

