TCP Ping trying to connect to server seti.dibris.unige.it (130.251.61.30) on port 1491

... connected to Pong server: asking for 501 repetitions of 48 bytes TCP messages
 ... Pong server agreed :-)
tcp_ping received 48 bytes back
Round trip time was 28.3105 milliseconds in repetition 1
tcp_ping received 48 bytes back
Round trip time was 26.7697 milliseconds in repetition 2
tcp_ping received 48 bytes back
Round trip time was 26.8628 milliseconds in repetition 3
tcp_ping received 48 bytes back
Round trip time was 28.5505 milliseconds in repetition 4
tcp_ping received 48 bytes back
Round trip time was 28.4311 milliseconds in repetition 5
tcp_ping received 48 bytes back
Round trip time was 28.7874 milliseconds in repetition 6
tcp_ping received 48 bytes back
Round trip time was 34.52 milliseconds in repetition 7
tcp_ping received 48 bytes back
Round trip time was 26.8367 milliseconds in repetition 8
tcp_ping received 48 bytes back
Round trip time was 26.569 milliseconds in repetition 9
tcp_ping received 48 bytes back
Round trip time was 27.9414 milliseconds in repetition 10
tcp_ping received 48 bytes back
Round trip time was 28.0445 milliseconds in repetition 11
tcp_ping received 48 bytes back
Round trip time was 27.4694 milliseconds in repetition 12
tcp_ping received 48 bytes back
Round trip time was 26.7884 milliseconds in repetition 13
tcp_ping received 48 bytes back
Round trip time was 27.1365 milliseconds in repetition 14
tcp_ping received 48 bytes back
Round trip time was 26.7008 milliseconds in repetition 15
tcp_ping received 48 bytes back
Round trip time was 27.7511 milliseconds in repetition 16
tcp_ping received 48 bytes back
Round trip time was 27.6711 milliseconds in repetition 17
tcp_ping received 48 bytes back
Round trip time was 28.0762 milliseconds in repetition 18
tcp_ping received 48 bytes back
Round trip time was 37.71 milliseconds in repetition 19
tcp_ping received 48 bytes back
Round trip time was 28.7359 milliseconds in repetition 20
tcp_ping received 48 bytes back
Round trip time was 29.7399 milliseconds in repetition 21
tcp_ping received 48 bytes back
Round trip time was 26.5677 milliseconds in repetition 22
tcp_ping received 48 bytes back
Round trip time was 26.9476 milliseconds in repetition 23
tcp_ping received 48 bytes back
Round trip time was 27.0969 milliseconds in repetition 24
tcp_ping received 48 bytes back
Round trip time was 26.7912 milliseconds in repetition 25
tcp_ping received 48 bytes back
Round trip time was 28.7276 milliseconds in repetition 26
tcp_ping received 48 bytes back
Round trip time was 27.0694 milliseconds in repetition 27
tcp_ping received 48 bytes back
Round trip time was 27.4478 milliseconds in repetition 28
tcp_ping received 48 bytes back
Round trip time was 27.0281 milliseconds in repetition 29
tcp_ping received 48 bytes back
Round trip time was 26.6771 milliseconds in repetition 30
tcp_ping received 48 bytes back
Round trip time was 28.3981 milliseconds in repetition 31
tcp_ping received 48 bytes back
Round trip time was 28.3118 milliseconds in repetition 32
tcp_ping received 48 bytes back
Round trip time was 26.9756 milliseconds in repetition 33
tcp_ping received 48 bytes back
Round trip time was 27.2352 milliseconds in repetition 34
tcp_ping received 48 bytes back
Round trip time was 26.7971 milliseconds in repetition 35
tcp_ping received 48 bytes back
Round trip time was 27.9866 milliseconds in repetition 36
tcp_ping received 48 bytes back
Round trip time was 27.3652 milliseconds in repetition 37
tcp_ping received 48 bytes back
Round trip time was 25.782 milliseconds in repetition 38
tcp_ping received 48 bytes back
Round trip time was 26.3713 milliseconds in repetition 39
tcp_ping received 48 bytes back
Round trip time was 25.9539 milliseconds in repetition 40
tcp_ping received 48 bytes back
Round trip time was 26.0743 milliseconds in repetition 41
tcp_ping received 48 bytes back
Round trip time was 27.5665 milliseconds in repetition 42
tcp_ping received 48 bytes back
Round trip time was 28.9048 milliseconds in repetition 43
tcp_ping received 48 bytes back
Round trip time was 26.9434 milliseconds in repetition 44
tcp_ping received 48 bytes back
Round trip time was 26.062 milliseconds in repetition 45
tcp_ping received 48 bytes back
Round trip time was 27.6804 milliseconds in repetition 46
tcp_ping received 48 bytes back
Round trip time was 25.9625 milliseconds in repetition 47
tcp_ping received 48 bytes back
Round trip time was 26.1662 milliseconds in repetition 48
tcp_ping received 48 bytes back
Round trip time was 26.136 milliseconds in repetition 49
tcp_ping received 48 bytes back
Round trip time was 26.8172 milliseconds in repetition 50
tcp_ping received 48 bytes back
Round trip time was 26.1419 milliseconds in repetition 51
tcp_ping received 48 bytes back
Round trip time was 26.622 milliseconds in repetition 52
tcp_ping received 48 bytes back
Round trip time was 28.1346 milliseconds in repetition 53
tcp_ping received 48 bytes back
Round trip time was 27.414 milliseconds in repetition 54
tcp_ping received 48 bytes back
Round trip time was 26.8075 milliseconds in repetition 55
tcp_ping received 48 bytes back
Round trip time was 27.3975 milliseconds in repetition 56
tcp_ping received 48 bytes back
Round trip time was 27.4752 milliseconds in repetition 57
tcp_ping received 48 bytes back
Round trip time was 25.9112 milliseconds in repetition 58
tcp_ping received 48 bytes back
Round trip time was 26.4897 milliseconds in repetition 59
tcp_ping received 48 bytes back
Round trip time was 26.5552 milliseconds in repetition 60
tcp_ping received 48 bytes back
Round trip time was 27.9403 milliseconds in repetition 61
tcp_ping received 48 bytes back
Round trip time was 28.067 milliseconds in repetition 62
tcp_ping received 48 bytes back
Round trip time was 25.8854 milliseconds in repetition 63
tcp_ping received 48 bytes back
Round trip time was 25.607 milliseconds in repetition 64
tcp_ping received 48 bytes back
Round trip time was 25.5895 milliseconds in repetition 65
tcp_ping received 48 bytes back
Round trip time was 26.414 milliseconds in repetition 66
tcp_ping received 48 bytes back
Round trip time was 35.3495 milliseconds in repetition 67
tcp_ping received 48 bytes back
Round trip time was 26.9354 milliseconds in repetition 68
tcp_ping received 48 bytes back
Round trip time was 26.3224 milliseconds in repetition 69
tcp_ping received 48 bytes back
Round trip time was 256.794 milliseconds in repetition 70
tcp_ping received 48 bytes back
Round trip time was 28.7151 milliseconds in repetition 71
tcp_ping received 48 bytes back
Round trip time was 25.9562 milliseconds in repetition 72
tcp_ping received 48 bytes back
Round trip time was 27.1377 milliseconds in repetition 73
tcp_ping received 48 bytes back
Round trip time was 27.6966 milliseconds in repetition 74
tcp_ping received 48 bytes back
Round trip time was 27.4334 milliseconds in repetition 75
tcp_ping received 48 bytes back
Round trip time was 26.7247 milliseconds in repetition 76
tcp_ping received 48 bytes back
Round trip time was 26.3845 milliseconds in repetition 77
tcp_ping received 48 bytes back
Round trip time was 26.208 milliseconds in repetition 78
tcp_ping received 48 bytes back
Round trip time was 25.8336 milliseconds in repetition 79
tcp_ping received 48 bytes back
Round trip time was 26.9727 milliseconds in repetition 80
tcp_ping received 48 bytes back
Round trip time was 28.202 milliseconds in repetition 81
tcp_ping received 48 bytes back
Round trip time was 26.9905 milliseconds in repetition 82
tcp_ping received 48 bytes back
Round trip time was 26.4816 milliseconds in repetition 83
tcp_ping received 48 bytes back
Round trip time was 26.7947 milliseconds in repetition 84
tcp_ping received 48 bytes back
Round trip time was 26.1105 milliseconds in repetition 85
tcp_ping received 48 bytes back
Round trip time was 29.4111 milliseconds in repetition 86
tcp_ping received 48 bytes back
Round trip time was 25.4613 milliseconds in repetition 87
tcp_ping received 48 bytes back
Round trip time was 26.3395 milliseconds in repetition 88
tcp_ping received 48 bytes back
Round trip time was 25.5145 milliseconds in repetition 89
tcp_ping received 48 bytes back
Round trip time was 27.1541 milliseconds in repetition 90
tcp_ping received 48 bytes back
Round trip time was 26.5158 milliseconds in repetition 91
tcp_ping received 48 bytes back
Round trip time was 26.1754 milliseconds in repetition 92
tcp_ping received 48 bytes back
Round trip time was 30.4146 milliseconds in repetition 93
tcp_ping received 48 bytes back
Round trip time was 25.4738 milliseconds in repetition 94
tcp_ping received 48 bytes back
Round trip time was 26.4427 milliseconds in repetition 95
tcp_ping received 48 bytes back
Round trip time was 26.3359 milliseconds in repetition 96
tcp_ping received 48 bytes back
Round trip time was 26.7856 milliseconds in repetition 97
tcp_ping received 48 bytes back
Round trip time was 25.3632 milliseconds in repetition 98
tcp_ping received 48 bytes back
Round trip time was 25.8459 milliseconds in repetition 99
tcp_ping received 48 bytes back
Round trip time was 25.8303 milliseconds in repetition 100
tcp_ping received 48 bytes back
Round trip time was 27.4896 milliseconds in repetition 101
tcp_ping received 48 bytes back
Round trip time was 28.1712 milliseconds in repetition 102
tcp_ping received 48 bytes back
Round trip time was 41.4855 milliseconds in repetition 103
tcp_ping received 48 bytes back
Round trip time was 40.108 milliseconds in repetition 104
tcp_ping received 48 bytes back
Round trip time was 28.0867 milliseconds in repetition 105
tcp_ping received 48 bytes back
Round trip time was 26.8676 milliseconds in repetition 106
tcp_ping received 48 bytes back
Round trip time was 28.2734 milliseconds in repetition 107
tcp_ping received 48 bytes back
Round trip time was 26.1356 milliseconds in repetition 108
tcp_ping received 48 bytes back
Round trip time was 25.826 milliseconds in repetition 109
tcp_ping received 48 bytes back
Round trip time was 26.0372 milliseconds in repetition 110
tcp_ping received 48 bytes back
Round trip time was 29.2566 milliseconds in repetition 111
tcp_ping received 48 bytes back
Round trip time was 26.8664 milliseconds in repetition 112
tcp_ping received 48 bytes back
Round trip time was 25.9132 milliseconds in repetition 113
tcp_ping received 48 bytes back
Round trip time was 25.9847 milliseconds in repetition 114
tcp_ping received 48 bytes back
Round trip time was 26.3252 milliseconds in repetition 115
tcp_ping received 48 bytes back
Round trip time was 25.6901 milliseconds in repetition 116
tcp_ping received 48 bytes back
Round trip time was 26.1719 milliseconds in repetition 117
tcp_ping received 48 bytes back
Round trip time was 25.7731 milliseconds in repetition 118
tcp_ping received 48 bytes back
Round trip time was 25.9285 milliseconds in repetition 119
tcp_ping received 48 bytes back
Round trip time was 25.6782 milliseconds in repetition 120
tcp_ping received 48 bytes back
Round trip time was 26.0632 milliseconds in repetition 121
tcp_ping received 48 bytes back
Round trip time was 26.075 milliseconds in repetition 122
tcp_ping received 48 bytes back
Round trip time was 26.157 milliseconds in repetition 123
tcp_ping received 48 bytes back
Round trip time was 32.5214 milliseconds in repetition 124
tcp_ping received 48 bytes back
Round trip time was 29.1872 milliseconds in repetition 125
tcp_ping received 48 bytes back
Round trip time was 29.4146 milliseconds in repetition 126
tcp_ping received 48 bytes back
Round trip time was 28.38 milliseconds in repetition 127
tcp_ping received 48 bytes back
Round trip time was 26.0189 milliseconds in repetition 128
tcp_ping received 48 bytes back
Round trip time was 26.3093 milliseconds in repetition 129
tcp_ping received 48 bytes back
Round trip time was 25.6839 milliseconds in repetition 130
tcp_ping received 48 bytes back
Round trip time was 25.463 milliseconds in repetition 131
tcp_ping received 48 bytes back
Round trip time was 25.5127 milliseconds in repetition 132
tcp_ping received 48 bytes back
Round trip time was 26.2499 milliseconds in repetition 133
tcp_ping received 48 bytes back
Round trip time was 27.0359 milliseconds in repetition 134
tcp_ping received 48 bytes back
Round trip time was 25.4387 milliseconds in repetition 135
tcp_ping received 48 bytes back
Round trip time was 25.8085 milliseconds in repetition 136
tcp_ping received 48 bytes back
Round trip time was 26.0117 milliseconds in repetition 137
tcp_ping received 48 bytes back
Round trip time was 28.6106 milliseconds in repetition 138
tcp_ping received 48 bytes back
Round trip time was 26.2194 milliseconds in repetition 139
tcp_ping received 48 bytes back
Round trip time was 26.7265 milliseconds in repetition 140
tcp_ping received 48 bytes back
Round trip time was 26.4163 milliseconds in repetition 141
tcp_ping received 48 bytes back
Round trip time was 27.4478 milliseconds in repetition 142
tcp_ping received 48 bytes back
Round trip time was 27.7483 milliseconds in repetition 143
tcp_ping received 48 bytes back
Round trip time was 26.3345 milliseconds in repetition 144
tcp_ping received 48 bytes back
Round trip time was 26.0275 milliseconds in repetition 145
tcp_ping received 48 bytes back
Round trip time was 27.4497 milliseconds in repetition 146
tcp_ping received 48 bytes back
Round trip time was 26.1593 milliseconds in repetition 147
tcp_ping received 48 bytes back
Round trip time was 26.1513 milliseconds in repetition 148
tcp_ping received 48 bytes back
Round trip time was 26.0026 milliseconds in repetition 149
tcp_ping received 48 bytes back
Round trip time was 26.4187 milliseconds in repetition 150
tcp_ping received 48 bytes back
Round trip time was 26.4366 milliseconds in repetition 151
tcp_ping received 48 bytes back
Round trip time was 25.8041 milliseconds in repetition 152
tcp_ping received 48 bytes back
Round trip time was 25.7799 milliseconds in repetition 153
tcp_ping received 48 bytes back
Round trip time was 27.1826 milliseconds in repetition 154
tcp_ping received 48 bytes back
Round trip time was 27.6877 milliseconds in repetition 155
tcp_ping received 48 bytes back
Round trip time was 28.3119 milliseconds in repetition 156
tcp_ping received 48 bytes back
Round trip time was 26.0897 milliseconds in repetition 157
tcp_ping received 48 bytes back
Round trip time was 26.0989 milliseconds in repetition 158
tcp_ping received 48 bytes back
Round trip time was 27.1831 milliseconds in repetition 159
tcp_ping received 48 bytes back
Round trip time was 26.0661 milliseconds in repetition 160
tcp_ping received 48 bytes back
Round trip time was 26.4025 milliseconds in repetition 161
tcp_ping received 48 bytes back
Round trip time was 27.7923 milliseconds in repetition 162
tcp_ping received 48 bytes back
Round trip time was 27.7333 milliseconds in repetition 163
tcp_ping received 48 bytes back
Round trip time was 25.8198 milliseconds in repetition 164
tcp_ping received 48 bytes back
Round trip time was 26.196 milliseconds in repetition 165
tcp_ping received 48 bytes back
Round trip time was 27.0672 milliseconds in repetition 166
tcp_ping received 48 bytes back
Round trip time was 29.9711 milliseconds in repetition 167
tcp_ping received 48 bytes back
Round trip time was 26.6847 milliseconds in repetition 168
tcp_ping received 48 bytes back
Round trip time was 27.3224 milliseconds in repetition 169
tcp_ping received 48 bytes back
Round trip time was 28.5546 milliseconds in repetition 170
tcp_ping received 48 bytes back
Round trip time was 25.7688 milliseconds in repetition 171
tcp_ping received 48 bytes back
Round trip time was 26.5627 milliseconds in repetition 172
tcp_ping received 48 bytes back
Round trip time was 27.8806 milliseconds in repetition 173
tcp_ping received 48 bytes back
Round trip time was 26.4189 milliseconds in repetition 174
tcp_ping received 48 bytes back
Round trip time was 26.1609 milliseconds in repetition 175
tcp_ping received 48 bytes back
Round trip time was 26.8644 milliseconds in repetition 176
tcp_ping received 48 bytes back
Round trip time was 26.0918 milliseconds in repetition 177
tcp_ping received 48 bytes back
Round trip time was 26.8362 milliseconds in repetition 178
tcp_ping received 48 bytes back
Round trip time was 26.0884 milliseconds in repetition 179
tcp_ping received 48 bytes back
Round trip time was 26.2411 milliseconds in repetition 180
tcp_ping received 48 bytes back
Round trip time was 27.2485 milliseconds in repetition 181
tcp_ping received 48 bytes back
Round trip time was 26.2067 milliseconds in repetition 182
tcp_ping received 48 bytes back
Round trip time was 26.1902 milliseconds in repetition 183
tcp_ping received 48 bytes back
Round trip time was 26.4851 milliseconds in repetition 184
tcp_ping received 48 bytes back
Round trip time was 26.8862 milliseconds in repetition 185
tcp_ping received 48 bytes back
Round trip time was 28.7586 milliseconds in repetition 186
tcp_ping received 48 bytes back
Round trip time was 27.0716 milliseconds in repetition 187
tcp_ping received 48 bytes back
Round trip time was 26.1284 milliseconds in repetition 188
tcp_ping received 48 bytes back
Round trip time was 28.8118 milliseconds in repetition 189
tcp_ping received 48 bytes back
Round trip time was 31.6329 milliseconds in repetition 190
tcp_ping received 48 bytes back
Round trip time was 26.353 milliseconds in repetition 191
tcp_ping received 48 bytes back
Round trip time was 26.2866 milliseconds in repetition 192
tcp_ping received 48 bytes back
Round trip time was 26.364 milliseconds in repetition 193
tcp_ping received 48 bytes back
Round trip time was 26.2813 milliseconds in repetition 194
tcp_ping received 48 bytes back
Round trip time was 26.3171 milliseconds in repetition 195
tcp_ping received 48 bytes back
Round trip time was 26.1886 milliseconds in repetition 196
tcp_ping received 48 bytes back
Round trip time was 26.69 milliseconds in repetition 197
tcp_ping received 48 bytes back
Round trip time was 27.2666 milliseconds in repetition 198
tcp_ping received 48 bytes back
Round trip time was 26.8438 milliseconds in repetition 199
tcp_ping received 48 bytes back
Round trip time was 26.2214 milliseconds in repetition 200
tcp_ping received 48 bytes back
Round trip time was 26.8745 milliseconds in repetition 201
tcp_ping received 48 bytes back
Round trip time was 27.8723 milliseconds in repetition 202
tcp_ping received 48 bytes back
Round trip time was 28.6836 milliseconds in repetition 203
tcp_ping received 48 bytes back
Round trip time was 27.0955 milliseconds in repetition 204
tcp_ping received 48 bytes back
Round trip time was 25.9001 milliseconds in repetition 205
tcp_ping received 48 bytes back
Round trip time was 31.0722 milliseconds in repetition 206
tcp_ping received 48 bytes back
Round trip time was 26.2544 milliseconds in repetition 207
tcp_ping received 48 bytes back
Round trip time was 42.1364 milliseconds in repetition 208
tcp_ping received 48 bytes back
Round trip time was 25.8585 milliseconds in repetition 209
tcp_ping received 48 bytes back
Round trip time was 25.6714 milliseconds in repetition 210
tcp_ping received 48 bytes back
Round trip time was 26.1774 milliseconds in repetition 211
tcp_ping received 48 bytes back
Round trip time was 26.8032 milliseconds in repetition 212
tcp_ping received 48 bytes back
Round trip time was 27.5856 milliseconds in repetition 213
tcp_ping received 48 bytes back
Round trip time was 26.0804 milliseconds in repetition 214
tcp_ping received 48 bytes back
Round trip time was 26.2928 milliseconds in repetition 215
tcp_ping received 48 bytes back
Round trip time was 26.271 milliseconds in repetition 216
tcp_ping received 48 bytes back
Round trip time was 27.7016 milliseconds in repetition 217
tcp_ping received 48 bytes back
Round trip time was 30.7838 milliseconds in repetition 218
tcp_ping received 48 bytes back
Round trip time was 33.2024 milliseconds in repetition 219
tcp_ping received 48 bytes back
Round trip time was 30.2285 milliseconds in repetition 220
tcp_ping received 48 bytes back
Round trip time was 26.2763 milliseconds in repetition 221
tcp_ping received 48 bytes back
Round trip time was 26.0633 milliseconds in repetition 222
tcp_ping received 48 bytes back
Round trip time was 25.645 milliseconds in repetition 223
tcp_ping received 48 bytes back
Round trip time was 26.118 milliseconds in repetition 224
tcp_ping received 48 bytes back
Round trip time was 28.3808 milliseconds in repetition 225
tcp_ping received 48 bytes back
Round trip time was 26.6659 milliseconds in repetition 226
tcp_ping received 48 bytes back
Round trip time was 26.4309 milliseconds in repetition 227
tcp_ping received 48 bytes back
Round trip time was 25.9825 milliseconds in repetition 228
tcp_ping received 48 bytes back
Round trip time was 25.6023 milliseconds in repetition 229
tcp_ping received 48 bytes back
Round trip time was 25.8338 milliseconds in repetition 230
tcp_ping received 48 bytes back
Round trip time was 26.7283 milliseconds in repetition 231
tcp_ping received 48 bytes back
Round trip time was 26.0871 milliseconds in repetition 232
tcp_ping received 48 bytes back
Round trip time was 26.5207 milliseconds in repetition 233
tcp_ping received 48 bytes back
Round trip time was 27.5333 milliseconds in repetition 234
tcp_ping received 48 bytes back
Round trip time was 26.4568 milliseconds in repetition 235
tcp_ping received 48 bytes back
Round trip time was 37.6298 milliseconds in repetition 236
tcp_ping received 48 bytes back
Round trip time was 27.4466 milliseconds in repetition 237
tcp_ping received 48 bytes back
Round trip time was 25.7861 milliseconds in repetition 238
tcp_ping received 48 bytes back
Round trip time was 26.0541 milliseconds in repetition 239
tcp_ping received 48 bytes back
Round trip time was 25.8673 milliseconds in repetition 240
tcp_ping received 48 bytes back
Round trip time was 26.0873 milliseconds in repetition 241
tcp_ping received 48 bytes back
Round trip time was 28.452 milliseconds in repetition 242
tcp_ping received 48 bytes back
Round trip time was 25.9356 milliseconds in repetition 243
tcp_ping received 48 bytes back
Round trip time was 26.1356 milliseconds in repetition 244
tcp_ping received 48 bytes back
Round trip time was 26.0483 milliseconds in repetition 245
tcp_ping received 48 bytes back
Round trip time was 26.2491 milliseconds in repetition 246
tcp_ping received 48 bytes back
Round trip time was 26.528 milliseconds in repetition 247
tcp_ping received 48 bytes back
Round trip time was 28.4901 milliseconds in repetition 248
tcp_ping received 48 bytes back
Round trip time was 27.4261 milliseconds in repetition 249
tcp_ping received 48 bytes back
Round trip time was 26.0274 milliseconds in repetition 250
tcp_ping received 48 bytes back
Round trip time was 26.1274 milliseconds in repetition 251
tcp_ping received 48 bytes back
Round trip time was 26.5092 milliseconds in repetition 252
tcp_ping received 48 bytes back
Round trip time was 26.4708 milliseconds in repetition 253
tcp_ping received 48 bytes back
Round trip time was 27.2145 milliseconds in repetition 254
tcp_ping received 48 bytes back
Round trip time was 27.0336 milliseconds in repetition 255
tcp_ping received 48 bytes back
Round trip time was 26.4369 milliseconds in repetition 256
tcp_ping received 48 bytes back
Round trip time was 26.348 milliseconds in repetition 257
tcp_ping received 48 bytes back
Round trip time was 27.5456 milliseconds in repetition 258
tcp_ping received 48 bytes back
Round trip time was 26.1702 milliseconds in repetition 259
tcp_ping received 48 bytes back
Round trip time was 26.1935 milliseconds in repetition 260
tcp_ping received 48 bytes back
Round trip time was 28.0609 milliseconds in repetition 261
tcp_ping received 48 bytes back
Round trip time was 25.8102 milliseconds in repetition 262
tcp_ping received 48 bytes back
Round trip time was 26.5602 milliseconds in repetition 263
tcp_ping received 48 bytes back
Round trip time was 28.4419 milliseconds in repetition 264
tcp_ping received 48 bytes back
Round trip time was 29.0318 milliseconds in repetition 265
tcp_ping received 48 bytes back
Round trip time was 25.5872 milliseconds in repetition 266
tcp_ping received 48 bytes back
Round trip time was 27.2008 milliseconds in repetition 267
tcp_ping received 48 bytes back
Round trip time was 26.1958 milliseconds in repetition 268
tcp_ping received 48 bytes back
Round trip time was 25.9831 milliseconds in repetition 269
tcp_ping received 48 bytes back
Round trip time was 26.3547 milliseconds in repetition 270
tcp_ping received 48 bytes back
Round trip time was 26.5395 milliseconds in repetition 271
tcp_ping received 48 bytes back
Round trip time was 26.028 milliseconds in repetition 272
tcp_ping received 48 bytes back
Round trip time was 28.2389 milliseconds in repetition 273
tcp_ping received 48 bytes back
Round trip time was 25.9085 milliseconds in repetition 274
tcp_ping received 48 bytes back
Round trip time was 29.3071 milliseconds in repetition 275
tcp_ping received 48 bytes back
Round trip time was 26.6438 milliseconds in repetition 276
tcp_ping received 48 bytes back
Round trip time was 25.6607 milliseconds in repetition 277
tcp_ping received 48 bytes back
Round trip time was 27.6295 milliseconds in repetition 278
tcp_ping received 48 bytes back
Round trip time was 27.1936 milliseconds in repetition 279
tcp_ping received 48 bytes back
Round trip time was 26.1313 milliseconds in repetition 280
tcp_ping received 48 bytes back
Round trip time was 25.7844 milliseconds in repetition 281
tcp_ping received 48 bytes back
Round trip time was 27.5609 milliseconds in repetition 282
tcp_ping received 48 bytes back
Round trip time was 26.0653 milliseconds in repetition 283
tcp_ping received 48 bytes back
Round trip time was 27.8461 milliseconds in repetition 284
tcp_ping received 48 bytes back
Round trip time was 29.6644 milliseconds in repetition 285
tcp_ping received 48 bytes back
Round trip time was 30.1307 milliseconds in repetition 286
tcp_ping received 48 bytes back
Round trip time was 25.8618 milliseconds in repetition 287
tcp_ping received 48 bytes back
Round trip time was 25.4532 milliseconds in repetition 288
tcp_ping received 48 bytes back
Round trip time was 25.4778 milliseconds in repetition 289
tcp_ping received 48 bytes back
Round trip time was 27.1727 milliseconds in repetition 290
tcp_ping received 48 bytes back
Round trip time was 28.1077 milliseconds in repetition 291
tcp_ping received 48 bytes back
Round trip time was 27.4377 milliseconds in repetition 292
tcp_ping received 48 bytes back
Round trip time was 26.3491 milliseconds in repetition 293
tcp_ping received 48 bytes back
Round trip time was 26.2874 milliseconds in repetition 294
tcp_ping received 48 bytes back
Round trip time was 27.8251 milliseconds in repetition 295
tcp_ping received 48 bytes back
Round trip time was 26.2684 milliseconds in repetition 296
tcp_ping received 48 bytes back
Round trip time was 25.9561 milliseconds in repetition 297
tcp_ping received 48 bytes back
Round trip time was 25.6545 milliseconds in repetition 298
tcp_ping received 48 bytes back
Round trip time was 25.9618 milliseconds in repetition 299
tcp_ping received 48 bytes back
Round trip time was 26.216 milliseconds in repetition 300
tcp_ping received 48 bytes back
Round trip time was 28.1942 milliseconds in repetition 301
tcp_ping received 48 bytes back
Round trip time was 27.2369 milliseconds in repetition 302
tcp_ping received 48 bytes back
Round trip time was 25.477 milliseconds in repetition 303
tcp_ping received 48 bytes back
Round trip time was 28.6891 milliseconds in repetition 304
tcp_ping received 48 bytes back
Round trip time was 29.7564 milliseconds in repetition 305
tcp_ping received 48 bytes back
Round trip time was 83.8226 milliseconds in repetition 306
tcp_ping received 48 bytes back
Round trip time was 28.1999 milliseconds in repetition 307
tcp_ping received 48 bytes back
Round trip time was 26.414 milliseconds in repetition 308
tcp_ping received 48 bytes back
Round trip time was 27.141 milliseconds in repetition 309
tcp_ping received 48 bytes back
Round trip time was 29.1962 milliseconds in repetition 310
tcp_ping received 48 bytes back
Round trip time was 25.6815 milliseconds in repetition 311
tcp_ping received 48 bytes back
Round trip time was 28.0833 milliseconds in repetition 312
tcp_ping received 48 bytes back
Round trip time was 26.9159 milliseconds in repetition 313
tcp_ping received 48 bytes back
Round trip time was 25.909 milliseconds in repetition 314
tcp_ping received 48 bytes back
Round trip time was 27.1193 milliseconds in repetition 315
tcp_ping received 48 bytes back
Round trip time was 26.24 milliseconds in repetition 316
tcp_ping received 48 bytes back
Round trip time was 26.0814 milliseconds in repetition 317
tcp_ping received 48 bytes back
Round trip time was 27.7375 milliseconds in repetition 318
tcp_ping received 48 bytes back
Round trip time was 28.3829 milliseconds in repetition 319
tcp_ping received 48 bytes back
Round trip time was 26.2223 milliseconds in repetition 320
tcp_ping received 48 bytes back
Round trip time was 26.5581 milliseconds in repetition 321
tcp_ping received 48 bytes back
Round trip time was 28.7067 milliseconds in repetition 322
tcp_ping received 48 bytes back
Round trip time was 27.5206 milliseconds in repetition 323
tcp_ping received 48 bytes back
Round trip time was 27.9034 milliseconds in repetition 324
tcp_ping received 48 bytes back
Round trip time was 26.0218 milliseconds in repetition 325
tcp_ping received 48 bytes back
Round trip time was 26.1217 milliseconds in repetition 326
tcp_ping received 48 bytes back
Round trip time was 26.3142 milliseconds in repetition 327
tcp_ping received 48 bytes back
Round trip time was 26.2047 milliseconds in repetition 328
tcp_ping received 48 bytes back
Round trip time was 25.6422 milliseconds in repetition 329
tcp_ping received 48 bytes back
Round trip time was 25.9999 milliseconds in repetition 330
tcp_ping received 48 bytes back
Round trip time was 26.6085 milliseconds in repetition 331
tcp_ping received 48 bytes back
Round trip time was 27.8235 milliseconds in repetition 332
tcp_ping received 48 bytes back
Round trip time was 26.2762 milliseconds in repetition 333
tcp_ping received 48 bytes back
Round trip time was 26.6146 milliseconds in repetition 334
tcp_ping received 48 bytes back
Round trip time was 27.3332 milliseconds in repetition 335
tcp_ping received 48 bytes back
Round trip time was 26.2474 milliseconds in repetition 336
tcp_ping received 48 bytes back
Round trip time was 28.0903 milliseconds in repetition 337
tcp_ping received 48 bytes back
Round trip time was 27.3657 milliseconds in repetition 338
tcp_ping received 48 bytes back
Round trip time was 27.0628 milliseconds in repetition 339
tcp_ping received 48 bytes back
Round trip time was 29.2213 milliseconds in repetition 340
tcp_ping received 48 bytes back
Round trip time was 26.2894 milliseconds in repetition 341
tcp_ping received 48 bytes back
Round trip time was 26.6819 milliseconds in repetition 342
tcp_ping received 48 bytes back
Round trip time was 26.5724 milliseconds in repetition 343
tcp_ping received 48 bytes back
Round trip time was 28.0342 milliseconds in repetition 344
tcp_ping received 48 bytes back
Round trip time was 26.7507 milliseconds in repetition 345
tcp_ping received 48 bytes back
Round trip time was 28.3663 milliseconds in repetition 346
tcp_ping received 48 bytes back
Round trip time was 27.2894 milliseconds in repetition 347
tcp_ping received 48 bytes back
Round trip time was 27.0624 milliseconds in repetition 348
tcp_ping received 48 bytes back
Round trip time was 26.4725 milliseconds in repetition 349
tcp_ping received 48 bytes back
Round trip time was 28.2819 milliseconds in repetition 350
tcp_ping received 48 bytes back
Round trip time was 26.02 milliseconds in repetition 351
tcp_ping received 48 bytes back
Round trip time was 26.5303 milliseconds in repetition 352
tcp_ping received 48 bytes back
Round trip time was 26.4802 milliseconds in repetition 353
tcp_ping received 48 bytes back
Round trip time was 26.0957 milliseconds in repetition 354
tcp_ping received 48 bytes back
Round trip time was 27.1248 milliseconds in repetition 355
tcp_ping received 48 bytes back
Round trip time was 26.5271 milliseconds in repetition 356
tcp_ping received 48 bytes back
Round trip time was 25.9004 milliseconds in repetition 357
tcp_ping received 48 bytes back
Round trip time was 27.2783 milliseconds in repetition 358
tcp_ping received 48 bytes back
Round trip time was 26.2481 milliseconds in repetition 359
tcp_ping received 48 bytes back
Round trip time was 25.4839 milliseconds in repetition 360
tcp_ping received 48 bytes back
Round trip time was 26.0595 milliseconds in repetition 361
tcp_ping received 48 bytes back
Round trip time was 26.6875 milliseconds in repetition 362
tcp_ping received 48 bytes back
Round trip time was 26.9285 milliseconds in repetition 363
tcp_ping received 48 bytes back
Round trip time was 28.2856 milliseconds in repetition 364
tcp_ping received 48 bytes back
Round trip time was 25.9435 milliseconds in repetition 365
tcp_ping received 48 bytes back
Round trip time was 26.3229 milliseconds in repetition 366
tcp_ping received 48 bytes back
Round trip time was 26.3169 milliseconds in repetition 367
tcp_ping received 48 bytes back
Round trip time was 25.53 milliseconds in repetition 368
tcp_ping received 48 bytes back
Round trip time was 25.8845 milliseconds in repetition 369
tcp_ping received 48 bytes back
Round trip time was 26.3899 milliseconds in repetition 370
tcp_ping received 48 bytes back
Round trip time was 25.6792 milliseconds in repetition 371
tcp_ping received 48 bytes back
Round trip time was 32.2399 milliseconds in repetition 372
tcp_ping received 48 bytes back
Round trip time was 29.5926 milliseconds in repetition 373
tcp_ping received 48 bytes back
Round trip time was 27.41 milliseconds in repetition 374
tcp_ping received 48 bytes back
Round trip time was 26.4242 milliseconds in repetition 375
tcp_ping received 48 bytes back
Round trip time was 28.4447 milliseconds in repetition 376
tcp_ping received 48 bytes back
Round trip time was 26.7387 milliseconds in repetition 377
tcp_ping received 48 bytes back
Round trip time was 26.9385 milliseconds in repetition 378
tcp_ping received 48 bytes back
Round trip time was 25.9973 milliseconds in repetition 379
tcp_ping received 48 bytes back
Round trip time was 29.0002 milliseconds in repetition 380
tcp_ping received 48 bytes back
Round trip time was 47.8629 milliseconds in repetition 381
tcp_ping received 48 bytes back
Round trip time was 25.9363 milliseconds in repetition 382
tcp_ping received 48 bytes back
Round trip time was 28.1752 milliseconds in repetition 383
tcp_ping received 48 bytes back
Round trip time was 28.6703 milliseconds in repetition 384
tcp_ping received 48 bytes back
Round trip time was 26.8603 milliseconds in repetition 385
tcp_ping received 48 bytes back
Round trip time was 25.9408 milliseconds in repetition 386
tcp_ping received 48 bytes back
Round trip time was 51.787 milliseconds in repetition 387
tcp_ping received 48 bytes back
Round trip time was 25.8251 milliseconds in repetition 388
tcp_ping received 48 bytes back
Round trip time was 26.5024 milliseconds in repetition 389
tcp_ping received 48 bytes back
Round trip time was 45.1542 milliseconds in repetition 390
tcp_ping received 48 bytes back
Round trip time was 26.3968 milliseconds in repetition 391
tcp_ping received 48 bytes back
Round trip time was 26.8101 milliseconds in repetition 392
tcp_ping received 48 bytes back
Round trip time was 45.151 milliseconds in repetition 393
tcp_ping received 48 bytes back
Round trip time was 27.2912 milliseconds in repetition 394
tcp_ping received 48 bytes back
Round trip time was 26.7254 milliseconds in repetition 395
tcp_ping received 48 bytes back
Round trip time was 45.742 milliseconds in repetition 396
tcp_ping received 48 bytes back
Round trip time was 29.4063 milliseconds in repetition 397
tcp_ping received 48 bytes back
Round trip time was 27.899 milliseconds in repetition 398
tcp_ping received 48 bytes back
Round trip time was 57.9643 milliseconds in repetition 399
tcp_ping received 48 bytes back
Round trip time was 28.0739 milliseconds in repetition 400
tcp_ping received 48 bytes back
Round trip time was 27.4839 milliseconds in repetition 401
tcp_ping received 48 bytes back
Round trip time was 44.2169 milliseconds in repetition 402
tcp_ping received 48 bytes back
Round trip time was 28.0674 milliseconds in repetition 403
tcp_ping received 48 bytes back
Round trip time was 26.0926 milliseconds in repetition 404
tcp_ping received 48 bytes back
Round trip time was 25.9951 milliseconds in repetition 405
tcp_ping received 48 bytes back
Round trip time was 25.6422 milliseconds in repetition 406
tcp_ping received 48 bytes back
Round trip time was 26.1927 milliseconds in repetition 407
tcp_ping received 48 bytes back
Round trip time was 26.367 milliseconds in repetition 408
tcp_ping received 48 bytes back
Round trip time was 26.2679 milliseconds in repetition 409
tcp_ping received 48 bytes back
Round trip time was 27.9523 milliseconds in repetition 410
tcp_ping received 48 bytes back
Round trip time was 26.5079 milliseconds in repetition 411
tcp_ping received 48 bytes back
Round trip time was 42.1569 milliseconds in repetition 412
tcp_ping received 48 bytes back
Round trip time was 46.7521 milliseconds in repetition 413
tcp_ping received 48 bytes back
Round trip time was 26.9612 milliseconds in repetition 414
tcp_ping received 48 bytes back
Round trip time was 26.044 milliseconds in repetition 415
tcp_ping received 48 bytes back
Round trip time was 45.7753 milliseconds in repetition 416
tcp_ping received 48 bytes back
Round trip time was 27.4803 milliseconds in repetition 417
tcp_ping received 48 bytes back
Round trip time was 25.527 milliseconds in repetition 418
tcp_ping received 48 bytes back
Round trip time was 44.9655 milliseconds in repetition 419
tcp_ping received 48 bytes back
Round trip time was 30.0401 milliseconds in repetition 420
tcp_ping received 48 bytes back
Round trip time was 27.301 milliseconds in repetition 421
tcp_ping received 48 bytes back
Round trip time was 26.0049 milliseconds in repetition 422
tcp_ping received 48 bytes back
Round trip time was 26.2739 milliseconds in repetition 423
tcp_ping received 48 bytes back
Round trip time was 26.1537 milliseconds in repetition 424
tcp_ping received 48 bytes back
Round trip time was 26.109 milliseconds in repetition 425
tcp_ping received 48 bytes back
Round trip time was 33.5362 milliseconds in repetition 426
tcp_ping received 48 bytes back
Round trip time was 39.2077 milliseconds in repetition 427
tcp_ping received 48 bytes back
Round trip time was 25.8124 milliseconds in repetition 428
tcp_ping received 48 bytes back
Round trip time was 27.1269 milliseconds in repetition 429
tcp_ping received 48 bytes back
Round trip time was 44.1809 milliseconds in repetition 430
tcp_ping received 48 bytes back
Round trip time was 28.0592 milliseconds in repetition 431
tcp_ping received 48 bytes back
Round trip time was 28.4773 milliseconds in repetition 432
tcp_ping received 48 bytes back
Round trip time was 39.6778 milliseconds in repetition 433
tcp_ping received 48 bytes back
Round trip time was 26.4541 milliseconds in repetition 434
tcp_ping received 48 bytes back
Round trip time was 25.9135 milliseconds in repetition 435
tcp_ping received 48 bytes back
Round trip time was 44.9299 milliseconds in repetition 436
tcp_ping received 48 bytes back
Round trip time was 26.6121 milliseconds in repetition 437
tcp_ping received 48 bytes back
Round trip time was 26.441 milliseconds in repetition 438
tcp_ping received 48 bytes back
Round trip time was 28.5195 milliseconds in repetition 439
tcp_ping received 48 bytes back
Round trip time was 34.2963 milliseconds in repetition 440
tcp_ping received 48 bytes back
Round trip time was 28.3204 milliseconds in repetition 441
tcp_ping received 48 bytes back
Round trip time was 25.7871 milliseconds in repetition 442
tcp_ping received 48 bytes back
Round trip time was 45.0579 milliseconds in repetition 443
tcp_ping received 48 bytes back
Round trip time was 26.4753 milliseconds in repetition 444
tcp_ping received 48 bytes back
Round trip time was 25.6125 milliseconds in repetition 445
tcp_ping received 48 bytes back
Round trip time was 25.7074 milliseconds in repetition 446
tcp_ping received 48 bytes back
Round trip time was 28.8163 milliseconds in repetition 447
tcp_ping received 48 bytes back
Round trip time was 27.1405 milliseconds in repetition 448
tcp_ping received 48 bytes back
Round trip time was 25.9369 milliseconds in repetition 449
tcp_ping received 48 bytes back
Round trip time was 42.1202 milliseconds in repetition 450
tcp_ping received 48 bytes back
Round trip time was 25.8226 milliseconds in repetition 451
tcp_ping received 48 bytes back
Round trip time was 27.0112 milliseconds in repetition 452
tcp_ping received 48 bytes back
Round trip time was 26.7723 milliseconds in repetition 453
tcp_ping received 48 bytes back
Round trip time was 26.0167 milliseconds in repetition 454
tcp_ping received 48 bytes back
Round trip time was 25.7806 milliseconds in repetition 455
tcp_ping received 48 bytes back
Round trip time was 26.4791 milliseconds in repetition 456
tcp_ping received 48 bytes back
Round trip time was 28.1399 milliseconds in repetition 457
tcp_ping received 48 bytes back
Round trip time was 54.1792 milliseconds in repetition 458
tcp_ping received 48 bytes back
Round trip time was 26.0903 milliseconds in repetition 459
tcp_ping received 48 bytes back
Round trip time was 26.9873 milliseconds in repetition 460
tcp_ping received 48 bytes back
Round trip time was 25.5464 milliseconds in repetition 461
tcp_ping received 48 bytes back
Round trip time was 25.6145 milliseconds in repetition 462
tcp_ping received 48 bytes back
Round trip time was 27.5543 milliseconds in repetition 463
tcp_ping received 48 bytes back
Round trip time was 27.1347 milliseconds in repetition 464
tcp_ping received 48 bytes back
Round trip time was 26.0244 milliseconds in repetition 465
tcp_ping received 48 bytes back
Round trip time was 55.3748 milliseconds in repetition 466
tcp_ping received 48 bytes back
Round trip time was 27.5691 milliseconds in repetition 467
tcp_ping received 48 bytes back
Round trip time was 25.9913 milliseconds in repetition 468
tcp_ping received 48 bytes back
Round trip time was 26.5468 milliseconds in repetition 469
tcp_ping received 48 bytes back
Round trip time was 25.8195 milliseconds in repetition 470
tcp_ping received 48 bytes back
Round trip time was 26.1995 milliseconds in repetition 471
tcp_ping received 48 bytes back
Round trip time was 28.2108 milliseconds in repetition 472
tcp_ping received 48 bytes back
Round trip time was 27.9789 milliseconds in repetition 473
tcp_ping received 48 bytes back
Round trip time was 50.0122 milliseconds in repetition 474
tcp_ping received 48 bytes back
Round trip time was 28.1963 milliseconds in repetition 475
tcp_ping received 48 bytes back
Round trip time was 26.9698 milliseconds in repetition 476
tcp_ping received 48 bytes back
Round trip time was 26.596 milliseconds in repetition 477
tcp_ping received 48 bytes back
Round trip time was 27.7937 milliseconds in repetition 478
tcp_ping received 48 bytes back
Round trip time was 33.9726 milliseconds in repetition 479
tcp_ping received 48 bytes back
Round trip time was 28.206 milliseconds in repetition 480
tcp_ping received 48 bytes back
Round trip time was 26.5238 milliseconds in repetition 481
tcp_ping received 48 bytes back
Round trip time was 40.205 milliseconds in repetition 482
tcp_ping received 48 bytes back
Round trip time was 30.6449 milliseconds in repetition 483
tcp_ping received 48 bytes back
Round trip time was 26.801 milliseconds in repetition 484
tcp_ping received 48 bytes back
Round trip time was 26.0854 milliseconds in repetition 485
tcp_ping received 48 bytes back
Round trip time was 25.9126 milliseconds in repetition 486
tcp_ping received 48 bytes back
Round trip time was 30.0376 milliseconds in repetition 487
tcp_ping received 48 bytes back
Round trip time was 27.4046 milliseconds in repetition 488
tcp_ping received 48 bytes back
Round trip time was 27.5505 milliseconds in repetition 489
tcp_ping received 48 bytes back
Round trip time was 44.7889 milliseconds in repetition 490
tcp_ping received 48 bytes back
Round trip time was 26.0192 milliseconds in repetition 491
tcp_ping received 48 bytes back
Round trip time was 26.516 milliseconds in repetition 492
tcp_ping received 48 bytes back
Round trip time was 26.9097 milliseconds in repetition 493
tcp_ping received 48 bytes back
Round trip time was 25.9648 milliseconds in repetition 494
tcp_ping received 48 bytes back
Round trip time was 26.8299 milliseconds in repetition 495
tcp_ping received 48 bytes back
Round trip time was 30.555 milliseconds in repetition 496
tcp_ping received 48 bytes back
Round trip time was 27.8669 milliseconds in repetition 497
tcp_ping received 48 bytes back
Round trip time was 28.2386 milliseconds in repetition 498
tcp_ping received 48 bytes back
Round trip time was 25.6618 milliseconds in repetition 499
tcp_ping received 48 bytes back
Round trip time was 25.883 milliseconds in repetition 500
tcp_ping received 48 bytes back
Round trip time was 26.1217 milliseconds in repetition 501

 ... clock resolution was 1e-06
TCP Ping:  Statistics over 501 repetitions of 48 byte messages

RTT : percentile 10: 25.8303, median: 26.7008, percentile 90: 29.6644, average: 28.5733, variance: 130.463

RTT histogram:
25.3632 463
36.9348 19
48.5063 15
60.0778 2
71.6494 0
83.2209 1
94.7925 0
106.364 0
117.936 0
129.507 0
141.079 0
152.65 0
164.222 0
175.793 0
187.365 0
198.936 0
210.508 0
222.079 0
233.651 0
245.222 0
256.794 1

   median Throughput : 3.5954 KB/s   overall Throughput : 3.35979 KB/s

