TCP Ping trying to connect to server seti.dibris.unige.it (130.251.61.30) on port 1491

... connected to Pong server: asking for 501 repetitions of 262144 bytes TCP messages
 ... Pong server agreed :-)
tcp_ping received 262144 bytes back
Round trip time was 329.173 milliseconds in repetition 1
tcp_ping received 262144 bytes back
Round trip time was 101.579 milliseconds in repetition 2
tcp_ping received 262144 bytes back
Round trip time was 84.1586 milliseconds in repetition 3
tcp_ping received 262144 bytes back
Round trip time was 86.3811 milliseconds in repetition 4
tcp_ping received 262144 bytes back
Round trip time was 84.556 milliseconds in repetition 5
tcp_ping received 262144 bytes back
Round trip time was 94.7299 milliseconds in repetition 6
tcp_ping received 262144 bytes back
Round trip time was 79.2796 milliseconds in repetition 7
tcp_ping received 262144 bytes back
Round trip time was 72.5494 milliseconds in repetition 8
tcp_ping received 262144 bytes back
Round trip time was 78.1139 milliseconds in repetition 9
tcp_ping received 262144 bytes back
Round trip time was 75.6891 milliseconds in repetition 10
tcp_ping received 262144 bytes back
Round trip time was 72.8521 milliseconds in repetition 11
tcp_ping received 262144 bytes back
Round trip time was 75.8615 milliseconds in repetition 12
tcp_ping received 262144 bytes back
Round trip time was 73.429 milliseconds in repetition 13
tcp_ping received 262144 bytes back
Round trip time was 77.4216 milliseconds in repetition 14
tcp_ping received 262144 bytes back
Round trip time was 70.1273 milliseconds in repetition 15
tcp_ping received 262144 bytes back
Round trip time was 67.736 milliseconds in repetition 16
tcp_ping received 262144 bytes back
Round trip time was 80.5278 milliseconds in repetition 17
tcp_ping received 262144 bytes back
Round trip time was 86.2792 milliseconds in repetition 18
tcp_ping received 262144 bytes back
Round trip time was 111.639 milliseconds in repetition 19
tcp_ping received 262144 bytes back
Round trip time was 87.8174 milliseconds in repetition 20
tcp_ping received 262144 bytes back
Round trip time was 91.2632 milliseconds in repetition 21
tcp_ping received 262144 bytes back
Round trip time was 76.3995 milliseconds in repetition 22
tcp_ping received 262144 bytes back
Round trip time was 72.6581 milliseconds in repetition 23
tcp_ping received 262144 bytes back
Round trip time was 79.3993 milliseconds in repetition 24
tcp_ping received 262144 bytes back
Round trip time was 75.4569 milliseconds in repetition 25
tcp_ping received 262144 bytes back
Round trip time was 88.6401 milliseconds in repetition 26
tcp_ping received 262144 bytes back
Round trip time was 93.9678 milliseconds in repetition 27
tcp_ping received 262144 bytes back
Round trip time was 87.5145 milliseconds in repetition 28
tcp_ping received 262144 bytes back
Round trip time was 89.0915 milliseconds in repetition 29
tcp_ping received 262144 bytes back
Round trip time was 89.4739 milliseconds in repetition 30
tcp_ping received 262144 bytes back
Round trip time was 89.2866 milliseconds in repetition 31
tcp_ping received 262144 bytes back
Round trip time was 84.2519 milliseconds in repetition 32
tcp_ping received 262144 bytes back
Round trip time was 78.8639 milliseconds in repetition 33
tcp_ping received 262144 bytes back
Round trip time was 73.7414 milliseconds in repetition 34
tcp_ping received 262144 bytes back
Round trip time was 76.0497 milliseconds in repetition 35
tcp_ping received 262144 bytes back
Round trip time was 75.1408 milliseconds in repetition 36
tcp_ping received 262144 bytes back
Round trip time was 77.327 milliseconds in repetition 37
tcp_ping received 262144 bytes back
Round trip time was 72.4906 milliseconds in repetition 38
tcp_ping received 262144 bytes back
Round trip time was 71.8225 milliseconds in repetition 39
tcp_ping received 262144 bytes back
Round trip time was 69.5601 milliseconds in repetition 40
tcp_ping received 262144 bytes back
Round trip time was 86.1472 milliseconds in repetition 41
tcp_ping received 262144 bytes back
Round trip time was 73.9781 milliseconds in repetition 42
tcp_ping received 262144 bytes back
Round trip time was 79.1938 milliseconds in repetition 43
tcp_ping received 262144 bytes back
Round trip time was 74.9728 milliseconds in repetition 44
tcp_ping received 262144 bytes back
Round trip time was 74.2184 milliseconds in repetition 45
tcp_ping received 262144 bytes back
Round trip time was 89.7334 milliseconds in repetition 46
tcp_ping received 262144 bytes back
Round trip time was 98.4739 milliseconds in repetition 47
tcp_ping received 262144 bytes back
Round trip time was 80.2924 milliseconds in repetition 48
tcp_ping received 262144 bytes back
Round trip time was 78.1168 milliseconds in repetition 49
tcp_ping received 262144 bytes back
Round trip time was 92.4581 milliseconds in repetition 50
tcp_ping received 262144 bytes back
Round trip time was 86.9506 milliseconds in repetition 51
tcp_ping received 262144 bytes back
Round trip time was 86.3259 milliseconds in repetition 52
tcp_ping received 262144 bytes back
Round trip time was 88.852 milliseconds in repetition 53
tcp_ping received 262144 bytes back
Round trip time was 92.1378 milliseconds in repetition 54
tcp_ping received 262144 bytes back
Round trip time was 73.6191 milliseconds in repetition 55
tcp_ping received 262144 bytes back
Round trip time was 86.1381 milliseconds in repetition 56
tcp_ping received 262144 bytes back
Round trip time was 85.2418 milliseconds in repetition 57
tcp_ping received 262144 bytes back
Round trip time was 79.2874 milliseconds in repetition 58
tcp_ping received 262144 bytes back
Round trip time was 90.1084 milliseconds in repetition 59
tcp_ping received 262144 bytes back
Round trip time was 86.585 milliseconds in repetition 60
tcp_ping received 262144 bytes back
Round trip time was 75.6754 milliseconds in repetition 61
tcp_ping received 262144 bytes back
Round trip time was 76.7081 milliseconds in repetition 62
tcp_ping received 262144 bytes back
Round trip time was 74.976 milliseconds in repetition 63
tcp_ping received 262144 bytes back
Round trip time was 85.0461 milliseconds in repetition 64
tcp_ping received 262144 bytes back
Round trip time was 83.347 milliseconds in repetition 65
tcp_ping received 262144 bytes back
Round trip time was 72.6189 milliseconds in repetition 66
tcp_ping received 262144 bytes back
Round trip time was 81.3931 milliseconds in repetition 67
tcp_ping received 262144 bytes back
Round trip time was 78.8456 milliseconds in repetition 68
tcp_ping received 262144 bytes back
Round trip time was 84.5649 milliseconds in repetition 69
tcp_ping received 262144 bytes back
Round trip time was 85.5288 milliseconds in repetition 70
tcp_ping received 262144 bytes back
Round trip time was 74.2441 milliseconds in repetition 71
tcp_ping received 262144 bytes back
Round trip time was 88.6281 milliseconds in repetition 72
tcp_ping received 262144 bytes back
Round trip time was 89.7235 milliseconds in repetition 73
tcp_ping received 262144 bytes back
Round trip time was 72.3499 milliseconds in repetition 74
tcp_ping received 262144 bytes back
Round trip time was 86.4308 milliseconds in repetition 75
tcp_ping received 262144 bytes back
Round trip time was 99.4511 milliseconds in repetition 76
tcp_ping received 262144 bytes back
Round trip time was 84.9951 milliseconds in repetition 77
tcp_ping received 262144 bytes back
Round trip time was 77.341 milliseconds in repetition 78
tcp_ping received 262144 bytes back
Round trip time was 74.7978 milliseconds in repetition 79
tcp_ping received 262144 bytes back
Round trip time was 66.9144 milliseconds in repetition 80
tcp_ping received 262144 bytes back
Round trip time was 81.4954 milliseconds in repetition 81
tcp_ping received 262144 bytes back
Round trip time was 69.4793 milliseconds in repetition 82
tcp_ping received 262144 bytes back
Round trip time was 88.0389 milliseconds in repetition 83
tcp_ping received 262144 bytes back
Round trip time was 74.3315 milliseconds in repetition 84
tcp_ping received 262144 bytes back
Round trip time was 81.5167 milliseconds in repetition 85
tcp_ping received 262144 bytes back
Round trip time was 90.2081 milliseconds in repetition 86
tcp_ping received 262144 bytes back
Round trip time was 79.2016 milliseconds in repetition 87
tcp_ping received 262144 bytes back
Round trip time was 72.124 milliseconds in repetition 88
tcp_ping received 262144 bytes back
Round trip time was 85.143 milliseconds in repetition 89
tcp_ping received 262144 bytes back
Round trip time was 75.2482 milliseconds in repetition 90
tcp_ping received 262144 bytes back
Round trip time was 95.3367 milliseconds in repetition 91
tcp_ping received 262144 bytes back
Round trip time was 89.0957 milliseconds in repetition 92
tcp_ping received 262144 bytes back
Round trip time was 82.2661 milliseconds in repetition 93
tcp_ping received 262144 bytes back
Round trip time was 79.1988 milliseconds in repetition 94
tcp_ping received 262144 bytes back
Round trip time was 75.4996 milliseconds in repetition 95
tcp_ping received 262144 bytes back
Round trip time was 81.5296 milliseconds in repetition 96
tcp_ping received 262144 bytes back
Round trip time was 83.96 milliseconds in repetition 97
tcp_ping received 262144 bytes back
Round trip time was 143.047 milliseconds in repetition 98
tcp_ping received 262144 bytes back
Round trip time was 92.7811 milliseconds in repetition 99
tcp_ping received 262144 bytes back
Round trip time was 91.7064 milliseconds in repetition 100
tcp_ping received 262144 bytes back
Round trip time was 73.7659 milliseconds in repetition 101
tcp_ping received 262144 bytes back
Round trip time was 72.7643 milliseconds in repetition 102
tcp_ping received 262144 bytes back
Round trip time was 79.4625 milliseconds in repetition 103
tcp_ping received 262144 bytes back
Round trip time was 80.7107 milliseconds in repetition 104
tcp_ping received 262144 bytes back
Round trip time was 71.5691 milliseconds in repetition 105
tcp_ping received 262144 bytes back
Round trip time was 81.1858 milliseconds in repetition 106
tcp_ping received 262144 bytes back
Round trip time was 75.258 milliseconds in repetition 107
tcp_ping received 262144 bytes back
Round trip time was 75.7573 milliseconds in repetition 108
tcp_ping received 262144 bytes back
Round trip time was 70.9199 milliseconds in repetition 109
tcp_ping received 262144 bytes back
Round trip time was 78.7138 milliseconds in repetition 110
tcp_ping received 262144 bytes back
Round trip time was 97.3172 milliseconds in repetition 111
tcp_ping received 262144 bytes back
Round trip time was 79.5213 milliseconds in repetition 112
tcp_ping received 262144 bytes back
Round trip time was 80.7028 milliseconds in repetition 113
tcp_ping received 262144 bytes back
Round trip time was 89.8216 milliseconds in repetition 114
tcp_ping received 262144 bytes back
Round trip time was 107.968 milliseconds in repetition 115
tcp_ping received 262144 bytes back
Round trip time was 78.2943 milliseconds in repetition 116
tcp_ping received 262144 bytes back
Round trip time was 84.4535 milliseconds in repetition 117
tcp_ping received 262144 bytes back
Round trip time was 91.1042 milliseconds in repetition 118
tcp_ping received 262144 bytes back
Round trip time was 113.941 milliseconds in repetition 119
tcp_ping received 262144 bytes back
Round trip time was 80.4899 milliseconds in repetition 120
tcp_ping received 262144 bytes back
Round trip time was 100.157 milliseconds in repetition 121
tcp_ping received 262144 bytes back
Round trip time was 93.0593 milliseconds in repetition 122
tcp_ping received 262144 bytes back
Round trip time was 98.3537 milliseconds in repetition 123
tcp_ping received 262144 bytes back
Round trip time was 94.9535 milliseconds in repetition 124
tcp_ping received 262144 bytes back
Round trip time was 78.647 milliseconds in repetition 125
tcp_ping received 262144 bytes back
Round trip time was 87.7837 milliseconds in repetition 126
tcp_ping received 262144 bytes back
Round trip time was 70.9748 milliseconds in repetition 127
tcp_ping received 262144 bytes back
Round trip time was 72.5695 milliseconds in repetition 128
tcp_ping received 262144 bytes back
Round trip time was 77.3821 milliseconds in repetition 129
tcp_ping received 262144 bytes back
Round trip time was 79.9736 milliseconds in repetition 130
tcp_ping received 262144 bytes back
Round trip time was 81.2966 milliseconds in repetition 131
tcp_ping received 262144 bytes back
Round trip time was 94.6788 milliseconds in repetition 132
tcp_ping received 262144 bytes back
Round trip time was 104.24 milliseconds in repetition 133
tcp_ping received 262144 bytes back
Round trip time was 88.2575 milliseconds in repetition 134
tcp_ping received 262144 bytes back
Round trip time was 105.908 milliseconds in repetition 135
tcp_ping received 262144 bytes back
Round trip time was 80.2609 milliseconds in repetition 136
tcp_ping received 262144 bytes back
Round trip time was 101.162 milliseconds in repetition 137
tcp_ping received 262144 bytes back
Round trip time was 107.371 milliseconds in repetition 138
tcp_ping received 262144 bytes back
Round trip time was 88.5883 milliseconds in repetition 139
tcp_ping received 262144 bytes back
Round trip time was 77.354 milliseconds in repetition 140
tcp_ping received 262144 bytes back
Round trip time was 77.5399 milliseconds in repetition 141
tcp_ping received 262144 bytes back
Round trip time was 87.2773 milliseconds in repetition 142
tcp_ping received 262144 bytes back
Round trip time was 78.9327 milliseconds in repetition 143
tcp_ping received 262144 bytes back
Round trip time was 74.2411 milliseconds in repetition 144
tcp_ping received 262144 bytes back
Round trip time was 92.5643 milliseconds in repetition 145
tcp_ping received 262144 bytes back
Round trip time was 102.477 milliseconds in repetition 146
tcp_ping received 262144 bytes back
Round trip time was 123.885 milliseconds in repetition 147
tcp_ping received 262144 bytes back
Round trip time was 83.3755 milliseconds in repetition 148
tcp_ping received 262144 bytes back
Round trip time was 81.5131 milliseconds in repetition 149
tcp_ping received 262144 bytes back
Round trip time was 87.9896 milliseconds in repetition 150
tcp_ping received 262144 bytes back
Round trip time was 83.5011 milliseconds in repetition 151
tcp_ping received 262144 bytes back
Round trip time was 91.2783 milliseconds in repetition 152
tcp_ping received 262144 bytes back
Round trip time was 72.5174 milliseconds in repetition 153
tcp_ping received 262144 bytes back
Round trip time was 82.2198 milliseconds in repetition 154
tcp_ping received 262144 bytes back
Round trip time was 72.9655 milliseconds in repetition 155
tcp_ping received 262144 bytes back
Round trip time was 88.5067 milliseconds in repetition 156
tcp_ping received 262144 bytes back
Round trip time was 75.2096 milliseconds in repetition 157
tcp_ping received 262144 bytes back
Round trip time was 77.9442 milliseconds in repetition 158
tcp_ping received 262144 bytes back
Round trip time was 70.9897 milliseconds in repetition 159
tcp_ping received 262144 bytes back
Round trip time was 70.9335 milliseconds in repetition 160
tcp_ping received 262144 bytes back
Round trip time was 72.1624 milliseconds in repetition 161
tcp_ping received 262144 bytes back
Round trip time was 98.6488 milliseconds in repetition 162
tcp_ping received 262144 bytes back
Round trip time was 83.4468 milliseconds in repetition 163
tcp_ping received 262144 bytes back
Round trip time was 82.6625 milliseconds in repetition 164
tcp_ping received 262144 bytes back
Round trip time was 74.1882 milliseconds in repetition 165
tcp_ping received 262144 bytes back
Round trip time was 78.1151 milliseconds in repetition 166
tcp_ping received 262144 bytes back
Round trip time was 77.0335 milliseconds in repetition 167
tcp_ping received 262144 bytes back
Round trip time was 81.1491 milliseconds in repetition 168
tcp_ping received 262144 bytes back
Round trip time was 85.7198 milliseconds in repetition 169
tcp_ping received 262144 bytes back
Round trip time was 76.3059 milliseconds in repetition 170
tcp_ping received 262144 bytes back
Round trip time was 78.2594 milliseconds in repetition 171
tcp_ping received 262144 bytes back
Round trip time was 97.0098 milliseconds in repetition 172
tcp_ping received 262144 bytes back
Round trip time was 98.016 milliseconds in repetition 173
tcp_ping received 262144 bytes back
Round trip time was 84.3415 milliseconds in repetition 174
tcp_ping received 262144 bytes back
Round trip time was 96.543 milliseconds in repetition 175
tcp_ping received 262144 bytes back
Round trip time was 88.5766 milliseconds in repetition 176
tcp_ping received 262144 bytes back
Round trip time was 74.5099 milliseconds in repetition 177
tcp_ping received 262144 bytes back
Round trip time was 76.2189 milliseconds in repetition 178
tcp_ping received 262144 bytes back
Round trip time was 78.6367 milliseconds in repetition 179
tcp_ping received 262144 bytes back
Round trip time was 77.2615 milliseconds in repetition 180
tcp_ping received 262144 bytes back
Round trip time was 75.7652 milliseconds in repetition 181
tcp_ping received 262144 bytes back
Round trip time was 72.0749 milliseconds in repetition 182
tcp_ping received 262144 bytes back
Round trip time was 98.0179 milliseconds in repetition 183
tcp_ping received 262144 bytes back
Round trip time was 83.9548 milliseconds in repetition 184
tcp_ping received 262144 bytes back
Round trip time was 74.8138 milliseconds in repetition 185
tcp_ping received 262144 bytes back
Round trip time was 78.7269 milliseconds in repetition 186
tcp_ping received 262144 bytes back
Round trip time was 74.668 milliseconds in repetition 187
tcp_ping received 262144 bytes back
Round trip time was 76.6007 milliseconds in repetition 188
tcp_ping received 262144 bytes back
Round trip time was 75.2953 milliseconds in repetition 189
tcp_ping received 262144 bytes back
Round trip time was 82.1872 milliseconds in repetition 190
tcp_ping received 262144 bytes back
Round trip time was 77.7513 milliseconds in repetition 191
tcp_ping received 262144 bytes back
Round trip time was 74.7272 milliseconds in repetition 192
tcp_ping received 262144 bytes back
Round trip time was 70.6333 milliseconds in repetition 193
tcp_ping received 262144 bytes back
Round trip time was 93.1987 milliseconds in repetition 194
tcp_ping received 262144 bytes back
Round trip time was 94.886 milliseconds in repetition 195
tcp_ping received 262144 bytes back
Round trip time was 90.3694 milliseconds in repetition 196
tcp_ping received 262144 bytes back
Round trip time was 79.1401 milliseconds in repetition 197
tcp_ping received 262144 bytes back
Round trip time was 70.7029 milliseconds in repetition 198
tcp_ping received 262144 bytes back
Round trip time was 92.8804 milliseconds in repetition 199
tcp_ping received 262144 bytes back
Round trip time was 78.5889 milliseconds in repetition 200
tcp_ping received 262144 bytes back
Round trip time was 93.9357 milliseconds in repetition 201
tcp_ping received 262144 bytes back
Round trip time was 90.6332 milliseconds in repetition 202
tcp_ping received 262144 bytes back
Round trip time was 87.752 milliseconds in repetition 203
tcp_ping received 262144 bytes back
Round trip time was 80.4271 milliseconds in repetition 204
tcp_ping received 262144 bytes back
Round trip time was 78.3714 milliseconds in repetition 205
tcp_ping received 262144 bytes back
Round trip time was 86.7076 milliseconds in repetition 206
tcp_ping received 262144 bytes back
Round trip time was 88.1571 milliseconds in repetition 207
tcp_ping received 262144 bytes back
Round trip time was 81.6893 milliseconds in repetition 208
tcp_ping received 262144 bytes back
Round trip time was 83.7598 milliseconds in repetition 209
tcp_ping received 262144 bytes back
Round trip time was 77.1148 milliseconds in repetition 210
tcp_ping received 262144 bytes back
Round trip time was 75.0466 milliseconds in repetition 211
tcp_ping received 262144 bytes back
Round trip time was 75.0623 milliseconds in repetition 212
tcp_ping received 262144 bytes back
Round trip time was 81.1227 milliseconds in repetition 213
tcp_ping received 262144 bytes back
Round trip time was 87.3707 milliseconds in repetition 214
tcp_ping received 262144 bytes back
Round trip time was 72.6012 milliseconds in repetition 215
tcp_ping received 262144 bytes back
Round trip time was 78.1805 milliseconds in repetition 216
tcp_ping received 262144 bytes back
Round trip time was 81.9616 milliseconds in repetition 217
tcp_ping received 262144 bytes back
Round trip time was 86.8601 milliseconds in repetition 218
tcp_ping received 262144 bytes back
Round trip time was 73.9467 milliseconds in repetition 219
tcp_ping received 262144 bytes back
Round trip time was 98.0405 milliseconds in repetition 220
tcp_ping received 262144 bytes back
Round trip time was 82.7881 milliseconds in repetition 221
tcp_ping received 262144 bytes back
Round trip time was 84.6998 milliseconds in repetition 222
tcp_ping received 262144 bytes back
Round trip time was 76.5759 milliseconds in repetition 223
tcp_ping received 262144 bytes back
Round trip time was 77.635 milliseconds in repetition 224
tcp_ping received 262144 bytes back
Round trip time was 82.0841 milliseconds in repetition 225
tcp_ping received 262144 bytes back
Round trip time was 80.619 milliseconds in repetition 226
tcp_ping received 262144 bytes back
Round trip time was 71.2463 milliseconds in repetition 227
tcp_ping received 262144 bytes back
Round trip time was 79.3688 milliseconds in repetition 228
tcp_ping received 262144 bytes back
Round trip time was 74.434 milliseconds in repetition 229
tcp_ping received 262144 bytes back
Round trip time was 76.7308 milliseconds in repetition 230
tcp_ping received 262144 bytes back
Round trip time was 87.7157 milliseconds in repetition 231
tcp_ping received 262144 bytes back
Round trip time was 85.3739 milliseconds in repetition 232
tcp_ping received 262144 bytes back
Round trip time was 136.867 milliseconds in repetition 233
tcp_ping received 262144 bytes back
Round trip time was 70.5828 milliseconds in repetition 234
tcp_ping received 262144 bytes back
Round trip time was 87.1997 milliseconds in repetition 235
tcp_ping received 262144 bytes back
Round trip time was 87.5373 milliseconds in repetition 236
tcp_ping received 262144 bytes back
Round trip time was 80.3296 milliseconds in repetition 237
tcp_ping received 262144 bytes back
Round trip time was 84.7172 milliseconds in repetition 238
tcp_ping received 262144 bytes back
Round trip time was 82.4982 milliseconds in repetition 239
tcp_ping received 262144 bytes back
Round trip time was 76.2643 milliseconds in repetition 240
tcp_ping received 262144 bytes back
Round trip time was 88.7843 milliseconds in repetition 241
tcp_ping received 262144 bytes back
Round trip time was 108.383 milliseconds in repetition 242
tcp_ping received 262144 bytes back
Round trip time was 103.383 milliseconds in repetition 243
tcp_ping received 262144 bytes back
Round trip time was 76.3606 milliseconds in repetition 244
tcp_ping received 262144 bytes back
Round trip time was 75.931 milliseconds in repetition 245
tcp_ping received 262144 bytes back
Round trip time was 78.8518 milliseconds in repetition 246
tcp_ping received 262144 bytes back
Round trip time was 85.4457 milliseconds in repetition 247
tcp_ping received 262144 bytes back
Round trip time was 81.9743 milliseconds in repetition 248
tcp_ping received 262144 bytes back
Round trip time was 78.9891 milliseconds in repetition 249
tcp_ping received 262144 bytes back
Round trip time was 72.3952 milliseconds in repetition 250
tcp_ping received 262144 bytes back
Round trip time was 72.35 milliseconds in repetition 251
tcp_ping received 262144 bytes back
Round trip time was 77.0014 milliseconds in repetition 252
tcp_ping received 262144 bytes back
Round trip time was 80.7901 milliseconds in repetition 253
tcp_ping received 262144 bytes back
Round trip time was 71.9683 milliseconds in repetition 254
tcp_ping received 262144 bytes back
Round trip time was 75.4954 milliseconds in repetition 255
tcp_ping received 262144 bytes back
Round trip time was 71.1184 milliseconds in repetition 256
tcp_ping received 262144 bytes back
Round trip time was 81.8378 milliseconds in repetition 257
tcp_ping received 262144 bytes back
Round trip time was 70.6701 milliseconds in repetition 258
tcp_ping received 262144 bytes back
Round trip time was 89.3727 milliseconds in repetition 259
tcp_ping received 262144 bytes back
Round trip time was 76.4999 milliseconds in repetition 260
tcp_ping received 262144 bytes back
Round trip time was 77.6019 milliseconds in repetition 261
tcp_ping received 262144 bytes back
Round trip time was 361.208 milliseconds in repetition 262
tcp_ping received 262144 bytes back
Round trip time was 102.354 milliseconds in repetition 263
tcp_ping received 262144 bytes back
Round trip time was 85.7215 milliseconds in repetition 264
tcp_ping received 262144 bytes back
Round trip time was 87.6814 milliseconds in repetition 265
tcp_ping received 262144 bytes back
Round trip time was 80.7636 milliseconds in repetition 266
tcp_ping received 262144 bytes back
Round trip time was 80.5645 milliseconds in repetition 267
tcp_ping received 262144 bytes back
Round trip time was 78.1392 milliseconds in repetition 268
tcp_ping received 262144 bytes back
Round trip time was 79.8874 milliseconds in repetition 269
tcp_ping received 262144 bytes back
Round trip time was 91.054 milliseconds in repetition 270
tcp_ping received 262144 bytes back
Round trip time was 186.693 milliseconds in repetition 271
tcp_ping received 262144 bytes back
Round trip time was 76.3095 milliseconds in repetition 272
tcp_ping received 262144 bytes back
Round trip time was 91.6915 milliseconds in repetition 273
tcp_ping received 262144 bytes back
Round trip time was 100.123 milliseconds in repetition 274
tcp_ping received 262144 bytes back
Round trip time was 92.112 milliseconds in repetition 275
tcp_ping received 262144 bytes back
Round trip time was 108.035 milliseconds in repetition 276
tcp_ping received 262144 bytes back
Round trip time was 102.508 milliseconds in repetition 277
tcp_ping received 262144 bytes back
Round trip time was 109.5 milliseconds in repetition 278
tcp_ping received 262144 bytes back
Round trip time was 266.899 milliseconds in repetition 279
tcp_ping received 262144 bytes back
Round trip time was 127.85 milliseconds in repetition 280
tcp_ping received 262144 bytes back
Round trip time was 127.013 milliseconds in repetition 281
tcp_ping received 262144 bytes back
Round trip time was 117.09 milliseconds in repetition 282
tcp_ping received 262144 bytes back
Round trip time was 112.59 milliseconds in repetition 283
tcp_ping received 262144 bytes back
Round trip time was 92.2782 milliseconds in repetition 284
tcp_ping received 262144 bytes back
Round trip time was 111.214 milliseconds in repetition 285
tcp_ping received 262144 bytes back
Round trip time was 108.942 milliseconds in repetition 286
tcp_ping received 262144 bytes back
Round trip time was 92.1193 milliseconds in repetition 287
tcp_ping received 262144 bytes back
Round trip time was 108.479 milliseconds in repetition 288
tcp_ping received 262144 bytes back
Round trip time was 90.7497 milliseconds in repetition 289
tcp_ping received 262144 bytes back
Round trip time was 98.123 milliseconds in repetition 290
tcp_ping received 262144 bytes back
Round trip time was 104.723 milliseconds in repetition 291
tcp_ping received 262144 bytes back
Round trip time was 106.704 milliseconds in repetition 292
tcp_ping received 262144 bytes back
Round trip time was 86.5194 milliseconds in repetition 293
tcp_ping received 262144 bytes back
Round trip time was 105.395 milliseconds in repetition 294
tcp_ping received 262144 bytes back
Round trip time was 99.3029 milliseconds in repetition 295
tcp_ping received 262144 bytes back
Round trip time was 99.0791 milliseconds in repetition 296
tcp_ping received 262144 bytes back
Round trip time was 102.042 milliseconds in repetition 297
tcp_ping received 262144 bytes back
Round trip time was 100.102 milliseconds in repetition 298
tcp_ping received 262144 bytes back
Round trip time was 92.7092 milliseconds in repetition 299
tcp_ping received 262144 bytes back
Round trip time was 99.783 milliseconds in repetition 300
tcp_ping received 262144 bytes back
Round trip time was 113.016 milliseconds in repetition 301
tcp_ping received 262144 bytes back
Round trip time was 159.833 milliseconds in repetition 302
tcp_ping received 262144 bytes back
Round trip time was 96.4233 milliseconds in repetition 303
tcp_ping received 262144 bytes back
Round trip time was 98.5775 milliseconds in repetition 304
tcp_ping received 262144 bytes back
Round trip time was 96.4013 milliseconds in repetition 305
tcp_ping received 262144 bytes back
Round trip time was 108.426 milliseconds in repetition 306
tcp_ping received 262144 bytes back
Round trip time was 96.9216 milliseconds in repetition 307
tcp_ping received 262144 bytes back
Round trip time was 98.894 milliseconds in repetition 308
tcp_ping received 262144 bytes back
Round trip time was 112.42 milliseconds in repetition 309
tcp_ping received 262144 bytes back
Round trip time was 103.505 milliseconds in repetition 310
tcp_ping received 262144 bytes back
Round trip time was 110.876 milliseconds in repetition 311
tcp_ping received 262144 bytes back
Round trip time was 96.5218 milliseconds in repetition 312
tcp_ping received 262144 bytes back
Round trip time was 95.8941 milliseconds in repetition 313
tcp_ping received 262144 bytes back
Round trip time was 100.294 milliseconds in repetition 314
tcp_ping received 262144 bytes back
Round trip time was 107.27 milliseconds in repetition 315
tcp_ping received 262144 bytes back
Round trip time was 112.708 milliseconds in repetition 316
tcp_ping received 262144 bytes back
Round trip time was 122.868 milliseconds in repetition 317
tcp_ping received 262144 bytes back
Round trip time was 110.473 milliseconds in repetition 318
tcp_ping received 262144 bytes back
Round trip time was 115.574 milliseconds in repetition 319
tcp_ping received 262144 bytes back
Round trip time was 131.986 milliseconds in repetition 320
tcp_ping received 262144 bytes back
Round trip time was 110.095 milliseconds in repetition 321
tcp_ping received 262144 bytes back
Round trip time was 107.163 milliseconds in repetition 322
tcp_ping received 262144 bytes back
Round trip time was 105.007 milliseconds in repetition 323
tcp_ping received 262144 bytes back
Round trip time was 107.836 milliseconds in repetition 324
tcp_ping received 262144 bytes back
Round trip time was 101.278 milliseconds in repetition 325
tcp_ping received 262144 bytes back
Round trip time was 99.0476 milliseconds in repetition 326
tcp_ping received 262144 bytes back
Round trip time was 97.0707 milliseconds in repetition 327
tcp_ping received 262144 bytes back
Round trip time was 105.014 milliseconds in repetition 328
tcp_ping received 262144 bytes back
Round trip time was 99.6602 milliseconds in repetition 329
tcp_ping received 262144 bytes back
Round trip time was 106.275 milliseconds in repetition 330
tcp_ping received 262144 bytes back
Round trip time was 97.6578 milliseconds in repetition 331
tcp_ping received 262144 bytes back
Round trip time was 132.94 milliseconds in repetition 332
tcp_ping received 262144 bytes back
Round trip time was 122.112 milliseconds in repetition 333
tcp_ping received 262144 bytes back
Round trip time was 133.742 milliseconds in repetition 334
tcp_ping received 262144 bytes back
Round trip time was 112.691 milliseconds in repetition 335
tcp_ping received 262144 bytes back
Round trip time was 115.599 milliseconds in repetition 336
tcp_ping received 262144 bytes back
Round trip time was 123.096 milliseconds in repetition 337
tcp_ping received 262144 bytes back
Round trip time was 122.7 milliseconds in repetition 338
tcp_ping received 262144 bytes back
Round trip time was 123.989 milliseconds in repetition 339
tcp_ping received 262144 bytes back
Round trip time was 208.579 milliseconds in repetition 340
tcp_ping received 262144 bytes back
Round trip time was 134.822 milliseconds in repetition 341
tcp_ping received 262144 bytes back
Round trip time was 118.569 milliseconds in repetition 342
tcp_ping received 262144 bytes back
Round trip time was 109.992 milliseconds in repetition 343
tcp_ping received 262144 bytes back
Round trip time was 117.127 milliseconds in repetition 344
tcp_ping received 262144 bytes back
Round trip time was 118.154 milliseconds in repetition 345
tcp_ping received 262144 bytes back
Round trip time was 113.286 milliseconds in repetition 346
tcp_ping received 262144 bytes back
Round trip time was 113.826 milliseconds in repetition 347
tcp_ping received 262144 bytes back
Round trip time was 105.409 milliseconds in repetition 348
tcp_ping received 262144 bytes back
Round trip time was 125.194 milliseconds in repetition 349
tcp_ping received 262144 bytes back
Round trip time was 142.628 milliseconds in repetition 350
tcp_ping received 262144 bytes back
Round trip time was 129.108 milliseconds in repetition 351
tcp_ping received 262144 bytes back
Round trip time was 113.609 milliseconds in repetition 352
tcp_ping received 262144 bytes back
Round trip time was 100.717 milliseconds in repetition 353
tcp_ping received 262144 bytes back
Round trip time was 100.602 milliseconds in repetition 354
tcp_ping received 262144 bytes back
Round trip time was 117.338 milliseconds in repetition 355
tcp_ping received 262144 bytes back
Round trip time was 107.317 milliseconds in repetition 356
tcp_ping received 262144 bytes back
Round trip time was 84.6541 milliseconds in repetition 357
tcp_ping received 262144 bytes back
Round trip time was 100.529 milliseconds in repetition 358
tcp_ping received 262144 bytes back
Round trip time was 92.0946 milliseconds in repetition 359
tcp_ping received 262144 bytes back
Round trip time was 86.3576 milliseconds in repetition 360
tcp_ping received 262144 bytes back
Round trip time was 83.2016 milliseconds in repetition 361
tcp_ping received 262144 bytes back
Round trip time was 95.7913 milliseconds in repetition 362
tcp_ping received 262144 bytes back
Round trip time was 105.541 milliseconds in repetition 363
tcp_ping received 262144 bytes back
Round trip time was 87.0583 milliseconds in repetition 364
tcp_ping received 262144 bytes back
Round trip time was 86.576 milliseconds in repetition 365
tcp_ping received 262144 bytes back
Round trip time was 82.9068 milliseconds in repetition 366
tcp_ping received 262144 bytes back
Round trip time was 101.43 milliseconds in repetition 367
tcp_ping received 262144 bytes back
Round trip time was 95.23 milliseconds in repetition 368
tcp_ping received 262144 bytes back
Round trip time was 100.115 milliseconds in repetition 369
tcp_ping received 262144 bytes back
Round trip time was 105.246 milliseconds in repetition 370
tcp_ping received 262144 bytes back
Round trip time was 98.4247 milliseconds in repetition 371
tcp_ping received 262144 bytes back
Round trip time was 115.259 milliseconds in repetition 372
tcp_ping received 262144 bytes back
Round trip time was 117.234 milliseconds in repetition 373
tcp_ping received 262144 bytes back
Round trip time was 114.842 milliseconds in repetition 374
tcp_ping received 262144 bytes back
Round trip time was 91.9267 milliseconds in repetition 375
tcp_ping received 262144 bytes back
Round trip time was 99.8994 milliseconds in repetition 376
tcp_ping received 262144 bytes back
Round trip time was 88.7319 milliseconds in repetition 377
tcp_ping received 262144 bytes back
Round trip time was 96.0241 milliseconds in repetition 378
tcp_ping received 262144 bytes back
Round trip time was 97.0745 milliseconds in repetition 379
tcp_ping received 262144 bytes back
Round trip time was 88.5968 milliseconds in repetition 380
tcp_ping received 262144 bytes back
Round trip time was 136.446 milliseconds in repetition 381
tcp_ping received 262144 bytes back
Round trip time was 82.5859 milliseconds in repetition 382
tcp_ping received 262144 bytes back
Round trip time was 96.6644 milliseconds in repetition 383
tcp_ping received 262144 bytes back
Round trip time was 96.3436 milliseconds in repetition 384
tcp_ping received 262144 bytes back
Round trip time was 94.0409 milliseconds in repetition 385
tcp_ping received 262144 bytes back
Round trip time was 98.3378 milliseconds in repetition 386
tcp_ping received 262144 bytes back
Round trip time was 85.742 milliseconds in repetition 387
tcp_ping received 262144 bytes back
Round trip time was 103.734 milliseconds in repetition 388
tcp_ping received 262144 bytes back
Round trip time was 91.8228 milliseconds in repetition 389
tcp_ping received 262144 bytes back
Round trip time was 110.586 milliseconds in repetition 390
tcp_ping received 262144 bytes back
Round trip time was 92.3403 milliseconds in repetition 391
tcp_ping received 262144 bytes back
Round trip time was 95.4995 milliseconds in repetition 392
tcp_ping received 262144 bytes back
Round trip time was 89.4887 milliseconds in repetition 393
tcp_ping received 262144 bytes back
Round trip time was 92.8178 milliseconds in repetition 394
tcp_ping received 262144 bytes back
Round trip time was 97.1581 milliseconds in repetition 395
tcp_ping received 262144 bytes back
Round trip time was 94.5307 milliseconds in repetition 396
tcp_ping received 262144 bytes back
Round trip time was 93.6113 milliseconds in repetition 397
tcp_ping received 262144 bytes back
Round trip time was 88.5898 milliseconds in repetition 398
tcp_ping received 262144 bytes back
Round trip time was 94.931 milliseconds in repetition 399
tcp_ping received 262144 bytes back
Round trip time was 84.9913 milliseconds in repetition 400
tcp_ping received 262144 bytes back
Round trip time was 91.4598 milliseconds in repetition 401
tcp_ping received 262144 bytes back
Round trip time was 89.24 milliseconds in repetition 402
tcp_ping received 262144 bytes back
Round trip time was 94.7778 milliseconds in repetition 403
tcp_ping received 262144 bytes back
Round trip time was 91.9771 milliseconds in repetition 404
tcp_ping received 262144 bytes back
Round trip time was 108.557 milliseconds in repetition 405
tcp_ping received 262144 bytes back
Round trip time was 91.9435 milliseconds in repetition 406
tcp_ping received 262144 bytes back
Round trip time was 92.3587 milliseconds in repetition 407
tcp_ping received 262144 bytes back
Round trip time was 89.474 milliseconds in repetition 408
tcp_ping received 262144 bytes back
Round trip time was 97.2798 milliseconds in repetition 409
tcp_ping received 262144 bytes back
Round trip time was 84.9586 milliseconds in repetition 410
tcp_ping received 262144 bytes back
Round trip time was 101.4 milliseconds in repetition 411
tcp_ping received 262144 bytes back
Round trip time was 88.3008 milliseconds in repetition 412
tcp_ping received 262144 bytes back
Round trip time was 84.1382 milliseconds in repetition 413
tcp_ping received 262144 bytes back
Round trip time was 95.4279 milliseconds in repetition 414
tcp_ping received 262144 bytes back
Round trip time was 101.99 milliseconds in repetition 415
tcp_ping received 262144 bytes back
Round trip time was 108.68 milliseconds in repetition 416
tcp_ping received 262144 bytes back
Round trip time was 88.7154 milliseconds in repetition 417
tcp_ping received 262144 bytes back
Round trip time was 85.7739 milliseconds in repetition 418
tcp_ping received 262144 bytes back
Round trip time was 88.7175 milliseconds in repetition 419
tcp_ping received 262144 bytes back
Round trip time was 84.5494 milliseconds in repetition 420
tcp_ping received 262144 bytes back
Round trip time was 79.6027 milliseconds in repetition 421
tcp_ping received 262144 bytes back
Round trip time was 82.4761 milliseconds in repetition 422
tcp_ping received 262144 bytes back
Round trip time was 79.7826 milliseconds in repetition 423
tcp_ping received 262144 bytes back
Round trip time was 89.5101 milliseconds in repetition 424
tcp_ping received 262144 bytes back
Round trip time was 92.8112 milliseconds in repetition 425
tcp_ping received 262144 bytes back
Round trip time was 81.8108 milliseconds in repetition 426
tcp_ping received 262144 bytes back
Round trip time was 124.079 milliseconds in repetition 427
tcp_ping received 262144 bytes back
Round trip time was 98.0119 milliseconds in repetition 428
tcp_ping received 262144 bytes back
Round trip time was 101.744 milliseconds in repetition 429
tcp_ping received 262144 bytes back
Round trip time was 104.588 milliseconds in repetition 430
tcp_ping received 262144 bytes back
Round trip time was 100.522 milliseconds in repetition 431
tcp_ping received 262144 bytes back
Round trip time was 84.1018 milliseconds in repetition 432
tcp_ping received 262144 bytes back
Round trip time was 107.304 milliseconds in repetition 433
tcp_ping received 262144 bytes back
Round trip time was 101.893 milliseconds in repetition 434
tcp_ping received 262144 bytes back
Round trip time was 99.1174 milliseconds in repetition 435
tcp_ping received 262144 bytes back
Round trip time was 104.736 milliseconds in repetition 436
tcp_ping received 262144 bytes back
Round trip time was 108.889 milliseconds in repetition 437
tcp_ping received 262144 bytes back
Round trip time was 98.9992 milliseconds in repetition 438
tcp_ping received 262144 bytes back
Round trip time was 102.852 milliseconds in repetition 439
tcp_ping received 262144 bytes back
Round trip time was 97.5626 milliseconds in repetition 440
tcp_ping received 262144 bytes back
Round trip time was 100.119 milliseconds in repetition 441
tcp_ping received 262144 bytes back
Round trip time was 93.9339 milliseconds in repetition 442
tcp_ping received 262144 bytes back
Round trip time was 94.6384 milliseconds in repetition 443
tcp_ping received 262144 bytes back
Round trip time was 96.2053 milliseconds in repetition 444
tcp_ping received 262144 bytes back
Round trip time was 102.342 milliseconds in repetition 445
tcp_ping received 262144 bytes back
Round trip time was 89.5197 milliseconds in repetition 446
tcp_ping received 262144 bytes back
Round trip time was 108.045 milliseconds in repetition 447
tcp_ping received 262144 bytes back
Round trip time was 109.119 milliseconds in repetition 448
tcp_ping received 262144 bytes back
Round trip time was 98.9456 milliseconds in repetition 449
tcp_ping received 262144 bytes back
Round trip time was 97.5148 milliseconds in repetition 450
tcp_ping received 262144 bytes back
Round trip time was 91.0151 milliseconds in repetition 451
tcp_ping received 262144 bytes back
Round trip time was 102.734 milliseconds in repetition 452
tcp_ping received 262144 bytes back
Round trip time was 143.188 milliseconds in repetition 453
tcp_ping received 262144 bytes back
Round trip time was 89.592 milliseconds in repetition 454
tcp_ping received 262144 bytes back
Round trip time was 86.2231 milliseconds in repetition 455
tcp_ping received 262144 bytes back
Round trip time was 103.159 milliseconds in repetition 456
tcp_ping received 262144 bytes back
Round trip time was 99.1388 milliseconds in repetition 457
tcp_ping received 262144 bytes back
Round trip time was 104.243 milliseconds in repetition 458
tcp_ping received 262144 bytes back
Round trip time was 90.6795 milliseconds in repetition 459
tcp_ping received 262144 bytes back
Round trip time was 112.75 milliseconds in repetition 460
tcp_ping received 262144 bytes back
Round trip time was 94.5733 milliseconds in repetition 461
tcp_ping received 262144 bytes back
Round trip time was 100.534 milliseconds in repetition 462
tcp_ping received 262144 bytes back
Round trip time was 101.338 milliseconds in repetition 463
tcp_ping received 262144 bytes back
Round trip time was 97.8714 milliseconds in repetition 464
tcp_ping received 262144 bytes back
Round trip time was 109.666 milliseconds in repetition 465
tcp_ping received 262144 bytes back
Round trip time was 99.8819 milliseconds in repetition 466
tcp_ping received 262144 bytes back
Round trip time was 111.128 milliseconds in repetition 467
tcp_ping received 262144 bytes back
Round trip time was 114.612 milliseconds in repetition 468
tcp_ping received 262144 bytes back
Round trip time was 95.2648 milliseconds in repetition 469
tcp_ping received 262144 bytes back
Round trip time was 91.9453 milliseconds in repetition 470
tcp_ping received 262144 bytes back
Round trip time was 95.5004 milliseconds in repetition 471
tcp_ping received 262144 bytes back
Round trip time was 86.1213 milliseconds in repetition 472
tcp_ping received 262144 bytes back
Round trip time was 87.0962 milliseconds in repetition 473
tcp_ping received 262144 bytes back
Round trip time was 97.6437 milliseconds in repetition 474
tcp_ping received 262144 bytes back
Round trip time was 92.1918 milliseconds in repetition 475
tcp_ping received 262144 bytes back
Round trip time was 84.6822 milliseconds in repetition 476
tcp_ping received 262144 bytes back
Round trip time was 106.595 milliseconds in repetition 477
tcp_ping received 262144 bytes back
Round trip time was 86.0757 milliseconds in repetition 478
tcp_ping received 262144 bytes back
Round trip time was 85.0298 milliseconds in repetition 479
tcp_ping received 262144 bytes back
Round trip time was 90.0308 milliseconds in repetition 480
tcp_ping received 262144 bytes back
Round trip time was 82.8244 milliseconds in repetition 481
tcp_ping received 262144 bytes back
Round trip time was 89.152 milliseconds in repetition 482
tcp_ping received 262144 bytes back
Round trip time was 81.3679 milliseconds in repetition 483
tcp_ping received 262144 bytes back
Round trip time was 102.964 milliseconds in repetition 484
tcp_ping received 262144 bytes back
Round trip time was 80.4562 milliseconds in repetition 485
tcp_ping received 262144 bytes back
Round trip time was 85.5546 milliseconds in repetition 486
tcp_ping received 262144 bytes back
Round trip time was 89.0536 milliseconds in repetition 487
tcp_ping received 262144 bytes back
Round trip time was 84.418 milliseconds in repetition 488
tcp_ping received 262144 bytes back
Round trip time was 95.8025 milliseconds in repetition 489
tcp_ping received 262144 bytes back
Round trip time was 86.4199 milliseconds in repetition 490
tcp_ping received 262144 bytes back
Round trip time was 138.935 milliseconds in repetition 491
tcp_ping received 262144 bytes back
Round trip time was 90.8286 milliseconds in repetition 492
tcp_ping received 262144 bytes back
Round trip time was 86.724 milliseconds in repetition 493
tcp_ping received 262144 bytes back
Round trip time was 110.534 milliseconds in repetition 494
tcp_ping received 262144 bytes back
Round trip time was 83.5697 milliseconds in repetition 495
tcp_ping received 262144 bytes back
Round trip time was 101.763 milliseconds in repetition 496
tcp_ping received 262144 bytes back
Round trip time was 84.034 milliseconds in repetition 497
tcp_ping received 262144 bytes back
Round trip time was 92.7629 milliseconds in repetition 498
tcp_ping received 262144 bytes back
Round trip time was 100.556 milliseconds in repetition 499
tcp_ping received 262144 bytes back
Round trip time was 90.8035 milliseconds in repetition 500
tcp_ping received 262144 bytes back
Round trip time was 86.7997 milliseconds in repetition 501

 ... clock resolution was 1e-06
TCP Ping:  Statistics over 501 repetitions of 262144 byte messages

RTT : percentile 10: 74.8138, median: 88.7319, percentile 90: 111.128, average: 93.0119, variance: 578.848

RTT histogram:
66.9144 44
81.6291 209
96.3437 156
111.058 64
125.773 14
140.488 8
155.202 1
169.917 0
184.632 1
199.347 0
214.061 1
228.776 0
243.491 0
258.205 0
272.92 1
287.635 0
302.349 0
317.064 0
331.779 1
346.493 0
361.208 1

   median Throughput : 5908.67 KB/s   overall Throughput : 5636.78 KB/s

