TCP Ping trying to connect to server seti.dibris.unige.it (130.251.61.30) on port 1491

... connected to Pong server: asking for 501 repetitions of 768 bytes TCP messages
 ... Pong server agreed :-)
tcp_ping received 768 bytes back
Round trip time was 38.2376 milliseconds in repetition 1
tcp_ping received 768 bytes back
Round trip time was 28.0149 milliseconds in repetition 2
tcp_ping received 768 bytes back
Round trip time was 28.0418 milliseconds in repetition 3
tcp_ping received 768 bytes back
Round trip time was 27.3185 milliseconds in repetition 4
tcp_ping received 768 bytes back
Round trip time was 29.4247 milliseconds in repetition 5
tcp_ping received 768 bytes back
Round trip time was 27.1226 milliseconds in repetition 6
tcp_ping received 768 bytes back
Round trip time was 28.092 milliseconds in repetition 7
tcp_ping received 768 bytes back
Round trip time was 28.0815 milliseconds in repetition 8
tcp_ping received 768 bytes back
Round trip time was 27.9207 milliseconds in repetition 9
tcp_ping received 768 bytes back
Round trip time was 27.9642 milliseconds in repetition 10
tcp_ping received 768 bytes back
Round trip time was 27.78 milliseconds in repetition 11
tcp_ping received 768 bytes back
Round trip time was 29.5989 milliseconds in repetition 12
tcp_ping received 768 bytes back
Round trip time was 30.803 milliseconds in repetition 13
tcp_ping received 768 bytes back
Round trip time was 27.8711 milliseconds in repetition 14
tcp_ping received 768 bytes back
Round trip time was 27.4308 milliseconds in repetition 15
tcp_ping received 768 bytes back
Round trip time was 27.1241 milliseconds in repetition 16
tcp_ping received 768 bytes back
Round trip time was 26.8442 milliseconds in repetition 17
tcp_ping received 768 bytes back
Round trip time was 29.8141 milliseconds in repetition 18
tcp_ping received 768 bytes back
Round trip time was 29.8866 milliseconds in repetition 19
tcp_ping received 768 bytes back
Round trip time was 28.1932 milliseconds in repetition 20
tcp_ping received 768 bytes back
Round trip time was 29.4437 milliseconds in repetition 21
tcp_ping received 768 bytes back
Round trip time was 27.6744 milliseconds in repetition 22
tcp_ping received 768 bytes back
Round trip time was 26.8872 milliseconds in repetition 23
tcp_ping received 768 bytes back
Round trip time was 28.0986 milliseconds in repetition 24
tcp_ping received 768 bytes back
Round trip time was 27.1177 milliseconds in repetition 25
tcp_ping received 768 bytes back
Round trip time was 27.7136 milliseconds in repetition 26
tcp_ping received 768 bytes back
Round trip time was 31.0133 milliseconds in repetition 27
tcp_ping received 768 bytes back
Round trip time was 27.1474 milliseconds in repetition 28
tcp_ping received 768 bytes back
Round trip time was 27.5061 milliseconds in repetition 29
tcp_ping received 768 bytes back
Round trip time was 27.32 milliseconds in repetition 30
tcp_ping received 768 bytes back
Round trip time was 28.6681 milliseconds in repetition 31
tcp_ping received 768 bytes back
Round trip time was 27.592 milliseconds in repetition 32
tcp_ping received 768 bytes back
Round trip time was 27.1774 milliseconds in repetition 33
tcp_ping received 768 bytes back
Round trip time was 26.6911 milliseconds in repetition 34
tcp_ping received 768 bytes back
Round trip time was 27.7712 milliseconds in repetition 35
tcp_ping received 768 bytes back
Round trip time was 26.1229 milliseconds in repetition 36
tcp_ping received 768 bytes back
Round trip time was 27.2822 milliseconds in repetition 37
tcp_ping received 768 bytes back
Round trip time was 26.2576 milliseconds in repetition 38
tcp_ping received 768 bytes back
Round trip time was 26.1409 milliseconds in repetition 39
tcp_ping received 768 bytes back
Round trip time was 26.9432 milliseconds in repetition 40
tcp_ping received 768 bytes back
Round trip time was 27.2102 milliseconds in repetition 41
tcp_ping received 768 bytes back
Round trip time was 27.063 milliseconds in repetition 42
tcp_ping received 768 bytes back
Round trip time was 28.0498 milliseconds in repetition 43
tcp_ping received 768 bytes back
Round trip time was 26.9268 milliseconds in repetition 44
tcp_ping received 768 bytes back
Round trip time was 26.3378 milliseconds in repetition 45
tcp_ping received 768 bytes back
Round trip time was 28.5965 milliseconds in repetition 46
tcp_ping received 768 bytes back
Round trip time was 30.2394 milliseconds in repetition 47
tcp_ping received 768 bytes back
Round trip time was 26.5627 milliseconds in repetition 48
tcp_ping received 768 bytes back
Round trip time was 26.5904 milliseconds in repetition 49
tcp_ping received 768 bytes back
Round trip time was 27.5754 milliseconds in repetition 50
tcp_ping received 768 bytes back
Round trip time was 27.4776 milliseconds in repetition 51
tcp_ping received 768 bytes back
Round trip time was 26.4987 milliseconds in repetition 52
tcp_ping received 768 bytes back
Round trip time was 26.3287 milliseconds in repetition 53
tcp_ping received 768 bytes back
Round trip time was 26.4896 milliseconds in repetition 54
tcp_ping received 768 bytes back
Round trip time was 27.9835 milliseconds in repetition 55
tcp_ping received 768 bytes back
Round trip time was 31.2918 milliseconds in repetition 56
tcp_ping received 768 bytes back
Round trip time was 26.1236 milliseconds in repetition 57
tcp_ping received 768 bytes back
Round trip time was 27.7193 milliseconds in repetition 58
tcp_ping received 768 bytes back
Round trip time was 28.5652 milliseconds in repetition 59
tcp_ping received 768 bytes back
Round trip time was 26.5022 milliseconds in repetition 60
tcp_ping received 768 bytes back
Round trip time was 26.2819 milliseconds in repetition 61
tcp_ping received 768 bytes back
Round trip time was 27.3415 milliseconds in repetition 62
tcp_ping received 768 bytes back
Round trip time was 26.1964 milliseconds in repetition 63
tcp_ping received 768 bytes back
Round trip time was 26.8621 milliseconds in repetition 64
tcp_ping received 768 bytes back
Round trip time was 26.3609 milliseconds in repetition 65
tcp_ping received 768 bytes back
Round trip time was 26.3421 milliseconds in repetition 66
tcp_ping received 768 bytes back
Round trip time was 26.4057 milliseconds in repetition 67
tcp_ping received 768 bytes back
Round trip time was 27.421 milliseconds in repetition 68
tcp_ping received 768 bytes back
Round trip time was 28.7208 milliseconds in repetition 69
tcp_ping received 768 bytes back
Round trip time was 28.2738 milliseconds in repetition 70
tcp_ping received 768 bytes back
Round trip time was 25.8382 milliseconds in repetition 71
tcp_ping received 768 bytes back
Round trip time was 26.9752 milliseconds in repetition 72
tcp_ping received 768 bytes back
Round trip time was 25.4955 milliseconds in repetition 73
tcp_ping received 768 bytes back
Round trip time was 27.9446 milliseconds in repetition 74
tcp_ping received 768 bytes back
Round trip time was 31.2443 milliseconds in repetition 75
tcp_ping received 768 bytes back
Round trip time was 26.5872 milliseconds in repetition 76
tcp_ping received 768 bytes back
Round trip time was 26.2905 milliseconds in repetition 77
tcp_ping received 768 bytes back
Round trip time was 26.244 milliseconds in repetition 78
tcp_ping received 768 bytes back
Round trip time was 26.1006 milliseconds in repetition 79
tcp_ping received 768 bytes back
Round trip time was 26.113 milliseconds in repetition 80
tcp_ping received 768 bytes back
Round trip time was 26.6118 milliseconds in repetition 81
tcp_ping received 768 bytes back
Round trip time was 27.745 milliseconds in repetition 82
tcp_ping received 768 bytes back
Round trip time was 28.9001 milliseconds in repetition 83
tcp_ping received 768 bytes back
Round trip time was 25.9646 milliseconds in repetition 84
tcp_ping received 768 bytes back
Round trip time was 26.8608 milliseconds in repetition 85
tcp_ping received 768 bytes back
Round trip time was 26.2428 milliseconds in repetition 86
tcp_ping received 768 bytes back
Round trip time was 26.7205 milliseconds in repetition 87
tcp_ping received 768 bytes back
Round trip time was 28.7453 milliseconds in repetition 88
tcp_ping received 768 bytes back
Round trip time was 26.3599 milliseconds in repetition 89
tcp_ping received 768 bytes back
Round trip time was 26.4336 milliseconds in repetition 90
tcp_ping received 768 bytes back
Round trip time was 26.1717 milliseconds in repetition 91
tcp_ping received 768 bytes back
Round trip time was 29.2935 milliseconds in repetition 92
tcp_ping received 768 bytes back
Round trip time was 41.3102 milliseconds in repetition 93
tcp_ping received 768 bytes back
Round trip time was 41.8098 milliseconds in repetition 94
tcp_ping received 768 bytes back
Round trip time was 54.0139 milliseconds in repetition 95
tcp_ping received 768 bytes back
Round trip time was 44.9531 milliseconds in repetition 96
tcp_ping received 768 bytes back
Round trip time was 29.5162 milliseconds in repetition 97
tcp_ping received 768 bytes back
Round trip time was 26.7006 milliseconds in repetition 98
tcp_ping received 768 bytes back
Round trip time was 27.0981 milliseconds in repetition 99
tcp_ping received 768 bytes back
Round trip time was 30.6722 milliseconds in repetition 100
tcp_ping received 768 bytes back
Round trip time was 26.3423 milliseconds in repetition 101
tcp_ping received 768 bytes back
Round trip time was 41.3473 milliseconds in repetition 102
tcp_ping received 768 bytes back
Round trip time was 27.7178 milliseconds in repetition 103
tcp_ping received 768 bytes back
Round trip time was 26.0672 milliseconds in repetition 104
tcp_ping received 768 bytes back
Round trip time was 28.5074 milliseconds in repetition 105
tcp_ping received 768 bytes back
Round trip time was 26.347 milliseconds in repetition 106
tcp_ping received 768 bytes back
Round trip time was 26.3022 milliseconds in repetition 107
tcp_ping received 768 bytes back
Round trip time was 26.6162 milliseconds in repetition 108
tcp_ping received 768 bytes back
Round trip time was 26.8414 milliseconds in repetition 109
tcp_ping received 768 bytes back
Round trip time was 26.1805 milliseconds in repetition 110
tcp_ping received 768 bytes back
Round trip time was 26.8829 milliseconds in repetition 111
tcp_ping received 768 bytes back
Round trip time was 26.1925 milliseconds in repetition 112
tcp_ping received 768 bytes back
Round trip time was 27.52 milliseconds in repetition 113
tcp_ping received 768 bytes back
Round trip time was 26.8389 milliseconds in repetition 114
tcp_ping received 768 bytes back
Round trip time was 26.6169 milliseconds in repetition 115
tcp_ping received 768 bytes back
Round trip time was 27.2029 milliseconds in repetition 116
tcp_ping received 768 bytes back
Round trip time was 26.3253 milliseconds in repetition 117
tcp_ping received 768 bytes back
Round trip time was 26.6082 milliseconds in repetition 118
tcp_ping received 768 bytes back
Round trip time was 26.3265 milliseconds in repetition 119
tcp_ping received 768 bytes back
Round trip time was 27.4977 milliseconds in repetition 120
tcp_ping received 768 bytes back
Round trip time was 28.5524 milliseconds in repetition 121
tcp_ping received 768 bytes back
Round trip time was 30.0619 milliseconds in repetition 122
tcp_ping received 768 bytes back
Round trip time was 27.3109 milliseconds in repetition 123
tcp_ping received 768 bytes back
Round trip time was 27.6297 milliseconds in repetition 124
tcp_ping received 768 bytes back
Round trip time was 27.3053 milliseconds in repetition 125
tcp_ping received 768 bytes back
Round trip time was 26.0936 milliseconds in repetition 126
tcp_ping received 768 bytes back
Round trip time was 28.9467 milliseconds in repetition 127
tcp_ping received 768 bytes back
Round trip time was 28.4139 milliseconds in repetition 128
tcp_ping received 768 bytes back
Round trip time was 27.9163 milliseconds in repetition 129
tcp_ping received 768 bytes back
Round trip time was 30.4139 milliseconds in repetition 130
tcp_ping received 768 bytes back
Round trip time was 26.3662 milliseconds in repetition 131
tcp_ping received 768 bytes back
Round trip time was 26.5577 milliseconds in repetition 132
tcp_ping received 768 bytes back
Round trip time was 28.1663 milliseconds in repetition 133
tcp_ping received 768 bytes back
Round trip time was 27.0241 milliseconds in repetition 134
tcp_ping received 768 bytes back
Round trip time was 28.3265 milliseconds in repetition 135
tcp_ping received 768 bytes back
Round trip time was 31.1572 milliseconds in repetition 136
tcp_ping received 768 bytes back
Round trip time was 25.9926 milliseconds in repetition 137
tcp_ping received 768 bytes back
Round trip time was 25.8078 milliseconds in repetition 138
tcp_ping received 768 bytes back
Round trip time was 25.9673 milliseconds in repetition 139
tcp_ping received 768 bytes back
Round trip time was 27.0117 milliseconds in repetition 140
tcp_ping received 768 bytes back
Round trip time was 29.9489 milliseconds in repetition 141
tcp_ping received 768 bytes back
Round trip time was 27.1442 milliseconds in repetition 142
tcp_ping received 768 bytes back
Round trip time was 28.243 milliseconds in repetition 143
tcp_ping received 768 bytes back
Round trip time was 27.3744 milliseconds in repetition 144
tcp_ping received 768 bytes back
Round trip time was 25.9415 milliseconds in repetition 145
tcp_ping received 768 bytes back
Round trip time was 25.9061 milliseconds in repetition 146
tcp_ping received 768 bytes back
Round trip time was 26.4545 milliseconds in repetition 147
tcp_ping received 768 bytes back
Round trip time was 29.5341 milliseconds in repetition 148
tcp_ping received 768 bytes back
Round trip time was 27.7211 milliseconds in repetition 149
tcp_ping received 768 bytes back
Round trip time was 28.845 milliseconds in repetition 150
tcp_ping received 768 bytes back
Round trip time was 28.9986 milliseconds in repetition 151
tcp_ping received 768 bytes back
Round trip time was 26.9802 milliseconds in repetition 152
tcp_ping received 768 bytes back
Round trip time was 29.0126 milliseconds in repetition 153
tcp_ping received 768 bytes back
Round trip time was 30.6269 milliseconds in repetition 154
tcp_ping received 768 bytes back
Round trip time was 27.3987 milliseconds in repetition 155
tcp_ping received 768 bytes back
Round trip time was 26.8523 milliseconds in repetition 156
tcp_ping received 768 bytes back
Round trip time was 26.4511 milliseconds in repetition 157
tcp_ping received 768 bytes back
Round trip time was 25.9228 milliseconds in repetition 158
tcp_ping received 768 bytes back
Round trip time was 26.8848 milliseconds in repetition 159
tcp_ping received 768 bytes back
Round trip time was 26.2968 milliseconds in repetition 160
tcp_ping received 768 bytes back
Round trip time was 26.702 milliseconds in repetition 161
tcp_ping received 768 bytes back
Round trip time was 26.3814 milliseconds in repetition 162
tcp_ping received 768 bytes back
Round trip time was 26.6392 milliseconds in repetition 163
tcp_ping received 768 bytes back
Round trip time was 27.7007 milliseconds in repetition 164
tcp_ping received 768 bytes back
Round trip time was 26.77 milliseconds in repetition 165
tcp_ping received 768 bytes back
Round trip time was 26.6796 milliseconds in repetition 166
tcp_ping received 768 bytes back
Round trip time was 26.3235 milliseconds in repetition 167
tcp_ping received 768 bytes back
Round trip time was 26.8242 milliseconds in repetition 168
tcp_ping received 768 bytes back
Round trip time was 27.655 milliseconds in repetition 169
tcp_ping received 768 bytes back
Round trip time was 26.038 milliseconds in repetition 170
tcp_ping received 768 bytes back
Round trip time was 27.3226 milliseconds in repetition 171
tcp_ping received 768 bytes back
Round trip time was 26.6419 milliseconds in repetition 172
tcp_ping received 768 bytes back
Round trip time was 27.3539 milliseconds in repetition 173
tcp_ping received 768 bytes back
Round trip time was 27.002 milliseconds in repetition 174
tcp_ping received 768 bytes back
Round trip time was 27.6984 milliseconds in repetition 175
tcp_ping received 768 bytes back
Round trip time was 27.0408 milliseconds in repetition 176
tcp_ping received 768 bytes back
Round trip time was 28.5998 milliseconds in repetition 177
tcp_ping received 768 bytes back
Round trip time was 26.5875 milliseconds in repetition 178
tcp_ping received 768 bytes back
Round trip time was 26.4944 milliseconds in repetition 179
tcp_ping received 768 bytes back
Round trip time was 27.7236 milliseconds in repetition 180
tcp_ping received 768 bytes back
Round trip time was 27.6307 milliseconds in repetition 181
tcp_ping received 768 bytes back
Round trip time was 26.0154 milliseconds in repetition 182
tcp_ping received 768 bytes back
Round trip time was 26.5973 milliseconds in repetition 183
tcp_ping received 768 bytes back
Round trip time was 26.3431 milliseconds in repetition 184
tcp_ping received 768 bytes back
Round trip time was 26.1293 milliseconds in repetition 185
tcp_ping received 768 bytes back
Round trip time was 26.7707 milliseconds in repetition 186
tcp_ping received 768 bytes back
Round trip time was 25.9192 milliseconds in repetition 187
tcp_ping received 768 bytes back
Round trip time was 26.0179 milliseconds in repetition 188
tcp_ping received 768 bytes back
Round trip time was 26.5144 milliseconds in repetition 189
tcp_ping received 768 bytes back
Round trip time was 25.7714 milliseconds in repetition 190
tcp_ping received 768 bytes back
Round trip time was 26.156 milliseconds in repetition 191
tcp_ping received 768 bytes back
Round trip time was 30.7331 milliseconds in repetition 192
tcp_ping received 768 bytes back
Round trip time was 27.3046 milliseconds in repetition 193
tcp_ping received 768 bytes back
Round trip time was 25.723 milliseconds in repetition 194
tcp_ping received 768 bytes back
Round trip time was 26.5223 milliseconds in repetition 195
tcp_ping received 768 bytes back
Round trip time was 26.0726 milliseconds in repetition 196
tcp_ping received 768 bytes back
Round trip time was 26.3096 milliseconds in repetition 197
tcp_ping received 768 bytes back
Round trip time was 26.9944 milliseconds in repetition 198
tcp_ping received 768 bytes back
Round trip time was 28.1337 milliseconds in repetition 199
tcp_ping received 768 bytes back
Round trip time was 35.4283 milliseconds in repetition 200
tcp_ping received 768 bytes back
Round trip time was 26.2565 milliseconds in repetition 201
tcp_ping received 768 bytes back
Round trip time was 27.5669 milliseconds in repetition 202
tcp_ping received 768 bytes back
Round trip time was 28.4352 milliseconds in repetition 203
tcp_ping received 768 bytes back
Round trip time was 26.6784 milliseconds in repetition 204
tcp_ping received 768 bytes back
Round trip time was 26.7839 milliseconds in repetition 205
tcp_ping received 768 bytes back
Round trip time was 27.5199 milliseconds in repetition 206
tcp_ping received 768 bytes back
Round trip time was 27.0774 milliseconds in repetition 207
tcp_ping received 768 bytes back
Round trip time was 29.0131 milliseconds in repetition 208
tcp_ping received 768 bytes back
Round trip time was 26.1724 milliseconds in repetition 209
tcp_ping received 768 bytes back
Round trip time was 28.0245 milliseconds in repetition 210
tcp_ping received 768 bytes back
Round trip time was 26.4198 milliseconds in repetition 211
tcp_ping received 768 bytes back
Round trip time was 26.4131 milliseconds in repetition 212
tcp_ping received 768 bytes back
Round trip time was 26.3774 milliseconds in repetition 213
tcp_ping received 768 bytes back
Round trip time was 26.3612 milliseconds in repetition 214
tcp_ping received 768 bytes back
Round trip time was 29.0021 milliseconds in repetition 215
tcp_ping received 768 bytes back
Round trip time was 26.3415 milliseconds in repetition 216
tcp_ping received 768 bytes back
Round trip time was 26.3929 milliseconds in repetition 217
tcp_ping received 768 bytes back
Round trip time was 26.9354 milliseconds in repetition 218
tcp_ping received 768 bytes back
Round trip time was 26.7522 milliseconds in repetition 219
tcp_ping received 768 bytes back
Round trip time was 26.1025 milliseconds in repetition 220
tcp_ping received 768 bytes back
Round trip time was 26.4921 milliseconds in repetition 221
tcp_ping received 768 bytes back
Round trip time was 25.715 milliseconds in repetition 222
tcp_ping received 768 bytes back
Round trip time was 25.7965 milliseconds in repetition 223
tcp_ping received 768 bytes back
Round trip time was 26.0578 milliseconds in repetition 224
tcp_ping received 768 bytes back
Round trip time was 26.868 milliseconds in repetition 225
tcp_ping received 768 bytes back
Round trip time was 26.187 milliseconds in repetition 226
tcp_ping received 768 bytes back
Round trip time was 27.1478 milliseconds in repetition 227
tcp_ping received 768 bytes back
Round trip time was 26.2258 milliseconds in repetition 228
tcp_ping received 768 bytes back
Round trip time was 26.1362 milliseconds in repetition 229
tcp_ping received 768 bytes back
Round trip time was 28.6928 milliseconds in repetition 230
tcp_ping received 768 bytes back
Round trip time was 28.2021 milliseconds in repetition 231
tcp_ping received 768 bytes back
Round trip time was 29.2219 milliseconds in repetition 232
tcp_ping received 768 bytes back
Round trip time was 27.0107 milliseconds in repetition 233
tcp_ping received 768 bytes back
Round trip time was 30.1491 milliseconds in repetition 234
tcp_ping received 768 bytes back
Round trip time was 27.4815 milliseconds in repetition 235
tcp_ping received 768 bytes back
Round trip time was 28.1956 milliseconds in repetition 236
tcp_ping received 768 bytes back
Round trip time was 25.8362 milliseconds in repetition 237
tcp_ping received 768 bytes back
Round trip time was 25.9442 milliseconds in repetition 238
tcp_ping received 768 bytes back
Round trip time was 28.3776 milliseconds in repetition 239
tcp_ping received 768 bytes back
Round trip time was 26.4174 milliseconds in repetition 240
tcp_ping received 768 bytes back
Round trip time was 26.0422 milliseconds in repetition 241
tcp_ping received 768 bytes back
Round trip time was 27.1316 milliseconds in repetition 242
tcp_ping received 768 bytes back
Round trip time was 26.5448 milliseconds in repetition 243
tcp_ping received 768 bytes back
Round trip time was 26.4031 milliseconds in repetition 244
tcp_ping received 768 bytes back
Round trip time was 26.1558 milliseconds in repetition 245
tcp_ping received 768 bytes back
Round trip time was 27.2715 milliseconds in repetition 246
tcp_ping received 768 bytes back
Round trip time was 26.8469 milliseconds in repetition 247
tcp_ping received 768 bytes back
Round trip time was 27.5338 milliseconds in repetition 248
tcp_ping received 768 bytes back
Round trip time was 27.7901 milliseconds in repetition 249
tcp_ping received 768 bytes back
Round trip time was 26.3045 milliseconds in repetition 250
tcp_ping received 768 bytes back
Round trip time was 27.1669 milliseconds in repetition 251
tcp_ping received 768 bytes back
Round trip time was 32.9747 milliseconds in repetition 252
tcp_ping received 768 bytes back
Round trip time was 26.4068 milliseconds in repetition 253
tcp_ping received 768 bytes back
Round trip time was 26.3802 milliseconds in repetition 254
tcp_ping received 768 bytes back
Round trip time was 27.0166 milliseconds in repetition 255
tcp_ping received 768 bytes back
Round trip time was 26.1614 milliseconds in repetition 256
tcp_ping received 768 bytes back
Round trip time was 26.3848 milliseconds in repetition 257
tcp_ping received 768 bytes back
Round trip time was 25.9371 milliseconds in repetition 258
tcp_ping received 768 bytes back
Round trip time was 26.3711 milliseconds in repetition 259
tcp_ping received 768 bytes back
Round trip time was 29.032 milliseconds in repetition 260
tcp_ping received 768 bytes back
Round trip time was 33.1182 milliseconds in repetition 261
tcp_ping received 768 bytes back
Round trip time was 26.6757 milliseconds in repetition 262
tcp_ping received 768 bytes back
Round trip time was 28.4762 milliseconds in repetition 263
tcp_ping received 768 bytes back
Round trip time was 26.6696 milliseconds in repetition 264
tcp_ping received 768 bytes back
Round trip time was 26.878 milliseconds in repetition 265
tcp_ping received 768 bytes back
Round trip time was 26.9181 milliseconds in repetition 266
tcp_ping received 768 bytes back
Round trip time was 26.2277 milliseconds in repetition 267
tcp_ping received 768 bytes back
Round trip time was 26.3105 milliseconds in repetition 268
tcp_ping received 768 bytes back
Round trip time was 26.3779 milliseconds in repetition 269
tcp_ping received 768 bytes back
Round trip time was 26.3506 milliseconds in repetition 270
tcp_ping received 768 bytes back
Round trip time was 27.4061 milliseconds in repetition 271
tcp_ping received 768 bytes back
Round trip time was 30.5371 milliseconds in repetition 272
tcp_ping received 768 bytes back
Round trip time was 33.2187 milliseconds in repetition 273
tcp_ping received 768 bytes back
Round trip time was 29.582 milliseconds in repetition 274
tcp_ping received 768 bytes back
Round trip time was 25.7951 milliseconds in repetition 275
tcp_ping received 768 bytes back
Round trip time was 29.3215 milliseconds in repetition 276
tcp_ping received 768 bytes back
Round trip time was 28.2078 milliseconds in repetition 277
tcp_ping received 768 bytes back
Round trip time was 26.1571 milliseconds in repetition 278
tcp_ping received 768 bytes back
Round trip time was 30.3418 milliseconds in repetition 279
tcp_ping received 768 bytes back
Round trip time was 30.4849 milliseconds in repetition 280
tcp_ping received 768 bytes back
Round trip time was 28.4365 milliseconds in repetition 281
tcp_ping received 768 bytes back
Round trip time was 27.1454 milliseconds in repetition 282
tcp_ping received 768 bytes back
Round trip time was 27.6326 milliseconds in repetition 283
tcp_ping received 768 bytes back
Round trip time was 28.0448 milliseconds in repetition 284
tcp_ping received 768 bytes back
Round trip time was 27.4918 milliseconds in repetition 285
tcp_ping received 768 bytes back
Round trip time was 44.4117 milliseconds in repetition 286
tcp_ping received 768 bytes back
Round trip time was 32.755 milliseconds in repetition 287
tcp_ping received 768 bytes back
Round trip time was 28.2794 milliseconds in repetition 288
tcp_ping received 768 bytes back
Round trip time was 26.3672 milliseconds in repetition 289
tcp_ping received 768 bytes back
Round trip time was 41.8998 milliseconds in repetition 290
tcp_ping received 768 bytes back
Round trip time was 31.8239 milliseconds in repetition 291
tcp_ping received 768 bytes back
Round trip time was 26.4712 milliseconds in repetition 292
tcp_ping received 768 bytes back
Round trip time was 26.6578 milliseconds in repetition 293
tcp_ping received 768 bytes back
Round trip time was 26.5944 milliseconds in repetition 294
tcp_ping received 768 bytes back
Round trip time was 31.7671 milliseconds in repetition 295
tcp_ping received 768 bytes back
Round trip time was 32.1716 milliseconds in repetition 296
tcp_ping received 768 bytes back
Round trip time was 33.5761 milliseconds in repetition 297
tcp_ping received 768 bytes back
Round trip time was 27.694 milliseconds in repetition 298
tcp_ping received 768 bytes back
Round trip time was 26.4873 milliseconds in repetition 299
tcp_ping received 768 bytes back
Round trip time was 25.7872 milliseconds in repetition 300
tcp_ping received 768 bytes back
Round trip time was 26.5779 milliseconds in repetition 301
tcp_ping received 768 bytes back
Round trip time was 26.8191 milliseconds in repetition 302
tcp_ping received 768 bytes back
Round trip time was 26.4829 milliseconds in repetition 303
tcp_ping received 768 bytes back
Round trip time was 26.7528 milliseconds in repetition 304
tcp_ping received 768 bytes back
Round trip time was 27.6062 milliseconds in repetition 305
tcp_ping received 768 bytes back
Round trip time was 27.4064 milliseconds in repetition 306
tcp_ping received 768 bytes back
Round trip time was 26.3181 milliseconds in repetition 307
tcp_ping received 768 bytes back
Round trip time was 27.3681 milliseconds in repetition 308
tcp_ping received 768 bytes back
Round trip time was 26.7014 milliseconds in repetition 309
tcp_ping received 768 bytes back
Round trip time was 26.1092 milliseconds in repetition 310
tcp_ping received 768 bytes back
Round trip time was 26.1267 milliseconds in repetition 311
tcp_ping received 768 bytes back
Round trip time was 26.8329 milliseconds in repetition 312
tcp_ping received 768 bytes back
Round trip time was 27.6774 milliseconds in repetition 313
tcp_ping received 768 bytes back
Round trip time was 25.9383 milliseconds in repetition 314
tcp_ping received 768 bytes back
Round trip time was 26.4029 milliseconds in repetition 315
tcp_ping received 768 bytes back
Round trip time was 26.3119 milliseconds in repetition 316
tcp_ping received 768 bytes back
Round trip time was 27.3223 milliseconds in repetition 317
tcp_ping received 768 bytes back
Round trip time was 26.2205 milliseconds in repetition 318
tcp_ping received 768 bytes back
Round trip time was 26.9595 milliseconds in repetition 319
tcp_ping received 768 bytes back
Round trip time was 26.6332 milliseconds in repetition 320
tcp_ping received 768 bytes back
Round trip time was 26.518 milliseconds in repetition 321
tcp_ping received 768 bytes back
Round trip time was 29.2905 milliseconds in repetition 322
tcp_ping received 768 bytes back
Round trip time was 28.5107 milliseconds in repetition 323
tcp_ping received 768 bytes back
Round trip time was 67.8287 milliseconds in repetition 324
tcp_ping received 768 bytes back
Round trip time was 28.706 milliseconds in repetition 325
tcp_ping received 768 bytes back
Round trip time was 27.5934 milliseconds in repetition 326
tcp_ping received 768 bytes back
Round trip time was 27.3717 milliseconds in repetition 327
tcp_ping received 768 bytes back
Round trip time was 26.8195 milliseconds in repetition 328
tcp_ping received 768 bytes back
Round trip time was 26.056 milliseconds in repetition 329
tcp_ping received 768 bytes back
Round trip time was 26.687 milliseconds in repetition 330
tcp_ping received 768 bytes back
Round trip time was 26.2248 milliseconds in repetition 331
tcp_ping received 768 bytes back
Round trip time was 26.5096 milliseconds in repetition 332
tcp_ping received 768 bytes back
Round trip time was 27.3957 milliseconds in repetition 333
tcp_ping received 768 bytes back
Round trip time was 26.9642 milliseconds in repetition 334
tcp_ping received 768 bytes back
Round trip time was 26.0244 milliseconds in repetition 335
tcp_ping received 768 bytes back
Round trip time was 26.6424 milliseconds in repetition 336
tcp_ping received 768 bytes back
Round trip time was 26.727 milliseconds in repetition 337
tcp_ping received 768 bytes back
Round trip time was 26.3189 milliseconds in repetition 338
tcp_ping received 768 bytes back
Round trip time was 28.3993 milliseconds in repetition 339
tcp_ping received 768 bytes back
Round trip time was 30.2687 milliseconds in repetition 340
tcp_ping received 768 bytes back
Round trip time was 27.8237 milliseconds in repetition 341
tcp_ping received 768 bytes back
Round trip time was 29.4927 milliseconds in repetition 342
tcp_ping received 768 bytes back
Round trip time was 26.5003 milliseconds in repetition 343
tcp_ping received 768 bytes back
Round trip time was 26.293 milliseconds in repetition 344
tcp_ping received 768 bytes back
Round trip time was 26.1557 milliseconds in repetition 345
tcp_ping received 768 bytes back
Round trip time was 27.226 milliseconds in repetition 346
tcp_ping received 768 bytes back
Round trip time was 26.1598 milliseconds in repetition 347
tcp_ping received 768 bytes back
Round trip time was 26.2938 milliseconds in repetition 348
tcp_ping received 768 bytes back
Round trip time was 26.9507 milliseconds in repetition 349
tcp_ping received 768 bytes back
Round trip time was 26.3134 milliseconds in repetition 350
tcp_ping received 768 bytes back
Round trip time was 27.8418 milliseconds in repetition 351
tcp_ping received 768 bytes back
Round trip time was 26.1298 milliseconds in repetition 352
tcp_ping received 768 bytes back
Round trip time was 27.4369 milliseconds in repetition 353
tcp_ping received 768 bytes back
Round trip time was 33.3646 milliseconds in repetition 354
tcp_ping received 768 bytes back
Round trip time was 26.466 milliseconds in repetition 355
tcp_ping received 768 bytes back
Round trip time was 26.2574 milliseconds in repetition 356
tcp_ping received 768 bytes back
Round trip time was 25.8977 milliseconds in repetition 357
tcp_ping received 768 bytes back
Round trip time was 26.4355 milliseconds in repetition 358
tcp_ping received 768 bytes back
Round trip time was 28.4689 milliseconds in repetition 359
tcp_ping received 768 bytes back
Round trip time was 26.0009 milliseconds in repetition 360
tcp_ping received 768 bytes back
Round trip time was 26.016 milliseconds in repetition 361
tcp_ping received 768 bytes back
Round trip time was 25.7515 milliseconds in repetition 362
tcp_ping received 768 bytes back
Round trip time was 26.2524 milliseconds in repetition 363
tcp_ping received 768 bytes back
Round trip time was 26.1816 milliseconds in repetition 364
tcp_ping received 768 bytes back
Round trip time was 26.4553 milliseconds in repetition 365
tcp_ping received 768 bytes back
Round trip time was 27.7516 milliseconds in repetition 366
tcp_ping received 768 bytes back
Round trip time was 26.461 milliseconds in repetition 367
tcp_ping received 768 bytes back
Round trip time was 26.7117 milliseconds in repetition 368
tcp_ping received 768 bytes back
Round trip time was 30.9834 milliseconds in repetition 369
tcp_ping received 768 bytes back
Round trip time was 29.3516 milliseconds in repetition 370
tcp_ping received 768 bytes back
Round trip time was 26.3544 milliseconds in repetition 371
tcp_ping received 768 bytes back
Round trip time was 28.7788 milliseconds in repetition 372
tcp_ping received 768 bytes back
Round trip time was 27.2149 milliseconds in repetition 373
tcp_ping received 768 bytes back
Round trip time was 26.1834 milliseconds in repetition 374
tcp_ping received 768 bytes back
Round trip time was 25.9892 milliseconds in repetition 375
tcp_ping received 768 bytes back
Round trip time was 26.155 milliseconds in repetition 376
tcp_ping received 768 bytes back
Round trip time was 42.8681 milliseconds in repetition 377
tcp_ping received 768 bytes back
Round trip time was 27.65 milliseconds in repetition 378
tcp_ping received 768 bytes back
Round trip time was 27.2085 milliseconds in repetition 379
tcp_ping received 768 bytes back
Round trip time was 25.9367 milliseconds in repetition 380
tcp_ping received 768 bytes back
Round trip time was 26.8013 milliseconds in repetition 381
tcp_ping received 768 bytes back
Round trip time was 27.1474 milliseconds in repetition 382
tcp_ping received 768 bytes back
Round trip time was 26.6637 milliseconds in repetition 383
tcp_ping received 768 bytes back
Round trip time was 26.4094 milliseconds in repetition 384
tcp_ping received 768 bytes back
Round trip time was 26.6426 milliseconds in repetition 385
tcp_ping received 768 bytes back
Round trip time was 26.3538 milliseconds in repetition 386
tcp_ping received 768 bytes back
Round trip time was 26.6482 milliseconds in repetition 387
tcp_ping received 768 bytes back
Round trip time was 27.4194 milliseconds in repetition 388
tcp_ping received 768 bytes back
Round trip time was 28.1262 milliseconds in repetition 389
tcp_ping received 768 bytes back
Round trip time was 28.2215 milliseconds in repetition 390
tcp_ping received 768 bytes back
Round trip time was 28.3794 milliseconds in repetition 391
tcp_ping received 768 bytes back
Round trip time was 31.7684 milliseconds in repetition 392
tcp_ping received 768 bytes back
Round trip time was 28.1352 milliseconds in repetition 393
tcp_ping received 768 bytes back
Round trip time was 28.3232 milliseconds in repetition 394
tcp_ping received 768 bytes back
Round trip time was 26.2054 milliseconds in repetition 395
tcp_ping received 768 bytes back
Round trip time was 31.0158 milliseconds in repetition 396
tcp_ping received 768 bytes back
Round trip time was 27.5325 milliseconds in repetition 397
tcp_ping received 768 bytes back
Round trip time was 26.0495 milliseconds in repetition 398
tcp_ping received 768 bytes back
Round trip time was 26.562 milliseconds in repetition 399
tcp_ping received 768 bytes back
Round trip time was 28.3562 milliseconds in repetition 400
tcp_ping received 768 bytes back
Round trip time was 29.5405 milliseconds in repetition 401
tcp_ping received 768 bytes back
Round trip time was 26.9773 milliseconds in repetition 402
tcp_ping received 768 bytes back
Round trip time was 28.189 milliseconds in repetition 403
tcp_ping received 768 bytes back
Round trip time was 27.8091 milliseconds in repetition 404
tcp_ping received 768 bytes back
Round trip time was 27.4856 milliseconds in repetition 405
tcp_ping received 768 bytes back
Round trip time was 27.0995 milliseconds in repetition 406
tcp_ping received 768 bytes back
Round trip time was 27.3874 milliseconds in repetition 407
tcp_ping received 768 bytes back
Round trip time was 27.5411 milliseconds in repetition 408
tcp_ping received 768 bytes back
Round trip time was 27.7971 milliseconds in repetition 409
tcp_ping received 768 bytes back
Round trip time was 25.9193 milliseconds in repetition 410
tcp_ping received 768 bytes back
Round trip time was 26.4353 milliseconds in repetition 411
tcp_ping received 768 bytes back
Round trip time was 26.9522 milliseconds in repetition 412
tcp_ping received 768 bytes back
Round trip time was 30.1921 milliseconds in repetition 413
tcp_ping received 768 bytes back
Round trip time was 27.993 milliseconds in repetition 414
tcp_ping received 768 bytes back
Round trip time was 32.4762 milliseconds in repetition 415
tcp_ping received 768 bytes back
Round trip time was 27.591 milliseconds in repetition 416
tcp_ping received 768 bytes back
Round trip time was 27.0286 milliseconds in repetition 417
tcp_ping received 768 bytes back
Round trip time was 26.355 milliseconds in repetition 418
tcp_ping received 768 bytes back
Round trip time was 26.3948 milliseconds in repetition 419
tcp_ping received 768 bytes back
Round trip time was 29.4795 milliseconds in repetition 420
tcp_ping received 768 bytes back
Round trip time was 27.5111 milliseconds in repetition 421
tcp_ping received 768 bytes back
Round trip time was 27.3124 milliseconds in repetition 422
tcp_ping received 768 bytes back
Round trip time was 28.2267 milliseconds in repetition 423
tcp_ping received 768 bytes back
Round trip time was 53.999 milliseconds in repetition 424
tcp_ping received 768 bytes back
Round trip time was 26.3697 milliseconds in repetition 425
tcp_ping received 768 bytes back
Round trip time was 26.555 milliseconds in repetition 426
tcp_ping received 768 bytes back
Round trip time was 26.2019 milliseconds in repetition 427
tcp_ping received 768 bytes back
Round trip time was 28.8663 milliseconds in repetition 428
tcp_ping received 768 bytes back
Round trip time was 26.6647 milliseconds in repetition 429
tcp_ping received 768 bytes back
Round trip time was 27.1378 milliseconds in repetition 430
tcp_ping received 768 bytes back
Round trip time was 28.7974 milliseconds in repetition 431
tcp_ping received 768 bytes back
Round trip time was 26.1686 milliseconds in repetition 432
tcp_ping received 768 bytes back
Round trip time was 28.6793 milliseconds in repetition 433
tcp_ping received 768 bytes back
Round trip time was 26.1528 milliseconds in repetition 434
tcp_ping received 768 bytes back
Round trip time was 25.8251 milliseconds in repetition 435
tcp_ping received 768 bytes back
Round trip time was 25.8031 milliseconds in repetition 436
tcp_ping received 768 bytes back
Round trip time was 26.0754 milliseconds in repetition 437
tcp_ping received 768 bytes back
Round trip time was 25.7592 milliseconds in repetition 438
tcp_ping received 768 bytes back
Round trip time was 25.6896 milliseconds in repetition 439
tcp_ping received 768 bytes back
Round trip time was 26.6268 milliseconds in repetition 440
tcp_ping received 768 bytes back
Round trip time was 29.0829 milliseconds in repetition 441
tcp_ping received 768 bytes back
Round trip time was 32.9403 milliseconds in repetition 442
tcp_ping received 768 bytes back
Round trip time was 26.5024 milliseconds in repetition 443
tcp_ping received 768 bytes back
Round trip time was 26.2373 milliseconds in repetition 444
tcp_ping received 768 bytes back
Round trip time was 26.8124 milliseconds in repetition 445
tcp_ping received 768 bytes back
Round trip time was 25.5668 milliseconds in repetition 446
tcp_ping received 768 bytes back
Round trip time was 27.6597 milliseconds in repetition 447
tcp_ping received 768 bytes back
Round trip time was 27.8583 milliseconds in repetition 448
tcp_ping received 768 bytes back
Round trip time was 27.6401 milliseconds in repetition 449
tcp_ping received 768 bytes back
Round trip time was 26.1858 milliseconds in repetition 450
tcp_ping received 768 bytes back
Round trip time was 29.6507 milliseconds in repetition 451
tcp_ping received 768 bytes back
Round trip time was 28.1105 milliseconds in repetition 452
tcp_ping received 768 bytes back
Round trip time was 27.3281 milliseconds in repetition 453
tcp_ping received 768 bytes back
Round trip time was 26.4567 milliseconds in repetition 454
tcp_ping received 768 bytes back
Round trip time was 27.2085 milliseconds in repetition 455
tcp_ping received 768 bytes back
Round trip time was 27.355 milliseconds in repetition 456
tcp_ping received 768 bytes back
Round trip time was 26.9591 milliseconds in repetition 457
tcp_ping received 768 bytes back
Round trip time was 33.4607 milliseconds in repetition 458
tcp_ping received 768 bytes back
Round trip time was 26.2867 milliseconds in repetition 459
tcp_ping received 768 bytes back
Round trip time was 26.2096 milliseconds in repetition 460
tcp_ping received 768 bytes back
Round trip time was 26.5467 milliseconds in repetition 461
tcp_ping received 768 bytes back
Round trip time was 26.2786 milliseconds in repetition 462
tcp_ping received 768 bytes back
Round trip time was 26.8722 milliseconds in repetition 463
tcp_ping received 768 bytes back
Round trip time was 27.2378 milliseconds in repetition 464
tcp_ping received 768 bytes back
Round trip time was 26.1215 milliseconds in repetition 465
tcp_ping received 768 bytes back
Round trip time was 27.204 milliseconds in repetition 466
tcp_ping received 768 bytes back
Round trip time was 27.758 milliseconds in repetition 467
tcp_ping received 768 bytes back
Round trip time was 25.9362 milliseconds in repetition 468
tcp_ping received 768 bytes back
Round trip time was 26.455 milliseconds in repetition 469
tcp_ping received 768 bytes back
Round trip time was 28.2341 milliseconds in repetition 470
tcp_ping received 768 bytes back
Round trip time was 27.3425 milliseconds in repetition 471
tcp_ping received 768 bytes back
Round trip time was 26.5731 milliseconds in repetition 472
tcp_ping received 768 bytes back
Round trip time was 27.2426 milliseconds in repetition 473
tcp_ping received 768 bytes back
Round trip time was 27.249 milliseconds in repetition 474
tcp_ping received 768 bytes back
Round trip time was 26.2857 milliseconds in repetition 475
tcp_ping received 768 bytes back
Round trip time was 29.5669 milliseconds in repetition 476
tcp_ping received 768 bytes back
Round trip time was 34.9094 milliseconds in repetition 477
tcp_ping received 768 bytes back
Round trip time was 26.1326 milliseconds in repetition 478
tcp_ping received 768 bytes back
Round trip time was 27.4834 milliseconds in repetition 479
tcp_ping received 768 bytes back
Round trip time was 27.9799 milliseconds in repetition 480
tcp_ping received 768 bytes back
Round trip time was 26.2706 milliseconds in repetition 481
tcp_ping received 768 bytes back
Round trip time was 26.0117 milliseconds in repetition 482
tcp_ping received 768 bytes back
Round trip time was 26.1111 milliseconds in repetition 483
tcp_ping received 768 bytes back
Round trip time was 26.1802 milliseconds in repetition 484
tcp_ping received 768 bytes back
Round trip time was 28.1254 milliseconds in repetition 485
tcp_ping received 768 bytes back
Round trip time was 32.3337 milliseconds in repetition 486
tcp_ping received 768 bytes back
Round trip time was 26.9472 milliseconds in repetition 487
tcp_ping received 768 bytes back
Round trip time was 28.6689 milliseconds in repetition 488
tcp_ping received 768 bytes back
Round trip time was 30.2058 milliseconds in repetition 489
tcp_ping received 768 bytes back
Round trip time was 26.4643 milliseconds in repetition 490
tcp_ping received 768 bytes back
Round trip time was 26.9151 milliseconds in repetition 491
tcp_ping received 768 bytes back
Round trip time was 27.5645 milliseconds in repetition 492
tcp_ping received 768 bytes back
Round trip time was 27.9629 milliseconds in repetition 493
tcp_ping received 768 bytes back
Round trip time was 30.3599 milliseconds in repetition 494
tcp_ping received 768 bytes back
Round trip time was 26.0717 milliseconds in repetition 495
tcp_ping received 768 bytes back
Round trip time was 26.6922 milliseconds in repetition 496
tcp_ping received 768 bytes back
Round trip time was 27.9068 milliseconds in repetition 497
tcp_ping received 768 bytes back
Round trip time was 26.7106 milliseconds in repetition 498
tcp_ping received 768 bytes back
Round trip time was 26.284 milliseconds in repetition 499
tcp_ping received 768 bytes back
Round trip time was 27.0438 milliseconds in repetition 500
tcp_ping received 768 bytes back
Round trip time was 26.34 milliseconds in repetition 501

 ... clock resolution was 1e-06
TCP Ping:  Statistics over 501 repetitions of 768 byte messages

RTT : percentile 10: 26.1111, median: 26.9752, percentile 90: 29.8141, average: 27.838, variance: 11.8297

RTT histogram:
25.4955 176
27.6121 241
29.7288 50
31.8455 14
33.9621 8
36.0788 1
38.1955 1
40.3121 2
42.4288 3
44.5454 2
46.6621 0
48.7788 0
50.8954 0
53.0121 2
55.1288 0
57.2454 0
59.3621 0
61.4787 0
63.5954 0
65.7121 0
67.8287 1

   median Throughput : 56.9412 KB/s   overall Throughput : 55.1764 KB/s

