TCP Ping trying to connect to server seti.dibris.unige.it (130.251.61.30) on port 1491

... connected to Pong server: asking for 501 repetitions of 1536 bytes TCP messages
 ... Pong server agreed :-)
tcp_ping received 1536 bytes back
Round trip time was 39.7825 milliseconds in repetition 1
tcp_ping received 1536 bytes back
Round trip time was 361.021 milliseconds in repetition 2
tcp_ping received 1536 bytes back
Round trip time was 32.6866 milliseconds in repetition 3
tcp_ping received 1536 bytes back
Round trip time was 32.7808 milliseconds in repetition 4
tcp_ping received 1536 bytes back
Round trip time was 32.402 milliseconds in repetition 5
tcp_ping received 1536 bytes back
Round trip time was 32.834 milliseconds in repetition 6
tcp_ping received 1536 bytes back
Round trip time was 33.1623 milliseconds in repetition 7
tcp_ping received 1536 bytes back
Round trip time was 32.3153 milliseconds in repetition 8
tcp_ping received 1536 bytes back
Round trip time was 32.9437 milliseconds in repetition 9
tcp_ping received 1536 bytes back
Round trip time was 33.5518 milliseconds in repetition 10
tcp_ping received 1536 bytes back
Round trip time was 33.0422 milliseconds in repetition 11
tcp_ping received 1536 bytes back
Round trip time was 34.233 milliseconds in repetition 12
tcp_ping received 1536 bytes back
Round trip time was 33.3491 milliseconds in repetition 13
tcp_ping received 1536 bytes back
Round trip time was 32.6261 milliseconds in repetition 14
tcp_ping received 1536 bytes back
Round trip time was 33.2437 milliseconds in repetition 15
tcp_ping received 1536 bytes back
Round trip time was 33.6266 milliseconds in repetition 16
tcp_ping received 1536 bytes back
Round trip time was 31.8439 milliseconds in repetition 17
tcp_ping received 1536 bytes back
Round trip time was 31.6421 milliseconds in repetition 18
tcp_ping received 1536 bytes back
Round trip time was 31.518 milliseconds in repetition 19
tcp_ping received 1536 bytes back
Round trip time was 33.5022 milliseconds in repetition 20
tcp_ping received 1536 bytes back
Round trip time was 32.4098 milliseconds in repetition 21
tcp_ping received 1536 bytes back
Round trip time was 30.6891 milliseconds in repetition 22
tcp_ping received 1536 bytes back
Round trip time was 31.6935 milliseconds in repetition 23
tcp_ping received 1536 bytes back
Round trip time was 32.9294 milliseconds in repetition 24
tcp_ping received 1536 bytes back
Round trip time was 31.8479 milliseconds in repetition 25
tcp_ping received 1536 bytes back
Round trip time was 31.856 milliseconds in repetition 26
tcp_ping received 1536 bytes back
Round trip time was 31.6941 milliseconds in repetition 27
tcp_ping received 1536 bytes back
Round trip time was 31.0724 milliseconds in repetition 28
tcp_ping received 1536 bytes back
Round trip time was 32.3422 milliseconds in repetition 29
tcp_ping received 1536 bytes back
Round trip time was 31.5839 milliseconds in repetition 30
tcp_ping received 1536 bytes back
Round trip time was 32.1017 milliseconds in repetition 31
tcp_ping received 1536 bytes back
Round trip time was 31.9878 milliseconds in repetition 32
tcp_ping received 1536 bytes back
Round trip time was 34.2522 milliseconds in repetition 33
tcp_ping received 1536 bytes back
Round trip time was 32.651 milliseconds in repetition 34
tcp_ping received 1536 bytes back
Round trip time was 31.8808 milliseconds in repetition 35
tcp_ping received 1536 bytes back
Round trip time was 31.9034 milliseconds in repetition 36
tcp_ping received 1536 bytes back
Round trip time was 33.7276 milliseconds in repetition 37
tcp_ping received 1536 bytes back
Round trip time was 31.3551 milliseconds in repetition 38
tcp_ping received 1536 bytes back
Round trip time was 31.3317 milliseconds in repetition 39
tcp_ping received 1536 bytes back
Round trip time was 31.1685 milliseconds in repetition 40
tcp_ping received 1536 bytes back
Round trip time was 30.9948 milliseconds in repetition 41
tcp_ping received 1536 bytes back
Round trip time was 30.5476 milliseconds in repetition 42
tcp_ping received 1536 bytes back
Round trip time was 30.7237 milliseconds in repetition 43
tcp_ping received 1536 bytes back
Round trip time was 30.3623 milliseconds in repetition 44
tcp_ping received 1536 bytes back
Round trip time was 31.8711 milliseconds in repetition 45
tcp_ping received 1536 bytes back
Round trip time was 32.4155 milliseconds in repetition 46
tcp_ping received 1536 bytes back
Round trip time was 32.6781 milliseconds in repetition 47
tcp_ping received 1536 bytes back
Round trip time was 31.3064 milliseconds in repetition 48
tcp_ping received 1536 bytes back
Round trip time was 31.8174 milliseconds in repetition 49
tcp_ping received 1536 bytes back
Round trip time was 32.4443 milliseconds in repetition 50
tcp_ping received 1536 bytes back
Round trip time was 31.145 milliseconds in repetition 51
tcp_ping received 1536 bytes back
Round trip time was 31.1551 milliseconds in repetition 52
tcp_ping received 1536 bytes back
Round trip time was 30.9476 milliseconds in repetition 53
tcp_ping received 1536 bytes back
Round trip time was 31.5682 milliseconds in repetition 54
tcp_ping received 1536 bytes back
Round trip time was 31.5576 milliseconds in repetition 55
tcp_ping received 1536 bytes back
Round trip time was 31.5847 milliseconds in repetition 56
tcp_ping received 1536 bytes back
Round trip time was 30.8587 milliseconds in repetition 57
tcp_ping received 1536 bytes back
Round trip time was 32.1324 milliseconds in repetition 58
tcp_ping received 1536 bytes back
Round trip time was 34.0937 milliseconds in repetition 59
tcp_ping received 1536 bytes back
Round trip time was 35.0813 milliseconds in repetition 60
tcp_ping received 1536 bytes back
Round trip time was 35.0283 milliseconds in repetition 61
tcp_ping received 1536 bytes back
Round trip time was 35.0339 milliseconds in repetition 62
tcp_ping received 1536 bytes back
Round trip time was 32.0034 milliseconds in repetition 63
tcp_ping received 1536 bytes back
Round trip time was 30.7079 milliseconds in repetition 64
tcp_ping received 1536 bytes back
Round trip time was 31.2946 milliseconds in repetition 65
tcp_ping received 1536 bytes back
Round trip time was 31.2626 milliseconds in repetition 66
tcp_ping received 1536 bytes back
Round trip time was 31.9896 milliseconds in repetition 67
tcp_ping received 1536 bytes back
Round trip time was 32.0529 milliseconds in repetition 68
tcp_ping received 1536 bytes back
Round trip time was 31.4311 milliseconds in repetition 69
tcp_ping received 1536 bytes back
Round trip time was 30.5759 milliseconds in repetition 70
tcp_ping received 1536 bytes back
Round trip time was 31.1109 milliseconds in repetition 71
tcp_ping received 1536 bytes back
Round trip time was 31.1555 milliseconds in repetition 72
tcp_ping received 1536 bytes back
Round trip time was 33.0619 milliseconds in repetition 73
tcp_ping received 1536 bytes back
Round trip time was 33.355 milliseconds in repetition 74
tcp_ping received 1536 bytes back
Round trip time was 32.392 milliseconds in repetition 75
tcp_ping received 1536 bytes back
Round trip time was 32.6038 milliseconds in repetition 76
tcp_ping received 1536 bytes back
Round trip time was 32.059 milliseconds in repetition 77
tcp_ping received 1536 bytes back
Round trip time was 31.6733 milliseconds in repetition 78
tcp_ping received 1536 bytes back
Round trip time was 34.0174 milliseconds in repetition 79
tcp_ping received 1536 bytes back
Round trip time was 84.4683 milliseconds in repetition 80
tcp_ping received 1536 bytes back
Round trip time was 31.4184 milliseconds in repetition 81
tcp_ping received 1536 bytes back
Round trip time was 30.7223 milliseconds in repetition 82
tcp_ping received 1536 bytes back
Round trip time was 30.8552 milliseconds in repetition 83
tcp_ping received 1536 bytes back
Round trip time was 30.7285 milliseconds in repetition 84
tcp_ping received 1536 bytes back
Round trip time was 31.0088 milliseconds in repetition 85
tcp_ping received 1536 bytes back
Round trip time was 31.115 milliseconds in repetition 86
tcp_ping received 1536 bytes back
Round trip time was 31.8078 milliseconds in repetition 87
tcp_ping received 1536 bytes back
Round trip time was 33.064 milliseconds in repetition 88
tcp_ping received 1536 bytes back
Round trip time was 30.7722 milliseconds in repetition 89
tcp_ping received 1536 bytes back
Round trip time was 33.4331 milliseconds in repetition 90
tcp_ping received 1536 bytes back
Round trip time was 34.9506 milliseconds in repetition 91
tcp_ping received 1536 bytes back
Round trip time was 31.3569 milliseconds in repetition 92
tcp_ping received 1536 bytes back
Round trip time was 32.5778 milliseconds in repetition 93
tcp_ping received 1536 bytes back
Round trip time was 34.5519 milliseconds in repetition 94
tcp_ping received 1536 bytes back
Round trip time was 33.3135 milliseconds in repetition 95
tcp_ping received 1536 bytes back
Round trip time was 34.824 milliseconds in repetition 96
tcp_ping received 1536 bytes back
Round trip time was 36.2097 milliseconds in repetition 97
tcp_ping received 1536 bytes back
Round trip time was 32.6362 milliseconds in repetition 98
tcp_ping received 1536 bytes back
Round trip time was 34.5811 milliseconds in repetition 99
tcp_ping received 1536 bytes back
Round trip time was 31.3274 milliseconds in repetition 100
tcp_ping received 1536 bytes back
Round trip time was 31.9067 milliseconds in repetition 101
tcp_ping received 1536 bytes back
Round trip time was 31.5053 milliseconds in repetition 102
tcp_ping received 1536 bytes back
Round trip time was 32.9533 milliseconds in repetition 103
tcp_ping received 1536 bytes back
Round trip time was 35.1466 milliseconds in repetition 104
tcp_ping received 1536 bytes back
Round trip time was 30.8374 milliseconds in repetition 105
tcp_ping received 1536 bytes back
Round trip time was 32.6336 milliseconds in repetition 106
tcp_ping received 1536 bytes back
Round trip time was 31.0603 milliseconds in repetition 107
tcp_ping received 1536 bytes back
Round trip time was 30.8714 milliseconds in repetition 108
tcp_ping received 1536 bytes back
Round trip time was 30.5838 milliseconds in repetition 109
tcp_ping received 1536 bytes back
Round trip time was 32.9717 milliseconds in repetition 110
tcp_ping received 1536 bytes back
Round trip time was 33.1463 milliseconds in repetition 111
tcp_ping received 1536 bytes back
Round trip time was 31.1955 milliseconds in repetition 112
tcp_ping received 1536 bytes back
Round trip time was 30.6595 milliseconds in repetition 113
tcp_ping received 1536 bytes back
Round trip time was 30.6249 milliseconds in repetition 114
tcp_ping received 1536 bytes back
Round trip time was 30.7383 milliseconds in repetition 115
tcp_ping received 1536 bytes back
Round trip time was 32.3743 milliseconds in repetition 116
tcp_ping received 1536 bytes back
Round trip time was 33.4726 milliseconds in repetition 117
tcp_ping received 1536 bytes back
Round trip time was 30.9041 milliseconds in repetition 118
tcp_ping received 1536 bytes back
Round trip time was 30.9021 milliseconds in repetition 119
tcp_ping received 1536 bytes back
Round trip time was 31.7279 milliseconds in repetition 120
tcp_ping received 1536 bytes back
Round trip time was 30.7666 milliseconds in repetition 121
tcp_ping received 1536 bytes back
Round trip time was 31.1255 milliseconds in repetition 122
tcp_ping received 1536 bytes back
Round trip time was 30.6737 milliseconds in repetition 123
tcp_ping received 1536 bytes back
Round trip time was 30.7996 milliseconds in repetition 124
tcp_ping received 1536 bytes back
Round trip time was 30.8866 milliseconds in repetition 125
tcp_ping received 1536 bytes back
Round trip time was 31.0624 milliseconds in repetition 126
tcp_ping received 1536 bytes back
Round trip time was 31.9362 milliseconds in repetition 127
tcp_ping received 1536 bytes back
Round trip time was 31.0876 milliseconds in repetition 128
tcp_ping received 1536 bytes back
Round trip time was 30.5657 milliseconds in repetition 129
tcp_ping received 1536 bytes back
Round trip time was 32.1364 milliseconds in repetition 130
tcp_ping received 1536 bytes back
Round trip time was 34.2928 milliseconds in repetition 131
tcp_ping received 1536 bytes back
Round trip time was 32.1959 milliseconds in repetition 132
tcp_ping received 1536 bytes back
Round trip time was 31.6064 milliseconds in repetition 133
tcp_ping received 1536 bytes back
Round trip time was 31.18 milliseconds in repetition 134
tcp_ping received 1536 bytes back
Round trip time was 30.8238 milliseconds in repetition 135
tcp_ping received 1536 bytes back
Round trip time was 30.9824 milliseconds in repetition 136
tcp_ping received 1536 bytes back
Round trip time was 30.8843 milliseconds in repetition 137
tcp_ping received 1536 bytes back
Round trip time was 38.7999 milliseconds in repetition 138
tcp_ping received 1536 bytes back
Round trip time was 32.3142 milliseconds in repetition 139
tcp_ping received 1536 bytes back
Round trip time was 31.3367 milliseconds in repetition 140
tcp_ping received 1536 bytes back
Round trip time was 30.9236 milliseconds in repetition 141
tcp_ping received 1536 bytes back
Round trip time was 30.7113 milliseconds in repetition 142
tcp_ping received 1536 bytes back
Round trip time was 32.2955 milliseconds in repetition 143
tcp_ping received 1536 bytes back
Round trip time was 31.1366 milliseconds in repetition 144
tcp_ping received 1536 bytes back
Round trip time was 31.7469 milliseconds in repetition 145
tcp_ping received 1536 bytes back
Round trip time was 33.3433 milliseconds in repetition 146
tcp_ping received 1536 bytes back
Round trip time was 33.3998 milliseconds in repetition 147
tcp_ping received 1536 bytes back
Round trip time was 30.7577 milliseconds in repetition 148
tcp_ping received 1536 bytes back
Round trip time was 31.058 milliseconds in repetition 149
tcp_ping received 1536 bytes back
Round trip time was 30.8202 milliseconds in repetition 150
tcp_ping received 1536 bytes back
Round trip time was 30.9108 milliseconds in repetition 151
tcp_ping received 1536 bytes back
Round trip time was 30.9669 milliseconds in repetition 152
tcp_ping received 1536 bytes back
Round trip time was 30.9517 milliseconds in repetition 153
tcp_ping received 1536 bytes back
Round trip time was 31.6579 milliseconds in repetition 154
tcp_ping received 1536 bytes back
Round trip time was 32.3966 milliseconds in repetition 155
tcp_ping received 1536 bytes back
Round trip time was 30.4631 milliseconds in repetition 156
tcp_ping received 1536 bytes back
Round trip time was 33.2682 milliseconds in repetition 157
tcp_ping received 1536 bytes back
Round trip time was 32.1815 milliseconds in repetition 158
tcp_ping received 1536 bytes back
Round trip time was 33.3855 milliseconds in repetition 159
tcp_ping received 1536 bytes back
Round trip time was 33.3008 milliseconds in repetition 160
tcp_ping received 1536 bytes back
Round trip time was 33.5689 milliseconds in repetition 161
tcp_ping received 1536 bytes back
Round trip time was 32.9534 milliseconds in repetition 162
tcp_ping received 1536 bytes back
Round trip time was 31.5676 milliseconds in repetition 163
tcp_ping received 1536 bytes back
Round trip time was 31.1515 milliseconds in repetition 164
tcp_ping received 1536 bytes back
Round trip time was 31.8896 milliseconds in repetition 165
tcp_ping received 1536 bytes back
Round trip time was 30.823 milliseconds in repetition 166
tcp_ping received 1536 bytes back
Round trip time was 31.0556 milliseconds in repetition 167
tcp_ping received 1536 bytes back
Round trip time was 32.3207 milliseconds in repetition 168
tcp_ping received 1536 bytes back
Round trip time was 31.5621 milliseconds in repetition 169
tcp_ping received 1536 bytes back
Round trip time was 32.0121 milliseconds in repetition 170
tcp_ping received 1536 bytes back
Round trip time was 36.3538 milliseconds in repetition 171
tcp_ping received 1536 bytes back
Round trip time was 30.9738 milliseconds in repetition 172
tcp_ping received 1536 bytes back
Round trip time was 31.3769 milliseconds in repetition 173
tcp_ping received 1536 bytes back
Round trip time was 31.3572 milliseconds in repetition 174
tcp_ping received 1536 bytes back
Round trip time was 31.3074 milliseconds in repetition 175
tcp_ping received 1536 bytes back
Round trip time was 31.3659 milliseconds in repetition 176
tcp_ping received 1536 bytes back
Round trip time was 31.5276 milliseconds in repetition 177
tcp_ping received 1536 bytes back
Round trip time was 30.5793 milliseconds in repetition 178
tcp_ping received 1536 bytes back
Round trip time was 31.4737 milliseconds in repetition 179
tcp_ping received 1536 bytes back
Round trip time was 30.5918 milliseconds in repetition 180
tcp_ping received 1536 bytes back
Round trip time was 31.7596 milliseconds in repetition 181
tcp_ping received 1536 bytes back
Round trip time was 33.2051 milliseconds in repetition 182
tcp_ping received 1536 bytes back
Round trip time was 31.4834 milliseconds in repetition 183
tcp_ping received 1536 bytes back
Round trip time was 32.8115 milliseconds in repetition 184
tcp_ping received 1536 bytes back
Round trip time was 41.6995 milliseconds in repetition 185
tcp_ping received 1536 bytes back
Round trip time was 31.0276 milliseconds in repetition 186
tcp_ping received 1536 bytes back
Round trip time was 31.1047 milliseconds in repetition 187
tcp_ping received 1536 bytes back
Round trip time was 33.117 milliseconds in repetition 188
tcp_ping received 1536 bytes back
Round trip time was 35.5396 milliseconds in repetition 189
tcp_ping received 1536 bytes back
Round trip time was 30.8251 milliseconds in repetition 190
tcp_ping received 1536 bytes back
Round trip time was 30.7762 milliseconds in repetition 191
tcp_ping received 1536 bytes back
Round trip time was 30.9259 milliseconds in repetition 192
tcp_ping received 1536 bytes back
Round trip time was 31.0529 milliseconds in repetition 193
tcp_ping received 1536 bytes back
Round trip time was 32.1178 milliseconds in repetition 194
tcp_ping received 1536 bytes back
Round trip time was 32.6283 milliseconds in repetition 195
tcp_ping received 1536 bytes back
Round trip time was 30.8789 milliseconds in repetition 196
tcp_ping received 1536 bytes back
Round trip time was 31.7018 milliseconds in repetition 197
tcp_ping received 1536 bytes back
Round trip time was 31.645 milliseconds in repetition 198
tcp_ping received 1536 bytes back
Round trip time was 30.5636 milliseconds in repetition 199
tcp_ping received 1536 bytes back
Round trip time was 30.6778 milliseconds in repetition 200
tcp_ping received 1536 bytes back
Round trip time was 30.922 milliseconds in repetition 201
tcp_ping received 1536 bytes back
Round trip time was 30.5101 milliseconds in repetition 202
tcp_ping received 1536 bytes back
Round trip time was 30.6904 milliseconds in repetition 203
tcp_ping received 1536 bytes back
Round trip time was 31.1479 milliseconds in repetition 204
tcp_ping received 1536 bytes back
Round trip time was 30.7879 milliseconds in repetition 205
tcp_ping received 1536 bytes back
Round trip time was 32.5089 milliseconds in repetition 206
tcp_ping received 1536 bytes back
Round trip time was 31.3718 milliseconds in repetition 207
tcp_ping received 1536 bytes back
Round trip time was 34.2165 milliseconds in repetition 208
tcp_ping received 1536 bytes back
Round trip time was 33.8297 milliseconds in repetition 209
tcp_ping received 1536 bytes back
Round trip time was 31.7002 milliseconds in repetition 210
tcp_ping received 1536 bytes back
Round trip time was 31.3377 milliseconds in repetition 211
tcp_ping received 1536 bytes back
Round trip time was 30.8765 milliseconds in repetition 212
tcp_ping received 1536 bytes back
Round trip time was 30.8321 milliseconds in repetition 213
tcp_ping received 1536 bytes back
Round trip time was 31.3349 milliseconds in repetition 214
tcp_ping received 1536 bytes back
Round trip time was 31.4076 milliseconds in repetition 215
tcp_ping received 1536 bytes back
Round trip time was 31.6332 milliseconds in repetition 216
tcp_ping received 1536 bytes back
Round trip time was 30.8095 milliseconds in repetition 217
tcp_ping received 1536 bytes back
Round trip time was 30.9782 milliseconds in repetition 218
tcp_ping received 1536 bytes back
Round trip time was 33.1302 milliseconds in repetition 219
tcp_ping received 1536 bytes back
Round trip time was 30.7041 milliseconds in repetition 220
tcp_ping received 1536 bytes back
Round trip time was 30.6552 milliseconds in repetition 221
tcp_ping received 1536 bytes back
Round trip time was 31.7816 milliseconds in repetition 222
tcp_ping received 1536 bytes back
Round trip time was 33.0592 milliseconds in repetition 223
tcp_ping received 1536 bytes back
Round trip time was 35.6082 milliseconds in repetition 224
tcp_ping received 1536 bytes back
Round trip time was 31.0422 milliseconds in repetition 225
tcp_ping received 1536 bytes back
Round trip time was 31.2122 milliseconds in repetition 226
tcp_ping received 1536 bytes back
Round trip time was 30.8815 milliseconds in repetition 227
tcp_ping received 1536 bytes back
Round trip time was 33.9622 milliseconds in repetition 228
tcp_ping received 1536 bytes back
Round trip time was 38.4466 milliseconds in repetition 229
tcp_ping received 1536 bytes back
Round trip time was 33.6987 milliseconds in repetition 230
tcp_ping received 1536 bytes back
Round trip time was 31.7448 milliseconds in repetition 231
tcp_ping received 1536 bytes back
Round trip time was 30.9173 milliseconds in repetition 232
tcp_ping received 1536 bytes back
Round trip time was 30.971 milliseconds in repetition 233
tcp_ping received 1536 bytes back
Round trip time was 30.7833 milliseconds in repetition 234
tcp_ping received 1536 bytes back
Round trip time was 31.3583 milliseconds in repetition 235
tcp_ping received 1536 bytes back
Round trip time was 31.3802 milliseconds in repetition 236
tcp_ping received 1536 bytes back
Round trip time was 31.5677 milliseconds in repetition 237
tcp_ping received 1536 bytes back
Round trip time was 31.3945 milliseconds in repetition 238
tcp_ping received 1536 bytes back
Round trip time was 30.9751 milliseconds in repetition 239
tcp_ping received 1536 bytes back
Round trip time was 30.8902 milliseconds in repetition 240
tcp_ping received 1536 bytes back
Round trip time was 30.8878 milliseconds in repetition 241
tcp_ping received 1536 bytes back
Round trip time was 33.4567 milliseconds in repetition 242
tcp_ping received 1536 bytes back
Round trip time was 30.4984 milliseconds in repetition 243
tcp_ping received 1536 bytes back
Round trip time was 31.0609 milliseconds in repetition 244
tcp_ping received 1536 bytes back
Round trip time was 31.7368 milliseconds in repetition 245
tcp_ping received 1536 bytes back
Round trip time was 30.8672 milliseconds in repetition 246
tcp_ping received 1536 bytes back
Round trip time was 31.1031 milliseconds in repetition 247
tcp_ping received 1536 bytes back
Round trip time was 30.8492 milliseconds in repetition 248
tcp_ping received 1536 bytes back
Round trip time was 32.0967 milliseconds in repetition 249
tcp_ping received 1536 bytes back
Round trip time was 32.3273 milliseconds in repetition 250
tcp_ping received 1536 bytes back
Round trip time was 31.1184 milliseconds in repetition 251
tcp_ping received 1536 bytes back
Round trip time was 30.7148 milliseconds in repetition 252
tcp_ping received 1536 bytes back
Round trip time was 31.2866 milliseconds in repetition 253
tcp_ping received 1536 bytes back
Round trip time was 31.4432 milliseconds in repetition 254
tcp_ping received 1536 bytes back
Round trip time was 31.1298 milliseconds in repetition 255
tcp_ping received 1536 bytes back
Round trip time was 30.632 milliseconds in repetition 256
tcp_ping received 1536 bytes back
Round trip time was 30.9233 milliseconds in repetition 257
tcp_ping received 1536 bytes back
Round trip time was 31.2105 milliseconds in repetition 258
tcp_ping received 1536 bytes back
Round trip time was 35.9963 milliseconds in repetition 259
tcp_ping received 1536 bytes back
Round trip time was 31.7281 milliseconds in repetition 260
tcp_ping received 1536 bytes back
Round trip time was 32.5412 milliseconds in repetition 261
tcp_ping received 1536 bytes back
Round trip time was 30.6084 milliseconds in repetition 262
tcp_ping received 1536 bytes back
Round trip time was 31.136 milliseconds in repetition 263
tcp_ping received 1536 bytes back
Round trip time was 32.0457 milliseconds in repetition 264
tcp_ping received 1536 bytes back
Round trip time was 30.6575 milliseconds in repetition 265
tcp_ping received 1536 bytes back
Round trip time was 30.6017 milliseconds in repetition 266
tcp_ping received 1536 bytes back
Round trip time was 32.4611 milliseconds in repetition 267
tcp_ping received 1536 bytes back
Round trip time was 38.4209 milliseconds in repetition 268
tcp_ping received 1536 bytes back
Round trip time was 33.309 milliseconds in repetition 269
tcp_ping received 1536 bytes back
Round trip time was 31.0861 milliseconds in repetition 270
tcp_ping received 1536 bytes back
Round trip time was 33.2536 milliseconds in repetition 271
tcp_ping received 1536 bytes back
Round trip time was 30.9248 milliseconds in repetition 272
tcp_ping received 1536 bytes back
Round trip time was 33.3395 milliseconds in repetition 273
tcp_ping received 1536 bytes back
Round trip time was 32.1326 milliseconds in repetition 274
tcp_ping received 1536 bytes back
Round trip time was 33.6892 milliseconds in repetition 275
tcp_ping received 1536 bytes back
Round trip time was 31.2546 milliseconds in repetition 276
tcp_ping received 1536 bytes back
Round trip time was 31.3614 milliseconds in repetition 277
tcp_ping received 1536 bytes back
Round trip time was 30.9149 milliseconds in repetition 278
tcp_ping received 1536 bytes back
Round trip time was 31.1819 milliseconds in repetition 279
tcp_ping received 1536 bytes back
Round trip time was 31.1821 milliseconds in repetition 280
tcp_ping received 1536 bytes back
Round trip time was 30.6354 milliseconds in repetition 281
tcp_ping received 1536 bytes back
Round trip time was 31.359 milliseconds in repetition 282
tcp_ping received 1536 bytes back
Round trip time was 38.2452 milliseconds in repetition 283
tcp_ping received 1536 bytes back
Round trip time was 30.8627 milliseconds in repetition 284
tcp_ping received 1536 bytes back
Round trip time was 32.5035 milliseconds in repetition 285
tcp_ping received 1536 bytes back
Round trip time was 34.7488 milliseconds in repetition 286
tcp_ping received 1536 bytes back
Round trip time was 31.0034 milliseconds in repetition 287
tcp_ping received 1536 bytes back
Round trip time was 32.7538 milliseconds in repetition 288
tcp_ping received 1536 bytes back
Round trip time was 31.6406 milliseconds in repetition 289
tcp_ping received 1536 bytes back
Round trip time was 30.8365 milliseconds in repetition 290
tcp_ping received 1536 bytes back
Round trip time was 31.1419 milliseconds in repetition 291
tcp_ping received 1536 bytes back
Round trip time was 34.5845 milliseconds in repetition 292
tcp_ping received 1536 bytes back
Round trip time was 31.8841 milliseconds in repetition 293
tcp_ping received 1536 bytes back
Round trip time was 31.2972 milliseconds in repetition 294
tcp_ping received 1536 bytes back
Round trip time was 31.3253 milliseconds in repetition 295
tcp_ping received 1536 bytes back
Round trip time was 31.8332 milliseconds in repetition 296
tcp_ping received 1536 bytes back
Round trip time was 30.6712 milliseconds in repetition 297
tcp_ping received 1536 bytes back
Round trip time was 32.4481 milliseconds in repetition 298
tcp_ping received 1536 bytes back
Round trip time was 33.0108 milliseconds in repetition 299
tcp_ping received 1536 bytes back
Round trip time was 30.9016 milliseconds in repetition 300
tcp_ping received 1536 bytes back
Round trip time was 38.7695 milliseconds in repetition 301
tcp_ping received 1536 bytes back
Round trip time was 33.2098 milliseconds in repetition 302
tcp_ping received 1536 bytes back
Round trip time was 30.8875 milliseconds in repetition 303
tcp_ping received 1536 bytes back
Round trip time was 31.7773 milliseconds in repetition 304
tcp_ping received 1536 bytes back
Round trip time was 32.4241 milliseconds in repetition 305
tcp_ping received 1536 bytes back
Round trip time was 32.5331 milliseconds in repetition 306
tcp_ping received 1536 bytes back
Round trip time was 32.2336 milliseconds in repetition 307
tcp_ping received 1536 bytes back
Round trip time was 31.5545 milliseconds in repetition 308
tcp_ping received 1536 bytes back
Round trip time was 31.0613 milliseconds in repetition 309
tcp_ping received 1536 bytes back
Round trip time was 33.0945 milliseconds in repetition 310
tcp_ping received 1536 bytes back
Round trip time was 32.8901 milliseconds in repetition 311
tcp_ping received 1536 bytes back
Round trip time was 31.2281 milliseconds in repetition 312
tcp_ping received 1536 bytes back
Round trip time was 31.1443 milliseconds in repetition 313
tcp_ping received 1536 bytes back
Round trip time was 31.973 milliseconds in repetition 314
tcp_ping received 1536 bytes back
Round trip time was 30.7179 milliseconds in repetition 315
tcp_ping received 1536 bytes back
Round trip time was 31.1138 milliseconds in repetition 316
tcp_ping received 1536 bytes back
Round trip time was 32.5203 milliseconds in repetition 317
tcp_ping received 1536 bytes back
Round trip time was 32.6599 milliseconds in repetition 318
tcp_ping received 1536 bytes back
Round trip time was 32.3012 milliseconds in repetition 319
tcp_ping received 1536 bytes back
Round trip time was 30.8686 milliseconds in repetition 320
tcp_ping received 1536 bytes back
Round trip time was 31.2292 milliseconds in repetition 321
tcp_ping received 1536 bytes back
Round trip time was 31.0457 milliseconds in repetition 322
tcp_ping received 1536 bytes back
Round trip time was 32.225 milliseconds in repetition 323
tcp_ping received 1536 bytes back
Round trip time was 31.9655 milliseconds in repetition 324
tcp_ping received 1536 bytes back
Round trip time was 30.9648 milliseconds in repetition 325
tcp_ping received 1536 bytes back
Round trip time was 31.0581 milliseconds in repetition 326
tcp_ping received 1536 bytes back
Round trip time was 31.6567 milliseconds in repetition 327
tcp_ping received 1536 bytes back
Round trip time was 31.8961 milliseconds in repetition 328
tcp_ping received 1536 bytes back
Round trip time was 30.8915 milliseconds in repetition 329
tcp_ping received 1536 bytes back
Round trip time was 30.8173 milliseconds in repetition 330
tcp_ping received 1536 bytes back
Round trip time was 33.3463 milliseconds in repetition 331
tcp_ping received 1536 bytes back
Round trip time was 33.1111 milliseconds in repetition 332
tcp_ping received 1536 bytes back
Round trip time was 31.7753 milliseconds in repetition 333
tcp_ping received 1536 bytes back
Round trip time was 30.8036 milliseconds in repetition 334
tcp_ping received 1536 bytes back
Round trip time was 31.1299 milliseconds in repetition 335
tcp_ping received 1536 bytes back
Round trip time was 30.5658 milliseconds in repetition 336
tcp_ping received 1536 bytes back
Round trip time was 30.729 milliseconds in repetition 337
tcp_ping received 1536 bytes back
Round trip time was 33.1787 milliseconds in repetition 338
tcp_ping received 1536 bytes back
Round trip time was 32.661 milliseconds in repetition 339
tcp_ping received 1536 bytes back
Round trip time was 30.7979 milliseconds in repetition 340
tcp_ping received 1536 bytes back
Round trip time was 30.9542 milliseconds in repetition 341
tcp_ping received 1536 bytes back
Round trip time was 30.8591 milliseconds in repetition 342
tcp_ping received 1536 bytes back
Round trip time was 31.2205 milliseconds in repetition 343
tcp_ping received 1536 bytes back
Round trip time was 31.6214 milliseconds in repetition 344
tcp_ping received 1536 bytes back
Round trip time was 31.0035 milliseconds in repetition 345
tcp_ping received 1536 bytes back
Round trip time was 31.1329 milliseconds in repetition 346
tcp_ping received 1536 bytes back
Round trip time was 31.1553 milliseconds in repetition 347
tcp_ping received 1536 bytes back
Round trip time was 31.5653 milliseconds in repetition 348
tcp_ping received 1536 bytes back
Round trip time was 30.8575 milliseconds in repetition 349
tcp_ping received 1536 bytes back
Round trip time was 30.5147 milliseconds in repetition 350
tcp_ping received 1536 bytes back
Round trip time was 34.2817 milliseconds in repetition 351
tcp_ping received 1536 bytes back
Round trip time was 35.2581 milliseconds in repetition 352
tcp_ping received 1536 bytes back
Round trip time was 30.6165 milliseconds in repetition 353
tcp_ping received 1536 bytes back
Round trip time was 31.1332 milliseconds in repetition 354
tcp_ping received 1536 bytes back
Round trip time was 31.994 milliseconds in repetition 355
tcp_ping received 1536 bytes back
Round trip time was 32.9276 milliseconds in repetition 356
tcp_ping received 1536 bytes back
Round trip time was 31.1596 milliseconds in repetition 357
tcp_ping received 1536 bytes back
Round trip time was 39.1984 milliseconds in repetition 358
tcp_ping received 1536 bytes back
Round trip time was 31.968 milliseconds in repetition 359
tcp_ping received 1536 bytes back
Round trip time was 33.07 milliseconds in repetition 360
tcp_ping received 1536 bytes back
Round trip time was 31.2772 milliseconds in repetition 361
tcp_ping received 1536 bytes back
Round trip time was 30.7846 milliseconds in repetition 362
tcp_ping received 1536 bytes back
Round trip time was 31.0573 milliseconds in repetition 363
tcp_ping received 1536 bytes back
Round trip time was 31.067 milliseconds in repetition 364
tcp_ping received 1536 bytes back
Round trip time was 31.48 milliseconds in repetition 365
tcp_ping received 1536 bytes back
Round trip time was 30.6416 milliseconds in repetition 366
tcp_ping received 1536 bytes back
Round trip time was 30.7271 milliseconds in repetition 367
tcp_ping received 1536 bytes back
Round trip time was 30.6238 milliseconds in repetition 368
tcp_ping received 1536 bytes back
Round trip time was 30.6992 milliseconds in repetition 369
tcp_ping received 1536 bytes back
Round trip time was 30.8712 milliseconds in repetition 370
tcp_ping received 1536 bytes back
Round trip time was 31.1911 milliseconds in repetition 371
tcp_ping received 1536 bytes back
Round trip time was 31.3437 milliseconds in repetition 372
tcp_ping received 1536 bytes back
Round trip time was 31.4994 milliseconds in repetition 373
tcp_ping received 1536 bytes back
Round trip time was 30.8152 milliseconds in repetition 374
tcp_ping received 1536 bytes back
Round trip time was 32.4641 milliseconds in repetition 375
tcp_ping received 1536 bytes back
Round trip time was 33.7964 milliseconds in repetition 376
tcp_ping received 1536 bytes back
Round trip time was 31.4175 milliseconds in repetition 377
tcp_ping received 1536 bytes back
Round trip time was 31.2956 milliseconds in repetition 378
tcp_ping received 1536 bytes back
Round trip time was 33.0027 milliseconds in repetition 379
tcp_ping received 1536 bytes back
Round trip time was 32.8438 milliseconds in repetition 380
tcp_ping received 1536 bytes back
Round trip time was 31.0077 milliseconds in repetition 381
tcp_ping received 1536 bytes back
Round trip time was 30.7399 milliseconds in repetition 382
tcp_ping received 1536 bytes back
Round trip time was 30.7803 milliseconds in repetition 383
tcp_ping received 1536 bytes back
Round trip time was 30.7441 milliseconds in repetition 384
tcp_ping received 1536 bytes back
Round trip time was 32.3335 milliseconds in repetition 385
tcp_ping received 1536 bytes back
Round trip time was 30.6336 milliseconds in repetition 386
tcp_ping received 1536 bytes back
Round trip time was 31.7841 milliseconds in repetition 387
tcp_ping received 1536 bytes back
Round trip time was 31.3819 milliseconds in repetition 388
tcp_ping received 1536 bytes back
Round trip time was 31.321 milliseconds in repetition 389
tcp_ping received 1536 bytes back
Round trip time was 30.9684 milliseconds in repetition 390
tcp_ping received 1536 bytes back
Round trip time was 30.7274 milliseconds in repetition 391
tcp_ping received 1536 bytes back
Round trip time was 31.9941 milliseconds in repetition 392
tcp_ping received 1536 bytes back
Round trip time was 31.1603 milliseconds in repetition 393
tcp_ping received 1536 bytes back
Round trip time was 31.5771 milliseconds in repetition 394
tcp_ping received 1536 bytes back
Round trip time was 31.2995 milliseconds in repetition 395
tcp_ping received 1536 bytes back
Round trip time was 30.9324 milliseconds in repetition 396
tcp_ping received 1536 bytes back
Round trip time was 31.6342 milliseconds in repetition 397
tcp_ping received 1536 bytes back
Round trip time was 30.5907 milliseconds in repetition 398
tcp_ping received 1536 bytes back
Round trip time was 31.3707 milliseconds in repetition 399
tcp_ping received 1536 bytes back
Round trip time was 31.2138 milliseconds in repetition 400
tcp_ping received 1536 bytes back
Round trip time was 30.7745 milliseconds in repetition 401
tcp_ping received 1536 bytes back
Round trip time was 47.4323 milliseconds in repetition 402
tcp_ping received 1536 bytes back
Round trip time was 32.8783 milliseconds in repetition 403
tcp_ping received 1536 bytes back
Round trip time was 31.3381 milliseconds in repetition 404
tcp_ping received 1536 bytes back
Round trip time was 30.7079 milliseconds in repetition 405
tcp_ping received 1536 bytes back
Round trip time was 33.916 milliseconds in repetition 406
tcp_ping received 1536 bytes back
Round trip time was 36.1708 milliseconds in repetition 407
tcp_ping received 1536 bytes back
Round trip time was 35.342 milliseconds in repetition 408
tcp_ping received 1536 bytes back
Round trip time was 31.9956 milliseconds in repetition 409
tcp_ping received 1536 bytes back
Round trip time was 30.2964 milliseconds in repetition 410
tcp_ping received 1536 bytes back
Round trip time was 30.1458 milliseconds in repetition 411
tcp_ping received 1536 bytes back
Round trip time was 30.3998 milliseconds in repetition 412
tcp_ping received 1536 bytes back
Round trip time was 31.9523 milliseconds in repetition 413
tcp_ping received 1536 bytes back
Round trip time was 31.8647 milliseconds in repetition 414
tcp_ping received 1536 bytes back
Round trip time was 46.6904 milliseconds in repetition 415
tcp_ping received 1536 bytes back
Round trip time was 33.9753 milliseconds in repetition 416
tcp_ping received 1536 bytes back
Round trip time was 43.5084 milliseconds in repetition 417
tcp_ping received 1536 bytes back
Round trip time was 30.8544 milliseconds in repetition 418
tcp_ping received 1536 bytes back
Round trip time was 32.7353 milliseconds in repetition 419
tcp_ping received 1536 bytes back
Round trip time was 32.2658 milliseconds in repetition 420
tcp_ping received 1536 bytes back
Round trip time was 38.0402 milliseconds in repetition 421
tcp_ping received 1536 bytes back
Round trip time was 37.3371 milliseconds in repetition 422
tcp_ping received 1536 bytes back
Round trip time was 34.6051 milliseconds in repetition 423
tcp_ping received 1536 bytes back
Round trip time was 32.7223 milliseconds in repetition 424
tcp_ping received 1536 bytes back
Round trip time was 34.8067 milliseconds in repetition 425
tcp_ping received 1536 bytes back
Round trip time was 32.6791 milliseconds in repetition 426
tcp_ping received 1536 bytes back
Round trip time was 32.5876 milliseconds in repetition 427
tcp_ping received 1536 bytes back
Round trip time was 30.614 milliseconds in repetition 428
tcp_ping received 1536 bytes back
Round trip time was 32.1361 milliseconds in repetition 429
tcp_ping received 1536 bytes back
Round trip time was 34.2548 milliseconds in repetition 430
tcp_ping received 1536 bytes back
Round trip time was 30.5762 milliseconds in repetition 431
tcp_ping received 1536 bytes back
Round trip time was 95.5807 milliseconds in repetition 432
tcp_ping received 1536 bytes back
Round trip time was 31.6848 milliseconds in repetition 433
tcp_ping received 1536 bytes back
Round trip time was 30.745 milliseconds in repetition 434
tcp_ping received 1536 bytes back
Round trip time was 42.9018 milliseconds in repetition 435
tcp_ping received 1536 bytes back
Round trip time was 33.6126 milliseconds in repetition 436
tcp_ping received 1536 bytes back
Round trip time was 30.7682 milliseconds in repetition 437
tcp_ping received 1536 bytes back
Round trip time was 30.9199 milliseconds in repetition 438
tcp_ping received 1536 bytes back
Round trip time was 32.4593 milliseconds in repetition 439
tcp_ping received 1536 bytes back
Round trip time was 35.9626 milliseconds in repetition 440
tcp_ping received 1536 bytes back
Round trip time was 31.032 milliseconds in repetition 441
tcp_ping received 1536 bytes back
Round trip time was 31.7367 milliseconds in repetition 442
tcp_ping received 1536 bytes back
Round trip time was 31.7041 milliseconds in repetition 443
tcp_ping received 1536 bytes back
Round trip time was 31.4764 milliseconds in repetition 444
tcp_ping received 1536 bytes back
Round trip time was 33.6447 milliseconds in repetition 445
tcp_ping received 1536 bytes back
Round trip time was 31.6845 milliseconds in repetition 446
tcp_ping received 1536 bytes back
Round trip time was 30.7316 milliseconds in repetition 447
tcp_ping received 1536 bytes back
Round trip time was 34.1459 milliseconds in repetition 448
tcp_ping received 1536 bytes back
Round trip time was 30.6508 milliseconds in repetition 449
tcp_ping received 1536 bytes back
Round trip time was 31.4877 milliseconds in repetition 450
tcp_ping received 1536 bytes back
Round trip time was 44.2565 milliseconds in repetition 451
tcp_ping received 1536 bytes back
Round trip time was 31.4086 milliseconds in repetition 452
tcp_ping received 1536 bytes back
Round trip time was 30.322 milliseconds in repetition 453
tcp_ping received 1536 bytes back
Round trip time was 32.2826 milliseconds in repetition 454
tcp_ping received 1536 bytes back
Round trip time was 32.8212 milliseconds in repetition 455
tcp_ping received 1536 bytes back
Round trip time was 35.228 milliseconds in repetition 456
tcp_ping received 1536 bytes back
Round trip time was 31.1862 milliseconds in repetition 457
tcp_ping received 1536 bytes back
Round trip time was 30.1759 milliseconds in repetition 458
tcp_ping received 1536 bytes back
Round trip time was 31.0997 milliseconds in repetition 459
tcp_ping received 1536 bytes back
Round trip time was 30.7926 milliseconds in repetition 460
tcp_ping received 1536 bytes back
Round trip time was 30.6885 milliseconds in repetition 461
tcp_ping received 1536 bytes back
Round trip time was 30.8414 milliseconds in repetition 462
tcp_ping received 1536 bytes back
Round trip time was 30.7841 milliseconds in repetition 463
tcp_ping received 1536 bytes back
Round trip time was 30.8437 milliseconds in repetition 464
tcp_ping received 1536 bytes back
Round trip time was 30.4602 milliseconds in repetition 465
tcp_ping received 1536 bytes back
Round trip time was 31.3212 milliseconds in repetition 466
tcp_ping received 1536 bytes back
Round trip time was 31.8246 milliseconds in repetition 467
tcp_ping received 1536 bytes back
Round trip time was 31.8781 milliseconds in repetition 468
tcp_ping received 1536 bytes back
Round trip time was 30.8246 milliseconds in repetition 469
tcp_ping received 1536 bytes back
Round trip time was 32.3267 milliseconds in repetition 470
tcp_ping received 1536 bytes back
Round trip time was 32.3762 milliseconds in repetition 471
tcp_ping received 1536 bytes back
Round trip time was 33.5287 milliseconds in repetition 472
tcp_ping received 1536 bytes back
Round trip time was 34.7335 milliseconds in repetition 473
tcp_ping received 1536 bytes back
Round trip time was 31.4572 milliseconds in repetition 474
tcp_ping received 1536 bytes back
Round trip time was 32.1977 milliseconds in repetition 475
tcp_ping received 1536 bytes back
Round trip time was 39.0008 milliseconds in repetition 476
tcp_ping received 1536 bytes back
Round trip time was 31.8041 milliseconds in repetition 477
tcp_ping received 1536 bytes back
Round trip time was 30.9693 milliseconds in repetition 478
tcp_ping received 1536 bytes back
Round trip time was 32.6987 milliseconds in repetition 479
tcp_ping received 1536 bytes back
Round trip time was 32.9732 milliseconds in repetition 480
tcp_ping received 1536 bytes back
Round trip time was 30.9051 milliseconds in repetition 481
tcp_ping received 1536 bytes back
Round trip time was 30.8804 milliseconds in repetition 482
tcp_ping received 1536 bytes back
Round trip time was 31.3194 milliseconds in repetition 483
tcp_ping received 1536 bytes back
Round trip time was 31.6922 milliseconds in repetition 484
tcp_ping received 1536 bytes back
Round trip time was 30.9891 milliseconds in repetition 485
tcp_ping received 1536 bytes back
Round trip time was 31.467 milliseconds in repetition 486
tcp_ping received 1536 bytes back
Round trip time was 36.0012 milliseconds in repetition 487
tcp_ping received 1536 bytes back
Round trip time was 30.5872 milliseconds in repetition 488
tcp_ping received 1536 bytes back
Round trip time was 31.0395 milliseconds in repetition 489
tcp_ping received 1536 bytes back
Round trip time was 31.2532 milliseconds in repetition 490
tcp_ping received 1536 bytes back
Round trip time was 31.2536 milliseconds in repetition 491
tcp_ping received 1536 bytes back
Round trip time was 32.0845 milliseconds in repetition 492
tcp_ping received 1536 bytes back
Round trip time was 30.6843 milliseconds in repetition 493
tcp_ping received 1536 bytes back
Round trip time was 33.0529 milliseconds in repetition 494
tcp_ping received 1536 bytes back
Round trip time was 32.5247 milliseconds in repetition 495
tcp_ping received 1536 bytes back
Round trip time was 31.2945 milliseconds in repetition 496
tcp_ping received 1536 bytes back
Round trip time was 31.5051 milliseconds in repetition 497
tcp_ping received 1536 bytes back
Round trip time was 30.6035 milliseconds in repetition 498
tcp_ping received 1536 bytes back
Round trip time was 31.2733 milliseconds in repetition 499
tcp_ping received 1536 bytes back
Round trip time was 31.1345 milliseconds in repetition 500
tcp_ping received 1536 bytes back
Round trip time was 30.9573 milliseconds in repetition 501

 ... clock resolution was 1e-06
TCP Ping:  Statistics over 501 repetitions of 1536 byte messages

RTT : percentile 10: 30.7179, median: 31.4877, percentile 90: 34.0937, average: 33.0171, variance: 233.284

RTT histogram:
30.1458 485
46.6896 13
63.2334 0
79.7772 1
96.3209 1
112.865 0
129.408 0
145.952 0
162.496 0
179.04 0
195.584 0
212.127 0
228.671 0
245.215 0
261.759 0
278.302 0
294.846 0
311.39 0
327.934 0
344.478 0
361.021 1

   median Throughput : 97.562 KB/s   overall Throughput : 93.0428 KB/s

