TCP Ping trying to connect to server seti.dibris.unige.it (130.251.61.30) on port 1491

... connected to Pong server: asking for 501 repetitions of 131072 bytes TCP messages
 ... Pong server agreed :-)
tcp_ping received 131072 bytes back
Round trip time was 239.047 milliseconds in repetition 1
tcp_ping received 131072 bytes back
Round trip time was 55.478 milliseconds in repetition 2
tcp_ping received 131072 bytes back
Round trip time was 62.0152 milliseconds in repetition 3
tcp_ping received 131072 bytes back
Round trip time was 77.1317 milliseconds in repetition 4
tcp_ping received 131072 bytes back
Round trip time was 63.0516 milliseconds in repetition 5
tcp_ping received 131072 bytes back
Round trip time was 69.6743 milliseconds in repetition 6
tcp_ping received 131072 bytes back
Round trip time was 62.1081 milliseconds in repetition 7
tcp_ping received 131072 bytes back
Round trip time was 61.7418 milliseconds in repetition 8
tcp_ping received 131072 bytes back
Round trip time was 65.8839 milliseconds in repetition 9
tcp_ping received 131072 bytes back
Round trip time was 60.0021 milliseconds in repetition 10
tcp_ping received 131072 bytes back
Round trip time was 75.2065 milliseconds in repetition 11
tcp_ping received 131072 bytes back
Round trip time was 91.4172 milliseconds in repetition 12
tcp_ping received 131072 bytes back
Round trip time was 70.2145 milliseconds in repetition 13
tcp_ping received 131072 bytes back
Round trip time was 61.7946 milliseconds in repetition 14
tcp_ping received 131072 bytes back
Round trip time was 60.2415 milliseconds in repetition 15
tcp_ping received 131072 bytes back
Round trip time was 120.627 milliseconds in repetition 16
tcp_ping received 131072 bytes back
Round trip time was 66.7524 milliseconds in repetition 17
tcp_ping received 131072 bytes back
Round trip time was 62.0055 milliseconds in repetition 18
tcp_ping received 131072 bytes back
Round trip time was 61.8478 milliseconds in repetition 19
tcp_ping received 131072 bytes back
Round trip time was 62.9928 milliseconds in repetition 20
tcp_ping received 131072 bytes back
Round trip time was 61.0601 milliseconds in repetition 21
tcp_ping received 131072 bytes back
Round trip time was 59.2486 milliseconds in repetition 22
tcp_ping received 131072 bytes back
Round trip time was 58.5012 milliseconds in repetition 23
tcp_ping received 131072 bytes back
Round trip time was 62.6959 milliseconds in repetition 24
tcp_ping received 131072 bytes back
Round trip time was 61.5579 milliseconds in repetition 25
tcp_ping received 131072 bytes back
Round trip time was 63.1172 milliseconds in repetition 26
tcp_ping received 131072 bytes back
Round trip time was 62.0525 milliseconds in repetition 27
tcp_ping received 131072 bytes back
Round trip time was 63.206 milliseconds in repetition 28
tcp_ping received 131072 bytes back
Round trip time was 65.4578 milliseconds in repetition 29
tcp_ping received 131072 bytes back
Round trip time was 60.3389 milliseconds in repetition 30
tcp_ping received 131072 bytes back
Round trip time was 56.5579 milliseconds in repetition 31
tcp_ping received 131072 bytes back
Round trip time was 67.2061 milliseconds in repetition 32
tcp_ping received 131072 bytes back
Round trip time was 62.4027 milliseconds in repetition 33
tcp_ping received 131072 bytes back
Round trip time was 62.143 milliseconds in repetition 34
tcp_ping received 131072 bytes back
Round trip time was 62.8454 milliseconds in repetition 35
tcp_ping received 131072 bytes back
Round trip time was 59.6307 milliseconds in repetition 36
tcp_ping received 131072 bytes back
Round trip time was 59.2538 milliseconds in repetition 37
tcp_ping received 131072 bytes back
Round trip time was 59.4419 milliseconds in repetition 38
tcp_ping received 131072 bytes back
Round trip time was 57.8416 milliseconds in repetition 39
tcp_ping received 131072 bytes back
Round trip time was 60.5324 milliseconds in repetition 40
tcp_ping received 131072 bytes back
Round trip time was 64.6546 milliseconds in repetition 41
tcp_ping received 131072 bytes back
Round trip time was 64.4662 milliseconds in repetition 42
tcp_ping received 131072 bytes back
Round trip time was 64.5453 milliseconds in repetition 43
tcp_ping received 131072 bytes back
Round trip time was 62.8434 milliseconds in repetition 44
tcp_ping received 131072 bytes back
Round trip time was 57.612 milliseconds in repetition 45
tcp_ping received 131072 bytes back
Round trip time was 57.6617 milliseconds in repetition 46
tcp_ping received 131072 bytes back
Round trip time was 57.5444 milliseconds in repetition 47
tcp_ping received 131072 bytes back
Round trip time was 60.0204 milliseconds in repetition 48
tcp_ping received 131072 bytes back
Round trip time was 58.4152 milliseconds in repetition 49
tcp_ping received 131072 bytes back
Round trip time was 69.1799 milliseconds in repetition 50
tcp_ping received 131072 bytes back
Round trip time was 60.8385 milliseconds in repetition 51
tcp_ping received 131072 bytes back
Round trip time was 59.1596 milliseconds in repetition 52
tcp_ping received 131072 bytes back
Round trip time was 55.0898 milliseconds in repetition 53
tcp_ping received 131072 bytes back
Round trip time was 56.6649 milliseconds in repetition 54
tcp_ping received 131072 bytes back
Round trip time was 59.1632 milliseconds in repetition 55
tcp_ping received 131072 bytes back
Round trip time was 65.4827 milliseconds in repetition 56
tcp_ping received 131072 bytes back
Round trip time was 59.8604 milliseconds in repetition 57
tcp_ping received 131072 bytes back
Round trip time was 59.7758 milliseconds in repetition 58
tcp_ping received 131072 bytes back
Round trip time was 60.3272 milliseconds in repetition 59
tcp_ping received 131072 bytes back
Round trip time was 64.6152 milliseconds in repetition 60
tcp_ping received 131072 bytes back
Round trip time was 65.407 milliseconds in repetition 61
tcp_ping received 131072 bytes back
Round trip time was 56.2659 milliseconds in repetition 62
tcp_ping received 131072 bytes back
Round trip time was 60.9318 milliseconds in repetition 63
tcp_ping received 131072 bytes back
Round trip time was 75.2983 milliseconds in repetition 64
tcp_ping received 131072 bytes back
Round trip time was 59.218 milliseconds in repetition 65
tcp_ping received 131072 bytes back
Round trip time was 62.9511 milliseconds in repetition 66
tcp_ping received 131072 bytes back
Round trip time was 57.8496 milliseconds in repetition 67
tcp_ping received 131072 bytes back
Round trip time was 59.3924 milliseconds in repetition 68
tcp_ping received 131072 bytes back
Round trip time was 64.9663 milliseconds in repetition 69
tcp_ping received 131072 bytes back
Round trip time was 57.5892 milliseconds in repetition 70
tcp_ping received 131072 bytes back
Round trip time was 78.6719 milliseconds in repetition 71
tcp_ping received 131072 bytes back
Round trip time was 58.8005 milliseconds in repetition 72
tcp_ping received 131072 bytes back
Round trip time was 57.711 milliseconds in repetition 73
tcp_ping received 131072 bytes back
Round trip time was 60.4362 milliseconds in repetition 74
tcp_ping received 131072 bytes back
Round trip time was 56.0048 milliseconds in repetition 75
tcp_ping received 131072 bytes back
Round trip time was 75.9059 milliseconds in repetition 76
tcp_ping received 131072 bytes back
Round trip time was 66.6224 milliseconds in repetition 77
tcp_ping received 131072 bytes back
Round trip time was 66.353 milliseconds in repetition 78
tcp_ping received 131072 bytes back
Round trip time was 57.1899 milliseconds in repetition 79
tcp_ping received 131072 bytes back
Round trip time was 62.7191 milliseconds in repetition 80
tcp_ping received 131072 bytes back
Round trip time was 62.4088 milliseconds in repetition 81
tcp_ping received 131072 bytes back
Round trip time was 57.4341 milliseconds in repetition 82
tcp_ping received 131072 bytes back
Round trip time was 58.7693 milliseconds in repetition 83
tcp_ping received 131072 bytes back
Round trip time was 56.0365 milliseconds in repetition 84
tcp_ping received 131072 bytes back
Round trip time was 62.1527 milliseconds in repetition 85
tcp_ping received 131072 bytes back
Round trip time was 59.1655 milliseconds in repetition 86
tcp_ping received 131072 bytes back
Round trip time was 58.9868 milliseconds in repetition 87
tcp_ping received 131072 bytes back
Round trip time was 59.0552 milliseconds in repetition 88
tcp_ping received 131072 bytes back
Round trip time was 55.4369 milliseconds in repetition 89
tcp_ping received 131072 bytes back
Round trip time was 56.1271 milliseconds in repetition 90
tcp_ping received 131072 bytes back
Round trip time was 64.2175 milliseconds in repetition 91
tcp_ping received 131072 bytes back
Round trip time was 60.738 milliseconds in repetition 92
tcp_ping received 131072 bytes back
Round trip time was 58.4026 milliseconds in repetition 93
tcp_ping received 131072 bytes back
Round trip time was 56.2392 milliseconds in repetition 94
tcp_ping received 131072 bytes back
Round trip time was 60.1253 milliseconds in repetition 95
tcp_ping received 131072 bytes back
Round trip time was 67.4213 milliseconds in repetition 96
tcp_ping received 131072 bytes back
Round trip time was 60.3605 milliseconds in repetition 97
tcp_ping received 131072 bytes back
Round trip time was 61.0118 milliseconds in repetition 98
tcp_ping received 131072 bytes back
Round trip time was 59.8418 milliseconds in repetition 99
tcp_ping received 131072 bytes back
Round trip time was 61.8902 milliseconds in repetition 100
tcp_ping received 131072 bytes back
Round trip time was 55.1057 milliseconds in repetition 101
tcp_ping received 131072 bytes back
Round trip time was 57.5506 milliseconds in repetition 102
tcp_ping received 131072 bytes back
Round trip time was 62.6976 milliseconds in repetition 103
tcp_ping received 131072 bytes back
Round trip time was 55.1845 milliseconds in repetition 104
tcp_ping received 131072 bytes back
Round trip time was 64.1235 milliseconds in repetition 105
tcp_ping received 131072 bytes back
Round trip time was 59.1458 milliseconds in repetition 106
tcp_ping received 131072 bytes back
Round trip time was 57.2322 milliseconds in repetition 107
tcp_ping received 131072 bytes back
Round trip time was 61.6408 milliseconds in repetition 108
tcp_ping received 131072 bytes back
Round trip time was 64.671 milliseconds in repetition 109
tcp_ping received 131072 bytes back
Round trip time was 60.0023 milliseconds in repetition 110
tcp_ping received 131072 bytes back
Round trip time was 62.5676 milliseconds in repetition 111
tcp_ping received 131072 bytes back
Round trip time was 57.9333 milliseconds in repetition 112
tcp_ping received 131072 bytes back
Round trip time was 58.933 milliseconds in repetition 113
tcp_ping received 131072 bytes back
Round trip time was 56.1381 milliseconds in repetition 114
tcp_ping received 131072 bytes back
Round trip time was 62.2286 milliseconds in repetition 115
tcp_ping received 131072 bytes back
Round trip time was 59.5143 milliseconds in repetition 116
tcp_ping received 131072 bytes back
Round trip time was 59.9104 milliseconds in repetition 117
tcp_ping received 131072 bytes back
Round trip time was 70.1392 milliseconds in repetition 118
tcp_ping received 131072 bytes back
Round trip time was 66.5024 milliseconds in repetition 119
tcp_ping received 131072 bytes back
Round trip time was 59.1102 milliseconds in repetition 120
tcp_ping received 131072 bytes back
Round trip time was 66.8274 milliseconds in repetition 121
tcp_ping received 131072 bytes back
Round trip time was 62.6868 milliseconds in repetition 122
tcp_ping received 131072 bytes back
Round trip time was 57.5148 milliseconds in repetition 123
tcp_ping received 131072 bytes back
Round trip time was 60.9294 milliseconds in repetition 124
tcp_ping received 131072 bytes back
Round trip time was 58.0819 milliseconds in repetition 125
tcp_ping received 131072 bytes back
Round trip time was 55.1565 milliseconds in repetition 126
tcp_ping received 131072 bytes back
Round trip time was 59.6055 milliseconds in repetition 127
tcp_ping received 131072 bytes back
Round trip time was 55.7481 milliseconds in repetition 128
tcp_ping received 131072 bytes back
Round trip time was 58.1808 milliseconds in repetition 129
tcp_ping received 131072 bytes back
Round trip time was 59.4926 milliseconds in repetition 130
tcp_ping received 131072 bytes back
Round trip time was 58.2704 milliseconds in repetition 131
tcp_ping received 131072 bytes back
Round trip time was 65.1133 milliseconds in repetition 132
tcp_ping received 131072 bytes back
Round trip time was 54.1425 milliseconds in repetition 133
tcp_ping received 131072 bytes back
Round trip time was 62.4429 milliseconds in repetition 134
tcp_ping received 131072 bytes back
Round trip time was 55.8484 milliseconds in repetition 135
tcp_ping received 131072 bytes back
Round trip time was 59.2633 milliseconds in repetition 136
tcp_ping received 131072 bytes back
Round trip time was 60.9545 milliseconds in repetition 137
tcp_ping received 131072 bytes back
Round trip time was 55.9541 milliseconds in repetition 138
tcp_ping received 131072 bytes back
Round trip time was 57.76 milliseconds in repetition 139
tcp_ping received 131072 bytes back
Round trip time was 56.0591 milliseconds in repetition 140
tcp_ping received 131072 bytes back
Round trip time was 52.0633 milliseconds in repetition 141
tcp_ping received 131072 bytes back
Round trip time was 59.3569 milliseconds in repetition 142
tcp_ping received 131072 bytes back
Round trip time was 59.4128 milliseconds in repetition 143
tcp_ping received 131072 bytes back
Round trip time was 58.5129 milliseconds in repetition 144
tcp_ping received 131072 bytes back
Round trip time was 54.8572 milliseconds in repetition 145
tcp_ping received 131072 bytes back
Round trip time was 54.7211 milliseconds in repetition 146
tcp_ping received 131072 bytes back
Round trip time was 64.6613 milliseconds in repetition 147
tcp_ping received 131072 bytes back
Round trip time was 65.3807 milliseconds in repetition 148
tcp_ping received 131072 bytes back
Round trip time was 55.9762 milliseconds in repetition 149
tcp_ping received 131072 bytes back
Round trip time was 52.236 milliseconds in repetition 150
tcp_ping received 131072 bytes back
Round trip time was 60.6668 milliseconds in repetition 151
tcp_ping received 131072 bytes back
Round trip time was 65.5431 milliseconds in repetition 152
tcp_ping received 131072 bytes back
Round trip time was 59.5184 milliseconds in repetition 153
tcp_ping received 131072 bytes back
Round trip time was 59.5119 milliseconds in repetition 154
tcp_ping received 131072 bytes back
Round trip time was 58.3648 milliseconds in repetition 155
tcp_ping received 131072 bytes back
Round trip time was 58.2412 milliseconds in repetition 156
tcp_ping received 131072 bytes back
Round trip time was 53.9941 milliseconds in repetition 157
tcp_ping received 131072 bytes back
Round trip time was 62.5769 milliseconds in repetition 158
tcp_ping received 131072 bytes back
Round trip time was 59.8572 milliseconds in repetition 159
tcp_ping received 131072 bytes back
Round trip time was 60.4265 milliseconds in repetition 160
tcp_ping received 131072 bytes back
Round trip time was 56.9527 milliseconds in repetition 161
tcp_ping received 131072 bytes back
Round trip time was 58.018 milliseconds in repetition 162
tcp_ping received 131072 bytes back
Round trip time was 57.1427 milliseconds in repetition 163
tcp_ping received 131072 bytes back
Round trip time was 62.9795 milliseconds in repetition 164
tcp_ping received 131072 bytes back
Round trip time was 56.575 milliseconds in repetition 165
tcp_ping received 131072 bytes back
Round trip time was 61.7456 milliseconds in repetition 166
tcp_ping received 131072 bytes back
Round trip time was 61.5031 milliseconds in repetition 167
tcp_ping received 131072 bytes back
Round trip time was 82.6238 milliseconds in repetition 168
tcp_ping received 131072 bytes back
Round trip time was 66.569 milliseconds in repetition 169
tcp_ping received 131072 bytes back
Round trip time was 59.2573 milliseconds in repetition 170
tcp_ping received 131072 bytes back
Round trip time was 58.8053 milliseconds in repetition 171
tcp_ping received 131072 bytes back
Round trip time was 56.8711 milliseconds in repetition 172
tcp_ping received 131072 bytes back
Round trip time was 66.6708 milliseconds in repetition 173
tcp_ping received 131072 bytes back
Round trip time was 60.9934 milliseconds in repetition 174
tcp_ping received 131072 bytes back
Round trip time was 66.7214 milliseconds in repetition 175
tcp_ping received 131072 bytes back
Round trip time was 59.6908 milliseconds in repetition 176
tcp_ping received 131072 bytes back
Round trip time was 59.6437 milliseconds in repetition 177
tcp_ping received 131072 bytes back
Round trip time was 63.432 milliseconds in repetition 178
tcp_ping received 131072 bytes back
Round trip time was 64.1735 milliseconds in repetition 179
tcp_ping received 131072 bytes back
Round trip time was 59.4919 milliseconds in repetition 180
tcp_ping received 131072 bytes back
Round trip time was 54.5874 milliseconds in repetition 181
tcp_ping received 131072 bytes back
Round trip time was 59.0787 milliseconds in repetition 182
tcp_ping received 131072 bytes back
Round trip time was 57.8229 milliseconds in repetition 183
tcp_ping received 131072 bytes back
Round trip time was 59.0698 milliseconds in repetition 184
tcp_ping received 131072 bytes back
Round trip time was 57.8243 milliseconds in repetition 185
tcp_ping received 131072 bytes back
Round trip time was 57.2045 milliseconds in repetition 186
tcp_ping received 131072 bytes back
Round trip time was 53.8775 milliseconds in repetition 187
tcp_ping received 131072 bytes back
Round trip time was 54.5388 milliseconds in repetition 188
tcp_ping received 131072 bytes back
Round trip time was 54.7799 milliseconds in repetition 189
tcp_ping received 131072 bytes back
Round trip time was 63.0992 milliseconds in repetition 190
tcp_ping received 131072 bytes back
Round trip time was 65.2718 milliseconds in repetition 191
tcp_ping received 131072 bytes back
Round trip time was 59.4738 milliseconds in repetition 192
tcp_ping received 131072 bytes back
Round trip time was 61.658 milliseconds in repetition 193
tcp_ping received 131072 bytes back
Round trip time was 72.3736 milliseconds in repetition 194
tcp_ping received 131072 bytes back
Round trip time was 68.4094 milliseconds in repetition 195
tcp_ping received 131072 bytes back
Round trip time was 63.9008 milliseconds in repetition 196
tcp_ping received 131072 bytes back
Round trip time was 60.9773 milliseconds in repetition 197
tcp_ping received 131072 bytes back
Round trip time was 136.053 milliseconds in repetition 198
tcp_ping received 131072 bytes back
Round trip time was 59.8846 milliseconds in repetition 199
tcp_ping received 131072 bytes back
Round trip time was 63.5839 milliseconds in repetition 200
tcp_ping received 131072 bytes back
Round trip time was 54.7861 milliseconds in repetition 201
tcp_ping received 131072 bytes back
Round trip time was 91.2563 milliseconds in repetition 202
tcp_ping received 131072 bytes back
Round trip time was 55.705 milliseconds in repetition 203
tcp_ping received 131072 bytes back
Round trip time was 59.2055 milliseconds in repetition 204
tcp_ping received 131072 bytes back
Round trip time was 59.653 milliseconds in repetition 205
tcp_ping received 131072 bytes back
Round trip time was 71.6215 milliseconds in repetition 206
tcp_ping received 131072 bytes back
Round trip time was 62.174 milliseconds in repetition 207
tcp_ping received 131072 bytes back
Round trip time was 86.8371 milliseconds in repetition 208
tcp_ping received 131072 bytes back
Round trip time was 62.7696 milliseconds in repetition 209
tcp_ping received 131072 bytes back
Round trip time was 62.3894 milliseconds in repetition 210
tcp_ping received 131072 bytes back
Round trip time was 68.9209 milliseconds in repetition 211
tcp_ping received 131072 bytes back
Round trip time was 60.8178 milliseconds in repetition 212
tcp_ping received 131072 bytes back
Round trip time was 69.3073 milliseconds in repetition 213
tcp_ping received 131072 bytes back
Round trip time was 65.2989 milliseconds in repetition 214
tcp_ping received 131072 bytes back
Round trip time was 53.4449 milliseconds in repetition 215
tcp_ping received 131072 bytes back
Round trip time was 57.6015 milliseconds in repetition 216
tcp_ping received 131072 bytes back
Round trip time was 58.2231 milliseconds in repetition 217
tcp_ping received 131072 bytes back
Round trip time was 59.6876 milliseconds in repetition 218
tcp_ping received 131072 bytes back
Round trip time was 63.8837 milliseconds in repetition 219
tcp_ping received 131072 bytes back
Round trip time was 65.5991 milliseconds in repetition 220
tcp_ping received 131072 bytes back
Round trip time was 60.4588 milliseconds in repetition 221
tcp_ping received 131072 bytes back
Round trip time was 60.8131 milliseconds in repetition 222
tcp_ping received 131072 bytes back
Round trip time was 58.5185 milliseconds in repetition 223
tcp_ping received 131072 bytes back
Round trip time was 60.8448 milliseconds in repetition 224
tcp_ping received 131072 bytes back
Round trip time was 59.3891 milliseconds in repetition 225
tcp_ping received 131072 bytes back
Round trip time was 71.3791 milliseconds in repetition 226
tcp_ping received 131072 bytes back
Round trip time was 62.3873 milliseconds in repetition 227
tcp_ping received 131072 bytes back
Round trip time was 69.1495 milliseconds in repetition 228
tcp_ping received 131072 bytes back
Round trip time was 91.2448 milliseconds in repetition 229
tcp_ping received 131072 bytes back
Round trip time was 68.262 milliseconds in repetition 230
tcp_ping received 131072 bytes back
Round trip time was 65.7923 milliseconds in repetition 231
tcp_ping received 131072 bytes back
Round trip time was 76.1099 milliseconds in repetition 232
tcp_ping received 131072 bytes back
Round trip time was 65.4296 milliseconds in repetition 233
tcp_ping received 131072 bytes back
Round trip time was 70.9287 milliseconds in repetition 234
tcp_ping received 131072 bytes back
Round trip time was 63.1585 milliseconds in repetition 235
tcp_ping received 131072 bytes back
Round trip time was 69.1276 milliseconds in repetition 236
tcp_ping received 131072 bytes back
Round trip time was 67.6284 milliseconds in repetition 237
tcp_ping received 131072 bytes back
Round trip time was 81.5415 milliseconds in repetition 238
tcp_ping received 131072 bytes back
Round trip time was 67.3182 milliseconds in repetition 239
tcp_ping received 131072 bytes back
Round trip time was 60.0774 milliseconds in repetition 240
tcp_ping received 131072 bytes back
Round trip time was 59.4554 milliseconds in repetition 241
tcp_ping received 131072 bytes back
Round trip time was 79.4893 milliseconds in repetition 242
tcp_ping received 131072 bytes back
Round trip time was 70.5714 milliseconds in repetition 243
tcp_ping received 131072 bytes back
Round trip time was 67.6257 milliseconds in repetition 244
tcp_ping received 131072 bytes back
Round trip time was 68.2826 milliseconds in repetition 245
tcp_ping received 131072 bytes back
Round trip time was 68.6443 milliseconds in repetition 246
tcp_ping received 131072 bytes back
Round trip time was 80.2477 milliseconds in repetition 247
tcp_ping received 131072 bytes back
Round trip time was 66.815 milliseconds in repetition 248
tcp_ping received 131072 bytes back
Round trip time was 70.411 milliseconds in repetition 249
tcp_ping received 131072 bytes back
Round trip time was 67.4214 milliseconds in repetition 250
tcp_ping received 131072 bytes back
Round trip time was 84.7227 milliseconds in repetition 251
tcp_ping received 131072 bytes back
Round trip time was 78.6037 milliseconds in repetition 252
tcp_ping received 131072 bytes back
Round trip time was 74.2078 milliseconds in repetition 253
tcp_ping received 131072 bytes back
Round trip time was 64.8663 milliseconds in repetition 254
tcp_ping received 131072 bytes back
Round trip time was 70.7961 milliseconds in repetition 255
tcp_ping received 131072 bytes back
Round trip time was 68.2555 milliseconds in repetition 256
tcp_ping received 131072 bytes back
Round trip time was 63.476 milliseconds in repetition 257
tcp_ping received 131072 bytes back
Round trip time was 65.2433 milliseconds in repetition 258
tcp_ping received 131072 bytes back
Round trip time was 126.711 milliseconds in repetition 259
tcp_ping received 131072 bytes back
Round trip time was 66.2896 milliseconds in repetition 260
tcp_ping received 131072 bytes back
Round trip time was 67.5973 milliseconds in repetition 261
tcp_ping received 131072 bytes back
Round trip time was 63.0971 milliseconds in repetition 262
tcp_ping received 131072 bytes back
Round trip time was 64.1736 milliseconds in repetition 263
tcp_ping received 131072 bytes back
Round trip time was 67.9188 milliseconds in repetition 264
tcp_ping received 131072 bytes back
Round trip time was 63.8264 milliseconds in repetition 265
tcp_ping received 131072 bytes back
Round trip time was 57.919 milliseconds in repetition 266
tcp_ping received 131072 bytes back
Round trip time was 63.1607 milliseconds in repetition 267
tcp_ping received 131072 bytes back
Round trip time was 67.0216 milliseconds in repetition 268
tcp_ping received 131072 bytes back
Round trip time was 68.2265 milliseconds in repetition 269
tcp_ping received 131072 bytes back
Round trip time was 60.724 milliseconds in repetition 270
tcp_ping received 131072 bytes back
Round trip time was 62.9287 milliseconds in repetition 271
tcp_ping received 131072 bytes back
Round trip time was 60.0564 milliseconds in repetition 272
tcp_ping received 131072 bytes back
Round trip time was 62.8332 milliseconds in repetition 273
tcp_ping received 131072 bytes back
Round trip time was 64.8153 milliseconds in repetition 274
tcp_ping received 131072 bytes back
Round trip time was 64.3527 milliseconds in repetition 275
tcp_ping received 131072 bytes back
Round trip time was 66.7643 milliseconds in repetition 276
tcp_ping received 131072 bytes back
Round trip time was 62.9012 milliseconds in repetition 277
tcp_ping received 131072 bytes back
Round trip time was 59.4727 milliseconds in repetition 278
tcp_ping received 131072 bytes back
Round trip time was 65.1865 milliseconds in repetition 279
tcp_ping received 131072 bytes back
Round trip time was 89.1073 milliseconds in repetition 280
tcp_ping received 131072 bytes back
Round trip time was 61.1279 milliseconds in repetition 281
tcp_ping received 131072 bytes back
Round trip time was 68.1041 milliseconds in repetition 282
tcp_ping received 131072 bytes back
Round trip time was 63.7459 milliseconds in repetition 283
tcp_ping received 131072 bytes back
Round trip time was 59.0505 milliseconds in repetition 284
tcp_ping received 131072 bytes back
Round trip time was 59.0418 milliseconds in repetition 285
tcp_ping received 131072 bytes back
Round trip time was 58.7387 milliseconds in repetition 286
tcp_ping received 131072 bytes back
Round trip time was 60.0837 milliseconds in repetition 287
tcp_ping received 131072 bytes back
Round trip time was 59.0006 milliseconds in repetition 288
tcp_ping received 131072 bytes back
Round trip time was 58.2474 milliseconds in repetition 289
tcp_ping received 131072 bytes back
Round trip time was 61.0835 milliseconds in repetition 290
tcp_ping received 131072 bytes back
Round trip time was 60.3631 milliseconds in repetition 291
tcp_ping received 131072 bytes back
Round trip time was 60.965 milliseconds in repetition 292
tcp_ping received 131072 bytes back
Round trip time was 63.364 milliseconds in repetition 293
tcp_ping received 131072 bytes back
Round trip time was 66.9415 milliseconds in repetition 294
tcp_ping received 131072 bytes back
Round trip time was 62.0846 milliseconds in repetition 295
tcp_ping received 131072 bytes back
Round trip time was 59.917 milliseconds in repetition 296
tcp_ping received 131072 bytes back
Round trip time was 61.132 milliseconds in repetition 297
tcp_ping received 131072 bytes back
Round trip time was 64.4109 milliseconds in repetition 298
tcp_ping received 131072 bytes back
Round trip time was 62.7237 milliseconds in repetition 299
tcp_ping received 131072 bytes back
Round trip time was 55.4918 milliseconds in repetition 300
tcp_ping received 131072 bytes back
Round trip time was 60.0874 milliseconds in repetition 301
tcp_ping received 131072 bytes back
Round trip time was 102.693 milliseconds in repetition 302
tcp_ping received 131072 bytes back
Round trip time was 78.1153 milliseconds in repetition 303
tcp_ping received 131072 bytes back
Round trip time was 138.58 milliseconds in repetition 304
tcp_ping received 131072 bytes back
Round trip time was 138.526 milliseconds in repetition 305
tcp_ping received 131072 bytes back
Round trip time was 128.414 milliseconds in repetition 306
tcp_ping received 131072 bytes back
Round trip time was 137.778 milliseconds in repetition 307
tcp_ping received 131072 bytes back
Round trip time was 137.524 milliseconds in repetition 308
tcp_ping received 131072 bytes back
Round trip time was 140.423 milliseconds in repetition 309
tcp_ping received 131072 bytes back
Round trip time was 82.945 milliseconds in repetition 310
tcp_ping received 131072 bytes back
Round trip time was 100.947 milliseconds in repetition 311
tcp_ping received 131072 bytes back
Round trip time was 109.527 milliseconds in repetition 312
tcp_ping received 131072 bytes back
Round trip time was 135.694 milliseconds in repetition 313
tcp_ping received 131072 bytes back
Round trip time was 137.776 milliseconds in repetition 314
tcp_ping received 131072 bytes back
Round trip time was 145.564 milliseconds in repetition 315
tcp_ping received 131072 bytes back
Round trip time was 133.905 milliseconds in repetition 316
tcp_ping received 131072 bytes back
Round trip time was 135.425 milliseconds in repetition 317
tcp_ping received 131072 bytes back
Round trip time was 137.532 milliseconds in repetition 318
tcp_ping received 131072 bytes back
Round trip time was 74.1152 milliseconds in repetition 319
tcp_ping received 131072 bytes back
Round trip time was 63.3778 milliseconds in repetition 320
tcp_ping received 131072 bytes back
Round trip time was 65.9383 milliseconds in repetition 321
tcp_ping received 131072 bytes back
Round trip time was 65.6556 milliseconds in repetition 322
tcp_ping received 131072 bytes back
Round trip time was 63.2984 milliseconds in repetition 323
tcp_ping received 131072 bytes back
Round trip time was 69.0904 milliseconds in repetition 324
tcp_ping received 131072 bytes back
Round trip time was 67.4135 milliseconds in repetition 325
tcp_ping received 131072 bytes back
Round trip time was 59.5074 milliseconds in repetition 326
tcp_ping received 131072 bytes back
Round trip time was 68.4618 milliseconds in repetition 327
tcp_ping received 131072 bytes back
Round trip time was 67.998 milliseconds in repetition 328
tcp_ping received 131072 bytes back
Round trip time was 68.9339 milliseconds in repetition 329
tcp_ping received 131072 bytes back
Round trip time was 57.3617 milliseconds in repetition 330
tcp_ping received 131072 bytes back
Round trip time was 60.6825 milliseconds in repetition 331
tcp_ping received 131072 bytes back
Round trip time was 60.7126 milliseconds in repetition 332
tcp_ping received 131072 bytes back
Round trip time was 62.2453 milliseconds in repetition 333
tcp_ping received 131072 bytes back
Round trip time was 83.8284 milliseconds in repetition 334
tcp_ping received 131072 bytes back
Round trip time was 71.6701 milliseconds in repetition 335
tcp_ping received 131072 bytes back
Round trip time was 67.4671 milliseconds in repetition 336
tcp_ping received 131072 bytes back
Round trip time was 59.4276 milliseconds in repetition 337
tcp_ping received 131072 bytes back
Round trip time was 57.5295 milliseconds in repetition 338
tcp_ping received 131072 bytes back
Round trip time was 55.9604 milliseconds in repetition 339
tcp_ping received 131072 bytes back
Round trip time was 57.7719 milliseconds in repetition 340
tcp_ping received 131072 bytes back
Round trip time was 60.6847 milliseconds in repetition 341
tcp_ping received 131072 bytes back
Round trip time was 61.7495 milliseconds in repetition 342
tcp_ping received 131072 bytes back
Round trip time was 72.5708 milliseconds in repetition 343
tcp_ping received 131072 bytes back
Round trip time was 60.691 milliseconds in repetition 344
tcp_ping received 131072 bytes back
Round trip time was 58.8797 milliseconds in repetition 345
tcp_ping received 131072 bytes back
Round trip time was 56.2949 milliseconds in repetition 346
tcp_ping received 131072 bytes back
Round trip time was 59.8872 milliseconds in repetition 347
tcp_ping received 131072 bytes back
Round trip time was 57.3584 milliseconds in repetition 348
tcp_ping received 131072 bytes back
Round trip time was 57.5455 milliseconds in repetition 349
tcp_ping received 131072 bytes back
Round trip time was 59.2881 milliseconds in repetition 350
tcp_ping received 131072 bytes back
Round trip time was 64.2262 milliseconds in repetition 351
tcp_ping received 131072 bytes back
Round trip time was 64.5328 milliseconds in repetition 352
tcp_ping received 131072 bytes back
Round trip time was 64.0346 milliseconds in repetition 353
tcp_ping received 131072 bytes back
Round trip time was 155.389 milliseconds in repetition 354
tcp_ping received 131072 bytes back
Round trip time was 60.1823 milliseconds in repetition 355
tcp_ping received 131072 bytes back
Round trip time was 58.548 milliseconds in repetition 356
tcp_ping received 131072 bytes back
Round trip time was 57.248 milliseconds in repetition 357
tcp_ping received 131072 bytes back
Round trip time was 93.6116 milliseconds in repetition 358
tcp_ping received 131072 bytes back
Round trip time was 54.7413 milliseconds in repetition 359
tcp_ping received 131072 bytes back
Round trip time was 55.7534 milliseconds in repetition 360
tcp_ping received 131072 bytes back
Round trip time was 55.4516 milliseconds in repetition 361
tcp_ping received 131072 bytes back
Round trip time was 60.4706 milliseconds in repetition 362
tcp_ping received 131072 bytes back
Round trip time was 55.6187 milliseconds in repetition 363
tcp_ping received 131072 bytes back
Round trip time was 60.0218 milliseconds in repetition 364
tcp_ping received 131072 bytes back
Round trip time was 58.2989 milliseconds in repetition 365
tcp_ping received 131072 bytes back
Round trip time was 56.5932 milliseconds in repetition 366
tcp_ping received 131072 bytes back
Round trip time was 58.5724 milliseconds in repetition 367
tcp_ping received 131072 bytes back
Round trip time was 56.355 milliseconds in repetition 368
tcp_ping received 131072 bytes back
Round trip time was 58.176 milliseconds in repetition 369
tcp_ping received 131072 bytes back
Round trip time was 60.2742 milliseconds in repetition 370
tcp_ping received 131072 bytes back
Round trip time was 60.2668 milliseconds in repetition 371
tcp_ping received 131072 bytes back
Round trip time was 60.2579 milliseconds in repetition 372
tcp_ping received 131072 bytes back
Round trip time was 60.1546 milliseconds in repetition 373
tcp_ping received 131072 bytes back
Round trip time was 59.1259 milliseconds in repetition 374
tcp_ping received 131072 bytes back
Round trip time was 60.1596 milliseconds in repetition 375
tcp_ping received 131072 bytes back
Round trip time was 58.3688 milliseconds in repetition 376
tcp_ping received 131072 bytes back
Round trip time was 68.1466 milliseconds in repetition 377
tcp_ping received 131072 bytes back
Round trip time was 55.0511 milliseconds in repetition 378
tcp_ping received 131072 bytes back
Round trip time was 68.611 milliseconds in repetition 379
tcp_ping received 131072 bytes back
Round trip time was 88.5257 milliseconds in repetition 380
tcp_ping received 131072 bytes back
Round trip time was 57.1711 milliseconds in repetition 381
tcp_ping received 131072 bytes back
Round trip time was 57.5651 milliseconds in repetition 382
tcp_ping received 131072 bytes back
Round trip time was 53.5978 milliseconds in repetition 383
tcp_ping received 131072 bytes back
Round trip time was 57.6755 milliseconds in repetition 384
tcp_ping received 131072 bytes back
Round trip time was 73.3267 milliseconds in repetition 385
tcp_ping received 131072 bytes back
Round trip time was 96.2888 milliseconds in repetition 386
tcp_ping received 131072 bytes back
Round trip time was 95.8195 milliseconds in repetition 387
tcp_ping received 131072 bytes back
Round trip time was 61.634 milliseconds in repetition 388
tcp_ping received 131072 bytes back
Round trip time was 65.5382 milliseconds in repetition 389
tcp_ping received 131072 bytes back
Round trip time was 81.0834 milliseconds in repetition 390
tcp_ping received 131072 bytes back
Round trip time was 63.5138 milliseconds in repetition 391
tcp_ping received 131072 bytes back
Round trip time was 59.6884 milliseconds in repetition 392
tcp_ping received 131072 bytes back
Round trip time was 61.8972 milliseconds in repetition 393
tcp_ping received 131072 bytes back
Round trip time was 55.6948 milliseconds in repetition 394
tcp_ping received 131072 bytes back
Round trip time was 59.508 milliseconds in repetition 395
tcp_ping received 131072 bytes back
Round trip time was 62.8068 milliseconds in repetition 396
tcp_ping received 131072 bytes back
Round trip time was 58.8241 milliseconds in repetition 397
tcp_ping received 131072 bytes back
Round trip time was 57.184 milliseconds in repetition 398
tcp_ping received 131072 bytes back
Round trip time was 58.4065 milliseconds in repetition 399
tcp_ping received 131072 bytes back
Round trip time was 72.8328 milliseconds in repetition 400
tcp_ping received 131072 bytes back
Round trip time was 66.3428 milliseconds in repetition 401
tcp_ping received 131072 bytes back
Round trip time was 67.0781 milliseconds in repetition 402
tcp_ping received 131072 bytes back
Round trip time was 63.5355 milliseconds in repetition 403
tcp_ping received 131072 bytes back
Round trip time was 62.8121 milliseconds in repetition 404
tcp_ping received 131072 bytes back
Round trip time was 83.5714 milliseconds in repetition 405
tcp_ping received 131072 bytes back
Round trip time was 64.6619 milliseconds in repetition 406
tcp_ping received 131072 bytes back
Round trip time was 57.6078 milliseconds in repetition 407
tcp_ping received 131072 bytes back
Round trip time was 60.7663 milliseconds in repetition 408
tcp_ping received 131072 bytes back
Round trip time was 76.3682 milliseconds in repetition 409
tcp_ping received 131072 bytes back
Round trip time was 62.8057 milliseconds in repetition 410
tcp_ping received 131072 bytes back
Round trip time was 60.274 milliseconds in repetition 411
tcp_ping received 131072 bytes back
Round trip time was 64.65 milliseconds in repetition 412
tcp_ping received 131072 bytes back
Round trip time was 60.5428 milliseconds in repetition 413
tcp_ping received 131072 bytes back
Round trip time was 60.548 milliseconds in repetition 414
tcp_ping received 131072 bytes back
Round trip time was 59.6013 milliseconds in repetition 415
tcp_ping received 131072 bytes back
Round trip time was 66.4943 milliseconds in repetition 416
tcp_ping received 131072 bytes back
Round trip time was 65.274 milliseconds in repetition 417
tcp_ping received 131072 bytes back
Round trip time was 61.2769 milliseconds in repetition 418
tcp_ping received 131072 bytes back
Round trip time was 64.2241 milliseconds in repetition 419
tcp_ping received 131072 bytes back
Round trip time was 59.8822 milliseconds in repetition 420
tcp_ping received 131072 bytes back
Round trip time was 64.0043 milliseconds in repetition 421
tcp_ping received 131072 bytes back
Round trip time was 64.8379 milliseconds in repetition 422
tcp_ping received 131072 bytes back
Round trip time was 56.1102 milliseconds in repetition 423
tcp_ping received 131072 bytes back
Round trip time was 62.0269 milliseconds in repetition 424
tcp_ping received 131072 bytes back
Round trip time was 70.8697 milliseconds in repetition 425
tcp_ping received 131072 bytes back
Round trip time was 64.0303 milliseconds in repetition 426
tcp_ping received 131072 bytes back
Round trip time was 62.3117 milliseconds in repetition 427
tcp_ping received 131072 bytes back
Round trip time was 69.7306 milliseconds in repetition 428
tcp_ping received 131072 bytes back
Round trip time was 69.981 milliseconds in repetition 429
tcp_ping received 131072 bytes back
Round trip time was 75.6913 milliseconds in repetition 430
tcp_ping received 131072 bytes back
Round trip time was 64.19 milliseconds in repetition 431
tcp_ping received 131072 bytes back
Round trip time was 58.9814 milliseconds in repetition 432
tcp_ping received 131072 bytes back
Round trip time was 64.5889 milliseconds in repetition 433
tcp_ping received 131072 bytes back
Round trip time was 55.7266 milliseconds in repetition 434
tcp_ping received 131072 bytes back
Round trip time was 77.9571 milliseconds in repetition 435
tcp_ping received 131072 bytes back
Round trip time was 109.614 milliseconds in repetition 436
tcp_ping received 131072 bytes back
Round trip time was 63.6538 milliseconds in repetition 437
tcp_ping received 131072 bytes back
Round trip time was 60.82 milliseconds in repetition 438
tcp_ping received 131072 bytes back
Round trip time was 60.836 milliseconds in repetition 439
tcp_ping received 131072 bytes back
Round trip time was 61.6365 milliseconds in repetition 440
tcp_ping received 131072 bytes back
Round trip time was 62.503 milliseconds in repetition 441
tcp_ping received 131072 bytes back
Round trip time was 64.1591 milliseconds in repetition 442
tcp_ping received 131072 bytes back
Round trip time was 92.5175 milliseconds in repetition 443
tcp_ping received 131072 bytes back
Round trip time was 116.626 milliseconds in repetition 444
tcp_ping received 131072 bytes back
Round trip time was 61.5262 milliseconds in repetition 445
tcp_ping received 131072 bytes back
Round trip time was 528.916 milliseconds in repetition 446
tcp_ping received 131072 bytes back
Round trip time was 133.573 milliseconds in repetition 447
tcp_ping received 131072 bytes back
Round trip time was 92.1124 milliseconds in repetition 448
tcp_ping received 131072 bytes back
Round trip time was 96.2655 milliseconds in repetition 449
tcp_ping received 131072 bytes back
Round trip time was 83.7806 milliseconds in repetition 450
tcp_ping received 131072 bytes back
Round trip time was 89.0103 milliseconds in repetition 451
tcp_ping received 131072 bytes back
Round trip time was 107.236 milliseconds in repetition 452
tcp_ping received 131072 bytes back
Round trip time was 99.5994 milliseconds in repetition 453
tcp_ping received 131072 bytes back
Round trip time was 101.205 milliseconds in repetition 454
tcp_ping received 131072 bytes back
Round trip time was 73.0001 milliseconds in repetition 455
tcp_ping received 131072 bytes back
Round trip time was 83.5402 milliseconds in repetition 456
tcp_ping received 131072 bytes back
Round trip time was 82.6057 milliseconds in repetition 457
tcp_ping received 131072 bytes back
Round trip time was 73.7641 milliseconds in repetition 458
tcp_ping received 131072 bytes back
Round trip time was 90.7288 milliseconds in repetition 459
tcp_ping received 131072 bytes back
Round trip time was 84.3035 milliseconds in repetition 460
tcp_ping received 131072 bytes back
Round trip time was 79.7907 milliseconds in repetition 461
tcp_ping received 131072 bytes back
Round trip time was 94.1046 milliseconds in repetition 462
tcp_ping received 131072 bytes back
Round trip time was 102.259 milliseconds in repetition 463
tcp_ping received 131072 bytes back
Round trip time was 77.2893 milliseconds in repetition 464
tcp_ping received 131072 bytes back
Round trip time was 82.2973 milliseconds in repetition 465
tcp_ping received 131072 bytes back
Round trip time was 82.659 milliseconds in repetition 466
tcp_ping received 131072 bytes back
Round trip time was 74.0927 milliseconds in repetition 467
tcp_ping received 131072 bytes back
Round trip time was 73.7868 milliseconds in repetition 468
tcp_ping received 131072 bytes back
Round trip time was 98.3055 milliseconds in repetition 469
tcp_ping received 131072 bytes back
Round trip time was 81.5396 milliseconds in repetition 470
tcp_ping received 131072 bytes back
Round trip time was 85.2503 milliseconds in repetition 471
tcp_ping received 131072 bytes back
Round trip time was 87.0132 milliseconds in repetition 472
tcp_ping received 131072 bytes back
Round trip time was 127.663 milliseconds in repetition 473
tcp_ping received 131072 bytes back
Round trip time was 94.1722 milliseconds in repetition 474
tcp_ping received 131072 bytes back
Round trip time was 125.385 milliseconds in repetition 475
tcp_ping received 131072 bytes back
Round trip time was 88.2173 milliseconds in repetition 476
tcp_ping received 131072 bytes back
Round trip time was 78.8867 milliseconds in repetition 477
tcp_ping received 131072 bytes back
Round trip time was 72.8264 milliseconds in repetition 478
tcp_ping received 131072 bytes back
Round trip time was 97.7539 milliseconds in repetition 479
tcp_ping received 131072 bytes back
Round trip time was 86.9178 milliseconds in repetition 480
tcp_ping received 131072 bytes back
Round trip time was 85.8221 milliseconds in repetition 481
tcp_ping received 131072 bytes back
Round trip time was 94.6592 milliseconds in repetition 482
tcp_ping received 131072 bytes back
Round trip time was 88.4914 milliseconds in repetition 483
tcp_ping received 131072 bytes back
Round trip time was 86.1027 milliseconds in repetition 484
tcp_ping received 131072 bytes back
Round trip time was 76.1789 milliseconds in repetition 485
tcp_ping received 131072 bytes back
Round trip time was 85.6344 milliseconds in repetition 486
tcp_ping received 131072 bytes back
Round trip time was 92.7701 milliseconds in repetition 487
tcp_ping received 131072 bytes back
Round trip time was 79.3055 milliseconds in repetition 488
tcp_ping received 131072 bytes back
Round trip time was 81.5029 milliseconds in repetition 489
tcp_ping received 131072 bytes back
Round trip time was 78.927 milliseconds in repetition 490
tcp_ping received 131072 bytes back
Round trip time was 80.9492 milliseconds in repetition 491
tcp_ping received 131072 bytes back
Round trip time was 87.4519 milliseconds in repetition 492
tcp_ping received 131072 bytes back
Round trip time was 86.7669 milliseconds in repetition 493
tcp_ping received 131072 bytes back
Round trip time was 116.575 milliseconds in repetition 494
tcp_ping received 131072 bytes back
Round trip time was 85.212 milliseconds in repetition 495
tcp_ping received 131072 bytes back
Round trip time was 89.3974 milliseconds in repetition 496
tcp_ping received 131072 bytes back
Round trip time was 75.7684 milliseconds in repetition 497
tcp_ping received 131072 bytes back
Round trip time was 103.545 milliseconds in repetition 498
tcp_ping received 131072 bytes back
Round trip time was 667.369 milliseconds in repetition 499
tcp_ping received 131072 bytes back
Round trip time was 124.6 milliseconds in repetition 500
tcp_ping received 131072 bytes back
Round trip time was 85.3392 milliseconds in repetition 501

 ... clock resolution was 1e-06
TCP Ping:  Statistics over 501 repetitions of 131072 byte messages

RTT : percentile 10: 57.1711, median: 62.6976, percentile 90: 89.3974, average: 71.3047, variance: 1497.31

RTT histogram:
52.0633 351
82.8286 115
113.594 18
144.359 14
175.124 0
205.89 0
236.655 1
267.42 0
298.186 0
328.951 0
359.716 0
390.481 0
421.247 0
452.012 0
482.777 0
513.542 1
544.308 0
575.073 0
605.838 0
636.603 0
667.369 1

   median Throughput : 4181.09 KB/s   overall Throughput : 3676.39 KB/s

