TCP Ping trying to connect to server seti.dibris.unige.it (130.251.61.30) on port 1491

... connected to Pong server: asking for 501 repetitions of 1024 bytes TCP messages
 ... Pong server agreed :-)
tcp_ping received 1024 bytes back
Round trip time was 39.4131 milliseconds in repetition 1
tcp_ping received 1024 bytes back
Round trip time was 27.7909 milliseconds in repetition 2
tcp_ping received 1024 bytes back
Round trip time was 28.042 milliseconds in repetition 3
tcp_ping received 1024 bytes back
Round trip time was 29.6371 milliseconds in repetition 4
tcp_ping received 1024 bytes back
Round trip time was 31.7014 milliseconds in repetition 5
tcp_ping received 1024 bytes back
Round trip time was 28.1621 milliseconds in repetition 6
tcp_ping received 1024 bytes back
Round trip time was 26.6747 milliseconds in repetition 7
tcp_ping received 1024 bytes back
Round trip time was 28.4039 milliseconds in repetition 8
tcp_ping received 1024 bytes back
Round trip time was 29.3893 milliseconds in repetition 9
tcp_ping received 1024 bytes back
Round trip time was 27.8407 milliseconds in repetition 10
tcp_ping received 1024 bytes back
Round trip time was 261.073 milliseconds in repetition 11
tcp_ping received 1024 bytes back
Round trip time was 27.7929 milliseconds in repetition 12
tcp_ping received 1024 bytes back
Round trip time was 28.0176 milliseconds in repetition 13
tcp_ping received 1024 bytes back
Round trip time was 27.2656 milliseconds in repetition 14
tcp_ping received 1024 bytes back
Round trip time was 27.1858 milliseconds in repetition 15
tcp_ping received 1024 bytes back
Round trip time was 27.5149 milliseconds in repetition 16
tcp_ping received 1024 bytes back
Round trip time was 27.8961 milliseconds in repetition 17
tcp_ping received 1024 bytes back
Round trip time was 26.6483 milliseconds in repetition 18
tcp_ping received 1024 bytes back
Round trip time was 27.1405 milliseconds in repetition 19
tcp_ping received 1024 bytes back
Round trip time was 27.0203 milliseconds in repetition 20
tcp_ping received 1024 bytes back
Round trip time was 30.0475 milliseconds in repetition 21
tcp_ping received 1024 bytes back
Round trip time was 27.4635 milliseconds in repetition 22
tcp_ping received 1024 bytes back
Round trip time was 27.8323 milliseconds in repetition 23
tcp_ping received 1024 bytes back
Round trip time was 27.3664 milliseconds in repetition 24
tcp_ping received 1024 bytes back
Round trip time was 29.1947 milliseconds in repetition 25
tcp_ping received 1024 bytes back
Round trip time was 30.4516 milliseconds in repetition 26
tcp_ping received 1024 bytes back
Round trip time was 27.8416 milliseconds in repetition 27
tcp_ping received 1024 bytes back
Round trip time was 30.9072 milliseconds in repetition 28
tcp_ping received 1024 bytes back
Round trip time was 32.8173 milliseconds in repetition 29
tcp_ping received 1024 bytes back
Round trip time was 27.329 milliseconds in repetition 30
tcp_ping received 1024 bytes back
Round trip time was 27.2981 milliseconds in repetition 31
tcp_ping received 1024 bytes back
Round trip time was 32.1559 milliseconds in repetition 32
tcp_ping received 1024 bytes back
Round trip time was 30.1916 milliseconds in repetition 33
tcp_ping received 1024 bytes back
Round trip time was 27.5344 milliseconds in repetition 34
tcp_ping received 1024 bytes back
Round trip time was 28.2568 milliseconds in repetition 35
tcp_ping received 1024 bytes back
Round trip time was 27.2008 milliseconds in repetition 36
tcp_ping received 1024 bytes back
Round trip time was 27.3908 milliseconds in repetition 37
tcp_ping received 1024 bytes back
Round trip time was 27.0637 milliseconds in repetition 38
tcp_ping received 1024 bytes back
Round trip time was 25.9936 milliseconds in repetition 39
tcp_ping received 1024 bytes back
Round trip time was 26.4692 milliseconds in repetition 40
tcp_ping received 1024 bytes back
Round trip time was 26.6514 milliseconds in repetition 41
tcp_ping received 1024 bytes back
Round trip time was 28.44 milliseconds in repetition 42
tcp_ping received 1024 bytes back
Round trip time was 26.9965 milliseconds in repetition 43
tcp_ping received 1024 bytes back
Round trip time was 29.7305 milliseconds in repetition 44
tcp_ping received 1024 bytes back
Round trip time was 28.7181 milliseconds in repetition 45
tcp_ping received 1024 bytes back
Round trip time was 27.0975 milliseconds in repetition 46
tcp_ping received 1024 bytes back
Round trip time was 26.6836 milliseconds in repetition 47
tcp_ping received 1024 bytes back
Round trip time was 26.0125 milliseconds in repetition 48
tcp_ping received 1024 bytes back
Round trip time was 27.0014 milliseconds in repetition 49
tcp_ping received 1024 bytes back
Round trip time was 37.8607 milliseconds in repetition 50
tcp_ping received 1024 bytes back
Round trip time was 27.4028 milliseconds in repetition 51
tcp_ping received 1024 bytes back
Round trip time was 26.5157 milliseconds in repetition 52
tcp_ping received 1024 bytes back
Round trip time was 28.0761 milliseconds in repetition 53
tcp_ping received 1024 bytes back
Round trip time was 26.3679 milliseconds in repetition 54
tcp_ping received 1024 bytes back
Round trip time was 26.9811 milliseconds in repetition 55
tcp_ping received 1024 bytes back
Round trip time was 25.8537 milliseconds in repetition 56
tcp_ping received 1024 bytes back
Round trip time was 26.1203 milliseconds in repetition 57
tcp_ping received 1024 bytes back
Round trip time was 26.4279 milliseconds in repetition 58
tcp_ping received 1024 bytes back
Round trip time was 26.5621 milliseconds in repetition 59
tcp_ping received 1024 bytes back
Round trip time was 28.4191 milliseconds in repetition 60
tcp_ping received 1024 bytes back
Round trip time was 27.5957 milliseconds in repetition 61
tcp_ping received 1024 bytes back
Round trip time was 27.7347 milliseconds in repetition 62
tcp_ping received 1024 bytes back
Round trip time was 27.4272 milliseconds in repetition 63
tcp_ping received 1024 bytes back
Round trip time was 26.2243 milliseconds in repetition 64
tcp_ping received 1024 bytes back
Round trip time was 26.3351 milliseconds in repetition 65
tcp_ping received 1024 bytes back
Round trip time was 26.1222 milliseconds in repetition 66
tcp_ping received 1024 bytes back
Round trip time was 25.9554 milliseconds in repetition 67
tcp_ping received 1024 bytes back
Round trip time was 25.8372 milliseconds in repetition 68
tcp_ping received 1024 bytes back
Round trip time was 25.9309 milliseconds in repetition 69
tcp_ping received 1024 bytes back
Round trip time was 29.0585 milliseconds in repetition 70
tcp_ping received 1024 bytes back
Round trip time was 28.2569 milliseconds in repetition 71
tcp_ping received 1024 bytes back
Round trip time was 27.2034 milliseconds in repetition 72
tcp_ping received 1024 bytes back
Round trip time was 26.8734 milliseconds in repetition 73
tcp_ping received 1024 bytes back
Round trip time was 28.6706 milliseconds in repetition 74
tcp_ping received 1024 bytes back
Round trip time was 27.2991 milliseconds in repetition 75
tcp_ping received 1024 bytes back
Round trip time was 26.3901 milliseconds in repetition 76
tcp_ping received 1024 bytes back
Round trip time was 26.0852 milliseconds in repetition 77
tcp_ping received 1024 bytes back
Round trip time was 26.5138 milliseconds in repetition 78
tcp_ping received 1024 bytes back
Round trip time was 26.893 milliseconds in repetition 79
tcp_ping received 1024 bytes back
Round trip time was 26.0488 milliseconds in repetition 80
tcp_ping received 1024 bytes back
Round trip time was 27.6361 milliseconds in repetition 81
tcp_ping received 1024 bytes back
Round trip time was 29.7939 milliseconds in repetition 82
tcp_ping received 1024 bytes back
Round trip time was 27.457 milliseconds in repetition 83
tcp_ping received 1024 bytes back
Round trip time was 26.0282 milliseconds in repetition 84
tcp_ping received 1024 bytes back
Round trip time was 25.7428 milliseconds in repetition 85
tcp_ping received 1024 bytes back
Round trip time was 27.7769 milliseconds in repetition 86
tcp_ping received 1024 bytes back
Round trip time was 27.4648 milliseconds in repetition 87
tcp_ping received 1024 bytes back
Round trip time was 26.0533 milliseconds in repetition 88
tcp_ping received 1024 bytes back
Round trip time was 27.4817 milliseconds in repetition 89
tcp_ping received 1024 bytes back
Round trip time was 27.5515 milliseconds in repetition 90
tcp_ping received 1024 bytes back
Round trip time was 26.3761 milliseconds in repetition 91
tcp_ping received 1024 bytes back
Round trip time was 26.3107 milliseconds in repetition 92
tcp_ping received 1024 bytes back
Round trip time was 29.152 milliseconds in repetition 93
tcp_ping received 1024 bytes back
Round trip time was 29.4005 milliseconds in repetition 94
tcp_ping received 1024 bytes back
Round trip time was 26.2226 milliseconds in repetition 95
tcp_ping received 1024 bytes back
Round trip time was 26.1858 milliseconds in repetition 96
tcp_ping received 1024 bytes back
Round trip time was 28.1737 milliseconds in repetition 97
tcp_ping received 1024 bytes back
Round trip time was 27.3649 milliseconds in repetition 98
tcp_ping received 1024 bytes back
Round trip time was 26.4735 milliseconds in repetition 99
tcp_ping received 1024 bytes back
Round trip time was 27.772 milliseconds in repetition 100
tcp_ping received 1024 bytes back
Round trip time was 27.3634 milliseconds in repetition 101
tcp_ping received 1024 bytes back
Round trip time was 26.3738 milliseconds in repetition 102
tcp_ping received 1024 bytes back
Round trip time was 26.2714 milliseconds in repetition 103
tcp_ping received 1024 bytes back
Round trip time was 26.2383 milliseconds in repetition 104
tcp_ping received 1024 bytes back
Round trip time was 26.1556 milliseconds in repetition 105
tcp_ping received 1024 bytes back
Round trip time was 26.8359 milliseconds in repetition 106
tcp_ping received 1024 bytes back
Round trip time was 26.4823 milliseconds in repetition 107
tcp_ping received 1024 bytes back
Round trip time was 26.5467 milliseconds in repetition 108
tcp_ping received 1024 bytes back
Round trip time was 26.2491 milliseconds in repetition 109
tcp_ping received 1024 bytes back
Round trip time was 26.7509 milliseconds in repetition 110
tcp_ping received 1024 bytes back
Round trip time was 27.4815 milliseconds in repetition 111
tcp_ping received 1024 bytes back
Round trip time was 26.3348 milliseconds in repetition 112
tcp_ping received 1024 bytes back
Round trip time was 28.5523 milliseconds in repetition 113
tcp_ping received 1024 bytes back
Round trip time was 29.2084 milliseconds in repetition 114
tcp_ping received 1024 bytes back
Round trip time was 27.6979 milliseconds in repetition 115
tcp_ping received 1024 bytes back
Round trip time was 26.0324 milliseconds in repetition 116
tcp_ping received 1024 bytes back
Round trip time was 27.0372 milliseconds in repetition 117
tcp_ping received 1024 bytes back
Round trip time was 29.033 milliseconds in repetition 118
tcp_ping received 1024 bytes back
Round trip time was 27.6853 milliseconds in repetition 119
tcp_ping received 1024 bytes back
Round trip time was 25.8499 milliseconds in repetition 120
tcp_ping received 1024 bytes back
Round trip time was 26.6458 milliseconds in repetition 121
tcp_ping received 1024 bytes back
Round trip time was 26.4023 milliseconds in repetition 122
tcp_ping received 1024 bytes back
Round trip time was 26.1092 milliseconds in repetition 123
tcp_ping received 1024 bytes back
Round trip time was 26.8302 milliseconds in repetition 124
tcp_ping received 1024 bytes back
Round trip time was 26.7129 milliseconds in repetition 125
tcp_ping received 1024 bytes back
Round trip time was 26.3389 milliseconds in repetition 126
tcp_ping received 1024 bytes back
Round trip time was 27.5579 milliseconds in repetition 127
tcp_ping received 1024 bytes back
Round trip time was 28.3479 milliseconds in repetition 128
tcp_ping received 1024 bytes back
Round trip time was 27.6079 milliseconds in repetition 129
tcp_ping received 1024 bytes back
Round trip time was 26.5561 milliseconds in repetition 130
tcp_ping received 1024 bytes back
Round trip time was 28.1491 milliseconds in repetition 131
tcp_ping received 1024 bytes back
Round trip time was 31.8258 milliseconds in repetition 132
tcp_ping received 1024 bytes back
Round trip time was 27.8325 milliseconds in repetition 133
tcp_ping received 1024 bytes back
Round trip time was 26.6977 milliseconds in repetition 134
tcp_ping received 1024 bytes back
Round trip time was 28.5072 milliseconds in repetition 135
tcp_ping received 1024 bytes back
Round trip time was 29.0869 milliseconds in repetition 136
tcp_ping received 1024 bytes back
Round trip time was 28.2027 milliseconds in repetition 137
tcp_ping received 1024 bytes back
Round trip time was 27.951 milliseconds in repetition 138
tcp_ping received 1024 bytes back
Round trip time was 26.5195 milliseconds in repetition 139
tcp_ping received 1024 bytes back
Round trip time was 26.2523 milliseconds in repetition 140
tcp_ping received 1024 bytes back
Round trip time was 28.1052 milliseconds in repetition 141
tcp_ping received 1024 bytes back
Round trip time was 29.7078 milliseconds in repetition 142
tcp_ping received 1024 bytes back
Round trip time was 26.3865 milliseconds in repetition 143
tcp_ping received 1024 bytes back
Round trip time was 27.4151 milliseconds in repetition 144
tcp_ping received 1024 bytes back
Round trip time was 28.6346 milliseconds in repetition 145
tcp_ping received 1024 bytes back
Round trip time was 26.4859 milliseconds in repetition 146
tcp_ping received 1024 bytes back
Round trip time was 26.1324 milliseconds in repetition 147
tcp_ping received 1024 bytes back
Round trip time was 26.2586 milliseconds in repetition 148
tcp_ping received 1024 bytes back
Round trip time was 28.3022 milliseconds in repetition 149
tcp_ping received 1024 bytes back
Round trip time was 26.4044 milliseconds in repetition 150
tcp_ping received 1024 bytes back
Round trip time was 26.4757 milliseconds in repetition 151
tcp_ping received 1024 bytes back
Round trip time was 26.7553 milliseconds in repetition 152
tcp_ping received 1024 bytes back
Round trip time was 27.0359 milliseconds in repetition 153
tcp_ping received 1024 bytes back
Round trip time was 26.6298 milliseconds in repetition 154
tcp_ping received 1024 bytes back
Round trip time was 26.1589 milliseconds in repetition 155
tcp_ping received 1024 bytes back
Round trip time was 26.5464 milliseconds in repetition 156
tcp_ping received 1024 bytes back
Round trip time was 26.2485 milliseconds in repetition 157
tcp_ping received 1024 bytes back
Round trip time was 29.2212 milliseconds in repetition 158
tcp_ping received 1024 bytes back
Round trip time was 27.3565 milliseconds in repetition 159
tcp_ping received 1024 bytes back
Round trip time was 27.432 milliseconds in repetition 160
tcp_ping received 1024 bytes back
Round trip time was 29.6231 milliseconds in repetition 161
tcp_ping received 1024 bytes back
Round trip time was 26.8139 milliseconds in repetition 162
tcp_ping received 1024 bytes back
Round trip time was 26.6773 milliseconds in repetition 163
tcp_ping received 1024 bytes back
Round trip time was 26.0727 milliseconds in repetition 164
tcp_ping received 1024 bytes back
Round trip time was 26.2391 milliseconds in repetition 165
tcp_ping received 1024 bytes back
Round trip time was 26.7205 milliseconds in repetition 166
tcp_ping received 1024 bytes back
Round trip time was 27.3299 milliseconds in repetition 167
tcp_ping received 1024 bytes back
Round trip time was 27.6115 milliseconds in repetition 168
tcp_ping received 1024 bytes back
Round trip time was 27.8705 milliseconds in repetition 169
tcp_ping received 1024 bytes back
Round trip time was 26.8122 milliseconds in repetition 170
tcp_ping received 1024 bytes back
Round trip time was 25.9477 milliseconds in repetition 171
tcp_ping received 1024 bytes back
Round trip time was 26.2599 milliseconds in repetition 172
tcp_ping received 1024 bytes back
Round trip time was 26.6509 milliseconds in repetition 173
tcp_ping received 1024 bytes back
Round trip time was 27.8752 milliseconds in repetition 174
tcp_ping received 1024 bytes back
Round trip time was 25.8575 milliseconds in repetition 175
tcp_ping received 1024 bytes back
Round trip time was 26.3828 milliseconds in repetition 176
tcp_ping received 1024 bytes back
Round trip time was 26.2796 milliseconds in repetition 177
tcp_ping received 1024 bytes back
Round trip time was 27.5725 milliseconds in repetition 178
tcp_ping received 1024 bytes back
Round trip time was 26.7438 milliseconds in repetition 179
tcp_ping received 1024 bytes back
Round trip time was 26.246 milliseconds in repetition 180
tcp_ping received 1024 bytes back
Round trip time was 28.3183 milliseconds in repetition 181
tcp_ping received 1024 bytes back
Round trip time was 28.2202 milliseconds in repetition 182
tcp_ping received 1024 bytes back
Round trip time was 26.1425 milliseconds in repetition 183
tcp_ping received 1024 bytes back
Round trip time was 26.4898 milliseconds in repetition 184
tcp_ping received 1024 bytes back
Round trip time was 26.439 milliseconds in repetition 185
tcp_ping received 1024 bytes back
Round trip time was 25.9174 milliseconds in repetition 186
tcp_ping received 1024 bytes back
Round trip time was 26.2842 milliseconds in repetition 187
tcp_ping received 1024 bytes back
Round trip time was 26.3054 milliseconds in repetition 188
tcp_ping received 1024 bytes back
Round trip time was 26.4464 milliseconds in repetition 189
tcp_ping received 1024 bytes back
Round trip time was 27.0518 milliseconds in repetition 190
tcp_ping received 1024 bytes back
Round trip time was 27.6262 milliseconds in repetition 191
tcp_ping received 1024 bytes back
Round trip time was 27.5179 milliseconds in repetition 192
tcp_ping received 1024 bytes back
Round trip time was 26.3863 milliseconds in repetition 193
tcp_ping received 1024 bytes back
Round trip time was 25.7889 milliseconds in repetition 194
tcp_ping received 1024 bytes back
Round trip time was 25.9626 milliseconds in repetition 195
tcp_ping received 1024 bytes back
Round trip time was 27.2875 milliseconds in repetition 196
tcp_ping received 1024 bytes back
Round trip time was 25.8955 milliseconds in repetition 197
tcp_ping received 1024 bytes back
Round trip time was 25.8228 milliseconds in repetition 198
tcp_ping received 1024 bytes back
Round trip time was 27.5941 milliseconds in repetition 199
tcp_ping received 1024 bytes back
Round trip time was 30.0358 milliseconds in repetition 200
tcp_ping received 1024 bytes back
Round trip time was 28.2361 milliseconds in repetition 201
tcp_ping received 1024 bytes back
Round trip time was 26.2942 milliseconds in repetition 202
tcp_ping received 1024 bytes back
Round trip time was 26.7155 milliseconds in repetition 203
tcp_ping received 1024 bytes back
Round trip time was 26.3087 milliseconds in repetition 204
tcp_ping received 1024 bytes back
Round trip time was 27.203 milliseconds in repetition 205
tcp_ping received 1024 bytes back
Round trip time was 26.6216 milliseconds in repetition 206
tcp_ping received 1024 bytes back
Round trip time was 26.0715 milliseconds in repetition 207
tcp_ping received 1024 bytes back
Round trip time was 29.3073 milliseconds in repetition 208
tcp_ping received 1024 bytes back
Round trip time was 26.531 milliseconds in repetition 209
tcp_ping received 1024 bytes back
Round trip time was 26.595 milliseconds in repetition 210
tcp_ping received 1024 bytes back
Round trip time was 26.9165 milliseconds in repetition 211
tcp_ping received 1024 bytes back
Round trip time was 26.939 milliseconds in repetition 212
tcp_ping received 1024 bytes back
Round trip time was 26.8697 milliseconds in repetition 213
tcp_ping received 1024 bytes back
Round trip time was 26.8698 milliseconds in repetition 214
tcp_ping received 1024 bytes back
Round trip time was 26.5367 milliseconds in repetition 215
tcp_ping received 1024 bytes back
Round trip time was 27.9044 milliseconds in repetition 216
tcp_ping received 1024 bytes back
Round trip time was 26.2849 milliseconds in repetition 217
tcp_ping received 1024 bytes back
Round trip time was 26.0091 milliseconds in repetition 218
tcp_ping received 1024 bytes back
Round trip time was 26.0468 milliseconds in repetition 219
tcp_ping received 1024 bytes back
Round trip time was 26.8353 milliseconds in repetition 220
tcp_ping received 1024 bytes back
Round trip time was 26.3434 milliseconds in repetition 221
tcp_ping received 1024 bytes back
Round trip time was 75.8025 milliseconds in repetition 222
tcp_ping received 1024 bytes back
Round trip time was 27.7015 milliseconds in repetition 223
tcp_ping received 1024 bytes back
Round trip time was 28.4214 milliseconds in repetition 224
tcp_ping received 1024 bytes back
Round trip time was 27.1361 milliseconds in repetition 225
tcp_ping received 1024 bytes back
Round trip time was 26.7115 milliseconds in repetition 226
tcp_ping received 1024 bytes back
Round trip time was 29.1257 milliseconds in repetition 227
tcp_ping received 1024 bytes back
Round trip time was 26.8163 milliseconds in repetition 228
tcp_ping received 1024 bytes back
Round trip time was 26.0358 milliseconds in repetition 229
tcp_ping received 1024 bytes back
Round trip time was 26.385 milliseconds in repetition 230
tcp_ping received 1024 bytes back
Round trip time was 26.2165 milliseconds in repetition 231
tcp_ping received 1024 bytes back
Round trip time was 28.5881 milliseconds in repetition 232
tcp_ping received 1024 bytes back
Round trip time was 25.9501 milliseconds in repetition 233
tcp_ping received 1024 bytes back
Round trip time was 26.137 milliseconds in repetition 234
tcp_ping received 1024 bytes back
Round trip time was 27.5068 milliseconds in repetition 235
tcp_ping received 1024 bytes back
Round trip time was 27.3807 milliseconds in repetition 236
tcp_ping received 1024 bytes back
Round trip time was 29.9761 milliseconds in repetition 237
tcp_ping received 1024 bytes back
Round trip time was 28.0201 milliseconds in repetition 238
tcp_ping received 1024 bytes back
Round trip time was 27.4327 milliseconds in repetition 239
tcp_ping received 1024 bytes back
Round trip time was 31.7494 milliseconds in repetition 240
tcp_ping received 1024 bytes back
Round trip time was 38.7996 milliseconds in repetition 241
tcp_ping received 1024 bytes back
Round trip time was 29.349 milliseconds in repetition 242
tcp_ping received 1024 bytes back
Round trip time was 26.1819 milliseconds in repetition 243
tcp_ping received 1024 bytes back
Round trip time was 26.5274 milliseconds in repetition 244
tcp_ping received 1024 bytes back
Round trip time was 26.5978 milliseconds in repetition 245
tcp_ping received 1024 bytes back
Round trip time was 28.8495 milliseconds in repetition 246
tcp_ping received 1024 bytes back
Round trip time was 27.4964 milliseconds in repetition 247
tcp_ping received 1024 bytes back
Round trip time was 32.8461 milliseconds in repetition 248
tcp_ping received 1024 bytes back
Round trip time was 26.2902 milliseconds in repetition 249
tcp_ping received 1024 bytes back
Round trip time was 26.234 milliseconds in repetition 250
tcp_ping received 1024 bytes back
Round trip time was 26.317 milliseconds in repetition 251
tcp_ping received 1024 bytes back
Round trip time was 26.0743 milliseconds in repetition 252
tcp_ping received 1024 bytes back
Round trip time was 26.8692 milliseconds in repetition 253
tcp_ping received 1024 bytes back
Round trip time was 27.1007 milliseconds in repetition 254
tcp_ping received 1024 bytes back
Round trip time was 28.7832 milliseconds in repetition 255
tcp_ping received 1024 bytes back
Round trip time was 26.9692 milliseconds in repetition 256
tcp_ping received 1024 bytes back
Round trip time was 39.6311 milliseconds in repetition 257
tcp_ping received 1024 bytes back
Round trip time was 28.9832 milliseconds in repetition 258
tcp_ping received 1024 bytes back
Round trip time was 27.3627 milliseconds in repetition 259
tcp_ping received 1024 bytes back
Round trip time was 27.1207 milliseconds in repetition 260
tcp_ping received 1024 bytes back
Round trip time was 30.3152 milliseconds in repetition 261
tcp_ping received 1024 bytes back
Round trip time was 28.4666 milliseconds in repetition 262
tcp_ping received 1024 bytes back
Round trip time was 25.8821 milliseconds in repetition 263
tcp_ping received 1024 bytes back
Round trip time was 26.1413 milliseconds in repetition 264
tcp_ping received 1024 bytes back
Round trip time was 27.2165 milliseconds in repetition 265
tcp_ping received 1024 bytes back
Round trip time was 28.8819 milliseconds in repetition 266
tcp_ping received 1024 bytes back
Round trip time was 42.6171 milliseconds in repetition 267
tcp_ping received 1024 bytes back
Round trip time was 29.8893 milliseconds in repetition 268
tcp_ping received 1024 bytes back
Round trip time was 26.1072 milliseconds in repetition 269
tcp_ping received 1024 bytes back
Round trip time was 28.1286 milliseconds in repetition 270
tcp_ping received 1024 bytes back
Round trip time was 28.987 milliseconds in repetition 271
tcp_ping received 1024 bytes back
Round trip time was 42.5212 milliseconds in repetition 272
tcp_ping received 1024 bytes back
Round trip time was 32.4123 milliseconds in repetition 273
tcp_ping received 1024 bytes back
Round trip time was 32.5999 milliseconds in repetition 274
tcp_ping received 1024 bytes back
Round trip time was 26.6078 milliseconds in repetition 275
tcp_ping received 1024 bytes back
Round trip time was 26.0264 milliseconds in repetition 276
tcp_ping received 1024 bytes back
Round trip time was 26.3797 milliseconds in repetition 277
tcp_ping received 1024 bytes back
Round trip time was 26.3118 milliseconds in repetition 278
tcp_ping received 1024 bytes back
Round trip time was 27.218 milliseconds in repetition 279
tcp_ping received 1024 bytes back
Round trip time was 26.7765 milliseconds in repetition 280
tcp_ping received 1024 bytes back
Round trip time was 27.5095 milliseconds in repetition 281
tcp_ping received 1024 bytes back
Round trip time was 27.9323 milliseconds in repetition 282
tcp_ping received 1024 bytes back
Round trip time was 26.5611 milliseconds in repetition 283
tcp_ping received 1024 bytes back
Round trip time was 26.4277 milliseconds in repetition 284
tcp_ping received 1024 bytes back
Round trip time was 27.55 milliseconds in repetition 285
tcp_ping received 1024 bytes back
Round trip time was 25.9627 milliseconds in repetition 286
tcp_ping received 1024 bytes back
Round trip time was 26.2787 milliseconds in repetition 287
tcp_ping received 1024 bytes back
Round trip time was 31.5347 milliseconds in repetition 288
tcp_ping received 1024 bytes back
Round trip time was 25.7325 milliseconds in repetition 289
tcp_ping received 1024 bytes back
Round trip time was 27.01 milliseconds in repetition 290
tcp_ping received 1024 bytes back
Round trip time was 29.6821 milliseconds in repetition 291
tcp_ping received 1024 bytes back
Round trip time was 27.1276 milliseconds in repetition 292
tcp_ping received 1024 bytes back
Round trip time was 26.0586 milliseconds in repetition 293
tcp_ping received 1024 bytes back
Round trip time was 26.9669 milliseconds in repetition 294
tcp_ping received 1024 bytes back
Round trip time was 27.1627 milliseconds in repetition 295
tcp_ping received 1024 bytes back
Round trip time was 26.6441 milliseconds in repetition 296
tcp_ping received 1024 bytes back
Round trip time was 27.6096 milliseconds in repetition 297
tcp_ping received 1024 bytes back
Round trip time was 27.8143 milliseconds in repetition 298
tcp_ping received 1024 bytes back
Round trip time was 27.6429 milliseconds in repetition 299
tcp_ping received 1024 bytes back
Round trip time was 26.287 milliseconds in repetition 300
tcp_ping received 1024 bytes back
Round trip time was 26.1682 milliseconds in repetition 301
tcp_ping received 1024 bytes back
Round trip time was 26.6847 milliseconds in repetition 302
tcp_ping received 1024 bytes back
Round trip time was 29.9613 milliseconds in repetition 303
tcp_ping received 1024 bytes back
Round trip time was 27.27 milliseconds in repetition 304
tcp_ping received 1024 bytes back
Round trip time was 26.7254 milliseconds in repetition 305
tcp_ping received 1024 bytes back
Round trip time was 26.3627 milliseconds in repetition 306
tcp_ping received 1024 bytes back
Round trip time was 31.6534 milliseconds in repetition 307
tcp_ping received 1024 bytes back
Round trip time was 26.2399 milliseconds in repetition 308
tcp_ping received 1024 bytes back
Round trip time was 27.5948 milliseconds in repetition 309
tcp_ping received 1024 bytes back
Round trip time was 26.5609 milliseconds in repetition 310
tcp_ping received 1024 bytes back
Round trip time was 26.9975 milliseconds in repetition 311
tcp_ping received 1024 bytes back
Round trip time was 26.5102 milliseconds in repetition 312
tcp_ping received 1024 bytes back
Round trip time was 26.1495 milliseconds in repetition 313
tcp_ping received 1024 bytes back
Round trip time was 25.9561 milliseconds in repetition 314
tcp_ping received 1024 bytes back
Round trip time was 25.7105 milliseconds in repetition 315
tcp_ping received 1024 bytes back
Round trip time was 26.4918 milliseconds in repetition 316
tcp_ping received 1024 bytes back
Round trip time was 29.4465 milliseconds in repetition 317
tcp_ping received 1024 bytes back
Round trip time was 27.1526 milliseconds in repetition 318
tcp_ping received 1024 bytes back
Round trip time was 30.1957 milliseconds in repetition 319
tcp_ping received 1024 bytes back
Round trip time was 29.1683 milliseconds in repetition 320
tcp_ping received 1024 bytes back
Round trip time was 28.3653 milliseconds in repetition 321
tcp_ping received 1024 bytes back
Round trip time was 26.0961 milliseconds in repetition 322
tcp_ping received 1024 bytes back
Round trip time was 27.5126 milliseconds in repetition 323
tcp_ping received 1024 bytes back
Round trip time was 27.2152 milliseconds in repetition 324
tcp_ping received 1024 bytes back
Round trip time was 27.9941 milliseconds in repetition 325
tcp_ping received 1024 bytes back
Round trip time was 28.2726 milliseconds in repetition 326
tcp_ping received 1024 bytes back
Round trip time was 26.2197 milliseconds in repetition 327
tcp_ping received 1024 bytes back
Round trip time was 26.2501 milliseconds in repetition 328
tcp_ping received 1024 bytes back
Round trip time was 26.4745 milliseconds in repetition 329
tcp_ping received 1024 bytes back
Round trip time was 26.4185 milliseconds in repetition 330
tcp_ping received 1024 bytes back
Round trip time was 29.7728 milliseconds in repetition 331
tcp_ping received 1024 bytes back
Round trip time was 29.0862 milliseconds in repetition 332
tcp_ping received 1024 bytes back
Round trip time was 29.4795 milliseconds in repetition 333
tcp_ping received 1024 bytes back
Round trip time was 34.9668 milliseconds in repetition 334
tcp_ping received 1024 bytes back
Round trip time was 27.9537 milliseconds in repetition 335
tcp_ping received 1024 bytes back
Round trip time was 27.2098 milliseconds in repetition 336
tcp_ping received 1024 bytes back
Round trip time was 26.8553 milliseconds in repetition 337
tcp_ping received 1024 bytes back
Round trip time was 26.5245 milliseconds in repetition 338
tcp_ping received 1024 bytes back
Round trip time was 26.6542 milliseconds in repetition 339
tcp_ping received 1024 bytes back
Round trip time was 26.6542 milliseconds in repetition 340
tcp_ping received 1024 bytes back
Round trip time was 27.4721 milliseconds in repetition 341
tcp_ping received 1024 bytes back
Round trip time was 26.4854 milliseconds in repetition 342
tcp_ping received 1024 bytes back
Round trip time was 25.9404 milliseconds in repetition 343
tcp_ping received 1024 bytes back
Round trip time was 27.0059 milliseconds in repetition 344
tcp_ping received 1024 bytes back
Round trip time was 26.3828 milliseconds in repetition 345
tcp_ping received 1024 bytes back
Round trip time was 27.4754 milliseconds in repetition 346
tcp_ping received 1024 bytes back
Round trip time was 25.6425 milliseconds in repetition 347
tcp_ping received 1024 bytes back
Round trip time was 26.0919 milliseconds in repetition 348
tcp_ping received 1024 bytes back
Round trip time was 26.5191 milliseconds in repetition 349
tcp_ping received 1024 bytes back
Round trip time was 28.7473 milliseconds in repetition 350
tcp_ping received 1024 bytes back
Round trip time was 26.2285 milliseconds in repetition 351
tcp_ping received 1024 bytes back
Round trip time was 26.1546 milliseconds in repetition 352
tcp_ping received 1024 bytes back
Round trip time was 26.3399 milliseconds in repetition 353
tcp_ping received 1024 bytes back
Round trip time was 26.9467 milliseconds in repetition 354
tcp_ping received 1024 bytes back
Round trip time was 26.775 milliseconds in repetition 355
tcp_ping received 1024 bytes back
Round trip time was 26.3301 milliseconds in repetition 356
tcp_ping received 1024 bytes back
Round trip time was 27.8351 milliseconds in repetition 357
tcp_ping received 1024 bytes back
Round trip time was 27.2875 milliseconds in repetition 358
tcp_ping received 1024 bytes back
Round trip time was 26.8195 milliseconds in repetition 359
tcp_ping received 1024 bytes back
Round trip time was 26.2278 milliseconds in repetition 360
tcp_ping received 1024 bytes back
Round trip time was 26.5914 milliseconds in repetition 361
tcp_ping received 1024 bytes back
Round trip time was 27.3679 milliseconds in repetition 362
tcp_ping received 1024 bytes back
Round trip time was 26.3868 milliseconds in repetition 363
tcp_ping received 1024 bytes back
Round trip time was 26.3836 milliseconds in repetition 364
tcp_ping received 1024 bytes back
Round trip time was 26.313 milliseconds in repetition 365
tcp_ping received 1024 bytes back
Round trip time was 27.928 milliseconds in repetition 366
tcp_ping received 1024 bytes back
Round trip time was 27.1508 milliseconds in repetition 367
tcp_ping received 1024 bytes back
Round trip time was 26.0822 milliseconds in repetition 368
tcp_ping received 1024 bytes back
Round trip time was 27.2489 milliseconds in repetition 369
tcp_ping received 1024 bytes back
Round trip time was 26.2975 milliseconds in repetition 370
tcp_ping received 1024 bytes back
Round trip time was 26.864 milliseconds in repetition 371
tcp_ping received 1024 bytes back
Round trip time was 27.2872 milliseconds in repetition 372
tcp_ping received 1024 bytes back
Round trip time was 26.0808 milliseconds in repetition 373
tcp_ping received 1024 bytes back
Round trip time was 26.3368 milliseconds in repetition 374
tcp_ping received 1024 bytes back
Round trip time was 27.2985 milliseconds in repetition 375
tcp_ping received 1024 bytes back
Round trip time was 26.2757 milliseconds in repetition 376
tcp_ping received 1024 bytes back
Round trip time was 30.7524 milliseconds in repetition 377
tcp_ping received 1024 bytes back
Round trip time was 27.1127 milliseconds in repetition 378
tcp_ping received 1024 bytes back
Round trip time was 26.5119 milliseconds in repetition 379
tcp_ping received 1024 bytes back
Round trip time was 26.2602 milliseconds in repetition 380
tcp_ping received 1024 bytes back
Round trip time was 27.9036 milliseconds in repetition 381
tcp_ping received 1024 bytes back
Round trip time was 27.0345 milliseconds in repetition 382
tcp_ping received 1024 bytes back
Round trip time was 27.0847 milliseconds in repetition 383
tcp_ping received 1024 bytes back
Round trip time was 26.199 milliseconds in repetition 384
tcp_ping received 1024 bytes back
Round trip time was 26.0085 milliseconds in repetition 385
tcp_ping received 1024 bytes back
Round trip time was 27.8108 milliseconds in repetition 386
tcp_ping received 1024 bytes back
Round trip time was 25.9684 milliseconds in repetition 387
tcp_ping received 1024 bytes back
Round trip time was 26.3879 milliseconds in repetition 388
tcp_ping received 1024 bytes back
Round trip time was 28.2905 milliseconds in repetition 389
tcp_ping received 1024 bytes back
Round trip time was 26.1221 milliseconds in repetition 390
tcp_ping received 1024 bytes back
Round trip time was 28.2088 milliseconds in repetition 391
tcp_ping received 1024 bytes back
Round trip time was 27.3506 milliseconds in repetition 392
tcp_ping received 1024 bytes back
Round trip time was 26.1537 milliseconds in repetition 393
tcp_ping received 1024 bytes back
Round trip time was 26.444 milliseconds in repetition 394
tcp_ping received 1024 bytes back
Round trip time was 26.6043 milliseconds in repetition 395
tcp_ping received 1024 bytes back
Round trip time was 26.8423 milliseconds in repetition 396
tcp_ping received 1024 bytes back
Round trip time was 27.9756 milliseconds in repetition 397
tcp_ping received 1024 bytes back
Round trip time was 26.4134 milliseconds in repetition 398
tcp_ping received 1024 bytes back
Round trip time was 27.5357 milliseconds in repetition 399
tcp_ping received 1024 bytes back
Round trip time was 27.2128 milliseconds in repetition 400
tcp_ping received 1024 bytes back
Round trip time was 26.282 milliseconds in repetition 401
tcp_ping received 1024 bytes back
Round trip time was 26.5279 milliseconds in repetition 402
tcp_ping received 1024 bytes back
Round trip time was 26.2933 milliseconds in repetition 403
tcp_ping received 1024 bytes back
Round trip time was 26.3037 milliseconds in repetition 404
tcp_ping received 1024 bytes back
Round trip time was 27.3667 milliseconds in repetition 405
tcp_ping received 1024 bytes back
Round trip time was 26.362 milliseconds in repetition 406
tcp_ping received 1024 bytes back
Round trip time was 26.96 milliseconds in repetition 407
tcp_ping received 1024 bytes back
Round trip time was 27.8269 milliseconds in repetition 408
tcp_ping received 1024 bytes back
Round trip time was 27.4028 milliseconds in repetition 409
tcp_ping received 1024 bytes back
Round trip time was 26.4301 milliseconds in repetition 410
tcp_ping received 1024 bytes back
Round trip time was 27.2207 milliseconds in repetition 411
tcp_ping received 1024 bytes back
Round trip time was 27.304 milliseconds in repetition 412
tcp_ping received 1024 bytes back
Round trip time was 26.4077 milliseconds in repetition 413
tcp_ping received 1024 bytes back
Round trip time was 26.39 milliseconds in repetition 414
tcp_ping received 1024 bytes back
Round trip time was 26.3492 milliseconds in repetition 415
tcp_ping received 1024 bytes back
Round trip time was 28.2421 milliseconds in repetition 416
tcp_ping received 1024 bytes back
Round trip time was 27.8541 milliseconds in repetition 417
tcp_ping received 1024 bytes back
Round trip time was 29.3548 milliseconds in repetition 418
tcp_ping received 1024 bytes back
Round trip time was 30.92 milliseconds in repetition 419
tcp_ping received 1024 bytes back
Round trip time was 27.2152 milliseconds in repetition 420
tcp_ping received 1024 bytes back
Round trip time was 27.8758 milliseconds in repetition 421
tcp_ping received 1024 bytes back
Round trip time was 35.0628 milliseconds in repetition 422
tcp_ping received 1024 bytes back
Round trip time was 26.2754 milliseconds in repetition 423
tcp_ping received 1024 bytes back
Round trip time was 26.876 milliseconds in repetition 424
tcp_ping received 1024 bytes back
Round trip time was 29.1164 milliseconds in repetition 425
tcp_ping received 1024 bytes back
Round trip time was 25.7881 milliseconds in repetition 426
tcp_ping received 1024 bytes back
Round trip time was 26.1889 milliseconds in repetition 427
tcp_ping received 1024 bytes back
Round trip time was 27.8962 milliseconds in repetition 428
tcp_ping received 1024 bytes back
Round trip time was 27.4443 milliseconds in repetition 429
tcp_ping received 1024 bytes back
Round trip time was 27.238 milliseconds in repetition 430
tcp_ping received 1024 bytes back
Round trip time was 27.8694 milliseconds in repetition 431
tcp_ping received 1024 bytes back
Round trip time was 26.3291 milliseconds in repetition 432
tcp_ping received 1024 bytes back
Round trip time was 26.7899 milliseconds in repetition 433
tcp_ping received 1024 bytes back
Round trip time was 29.7932 milliseconds in repetition 434
tcp_ping received 1024 bytes back
Round trip time was 28.4964 milliseconds in repetition 435
tcp_ping received 1024 bytes back
Round trip time was 28.191 milliseconds in repetition 436
tcp_ping received 1024 bytes back
Round trip time was 26.9155 milliseconds in repetition 437
tcp_ping received 1024 bytes back
Round trip time was 27.1799 milliseconds in repetition 438
tcp_ping received 1024 bytes back
Round trip time was 26.582 milliseconds in repetition 439
tcp_ping received 1024 bytes back
Round trip time was 25.6558 milliseconds in repetition 440
tcp_ping received 1024 bytes back
Round trip time was 27.6363 milliseconds in repetition 441
tcp_ping received 1024 bytes back
Round trip time was 26.2164 milliseconds in repetition 442
tcp_ping received 1024 bytes back
Round trip time was 26.9731 milliseconds in repetition 443
tcp_ping received 1024 bytes back
Round trip time was 26.7214 milliseconds in repetition 444
tcp_ping received 1024 bytes back
Round trip time was 26.7168 milliseconds in repetition 445
tcp_ping received 1024 bytes back
Round trip time was 28.3616 milliseconds in repetition 446
tcp_ping received 1024 bytes back
Round trip time was 26.4738 milliseconds in repetition 447
tcp_ping received 1024 bytes back
Round trip time was 27.7292 milliseconds in repetition 448
tcp_ping received 1024 bytes back
Round trip time was 26.7381 milliseconds in repetition 449
tcp_ping received 1024 bytes back
Round trip time was 26.4163 milliseconds in repetition 450
tcp_ping received 1024 bytes back
Round trip time was 31.1448 milliseconds in repetition 451
tcp_ping received 1024 bytes back
Round trip time was 27.0487 milliseconds in repetition 452
tcp_ping received 1024 bytes back
Round trip time was 26.3588 milliseconds in repetition 453
tcp_ping received 1024 bytes back
Round trip time was 26.556 milliseconds in repetition 454
tcp_ping received 1024 bytes back
Round trip time was 26.729 milliseconds in repetition 455
tcp_ping received 1024 bytes back
Round trip time was 26.5798 milliseconds in repetition 456
tcp_ping received 1024 bytes back
Round trip time was 25.913 milliseconds in repetition 457
tcp_ping received 1024 bytes back
Round trip time was 26.6254 milliseconds in repetition 458
tcp_ping received 1024 bytes back
Round trip time was 26.7561 milliseconds in repetition 459
tcp_ping received 1024 bytes back
Round trip time was 27.2164 milliseconds in repetition 460
tcp_ping received 1024 bytes back
Round trip time was 39.4179 milliseconds in repetition 461
tcp_ping received 1024 bytes back
Round trip time was 27.9063 milliseconds in repetition 462
tcp_ping received 1024 bytes back
Round trip time was 25.6923 milliseconds in repetition 463
tcp_ping received 1024 bytes back
Round trip time was 25.4816 milliseconds in repetition 464
tcp_ping received 1024 bytes back
Round trip time was 27.1832 milliseconds in repetition 465
tcp_ping received 1024 bytes back
Round trip time was 28.132 milliseconds in repetition 466
tcp_ping received 1024 bytes back
Round trip time was 26.7355 milliseconds in repetition 467
tcp_ping received 1024 bytes back
Round trip time was 26.5405 milliseconds in repetition 468
tcp_ping received 1024 bytes back
Round trip time was 26.425 milliseconds in repetition 469
tcp_ping received 1024 bytes back
Round trip time was 26.9985 milliseconds in repetition 470
tcp_ping received 1024 bytes back
Round trip time was 26.4096 milliseconds in repetition 471
tcp_ping received 1024 bytes back
Round trip time was 27.0736 milliseconds in repetition 472
tcp_ping received 1024 bytes back
Round trip time was 26.4829 milliseconds in repetition 473
tcp_ping received 1024 bytes back
Round trip time was 28.7146 milliseconds in repetition 474
tcp_ping received 1024 bytes back
Round trip time was 26.6322 milliseconds in repetition 475
tcp_ping received 1024 bytes back
Round trip time was 25.7983 milliseconds in repetition 476
tcp_ping received 1024 bytes back
Round trip time was 25.948 milliseconds in repetition 477
tcp_ping received 1024 bytes back
Round trip time was 26.4981 milliseconds in repetition 478
tcp_ping received 1024 bytes back
Round trip time was 26.0435 milliseconds in repetition 479
tcp_ping received 1024 bytes back
Round trip time was 26.2022 milliseconds in repetition 480
tcp_ping received 1024 bytes back
Round trip time was 28.5664 milliseconds in repetition 481
tcp_ping received 1024 bytes back
Round trip time was 34.1505 milliseconds in repetition 482
tcp_ping received 1024 bytes back
Round trip time was 26.539 milliseconds in repetition 483
tcp_ping received 1024 bytes back
Round trip time was 26.2751 milliseconds in repetition 484
tcp_ping received 1024 bytes back
Round trip time was 26.2915 milliseconds in repetition 485
tcp_ping received 1024 bytes back
Round trip time was 26.8347 milliseconds in repetition 486
tcp_ping received 1024 bytes back
Round trip time was 27.9195 milliseconds in repetition 487
tcp_ping received 1024 bytes back
Round trip time was 28.9647 milliseconds in repetition 488
tcp_ping received 1024 bytes back
Round trip time was 26.2344 milliseconds in repetition 489
tcp_ping received 1024 bytes back
Round trip time was 26.5126 milliseconds in repetition 490
tcp_ping received 1024 bytes back
Round trip time was 26.5955 milliseconds in repetition 491
tcp_ping received 1024 bytes back
Round trip time was 26.2622 milliseconds in repetition 492
tcp_ping received 1024 bytes back
Round trip time was 26.5457 milliseconds in repetition 493
tcp_ping received 1024 bytes back
Round trip time was 29.0611 milliseconds in repetition 494
tcp_ping received 1024 bytes back
Round trip time was 26.295 milliseconds in repetition 495
tcp_ping received 1024 bytes back
Round trip time was 26.2561 milliseconds in repetition 496
tcp_ping received 1024 bytes back
Round trip time was 28.0859 milliseconds in repetition 497
tcp_ping received 1024 bytes back
Round trip time was 260.11 milliseconds in repetition 498
tcp_ping received 1024 bytes back
Round trip time was 26.2009 milliseconds in repetition 499
tcp_ping received 1024 bytes back
Round trip time was 26.1272 milliseconds in repetition 500
tcp_ping received 1024 bytes back
Round trip time was 26.6143 milliseconds in repetition 501

 ... clock resolution was 1e-06
TCP Ping:  Statistics over 501 repetitions of 1024 byte messages

RTT : percentile 10: 26.1072, median: 26.9155, percentile 90: 29.3073, average: 28.5015, variance: 225.201

RTT histogram:
25.4816 478
37.2612 20
49.0407 0
60.8203 0
72.5998 1
84.3794 0
96.1589 0
107.938 0
119.718 0
131.498 0
143.277 0
155.057 0
166.836 0
178.616 0
190.395 0
202.175 0
213.954 0
225.734 0
237.513 0
249.293 0
261.073 2

   median Throughput : 76.0899 KB/s   overall Throughput : 71.8559 KB/s

