TCP Ping trying to connect to server seti.dibris.unige.it (130.251.61.30) on port 1491

... connected to Pong server: asking for 501 repetitions of 96 bytes TCP messages
 ... Pong server agreed :-)
tcp_ping received 96 bytes back
Round trip time was 23.6461 milliseconds in repetition 1
tcp_ping received 96 bytes back
Round trip time was 22.3978 milliseconds in repetition 2
tcp_ping received 96 bytes back
Round trip time was 22.0493 milliseconds in repetition 3
tcp_ping received 96 bytes back
Round trip time was 22.3863 milliseconds in repetition 4
tcp_ping received 96 bytes back
Round trip time was 23.2089 milliseconds in repetition 5
tcp_ping received 96 bytes back
Round trip time was 35.9417 milliseconds in repetition 6
tcp_ping received 96 bytes back
Round trip time was 22.5524 milliseconds in repetition 7
tcp_ping received 96 bytes back
Round trip time was 21.977 milliseconds in repetition 8
tcp_ping received 96 bytes back
Round trip time was 23.7902 milliseconds in repetition 9
tcp_ping received 96 bytes back
Round trip time was 24.3299 milliseconds in repetition 10
tcp_ping received 96 bytes back
Round trip time was 22.9195 milliseconds in repetition 11
tcp_ping received 96 bytes back
Round trip time was 22.5586 milliseconds in repetition 12
tcp_ping received 96 bytes back
Round trip time was 23.691 milliseconds in repetition 13
tcp_ping received 96 bytes back
Round trip time was 22.3372 milliseconds in repetition 14
tcp_ping received 96 bytes back
Round trip time was 22.4209 milliseconds in repetition 15
tcp_ping received 96 bytes back
Round trip time was 23.7089 milliseconds in repetition 16
tcp_ping received 96 bytes back
Round trip time was 22.8003 milliseconds in repetition 17
tcp_ping received 96 bytes back
Round trip time was 23.0455 milliseconds in repetition 18
tcp_ping received 96 bytes back
Round trip time was 24.6063 milliseconds in repetition 19
tcp_ping received 96 bytes back
Round trip time was 22.0236 milliseconds in repetition 20
tcp_ping received 96 bytes back
Round trip time was 24.736 milliseconds in repetition 21
tcp_ping received 96 bytes back
Round trip time was 22.4368 milliseconds in repetition 22
tcp_ping received 96 bytes back
Round trip time was 23.3868 milliseconds in repetition 23
tcp_ping received 96 bytes back
Round trip time was 22.7446 milliseconds in repetition 24
tcp_ping received 96 bytes back
Round trip time was 24.0333 milliseconds in repetition 25
tcp_ping received 96 bytes back
Round trip time was 22.2337 milliseconds in repetition 26
tcp_ping received 96 bytes back
Round trip time was 22.5811 milliseconds in repetition 27
tcp_ping received 96 bytes back
Round trip time was 22.7041 milliseconds in repetition 28
tcp_ping received 96 bytes back
Round trip time was 22.7386 milliseconds in repetition 29
tcp_ping received 96 bytes back
Round trip time was 23.8492 milliseconds in repetition 30
tcp_ping received 96 bytes back
Round trip time was 21.972 milliseconds in repetition 31
tcp_ping received 96 bytes back
Round trip time was 22.0058 milliseconds in repetition 32
tcp_ping received 96 bytes back
Round trip time was 23.3882 milliseconds in repetition 33
tcp_ping received 96 bytes back
Round trip time was 23.3063 milliseconds in repetition 34
tcp_ping received 96 bytes back
Round trip time was 22.4269 milliseconds in repetition 35
tcp_ping received 96 bytes back
Round trip time was 22.4751 milliseconds in repetition 36
tcp_ping received 96 bytes back
Round trip time was 21.8245 milliseconds in repetition 37
tcp_ping received 96 bytes back
Round trip time was 20.9965 milliseconds in repetition 38
tcp_ping received 96 bytes back
Round trip time was 23.2129 milliseconds in repetition 39
tcp_ping received 96 bytes back
Round trip time was 21.2673 milliseconds in repetition 40
tcp_ping received 96 bytes back
Round trip time was 21.3362 milliseconds in repetition 41
tcp_ping received 96 bytes back
Round trip time was 21.6375 milliseconds in repetition 42
tcp_ping received 96 bytes back
Round trip time was 23.42 milliseconds in repetition 43
tcp_ping received 96 bytes back
Round trip time was 22.1989 milliseconds in repetition 44
tcp_ping received 96 bytes back
Round trip time was 21.5553 milliseconds in repetition 45
tcp_ping received 96 bytes back
Round trip time was 21.7903 milliseconds in repetition 46
tcp_ping received 96 bytes back
Round trip time was 22.3136 milliseconds in repetition 47
tcp_ping received 96 bytes back
Round trip time was 22.5606 milliseconds in repetition 48
tcp_ping received 96 bytes back
Round trip time was 23.5636 milliseconds in repetition 49
tcp_ping received 96 bytes back
Round trip time was 22.0529 milliseconds in repetition 50
tcp_ping received 96 bytes back
Round trip time was 21.2658 milliseconds in repetition 51
tcp_ping received 96 bytes back
Round trip time was 21.7312 milliseconds in repetition 52
tcp_ping received 96 bytes back
Round trip time was 21.7748 milliseconds in repetition 53
tcp_ping received 96 bytes back
Round trip time was 21.7963 milliseconds in repetition 54
tcp_ping received 96 bytes back
Round trip time was 22.7116 milliseconds in repetition 55
tcp_ping received 96 bytes back
Round trip time was 21.7151 milliseconds in repetition 56
tcp_ping received 96 bytes back
Round trip time was 23.5201 milliseconds in repetition 57
tcp_ping received 96 bytes back
Round trip time was 22.8999 milliseconds in repetition 58
tcp_ping received 96 bytes back
Round trip time was 25.4776 milliseconds in repetition 59
tcp_ping received 96 bytes back
Round trip time was 26.4058 milliseconds in repetition 60
tcp_ping received 96 bytes back
Round trip time was 22.5885 milliseconds in repetition 61
tcp_ping received 96 bytes back
Round trip time was 22.5081 milliseconds in repetition 62
tcp_ping received 96 bytes back
Round trip time was 22.1669 milliseconds in repetition 63
tcp_ping received 96 bytes back
Round trip time was 24.6787 milliseconds in repetition 64
tcp_ping received 96 bytes back
Round trip time was 21.3867 milliseconds in repetition 65
tcp_ping received 96 bytes back
Round trip time was 22.2481 milliseconds in repetition 66
tcp_ping received 96 bytes back
Round trip time was 22.0963 milliseconds in repetition 67
tcp_ping received 96 bytes back
Round trip time was 22.1582 milliseconds in repetition 68
tcp_ping received 96 bytes back
Round trip time was 22.7896 milliseconds in repetition 69
tcp_ping received 96 bytes back
Round trip time was 22.0781 milliseconds in repetition 70
tcp_ping received 96 bytes back
Round trip time was 21.7249 milliseconds in repetition 71
tcp_ping received 96 bytes back
Round trip time was 21.3738 milliseconds in repetition 72
tcp_ping received 96 bytes back
Round trip time was 23.0217 milliseconds in repetition 73
tcp_ping received 96 bytes back
Round trip time was 22.4861 milliseconds in repetition 74
tcp_ping received 96 bytes back
Round trip time was 21.9386 milliseconds in repetition 75
tcp_ping received 96 bytes back
Round trip time was 22.0987 milliseconds in repetition 76
tcp_ping received 96 bytes back
Round trip time was 21.2534 milliseconds in repetition 77
tcp_ping received 96 bytes back
Round trip time was 22.919 milliseconds in repetition 78
tcp_ping received 96 bytes back
Round trip time was 23.4262 milliseconds in repetition 79
tcp_ping received 96 bytes back
Round trip time was 21.2855 milliseconds in repetition 80
tcp_ping received 96 bytes back
Round trip time was 22.4525 milliseconds in repetition 81
tcp_ping received 96 bytes back
Round trip time was 21.5762 milliseconds in repetition 82
tcp_ping received 96 bytes back
Round trip time was 22.8783 milliseconds in repetition 83
tcp_ping received 96 bytes back
Round trip time was 21.6337 milliseconds in repetition 84
tcp_ping received 96 bytes back
Round trip time was 22.1826 milliseconds in repetition 85
tcp_ping received 96 bytes back
Round trip time was 24.0413 milliseconds in repetition 86
tcp_ping received 96 bytes back
Round trip time was 20.9569 milliseconds in repetition 87
tcp_ping received 96 bytes back
Round trip time was 22.8038 milliseconds in repetition 88
tcp_ping received 96 bytes back
Round trip time was 21.6995 milliseconds in repetition 89
tcp_ping received 96 bytes back
Round trip time was 21.5144 milliseconds in repetition 90
tcp_ping received 96 bytes back
Round trip time was 22.2256 milliseconds in repetition 91
tcp_ping received 96 bytes back
Round trip time was 20.7948 milliseconds in repetition 92
tcp_ping received 96 bytes back
Round trip time was 21.0914 milliseconds in repetition 93
tcp_ping received 96 bytes back
Round trip time was 20.8489 milliseconds in repetition 94
tcp_ping received 96 bytes back
Round trip time was 21.9994 milliseconds in repetition 95
tcp_ping received 96 bytes back
Round trip time was 22.599 milliseconds in repetition 96
tcp_ping received 96 bytes back
Round trip time was 21.6944 milliseconds in repetition 97
tcp_ping received 96 bytes back
Round trip time was 22.5359 milliseconds in repetition 98
tcp_ping received 96 bytes back
Round trip time was 21.3346 milliseconds in repetition 99
tcp_ping received 96 bytes back
Round trip time was 21.7781 milliseconds in repetition 100
tcp_ping received 96 bytes back
Round trip time was 22.2344 milliseconds in repetition 101
tcp_ping received 96 bytes back
Round trip time was 21.8571 milliseconds in repetition 102
tcp_ping received 96 bytes back
Round trip time was 22.4161 milliseconds in repetition 103
tcp_ping received 96 bytes back
Round trip time was 21.7261 milliseconds in repetition 104
tcp_ping received 96 bytes back
Round trip time was 21.565 milliseconds in repetition 105
tcp_ping received 96 bytes back
Round trip time was 25.787 milliseconds in repetition 106
tcp_ping received 96 bytes back
Round trip time was 21.8162 milliseconds in repetition 107
tcp_ping received 96 bytes back
Round trip time was 21.7174 milliseconds in repetition 108
tcp_ping received 96 bytes back
Round trip time was 21.5333 milliseconds in repetition 109
tcp_ping received 96 bytes back
Round trip time was 22.381 milliseconds in repetition 110
tcp_ping received 96 bytes back
Round trip time was 23.0892 milliseconds in repetition 111
tcp_ping received 96 bytes back
Round trip time was 22.5776 milliseconds in repetition 112
tcp_ping received 96 bytes back
Round trip time was 23.7333 milliseconds in repetition 113
tcp_ping received 96 bytes back
Round trip time was 23.2022 milliseconds in repetition 114
tcp_ping received 96 bytes back
Round trip time was 22.9831 milliseconds in repetition 115
tcp_ping received 96 bytes back
Round trip time was 21.6304 milliseconds in repetition 116
tcp_ping received 96 bytes back
Round trip time was 22.9972 milliseconds in repetition 117
tcp_ping received 96 bytes back
Round trip time was 22.8044 milliseconds in repetition 118
tcp_ping received 96 bytes back
Round trip time was 20.9565 milliseconds in repetition 119
tcp_ping received 96 bytes back
Round trip time was 21.5001 milliseconds in repetition 120
tcp_ping received 96 bytes back
Round trip time was 21.8818 milliseconds in repetition 121
tcp_ping received 96 bytes back
Round trip time was 22.1888 milliseconds in repetition 122
tcp_ping received 96 bytes back
Round trip time was 26.4024 milliseconds in repetition 123
tcp_ping received 96 bytes back
Round trip time was 25.2814 milliseconds in repetition 124
tcp_ping received 96 bytes back
Round trip time was 25.9504 milliseconds in repetition 125
tcp_ping received 96 bytes back
Round trip time was 24.9509 milliseconds in repetition 126
tcp_ping received 96 bytes back
Round trip time was 22.6576 milliseconds in repetition 127
tcp_ping received 96 bytes back
Round trip time was 25.8485 milliseconds in repetition 128
tcp_ping received 96 bytes back
Round trip time was 21.7247 milliseconds in repetition 129
tcp_ping received 96 bytes back
Round trip time was 23.138 milliseconds in repetition 130
tcp_ping received 96 bytes back
Round trip time was 21.4892 milliseconds in repetition 131
tcp_ping received 96 bytes back
Round trip time was 21.779 milliseconds in repetition 132
tcp_ping received 96 bytes back
Round trip time was 21.495 milliseconds in repetition 133
tcp_ping received 96 bytes back
Round trip time was 21.6261 milliseconds in repetition 134
tcp_ping received 96 bytes back
Round trip time was 22.4126 milliseconds in repetition 135
tcp_ping received 96 bytes back
Round trip time was 36.7932 milliseconds in repetition 136
tcp_ping received 96 bytes back
Round trip time was 35.3661 milliseconds in repetition 137
tcp_ping received 96 bytes back
Round trip time was 41.0013 milliseconds in repetition 138
tcp_ping received 96 bytes back
Round trip time was 25.5831 milliseconds in repetition 139
tcp_ping received 96 bytes back
Round trip time was 21.4052 milliseconds in repetition 140
tcp_ping received 96 bytes back
Round trip time was 23.2207 milliseconds in repetition 141
tcp_ping received 96 bytes back
Round trip time was 21.9863 milliseconds in repetition 142
tcp_ping received 96 bytes back
Round trip time was 21.478 milliseconds in repetition 143
tcp_ping received 96 bytes back
Round trip time was 23.6817 milliseconds in repetition 144
tcp_ping received 96 bytes back
Round trip time was 23.9687 milliseconds in repetition 145
tcp_ping received 96 bytes back
Round trip time was 21.1423 milliseconds in repetition 146
tcp_ping received 96 bytes back
Round trip time was 21.9965 milliseconds in repetition 147
tcp_ping received 96 bytes back
Round trip time was 21.5049 milliseconds in repetition 148
tcp_ping received 96 bytes back
Round trip time was 22.1949 milliseconds in repetition 149
tcp_ping received 96 bytes back
Round trip time was 21.4778 milliseconds in repetition 150
tcp_ping received 96 bytes back
Round trip time was 21.5358 milliseconds in repetition 151
tcp_ping received 96 bytes back
Round trip time was 24.0039 milliseconds in repetition 152
tcp_ping received 96 bytes back
Round trip time was 26.0066 milliseconds in repetition 153
tcp_ping received 96 bytes back
Round trip time was 23.1721 milliseconds in repetition 154
tcp_ping received 96 bytes back
Round trip time was 37.0573 milliseconds in repetition 155
tcp_ping received 96 bytes back
Round trip time was 23.5876 milliseconds in repetition 156
tcp_ping received 96 bytes back
Round trip time was 23.2221 milliseconds in repetition 157
tcp_ping received 96 bytes back
Round trip time was 25.4324 milliseconds in repetition 158
tcp_ping received 96 bytes back
Round trip time was 21.3815 milliseconds in repetition 159
tcp_ping received 96 bytes back
Round trip time was 22.1834 milliseconds in repetition 160
tcp_ping received 96 bytes back
Round trip time was 22.3045 milliseconds in repetition 161
tcp_ping received 96 bytes back
Round trip time was 21.4106 milliseconds in repetition 162
tcp_ping received 96 bytes back
Round trip time was 22.1759 milliseconds in repetition 163
tcp_ping received 96 bytes back
Round trip time was 21.9581 milliseconds in repetition 164
tcp_ping received 96 bytes back
Round trip time was 21.8031 milliseconds in repetition 165
tcp_ping received 96 bytes back
Round trip time was 21.8778 milliseconds in repetition 166
tcp_ping received 96 bytes back
Round trip time was 21.5544 milliseconds in repetition 167
tcp_ping received 96 bytes back
Round trip time was 21.3894 milliseconds in repetition 168
tcp_ping received 96 bytes back
Round trip time was 20.9421 milliseconds in repetition 169
tcp_ping received 96 bytes back
Round trip time was 23.3065 milliseconds in repetition 170
tcp_ping received 96 bytes back
Round trip time was 23.1892 milliseconds in repetition 171
tcp_ping received 96 bytes back
Round trip time was 20.9985 milliseconds in repetition 172
tcp_ping received 96 bytes back
Round trip time was 21.5554 milliseconds in repetition 173
tcp_ping received 96 bytes back
Round trip time was 22.4208 milliseconds in repetition 174
tcp_ping received 96 bytes back
Round trip time was 23.0997 milliseconds in repetition 175
tcp_ping received 96 bytes back
Round trip time was 21.8093 milliseconds in repetition 176
tcp_ping received 96 bytes back
Round trip time was 22.074 milliseconds in repetition 177
tcp_ping received 96 bytes back
Round trip time was 22.2673 milliseconds in repetition 178
tcp_ping received 96 bytes back
Round trip time was 22.1248 milliseconds in repetition 179
tcp_ping received 96 bytes back
Round trip time was 22.2992 milliseconds in repetition 180
tcp_ping received 96 bytes back
Round trip time was 22.0341 milliseconds in repetition 181
tcp_ping received 96 bytes back
Round trip time was 22.3135 milliseconds in repetition 182
tcp_ping received 96 bytes back
Round trip time was 21.8206 milliseconds in repetition 183
tcp_ping received 96 bytes back
Round trip time was 20.6481 milliseconds in repetition 184
tcp_ping received 96 bytes back
Round trip time was 21.4578 milliseconds in repetition 185
tcp_ping received 96 bytes back
Round trip time was 21.058 milliseconds in repetition 186
tcp_ping received 96 bytes back
Round trip time was 21.7621 milliseconds in repetition 187
tcp_ping received 96 bytes back
Round trip time was 21.7675 milliseconds in repetition 188
tcp_ping received 96 bytes back
Round trip time was 23.358 milliseconds in repetition 189
tcp_ping received 96 bytes back
Round trip time was 21.8205 milliseconds in repetition 190
tcp_ping received 96 bytes back
Round trip time was 21.29 milliseconds in repetition 191
tcp_ping received 96 bytes back
Round trip time was 22.8903 milliseconds in repetition 192
tcp_ping received 96 bytes back
Round trip time was 21.44 milliseconds in repetition 193
tcp_ping received 96 bytes back
Round trip time was 22.0675 milliseconds in repetition 194
tcp_ping received 96 bytes back
Round trip time was 21.8235 milliseconds in repetition 195
tcp_ping received 96 bytes back
Round trip time was 21.8598 milliseconds in repetition 196
tcp_ping received 96 bytes back
Round trip time was 21.9625 milliseconds in repetition 197
tcp_ping received 96 bytes back
Round trip time was 22.0643 milliseconds in repetition 198
tcp_ping received 96 bytes back
Round trip time was 23.0354 milliseconds in repetition 199
tcp_ping received 96 bytes back
Round trip time was 21.7696 milliseconds in repetition 200
tcp_ping received 96 bytes back
Round trip time was 21.7594 milliseconds in repetition 201
tcp_ping received 96 bytes back
Round trip time was 22.4264 milliseconds in repetition 202
tcp_ping received 96 bytes back
Round trip time was 22.084 milliseconds in repetition 203
tcp_ping received 96 bytes back
Round trip time was 21.4629 milliseconds in repetition 204
tcp_ping received 96 bytes back
Round trip time was 21.6218 milliseconds in repetition 205
tcp_ping received 96 bytes back
Round trip time was 23.434 milliseconds in repetition 206
tcp_ping received 96 bytes back
Round trip time was 21.7987 milliseconds in repetition 207
tcp_ping received 96 bytes back
Round trip time was 22.7255 milliseconds in repetition 208
tcp_ping received 96 bytes back
Round trip time was 25.6373 milliseconds in repetition 209
tcp_ping received 96 bytes back
Round trip time was 24.0246 milliseconds in repetition 210
tcp_ping received 96 bytes back
Round trip time was 22.343 milliseconds in repetition 211
tcp_ping received 96 bytes back
Round trip time was 22.2982 milliseconds in repetition 212
tcp_ping received 96 bytes back
Round trip time was 22.0607 milliseconds in repetition 213
tcp_ping received 96 bytes back
Round trip time was 23.6262 milliseconds in repetition 214
tcp_ping received 96 bytes back
Round trip time was 21.5234 milliseconds in repetition 215
tcp_ping received 96 bytes back
Round trip time was 23.1417 milliseconds in repetition 216
tcp_ping received 96 bytes back
Round trip time was 21.6147 milliseconds in repetition 217
tcp_ping received 96 bytes back
Round trip time was 21.0498 milliseconds in repetition 218
tcp_ping received 96 bytes back
Round trip time was 22.7284 milliseconds in repetition 219
tcp_ping received 96 bytes back
Round trip time was 21.7833 milliseconds in repetition 220
tcp_ping received 96 bytes back
Round trip time was 22.0803 milliseconds in repetition 221
tcp_ping received 96 bytes back
Round trip time was 23.2369 milliseconds in repetition 222
tcp_ping received 96 bytes back
Round trip time was 25.7226 milliseconds in repetition 223
tcp_ping received 96 bytes back
Round trip time was 22.5011 milliseconds in repetition 224
tcp_ping received 96 bytes back
Round trip time was 25.9942 milliseconds in repetition 225
tcp_ping received 96 bytes back
Round trip time was 27.7391 milliseconds in repetition 226
tcp_ping received 96 bytes back
Round trip time was 21.185 milliseconds in repetition 227
tcp_ping received 96 bytes back
Round trip time was 21.4347 milliseconds in repetition 228
tcp_ping received 96 bytes back
Round trip time was 20.9443 milliseconds in repetition 229
tcp_ping received 96 bytes back
Round trip time was 22.0321 milliseconds in repetition 230
tcp_ping received 96 bytes back
Round trip time was 21.6976 milliseconds in repetition 231
tcp_ping received 96 bytes back
Round trip time was 22.3244 milliseconds in repetition 232
tcp_ping received 96 bytes back
Round trip time was 21.9117 milliseconds in repetition 233
tcp_ping received 96 bytes back
Round trip time was 22.2356 milliseconds in repetition 234
tcp_ping received 96 bytes back
Round trip time was 23.8517 milliseconds in repetition 235
tcp_ping received 96 bytes back
Round trip time was 21.4081 milliseconds in repetition 236
tcp_ping received 96 bytes back
Round trip time was 21.3346 milliseconds in repetition 237
tcp_ping received 96 bytes back
Round trip time was 22.4515 milliseconds in repetition 238
tcp_ping received 96 bytes back
Round trip time was 29.0285 milliseconds in repetition 239
tcp_ping received 96 bytes back
Round trip time was 21.8081 milliseconds in repetition 240
tcp_ping received 96 bytes back
Round trip time was 21.3886 milliseconds in repetition 241
tcp_ping received 96 bytes back
Round trip time was 21.8976 milliseconds in repetition 242
tcp_ping received 96 bytes back
Round trip time was 21.5323 milliseconds in repetition 243
tcp_ping received 96 bytes back
Round trip time was 22.1212 milliseconds in repetition 244
tcp_ping received 96 bytes back
Round trip time was 22.7925 milliseconds in repetition 245
tcp_ping received 96 bytes back
Round trip time was 22.1474 milliseconds in repetition 246
tcp_ping received 96 bytes back
Round trip time was 21.7888 milliseconds in repetition 247
tcp_ping received 96 bytes back
Round trip time was 21.3152 milliseconds in repetition 248
tcp_ping received 96 bytes back
Round trip time was 26.1133 milliseconds in repetition 249
tcp_ping received 96 bytes back
Round trip time was 22.098 milliseconds in repetition 250
tcp_ping received 96 bytes back
Round trip time was 21.5348 milliseconds in repetition 251
tcp_ping received 96 bytes back
Round trip time was 22.3317 milliseconds in repetition 252
tcp_ping received 96 bytes back
Round trip time was 21.6588 milliseconds in repetition 253
tcp_ping received 96 bytes back
Round trip time was 21.1835 milliseconds in repetition 254
tcp_ping received 96 bytes back
Round trip time was 21.5152 milliseconds in repetition 255
tcp_ping received 96 bytes back
Round trip time was 22.0044 milliseconds in repetition 256
tcp_ping received 96 bytes back
Round trip time was 23.396 milliseconds in repetition 257
tcp_ping received 96 bytes back
Round trip time was 22.0913 milliseconds in repetition 258
tcp_ping received 96 bytes back
Round trip time was 21.7209 milliseconds in repetition 259
tcp_ping received 96 bytes back
Round trip time was 22.5139 milliseconds in repetition 260
tcp_ping received 96 bytes back
Round trip time was 22.6618 milliseconds in repetition 261
tcp_ping received 96 bytes back
Round trip time was 21.8691 milliseconds in repetition 262
tcp_ping received 96 bytes back
Round trip time was 21.7798 milliseconds in repetition 263
tcp_ping received 96 bytes back
Round trip time was 21.4447 milliseconds in repetition 264
tcp_ping received 96 bytes back
Round trip time was 21.8219 milliseconds in repetition 265
tcp_ping received 96 bytes back
Round trip time was 22.0643 milliseconds in repetition 266
tcp_ping received 96 bytes back
Round trip time was 24.1082 milliseconds in repetition 267
tcp_ping received 96 bytes back
Round trip time was 21.7515 milliseconds in repetition 268
tcp_ping received 96 bytes back
Round trip time was 21.3982 milliseconds in repetition 269
tcp_ping received 96 bytes back
Round trip time was 21.2446 milliseconds in repetition 270
tcp_ping received 96 bytes back
Round trip time was 21.7187 milliseconds in repetition 271
tcp_ping received 96 bytes back
Round trip time was 21.4634 milliseconds in repetition 272
tcp_ping received 96 bytes back
Round trip time was 22.2842 milliseconds in repetition 273
tcp_ping received 96 bytes back
Round trip time was 21.3397 milliseconds in repetition 274
tcp_ping received 96 bytes back
Round trip time was 22.8073 milliseconds in repetition 275
tcp_ping received 96 bytes back
Round trip time was 21.2955 milliseconds in repetition 276
tcp_ping received 96 bytes back
Round trip time was 21.0374 milliseconds in repetition 277
tcp_ping received 96 bytes back
Round trip time was 23.155 milliseconds in repetition 278
tcp_ping received 96 bytes back
Round trip time was 23.8453 milliseconds in repetition 279
tcp_ping received 96 bytes back
Round trip time was 23.5116 milliseconds in repetition 280
tcp_ping received 96 bytes back
Round trip time was 23.166 milliseconds in repetition 281
tcp_ping received 96 bytes back
Round trip time was 21.4583 milliseconds in repetition 282
tcp_ping received 96 bytes back
Round trip time was 24.0314 milliseconds in repetition 283
tcp_ping received 96 bytes back
Round trip time was 31.843 milliseconds in repetition 284
tcp_ping received 96 bytes back
Round trip time was 21.7955 milliseconds in repetition 285
tcp_ping received 96 bytes back
Round trip time was 21.7267 milliseconds in repetition 286
tcp_ping received 96 bytes back
Round trip time was 21.3077 milliseconds in repetition 287
tcp_ping received 96 bytes back
Round trip time was 21.0894 milliseconds in repetition 288
tcp_ping received 96 bytes back
Round trip time was 21.6148 milliseconds in repetition 289
tcp_ping received 96 bytes back
Round trip time was 22.4763 milliseconds in repetition 290
tcp_ping received 96 bytes back
Round trip time was 25.5621 milliseconds in repetition 291
tcp_ping received 96 bytes back
Round trip time was 23.6386 milliseconds in repetition 292
tcp_ping received 96 bytes back
Round trip time was 22.6552 milliseconds in repetition 293
tcp_ping received 96 bytes back
Round trip time was 22.7786 milliseconds in repetition 294
tcp_ping received 96 bytes back
Round trip time was 22.3172 milliseconds in repetition 295
tcp_ping received 96 bytes back
Round trip time was 24.06 milliseconds in repetition 296
tcp_ping received 96 bytes back
Round trip time was 22.9623 milliseconds in repetition 297
tcp_ping received 96 bytes back
Round trip time was 23.8017 milliseconds in repetition 298
tcp_ping received 96 bytes back
Round trip time was 21.6304 milliseconds in repetition 299
tcp_ping received 96 bytes back
Round trip time was 22.8897 milliseconds in repetition 300
tcp_ping received 96 bytes back
Round trip time was 22.9535 milliseconds in repetition 301
tcp_ping received 96 bytes back
Round trip time was 21.3405 milliseconds in repetition 302
tcp_ping received 96 bytes back
Round trip time was 22.7334 milliseconds in repetition 303
tcp_ping received 96 bytes back
Round trip time was 22.3528 milliseconds in repetition 304
tcp_ping received 96 bytes back
Round trip time was 22.1381 milliseconds in repetition 305
tcp_ping received 96 bytes back
Round trip time was 21.5973 milliseconds in repetition 306
tcp_ping received 96 bytes back
Round trip time was 22.6943 milliseconds in repetition 307
tcp_ping received 96 bytes back
Round trip time was 21.8419 milliseconds in repetition 308
tcp_ping received 96 bytes back
Round trip time was 21.4265 milliseconds in repetition 309
tcp_ping received 96 bytes back
Round trip time was 23.2156 milliseconds in repetition 310
tcp_ping received 96 bytes back
Round trip time was 23.5189 milliseconds in repetition 311
tcp_ping received 96 bytes back
Round trip time was 22.6875 milliseconds in repetition 312
tcp_ping received 96 bytes back
Round trip time was 24.1925 milliseconds in repetition 313
tcp_ping received 96 bytes back
Round trip time was 23.2855 milliseconds in repetition 314
tcp_ping received 96 bytes back
Round trip time was 23.2895 milliseconds in repetition 315
tcp_ping received 96 bytes back
Round trip time was 21.6429 milliseconds in repetition 316
tcp_ping received 96 bytes back
Round trip time was 21.5635 milliseconds in repetition 317
tcp_ping received 96 bytes back
Round trip time was 21.9207 milliseconds in repetition 318
tcp_ping received 96 bytes back
Round trip time was 21.579 milliseconds in repetition 319
tcp_ping received 96 bytes back
Round trip time was 21.647 milliseconds in repetition 320
tcp_ping received 96 bytes back
Round trip time was 21.5901 milliseconds in repetition 321
tcp_ping received 96 bytes back
Round trip time was 21.7682 milliseconds in repetition 322
tcp_ping received 96 bytes back
Round trip time was 25.7571 milliseconds in repetition 323
tcp_ping received 96 bytes back
Round trip time was 22.0314 milliseconds in repetition 324
tcp_ping received 96 bytes back
Round trip time was 21.3242 milliseconds in repetition 325
tcp_ping received 96 bytes back
Round trip time was 21.5469 milliseconds in repetition 326
tcp_ping received 96 bytes back
Round trip time was 22.0011 milliseconds in repetition 327
tcp_ping received 96 bytes back
Round trip time was 26.9092 milliseconds in repetition 328
tcp_ping received 96 bytes back
Round trip time was 22.4062 milliseconds in repetition 329
tcp_ping received 96 bytes back
Round trip time was 21.9473 milliseconds in repetition 330
tcp_ping received 96 bytes back
Round trip time was 21.2666 milliseconds in repetition 331
tcp_ping received 96 bytes back
Round trip time was 21.2782 milliseconds in repetition 332
tcp_ping received 96 bytes back
Round trip time was 22.7294 milliseconds in repetition 333
tcp_ping received 96 bytes back
Round trip time was 21.6404 milliseconds in repetition 334
tcp_ping received 96 bytes back
Round trip time was 22.1447 milliseconds in repetition 335
tcp_ping received 96 bytes back
Round trip time was 23.1484 milliseconds in repetition 336
tcp_ping received 96 bytes back
Round trip time was 23.0891 milliseconds in repetition 337
tcp_ping received 96 bytes back
Round trip time was 22.0689 milliseconds in repetition 338
tcp_ping received 96 bytes back
Round trip time was 24.7379 milliseconds in repetition 339
tcp_ping received 96 bytes back
Round trip time was 22.5689 milliseconds in repetition 340
tcp_ping received 96 bytes back
Round trip time was 22.0318 milliseconds in repetition 341
tcp_ping received 96 bytes back
Round trip time was 21.8755 milliseconds in repetition 342
tcp_ping received 96 bytes back
Round trip time was 21.5894 milliseconds in repetition 343
tcp_ping received 96 bytes back
Round trip time was 21.6698 milliseconds in repetition 344
tcp_ping received 96 bytes back
Round trip time was 22.1436 milliseconds in repetition 345
tcp_ping received 96 bytes back
Round trip time was 21.3676 milliseconds in repetition 346
tcp_ping received 96 bytes back
Round trip time was 23.7581 milliseconds in repetition 347
tcp_ping received 96 bytes back
Round trip time was 22.4994 milliseconds in repetition 348
tcp_ping received 96 bytes back
Round trip time was 22.5191 milliseconds in repetition 349
tcp_ping received 96 bytes back
Round trip time was 22.8834 milliseconds in repetition 350
tcp_ping received 96 bytes back
Round trip time was 22.2952 milliseconds in repetition 351
tcp_ping received 96 bytes back
Round trip time was 23.5664 milliseconds in repetition 352
tcp_ping received 96 bytes back
Round trip time was 21.0812 milliseconds in repetition 353
tcp_ping received 96 bytes back
Round trip time was 21.7235 milliseconds in repetition 354
tcp_ping received 96 bytes back
Round trip time was 21.8084 milliseconds in repetition 355
tcp_ping received 96 bytes back
Round trip time was 21.8256 milliseconds in repetition 356
tcp_ping received 96 bytes back
Round trip time was 23.6894 milliseconds in repetition 357
tcp_ping received 96 bytes back
Round trip time was 21.0053 milliseconds in repetition 358
tcp_ping received 96 bytes back
Round trip time was 22.5428 milliseconds in repetition 359
tcp_ping received 96 bytes back
Round trip time was 23.2375 milliseconds in repetition 360
tcp_ping received 96 bytes back
Round trip time was 21.7177 milliseconds in repetition 361
tcp_ping received 96 bytes back
Round trip time was 22.1718 milliseconds in repetition 362
tcp_ping received 96 bytes back
Round trip time was 21.9362 milliseconds in repetition 363
tcp_ping received 96 bytes back
Round trip time was 21.8901 milliseconds in repetition 364
tcp_ping received 96 bytes back
Round trip time was 21.2665 milliseconds in repetition 365
tcp_ping received 96 bytes back
Round trip time was 21.7965 milliseconds in repetition 366
tcp_ping received 96 bytes back
Round trip time was 22.57 milliseconds in repetition 367
tcp_ping received 96 bytes back
Round trip time was 24.2369 milliseconds in repetition 368
tcp_ping received 96 bytes back
Round trip time was 22.0097 milliseconds in repetition 369
tcp_ping received 96 bytes back
Round trip time was 21.1981 milliseconds in repetition 370
tcp_ping received 96 bytes back
Round trip time was 22.7957 milliseconds in repetition 371
tcp_ping received 96 bytes back
Round trip time was 21.9429 milliseconds in repetition 372
tcp_ping received 96 bytes back
Round trip time was 21.6509 milliseconds in repetition 373
tcp_ping received 96 bytes back
Round trip time was 21.2203 milliseconds in repetition 374
tcp_ping received 96 bytes back
Round trip time was 21.5257 milliseconds in repetition 375
tcp_ping received 96 bytes back
Round trip time was 20.9376 milliseconds in repetition 376
tcp_ping received 96 bytes back
Round trip time was 21.4173 milliseconds in repetition 377
tcp_ping received 96 bytes back
Round trip time was 22.3332 milliseconds in repetition 378
tcp_ping received 96 bytes back
Round trip time was 21.64 milliseconds in repetition 379
tcp_ping received 96 bytes back
Round trip time was 21.5734 milliseconds in repetition 380
tcp_ping received 96 bytes back
Round trip time was 21.2426 milliseconds in repetition 381
tcp_ping received 96 bytes back
Round trip time was 21.41 milliseconds in repetition 382
tcp_ping received 96 bytes back
Round trip time was 21.2301 milliseconds in repetition 383
tcp_ping received 96 bytes back
Round trip time was 21.2235 milliseconds in repetition 384
tcp_ping received 96 bytes back
Round trip time was 22.2321 milliseconds in repetition 385
tcp_ping received 96 bytes back
Round trip time was 20.9078 milliseconds in repetition 386
tcp_ping received 96 bytes back
Round trip time was 21.9764 milliseconds in repetition 387
tcp_ping received 96 bytes back
Round trip time was 23.3537 milliseconds in repetition 388
tcp_ping received 96 bytes back
Round trip time was 27.8859 milliseconds in repetition 389
tcp_ping received 96 bytes back
Round trip time was 23.0783 milliseconds in repetition 390
tcp_ping received 96 bytes back
Round trip time was 21.2115 milliseconds in repetition 391
tcp_ping received 96 bytes back
Round trip time was 21.2533 milliseconds in repetition 392
tcp_ping received 96 bytes back
Round trip time was 21.5021 milliseconds in repetition 393
tcp_ping received 96 bytes back
Round trip time was 21.484 milliseconds in repetition 394
tcp_ping received 96 bytes back
Round trip time was 21.1386 milliseconds in repetition 395
tcp_ping received 96 bytes back
Round trip time was 21.9521 milliseconds in repetition 396
tcp_ping received 96 bytes back
Round trip time was 22.0875 milliseconds in repetition 397
tcp_ping received 96 bytes back
Round trip time was 21.8892 milliseconds in repetition 398
tcp_ping received 96 bytes back
Round trip time was 21.634 milliseconds in repetition 399
tcp_ping received 96 bytes back
Round trip time was 21.4296 milliseconds in repetition 400
tcp_ping received 96 bytes back
Round trip time was 21.6497 milliseconds in repetition 401
tcp_ping received 96 bytes back
Round trip time was 23.139 milliseconds in repetition 402
tcp_ping received 96 bytes back
Round trip time was 23.4165 milliseconds in repetition 403
tcp_ping received 96 bytes back
Round trip time was 21.9223 milliseconds in repetition 404
tcp_ping received 96 bytes back
Round trip time was 22.9231 milliseconds in repetition 405
tcp_ping received 96 bytes back
Round trip time was 28.2767 milliseconds in repetition 406
tcp_ping received 96 bytes back
Round trip time was 23.4433 milliseconds in repetition 407
tcp_ping received 96 bytes back
Round trip time was 22.3328 milliseconds in repetition 408
tcp_ping received 96 bytes back
Round trip time was 24.5928 milliseconds in repetition 409
tcp_ping received 96 bytes back
Round trip time was 22.9214 milliseconds in repetition 410
tcp_ping received 96 bytes back
Round trip time was 21.5294 milliseconds in repetition 411
tcp_ping received 96 bytes back
Round trip time was 26.7484 milliseconds in repetition 412
tcp_ping received 96 bytes back
Round trip time was 23.4397 milliseconds in repetition 413
tcp_ping received 96 bytes back
Round trip time was 28.453 milliseconds in repetition 414
tcp_ping received 96 bytes back
Round trip time was 22.1738 milliseconds in repetition 415
tcp_ping received 96 bytes back
Round trip time was 22.1386 milliseconds in repetition 416
tcp_ping received 96 bytes back
Round trip time was 22.0855 milliseconds in repetition 417
tcp_ping received 96 bytes back
Round trip time was 23.2426 milliseconds in repetition 418
tcp_ping received 96 bytes back
Round trip time was 24.5708 milliseconds in repetition 419
tcp_ping received 96 bytes back
Round trip time was 21.641 milliseconds in repetition 420
tcp_ping received 96 bytes back
Round trip time was 21.5868 milliseconds in repetition 421
tcp_ping received 96 bytes back
Round trip time was 21.3894 milliseconds in repetition 422
tcp_ping received 96 bytes back
Round trip time was 23.5771 milliseconds in repetition 423
tcp_ping received 96 bytes back
Round trip time was 22.3094 milliseconds in repetition 424
tcp_ping received 96 bytes back
Round trip time was 22.3315 milliseconds in repetition 425
tcp_ping received 96 bytes back
Round trip time was 22.1986 milliseconds in repetition 426
tcp_ping received 96 bytes back
Round trip time was 22.1027 milliseconds in repetition 427
tcp_ping received 96 bytes back
Round trip time was 22.3251 milliseconds in repetition 428
tcp_ping received 96 bytes back
Round trip time was 22.1217 milliseconds in repetition 429
tcp_ping received 96 bytes back
Round trip time was 22.2638 milliseconds in repetition 430
tcp_ping received 96 bytes back
Round trip time was 22.3287 milliseconds in repetition 431
tcp_ping received 96 bytes back
Round trip time was 22.2734 milliseconds in repetition 432
tcp_ping received 96 bytes back
Round trip time was 21.5211 milliseconds in repetition 433
tcp_ping received 96 bytes back
Round trip time was 22.7528 milliseconds in repetition 434
tcp_ping received 96 bytes back
Round trip time was 22.1681 milliseconds in repetition 435
tcp_ping received 96 bytes back
Round trip time was 23.6814 milliseconds in repetition 436
tcp_ping received 96 bytes back
Round trip time was 21.8585 milliseconds in repetition 437
tcp_ping received 96 bytes back
Round trip time was 22.7761 milliseconds in repetition 438
tcp_ping received 96 bytes back
Round trip time was 22.2676 milliseconds in repetition 439
tcp_ping received 96 bytes back
Round trip time was 24.1298 milliseconds in repetition 440
tcp_ping received 96 bytes back
Round trip time was 22.7116 milliseconds in repetition 441
tcp_ping received 96 bytes back
Round trip time was 21.7418 milliseconds in repetition 442
tcp_ping received 96 bytes back
Round trip time was 21.4592 milliseconds in repetition 443
tcp_ping received 96 bytes back
Round trip time was 22.0749 milliseconds in repetition 444
tcp_ping received 96 bytes back
Round trip time was 22.0384 milliseconds in repetition 445
tcp_ping received 96 bytes back
Round trip time was 21.7296 milliseconds in repetition 446
tcp_ping received 96 bytes back
Round trip time was 22.0736 milliseconds in repetition 447
tcp_ping received 96 bytes back
Round trip time was 23.2021 milliseconds in repetition 448
tcp_ping received 96 bytes back
Round trip time was 21.7614 milliseconds in repetition 449
tcp_ping received 96 bytes back
Round trip time was 22.0135 milliseconds in repetition 450
tcp_ping received 96 bytes back
Round trip time was 21.7758 milliseconds in repetition 451
tcp_ping received 96 bytes back
Round trip time was 21.8823 milliseconds in repetition 452
tcp_ping received 96 bytes back
Round trip time was 21.7529 milliseconds in repetition 453
tcp_ping received 96 bytes back
Round trip time was 33.2576 milliseconds in repetition 454
tcp_ping received 96 bytes back
Round trip time was 21.5828 milliseconds in repetition 455
tcp_ping received 96 bytes back
Round trip time was 23.1088 milliseconds in repetition 456
tcp_ping received 96 bytes back
Round trip time was 21.7583 milliseconds in repetition 457
tcp_ping received 96 bytes back
Round trip time was 24.5644 milliseconds in repetition 458
tcp_ping received 96 bytes back
Round trip time was 23.5991 milliseconds in repetition 459
tcp_ping received 96 bytes back
Round trip time was 24.9091 milliseconds in repetition 460
tcp_ping received 96 bytes back
Round trip time was 21.1643 milliseconds in repetition 461
tcp_ping received 96 bytes back
Round trip time was 21.1725 milliseconds in repetition 462
tcp_ping received 96 bytes back
Round trip time was 21.5085 milliseconds in repetition 463
tcp_ping received 96 bytes back
Round trip time was 21.1436 milliseconds in repetition 464
tcp_ping received 96 bytes back
Round trip time was 21.6544 milliseconds in repetition 465
tcp_ping received 96 bytes back
Round trip time was 21.4992 milliseconds in repetition 466
tcp_ping received 96 bytes back
Round trip time was 21.3271 milliseconds in repetition 467
tcp_ping received 96 bytes back
Round trip time was 21.0599 milliseconds in repetition 468
tcp_ping received 96 bytes back
Round trip time was 21.3191 milliseconds in repetition 469
tcp_ping received 96 bytes back
Round trip time was 21.5452 milliseconds in repetition 470
tcp_ping received 96 bytes back
Round trip time was 22.1945 milliseconds in repetition 471
tcp_ping received 96 bytes back
Round trip time was 22.2654 milliseconds in repetition 472
tcp_ping received 96 bytes back
Round trip time was 24.2216 milliseconds in repetition 473
tcp_ping received 96 bytes back
Round trip time was 21.554 milliseconds in repetition 474
tcp_ping received 96 bytes back
Round trip time was 21.1821 milliseconds in repetition 475
tcp_ping received 96 bytes back
Round trip time was 23.3321 milliseconds in repetition 476
tcp_ping received 96 bytes back
Round trip time was 24.6495 milliseconds in repetition 477
tcp_ping received 96 bytes back
Round trip time was 22.3217 milliseconds in repetition 478
tcp_ping received 96 bytes back
Round trip time was 21.2588 milliseconds in repetition 479
tcp_ping received 96 bytes back
Round trip time was 22.1671 milliseconds in repetition 480
tcp_ping received 96 bytes back
Round trip time was 20.8686 milliseconds in repetition 481
tcp_ping received 96 bytes back
Round trip time was 21.7404 milliseconds in repetition 482
tcp_ping received 96 bytes back
Round trip time was 21.9746 milliseconds in repetition 483
tcp_ping received 96 bytes back
Round trip time was 76.5932 milliseconds in repetition 484
tcp_ping received 96 bytes back
Round trip time was 22.7699 milliseconds in repetition 485
tcp_ping received 96 bytes back
Round trip time was 24.1434 milliseconds in repetition 486
tcp_ping received 96 bytes back
Round trip time was 22.81 milliseconds in repetition 487
tcp_ping received 96 bytes back
Round trip time was 22.4588 milliseconds in repetition 488
tcp_ping received 96 bytes back
Round trip time was 23.7822 milliseconds in repetition 489
tcp_ping received 96 bytes back
Round trip time was 21.9388 milliseconds in repetition 490
tcp_ping received 96 bytes back
Round trip time was 21.8766 milliseconds in repetition 491
tcp_ping received 96 bytes back
Round trip time was 21.861 milliseconds in repetition 492
tcp_ping received 96 bytes back
Round trip time was 21.5714 milliseconds in repetition 493
tcp_ping received 96 bytes back
Round trip time was 21.8824 milliseconds in repetition 494
tcp_ping received 96 bytes back
Round trip time was 21.5859 milliseconds in repetition 495
tcp_ping received 96 bytes back
Round trip time was 21.3383 milliseconds in repetition 496
tcp_ping received 96 bytes back
Round trip time was 21.4459 milliseconds in repetition 497
tcp_ping received 96 bytes back
Round trip time was 22.3905 milliseconds in repetition 498
tcp_ping received 96 bytes back
Round trip time was 23.0238 milliseconds in repetition 499
tcp_ping received 96 bytes back
Round trip time was 21.2786 milliseconds in repetition 500
tcp_ping received 96 bytes back
Round trip time was 21.2475 milliseconds in repetition 501

 ... clock resolution was 1e-06
TCP Ping:  Statistics over 501 repetitions of 96 byte messages

RTT : percentile 10: 21.3191, median: 22.098, percentile 90: 24.0333, average: 22.7262, variance: 9.9393

RTT histogram:
20.6481 233
23.4454 235
26.2426 20
29.0399 5
31.8371 1
34.6344 3
37.4317 2
40.2289 1
43.0262 0
45.8234 0
48.6207 0
51.4179 0
54.2152 0
57.0124 0
59.8097 0
62.6069 0
65.4042 0
68.2014 0
70.9987 0
73.7959 0
76.5932 1

   median Throughput : 8.68856 KB/s   overall Throughput : 8.44841 KB/s

