TCP Ping trying to connect to server seti.dibris.unige.it (130.251.61.30) on port 1491

... connected to Pong server: asking for 501 repetitions of 2048 bytes TCP messages
 ... Pong server agreed :-)
tcp_ping received 2048 bytes back
Round trip time was 43.2641 milliseconds in repetition 1
tcp_ping received 2048 bytes back
Round trip time was 31.9925 milliseconds in repetition 2
tcp_ping received 2048 bytes back
Round trip time was 32.1434 milliseconds in repetition 3
tcp_ping received 2048 bytes back
Round trip time was 32.2171 milliseconds in repetition 4
tcp_ping received 2048 bytes back
Round trip time was 31.9605 milliseconds in repetition 5
tcp_ping received 2048 bytes back
Round trip time was 32.3045 milliseconds in repetition 6
tcp_ping received 2048 bytes back
Round trip time was 32.5207 milliseconds in repetition 7
tcp_ping received 2048 bytes back
Round trip time was 33.6895 milliseconds in repetition 8
tcp_ping received 2048 bytes back
Round trip time was 31.9247 milliseconds in repetition 9
tcp_ping received 2048 bytes back
Round trip time was 34.0134 milliseconds in repetition 10
tcp_ping received 2048 bytes back
Round trip time was 31.7362 milliseconds in repetition 11
tcp_ping received 2048 bytes back
Round trip time was 35.3685 milliseconds in repetition 12
tcp_ping received 2048 bytes back
Round trip time was 34.1391 milliseconds in repetition 13
tcp_ping received 2048 bytes back
Round trip time was 32.346 milliseconds in repetition 14
tcp_ping received 2048 bytes back
Round trip time was 32.1173 milliseconds in repetition 15
tcp_ping received 2048 bytes back
Round trip time was 32.6682 milliseconds in repetition 16
tcp_ping received 2048 bytes back
Round trip time was 33.5022 milliseconds in repetition 17
tcp_ping received 2048 bytes back
Round trip time was 30.973 milliseconds in repetition 18
tcp_ping received 2048 bytes back
Round trip time was 37.3207 milliseconds in repetition 19
tcp_ping received 2048 bytes back
Round trip time was 30.8688 milliseconds in repetition 20
tcp_ping received 2048 bytes back
Round trip time was 31.0646 milliseconds in repetition 21
tcp_ping received 2048 bytes back
Round trip time was 30.9055 milliseconds in repetition 22
tcp_ping received 2048 bytes back
Round trip time was 30.8474 milliseconds in repetition 23
tcp_ping received 2048 bytes back
Round trip time was 30.5725 milliseconds in repetition 24
tcp_ping received 2048 bytes back
Round trip time was 32.3971 milliseconds in repetition 25
tcp_ping received 2048 bytes back
Round trip time was 30.7176 milliseconds in repetition 26
tcp_ping received 2048 bytes back
Round trip time was 30.5779 milliseconds in repetition 27
tcp_ping received 2048 bytes back
Round trip time was 30.7633 milliseconds in repetition 28
tcp_ping received 2048 bytes back
Round trip time was 31.323 milliseconds in repetition 29
tcp_ping received 2048 bytes back
Round trip time was 32.3262 milliseconds in repetition 30
tcp_ping received 2048 bytes back
Round trip time was 31.8482 milliseconds in repetition 31
tcp_ping received 2048 bytes back
Round trip time was 32.1954 milliseconds in repetition 32
tcp_ping received 2048 bytes back
Round trip time was 33.0583 milliseconds in repetition 33
tcp_ping received 2048 bytes back
Round trip time was 33.6836 milliseconds in repetition 34
tcp_ping received 2048 bytes back
Round trip time was 32.0889 milliseconds in repetition 35
tcp_ping received 2048 bytes back
Round trip time was 32.2704 milliseconds in repetition 36
tcp_ping received 2048 bytes back
Round trip time was 31.267 milliseconds in repetition 37
tcp_ping received 2048 bytes back
Round trip time was 30.8202 milliseconds in repetition 38
tcp_ping received 2048 bytes back
Round trip time was 33.3642 milliseconds in repetition 39
tcp_ping received 2048 bytes back
Round trip time was 34.2839 milliseconds in repetition 40
tcp_ping received 2048 bytes back
Round trip time was 32.1857 milliseconds in repetition 41
tcp_ping received 2048 bytes back
Round trip time was 34.0335 milliseconds in repetition 42
tcp_ping received 2048 bytes back
Round trip time was 31.3514 milliseconds in repetition 43
tcp_ping received 2048 bytes back
Round trip time was 30.8162 milliseconds in repetition 44
tcp_ping received 2048 bytes back
Round trip time was 30.5892 milliseconds in repetition 45
tcp_ping received 2048 bytes back
Round trip time was 31.9129 milliseconds in repetition 46
tcp_ping received 2048 bytes back
Round trip time was 31.7143 milliseconds in repetition 47
tcp_ping received 2048 bytes back
Round trip time was 32.7309 milliseconds in repetition 48
tcp_ping received 2048 bytes back
Round trip time was 37.4521 milliseconds in repetition 49
tcp_ping received 2048 bytes back
Round trip time was 33.395 milliseconds in repetition 50
tcp_ping received 2048 bytes back
Round trip time was 30.7471 milliseconds in repetition 51
tcp_ping received 2048 bytes back
Round trip time was 34.3184 milliseconds in repetition 52
tcp_ping received 2048 bytes back
Round trip time was 30.9052 milliseconds in repetition 53
tcp_ping received 2048 bytes back
Round trip time was 30.655 milliseconds in repetition 54
tcp_ping received 2048 bytes back
Round trip time was 31.0471 milliseconds in repetition 55
tcp_ping received 2048 bytes back
Round trip time was 32.4728 milliseconds in repetition 56
tcp_ping received 2048 bytes back
Round trip time was 35.7823 milliseconds in repetition 57
tcp_ping received 2048 bytes back
Round trip time was 30.9246 milliseconds in repetition 58
tcp_ping received 2048 bytes back
Round trip time was 37.2883 milliseconds in repetition 59
tcp_ping received 2048 bytes back
Round trip time was 33.1698 milliseconds in repetition 60
tcp_ping received 2048 bytes back
Round trip time was 33.0135 milliseconds in repetition 61
tcp_ping received 2048 bytes back
Round trip time was 34.413 milliseconds in repetition 62
tcp_ping received 2048 bytes back
Round trip time was 31.5981 milliseconds in repetition 63
tcp_ping received 2048 bytes back
Round trip time was 40.662 milliseconds in repetition 64
tcp_ping received 2048 bytes back
Round trip time was 32.0817 milliseconds in repetition 65
tcp_ping received 2048 bytes back
Round trip time was 30.2409 milliseconds in repetition 66
tcp_ping received 2048 bytes back
Round trip time was 30.7147 milliseconds in repetition 67
tcp_ping received 2048 bytes back
Round trip time was 35.3566 milliseconds in repetition 68
tcp_ping received 2048 bytes back
Round trip time was 30.3973 milliseconds in repetition 69
tcp_ping received 2048 bytes back
Round trip time was 33.7882 milliseconds in repetition 70
tcp_ping received 2048 bytes back
Round trip time was 30.0864 milliseconds in repetition 71
tcp_ping received 2048 bytes back
Round trip time was 31.077 milliseconds in repetition 72
tcp_ping received 2048 bytes back
Round trip time was 31.1101 milliseconds in repetition 73
tcp_ping received 2048 bytes back
Round trip time was 31.675 milliseconds in repetition 74
tcp_ping received 2048 bytes back
Round trip time was 33.5428 milliseconds in repetition 75
tcp_ping received 2048 bytes back
Round trip time was 32.7952 milliseconds in repetition 76
tcp_ping received 2048 bytes back
Round trip time was 30.608 milliseconds in repetition 77
tcp_ping received 2048 bytes back
Round trip time was 30.5301 milliseconds in repetition 78
tcp_ping received 2048 bytes back
Round trip time was 30.4649 milliseconds in repetition 79
tcp_ping received 2048 bytes back
Round trip time was 30.8731 milliseconds in repetition 80
tcp_ping received 2048 bytes back
Round trip time was 30.9 milliseconds in repetition 81
tcp_ping received 2048 bytes back
Round trip time was 31.2545 milliseconds in repetition 82
tcp_ping received 2048 bytes back
Round trip time was 30.9548 milliseconds in repetition 83
tcp_ping received 2048 bytes back
Round trip time was 30.6304 milliseconds in repetition 84
tcp_ping received 2048 bytes back
Round trip time was 30.5392 milliseconds in repetition 85
tcp_ping received 2048 bytes back
Round trip time was 34.7323 milliseconds in repetition 86
tcp_ping received 2048 bytes back
Round trip time was 32.9273 milliseconds in repetition 87
tcp_ping received 2048 bytes back
Round trip time was 35.4684 milliseconds in repetition 88
tcp_ping received 2048 bytes back
Round trip time was 31.0627 milliseconds in repetition 89
tcp_ping received 2048 bytes back
Round trip time was 30.3348 milliseconds in repetition 90
tcp_ping received 2048 bytes back
Round trip time was 31.0957 milliseconds in repetition 91
tcp_ping received 2048 bytes back
Round trip time was 32.336 milliseconds in repetition 92
tcp_ping received 2048 bytes back
Round trip time was 30.1992 milliseconds in repetition 93
tcp_ping received 2048 bytes back
Round trip time was 30.3161 milliseconds in repetition 94
tcp_ping received 2048 bytes back
Round trip time was 31.527 milliseconds in repetition 95
tcp_ping received 2048 bytes back
Round trip time was 31.3696 milliseconds in repetition 96
tcp_ping received 2048 bytes back
Round trip time was 32.5672 milliseconds in repetition 97
tcp_ping received 2048 bytes back
Round trip time was 33.4483 milliseconds in repetition 98
tcp_ping received 2048 bytes back
Round trip time was 32.3174 milliseconds in repetition 99
tcp_ping received 2048 bytes back
Round trip time was 49.9349 milliseconds in repetition 100
tcp_ping received 2048 bytes back
Round trip time was 36.075 milliseconds in repetition 101
tcp_ping received 2048 bytes back
Round trip time was 30.0881 milliseconds in repetition 102
tcp_ping received 2048 bytes back
Round trip time was 30.5686 milliseconds in repetition 103
tcp_ping received 2048 bytes back
Round trip time was 34.3404 milliseconds in repetition 104
tcp_ping received 2048 bytes back
Round trip time was 30.2166 milliseconds in repetition 105
tcp_ping received 2048 bytes back
Round trip time was 32.9618 milliseconds in repetition 106
tcp_ping received 2048 bytes back
Round trip time was 31.765 milliseconds in repetition 107
tcp_ping received 2048 bytes back
Round trip time was 30.7665 milliseconds in repetition 108
tcp_ping received 2048 bytes back
Round trip time was 31.2227 milliseconds in repetition 109
tcp_ping received 2048 bytes back
Round trip time was 31.1191 milliseconds in repetition 110
tcp_ping received 2048 bytes back
Round trip time was 30.0801 milliseconds in repetition 111
tcp_ping received 2048 bytes back
Round trip time was 30.646 milliseconds in repetition 112
tcp_ping received 2048 bytes back
Round trip time was 30.2784 milliseconds in repetition 113
tcp_ping received 2048 bytes back
Round trip time was 30.346 milliseconds in repetition 114
tcp_ping received 2048 bytes back
Round trip time was 31.4994 milliseconds in repetition 115
tcp_ping received 2048 bytes back
Round trip time was 33.2195 milliseconds in repetition 116
tcp_ping received 2048 bytes back
Round trip time was 31.5276 milliseconds in repetition 117
tcp_ping received 2048 bytes back
Round trip time was 31.971 milliseconds in repetition 118
tcp_ping received 2048 bytes back
Round trip time was 32.3831 milliseconds in repetition 119
tcp_ping received 2048 bytes back
Round trip time was 32.229 milliseconds in repetition 120
tcp_ping received 2048 bytes back
Round trip time was 32.6291 milliseconds in repetition 121
tcp_ping received 2048 bytes back
Round trip time was 33.4509 milliseconds in repetition 122
tcp_ping received 2048 bytes back
Round trip time was 33.8046 milliseconds in repetition 123
tcp_ping received 2048 bytes back
Round trip time was 31.632 milliseconds in repetition 124
tcp_ping received 2048 bytes back
Round trip time was 34.7631 milliseconds in repetition 125
tcp_ping received 2048 bytes back
Round trip time was 35.128 milliseconds in repetition 126
tcp_ping received 2048 bytes back
Round trip time was 32.0183 milliseconds in repetition 127
tcp_ping received 2048 bytes back
Round trip time was 33.8463 milliseconds in repetition 128
tcp_ping received 2048 bytes back
Round trip time was 32.2761 milliseconds in repetition 129
tcp_ping received 2048 bytes back
Round trip time was 30.8736 milliseconds in repetition 130
tcp_ping received 2048 bytes back
Round trip time was 30.7398 milliseconds in repetition 131
tcp_ping received 2048 bytes back
Round trip time was 30.643 milliseconds in repetition 132
tcp_ping received 2048 bytes back
Round trip time was 32.0687 milliseconds in repetition 133
tcp_ping received 2048 bytes back
Round trip time was 31.4063 milliseconds in repetition 134
tcp_ping received 2048 bytes back
Round trip time was 33.4973 milliseconds in repetition 135
tcp_ping received 2048 bytes back
Round trip time was 31.2884 milliseconds in repetition 136
tcp_ping received 2048 bytes back
Round trip time was 34.5387 milliseconds in repetition 137
tcp_ping received 2048 bytes back
Round trip time was 37.8768 milliseconds in repetition 138
tcp_ping received 2048 bytes back
Round trip time was 41.4056 milliseconds in repetition 139
tcp_ping received 2048 bytes back
Round trip time was 30.5981 milliseconds in repetition 140
tcp_ping received 2048 bytes back
Round trip time was 31.2818 milliseconds in repetition 141
tcp_ping received 2048 bytes back
Round trip time was 30.8499 milliseconds in repetition 142
tcp_ping received 2048 bytes back
Round trip time was 31.1318 milliseconds in repetition 143
tcp_ping received 2048 bytes back
Round trip time was 30.834 milliseconds in repetition 144
tcp_ping received 2048 bytes back
Round trip time was 31.4639 milliseconds in repetition 145
tcp_ping received 2048 bytes back
Round trip time was 31.2445 milliseconds in repetition 146
tcp_ping received 2048 bytes back
Round trip time was 39.118 milliseconds in repetition 147
tcp_ping received 2048 bytes back
Round trip time was 31.1421 milliseconds in repetition 148
tcp_ping received 2048 bytes back
Round trip time was 30.8908 milliseconds in repetition 149
tcp_ping received 2048 bytes back
Round trip time was 30.9289 milliseconds in repetition 150
tcp_ping received 2048 bytes back
Round trip time was 32.8273 milliseconds in repetition 151
tcp_ping received 2048 bytes back
Round trip time was 31.8801 milliseconds in repetition 152
tcp_ping received 2048 bytes back
Round trip time was 31.3872 milliseconds in repetition 153
tcp_ping received 2048 bytes back
Round trip time was 36.101 milliseconds in repetition 154
tcp_ping received 2048 bytes back
Round trip time was 41.3315 milliseconds in repetition 155
tcp_ping received 2048 bytes back
Round trip time was 35.1073 milliseconds in repetition 156
tcp_ping received 2048 bytes back
Round trip time was 30.6695 milliseconds in repetition 157
tcp_ping received 2048 bytes back
Round trip time was 31.5357 milliseconds in repetition 158
tcp_ping received 2048 bytes back
Round trip time was 32.7323 milliseconds in repetition 159
tcp_ping received 2048 bytes back
Round trip time was 32.5871 milliseconds in repetition 160
tcp_ping received 2048 bytes back
Round trip time was 32.2505 milliseconds in repetition 161
tcp_ping received 2048 bytes back
Round trip time was 31.9732 milliseconds in repetition 162
tcp_ping received 2048 bytes back
Round trip time was 33.4974 milliseconds in repetition 163
tcp_ping received 2048 bytes back
Round trip time was 33.4437 milliseconds in repetition 164
tcp_ping received 2048 bytes back
Round trip time was 33.2443 milliseconds in repetition 165
tcp_ping received 2048 bytes back
Round trip time was 32.6788 milliseconds in repetition 166
tcp_ping received 2048 bytes back
Round trip time was 33.1406 milliseconds in repetition 167
tcp_ping received 2048 bytes back
Round trip time was 34.8435 milliseconds in repetition 168
tcp_ping received 2048 bytes back
Round trip time was 34.7955 milliseconds in repetition 169
tcp_ping received 2048 bytes back
Round trip time was 38.8099 milliseconds in repetition 170
tcp_ping received 2048 bytes back
Round trip time was 30.7893 milliseconds in repetition 171
tcp_ping received 2048 bytes back
Round trip time was 32.7899 milliseconds in repetition 172
tcp_ping received 2048 bytes back
Round trip time was 31.5911 milliseconds in repetition 173
tcp_ping received 2048 bytes back
Round trip time was 30.659 milliseconds in repetition 174
tcp_ping received 2048 bytes back
Round trip time was 30.8985 milliseconds in repetition 175
tcp_ping received 2048 bytes back
Round trip time was 30.5907 milliseconds in repetition 176
tcp_ping received 2048 bytes back
Round trip time was 31.1396 milliseconds in repetition 177
tcp_ping received 2048 bytes back
Round trip time was 30.7955 milliseconds in repetition 178
tcp_ping received 2048 bytes back
Round trip time was 31.5814 milliseconds in repetition 179
tcp_ping received 2048 bytes back
Round trip time was 31.7473 milliseconds in repetition 180
tcp_ping received 2048 bytes back
Round trip time was 37.23 milliseconds in repetition 181
tcp_ping received 2048 bytes back
Round trip time was 32.7305 milliseconds in repetition 182
tcp_ping received 2048 bytes back
Round trip time was 33.2437 milliseconds in repetition 183
tcp_ping received 2048 bytes back
Round trip time was 33.8044 milliseconds in repetition 184
tcp_ping received 2048 bytes back
Round trip time was 30.7447 milliseconds in repetition 185
tcp_ping received 2048 bytes back
Round trip time was 30.6497 milliseconds in repetition 186
tcp_ping received 2048 bytes back
Round trip time was 30.7587 milliseconds in repetition 187
tcp_ping received 2048 bytes back
Round trip time was 31.5246 milliseconds in repetition 188
tcp_ping received 2048 bytes back
Round trip time was 30.8942 milliseconds in repetition 189
tcp_ping received 2048 bytes back
Round trip time was 30.6304 milliseconds in repetition 190
tcp_ping received 2048 bytes back
Round trip time was 32.3602 milliseconds in repetition 191
tcp_ping received 2048 bytes back
Round trip time was 31.5152 milliseconds in repetition 192
tcp_ping received 2048 bytes back
Round trip time was 30.6014 milliseconds in repetition 193
tcp_ping received 2048 bytes back
Round trip time was 30.8788 milliseconds in repetition 194
tcp_ping received 2048 bytes back
Round trip time was 31.6091 milliseconds in repetition 195
tcp_ping received 2048 bytes back
Round trip time was 31.6147 milliseconds in repetition 196
tcp_ping received 2048 bytes back
Round trip time was 31.2482 milliseconds in repetition 197
tcp_ping received 2048 bytes back
Round trip time was 33.2208 milliseconds in repetition 198
tcp_ping received 2048 bytes back
Round trip time was 35.2653 milliseconds in repetition 199
tcp_ping received 2048 bytes back
Round trip time was 31.5311 milliseconds in repetition 200
tcp_ping received 2048 bytes back
Round trip time was 32.2441 milliseconds in repetition 201
tcp_ping received 2048 bytes back
Round trip time was 30.7726 milliseconds in repetition 202
tcp_ping received 2048 bytes back
Round trip time was 30.4918 milliseconds in repetition 203
tcp_ping received 2048 bytes back
Round trip time was 31.7161 milliseconds in repetition 204
tcp_ping received 2048 bytes back
Round trip time was 33.2722 milliseconds in repetition 205
tcp_ping received 2048 bytes back
Round trip time was 33.7364 milliseconds in repetition 206
tcp_ping received 2048 bytes back
Round trip time was 30.7033 milliseconds in repetition 207
tcp_ping received 2048 bytes back
Round trip time was 31.41 milliseconds in repetition 208
tcp_ping received 2048 bytes back
Round trip time was 34.2177 milliseconds in repetition 209
tcp_ping received 2048 bytes back
Round trip time was 30.7884 milliseconds in repetition 210
tcp_ping received 2048 bytes back
Round trip time was 31.1765 milliseconds in repetition 211
tcp_ping received 2048 bytes back
Round trip time was 31.0538 milliseconds in repetition 212
tcp_ping received 2048 bytes back
Round trip time was 31.0609 milliseconds in repetition 213
tcp_ping received 2048 bytes back
Round trip time was 31.0344 milliseconds in repetition 214
tcp_ping received 2048 bytes back
Round trip time was 31.0749 milliseconds in repetition 215
tcp_ping received 2048 bytes back
Round trip time was 33.2654 milliseconds in repetition 216
tcp_ping received 2048 bytes back
Round trip time was 34.2124 milliseconds in repetition 217
tcp_ping received 2048 bytes back
Round trip time was 31.386 milliseconds in repetition 218
tcp_ping received 2048 bytes back
Round trip time was 32.1684 milliseconds in repetition 219
tcp_ping received 2048 bytes back
Round trip time was 32.5724 milliseconds in repetition 220
tcp_ping received 2048 bytes back
Round trip time was 30.8219 milliseconds in repetition 221
tcp_ping received 2048 bytes back
Round trip time was 31.2988 milliseconds in repetition 222
tcp_ping received 2048 bytes back
Round trip time was 31.4603 milliseconds in repetition 223
tcp_ping received 2048 bytes back
Round trip time was 31.5514 milliseconds in repetition 224
tcp_ping received 2048 bytes back
Round trip time was 32.1541 milliseconds in repetition 225
tcp_ping received 2048 bytes back
Round trip time was 31.1469 milliseconds in repetition 226
tcp_ping received 2048 bytes back
Round trip time was 30.9718 milliseconds in repetition 227
tcp_ping received 2048 bytes back
Round trip time was 30.6392 milliseconds in repetition 228
tcp_ping received 2048 bytes back
Round trip time was 31.6006 milliseconds in repetition 229
tcp_ping received 2048 bytes back
Round trip time was 31.4845 milliseconds in repetition 230
tcp_ping received 2048 bytes back
Round trip time was 31.0998 milliseconds in repetition 231
tcp_ping received 2048 bytes back
Round trip time was 32.5691 milliseconds in repetition 232
tcp_ping received 2048 bytes back
Round trip time was 36.0092 milliseconds in repetition 233
tcp_ping received 2048 bytes back
Round trip time was 32.549 milliseconds in repetition 234
tcp_ping received 2048 bytes back
Round trip time was 31.8093 milliseconds in repetition 235
tcp_ping received 2048 bytes back
Round trip time was 35.1525 milliseconds in repetition 236
tcp_ping received 2048 bytes back
Round trip time was 31.1358 milliseconds in repetition 237
tcp_ping received 2048 bytes back
Round trip time was 31.253 milliseconds in repetition 238
tcp_ping received 2048 bytes back
Round trip time was 31.7346 milliseconds in repetition 239
tcp_ping received 2048 bytes back
Round trip time was 32.2081 milliseconds in repetition 240
tcp_ping received 2048 bytes back
Round trip time was 31.533 milliseconds in repetition 241
tcp_ping received 2048 bytes back
Round trip time was 31.4513 milliseconds in repetition 242
tcp_ping received 2048 bytes back
Round trip time was 32.4678 milliseconds in repetition 243
tcp_ping received 2048 bytes back
Round trip time was 31.9536 milliseconds in repetition 244
tcp_ping received 2048 bytes back
Round trip time was 32.7264 milliseconds in repetition 245
tcp_ping received 2048 bytes back
Round trip time was 30.7095 milliseconds in repetition 246
tcp_ping received 2048 bytes back
Round trip time was 32.9635 milliseconds in repetition 247
tcp_ping received 2048 bytes back
Round trip time was 31.9876 milliseconds in repetition 248
tcp_ping received 2048 bytes back
Round trip time was 31.5875 milliseconds in repetition 249
tcp_ping received 2048 bytes back
Round trip time was 37.7798 milliseconds in repetition 250
tcp_ping received 2048 bytes back
Round trip time was 41.9788 milliseconds in repetition 251
tcp_ping received 2048 bytes back
Round trip time was 32.2767 milliseconds in repetition 252
tcp_ping received 2048 bytes back
Round trip time was 31.3221 milliseconds in repetition 253
tcp_ping received 2048 bytes back
Round trip time was 30.7973 milliseconds in repetition 254
tcp_ping received 2048 bytes back
Round trip time was 31.9878 milliseconds in repetition 255
tcp_ping received 2048 bytes back
Round trip time was 32.2752 milliseconds in repetition 256
tcp_ping received 2048 bytes back
Round trip time was 30.9468 milliseconds in repetition 257
tcp_ping received 2048 bytes back
Round trip time was 30.4234 milliseconds in repetition 258
tcp_ping received 2048 bytes back
Round trip time was 32.2788 milliseconds in repetition 259
tcp_ping received 2048 bytes back
Round trip time was 35.3613 milliseconds in repetition 260
tcp_ping received 2048 bytes back
Round trip time was 34.1676 milliseconds in repetition 261
tcp_ping received 2048 bytes back
Round trip time was 31.7874 milliseconds in repetition 262
tcp_ping received 2048 bytes back
Round trip time was 37.896 milliseconds in repetition 263
tcp_ping received 2048 bytes back
Round trip time was 33.026 milliseconds in repetition 264
tcp_ping received 2048 bytes back
Round trip time was 31.4009 milliseconds in repetition 265
tcp_ping received 2048 bytes back
Round trip time was 31.092 milliseconds in repetition 266
tcp_ping received 2048 bytes back
Round trip time was 31.2432 milliseconds in repetition 267
tcp_ping received 2048 bytes back
Round trip time was 72.7164 milliseconds in repetition 268
tcp_ping received 2048 bytes back
Round trip time was 45.7428 milliseconds in repetition 269
tcp_ping received 2048 bytes back
Round trip time was 34.5497 milliseconds in repetition 270
tcp_ping received 2048 bytes back
Round trip time was 30.9464 milliseconds in repetition 271
tcp_ping received 2048 bytes back
Round trip time was 34.7498 milliseconds in repetition 272
tcp_ping received 2048 bytes back
Round trip time was 32.8382 milliseconds in repetition 273
tcp_ping received 2048 bytes back
Round trip time was 34.2158 milliseconds in repetition 274
tcp_ping received 2048 bytes back
Round trip time was 33.1404 milliseconds in repetition 275
tcp_ping received 2048 bytes back
Round trip time was 32.2853 milliseconds in repetition 276
tcp_ping received 2048 bytes back
Round trip time was 30.6476 milliseconds in repetition 277
tcp_ping received 2048 bytes back
Round trip time was 30.7775 milliseconds in repetition 278
tcp_ping received 2048 bytes back
Round trip time was 32.1438 milliseconds in repetition 279
tcp_ping received 2048 bytes back
Round trip time was 32.0389 milliseconds in repetition 280
tcp_ping received 2048 bytes back
Round trip time was 32.0939 milliseconds in repetition 281
tcp_ping received 2048 bytes back
Round trip time was 30.4698 milliseconds in repetition 282
tcp_ping received 2048 bytes back
Round trip time was 30.9812 milliseconds in repetition 283
tcp_ping received 2048 bytes back
Round trip time was 32.3725 milliseconds in repetition 284
tcp_ping received 2048 bytes back
Round trip time was 32.5743 milliseconds in repetition 285
tcp_ping received 2048 bytes back
Round trip time was 33.3332 milliseconds in repetition 286
tcp_ping received 2048 bytes back
Round trip time was 33.5805 milliseconds in repetition 287
tcp_ping received 2048 bytes back
Round trip time was 30.9194 milliseconds in repetition 288
tcp_ping received 2048 bytes back
Round trip time was 31.1542 milliseconds in repetition 289
tcp_ping received 2048 bytes back
Round trip time was 30.8608 milliseconds in repetition 290
tcp_ping received 2048 bytes back
Round trip time was 30.5258 milliseconds in repetition 291
tcp_ping received 2048 bytes back
Round trip time was 30.5299 milliseconds in repetition 292
tcp_ping received 2048 bytes back
Round trip time was 32.022 milliseconds in repetition 293
tcp_ping received 2048 bytes back
Round trip time was 31.5885 milliseconds in repetition 294
tcp_ping received 2048 bytes back
Round trip time was 30.7745 milliseconds in repetition 295
tcp_ping received 2048 bytes back
Round trip time was 30.9503 milliseconds in repetition 296
tcp_ping received 2048 bytes back
Round trip time was 30.2058 milliseconds in repetition 297
tcp_ping received 2048 bytes back
Round trip time was 30.4693 milliseconds in repetition 298
tcp_ping received 2048 bytes back
Round trip time was 30.292 milliseconds in repetition 299
tcp_ping received 2048 bytes back
Round trip time was 32.6088 milliseconds in repetition 300
tcp_ping received 2048 bytes back
Round trip time was 35.9621 milliseconds in repetition 301
tcp_ping received 2048 bytes back
Round trip time was 32.8792 milliseconds in repetition 302
tcp_ping received 2048 bytes back
Round trip time was 34.9245 milliseconds in repetition 303
tcp_ping received 2048 bytes back
Round trip time was 35.8329 milliseconds in repetition 304
tcp_ping received 2048 bytes back
Round trip time was 31.0673 milliseconds in repetition 305
tcp_ping received 2048 bytes back
Round trip time was 31.7658 milliseconds in repetition 306
tcp_ping received 2048 bytes back
Round trip time was 47.418 milliseconds in repetition 307
tcp_ping received 2048 bytes back
Round trip time was 36.44 milliseconds in repetition 308
tcp_ping received 2048 bytes back
Round trip time was 30.2993 milliseconds in repetition 309
tcp_ping received 2048 bytes back
Round trip time was 30.7352 milliseconds in repetition 310
tcp_ping received 2048 bytes back
Round trip time was 30.599 milliseconds in repetition 311
tcp_ping received 2048 bytes back
Round trip time was 30.788 milliseconds in repetition 312
tcp_ping received 2048 bytes back
Round trip time was 32.3981 milliseconds in repetition 313
tcp_ping received 2048 bytes back
Round trip time was 33.6758 milliseconds in repetition 314
tcp_ping received 2048 bytes back
Round trip time was 30.6033 milliseconds in repetition 315
tcp_ping received 2048 bytes back
Round trip time was 30.3039 milliseconds in repetition 316
tcp_ping received 2048 bytes back
Round trip time was 31.4604 milliseconds in repetition 317
tcp_ping received 2048 bytes back
Round trip time was 31.0892 milliseconds in repetition 318
tcp_ping received 2048 bytes back
Round trip time was 32.2811 milliseconds in repetition 319
tcp_ping received 2048 bytes back
Round trip time was 41.3719 milliseconds in repetition 320
tcp_ping received 2048 bytes back
Round trip time was 30.6027 milliseconds in repetition 321
tcp_ping received 2048 bytes back
Round trip time was 31.2975 milliseconds in repetition 322
tcp_ping received 2048 bytes back
Round trip time was 30.669 milliseconds in repetition 323
tcp_ping received 2048 bytes back
Round trip time was 31.3159 milliseconds in repetition 324
tcp_ping received 2048 bytes back
Round trip time was 31.0355 milliseconds in repetition 325
tcp_ping received 2048 bytes back
Round trip time was 34.4834 milliseconds in repetition 326
tcp_ping received 2048 bytes back
Round trip time was 31.2204 milliseconds in repetition 327
tcp_ping received 2048 bytes back
Round trip time was 31.8514 milliseconds in repetition 328
tcp_ping received 2048 bytes back
Round trip time was 32.2283 milliseconds in repetition 329
tcp_ping received 2048 bytes back
Round trip time was 31.8607 milliseconds in repetition 330
tcp_ping received 2048 bytes back
Round trip time was 30.5727 milliseconds in repetition 331
tcp_ping received 2048 bytes back
Round trip time was 30.5418 milliseconds in repetition 332
tcp_ping received 2048 bytes back
Round trip time was 30.6189 milliseconds in repetition 333
tcp_ping received 2048 bytes back
Round trip time was 30.4679 milliseconds in repetition 334
tcp_ping received 2048 bytes back
Round trip time was 30.5611 milliseconds in repetition 335
tcp_ping received 2048 bytes back
Round trip time was 31.5355 milliseconds in repetition 336
tcp_ping received 2048 bytes back
Round trip time was 31.2636 milliseconds in repetition 337
tcp_ping received 2048 bytes back
Round trip time was 33.9301 milliseconds in repetition 338
tcp_ping received 2048 bytes back
Round trip time was 35.7369 milliseconds in repetition 339
tcp_ping received 2048 bytes back
Round trip time was 33.2466 milliseconds in repetition 340
tcp_ping received 2048 bytes back
Round trip time was 31.7632 milliseconds in repetition 341
tcp_ping received 2048 bytes back
Round trip time was 38.2106 milliseconds in repetition 342
tcp_ping received 2048 bytes back
Round trip time was 31.5149 milliseconds in repetition 343
tcp_ping received 2048 bytes back
Round trip time was 31.1748 milliseconds in repetition 344
tcp_ping received 2048 bytes back
Round trip time was 30.6876 milliseconds in repetition 345
tcp_ping received 2048 bytes back
Round trip time was 31.0537 milliseconds in repetition 346
tcp_ping received 2048 bytes back
Round trip time was 31.6419 milliseconds in repetition 347
tcp_ping received 2048 bytes back
Round trip time was 32.5191 milliseconds in repetition 348
tcp_ping received 2048 bytes back
Round trip time was 33.0244 milliseconds in repetition 349
tcp_ping received 2048 bytes back
Round trip time was 84.4123 milliseconds in repetition 350
tcp_ping received 2048 bytes back
Round trip time was 31.0888 milliseconds in repetition 351
tcp_ping received 2048 bytes back
Round trip time was 75.6598 milliseconds in repetition 352
tcp_ping received 2048 bytes back
Round trip time was 31.1534 milliseconds in repetition 353
tcp_ping received 2048 bytes back
Round trip time was 31.8966 milliseconds in repetition 354
tcp_ping received 2048 bytes back
Round trip time was 33.6673 milliseconds in repetition 355
tcp_ping received 2048 bytes back
Round trip time was 31.7622 milliseconds in repetition 356
tcp_ping received 2048 bytes back
Round trip time was 31.1735 milliseconds in repetition 357
tcp_ping received 2048 bytes back
Round trip time was 30.9761 milliseconds in repetition 358
tcp_ping received 2048 bytes back
Round trip time was 31.6449 milliseconds in repetition 359
tcp_ping received 2048 bytes back
Round trip time was 31.5529 milliseconds in repetition 360
tcp_ping received 2048 bytes back
Round trip time was 31.9783 milliseconds in repetition 361
tcp_ping received 2048 bytes back
Round trip time was 31.3762 milliseconds in repetition 362
tcp_ping received 2048 bytes back
Round trip time was 33.1099 milliseconds in repetition 363
tcp_ping received 2048 bytes back
Round trip time was 30.5301 milliseconds in repetition 364
tcp_ping received 2048 bytes back
Round trip time was 30.3391 milliseconds in repetition 365
tcp_ping received 2048 bytes back
Round trip time was 33.0401 milliseconds in repetition 366
tcp_ping received 2048 bytes back
Round trip time was 30.4795 milliseconds in repetition 367
tcp_ping received 2048 bytes back
Round trip time was 30.6821 milliseconds in repetition 368
tcp_ping received 2048 bytes back
Round trip time was 30.1952 milliseconds in repetition 369
tcp_ping received 2048 bytes back
Round trip time was 30.1843 milliseconds in repetition 370
tcp_ping received 2048 bytes back
Round trip time was 31.4355 milliseconds in repetition 371
tcp_ping received 2048 bytes back
Round trip time was 31.3502 milliseconds in repetition 372
tcp_ping received 2048 bytes back
Round trip time was 30.9172 milliseconds in repetition 373
tcp_ping received 2048 bytes back
Round trip time was 31.2919 milliseconds in repetition 374
tcp_ping received 2048 bytes back
Round trip time was 31.2545 milliseconds in repetition 375
tcp_ping received 2048 bytes back
Round trip time was 30.6244 milliseconds in repetition 376
tcp_ping received 2048 bytes back
Round trip time was 30.8685 milliseconds in repetition 377
tcp_ping received 2048 bytes back
Round trip time was 47.8486 milliseconds in repetition 378
tcp_ping received 2048 bytes back
Round trip time was 46.4628 milliseconds in repetition 379
tcp_ping received 2048 bytes back
Round trip time was 35.1527 milliseconds in repetition 380
tcp_ping received 2048 bytes back
Round trip time was 32.1154 milliseconds in repetition 381
tcp_ping received 2048 bytes back
Round trip time was 31.7532 milliseconds in repetition 382
tcp_ping received 2048 bytes back
Round trip time was 33.502 milliseconds in repetition 383
tcp_ping received 2048 bytes back
Round trip time was 37.2433 milliseconds in repetition 384
tcp_ping received 2048 bytes back
Round trip time was 32.5619 milliseconds in repetition 385
tcp_ping received 2048 bytes back
Round trip time was 32.3734 milliseconds in repetition 386
tcp_ping received 2048 bytes back
Round trip time was 30.271 milliseconds in repetition 387
tcp_ping received 2048 bytes back
Round trip time was 30.719 milliseconds in repetition 388
tcp_ping received 2048 bytes back
Round trip time was 38.5483 milliseconds in repetition 389
tcp_ping received 2048 bytes back
Round trip time was 35.0171 milliseconds in repetition 390
tcp_ping received 2048 bytes back
Round trip time was 30.5791 milliseconds in repetition 391
tcp_ping received 2048 bytes back
Round trip time was 30.598 milliseconds in repetition 392
tcp_ping received 2048 bytes back
Round trip time was 33.7324 milliseconds in repetition 393
tcp_ping received 2048 bytes back
Round trip time was 36.5629 milliseconds in repetition 394
tcp_ping received 2048 bytes back
Round trip time was 41.2902 milliseconds in repetition 395
tcp_ping received 2048 bytes back
Round trip time was 36.715 milliseconds in repetition 396
tcp_ping received 2048 bytes back
Round trip time was 33.1563 milliseconds in repetition 397
tcp_ping received 2048 bytes back
Round trip time was 31.5447 milliseconds in repetition 398
tcp_ping received 2048 bytes back
Round trip time was 31.7554 milliseconds in repetition 399
tcp_ping received 2048 bytes back
Round trip time was 32.5738 milliseconds in repetition 400
tcp_ping received 2048 bytes back
Round trip time was 31.3579 milliseconds in repetition 401
tcp_ping received 2048 bytes back
Round trip time was 31.0946 milliseconds in repetition 402
tcp_ping received 2048 bytes back
Round trip time was 32.271 milliseconds in repetition 403
tcp_ping received 2048 bytes back
Round trip time was 32.6213 milliseconds in repetition 404
tcp_ping received 2048 bytes back
Round trip time was 33.0047 milliseconds in repetition 405
tcp_ping received 2048 bytes back
Round trip time was 32.1521 milliseconds in repetition 406
tcp_ping received 2048 bytes back
Round trip time was 31.015 milliseconds in repetition 407
tcp_ping received 2048 bytes back
Round trip time was 30.8697 milliseconds in repetition 408
tcp_ping received 2048 bytes back
Round trip time was 30.781 milliseconds in repetition 409
tcp_ping received 2048 bytes back
Round trip time was 30.2144 milliseconds in repetition 410
tcp_ping received 2048 bytes back
Round trip time was 30.2347 milliseconds in repetition 411
tcp_ping received 2048 bytes back
Round trip time was 31.4904 milliseconds in repetition 412
tcp_ping received 2048 bytes back
Round trip time was 30.8565 milliseconds in repetition 413
tcp_ping received 2048 bytes back
Round trip time was 30.5296 milliseconds in repetition 414
tcp_ping received 2048 bytes back
Round trip time was 30.5683 milliseconds in repetition 415
tcp_ping received 2048 bytes back
Round trip time was 30.4216 milliseconds in repetition 416
tcp_ping received 2048 bytes back
Round trip time was 34.7856 milliseconds in repetition 417
tcp_ping received 2048 bytes back
Round trip time was 31.6957 milliseconds in repetition 418
tcp_ping received 2048 bytes back
Round trip time was 32.5249 milliseconds in repetition 419
tcp_ping received 2048 bytes back
Round trip time was 30.7136 milliseconds in repetition 420
tcp_ping received 2048 bytes back
Round trip time was 32.2034 milliseconds in repetition 421
tcp_ping received 2048 bytes back
Round trip time was 33.007 milliseconds in repetition 422
tcp_ping received 2048 bytes back
Round trip time was 30.5784 milliseconds in repetition 423
tcp_ping received 2048 bytes back
Round trip time was 31.519 milliseconds in repetition 424
tcp_ping received 2048 bytes back
Round trip time was 30.4489 milliseconds in repetition 425
tcp_ping received 2048 bytes back
Round trip time was 30.8467 milliseconds in repetition 426
tcp_ping received 2048 bytes back
Round trip time was 34.503 milliseconds in repetition 427
tcp_ping received 2048 bytes back
Round trip time was 30.4762 milliseconds in repetition 428
tcp_ping received 2048 bytes back
Round trip time was 41.7776 milliseconds in repetition 429
tcp_ping received 2048 bytes back
Round trip time was 41.5765 milliseconds in repetition 430
tcp_ping received 2048 bytes back
Round trip time was 30.7977 milliseconds in repetition 431
tcp_ping received 2048 bytes back
Round trip time was 30.2619 milliseconds in repetition 432
tcp_ping received 2048 bytes back
Round trip time was 34.4014 milliseconds in repetition 433
tcp_ping received 2048 bytes back
Round trip time was 39.6974 milliseconds in repetition 434
tcp_ping received 2048 bytes back
Round trip time was 70.9223 milliseconds in repetition 435
tcp_ping received 2048 bytes back
Round trip time was 48.9353 milliseconds in repetition 436
tcp_ping received 2048 bytes back
Round trip time was 34.6282 milliseconds in repetition 437
tcp_ping received 2048 bytes back
Round trip time was 33.4797 milliseconds in repetition 438
tcp_ping received 2048 bytes back
Round trip time was 36.5766 milliseconds in repetition 439
tcp_ping received 2048 bytes back
Round trip time was 30.9536 milliseconds in repetition 440
tcp_ping received 2048 bytes back
Round trip time was 33.6752 milliseconds in repetition 441
tcp_ping received 2048 bytes back
Round trip time was 30.5378 milliseconds in repetition 442
tcp_ping received 2048 bytes back
Round trip time was 35.7439 milliseconds in repetition 443
tcp_ping received 2048 bytes back
Round trip time was 33.4765 milliseconds in repetition 444
tcp_ping received 2048 bytes back
Round trip time was 31.3689 milliseconds in repetition 445
tcp_ping received 2048 bytes back
Round trip time was 33.1205 milliseconds in repetition 446
tcp_ping received 2048 bytes back
Round trip time was 30.4062 milliseconds in repetition 447
tcp_ping received 2048 bytes back
Round trip time was 31.623 milliseconds in repetition 448
tcp_ping received 2048 bytes back
Round trip time was 36.924 milliseconds in repetition 449
tcp_ping received 2048 bytes back
Round trip time was 37.5271 milliseconds in repetition 450
tcp_ping received 2048 bytes back
Round trip time was 32.2726 milliseconds in repetition 451
tcp_ping received 2048 bytes back
Round trip time was 33.571 milliseconds in repetition 452
tcp_ping received 2048 bytes back
Round trip time was 30.9084 milliseconds in repetition 453
tcp_ping received 2048 bytes back
Round trip time was 30.2959 milliseconds in repetition 454
tcp_ping received 2048 bytes back
Round trip time was 32.2637 milliseconds in repetition 455
tcp_ping received 2048 bytes back
Round trip time was 38.3896 milliseconds in repetition 456
tcp_ping received 2048 bytes back
Round trip time was 31.5628 milliseconds in repetition 457
tcp_ping received 2048 bytes back
Round trip time was 34.9351 milliseconds in repetition 458
tcp_ping received 2048 bytes back
Round trip time was 30.029 milliseconds in repetition 459
tcp_ping received 2048 bytes back
Round trip time was 32.6628 milliseconds in repetition 460
tcp_ping received 2048 bytes back
Round trip time was 33.5058 milliseconds in repetition 461
tcp_ping received 2048 bytes back
Round trip time was 30.6591 milliseconds in repetition 462
tcp_ping received 2048 bytes back
Round trip time was 31.159 milliseconds in repetition 463
tcp_ping received 2048 bytes back
Round trip time was 31.5036 milliseconds in repetition 464
tcp_ping received 2048 bytes back
Round trip time was 30.9223 milliseconds in repetition 465
tcp_ping received 2048 bytes back
Round trip time was 31.0119 milliseconds in repetition 466
tcp_ping received 2048 bytes back
Round trip time was 30.1924 milliseconds in repetition 467
tcp_ping received 2048 bytes back
Round trip time was 30.8171 milliseconds in repetition 468
tcp_ping received 2048 bytes back
Round trip time was 30.6318 milliseconds in repetition 469
tcp_ping received 2048 bytes back
Round trip time was 31.1523 milliseconds in repetition 470
tcp_ping received 2048 bytes back
Round trip time was 31.6144 milliseconds in repetition 471
tcp_ping received 2048 bytes back
Round trip time was 33.4026 milliseconds in repetition 472
tcp_ping received 2048 bytes back
Round trip time was 31.1843 milliseconds in repetition 473
tcp_ping received 2048 bytes back
Round trip time was 35.8757 milliseconds in repetition 474
tcp_ping received 2048 bytes back
Round trip time was 33.1059 milliseconds in repetition 475
tcp_ping received 2048 bytes back
Round trip time was 33.1472 milliseconds in repetition 476
tcp_ping received 2048 bytes back
Round trip time was 30.6387 milliseconds in repetition 477
tcp_ping received 2048 bytes back
Round trip time was 30.922 milliseconds in repetition 478
tcp_ping received 2048 bytes back
Round trip time was 30.9658 milliseconds in repetition 479
tcp_ping received 2048 bytes back
Round trip time was 32.8246 milliseconds in repetition 480
tcp_ping received 2048 bytes back
Round trip time was 33.7384 milliseconds in repetition 481
tcp_ping received 2048 bytes back
Round trip time was 30.7011 milliseconds in repetition 482
tcp_ping received 2048 bytes back
Round trip time was 32.0882 milliseconds in repetition 483
tcp_ping received 2048 bytes back
Round trip time was 32.1539 milliseconds in repetition 484
tcp_ping received 2048 bytes back
Round trip time was 31.0724 milliseconds in repetition 485
tcp_ping received 2048 bytes back
Round trip time was 33.4602 milliseconds in repetition 486
tcp_ping received 2048 bytes back
Round trip time was 31.5707 milliseconds in repetition 487
tcp_ping received 2048 bytes back
Round trip time was 34.8954 milliseconds in repetition 488
tcp_ping received 2048 bytes back
Round trip time was 33.8879 milliseconds in repetition 489
tcp_ping received 2048 bytes back
Round trip time was 32.2153 milliseconds in repetition 490
tcp_ping received 2048 bytes back
Round trip time was 31.4767 milliseconds in repetition 491
tcp_ping received 2048 bytes back
Round trip time was 30.7589 milliseconds in repetition 492
tcp_ping received 2048 bytes back
Round trip time was 34.1372 milliseconds in repetition 493
tcp_ping received 2048 bytes back
Round trip time was 32.6629 milliseconds in repetition 494
tcp_ping received 2048 bytes back
Round trip time was 31.3422 milliseconds in repetition 495
tcp_ping received 2048 bytes back
Round trip time was 34.0942 milliseconds in repetition 496
tcp_ping received 2048 bytes back
Round trip time was 31.0897 milliseconds in repetition 497
tcp_ping received 2048 bytes back
Round trip time was 31.384 milliseconds in repetition 498
tcp_ping received 2048 bytes back
Round trip time was 36.7587 milliseconds in repetition 499
tcp_ping received 2048 bytes back
Round trip time was 32.1527 milliseconds in repetition 500
tcp_ping received 2048 bytes back
Round trip time was 30.7102 milliseconds in repetition 501

 ... clock resolution was 1e-06
TCP Ping:  Statistics over 501 repetitions of 2048 byte messages

RTT : percentile 10: 30.5784, median: 31.6957, percentile 90: 35.3685, average: 32.8952, variance: 22.631

RTT histogram:
30.029 208
32.7482 209
35.4673 49
38.1865 15
40.9057 9
43.6248 1
46.344 3
49.0632 3
51.7823 0
54.5015 0
57.2206 0
59.9398 0
62.659 0
65.3781 0
68.0973 0
70.8165 1
73.5356 1
76.2548 1
78.974 0
81.6931 0
84.4123 1

   median Throughput : 129.229 KB/s   overall Throughput : 124.517 KB/s

