TCP Ping trying to connect to server seti.dibris.unige.it (130.251.61.30) on port 1491

... connected to Pong server: asking for 501 repetitions of 3072 bytes TCP messages
 ... Pong server agreed :-)
tcp_ping received 3072 bytes back
Round trip time was 37.3302 milliseconds in repetition 1
tcp_ping received 3072 bytes back
Round trip time was 25.7252 milliseconds in repetition 2
tcp_ping received 3072 bytes back
Round trip time was 26.0739 milliseconds in repetition 3
tcp_ping received 3072 bytes back
Round trip time was 26.8356 milliseconds in repetition 4
tcp_ping received 3072 bytes back
Round trip time was 26.8986 milliseconds in repetition 5
tcp_ping received 3072 bytes back
Round trip time was 25.3185 milliseconds in repetition 6
tcp_ping received 3072 bytes back
Round trip time was 28.1762 milliseconds in repetition 7
tcp_ping received 3072 bytes back
Round trip time was 27.1022 milliseconds in repetition 8
tcp_ping received 3072 bytes back
Round trip time was 27.3456 milliseconds in repetition 9
tcp_ping received 3072 bytes back
Round trip time was 24.7211 milliseconds in repetition 10
tcp_ping received 3072 bytes back
Round trip time was 25.3202 milliseconds in repetition 11
tcp_ping received 3072 bytes back
Round trip time was 22.1865 milliseconds in repetition 12
tcp_ping received 3072 bytes back
Round trip time was 24.3866 milliseconds in repetition 13
tcp_ping received 3072 bytes back
Round trip time was 23.5896 milliseconds in repetition 14
tcp_ping received 3072 bytes back
Round trip time was 24.6065 milliseconds in repetition 15
tcp_ping received 3072 bytes back
Round trip time was 22.8273 milliseconds in repetition 16
tcp_ping received 3072 bytes back
Round trip time was 24.5863 milliseconds in repetition 17
tcp_ping received 3072 bytes back
Round trip time was 23.037 milliseconds in repetition 18
tcp_ping received 3072 bytes back
Round trip time was 22.5104 milliseconds in repetition 19
tcp_ping received 3072 bytes back
Round trip time was 24.8184 milliseconds in repetition 20
tcp_ping received 3072 bytes back
Round trip time was 22.6853 milliseconds in repetition 21
tcp_ping received 3072 bytes back
Round trip time was 23.8982 milliseconds in repetition 22
tcp_ping received 3072 bytes back
Round trip time was 25.3666 milliseconds in repetition 23
tcp_ping received 3072 bytes back
Round trip time was 22.53 milliseconds in repetition 24
tcp_ping received 3072 bytes back
Round trip time was 21.9935 milliseconds in repetition 25
tcp_ping received 3072 bytes back
Round trip time was 22.3085 milliseconds in repetition 26
tcp_ping received 3072 bytes back
Round trip time was 22.1633 milliseconds in repetition 27
tcp_ping received 3072 bytes back
Round trip time was 22.5384 milliseconds in repetition 28
tcp_ping received 3072 bytes back
Round trip time was 22.1727 milliseconds in repetition 29
tcp_ping received 3072 bytes back
Round trip time was 23.7533 milliseconds in repetition 30
tcp_ping received 3072 bytes back
Round trip time was 22.4328 milliseconds in repetition 31
tcp_ping received 3072 bytes back
Round trip time was 24.6012 milliseconds in repetition 32
tcp_ping received 3072 bytes back
Round trip time was 25.1423 milliseconds in repetition 33
tcp_ping received 3072 bytes back
Round trip time was 21.9878 milliseconds in repetition 34
tcp_ping received 3072 bytes back
Round trip time was 23.1551 milliseconds in repetition 35
tcp_ping received 3072 bytes back
Round trip time was 24.0935 milliseconds in repetition 36
tcp_ping received 3072 bytes back
Round trip time was 21.712 milliseconds in repetition 37
tcp_ping received 3072 bytes back
Round trip time was 23.184 milliseconds in repetition 38
tcp_ping received 3072 bytes back
Round trip time was 22.614 milliseconds in repetition 39
tcp_ping received 3072 bytes back
Round trip time was 21.9981 milliseconds in repetition 40
tcp_ping received 3072 bytes back
Round trip time was 22.0074 milliseconds in repetition 41
tcp_ping received 3072 bytes back
Round trip time was 22.032 milliseconds in repetition 42
tcp_ping received 3072 bytes back
Round trip time was 22.8606 milliseconds in repetition 43
tcp_ping received 3072 bytes back
Round trip time was 22.5587 milliseconds in repetition 44
tcp_ping received 3072 bytes back
Round trip time was 21.6459 milliseconds in repetition 45
tcp_ping received 3072 bytes back
Round trip time was 24.5005 milliseconds in repetition 46
tcp_ping received 3072 bytes back
Round trip time was 28.4777 milliseconds in repetition 47
tcp_ping received 3072 bytes back
Round trip time was 23.1696 milliseconds in repetition 48
tcp_ping received 3072 bytes back
Round trip time was 22.7889 milliseconds in repetition 49
tcp_ping received 3072 bytes back
Round trip time was 24.5624 milliseconds in repetition 50
tcp_ping received 3072 bytes back
Round trip time was 22.7196 milliseconds in repetition 51
tcp_ping received 3072 bytes back
Round trip time was 22.9064 milliseconds in repetition 52
tcp_ping received 3072 bytes back
Round trip time was 22.1735 milliseconds in repetition 53
tcp_ping received 3072 bytes back
Round trip time was 23.2776 milliseconds in repetition 54
tcp_ping received 3072 bytes back
Round trip time was 22.1703 milliseconds in repetition 55
tcp_ping received 3072 bytes back
Round trip time was 22.0356 milliseconds in repetition 56
tcp_ping received 3072 bytes back
Round trip time was 24.522 milliseconds in repetition 57
tcp_ping received 3072 bytes back
Round trip time was 24.2047 milliseconds in repetition 58
tcp_ping received 3072 bytes back
Round trip time was 24.1069 milliseconds in repetition 59
tcp_ping received 3072 bytes back
Round trip time was 25.9634 milliseconds in repetition 60
tcp_ping received 3072 bytes back
Round trip time was 39.17 milliseconds in repetition 61
tcp_ping received 3072 bytes back
Round trip time was 41.9922 milliseconds in repetition 62
tcp_ping received 3072 bytes back
Round trip time was 45.0747 milliseconds in repetition 63
tcp_ping received 3072 bytes back
Round trip time was 44.8414 milliseconds in repetition 64
tcp_ping received 3072 bytes back
Round trip time was 28.2429 milliseconds in repetition 65
tcp_ping received 3072 bytes back
Round trip time was 22.9138 milliseconds in repetition 66
tcp_ping received 3072 bytes back
Round trip time was 25.8558 milliseconds in repetition 67
tcp_ping received 3072 bytes back
Round trip time was 22.3897 milliseconds in repetition 68
tcp_ping received 3072 bytes back
Round trip time was 22.7778 milliseconds in repetition 69
tcp_ping received 3072 bytes back
Round trip time was 27.8657 milliseconds in repetition 70
tcp_ping received 3072 bytes back
Round trip time was 22.4244 milliseconds in repetition 71
tcp_ping received 3072 bytes back
Round trip time was 22.6937 milliseconds in repetition 72
tcp_ping received 3072 bytes back
Round trip time was 22.8694 milliseconds in repetition 73
tcp_ping received 3072 bytes back
Round trip time was 23.373 milliseconds in repetition 74
tcp_ping received 3072 bytes back
Round trip time was 25.9342 milliseconds in repetition 75
tcp_ping received 3072 bytes back
Round trip time was 22.1812 milliseconds in repetition 76
tcp_ping received 3072 bytes back
Round trip time was 22.6481 milliseconds in repetition 77
tcp_ping received 3072 bytes back
Round trip time was 23.9051 milliseconds in repetition 78
tcp_ping received 3072 bytes back
Round trip time was 26.3425 milliseconds in repetition 79
tcp_ping received 3072 bytes back
Round trip time was 22.4734 milliseconds in repetition 80
tcp_ping received 3072 bytes back
Round trip time was 23.8977 milliseconds in repetition 81
tcp_ping received 3072 bytes back
Round trip time was 25.1419 milliseconds in repetition 82
tcp_ping received 3072 bytes back
Round trip time was 44.8462 milliseconds in repetition 83
tcp_ping received 3072 bytes back
Round trip time was 44.1346 milliseconds in repetition 84
tcp_ping received 3072 bytes back
Round trip time was 43.5709 milliseconds in repetition 85
tcp_ping received 3072 bytes back
Round trip time was 24.0977 milliseconds in repetition 86
tcp_ping received 3072 bytes back
Round trip time was 22.8786 milliseconds in repetition 87
tcp_ping received 3072 bytes back
Round trip time was 26.2563 milliseconds in repetition 88
tcp_ping received 3072 bytes back
Round trip time was 24.778 milliseconds in repetition 89
tcp_ping received 3072 bytes back
Round trip time was 28.6644 milliseconds in repetition 90
tcp_ping received 3072 bytes back
Round trip time was 35.1617 milliseconds in repetition 91
tcp_ping received 3072 bytes back
Round trip time was 22.759 milliseconds in repetition 92
tcp_ping received 3072 bytes back
Round trip time was 25.564 milliseconds in repetition 93
tcp_ping received 3072 bytes back
Round trip time was 22.073 milliseconds in repetition 94
tcp_ping received 3072 bytes back
Round trip time was 23.8966 milliseconds in repetition 95
tcp_ping received 3072 bytes back
Round trip time was 22.4383 milliseconds in repetition 96
tcp_ping received 3072 bytes back
Round trip time was 37.9486 milliseconds in repetition 97
tcp_ping received 3072 bytes back
Round trip time was 43.7014 milliseconds in repetition 98
tcp_ping received 3072 bytes back
Round trip time was 25.5233 milliseconds in repetition 99
tcp_ping received 3072 bytes back
Round trip time was 24.9919 milliseconds in repetition 100
tcp_ping received 3072 bytes back
Round trip time was 23.643 milliseconds in repetition 101
tcp_ping received 3072 bytes back
Round trip time was 24.8944 milliseconds in repetition 102
tcp_ping received 3072 bytes back
Round trip time was 22.9588 milliseconds in repetition 103
tcp_ping received 3072 bytes back
Round trip time was 24.6488 milliseconds in repetition 104
tcp_ping received 3072 bytes back
Round trip time was 24.2238 milliseconds in repetition 105
tcp_ping received 3072 bytes back
Round trip time was 23.2556 milliseconds in repetition 106
tcp_ping received 3072 bytes back
Round trip time was 23.2993 milliseconds in repetition 107
tcp_ping received 3072 bytes back
Round trip time was 22.9704 milliseconds in repetition 108
tcp_ping received 3072 bytes back
Round trip time was 24.9409 milliseconds in repetition 109
tcp_ping received 3072 bytes back
Round trip time was 22.9501 milliseconds in repetition 110
tcp_ping received 3072 bytes back
Round trip time was 25.0744 milliseconds in repetition 111
tcp_ping received 3072 bytes back
Round trip time was 25.5302 milliseconds in repetition 112
tcp_ping received 3072 bytes back
Round trip time was 25.3658 milliseconds in repetition 113
tcp_ping received 3072 bytes back
Round trip time was 23.201 milliseconds in repetition 114
tcp_ping received 3072 bytes back
Round trip time was 26.4898 milliseconds in repetition 115
tcp_ping received 3072 bytes back
Round trip time was 34.2827 milliseconds in repetition 116
tcp_ping received 3072 bytes back
Round trip time was 28.7371 milliseconds in repetition 117
tcp_ping received 3072 bytes back
Round trip time was 22.0888 milliseconds in repetition 118
tcp_ping received 3072 bytes back
Round trip time was 23.2819 milliseconds in repetition 119
tcp_ping received 3072 bytes back
Round trip time was 22.1534 milliseconds in repetition 120
tcp_ping received 3072 bytes back
Round trip time was 23.459 milliseconds in repetition 121
tcp_ping received 3072 bytes back
Round trip time was 22.2309 milliseconds in repetition 122
tcp_ping received 3072 bytes back
Round trip time was 22.2446 milliseconds in repetition 123
tcp_ping received 3072 bytes back
Round trip time was 22.9456 milliseconds in repetition 124
tcp_ping received 3072 bytes back
Round trip time was 22.2889 milliseconds in repetition 125
tcp_ping received 3072 bytes back
Round trip time was 22.2825 milliseconds in repetition 126
tcp_ping received 3072 bytes back
Round trip time was 24.6155 milliseconds in repetition 127
tcp_ping received 3072 bytes back
Round trip time was 22.276 milliseconds in repetition 128
tcp_ping received 3072 bytes back
Round trip time was 22.1012 milliseconds in repetition 129
tcp_ping received 3072 bytes back
Round trip time was 22.3296 milliseconds in repetition 130
tcp_ping received 3072 bytes back
Round trip time was 22.747 milliseconds in repetition 131
tcp_ping received 3072 bytes back
Round trip time was 22.1728 milliseconds in repetition 132
tcp_ping received 3072 bytes back
Round trip time was 25.6395 milliseconds in repetition 133
tcp_ping received 3072 bytes back
Round trip time was 102.739 milliseconds in repetition 134
tcp_ping received 3072 bytes back
Round trip time was 21.7291 milliseconds in repetition 135
tcp_ping received 3072 bytes back
Round trip time was 40.9719 milliseconds in repetition 136
tcp_ping received 3072 bytes back
Round trip time was 52.3725 milliseconds in repetition 137
tcp_ping received 3072 bytes back
Round trip time was 40.5827 milliseconds in repetition 138
tcp_ping received 3072 bytes back
Round trip time was 22.6892 milliseconds in repetition 139
tcp_ping received 3072 bytes back
Round trip time was 25.802 milliseconds in repetition 140
tcp_ping received 3072 bytes back
Round trip time was 22.4091 milliseconds in repetition 141
tcp_ping received 3072 bytes back
Round trip time was 22.177 milliseconds in repetition 142
tcp_ping received 3072 bytes back
Round trip time was 23.3756 milliseconds in repetition 143
tcp_ping received 3072 bytes back
Round trip time was 22.0483 milliseconds in repetition 144
tcp_ping received 3072 bytes back
Round trip time was 21.7285 milliseconds in repetition 145
tcp_ping received 3072 bytes back
Round trip time was 25.4718 milliseconds in repetition 146
tcp_ping received 3072 bytes back
Round trip time was 33.3512 milliseconds in repetition 147
tcp_ping received 3072 bytes back
Round trip time was 22.6631 milliseconds in repetition 148
tcp_ping received 3072 bytes back
Round trip time was 24.7363 milliseconds in repetition 149
tcp_ping received 3072 bytes back
Round trip time was 22.9596 milliseconds in repetition 150
tcp_ping received 3072 bytes back
Round trip time was 22.176 milliseconds in repetition 151
tcp_ping received 3072 bytes back
Round trip time was 22.7353 milliseconds in repetition 152
tcp_ping received 3072 bytes back
Round trip time was 22.5829 milliseconds in repetition 153
tcp_ping received 3072 bytes back
Round trip time was 23.201 milliseconds in repetition 154
tcp_ping received 3072 bytes back
Round trip time was 22.304 milliseconds in repetition 155
tcp_ping received 3072 bytes back
Round trip time was 23.2598 milliseconds in repetition 156
tcp_ping received 3072 bytes back
Round trip time was 23.3545 milliseconds in repetition 157
tcp_ping received 3072 bytes back
Round trip time was 22.7126 milliseconds in repetition 158
tcp_ping received 3072 bytes back
Round trip time was 23.6353 milliseconds in repetition 159
tcp_ping received 3072 bytes back
Round trip time was 23.5471 milliseconds in repetition 160
tcp_ping received 3072 bytes back
Round trip time was 25.3668 milliseconds in repetition 161
tcp_ping received 3072 bytes back
Round trip time was 24.248 milliseconds in repetition 162
tcp_ping received 3072 bytes back
Round trip time was 22.6945 milliseconds in repetition 163
tcp_ping received 3072 bytes back
Round trip time was 22.0813 milliseconds in repetition 164
tcp_ping received 3072 bytes back
Round trip time was 21.9713 milliseconds in repetition 165
tcp_ping received 3072 bytes back
Round trip time was 24.0098 milliseconds in repetition 166
tcp_ping received 3072 bytes back
Round trip time was 22.8229 milliseconds in repetition 167
tcp_ping received 3072 bytes back
Round trip time was 22.5893 milliseconds in repetition 168
tcp_ping received 3072 bytes back
Round trip time was 21.7578 milliseconds in repetition 169
tcp_ping received 3072 bytes back
Round trip time was 23.8029 milliseconds in repetition 170
tcp_ping received 3072 bytes back
Round trip time was 24.0828 milliseconds in repetition 171
tcp_ping received 3072 bytes back
Round trip time was 23.3904 milliseconds in repetition 172
tcp_ping received 3072 bytes back
Round trip time was 22.5765 milliseconds in repetition 173
tcp_ping received 3072 bytes back
Round trip time was 22.8493 milliseconds in repetition 174
tcp_ping received 3072 bytes back
Round trip time was 24.9824 milliseconds in repetition 175
tcp_ping received 3072 bytes back
Round trip time was 22.3254 milliseconds in repetition 176
tcp_ping received 3072 bytes back
Round trip time was 23.987 milliseconds in repetition 177
tcp_ping received 3072 bytes back
Round trip time was 22.821 milliseconds in repetition 178
tcp_ping received 3072 bytes back
Round trip time was 22.162 milliseconds in repetition 179
tcp_ping received 3072 bytes back
Round trip time was 21.7721 milliseconds in repetition 180
tcp_ping received 3072 bytes back
Round trip time was 24.3706 milliseconds in repetition 181
tcp_ping received 3072 bytes back
Round trip time was 24.5534 milliseconds in repetition 182
tcp_ping received 3072 bytes back
Round trip time was 23.7983 milliseconds in repetition 183
tcp_ping received 3072 bytes back
Round trip time was 23.5219 milliseconds in repetition 184
tcp_ping received 3072 bytes back
Round trip time was 22.0992 milliseconds in repetition 185
tcp_ping received 3072 bytes back
Round trip time was 21.8784 milliseconds in repetition 186
tcp_ping received 3072 bytes back
Round trip time was 24.965 milliseconds in repetition 187
tcp_ping received 3072 bytes back
Round trip time was 22.8702 milliseconds in repetition 188
tcp_ping received 3072 bytes back
Round trip time was 25.51 milliseconds in repetition 189
tcp_ping received 3072 bytes back
Round trip time was 22.0285 milliseconds in repetition 190
tcp_ping received 3072 bytes back
Round trip time was 21.9384 milliseconds in repetition 191
tcp_ping received 3072 bytes back
Round trip time was 22.4367 milliseconds in repetition 192
tcp_ping received 3072 bytes back
Round trip time was 23.278 milliseconds in repetition 193
tcp_ping received 3072 bytes back
Round trip time was 23.8893 milliseconds in repetition 194
tcp_ping received 3072 bytes back
Round trip time was 23.0816 milliseconds in repetition 195
tcp_ping received 3072 bytes back
Round trip time was 22.747 milliseconds in repetition 196
tcp_ping received 3072 bytes back
Round trip time was 22.7557 milliseconds in repetition 197
tcp_ping received 3072 bytes back
Round trip time was 23.6605 milliseconds in repetition 198
tcp_ping received 3072 bytes back
Round trip time was 21.9043 milliseconds in repetition 199
tcp_ping received 3072 bytes back
Round trip time was 24.1107 milliseconds in repetition 200
tcp_ping received 3072 bytes back
Round trip time was 22.9011 milliseconds in repetition 201
tcp_ping received 3072 bytes back
Round trip time was 22.7158 milliseconds in repetition 202
tcp_ping received 3072 bytes back
Round trip time was 22.7627 milliseconds in repetition 203
tcp_ping received 3072 bytes back
Round trip time was 24.6657 milliseconds in repetition 204
tcp_ping received 3072 bytes back
Round trip time was 24.2245 milliseconds in repetition 205
tcp_ping received 3072 bytes back
Round trip time was 26.0185 milliseconds in repetition 206
tcp_ping received 3072 bytes back
Round trip time was 22.4863 milliseconds in repetition 207
tcp_ping received 3072 bytes back
Round trip time was 21.8487 milliseconds in repetition 208
tcp_ping received 3072 bytes back
Round trip time was 21.912 milliseconds in repetition 209
tcp_ping received 3072 bytes back
Round trip time was 24.5197 milliseconds in repetition 210
tcp_ping received 3072 bytes back
Round trip time was 24.3292 milliseconds in repetition 211
tcp_ping received 3072 bytes back
Round trip time was 22.7284 milliseconds in repetition 212
tcp_ping received 3072 bytes back
Round trip time was 22.6132 milliseconds in repetition 213
tcp_ping received 3072 bytes back
Round trip time was 22.5776 milliseconds in repetition 214
tcp_ping received 3072 bytes back
Round trip time was 23.4061 milliseconds in repetition 215
tcp_ping received 3072 bytes back
Round trip time was 24.9351 milliseconds in repetition 216
tcp_ping received 3072 bytes back
Round trip time was 21.8775 milliseconds in repetition 217
tcp_ping received 3072 bytes back
Round trip time was 23.6371 milliseconds in repetition 218
tcp_ping received 3072 bytes back
Round trip time was 22.4815 milliseconds in repetition 219
tcp_ping received 3072 bytes back
Round trip time was 26.886 milliseconds in repetition 220
tcp_ping received 3072 bytes back
Round trip time was 22.3146 milliseconds in repetition 221
tcp_ping received 3072 bytes back
Round trip time was 22.2743 milliseconds in repetition 222
tcp_ping received 3072 bytes back
Round trip time was 23.3693 milliseconds in repetition 223
tcp_ping received 3072 bytes back
Round trip time was 23.8658 milliseconds in repetition 224
tcp_ping received 3072 bytes back
Round trip time was 23.2407 milliseconds in repetition 225
tcp_ping received 3072 bytes back
Round trip time was 22.3918 milliseconds in repetition 226
tcp_ping received 3072 bytes back
Round trip time was 22.7207 milliseconds in repetition 227
tcp_ping received 3072 bytes back
Round trip time was 22.2899 milliseconds in repetition 228
tcp_ping received 3072 bytes back
Round trip time was 22.1011 milliseconds in repetition 229
tcp_ping received 3072 bytes back
Round trip time was 21.9888 milliseconds in repetition 230
tcp_ping received 3072 bytes back
Round trip time was 22.3825 milliseconds in repetition 231
tcp_ping received 3072 bytes back
Round trip time was 23.5232 milliseconds in repetition 232
tcp_ping received 3072 bytes back
Round trip time was 24.0365 milliseconds in repetition 233
tcp_ping received 3072 bytes back
Round trip time was 22.5228 milliseconds in repetition 234
tcp_ping received 3072 bytes back
Round trip time was 22.6013 milliseconds in repetition 235
tcp_ping received 3072 bytes back
Round trip time was 22.9676 milliseconds in repetition 236
tcp_ping received 3072 bytes back
Round trip time was 23.7624 milliseconds in repetition 237
tcp_ping received 3072 bytes back
Round trip time was 22.5279 milliseconds in repetition 238
tcp_ping received 3072 bytes back
Round trip time was 22.8261 milliseconds in repetition 239
tcp_ping received 3072 bytes back
Round trip time was 22.0879 milliseconds in repetition 240
tcp_ping received 3072 bytes back
Round trip time was 24.6749 milliseconds in repetition 241
tcp_ping received 3072 bytes back
Round trip time was 22.3464 milliseconds in repetition 242
tcp_ping received 3072 bytes back
Round trip time was 23.1673 milliseconds in repetition 243
tcp_ping received 3072 bytes back
Round trip time was 22.4733 milliseconds in repetition 244
tcp_ping received 3072 bytes back
Round trip time was 22.0526 milliseconds in repetition 245
tcp_ping received 3072 bytes back
Round trip time was 24.8699 milliseconds in repetition 246
tcp_ping received 3072 bytes back
Round trip time was 22.5349 milliseconds in repetition 247
tcp_ping received 3072 bytes back
Round trip time was 22.1301 milliseconds in repetition 248
tcp_ping received 3072 bytes back
Round trip time was 22.7663 milliseconds in repetition 249
tcp_ping received 3072 bytes back
Round trip time was 22.2156 milliseconds in repetition 250
tcp_ping received 3072 bytes back
Round trip time was 21.9912 milliseconds in repetition 251
tcp_ping received 3072 bytes back
Round trip time was 22.182 milliseconds in repetition 252
tcp_ping received 3072 bytes back
Round trip time was 22.486 milliseconds in repetition 253
tcp_ping received 3072 bytes back
Round trip time was 23.7792 milliseconds in repetition 254
tcp_ping received 3072 bytes back
Round trip time was 23.7604 milliseconds in repetition 255
tcp_ping received 3072 bytes back
Round trip time was 35.0734 milliseconds in repetition 256
tcp_ping received 3072 bytes back
Round trip time was 21.9399 milliseconds in repetition 257
tcp_ping received 3072 bytes back
Round trip time was 25.0625 milliseconds in repetition 258
tcp_ping received 3072 bytes back
Round trip time was 26.3329 milliseconds in repetition 259
tcp_ping received 3072 bytes back
Round trip time was 25.7981 milliseconds in repetition 260
tcp_ping received 3072 bytes back
Round trip time was 22.79 milliseconds in repetition 261
tcp_ping received 3072 bytes back
Round trip time was 21.9039 milliseconds in repetition 262
tcp_ping received 3072 bytes back
Round trip time was 22.0108 milliseconds in repetition 263
tcp_ping received 3072 bytes back
Round trip time was 22.6753 milliseconds in repetition 264
tcp_ping received 3072 bytes back
Round trip time was 25.3586 milliseconds in repetition 265
tcp_ping received 3072 bytes back
Round trip time was 23.0731 milliseconds in repetition 266
tcp_ping received 3072 bytes back
Round trip time was 22.3957 milliseconds in repetition 267
tcp_ping received 3072 bytes back
Round trip time was 23.7601 milliseconds in repetition 268
tcp_ping received 3072 bytes back
Round trip time was 22.0475 milliseconds in repetition 269
tcp_ping received 3072 bytes back
Round trip time was 22.2033 milliseconds in repetition 270
tcp_ping received 3072 bytes back
Round trip time was 22.6365 milliseconds in repetition 271
tcp_ping received 3072 bytes back
Round trip time was 24.9303 milliseconds in repetition 272
tcp_ping received 3072 bytes back
Round trip time was 29.083 milliseconds in repetition 273
tcp_ping received 3072 bytes back
Round trip time was 30.4259 milliseconds in repetition 274
tcp_ping received 3072 bytes back
Round trip time was 24.4619 milliseconds in repetition 275
tcp_ping received 3072 bytes back
Round trip time was 22.1806 milliseconds in repetition 276
tcp_ping received 3072 bytes back
Round trip time was 21.6136 milliseconds in repetition 277
tcp_ping received 3072 bytes back
Round trip time was 22.493 milliseconds in repetition 278
tcp_ping received 3072 bytes back
Round trip time was 22.0039 milliseconds in repetition 279
tcp_ping received 3072 bytes back
Round trip time was 22.2532 milliseconds in repetition 280
tcp_ping received 3072 bytes back
Round trip time was 21.9999 milliseconds in repetition 281
tcp_ping received 3072 bytes back
Round trip time was 21.9611 milliseconds in repetition 282
tcp_ping received 3072 bytes back
Round trip time was 22.0516 milliseconds in repetition 283
tcp_ping received 3072 bytes back
Round trip time was 23.7866 milliseconds in repetition 284
tcp_ping received 3072 bytes back
Round trip time was 24.5817 milliseconds in repetition 285
tcp_ping received 3072 bytes back
Round trip time was 23.7205 milliseconds in repetition 286
tcp_ping received 3072 bytes back
Round trip time was 24.8106 milliseconds in repetition 287
tcp_ping received 3072 bytes back
Round trip time was 23.5629 milliseconds in repetition 288
tcp_ping received 3072 bytes back
Round trip time was 21.9401 milliseconds in repetition 289
tcp_ping received 3072 bytes back
Round trip time was 22.3149 milliseconds in repetition 290
tcp_ping received 3072 bytes back
Round trip time was 22.8567 milliseconds in repetition 291
tcp_ping received 3072 bytes back
Round trip time was 23.279 milliseconds in repetition 292
tcp_ping received 3072 bytes back
Round trip time was 23.2367 milliseconds in repetition 293
tcp_ping received 3072 bytes back
Round trip time was 22.9341 milliseconds in repetition 294
tcp_ping received 3072 bytes back
Round trip time was 24.2388 milliseconds in repetition 295
tcp_ping received 3072 bytes back
Round trip time was 24.4851 milliseconds in repetition 296
tcp_ping received 3072 bytes back
Round trip time was 28.4817 milliseconds in repetition 297
tcp_ping received 3072 bytes back
Round trip time was 26.4089 milliseconds in repetition 298
tcp_ping received 3072 bytes back
Round trip time was 23.2225 milliseconds in repetition 299
tcp_ping received 3072 bytes back
Round trip time was 23.1033 milliseconds in repetition 300
tcp_ping received 3072 bytes back
Round trip time was 23.7624 milliseconds in repetition 301
tcp_ping received 3072 bytes back
Round trip time was 22.9496 milliseconds in repetition 302
tcp_ping received 3072 bytes back
Round trip time was 64.1044 milliseconds in repetition 303
tcp_ping received 3072 bytes back
Round trip time was 21.9328 milliseconds in repetition 304
tcp_ping received 3072 bytes back
Round trip time was 24.7855 milliseconds in repetition 305
tcp_ping received 3072 bytes back
Round trip time was 22.1981 milliseconds in repetition 306
tcp_ping received 3072 bytes back
Round trip time was 22.407 milliseconds in repetition 307
tcp_ping received 3072 bytes back
Round trip time was 22.1965 milliseconds in repetition 308
tcp_ping received 3072 bytes back
Round trip time was 22.9209 milliseconds in repetition 309
tcp_ping received 3072 bytes back
Round trip time was 25.4202 milliseconds in repetition 310
tcp_ping received 3072 bytes back
Round trip time was 22.73 milliseconds in repetition 311
tcp_ping received 3072 bytes back
Round trip time was 22.8226 milliseconds in repetition 312
tcp_ping received 3072 bytes back
Round trip time was 22.2765 milliseconds in repetition 313
tcp_ping received 3072 bytes back
Round trip time was 23.2499 milliseconds in repetition 314
tcp_ping received 3072 bytes back
Round trip time was 25.249 milliseconds in repetition 315
tcp_ping received 3072 bytes back
Round trip time was 23.5315 milliseconds in repetition 316
tcp_ping received 3072 bytes back
Round trip time was 25.5474 milliseconds in repetition 317
tcp_ping received 3072 bytes back
Round trip time was 24.4224 milliseconds in repetition 318
tcp_ping received 3072 bytes back
Round trip time was 23.1912 milliseconds in repetition 319
tcp_ping received 3072 bytes back
Round trip time was 22.2397 milliseconds in repetition 320
tcp_ping received 3072 bytes back
Round trip time was 24.4878 milliseconds in repetition 321
tcp_ping received 3072 bytes back
Round trip time was 22.0995 milliseconds in repetition 322
tcp_ping received 3072 bytes back
Round trip time was 22.0372 milliseconds in repetition 323
tcp_ping received 3072 bytes back
Round trip time was 37.418 milliseconds in repetition 324
tcp_ping received 3072 bytes back
Round trip time was 38.3481 milliseconds in repetition 325
tcp_ping received 3072 bytes back
Round trip time was 38.1445 milliseconds in repetition 326
tcp_ping received 3072 bytes back
Round trip time was 22.3977 milliseconds in repetition 327
tcp_ping received 3072 bytes back
Round trip time was 26.2818 milliseconds in repetition 328
tcp_ping received 3072 bytes back
Round trip time was 26.1715 milliseconds in repetition 329
tcp_ping received 3072 bytes back
Round trip time was 21.9308 milliseconds in repetition 330
tcp_ping received 3072 bytes back
Round trip time was 22.2833 milliseconds in repetition 331
tcp_ping received 3072 bytes back
Round trip time was 22.5083 milliseconds in repetition 332
tcp_ping received 3072 bytes back
Round trip time was 23.0957 milliseconds in repetition 333
tcp_ping received 3072 bytes back
Round trip time was 22.2958 milliseconds in repetition 334
tcp_ping received 3072 bytes back
Round trip time was 22.9394 milliseconds in repetition 335
tcp_ping received 3072 bytes back
Round trip time was 25.7736 milliseconds in repetition 336
tcp_ping received 3072 bytes back
Round trip time was 22.7941 milliseconds in repetition 337
tcp_ping received 3072 bytes back
Round trip time was 24.474 milliseconds in repetition 338
tcp_ping received 3072 bytes back
Round trip time was 23.3531 milliseconds in repetition 339
tcp_ping received 3072 bytes back
Round trip time was 22.6082 milliseconds in repetition 340
tcp_ping received 3072 bytes back
Round trip time was 22.0651 milliseconds in repetition 341
tcp_ping received 3072 bytes back
Round trip time was 22.7081 milliseconds in repetition 342
tcp_ping received 3072 bytes back
Round trip time was 23.4755 milliseconds in repetition 343
tcp_ping received 3072 bytes back
Round trip time was 25.9532 milliseconds in repetition 344
tcp_ping received 3072 bytes back
Round trip time was 24.4749 milliseconds in repetition 345
tcp_ping received 3072 bytes back
Round trip time was 24.725 milliseconds in repetition 346
tcp_ping received 3072 bytes back
Round trip time was 23.9998 milliseconds in repetition 347
tcp_ping received 3072 bytes back
Round trip time was 22.7766 milliseconds in repetition 348
tcp_ping received 3072 bytes back
Round trip time was 22.0187 milliseconds in repetition 349
tcp_ping received 3072 bytes back
Round trip time was 23.858 milliseconds in repetition 350
tcp_ping received 3072 bytes back
Round trip time was 22.9856 milliseconds in repetition 351
tcp_ping received 3072 bytes back
Round trip time was 22.8444 milliseconds in repetition 352
tcp_ping received 3072 bytes back
Round trip time was 21.9122 milliseconds in repetition 353
tcp_ping received 3072 bytes back
Round trip time was 24.4213 milliseconds in repetition 354
tcp_ping received 3072 bytes back
Round trip time was 23.2004 milliseconds in repetition 355
tcp_ping received 3072 bytes back
Round trip time was 22.2269 milliseconds in repetition 356
tcp_ping received 3072 bytes back
Round trip time was 24.4025 milliseconds in repetition 357
tcp_ping received 3072 bytes back
Round trip time was 23.8146 milliseconds in repetition 358
tcp_ping received 3072 bytes back
Round trip time was 23.0663 milliseconds in repetition 359
tcp_ping received 3072 bytes back
Round trip time was 23.0604 milliseconds in repetition 360
tcp_ping received 3072 bytes back
Round trip time was 22.7731 milliseconds in repetition 361
tcp_ping received 3072 bytes back
Round trip time was 22.3482 milliseconds in repetition 362
tcp_ping received 3072 bytes back
Round trip time was 21.742 milliseconds in repetition 363
tcp_ping received 3072 bytes back
Round trip time was 24.7766 milliseconds in repetition 364
tcp_ping received 3072 bytes back
Round trip time was 22.6098 milliseconds in repetition 365
tcp_ping received 3072 bytes back
Round trip time was 21.9795 milliseconds in repetition 366
tcp_ping received 3072 bytes back
Round trip time was 24.46 milliseconds in repetition 367
tcp_ping received 3072 bytes back
Round trip time was 26.1614 milliseconds in repetition 368
tcp_ping received 3072 bytes back
Round trip time was 24.79 milliseconds in repetition 369
tcp_ping received 3072 bytes back
Round trip time was 22.7233 milliseconds in repetition 370
tcp_ping received 3072 bytes back
Round trip time was 22.1748 milliseconds in repetition 371
tcp_ping received 3072 bytes back
Round trip time was 22.4711 milliseconds in repetition 372
tcp_ping received 3072 bytes back
Round trip time was 23.7702 milliseconds in repetition 373
tcp_ping received 3072 bytes back
Round trip time was 24.3376 milliseconds in repetition 374
tcp_ping received 3072 bytes back
Round trip time was 25.9902 milliseconds in repetition 375
tcp_ping received 3072 bytes back
Round trip time was 27.068 milliseconds in repetition 376
tcp_ping received 3072 bytes back
Round trip time was 21.8855 milliseconds in repetition 377
tcp_ping received 3072 bytes back
Round trip time was 24.9681 milliseconds in repetition 378
tcp_ping received 3072 bytes back
Round trip time was 22.8297 milliseconds in repetition 379
tcp_ping received 3072 bytes back
Round trip time was 23.9032 milliseconds in repetition 380
tcp_ping received 3072 bytes back
Round trip time was 22.459 milliseconds in repetition 381
tcp_ping received 3072 bytes back
Round trip time was 25.4688 milliseconds in repetition 382
tcp_ping received 3072 bytes back
Round trip time was 22.2656 milliseconds in repetition 383
tcp_ping received 3072 bytes back
Round trip time was 23.5304 milliseconds in repetition 384
tcp_ping received 3072 bytes back
Round trip time was 23.2236 milliseconds in repetition 385
tcp_ping received 3072 bytes back
Round trip time was 24.5122 milliseconds in repetition 386
tcp_ping received 3072 bytes back
Round trip time was 23.7697 milliseconds in repetition 387
tcp_ping received 3072 bytes back
Round trip time was 23.291 milliseconds in repetition 388
tcp_ping received 3072 bytes back
Round trip time was 22.5169 milliseconds in repetition 389
tcp_ping received 3072 bytes back
Round trip time was 23.6643 milliseconds in repetition 390
tcp_ping received 3072 bytes back
Round trip time was 23.9812 milliseconds in repetition 391
tcp_ping received 3072 bytes back
Round trip time was 23.4101 milliseconds in repetition 392
tcp_ping received 3072 bytes back
Round trip time was 22.4301 milliseconds in repetition 393
tcp_ping received 3072 bytes back
Round trip time was 21.9611 milliseconds in repetition 394
tcp_ping received 3072 bytes back
Round trip time was 22.8755 milliseconds in repetition 395
tcp_ping received 3072 bytes back
Round trip time was 22.0691 milliseconds in repetition 396
tcp_ping received 3072 bytes back
Round trip time was 23.1209 milliseconds in repetition 397
tcp_ping received 3072 bytes back
Round trip time was 22.1761 milliseconds in repetition 398
tcp_ping received 3072 bytes back
Round trip time was 25.98 milliseconds in repetition 399
tcp_ping received 3072 bytes back
Round trip time was 28.7638 milliseconds in repetition 400
tcp_ping received 3072 bytes back
Round trip time was 33.1283 milliseconds in repetition 401
tcp_ping received 3072 bytes back
Round trip time was 22.9123 milliseconds in repetition 402
tcp_ping received 3072 bytes back
Round trip time was 22.1503 milliseconds in repetition 403
tcp_ping received 3072 bytes back
Round trip time was 22.0816 milliseconds in repetition 404
tcp_ping received 3072 bytes back
Round trip time was 23.053 milliseconds in repetition 405
tcp_ping received 3072 bytes back
Round trip time was 23.6381 milliseconds in repetition 406
tcp_ping received 3072 bytes back
Round trip time was 21.9385 milliseconds in repetition 407
tcp_ping received 3072 bytes back
Round trip time was 22.6566 milliseconds in repetition 408
tcp_ping received 3072 bytes back
Round trip time was 24.4111 milliseconds in repetition 409
tcp_ping received 3072 bytes back
Round trip time was 23.3399 milliseconds in repetition 410
tcp_ping received 3072 bytes back
Round trip time was 22.9871 milliseconds in repetition 411
tcp_ping received 3072 bytes back
Round trip time was 22.1085 milliseconds in repetition 412
tcp_ping received 3072 bytes back
Round trip time was 22.7363 milliseconds in repetition 413
tcp_ping received 3072 bytes back
Round trip time was 22.2747 milliseconds in repetition 414
tcp_ping received 3072 bytes back
Round trip time was 22.7362 milliseconds in repetition 415
tcp_ping received 3072 bytes back
Round trip time was 21.9575 milliseconds in repetition 416
tcp_ping received 3072 bytes back
Round trip time was 22.3529 milliseconds in repetition 417
tcp_ping received 3072 bytes back
Round trip time was 23.3277 milliseconds in repetition 418
tcp_ping received 3072 bytes back
Round trip time was 26.2979 milliseconds in repetition 419
tcp_ping received 3072 bytes back
Round trip time was 24.3001 milliseconds in repetition 420
tcp_ping received 3072 bytes back
Round trip time was 22.9095 milliseconds in repetition 421
tcp_ping received 3072 bytes back
Round trip time was 25.3897 milliseconds in repetition 422
tcp_ping received 3072 bytes back
Round trip time was 22.1336 milliseconds in repetition 423
tcp_ping received 3072 bytes back
Round trip time was 22.1448 milliseconds in repetition 424
tcp_ping received 3072 bytes back
Round trip time was 22.1246 milliseconds in repetition 425
tcp_ping received 3072 bytes back
Round trip time was 25.2043 milliseconds in repetition 426
tcp_ping received 3072 bytes back
Round trip time was 22.532 milliseconds in repetition 427
tcp_ping received 3072 bytes back
Round trip time was 22.1628 milliseconds in repetition 428
tcp_ping received 3072 bytes back
Round trip time was 25.0857 milliseconds in repetition 429
tcp_ping received 3072 bytes back
Round trip time was 23.4544 milliseconds in repetition 430
tcp_ping received 3072 bytes back
Round trip time was 22.3162 milliseconds in repetition 431
tcp_ping received 3072 bytes back
Round trip time was 23.1671 milliseconds in repetition 432
tcp_ping received 3072 bytes back
Round trip time was 24.3273 milliseconds in repetition 433
tcp_ping received 3072 bytes back
Round trip time was 22.2299 milliseconds in repetition 434
tcp_ping received 3072 bytes back
Round trip time was 24.2309 milliseconds in repetition 435
tcp_ping received 3072 bytes back
Round trip time was 21.9876 milliseconds in repetition 436
tcp_ping received 3072 bytes back
Round trip time was 21.9305 milliseconds in repetition 437
tcp_ping received 3072 bytes back
Round trip time was 22.1496 milliseconds in repetition 438
tcp_ping received 3072 bytes back
Round trip time was 22.4604 milliseconds in repetition 439
tcp_ping received 3072 bytes back
Round trip time was 22.1498 milliseconds in repetition 440
tcp_ping received 3072 bytes back
Round trip time was 24.4409 milliseconds in repetition 441
tcp_ping received 3072 bytes back
Round trip time was 24.7962 milliseconds in repetition 442
tcp_ping received 3072 bytes back
Round trip time was 22.33 milliseconds in repetition 443
tcp_ping received 3072 bytes back
Round trip time was 24.884 milliseconds in repetition 444
tcp_ping received 3072 bytes back
Round trip time was 22.0003 milliseconds in repetition 445
tcp_ping received 3072 bytes back
Round trip time was 26.3632 milliseconds in repetition 446
tcp_ping received 3072 bytes back
Round trip time was 21.9106 milliseconds in repetition 447
tcp_ping received 3072 bytes back
Round trip time was 22.5209 milliseconds in repetition 448
tcp_ping received 3072 bytes back
Round trip time was 22.9612 milliseconds in repetition 449
tcp_ping received 3072 bytes back
Round trip time was 24.3556 milliseconds in repetition 450
tcp_ping received 3072 bytes back
Round trip time was 22.1242 milliseconds in repetition 451
tcp_ping received 3072 bytes back
Round trip time was 21.4838 milliseconds in repetition 452
tcp_ping received 3072 bytes back
Round trip time was 22.1353 milliseconds in repetition 453
tcp_ping received 3072 bytes back
Round trip time was 22.5824 milliseconds in repetition 454
tcp_ping received 3072 bytes back
Round trip time was 23.4103 milliseconds in repetition 455
tcp_ping received 3072 bytes back
Round trip time was 24.0543 milliseconds in repetition 456
tcp_ping received 3072 bytes back
Round trip time was 24.3382 milliseconds in repetition 457
tcp_ping received 3072 bytes back
Round trip time was 22.3628 milliseconds in repetition 458
tcp_ping received 3072 bytes back
Round trip time was 23.8377 milliseconds in repetition 459
tcp_ping received 3072 bytes back
Round trip time was 22.4697 milliseconds in repetition 460
tcp_ping received 3072 bytes back
Round trip time was 22.2201 milliseconds in repetition 461
tcp_ping received 3072 bytes back
Round trip time was 23.6396 milliseconds in repetition 462
tcp_ping received 3072 bytes back
Round trip time was 21.7453 milliseconds in repetition 463
tcp_ping received 3072 bytes back
Round trip time was 22.7405 milliseconds in repetition 464
tcp_ping received 3072 bytes back
Round trip time was 24.6085 milliseconds in repetition 465
tcp_ping received 3072 bytes back
Round trip time was 23.5251 milliseconds in repetition 466
tcp_ping received 3072 bytes back
Round trip time was 24.1002 milliseconds in repetition 467
tcp_ping received 3072 bytes back
Round trip time was 22.364 milliseconds in repetition 468
tcp_ping received 3072 bytes back
Round trip time was 22.2725 milliseconds in repetition 469
tcp_ping received 3072 bytes back
Round trip time was 24.1283 milliseconds in repetition 470
tcp_ping received 3072 bytes back
Round trip time was 21.9992 milliseconds in repetition 471
tcp_ping received 3072 bytes back
Round trip time was 21.8269 milliseconds in repetition 472
tcp_ping received 3072 bytes back
Round trip time was 22.7148 milliseconds in repetition 473
tcp_ping received 3072 bytes back
Round trip time was 23.046 milliseconds in repetition 474
tcp_ping received 3072 bytes back
Round trip time was 24.1476 milliseconds in repetition 475
tcp_ping received 3072 bytes back
Round trip time was 22.3956 milliseconds in repetition 476
tcp_ping received 3072 bytes back
Round trip time was 22.7764 milliseconds in repetition 477
tcp_ping received 3072 bytes back
Round trip time was 23.8407 milliseconds in repetition 478
tcp_ping received 3072 bytes back
Round trip time was 24.1462 milliseconds in repetition 479
tcp_ping received 3072 bytes back
Round trip time was 21.7775 milliseconds in repetition 480
tcp_ping received 3072 bytes back
Round trip time was 23.3567 milliseconds in repetition 481
tcp_ping received 3072 bytes back
Round trip time was 21.9939 milliseconds in repetition 482
tcp_ping received 3072 bytes back
Round trip time was 23.6706 milliseconds in repetition 483
tcp_ping received 3072 bytes back
Round trip time was 23.5923 milliseconds in repetition 484
tcp_ping received 3072 bytes back
Round trip time was 27.4743 milliseconds in repetition 485
tcp_ping received 3072 bytes back
Round trip time was 26.2131 milliseconds in repetition 486
tcp_ping received 3072 bytes back
Round trip time was 22.1543 milliseconds in repetition 487
tcp_ping received 3072 bytes back
Round trip time was 23.6041 milliseconds in repetition 488
tcp_ping received 3072 bytes back
Round trip time was 22.001 milliseconds in repetition 489
tcp_ping received 3072 bytes back
Round trip time was 22.0948 milliseconds in repetition 490
tcp_ping received 3072 bytes back
Round trip time was 22.4483 milliseconds in repetition 491
tcp_ping received 3072 bytes back
Round trip time was 22.2066 milliseconds in repetition 492
tcp_ping received 3072 bytes back
Round trip time was 22.6435 milliseconds in repetition 493
tcp_ping received 3072 bytes back
Round trip time was 22.5612 milliseconds in repetition 494
tcp_ping received 3072 bytes back
Round trip time was 24.0154 milliseconds in repetition 495
tcp_ping received 3072 bytes back
Round trip time was 23.4746 milliseconds in repetition 496
tcp_ping received 3072 bytes back
Round trip time was 22.0863 milliseconds in repetition 497
tcp_ping received 3072 bytes back
Round trip time was 21.9886 milliseconds in repetition 498
tcp_ping received 3072 bytes back
Round trip time was 22.5447 milliseconds in repetition 499
tcp_ping received 3072 bytes back
Round trip time was 25.2778 milliseconds in repetition 500
tcp_ping received 3072 bytes back
Round trip time was 24.2068 milliseconds in repetition 501

 ... clock resolution was 1e-06
TCP Ping:  Statistics over 501 repetitions of 3072 byte messages

RTT : percentile 10: 22.032, median: 23.053, percentile 90: 26.1614, average: 24.3739, variance: 29.6447

RTT histogram:
21.4838 296
25.5466 172
29.6093 10
33.6721 5
37.7348 6
41.7976 5
45.8603 4
49.9231 0
53.9858 1
58.0486 0
62.1113 1
66.1741 0
70.2369 0
74.2996 0
78.3624 0
82.4251 0
86.4879 0
90.5506 0
94.6134 0
98.6761 0
102.739 1

   median Throughput : 266.516 KB/s   overall Throughput : 252.073 KB/s

