TCP Ping trying to connect to server seti.dibris.unige.it (130.251.61.30) on port 1491

... connected to Pong server: asking for 501 repetitions of 65536 bytes TCP messages
 ... Pong server agreed :-)
tcp_ping received 65536 bytes back
Round trip time was 171.703 milliseconds in repetition 1
tcp_ping received 65536 bytes back
Round trip time was 81.0161 milliseconds in repetition 2
tcp_ping received 65536 bytes back
Round trip time was 51.9724 milliseconds in repetition 3
tcp_ping received 65536 bytes back
Round trip time was 52.7131 milliseconds in repetition 4
tcp_ping received 65536 bytes back
Round trip time was 52.6798 milliseconds in repetition 5
tcp_ping received 65536 bytes back
Round trip time was 48.4909 milliseconds in repetition 6
tcp_ping received 65536 bytes back
Round trip time was 59.6045 milliseconds in repetition 7
tcp_ping received 65536 bytes back
Round trip time was 51.4565 milliseconds in repetition 8
tcp_ping received 65536 bytes back
Round trip time was 49.6585 milliseconds in repetition 9
tcp_ping received 65536 bytes back
Round trip time was 64.1387 milliseconds in repetition 10
tcp_ping received 65536 bytes back
Round trip time was 49.4259 milliseconds in repetition 11
tcp_ping received 65536 bytes back
Round trip time was 52.93 milliseconds in repetition 12
tcp_ping received 65536 bytes back
Round trip time was 50.7573 milliseconds in repetition 13
tcp_ping received 65536 bytes back
Round trip time was 49.9776 milliseconds in repetition 14
tcp_ping received 65536 bytes back
Round trip time was 51.1231 milliseconds in repetition 15
tcp_ping received 65536 bytes back
Round trip time was 49.2215 milliseconds in repetition 16
tcp_ping received 65536 bytes back
Round trip time was 51.2867 milliseconds in repetition 17
tcp_ping received 65536 bytes back
Round trip time was 49.8724 milliseconds in repetition 18
tcp_ping received 65536 bytes back
Round trip time was 53.2583 milliseconds in repetition 19
tcp_ping received 65536 bytes back
Round trip time was 53.1408 milliseconds in repetition 20
tcp_ping received 65536 bytes back
Round trip time was 54.2227 milliseconds in repetition 21
tcp_ping received 65536 bytes back
Round trip time was 67.5386 milliseconds in repetition 22
tcp_ping received 65536 bytes back
Round trip time was 57.3273 milliseconds in repetition 23
tcp_ping received 65536 bytes back
Round trip time was 55.2686 milliseconds in repetition 24
tcp_ping received 65536 bytes back
Round trip time was 50.4853 milliseconds in repetition 25
tcp_ping received 65536 bytes back
Round trip time was 47.6242 milliseconds in repetition 26
tcp_ping received 65536 bytes back
Round trip time was 50.9505 milliseconds in repetition 27
tcp_ping received 65536 bytes back
Round trip time was 52.6757 milliseconds in repetition 28
tcp_ping received 65536 bytes back
Round trip time was 47.1858 milliseconds in repetition 29
tcp_ping received 65536 bytes back
Round trip time was 49.4721 milliseconds in repetition 30
tcp_ping received 65536 bytes back
Round trip time was 51.2741 milliseconds in repetition 31
tcp_ping received 65536 bytes back
Round trip time was 49.3003 milliseconds in repetition 32
tcp_ping received 65536 bytes back
Round trip time was 56.0181 milliseconds in repetition 33
tcp_ping received 65536 bytes back
Round trip time was 53.5169 milliseconds in repetition 34
tcp_ping received 65536 bytes back
Round trip time was 49.801 milliseconds in repetition 35
tcp_ping received 65536 bytes back
Round trip time was 51.0484 milliseconds in repetition 36
tcp_ping received 65536 bytes back
Round trip time was 55.9378 milliseconds in repetition 37
tcp_ping received 65536 bytes back
Round trip time was 51.1049 milliseconds in repetition 38
tcp_ping received 65536 bytes back
Round trip time was 52.7228 milliseconds in repetition 39
tcp_ping received 65536 bytes back
Round trip time was 55.723 milliseconds in repetition 40
tcp_ping received 65536 bytes back
Round trip time was 52.0106 milliseconds in repetition 41
tcp_ping received 65536 bytes back
Round trip time was 54.0283 milliseconds in repetition 42
tcp_ping received 65536 bytes back
Round trip time was 52.0183 milliseconds in repetition 43
tcp_ping received 65536 bytes back
Round trip time was 45.2404 milliseconds in repetition 44
tcp_ping received 65536 bytes back
Round trip time was 51.5566 milliseconds in repetition 45
tcp_ping received 65536 bytes back
Round trip time was 47.7007 milliseconds in repetition 46
tcp_ping received 65536 bytes back
Round trip time was 50.5346 milliseconds in repetition 47
tcp_ping received 65536 bytes back
Round trip time was 50.687 milliseconds in repetition 48
tcp_ping received 65536 bytes back
Round trip time was 53.5199 milliseconds in repetition 49
tcp_ping received 65536 bytes back
Round trip time was 79.4512 milliseconds in repetition 50
tcp_ping received 65536 bytes back
Round trip time was 57.7425 milliseconds in repetition 51
tcp_ping received 65536 bytes back
Round trip time was 48.5466 milliseconds in repetition 52
tcp_ping received 65536 bytes back
Round trip time was 51.6206 milliseconds in repetition 53
tcp_ping received 65536 bytes back
Round trip time was 49.8436 milliseconds in repetition 54
tcp_ping received 65536 bytes back
Round trip time was 49.9994 milliseconds in repetition 55
tcp_ping received 65536 bytes back
Round trip time was 47.8616 milliseconds in repetition 56
tcp_ping received 65536 bytes back
Round trip time was 48.1484 milliseconds in repetition 57
tcp_ping received 65536 bytes back
Round trip time was 49.5962 milliseconds in repetition 58
tcp_ping received 65536 bytes back
Round trip time was 51.2222 milliseconds in repetition 59
tcp_ping received 65536 bytes back
Round trip time was 51.4923 milliseconds in repetition 60
tcp_ping received 65536 bytes back
Round trip time was 52.1876 milliseconds in repetition 61
tcp_ping received 65536 bytes back
Round trip time was 50.4047 milliseconds in repetition 62
tcp_ping received 65536 bytes back
Round trip time was 48.6557 milliseconds in repetition 63
tcp_ping received 65536 bytes back
Round trip time was 50.7262 milliseconds in repetition 64
tcp_ping received 65536 bytes back
Round trip time was 51.6998 milliseconds in repetition 65
tcp_ping received 65536 bytes back
Round trip time was 47.3397 milliseconds in repetition 66
tcp_ping received 65536 bytes back
Round trip time was 49.027 milliseconds in repetition 67
tcp_ping received 65536 bytes back
Round trip time was 53.8835 milliseconds in repetition 68
tcp_ping received 65536 bytes back
Round trip time was 51.9359 milliseconds in repetition 69
tcp_ping received 65536 bytes back
Round trip time was 50.0108 milliseconds in repetition 70
tcp_ping received 65536 bytes back
Round trip time was 47.0931 milliseconds in repetition 71
tcp_ping received 65536 bytes back
Round trip time was 51.1586 milliseconds in repetition 72
tcp_ping received 65536 bytes back
Round trip time was 47.7161 milliseconds in repetition 73
tcp_ping received 65536 bytes back
Round trip time was 49.8226 milliseconds in repetition 74
tcp_ping received 65536 bytes back
Round trip time was 49.5495 milliseconds in repetition 75
tcp_ping received 65536 bytes back
Round trip time was 50.1508 milliseconds in repetition 76
tcp_ping received 65536 bytes back
Round trip time was 50.2382 milliseconds in repetition 77
tcp_ping received 65536 bytes back
Round trip time was 49.9652 milliseconds in repetition 78
tcp_ping received 65536 bytes back
Round trip time was 50.446 milliseconds in repetition 79
tcp_ping received 65536 bytes back
Round trip time was 47.9191 milliseconds in repetition 80
tcp_ping received 65536 bytes back
Round trip time was 48.0715 milliseconds in repetition 81
tcp_ping received 65536 bytes back
Round trip time was 58.2276 milliseconds in repetition 82
tcp_ping received 65536 bytes back
Round trip time was 49.4715 milliseconds in repetition 83
tcp_ping received 65536 bytes back
Round trip time was 51.1411 milliseconds in repetition 84
tcp_ping received 65536 bytes back
Round trip time was 48.2989 milliseconds in repetition 85
tcp_ping received 65536 bytes back
Round trip time was 48.4176 milliseconds in repetition 86
tcp_ping received 65536 bytes back
Round trip time was 50.275 milliseconds in repetition 87
tcp_ping received 65536 bytes back
Round trip time was 50.0661 milliseconds in repetition 88
tcp_ping received 65536 bytes back
Round trip time was 47.7477 milliseconds in repetition 89
tcp_ping received 65536 bytes back
Round trip time was 51.7815 milliseconds in repetition 90
tcp_ping received 65536 bytes back
Round trip time was 49.1781 milliseconds in repetition 91
tcp_ping received 65536 bytes back
Round trip time was 46.764 milliseconds in repetition 92
tcp_ping received 65536 bytes back
Round trip time was 46.9397 milliseconds in repetition 93
tcp_ping received 65536 bytes back
Round trip time was 50.3162 milliseconds in repetition 94
tcp_ping received 65536 bytes back
Round trip time was 47.932 milliseconds in repetition 95
tcp_ping received 65536 bytes back
Round trip time was 49.6789 milliseconds in repetition 96
tcp_ping received 65536 bytes back
Round trip time was 48.5167 milliseconds in repetition 97
tcp_ping received 65536 bytes back
Round trip time was 46.3105 milliseconds in repetition 98
tcp_ping received 65536 bytes back
Round trip time was 49.0736 milliseconds in repetition 99
tcp_ping received 65536 bytes back
Round trip time was 47.1095 milliseconds in repetition 100
tcp_ping received 65536 bytes back
Round trip time was 48.6139 milliseconds in repetition 101
tcp_ping received 65536 bytes back
Round trip time was 48.9302 milliseconds in repetition 102
tcp_ping received 65536 bytes back
Round trip time was 48.0747 milliseconds in repetition 103
tcp_ping received 65536 bytes back
Round trip time was 48.1333 milliseconds in repetition 104
tcp_ping received 65536 bytes back
Round trip time was 50.5868 milliseconds in repetition 105
tcp_ping received 65536 bytes back
Round trip time was 48.4151 milliseconds in repetition 106
tcp_ping received 65536 bytes back
Round trip time was 51.8231 milliseconds in repetition 107
tcp_ping received 65536 bytes back
Round trip time was 52.4945 milliseconds in repetition 108
tcp_ping received 65536 bytes back
Round trip time was 47.5064 milliseconds in repetition 109
tcp_ping received 65536 bytes back
Round trip time was 49.8487 milliseconds in repetition 110
tcp_ping received 65536 bytes back
Round trip time was 47.1358 milliseconds in repetition 111
tcp_ping received 65536 bytes back
Round trip time was 49.7015 milliseconds in repetition 112
tcp_ping received 65536 bytes back
Round trip time was 47.8822 milliseconds in repetition 113
tcp_ping received 65536 bytes back
Round trip time was 48.8021 milliseconds in repetition 114
tcp_ping received 65536 bytes back
Round trip time was 48.7961 milliseconds in repetition 115
tcp_ping received 65536 bytes back
Round trip time was 49.0559 milliseconds in repetition 116
tcp_ping received 65536 bytes back
Round trip time was 47.0126 milliseconds in repetition 117
tcp_ping received 65536 bytes back
Round trip time was 49.6911 milliseconds in repetition 118
tcp_ping received 65536 bytes back
Round trip time was 47.3853 milliseconds in repetition 119
tcp_ping received 65536 bytes back
Round trip time was 52.0823 milliseconds in repetition 120
tcp_ping received 65536 bytes back
Round trip time was 48.1448 milliseconds in repetition 121
tcp_ping received 65536 bytes back
Round trip time was 50.0701 milliseconds in repetition 122
tcp_ping received 65536 bytes back
Round trip time was 49.952 milliseconds in repetition 123
tcp_ping received 65536 bytes back
Round trip time was 48.4218 milliseconds in repetition 124
tcp_ping received 65536 bytes back
Round trip time was 58.5564 milliseconds in repetition 125
tcp_ping received 65536 bytes back
Round trip time was 50.1839 milliseconds in repetition 126
tcp_ping received 65536 bytes back
Round trip time was 49.6716 milliseconds in repetition 127
tcp_ping received 65536 bytes back
Round trip time was 47.1147 milliseconds in repetition 128
tcp_ping received 65536 bytes back
Round trip time was 52.0472 milliseconds in repetition 129
tcp_ping received 65536 bytes back
Round trip time was 53.7982 milliseconds in repetition 130
tcp_ping received 65536 bytes back
Round trip time was 50.1649 milliseconds in repetition 131
tcp_ping received 65536 bytes back
Round trip time was 49.0112 milliseconds in repetition 132
tcp_ping received 65536 bytes back
Round trip time was 47.231 milliseconds in repetition 133
tcp_ping received 65536 bytes back
Round trip time was 48.8301 milliseconds in repetition 134
tcp_ping received 65536 bytes back
Round trip time was 54.2532 milliseconds in repetition 135
tcp_ping received 65536 bytes back
Round trip time was 49.6751 milliseconds in repetition 136
tcp_ping received 65536 bytes back
Round trip time was 50.5199 milliseconds in repetition 137
tcp_ping received 65536 bytes back
Round trip time was 52.379 milliseconds in repetition 138
tcp_ping received 65536 bytes back
Round trip time was 49.8482 milliseconds in repetition 139
tcp_ping received 65536 bytes back
Round trip time was 50.5825 milliseconds in repetition 140
tcp_ping received 65536 bytes back
Round trip time was 50.0113 milliseconds in repetition 141
tcp_ping received 65536 bytes back
Round trip time was 48.3054 milliseconds in repetition 142
tcp_ping received 65536 bytes back
Round trip time was 54.2857 milliseconds in repetition 143
tcp_ping received 65536 bytes back
Round trip time was 47.3066 milliseconds in repetition 144
tcp_ping received 65536 bytes back
Round trip time was 48.23 milliseconds in repetition 145
tcp_ping received 65536 bytes back
Round trip time was 49.7514 milliseconds in repetition 146
tcp_ping received 65536 bytes back
Round trip time was 49.749 milliseconds in repetition 147
tcp_ping received 65536 bytes back
Round trip time was 50.5951 milliseconds in repetition 148
tcp_ping received 65536 bytes back
Round trip time was 51.4218 milliseconds in repetition 149
tcp_ping received 65536 bytes back
Round trip time was 47.4018 milliseconds in repetition 150
tcp_ping received 65536 bytes back
Round trip time was 47.7103 milliseconds in repetition 151
tcp_ping received 65536 bytes back
Round trip time was 47.1468 milliseconds in repetition 152
tcp_ping received 65536 bytes back
Round trip time was 47.3998 milliseconds in repetition 153
tcp_ping received 65536 bytes back
Round trip time was 48.541 milliseconds in repetition 154
tcp_ping received 65536 bytes back
Round trip time was 49.6809 milliseconds in repetition 155
tcp_ping received 65536 bytes back
Round trip time was 48.6706 milliseconds in repetition 156
tcp_ping received 65536 bytes back
Round trip time was 48.2137 milliseconds in repetition 157
tcp_ping received 65536 bytes back
Round trip time was 49.336 milliseconds in repetition 158
tcp_ping received 65536 bytes back
Round trip time was 48.6836 milliseconds in repetition 159
tcp_ping received 65536 bytes back
Round trip time was 48.8228 milliseconds in repetition 160
tcp_ping received 65536 bytes back
Round trip time was 47.6253 milliseconds in repetition 161
tcp_ping received 65536 bytes back
Round trip time was 48.8107 milliseconds in repetition 162
tcp_ping received 65536 bytes back
Round trip time was 51.1113 milliseconds in repetition 163
tcp_ping received 65536 bytes back
Round trip time was 48.2329 milliseconds in repetition 164
tcp_ping received 65536 bytes back
Round trip time was 50.8587 milliseconds in repetition 165
tcp_ping received 65536 bytes back
Round trip time was 46.9634 milliseconds in repetition 166
tcp_ping received 65536 bytes back
Round trip time was 46.5833 milliseconds in repetition 167
tcp_ping received 65536 bytes back
Round trip time was 47.4242 milliseconds in repetition 168
tcp_ping received 65536 bytes back
Round trip time was 46.5191 milliseconds in repetition 169
tcp_ping received 65536 bytes back
Round trip time was 48.72 milliseconds in repetition 170
tcp_ping received 65536 bytes back
Round trip time was 49.2853 milliseconds in repetition 171
tcp_ping received 65536 bytes back
Round trip time was 47.3344 milliseconds in repetition 172
tcp_ping received 65536 bytes back
Round trip time was 46.4775 milliseconds in repetition 173
tcp_ping received 65536 bytes back
Round trip time was 49.2634 milliseconds in repetition 174
tcp_ping received 65536 bytes back
Round trip time was 47.3556 milliseconds in repetition 175
tcp_ping received 65536 bytes back
Round trip time was 48.9157 milliseconds in repetition 176
tcp_ping received 65536 bytes back
Round trip time was 46.944 milliseconds in repetition 177
tcp_ping received 65536 bytes back
Round trip time was 51.4645 milliseconds in repetition 178
tcp_ping received 65536 bytes back
Round trip time was 50.9405 milliseconds in repetition 179
tcp_ping received 65536 bytes back
Round trip time was 51.4082 milliseconds in repetition 180
tcp_ping received 65536 bytes back
Round trip time was 50.9439 milliseconds in repetition 181
tcp_ping received 65536 bytes back
Round trip time was 50.8675 milliseconds in repetition 182
tcp_ping received 65536 bytes back
Round trip time was 49.1406 milliseconds in repetition 183
tcp_ping received 65536 bytes back
Round trip time was 48.6707 milliseconds in repetition 184
tcp_ping received 65536 bytes back
Round trip time was 51.1389 milliseconds in repetition 185
tcp_ping received 65536 bytes back
Round trip time was 51.4791 milliseconds in repetition 186
tcp_ping received 65536 bytes back
Round trip time was 40.9935 milliseconds in repetition 187
tcp_ping received 65536 bytes back
Round trip time was 48.2349 milliseconds in repetition 188
tcp_ping received 65536 bytes back
Round trip time was 47.8614 milliseconds in repetition 189
tcp_ping received 65536 bytes back
Round trip time was 53.0804 milliseconds in repetition 190
tcp_ping received 65536 bytes back
Round trip time was 49.1854 milliseconds in repetition 191
tcp_ping received 65536 bytes back
Round trip time was 51.29 milliseconds in repetition 192
tcp_ping received 65536 bytes back
Round trip time was 48.9742 milliseconds in repetition 193
tcp_ping received 65536 bytes back
Round trip time was 48.8199 milliseconds in repetition 194
tcp_ping received 65536 bytes back
Round trip time was 50.6403 milliseconds in repetition 195
tcp_ping received 65536 bytes back
Round trip time was 47.8074 milliseconds in repetition 196
tcp_ping received 65536 bytes back
Round trip time was 47.1139 milliseconds in repetition 197
tcp_ping received 65536 bytes back
Round trip time was 49.9438 milliseconds in repetition 198
tcp_ping received 65536 bytes back
Round trip time was 77.3873 milliseconds in repetition 199
tcp_ping received 65536 bytes back
Round trip time was 125.422 milliseconds in repetition 200
tcp_ping received 65536 bytes back
Round trip time was 47.469 milliseconds in repetition 201
tcp_ping received 65536 bytes back
Round trip time was 48.7523 milliseconds in repetition 202
tcp_ping received 65536 bytes back
Round trip time was 47.2811 milliseconds in repetition 203
tcp_ping received 65536 bytes back
Round trip time was 51.575 milliseconds in repetition 204
tcp_ping received 65536 bytes back
Round trip time was 52.5488 milliseconds in repetition 205
tcp_ping received 65536 bytes back
Round trip time was 49.5701 milliseconds in repetition 206
tcp_ping received 65536 bytes back
Round trip time was 47.9564 milliseconds in repetition 207
tcp_ping received 65536 bytes back
Round trip time was 54.2427 milliseconds in repetition 208
tcp_ping received 65536 bytes back
Round trip time was 49.7982 milliseconds in repetition 209
tcp_ping received 65536 bytes back
Round trip time was 59.8141 milliseconds in repetition 210
tcp_ping received 65536 bytes back
Round trip time was 84.4531 milliseconds in repetition 211
tcp_ping received 65536 bytes back
Round trip time was 58.3744 milliseconds in repetition 212
tcp_ping received 65536 bytes back
Round trip time was 54.4088 milliseconds in repetition 213
tcp_ping received 65536 bytes back
Round trip time was 52.0258 milliseconds in repetition 214
tcp_ping received 65536 bytes back
Round trip time was 50.4411 milliseconds in repetition 215
tcp_ping received 65536 bytes back
Round trip time was 49.4437 milliseconds in repetition 216
tcp_ping received 65536 bytes back
Round trip time was 47.5097 milliseconds in repetition 217
tcp_ping received 65536 bytes back
Round trip time was 52.4359 milliseconds in repetition 218
tcp_ping received 65536 bytes back
Round trip time was 52.1929 milliseconds in repetition 219
tcp_ping received 65536 bytes back
Round trip time was 58.3067 milliseconds in repetition 220
tcp_ping received 65536 bytes back
Round trip time was 50.9367 milliseconds in repetition 221
tcp_ping received 65536 bytes back
Round trip time was 51.1868 milliseconds in repetition 222
tcp_ping received 65536 bytes back
Round trip time was 50.3547 milliseconds in repetition 223
tcp_ping received 65536 bytes back
Round trip time was 50.7582 milliseconds in repetition 224
tcp_ping received 65536 bytes back
Round trip time was 59.3235 milliseconds in repetition 225
tcp_ping received 65536 bytes back
Round trip time was 51.8612 milliseconds in repetition 226
tcp_ping received 65536 bytes back
Round trip time was 52.7827 milliseconds in repetition 227
tcp_ping received 65536 bytes back
Round trip time was 48.7917 milliseconds in repetition 228
tcp_ping received 65536 bytes back
Round trip time was 50.2651 milliseconds in repetition 229
tcp_ping received 65536 bytes back
Round trip time was 54.3774 milliseconds in repetition 230
tcp_ping received 65536 bytes back
Round trip time was 48.2228 milliseconds in repetition 231
tcp_ping received 65536 bytes back
Round trip time was 49.574 milliseconds in repetition 232
tcp_ping received 65536 bytes back
Round trip time was 50.0808 milliseconds in repetition 233
tcp_ping received 65536 bytes back
Round trip time was 47.1851 milliseconds in repetition 234
tcp_ping received 65536 bytes back
Round trip time was 51.1978 milliseconds in repetition 235
tcp_ping received 65536 bytes back
Round trip time was 49.3047 milliseconds in repetition 236
tcp_ping received 65536 bytes back
Round trip time was 49.6958 milliseconds in repetition 237
tcp_ping received 65536 bytes back
Round trip time was 50.2384 milliseconds in repetition 238
tcp_ping received 65536 bytes back
Round trip time was 49.5082 milliseconds in repetition 239
tcp_ping received 65536 bytes back
Round trip time was 52.6105 milliseconds in repetition 240
tcp_ping received 65536 bytes back
Round trip time was 48.4931 milliseconds in repetition 241
tcp_ping received 65536 bytes back
Round trip time was 46.8926 milliseconds in repetition 242
tcp_ping received 65536 bytes back
Round trip time was 50.7641 milliseconds in repetition 243
tcp_ping received 65536 bytes back
Round trip time was 48.631 milliseconds in repetition 244
tcp_ping received 65536 bytes back
Round trip time was 50.8957 milliseconds in repetition 245
tcp_ping received 65536 bytes back
Round trip time was 50.5709 milliseconds in repetition 246
tcp_ping received 65536 bytes back
Round trip time was 50.9294 milliseconds in repetition 247
tcp_ping received 65536 bytes back
Round trip time was 55.6184 milliseconds in repetition 248
tcp_ping received 65536 bytes back
Round trip time was 58.9101 milliseconds in repetition 249
tcp_ping received 65536 bytes back
Round trip time was 53.9085 milliseconds in repetition 250
tcp_ping received 65536 bytes back
Round trip time was 57.4925 milliseconds in repetition 251
tcp_ping received 65536 bytes back
Round trip time was 53.3473 milliseconds in repetition 252
tcp_ping received 65536 bytes back
Round trip time was 50.8056 milliseconds in repetition 253
tcp_ping received 65536 bytes back
Round trip time was 60.3453 milliseconds in repetition 254
tcp_ping received 65536 bytes back
Round trip time was 55.2241 milliseconds in repetition 255
tcp_ping received 65536 bytes back
Round trip time was 58.1809 milliseconds in repetition 256
tcp_ping received 65536 bytes back
Round trip time was 51.5742 milliseconds in repetition 257
tcp_ping received 65536 bytes back
Round trip time was 57.7908 milliseconds in repetition 258
tcp_ping received 65536 bytes back
Round trip time was 48.2185 milliseconds in repetition 259
tcp_ping received 65536 bytes back
Round trip time was 49.1591 milliseconds in repetition 260
tcp_ping received 65536 bytes back
Round trip time was 50.0499 milliseconds in repetition 261
tcp_ping received 65536 bytes back
Round trip time was 46.4842 milliseconds in repetition 262
tcp_ping received 65536 bytes back
Round trip time was 51.384 milliseconds in repetition 263
tcp_ping received 65536 bytes back
Round trip time was 52.1534 milliseconds in repetition 264
tcp_ping received 65536 bytes back
Round trip time was 49.567 milliseconds in repetition 265
tcp_ping received 65536 bytes back
Round trip time was 50.1245 milliseconds in repetition 266
tcp_ping received 65536 bytes back
Round trip time was 78.93 milliseconds in repetition 267
tcp_ping received 65536 bytes back
Round trip time was 51.1315 milliseconds in repetition 268
tcp_ping received 65536 bytes back
Round trip time was 50.6221 milliseconds in repetition 269
tcp_ping received 65536 bytes back
Round trip time was 57.2909 milliseconds in repetition 270
tcp_ping received 65536 bytes back
Round trip time was 53.1058 milliseconds in repetition 271
tcp_ping received 65536 bytes back
Round trip time was 53.0642 milliseconds in repetition 272
tcp_ping received 65536 bytes back
Round trip time was 54.1688 milliseconds in repetition 273
tcp_ping received 65536 bytes back
Round trip time was 53.9217 milliseconds in repetition 274
tcp_ping received 65536 bytes back
Round trip time was 51.8866 milliseconds in repetition 275
tcp_ping received 65536 bytes back
Round trip time was 53.0908 milliseconds in repetition 276
tcp_ping received 65536 bytes back
Round trip time was 52.713 milliseconds in repetition 277
tcp_ping received 65536 bytes back
Round trip time was 55.6957 milliseconds in repetition 278
tcp_ping received 65536 bytes back
Round trip time was 57.9797 milliseconds in repetition 279
tcp_ping received 65536 bytes back
Round trip time was 51.4521 milliseconds in repetition 280
tcp_ping received 65536 bytes back
Round trip time was 52.3873 milliseconds in repetition 281
tcp_ping received 65536 bytes back
Round trip time was 51.8019 milliseconds in repetition 282
tcp_ping received 65536 bytes back
Round trip time was 60.0465 milliseconds in repetition 283
tcp_ping received 65536 bytes back
Round trip time was 53.2277 milliseconds in repetition 284
tcp_ping received 65536 bytes back
Round trip time was 118.359 milliseconds in repetition 285
tcp_ping received 65536 bytes back
Round trip time was 62.7693 milliseconds in repetition 286
tcp_ping received 65536 bytes back
Round trip time was 52.6429 milliseconds in repetition 287
tcp_ping received 65536 bytes back
Round trip time was 50.6275 milliseconds in repetition 288
tcp_ping received 65536 bytes back
Round trip time was 50.8696 milliseconds in repetition 289
tcp_ping received 65536 bytes back
Round trip time was 51.307 milliseconds in repetition 290
tcp_ping received 65536 bytes back
Round trip time was 49.1565 milliseconds in repetition 291
tcp_ping received 65536 bytes back
Round trip time was 47.5066 milliseconds in repetition 292
tcp_ping received 65536 bytes back
Round trip time was 60.7898 milliseconds in repetition 293
tcp_ping received 65536 bytes back
Round trip time was 53.7975 milliseconds in repetition 294
tcp_ping received 65536 bytes back
Round trip time was 48.8864 milliseconds in repetition 295
tcp_ping received 65536 bytes back
Round trip time was 51.3788 milliseconds in repetition 296
tcp_ping received 65536 bytes back
Round trip time was 50.8169 milliseconds in repetition 297
tcp_ping received 65536 bytes back
Round trip time was 52.4488 milliseconds in repetition 298
tcp_ping received 65536 bytes back
Round trip time was 55.6503 milliseconds in repetition 299
tcp_ping received 65536 bytes back
Round trip time was 51.456 milliseconds in repetition 300
tcp_ping received 65536 bytes back
Round trip time was 51.4832 milliseconds in repetition 301
tcp_ping received 65536 bytes back
Round trip time was 50.9334 milliseconds in repetition 302
tcp_ping received 65536 bytes back
Round trip time was 51.2899 milliseconds in repetition 303
tcp_ping received 65536 bytes back
Round trip time was 52.9688 milliseconds in repetition 304
tcp_ping received 65536 bytes back
Round trip time was 49.3808 milliseconds in repetition 305
tcp_ping received 65536 bytes back
Round trip time was 48.8032 milliseconds in repetition 306
tcp_ping received 65536 bytes back
Round trip time was 50.2871 milliseconds in repetition 307
tcp_ping received 65536 bytes back
Round trip time was 50.596 milliseconds in repetition 308
tcp_ping received 65536 bytes back
Round trip time was 49.8014 milliseconds in repetition 309
tcp_ping received 65536 bytes back
Round trip time was 50.1455 milliseconds in repetition 310
tcp_ping received 65536 bytes back
Round trip time was 50.5713 milliseconds in repetition 311
tcp_ping received 65536 bytes back
Round trip time was 51.9909 milliseconds in repetition 312
tcp_ping received 65536 bytes back
Round trip time was 56.667 milliseconds in repetition 313
tcp_ping received 65536 bytes back
Round trip time was 47.4522 milliseconds in repetition 314
tcp_ping received 65536 bytes back
Round trip time was 50.241 milliseconds in repetition 315
tcp_ping received 65536 bytes back
Round trip time was 50.4157 milliseconds in repetition 316
tcp_ping received 65536 bytes back
Round trip time was 54.493 milliseconds in repetition 317
tcp_ping received 65536 bytes back
Round trip time was 49.7107 milliseconds in repetition 318
tcp_ping received 65536 bytes back
Round trip time was 50.0321 milliseconds in repetition 319
tcp_ping received 65536 bytes back
Round trip time was 54.4086 milliseconds in repetition 320
tcp_ping received 65536 bytes back
Round trip time was 66.9658 milliseconds in repetition 321
tcp_ping received 65536 bytes back
Round trip time was 49.2875 milliseconds in repetition 322
tcp_ping received 65536 bytes back
Round trip time was 52.7589 milliseconds in repetition 323
tcp_ping received 65536 bytes back
Round trip time was 49.8474 milliseconds in repetition 324
tcp_ping received 65536 bytes back
Round trip time was 54.9132 milliseconds in repetition 325
tcp_ping received 65536 bytes back
Round trip time was 56.2492 milliseconds in repetition 326
tcp_ping received 65536 bytes back
Round trip time was 50.8456 milliseconds in repetition 327
tcp_ping received 65536 bytes back
Round trip time was 49.5601 milliseconds in repetition 328
tcp_ping received 65536 bytes back
Round trip time was 50.4903 milliseconds in repetition 329
tcp_ping received 65536 bytes back
Round trip time was 49.0297 milliseconds in repetition 330
tcp_ping received 65536 bytes back
Round trip time was 51.3632 milliseconds in repetition 331
tcp_ping received 65536 bytes back
Round trip time was 49.7084 milliseconds in repetition 332
tcp_ping received 65536 bytes back
Round trip time was 50.493 milliseconds in repetition 333
tcp_ping received 65536 bytes back
Round trip time was 49.2198 milliseconds in repetition 334
tcp_ping received 65536 bytes back
Round trip time was 47.99 milliseconds in repetition 335
tcp_ping received 65536 bytes back
Round trip time was 50.0248 milliseconds in repetition 336
tcp_ping received 65536 bytes back
Round trip time was 50.0208 milliseconds in repetition 337
tcp_ping received 65536 bytes back
Round trip time was 48.6452 milliseconds in repetition 338
tcp_ping received 65536 bytes back
Round trip time was 48.2143 milliseconds in repetition 339
tcp_ping received 65536 bytes back
Round trip time was 48.2134 milliseconds in repetition 340
tcp_ping received 65536 bytes back
Round trip time was 49.9004 milliseconds in repetition 341
tcp_ping received 65536 bytes back
Round trip time was 47.0285 milliseconds in repetition 342
tcp_ping received 65536 bytes back
Round trip time was 53.7446 milliseconds in repetition 343
tcp_ping received 65536 bytes back
Round trip time was 48.5475 milliseconds in repetition 344
tcp_ping received 65536 bytes back
Round trip time was 48.411 milliseconds in repetition 345
tcp_ping received 65536 bytes back
Round trip time was 48.2895 milliseconds in repetition 346
tcp_ping received 65536 bytes back
Round trip time was 48.8593 milliseconds in repetition 347
tcp_ping received 65536 bytes back
Round trip time was 53.8949 milliseconds in repetition 348
tcp_ping received 65536 bytes back
Round trip time was 50.5121 milliseconds in repetition 349
tcp_ping received 65536 bytes back
Round trip time was 49.0852 milliseconds in repetition 350
tcp_ping received 65536 bytes back
Round trip time was 47.4436 milliseconds in repetition 351
tcp_ping received 65536 bytes back
Round trip time was 50.7669 milliseconds in repetition 352
tcp_ping received 65536 bytes back
Round trip time was 49.1204 milliseconds in repetition 353
tcp_ping received 65536 bytes back
Round trip time was 49.6476 milliseconds in repetition 354
tcp_ping received 65536 bytes back
Round trip time was 49.5291 milliseconds in repetition 355
tcp_ping received 65536 bytes back
Round trip time was 51.7852 milliseconds in repetition 356
tcp_ping received 65536 bytes back
Round trip time was 52.9995 milliseconds in repetition 357
tcp_ping received 65536 bytes back
Round trip time was 47.5504 milliseconds in repetition 358
tcp_ping received 65536 bytes back
Round trip time was 50.5174 milliseconds in repetition 359
tcp_ping received 65536 bytes back
Round trip time was 58.1339 milliseconds in repetition 360
tcp_ping received 65536 bytes back
Round trip time was 73.0534 milliseconds in repetition 361
tcp_ping received 65536 bytes back
Round trip time was 49.6243 milliseconds in repetition 362
tcp_ping received 65536 bytes back
Round trip time was 47.0055 milliseconds in repetition 363
tcp_ping received 65536 bytes back
Round trip time was 51.3132 milliseconds in repetition 364
tcp_ping received 65536 bytes back
Round trip time was 52.4848 milliseconds in repetition 365
tcp_ping received 65536 bytes back
Round trip time was 49.1548 milliseconds in repetition 366
tcp_ping received 65536 bytes back
Round trip time was 52.2245 milliseconds in repetition 367
tcp_ping received 65536 bytes back
Round trip time was 48.6405 milliseconds in repetition 368
tcp_ping received 65536 bytes back
Round trip time was 48.7892 milliseconds in repetition 369
tcp_ping received 65536 bytes back
Round trip time was 49.8256 milliseconds in repetition 370
tcp_ping received 65536 bytes back
Round trip time was 49.8461 milliseconds in repetition 371
tcp_ping received 65536 bytes back
Round trip time was 47 milliseconds in repetition 372
tcp_ping received 65536 bytes back
Round trip time was 52.442 milliseconds in repetition 373
tcp_ping received 65536 bytes back
Round trip time was 48.2824 milliseconds in repetition 374
tcp_ping received 65536 bytes back
Round trip time was 47.2315 milliseconds in repetition 375
tcp_ping received 65536 bytes back
Round trip time was 57.7568 milliseconds in repetition 376
tcp_ping received 65536 bytes back
Round trip time was 51.7885 milliseconds in repetition 377
tcp_ping received 65536 bytes back
Round trip time was 49.7726 milliseconds in repetition 378
tcp_ping received 65536 bytes back
Round trip time was 48.1215 milliseconds in repetition 379
tcp_ping received 65536 bytes back
Round trip time was 47.2663 milliseconds in repetition 380
tcp_ping received 65536 bytes back
Round trip time was 53.1705 milliseconds in repetition 381
tcp_ping received 65536 bytes back
Round trip time was 50.5803 milliseconds in repetition 382
tcp_ping received 65536 bytes back
Round trip time was 50.319 milliseconds in repetition 383
tcp_ping received 65536 bytes back
Round trip time was 55.7045 milliseconds in repetition 384
tcp_ping received 65536 bytes back
Round trip time was 50.4769 milliseconds in repetition 385
tcp_ping received 65536 bytes back
Round trip time was 57.7309 milliseconds in repetition 386
tcp_ping received 65536 bytes back
Round trip time was 49.6096 milliseconds in repetition 387
tcp_ping received 65536 bytes back
Round trip time was 53.6428 milliseconds in repetition 388
tcp_ping received 65536 bytes back
Round trip time was 48.9124 milliseconds in repetition 389
tcp_ping received 65536 bytes back
Round trip time was 47.6324 milliseconds in repetition 390
tcp_ping received 65536 bytes back
Round trip time was 48.2081 milliseconds in repetition 391
tcp_ping received 65536 bytes back
Round trip time was 56.4319 milliseconds in repetition 392
tcp_ping received 65536 bytes back
Round trip time was 49.6554 milliseconds in repetition 393
tcp_ping received 65536 bytes back
Round trip time was 47.9689 milliseconds in repetition 394
tcp_ping received 65536 bytes back
Round trip time was 48.2114 milliseconds in repetition 395
tcp_ping received 65536 bytes back
Round trip time was 47.5172 milliseconds in repetition 396
tcp_ping received 65536 bytes back
Round trip time was 48.7507 milliseconds in repetition 397
tcp_ping received 65536 bytes back
Round trip time was 50.7776 milliseconds in repetition 398
tcp_ping received 65536 bytes back
Round trip time was 48.9127 milliseconds in repetition 399
tcp_ping received 65536 bytes back
Round trip time was 61.296 milliseconds in repetition 400
tcp_ping received 65536 bytes back
Round trip time was 49.5608 milliseconds in repetition 401
tcp_ping received 65536 bytes back
Round trip time was 47.2765 milliseconds in repetition 402
tcp_ping received 65536 bytes back
Round trip time was 50.7033 milliseconds in repetition 403
tcp_ping received 65536 bytes back
Round trip time was 48.0728 milliseconds in repetition 404
tcp_ping received 65536 bytes back
Round trip time was 49.3141 milliseconds in repetition 405
tcp_ping received 65536 bytes back
Round trip time was 48.8986 milliseconds in repetition 406
tcp_ping received 65536 bytes back
Round trip time was 47.6182 milliseconds in repetition 407
tcp_ping received 65536 bytes back
Round trip time was 48.2591 milliseconds in repetition 408
tcp_ping received 65536 bytes back
Round trip time was 49.3978 milliseconds in repetition 409
tcp_ping received 65536 bytes back
Round trip time was 54.6083 milliseconds in repetition 410
tcp_ping received 65536 bytes back
Round trip time was 48.1878 milliseconds in repetition 411
tcp_ping received 65536 bytes back
Round trip time was 96.1814 milliseconds in repetition 412
tcp_ping received 65536 bytes back
Round trip time was 49.1595 milliseconds in repetition 413
tcp_ping received 65536 bytes back
Round trip time was 51.4741 milliseconds in repetition 414
tcp_ping received 65536 bytes back
Round trip time was 51.8646 milliseconds in repetition 415
tcp_ping received 65536 bytes back
Round trip time was 48.6404 milliseconds in repetition 416
tcp_ping received 65536 bytes back
Round trip time was 47.0471 milliseconds in repetition 417
tcp_ping received 65536 bytes back
Round trip time was 48.9773 milliseconds in repetition 418
tcp_ping received 65536 bytes back
Round trip time was 46.9935 milliseconds in repetition 419
tcp_ping received 65536 bytes back
Round trip time was 47.0698 milliseconds in repetition 420
tcp_ping received 65536 bytes back
Round trip time was 56.1126 milliseconds in repetition 421
tcp_ping received 65536 bytes back
Round trip time was 53.3283 milliseconds in repetition 422
tcp_ping received 65536 bytes back
Round trip time was 52.5803 milliseconds in repetition 423
tcp_ping received 65536 bytes back
Round trip time was 49.1929 milliseconds in repetition 424
tcp_ping received 65536 bytes back
Round trip time was 52.7594 milliseconds in repetition 425
tcp_ping received 65536 bytes back
Round trip time was 46.4992 milliseconds in repetition 426
tcp_ping received 65536 bytes back
Round trip time was 51.6393 milliseconds in repetition 427
tcp_ping received 65536 bytes back
Round trip time was 49.846 milliseconds in repetition 428
tcp_ping received 65536 bytes back
Round trip time was 48.6301 milliseconds in repetition 429
tcp_ping received 65536 bytes back
Round trip time was 50.6941 milliseconds in repetition 430
tcp_ping received 65536 bytes back
Round trip time was 50.1884 milliseconds in repetition 431
tcp_ping received 65536 bytes back
Round trip time was 69.6183 milliseconds in repetition 432
tcp_ping received 65536 bytes back
Round trip time was 45.3022 milliseconds in repetition 433
tcp_ping received 65536 bytes back
Round trip time was 47.1862 milliseconds in repetition 434
tcp_ping received 65536 bytes back
Round trip time was 48.6539 milliseconds in repetition 435
tcp_ping received 65536 bytes back
Round trip time was 47.1821 milliseconds in repetition 436
tcp_ping received 65536 bytes back
Round trip time was 51.1129 milliseconds in repetition 437
tcp_ping received 65536 bytes back
Round trip time was 54.9301 milliseconds in repetition 438
tcp_ping received 65536 bytes back
Round trip time was 49.2431 milliseconds in repetition 439
tcp_ping received 65536 bytes back
Round trip time was 47.6864 milliseconds in repetition 440
tcp_ping received 65536 bytes back
Round trip time was 51.8653 milliseconds in repetition 441
tcp_ping received 65536 bytes back
Round trip time was 48.995 milliseconds in repetition 442
tcp_ping received 65536 bytes back
Round trip time was 47.1444 milliseconds in repetition 443
tcp_ping received 65536 bytes back
Round trip time was 48.2312 milliseconds in repetition 444
tcp_ping received 65536 bytes back
Round trip time was 48.4342 milliseconds in repetition 445
tcp_ping received 65536 bytes back
Round trip time was 47.2555 milliseconds in repetition 446
tcp_ping received 65536 bytes back
Round trip time was 47.8999 milliseconds in repetition 447
tcp_ping received 65536 bytes back
Round trip time was 48.0016 milliseconds in repetition 448
tcp_ping received 65536 bytes back
Round trip time was 48.262 milliseconds in repetition 449
tcp_ping received 65536 bytes back
Round trip time was 48.213 milliseconds in repetition 450
tcp_ping received 65536 bytes back
Round trip time was 49.6314 milliseconds in repetition 451
tcp_ping received 65536 bytes back
Round trip time was 45.6023 milliseconds in repetition 452
tcp_ping received 65536 bytes back
Round trip time was 49.515 milliseconds in repetition 453
tcp_ping received 65536 bytes back
Round trip time was 49.1211 milliseconds in repetition 454
tcp_ping received 65536 bytes back
Round trip time was 50.5166 milliseconds in repetition 455
tcp_ping received 65536 bytes back
Round trip time was 46.0479 milliseconds in repetition 456
tcp_ping received 65536 bytes back
Round trip time was 49.9781 milliseconds in repetition 457
tcp_ping received 65536 bytes back
Round trip time was 48.8164 milliseconds in repetition 458
tcp_ping received 65536 bytes back
Round trip time was 49.1399 milliseconds in repetition 459
tcp_ping received 65536 bytes back
Round trip time was 51.7682 milliseconds in repetition 460
tcp_ping received 65536 bytes back
Round trip time was 51.2523 milliseconds in repetition 461
tcp_ping received 65536 bytes back
Round trip time was 49.6471 milliseconds in repetition 462
tcp_ping received 65536 bytes back
Round trip time was 48.6123 milliseconds in repetition 463
tcp_ping received 65536 bytes back
Round trip time was 49.0195 milliseconds in repetition 464
tcp_ping received 65536 bytes back
Round trip time was 55.5641 milliseconds in repetition 465
tcp_ping received 65536 bytes back
Round trip time was 50.5306 milliseconds in repetition 466
tcp_ping received 65536 bytes back
Round trip time was 57.1414 milliseconds in repetition 467
tcp_ping received 65536 bytes back
Round trip time was 48.4036 milliseconds in repetition 468
tcp_ping received 65536 bytes back
Round trip time was 59.8021 milliseconds in repetition 469
tcp_ping received 65536 bytes back
Round trip time was 48.9182 milliseconds in repetition 470
tcp_ping received 65536 bytes back
Round trip time was 50.8638 milliseconds in repetition 471
tcp_ping received 65536 bytes back
Round trip time was 49.6805 milliseconds in repetition 472
tcp_ping received 65536 bytes back
Round trip time was 47.2296 milliseconds in repetition 473
tcp_ping received 65536 bytes back
Round trip time was 50.1518 milliseconds in repetition 474
tcp_ping received 65536 bytes back
Round trip time was 50.3368 milliseconds in repetition 475
tcp_ping received 65536 bytes back
Round trip time was 48.4532 milliseconds in repetition 476
tcp_ping received 65536 bytes back
Round trip time was 47.1391 milliseconds in repetition 477
tcp_ping received 65536 bytes back
Round trip time was 48.7967 milliseconds in repetition 478
tcp_ping received 65536 bytes back
Round trip time was 52.9079 milliseconds in repetition 479
tcp_ping received 65536 bytes back
Round trip time was 47.1719 milliseconds in repetition 480
tcp_ping received 65536 bytes back
Round trip time was 48.027 milliseconds in repetition 481
tcp_ping received 65536 bytes back
Round trip time was 50.6389 milliseconds in repetition 482
tcp_ping received 65536 bytes back
Round trip time was 48.9654 milliseconds in repetition 483
tcp_ping received 65536 bytes back
Round trip time was 49.6115 milliseconds in repetition 484
tcp_ping received 65536 bytes back
Round trip time was 50.6414 milliseconds in repetition 485
tcp_ping received 65536 bytes back
Round trip time was 51.1671 milliseconds in repetition 486
tcp_ping received 65536 bytes back
Round trip time was 52.7839 milliseconds in repetition 487
tcp_ping received 65536 bytes back
Round trip time was 47.4332 milliseconds in repetition 488
tcp_ping received 65536 bytes back
Round trip time was 49.8005 milliseconds in repetition 489
tcp_ping received 65536 bytes back
Round trip time was 49.4919 milliseconds in repetition 490
tcp_ping received 65536 bytes back
Round trip time was 48.0877 milliseconds in repetition 491
tcp_ping received 65536 bytes back
Round trip time was 50.0476 milliseconds in repetition 492
tcp_ping received 65536 bytes back
Round trip time was 51.1246 milliseconds in repetition 493
tcp_ping received 65536 bytes back
Round trip time was 48.3402 milliseconds in repetition 494
tcp_ping received 65536 bytes back
Round trip time was 50.9123 milliseconds in repetition 495
tcp_ping received 65536 bytes back
Round trip time was 49.6249 milliseconds in repetition 496
tcp_ping received 65536 bytes back
Round trip time was 50.8923 milliseconds in repetition 497
tcp_ping received 65536 bytes back
Round trip time was 49.9699 milliseconds in repetition 498
tcp_ping received 65536 bytes back
Round trip time was 48.8938 milliseconds in repetition 499
tcp_ping received 65536 bytes back
Round trip time was 53.7821 milliseconds in repetition 500
tcp_ping received 65536 bytes back
Round trip time was 52.3151 milliseconds in repetition 501

 ... clock resolution was 1e-06
TCP Ping:  Statistics over 501 repetitions of 65536 byte messages

RTT : percentile 10: 47.4242, median: 50.0113, percentile 90: 55.5641, average: 51.5982, variance: 73.2239

RTT histogram:
40.9935 1
47.529 310
54.0645 154
60.6 22
67.1355 4
73.671 1
80.2065 4
86.7419 1
93.2774 1
99.8129 0
106.348 0
112.884 0
119.419 1
125.955 1
132.49 0
139.026 0
145.561 0
152.097 0
158.632 0
165.168 0
171.703 1

   median Throughput : 2620.85 KB/s   overall Throughput : 2540.24 KB/s

