TCP Ping trying to connect to server seti.dibris.unige.it (130.251.61.30) on port 1491

... connected to Pong server: asking for 501 repetitions of 16384 bytes TCP messages
 ... Pong server agreed :-)
tcp_ping received 16384 bytes back
Round trip time was 106.093 milliseconds in repetition 1
tcp_ping received 16384 bytes back
Round trip time was 37.5237 milliseconds in repetition 2
tcp_ping received 16384 bytes back
Round trip time was 32.456 milliseconds in repetition 3
tcp_ping received 16384 bytes back
Round trip time was 31.3401 milliseconds in repetition 4
tcp_ping received 16384 bytes back
Round trip time was 28.6433 milliseconds in repetition 5
tcp_ping received 16384 bytes back
Round trip time was 32.195 milliseconds in repetition 6
tcp_ping received 16384 bytes back
Round trip time was 30.71 milliseconds in repetition 7
tcp_ping received 16384 bytes back
Round trip time was 29.6695 milliseconds in repetition 8
tcp_ping received 16384 bytes back
Round trip time was 31.7391 milliseconds in repetition 9
tcp_ping received 16384 bytes back
Round trip time was 28.8747 milliseconds in repetition 10
tcp_ping received 16384 bytes back
Round trip time was 51.0412 milliseconds in repetition 11
tcp_ping received 16384 bytes back
Round trip time was 28.8339 milliseconds in repetition 12
tcp_ping received 16384 bytes back
Round trip time was 30.2476 milliseconds in repetition 13
tcp_ping received 16384 bytes back
Round trip time was 30.1849 milliseconds in repetition 14
tcp_ping received 16384 bytes back
Round trip time was 30.6728 milliseconds in repetition 15
tcp_ping received 16384 bytes back
Round trip time was 29.0861 milliseconds in repetition 16
tcp_ping received 16384 bytes back
Round trip time was 34.0944 milliseconds in repetition 17
tcp_ping received 16384 bytes back
Round trip time was 31.6443 milliseconds in repetition 18
tcp_ping received 16384 bytes back
Round trip time was 29.3721 milliseconds in repetition 19
tcp_ping received 16384 bytes back
Round trip time was 32.8519 milliseconds in repetition 20
tcp_ping received 16384 bytes back
Round trip time was 29.4884 milliseconds in repetition 21
tcp_ping received 16384 bytes back
Round trip time was 29.8067 milliseconds in repetition 22
tcp_ping received 16384 bytes back
Round trip time was 30.339 milliseconds in repetition 23
tcp_ping received 16384 bytes back
Round trip time was 28.8814 milliseconds in repetition 24
tcp_ping received 16384 bytes back
Round trip time was 31.1941 milliseconds in repetition 25
tcp_ping received 16384 bytes back
Round trip time was 28.8197 milliseconds in repetition 26
tcp_ping received 16384 bytes back
Round trip time was 31.2392 milliseconds in repetition 27
tcp_ping received 16384 bytes back
Round trip time was 33.3784 milliseconds in repetition 28
tcp_ping received 16384 bytes back
Round trip time was 31.6354 milliseconds in repetition 29
tcp_ping received 16384 bytes back
Round trip time was 32.8375 milliseconds in repetition 30
tcp_ping received 16384 bytes back
Round trip time was 32.392 milliseconds in repetition 31
tcp_ping received 16384 bytes back
Round trip time was 32.8117 milliseconds in repetition 32
tcp_ping received 16384 bytes back
Round trip time was 30.8565 milliseconds in repetition 33
tcp_ping received 16384 bytes back
Round trip time was 29.936 milliseconds in repetition 34
tcp_ping received 16384 bytes back
Round trip time was 36.015 milliseconds in repetition 35
tcp_ping received 16384 bytes back
Round trip time was 30.5955 milliseconds in repetition 36
tcp_ping received 16384 bytes back
Round trip time was 106.555 milliseconds in repetition 37
tcp_ping received 16384 bytes back
Round trip time was 32.0431 milliseconds in repetition 38
tcp_ping received 16384 bytes back
Round trip time was 29.6497 milliseconds in repetition 39
tcp_ping received 16384 bytes back
Round trip time was 29.4645 milliseconds in repetition 40
tcp_ping received 16384 bytes back
Round trip time was 30.0486 milliseconds in repetition 41
tcp_ping received 16384 bytes back
Round trip time was 29.8429 milliseconds in repetition 42
tcp_ping received 16384 bytes back
Round trip time was 28.8838 milliseconds in repetition 43
tcp_ping received 16384 bytes back
Round trip time was 30.7547 milliseconds in repetition 44
tcp_ping received 16384 bytes back
Round trip time was 30.5007 milliseconds in repetition 45
tcp_ping received 16384 bytes back
Round trip time was 29.8127 milliseconds in repetition 46
tcp_ping received 16384 bytes back
Round trip time was 30.4622 milliseconds in repetition 47
tcp_ping received 16384 bytes back
Round trip time was 30.3987 milliseconds in repetition 48
tcp_ping received 16384 bytes back
Round trip time was 28.9309 milliseconds in repetition 49
tcp_ping received 16384 bytes back
Round trip time was 30.963 milliseconds in repetition 50
tcp_ping received 16384 bytes back
Round trip time was 43.9594 milliseconds in repetition 51
tcp_ping received 16384 bytes back
Round trip time was 65.8339 milliseconds in repetition 52
tcp_ping received 16384 bytes back
Round trip time was 31.503 milliseconds in repetition 53
tcp_ping received 16384 bytes back
Round trip time was 30.1226 milliseconds in repetition 54
tcp_ping received 16384 bytes back
Round trip time was 31.7618 milliseconds in repetition 55
tcp_ping received 16384 bytes back
Round trip time was 31.1146 milliseconds in repetition 56
tcp_ping received 16384 bytes back
Round trip time was 29.7162 milliseconds in repetition 57
tcp_ping received 16384 bytes back
Round trip time was 32.5047 milliseconds in repetition 58
tcp_ping received 16384 bytes back
Round trip time was 29.0793 milliseconds in repetition 59
tcp_ping received 16384 bytes back
Round trip time was 30.1545 milliseconds in repetition 60
tcp_ping received 16384 bytes back
Round trip time was 29.8648 milliseconds in repetition 61
tcp_ping received 16384 bytes back
Round trip time was 30.1321 milliseconds in repetition 62
tcp_ping received 16384 bytes back
Round trip time was 29.0559 milliseconds in repetition 63
tcp_ping received 16384 bytes back
Round trip time was 29.6515 milliseconds in repetition 64
tcp_ping received 16384 bytes back
Round trip time was 29.103 milliseconds in repetition 65
tcp_ping received 16384 bytes back
Round trip time was 29.7245 milliseconds in repetition 66
tcp_ping received 16384 bytes back
Round trip time was 29.3952 milliseconds in repetition 67
tcp_ping received 16384 bytes back
Round trip time was 33.0726 milliseconds in repetition 68
tcp_ping received 16384 bytes back
Round trip time was 33.9115 milliseconds in repetition 69
tcp_ping received 16384 bytes back
Round trip time was 28.6712 milliseconds in repetition 70
tcp_ping received 16384 bytes back
Round trip time was 31.2301 milliseconds in repetition 71
tcp_ping received 16384 bytes back
Round trip time was 32.6195 milliseconds in repetition 72
tcp_ping received 16384 bytes back
Round trip time was 34.6451 milliseconds in repetition 73
tcp_ping received 16384 bytes back
Round trip time was 32.6781 milliseconds in repetition 74
tcp_ping received 16384 bytes back
Round trip time was 30.2634 milliseconds in repetition 75
tcp_ping received 16384 bytes back
Round trip time was 28.8338 milliseconds in repetition 76
tcp_ping received 16384 bytes back
Round trip time was 30.9136 milliseconds in repetition 77
tcp_ping received 16384 bytes back
Round trip time was 30.6884 milliseconds in repetition 78
tcp_ping received 16384 bytes back
Round trip time was 29.1479 milliseconds in repetition 79
tcp_ping received 16384 bytes back
Round trip time was 29.156 milliseconds in repetition 80
tcp_ping received 16384 bytes back
Round trip time was 31.6222 milliseconds in repetition 81
tcp_ping received 16384 bytes back
Round trip time was 30.485 milliseconds in repetition 82
tcp_ping received 16384 bytes back
Round trip time was 30.2126 milliseconds in repetition 83
tcp_ping received 16384 bytes back
Round trip time was 31.9881 milliseconds in repetition 84
tcp_ping received 16384 bytes back
Round trip time was 30.2053 milliseconds in repetition 85
tcp_ping received 16384 bytes back
Round trip time was 40.6884 milliseconds in repetition 86
tcp_ping received 16384 bytes back
Round trip time was 32.5366 milliseconds in repetition 87
tcp_ping received 16384 bytes back
Round trip time was 38.3781 milliseconds in repetition 88
tcp_ping received 16384 bytes back
Round trip time was 131.032 milliseconds in repetition 89
tcp_ping received 16384 bytes back
Round trip time was 29.9109 milliseconds in repetition 90
tcp_ping received 16384 bytes back
Round trip time was 37.6274 milliseconds in repetition 91
tcp_ping received 16384 bytes back
Round trip time was 30.7412 milliseconds in repetition 92
tcp_ping received 16384 bytes back
Round trip time was 29.6734 milliseconds in repetition 93
tcp_ping received 16384 bytes back
Round trip time was 31.7634 milliseconds in repetition 94
tcp_ping received 16384 bytes back
Round trip time was 39.6018 milliseconds in repetition 95
tcp_ping received 16384 bytes back
Round trip time was 43.0676 milliseconds in repetition 96
tcp_ping received 16384 bytes back
Round trip time was 31.2316 milliseconds in repetition 97
tcp_ping received 16384 bytes back
Round trip time was 32.0981 milliseconds in repetition 98
tcp_ping received 16384 bytes back
Round trip time was 29.9994 milliseconds in repetition 99
tcp_ping received 16384 bytes back
Round trip time was 30.6787 milliseconds in repetition 100
tcp_ping received 16384 bytes back
Round trip time was 32.7231 milliseconds in repetition 101
tcp_ping received 16384 bytes back
Round trip time was 31.4792 milliseconds in repetition 102
tcp_ping received 16384 bytes back
Round trip time was 31.8075 milliseconds in repetition 103
tcp_ping received 16384 bytes back
Round trip time was 29.4451 milliseconds in repetition 104
tcp_ping received 16384 bytes back
Round trip time was 34.75 milliseconds in repetition 105
tcp_ping received 16384 bytes back
Round trip time was 30.7333 milliseconds in repetition 106
tcp_ping received 16384 bytes back
Round trip time was 28.906 milliseconds in repetition 107
tcp_ping received 16384 bytes back
Round trip time was 29.5979 milliseconds in repetition 108
tcp_ping received 16384 bytes back
Round trip time was 30.1303 milliseconds in repetition 109
tcp_ping received 16384 bytes back
Round trip time was 31.8881 milliseconds in repetition 110
tcp_ping received 16384 bytes back
Round trip time was 30.8256 milliseconds in repetition 111
tcp_ping received 16384 bytes back
Round trip time was 29.6106 milliseconds in repetition 112
tcp_ping received 16384 bytes back
Round trip time was 30.3982 milliseconds in repetition 113
tcp_ping received 16384 bytes back
Round trip time was 30.1281 milliseconds in repetition 114
tcp_ping received 16384 bytes back
Round trip time was 30.7681 milliseconds in repetition 115
tcp_ping received 16384 bytes back
Round trip time was 29.7061 milliseconds in repetition 116
tcp_ping received 16384 bytes back
Round trip time was 31.5158 milliseconds in repetition 117
tcp_ping received 16384 bytes back
Round trip time was 38.0201 milliseconds in repetition 118
tcp_ping received 16384 bytes back
Round trip time was 29.6438 milliseconds in repetition 119
tcp_ping received 16384 bytes back
Round trip time was 30.1548 milliseconds in repetition 120
tcp_ping received 16384 bytes back
Round trip time was 30.6079 milliseconds in repetition 121
tcp_ping received 16384 bytes back
Round trip time was 29.2248 milliseconds in repetition 122
tcp_ping received 16384 bytes back
Round trip time was 32.2025 milliseconds in repetition 123
tcp_ping received 16384 bytes back
Round trip time was 31.9105 milliseconds in repetition 124
tcp_ping received 16384 bytes back
Round trip time was 30.5162 milliseconds in repetition 125
tcp_ping received 16384 bytes back
Round trip time was 29.4163 milliseconds in repetition 126
tcp_ping received 16384 bytes back
Round trip time was 32.0179 milliseconds in repetition 127
tcp_ping received 16384 bytes back
Round trip time was 30.9406 milliseconds in repetition 128
tcp_ping received 16384 bytes back
Round trip time was 31.9914 milliseconds in repetition 129
tcp_ping received 16384 bytes back
Round trip time was 30.0709 milliseconds in repetition 130
tcp_ping received 16384 bytes back
Round trip time was 29.4462 milliseconds in repetition 131
tcp_ping received 16384 bytes back
Round trip time was 32.7055 milliseconds in repetition 132
tcp_ping received 16384 bytes back
Round trip time was 29.9904 milliseconds in repetition 133
tcp_ping received 16384 bytes back
Round trip time was 33.1459 milliseconds in repetition 134
tcp_ping received 16384 bytes back
Round trip time was 33.1605 milliseconds in repetition 135
tcp_ping received 16384 bytes back
Round trip time was 32.9633 milliseconds in repetition 136
tcp_ping received 16384 bytes back
Round trip time was 33.2574 milliseconds in repetition 137
tcp_ping received 16384 bytes back
Round trip time was 32.1209 milliseconds in repetition 138
tcp_ping received 16384 bytes back
Round trip time was 31.3589 milliseconds in repetition 139
tcp_ping received 16384 bytes back
Round trip time was 30.9539 milliseconds in repetition 140
tcp_ping received 16384 bytes back
Round trip time was 31.6753 milliseconds in repetition 141
tcp_ping received 16384 bytes back
Round trip time was 31.0641 milliseconds in repetition 142
tcp_ping received 16384 bytes back
Round trip time was 29.1352 milliseconds in repetition 143
tcp_ping received 16384 bytes back
Round trip time was 29.5655 milliseconds in repetition 144
tcp_ping received 16384 bytes back
Round trip time was 29.1234 milliseconds in repetition 145
tcp_ping received 16384 bytes back
Round trip time was 31.4762 milliseconds in repetition 146
tcp_ping received 16384 bytes back
Round trip time was 31.1139 milliseconds in repetition 147
tcp_ping received 16384 bytes back
Round trip time was 29.1081 milliseconds in repetition 148
tcp_ping received 16384 bytes back
Round trip time was 30.044 milliseconds in repetition 149
tcp_ping received 16384 bytes back
Round trip time was 29.3823 milliseconds in repetition 150
tcp_ping received 16384 bytes back
Round trip time was 30.901 milliseconds in repetition 151
tcp_ping received 16384 bytes back
Round trip time was 31.4932 milliseconds in repetition 152
tcp_ping received 16384 bytes back
Round trip time was 30.6785 milliseconds in repetition 153
tcp_ping received 16384 bytes back
Round trip time was 30.0883 milliseconds in repetition 154
tcp_ping received 16384 bytes back
Round trip time was 29.1586 milliseconds in repetition 155
tcp_ping received 16384 bytes back
Round trip time was 30.0524 milliseconds in repetition 156
tcp_ping received 16384 bytes back
Round trip time was 50.0731 milliseconds in repetition 157
tcp_ping received 16384 bytes back
Round trip time was 33.5597 milliseconds in repetition 158
tcp_ping received 16384 bytes back
Round trip time was 30.8 milliseconds in repetition 159
tcp_ping received 16384 bytes back
Round trip time was 33.1401 milliseconds in repetition 160
tcp_ping received 16384 bytes back
Round trip time was 32.8991 milliseconds in repetition 161
tcp_ping received 16384 bytes back
Round trip time was 30.6262 milliseconds in repetition 162
tcp_ping received 16384 bytes back
Round trip time was 40.198 milliseconds in repetition 163
tcp_ping received 16384 bytes back
Round trip time was 29.405 milliseconds in repetition 164
tcp_ping received 16384 bytes back
Round trip time was 29.1956 milliseconds in repetition 165
tcp_ping received 16384 bytes back
Round trip time was 40.9105 milliseconds in repetition 166
tcp_ping received 16384 bytes back
Round trip time was 30.3847 milliseconds in repetition 167
tcp_ping received 16384 bytes back
Round trip time was 29.1261 milliseconds in repetition 168
tcp_ping received 16384 bytes back
Round trip time was 31.0289 milliseconds in repetition 169
tcp_ping received 16384 bytes back
Round trip time was 34.7629 milliseconds in repetition 170
tcp_ping received 16384 bytes back
Round trip time was 33.5763 milliseconds in repetition 171
tcp_ping received 16384 bytes back
Round trip time was 33.3794 milliseconds in repetition 172
tcp_ping received 16384 bytes back
Round trip time was 33.6947 milliseconds in repetition 173
tcp_ping received 16384 bytes back
Round trip time was 34.6128 milliseconds in repetition 174
tcp_ping received 16384 bytes back
Round trip time was 30.8841 milliseconds in repetition 175
tcp_ping received 16384 bytes back
Round trip time was 31.1323 milliseconds in repetition 176
tcp_ping received 16384 bytes back
Round trip time was 29.3999 milliseconds in repetition 177
tcp_ping received 16384 bytes back
Round trip time was 32.4525 milliseconds in repetition 178
tcp_ping received 16384 bytes back
Round trip time was 29.2797 milliseconds in repetition 179
tcp_ping received 16384 bytes back
Round trip time was 28.9349 milliseconds in repetition 180
tcp_ping received 16384 bytes back
Round trip time was 29.421 milliseconds in repetition 181
tcp_ping received 16384 bytes back
Round trip time was 29.1713 milliseconds in repetition 182
tcp_ping received 16384 bytes back
Round trip time was 29.3496 milliseconds in repetition 183
tcp_ping received 16384 bytes back
Round trip time was 32.3229 milliseconds in repetition 184
tcp_ping received 16384 bytes back
Round trip time was 29.0341 milliseconds in repetition 185
tcp_ping received 16384 bytes back
Round trip time was 29.7583 milliseconds in repetition 186
tcp_ping received 16384 bytes back
Round trip time was 29.0309 milliseconds in repetition 187
tcp_ping received 16384 bytes back
Round trip time was 28.7636 milliseconds in repetition 188
tcp_ping received 16384 bytes back
Round trip time was 28.9421 milliseconds in repetition 189
tcp_ping received 16384 bytes back
Round trip time was 30.3391 milliseconds in repetition 190
tcp_ping received 16384 bytes back
Round trip time was 29.5417 milliseconds in repetition 191
tcp_ping received 16384 bytes back
Round trip time was 29.0212 milliseconds in repetition 192
tcp_ping received 16384 bytes back
Round trip time was 29.8713 milliseconds in repetition 193
tcp_ping received 16384 bytes back
Round trip time was 28.9157 milliseconds in repetition 194
tcp_ping received 16384 bytes back
Round trip time was 29.4424 milliseconds in repetition 195
tcp_ping received 16384 bytes back
Round trip time was 29.0068 milliseconds in repetition 196
tcp_ping received 16384 bytes back
Round trip time was 28.7368 milliseconds in repetition 197
tcp_ping received 16384 bytes back
Round trip time was 28.9762 milliseconds in repetition 198
tcp_ping received 16384 bytes back
Round trip time was 29.4471 milliseconds in repetition 199
tcp_ping received 16384 bytes back
Round trip time was 31.3717 milliseconds in repetition 200
tcp_ping received 16384 bytes back
Round trip time was 31.5226 milliseconds in repetition 201
tcp_ping received 16384 bytes back
Round trip time was 32.9409 milliseconds in repetition 202
tcp_ping received 16384 bytes back
Round trip time was 29.8307 milliseconds in repetition 203
tcp_ping received 16384 bytes back
Round trip time was 30.5891 milliseconds in repetition 204
tcp_ping received 16384 bytes back
Round trip time was 31.3529 milliseconds in repetition 205
tcp_ping received 16384 bytes back
Round trip time was 29.4828 milliseconds in repetition 206
tcp_ping received 16384 bytes back
Round trip time was 30.6945 milliseconds in repetition 207
tcp_ping received 16384 bytes back
Round trip time was 29.1557 milliseconds in repetition 208
tcp_ping received 16384 bytes back
Round trip time was 29.2732 milliseconds in repetition 209
tcp_ping received 16384 bytes back
Round trip time was 30.8191 milliseconds in repetition 210
tcp_ping received 16384 bytes back
Round trip time was 29.2657 milliseconds in repetition 211
tcp_ping received 16384 bytes back
Round trip time was 149.559 milliseconds in repetition 212
tcp_ping received 16384 bytes back
Round trip time was 29.048 milliseconds in repetition 213
tcp_ping received 16384 bytes back
Round trip time was 29.6903 milliseconds in repetition 214
tcp_ping received 16384 bytes back
Round trip time was 30.1637 milliseconds in repetition 215
tcp_ping received 16384 bytes back
Round trip time was 28.9476 milliseconds in repetition 216
tcp_ping received 16384 bytes back
Round trip time was 34.0183 milliseconds in repetition 217
tcp_ping received 16384 bytes back
Round trip time was 32.8075 milliseconds in repetition 218
tcp_ping received 16384 bytes back
Round trip time was 33.9773 milliseconds in repetition 219
tcp_ping received 16384 bytes back
Round trip time was 29.0681 milliseconds in repetition 220
tcp_ping received 16384 bytes back
Round trip time was 29.3566 milliseconds in repetition 221
tcp_ping received 16384 bytes back
Round trip time was 29.0827 milliseconds in repetition 222
tcp_ping received 16384 bytes back
Round trip time was 29.5994 milliseconds in repetition 223
tcp_ping received 16384 bytes back
Round trip time was 30.7842 milliseconds in repetition 224
tcp_ping received 16384 bytes back
Round trip time was 29.506 milliseconds in repetition 225
tcp_ping received 16384 bytes back
Round trip time was 30.9884 milliseconds in repetition 226
tcp_ping received 16384 bytes back
Round trip time was 28.9297 milliseconds in repetition 227
tcp_ping received 16384 bytes back
Round trip time was 28.9901 milliseconds in repetition 228
tcp_ping received 16384 bytes back
Round trip time was 31.0008 milliseconds in repetition 229
tcp_ping received 16384 bytes back
Round trip time was 28.5972 milliseconds in repetition 230
tcp_ping received 16384 bytes back
Round trip time was 29.8234 milliseconds in repetition 231
tcp_ping received 16384 bytes back
Round trip time was 30.5913 milliseconds in repetition 232
tcp_ping received 16384 bytes back
Round trip time was 30.413 milliseconds in repetition 233
tcp_ping received 16384 bytes back
Round trip time was 29.3714 milliseconds in repetition 234
tcp_ping received 16384 bytes back
Round trip time was 31.7025 milliseconds in repetition 235
tcp_ping received 16384 bytes back
Round trip time was 30.2382 milliseconds in repetition 236
tcp_ping received 16384 bytes back
Round trip time was 31.0001 milliseconds in repetition 237
tcp_ping received 16384 bytes back
Round trip time was 29.683 milliseconds in repetition 238
tcp_ping received 16384 bytes back
Round trip time was 31.0159 milliseconds in repetition 239
tcp_ping received 16384 bytes back
Round trip time was 29.025 milliseconds in repetition 240
tcp_ping received 16384 bytes back
Round trip time was 30.4154 milliseconds in repetition 241
tcp_ping received 16384 bytes back
Round trip time was 29.1081 milliseconds in repetition 242
tcp_ping received 16384 bytes back
Round trip time was 29.4612 milliseconds in repetition 243
tcp_ping received 16384 bytes back
Round trip time was 29.7597 milliseconds in repetition 244
tcp_ping received 16384 bytes back
Round trip time was 30.0971 milliseconds in repetition 245
tcp_ping received 16384 bytes back
Round trip time was 30.0662 milliseconds in repetition 246
tcp_ping received 16384 bytes back
Round trip time was 33.7205 milliseconds in repetition 247
tcp_ping received 16384 bytes back
Round trip time was 30.7492 milliseconds in repetition 248
tcp_ping received 16384 bytes back
Round trip time was 29.1606 milliseconds in repetition 249
tcp_ping received 16384 bytes back
Round trip time was 28.8779 milliseconds in repetition 250
tcp_ping received 16384 bytes back
Round trip time was 35.5085 milliseconds in repetition 251
tcp_ping received 16384 bytes back
Round trip time was 30.678 milliseconds in repetition 252
tcp_ping received 16384 bytes back
Round trip time was 40.451 milliseconds in repetition 253
tcp_ping received 16384 bytes back
Round trip time was 31.2871 milliseconds in repetition 254
tcp_ping received 16384 bytes back
Round trip time was 32.0775 milliseconds in repetition 255
tcp_ping received 16384 bytes back
Round trip time was 32.7542 milliseconds in repetition 256
tcp_ping received 16384 bytes back
Round trip time was 31.5039 milliseconds in repetition 257
tcp_ping received 16384 bytes back
Round trip time was 32.5787 milliseconds in repetition 258
tcp_ping received 16384 bytes back
Round trip time was 29.6089 milliseconds in repetition 259
tcp_ping received 16384 bytes back
Round trip time was 29.9572 milliseconds in repetition 260
tcp_ping received 16384 bytes back
Round trip time was 30.692 milliseconds in repetition 261
tcp_ping received 16384 bytes back
Round trip time was 29.9011 milliseconds in repetition 262
tcp_ping received 16384 bytes back
Round trip time was 41.7605 milliseconds in repetition 263
tcp_ping received 16384 bytes back
Round trip time was 30.3119 milliseconds in repetition 264
tcp_ping received 16384 bytes back
Round trip time was 28.7292 milliseconds in repetition 265
tcp_ping received 16384 bytes back
Round trip time was 30.7439 milliseconds in repetition 266
tcp_ping received 16384 bytes back
Round trip time was 28.9019 milliseconds in repetition 267
tcp_ping received 16384 bytes back
Round trip time was 30.8845 milliseconds in repetition 268
tcp_ping received 16384 bytes back
Round trip time was 31.2285 milliseconds in repetition 269
tcp_ping received 16384 bytes back
Round trip time was 29.1896 milliseconds in repetition 270
tcp_ping received 16384 bytes back
Round trip time was 28.938 milliseconds in repetition 271
tcp_ping received 16384 bytes back
Round trip time was 29.0657 milliseconds in repetition 272
tcp_ping received 16384 bytes back
Round trip time was 30.3424 milliseconds in repetition 273
tcp_ping received 16384 bytes back
Round trip time was 29.6692 milliseconds in repetition 274
tcp_ping received 16384 bytes back
Round trip time was 29.0554 milliseconds in repetition 275
tcp_ping received 16384 bytes back
Round trip time was 34.957 milliseconds in repetition 276
tcp_ping received 16384 bytes back
Round trip time was 30.7773 milliseconds in repetition 277
tcp_ping received 16384 bytes back
Round trip time was 29.8155 milliseconds in repetition 278
tcp_ping received 16384 bytes back
Round trip time was 29.3912 milliseconds in repetition 279
tcp_ping received 16384 bytes back
Round trip time was 30.2344 milliseconds in repetition 280
tcp_ping received 16384 bytes back
Round trip time was 33.1984 milliseconds in repetition 281
tcp_ping received 16384 bytes back
Round trip time was 29.4796 milliseconds in repetition 282
tcp_ping received 16384 bytes back
Round trip time was 29.6163 milliseconds in repetition 283
tcp_ping received 16384 bytes back
Round trip time was 31.4463 milliseconds in repetition 284
tcp_ping received 16384 bytes back
Round trip time was 33.4136 milliseconds in repetition 285
tcp_ping received 16384 bytes back
Round trip time was 33.0501 milliseconds in repetition 286
tcp_ping received 16384 bytes back
Round trip time was 30.6441 milliseconds in repetition 287
tcp_ping received 16384 bytes back
Round trip time was 31.4678 milliseconds in repetition 288
tcp_ping received 16384 bytes back
Round trip time was 30.9349 milliseconds in repetition 289
tcp_ping received 16384 bytes back
Round trip time was 31.0202 milliseconds in repetition 290
tcp_ping received 16384 bytes back
Round trip time was 29.9473 milliseconds in repetition 291
tcp_ping received 16384 bytes back
Round trip time was 33.9522 milliseconds in repetition 292
tcp_ping received 16384 bytes back
Round trip time was 32.0312 milliseconds in repetition 293
tcp_ping received 16384 bytes back
Round trip time was 35.6262 milliseconds in repetition 294
tcp_ping received 16384 bytes back
Round trip time was 31.1071 milliseconds in repetition 295
tcp_ping received 16384 bytes back
Round trip time was 32.6558 milliseconds in repetition 296
tcp_ping received 16384 bytes back
Round trip time was 30.4762 milliseconds in repetition 297
tcp_ping received 16384 bytes back
Round trip time was 32.1106 milliseconds in repetition 298
tcp_ping received 16384 bytes back
Round trip time was 29.8772 milliseconds in repetition 299
tcp_ping received 16384 bytes back
Round trip time was 30.7828 milliseconds in repetition 300
tcp_ping received 16384 bytes back
Round trip time was 31.8413 milliseconds in repetition 301
tcp_ping received 16384 bytes back
Round trip time was 29.9661 milliseconds in repetition 302
tcp_ping received 16384 bytes back
Round trip time was 29.1892 milliseconds in repetition 303
tcp_ping received 16384 bytes back
Round trip time was 30.3344 milliseconds in repetition 304
tcp_ping received 16384 bytes back
Round trip time was 29.5425 milliseconds in repetition 305
tcp_ping received 16384 bytes back
Round trip time was 30.321 milliseconds in repetition 306
tcp_ping received 16384 bytes back
Round trip time was 29.5193 milliseconds in repetition 307
tcp_ping received 16384 bytes back
Round trip time was 29.256 milliseconds in repetition 308
tcp_ping received 16384 bytes back
Round trip time was 31.0909 milliseconds in repetition 309
tcp_ping received 16384 bytes back
Round trip time was 30.4163 milliseconds in repetition 310
tcp_ping received 16384 bytes back
Round trip time was 28.8105 milliseconds in repetition 311
tcp_ping received 16384 bytes back
Round trip time was 32.5968 milliseconds in repetition 312
tcp_ping received 16384 bytes back
Round trip time was 28.8892 milliseconds in repetition 313
tcp_ping received 16384 bytes back
Round trip time was 29.1131 milliseconds in repetition 314
tcp_ping received 16384 bytes back
Round trip time was 29.233 milliseconds in repetition 315
tcp_ping received 16384 bytes back
Round trip time was 34.1956 milliseconds in repetition 316
tcp_ping received 16384 bytes back
Round trip time was 29.8624 milliseconds in repetition 317
tcp_ping received 16384 bytes back
Round trip time was 31.7115 milliseconds in repetition 318
tcp_ping received 16384 bytes back
Round trip time was 31.4005 milliseconds in repetition 319
tcp_ping received 16384 bytes back
Round trip time was 30.9191 milliseconds in repetition 320
tcp_ping received 16384 bytes back
Round trip time was 30.9383 milliseconds in repetition 321
tcp_ping received 16384 bytes back
Round trip time was 29.256 milliseconds in repetition 322
tcp_ping received 16384 bytes back
Round trip time was 31.8118 milliseconds in repetition 323
tcp_ping received 16384 bytes back
Round trip time was 29.6773 milliseconds in repetition 324
tcp_ping received 16384 bytes back
Round trip time was 40.741 milliseconds in repetition 325
tcp_ping received 16384 bytes back
Round trip time was 28.8767 milliseconds in repetition 326
tcp_ping received 16384 bytes back
Round trip time was 34.3853 milliseconds in repetition 327
tcp_ping received 16384 bytes back
Round trip time was 29.8265 milliseconds in repetition 328
tcp_ping received 16384 bytes back
Round trip time was 30.1318 milliseconds in repetition 329
tcp_ping received 16384 bytes back
Round trip time was 30.152 milliseconds in repetition 330
tcp_ping received 16384 bytes back
Round trip time was 31.11 milliseconds in repetition 331
tcp_ping received 16384 bytes back
Round trip time was 29.9427 milliseconds in repetition 332
tcp_ping received 16384 bytes back
Round trip time was 31.3556 milliseconds in repetition 333
tcp_ping received 16384 bytes back
Round trip time was 30.3656 milliseconds in repetition 334
tcp_ping received 16384 bytes back
Round trip time was 31.1279 milliseconds in repetition 335
tcp_ping received 16384 bytes back
Round trip time was 34.4712 milliseconds in repetition 336
tcp_ping received 16384 bytes back
Round trip time was 30.4941 milliseconds in repetition 337
tcp_ping received 16384 bytes back
Round trip time was 30.5359 milliseconds in repetition 338
tcp_ping received 16384 bytes back
Round trip time was 47.1156 milliseconds in repetition 339
tcp_ping received 16384 bytes back
Round trip time was 30.199 milliseconds in repetition 340
tcp_ping received 16384 bytes back
Round trip time was 29.7076 milliseconds in repetition 341
tcp_ping received 16384 bytes back
Round trip time was 34.459 milliseconds in repetition 342
tcp_ping received 16384 bytes back
Round trip time was 30.4237 milliseconds in repetition 343
tcp_ping received 16384 bytes back
Round trip time was 29.402 milliseconds in repetition 344
tcp_ping received 16384 bytes back
Round trip time was 28.8201 milliseconds in repetition 345
tcp_ping received 16384 bytes back
Round trip time was 33.2507 milliseconds in repetition 346
tcp_ping received 16384 bytes back
Round trip time was 32.0633 milliseconds in repetition 347
tcp_ping received 16384 bytes back
Round trip time was 34.0149 milliseconds in repetition 348
tcp_ping received 16384 bytes back
Round trip time was 42.5329 milliseconds in repetition 349
tcp_ping received 16384 bytes back
Round trip time was 30.107 milliseconds in repetition 350
tcp_ping received 16384 bytes back
Round trip time was 30.4222 milliseconds in repetition 351
tcp_ping received 16384 bytes back
Round trip time was 30.234 milliseconds in repetition 352
tcp_ping received 16384 bytes back
Round trip time was 31.4503 milliseconds in repetition 353
tcp_ping received 16384 bytes back
Round trip time was 31.0766 milliseconds in repetition 354
tcp_ping received 16384 bytes back
Round trip time was 30.0297 milliseconds in repetition 355
tcp_ping received 16384 bytes back
Round trip time was 29.7783 milliseconds in repetition 356
tcp_ping received 16384 bytes back
Round trip time was 29.5013 milliseconds in repetition 357
tcp_ping received 16384 bytes back
Round trip time was 32.9306 milliseconds in repetition 358
tcp_ping received 16384 bytes back
Round trip time was 30.7447 milliseconds in repetition 359
tcp_ping received 16384 bytes back
Round trip time was 30.2274 milliseconds in repetition 360
tcp_ping received 16384 bytes back
Round trip time was 28.7717 milliseconds in repetition 361
tcp_ping received 16384 bytes back
Round trip time was 28.8446 milliseconds in repetition 362
tcp_ping received 16384 bytes back
Round trip time was 31.5467 milliseconds in repetition 363
tcp_ping received 16384 bytes back
Round trip time was 29.2148 milliseconds in repetition 364
tcp_ping received 16384 bytes back
Round trip time was 29.3239 milliseconds in repetition 365
tcp_ping received 16384 bytes back
Round trip time was 29.6532 milliseconds in repetition 366
tcp_ping received 16384 bytes back
Round trip time was 30.9136 milliseconds in repetition 367
tcp_ping received 16384 bytes back
Round trip time was 29.5871 milliseconds in repetition 368
tcp_ping received 16384 bytes back
Round trip time was 34.1031 milliseconds in repetition 369
tcp_ping received 16384 bytes back
Round trip time was 29.5801 milliseconds in repetition 370
tcp_ping received 16384 bytes back
Round trip time was 29.6251 milliseconds in repetition 371
tcp_ping received 16384 bytes back
Round trip time was 30.9361 milliseconds in repetition 372
tcp_ping received 16384 bytes back
Round trip time was 32.394 milliseconds in repetition 373
tcp_ping received 16384 bytes back
Round trip time was 31.3015 milliseconds in repetition 374
tcp_ping received 16384 bytes back
Round trip time was 31.296 milliseconds in repetition 375
tcp_ping received 16384 bytes back
Round trip time was 29.1488 milliseconds in repetition 376
tcp_ping received 16384 bytes back
Round trip time was 30.7346 milliseconds in repetition 377
tcp_ping received 16384 bytes back
Round trip time was 31.4225 milliseconds in repetition 378
tcp_ping received 16384 bytes back
Round trip time was 29.1246 milliseconds in repetition 379
tcp_ping received 16384 bytes back
Round trip time was 31.0807 milliseconds in repetition 380
tcp_ping received 16384 bytes back
Round trip time was 29.9603 milliseconds in repetition 381
tcp_ping received 16384 bytes back
Round trip time was 31.94 milliseconds in repetition 382
tcp_ping received 16384 bytes back
Round trip time was 95.8954 milliseconds in repetition 383
tcp_ping received 16384 bytes back
Round trip time was 29.8441 milliseconds in repetition 384
tcp_ping received 16384 bytes back
Round trip time was 29.6525 milliseconds in repetition 385
tcp_ping received 16384 bytes back
Round trip time was 29.2526 milliseconds in repetition 386
tcp_ping received 16384 bytes back
Round trip time was 29.5765 milliseconds in repetition 387
tcp_ping received 16384 bytes back
Round trip time was 34.7624 milliseconds in repetition 388
tcp_ping received 16384 bytes back
Round trip time was 29.5585 milliseconds in repetition 389
tcp_ping received 16384 bytes back
Round trip time was 31.1691 milliseconds in repetition 390
tcp_ping received 16384 bytes back
Round trip time was 30.0176 milliseconds in repetition 391
tcp_ping received 16384 bytes back
Round trip time was 29.9533 milliseconds in repetition 392
tcp_ping received 16384 bytes back
Round trip time was 30.7722 milliseconds in repetition 393
tcp_ping received 16384 bytes back
Round trip time was 30.0177 milliseconds in repetition 394
tcp_ping received 16384 bytes back
Round trip time was 29.0634 milliseconds in repetition 395
tcp_ping received 16384 bytes back
Round trip time was 30.4692 milliseconds in repetition 396
tcp_ping received 16384 bytes back
Round trip time was 31.0287 milliseconds in repetition 397
tcp_ping received 16384 bytes back
Round trip time was 31.427 milliseconds in repetition 398
tcp_ping received 16384 bytes back
Round trip time was 29.1504 milliseconds in repetition 399
tcp_ping received 16384 bytes back
Round trip time was 30.4219 milliseconds in repetition 400
tcp_ping received 16384 bytes back
Round trip time was 36.5709 milliseconds in repetition 401
tcp_ping received 16384 bytes back
Round trip time was 33.1934 milliseconds in repetition 402
tcp_ping received 16384 bytes back
Round trip time was 34.5262 milliseconds in repetition 403
tcp_ping received 16384 bytes back
Round trip time was 29.3026 milliseconds in repetition 404
tcp_ping received 16384 bytes back
Round trip time was 33.3555 milliseconds in repetition 405
tcp_ping received 16384 bytes back
Round trip time was 29.9363 milliseconds in repetition 406
tcp_ping received 16384 bytes back
Round trip time was 29.8552 milliseconds in repetition 407
tcp_ping received 16384 bytes back
Round trip time was 31.2242 milliseconds in repetition 408
tcp_ping received 16384 bytes back
Round trip time was 33.6605 milliseconds in repetition 409
tcp_ping received 16384 bytes back
Round trip time was 31.6792 milliseconds in repetition 410
tcp_ping received 16384 bytes back
Round trip time was 30.9923 milliseconds in repetition 411
tcp_ping received 16384 bytes back
Round trip time was 44.5876 milliseconds in repetition 412
tcp_ping received 16384 bytes back
Round trip time was 29.6339 milliseconds in repetition 413
tcp_ping received 16384 bytes back
Round trip time was 29.7348 milliseconds in repetition 414
tcp_ping received 16384 bytes back
Round trip time was 29.652 milliseconds in repetition 415
tcp_ping received 16384 bytes back
Round trip time was 30.4216 milliseconds in repetition 416
tcp_ping received 16384 bytes back
Round trip time was 30.201 milliseconds in repetition 417
tcp_ping received 16384 bytes back
Round trip time was 30.5143 milliseconds in repetition 418
tcp_ping received 16384 bytes back
Round trip time was 30.4828 milliseconds in repetition 419
tcp_ping received 16384 bytes back
Round trip time was 30.0587 milliseconds in repetition 420
tcp_ping received 16384 bytes back
Round trip time was 30.3648 milliseconds in repetition 421
tcp_ping received 16384 bytes back
Round trip time was 30.6535 milliseconds in repetition 422
tcp_ping received 16384 bytes back
Round trip time was 29.026 milliseconds in repetition 423
tcp_ping received 16384 bytes back
Round trip time was 31.2255 milliseconds in repetition 424
tcp_ping received 16384 bytes back
Round trip time was 30.6396 milliseconds in repetition 425
tcp_ping received 16384 bytes back
Round trip time was 32.4666 milliseconds in repetition 426
tcp_ping received 16384 bytes back
Round trip time was 29.5794 milliseconds in repetition 427
tcp_ping received 16384 bytes back
Round trip time was 31.2565 milliseconds in repetition 428
tcp_ping received 16384 bytes back
Round trip time was 34.2995 milliseconds in repetition 429
tcp_ping received 16384 bytes back
Round trip time was 32.8519 milliseconds in repetition 430
tcp_ping received 16384 bytes back
Round trip time was 41.7792 milliseconds in repetition 431
tcp_ping received 16384 bytes back
Round trip time was 29.2891 milliseconds in repetition 432
tcp_ping received 16384 bytes back
Round trip time was 30.6479 milliseconds in repetition 433
tcp_ping received 16384 bytes back
Round trip time was 31.7859 milliseconds in repetition 434
tcp_ping received 16384 bytes back
Round trip time was 29.6427 milliseconds in repetition 435
tcp_ping received 16384 bytes back
Round trip time was 30.8067 milliseconds in repetition 436
tcp_ping received 16384 bytes back
Round trip time was 29.0165 milliseconds in repetition 437
tcp_ping received 16384 bytes back
Round trip time was 29.3437 milliseconds in repetition 438
tcp_ping received 16384 bytes back
Round trip time was 29.5925 milliseconds in repetition 439
tcp_ping received 16384 bytes back
Round trip time was 32.2607 milliseconds in repetition 440
tcp_ping received 16384 bytes back
Round trip time was 29.5454 milliseconds in repetition 441
tcp_ping received 16384 bytes back
Round trip time was 30.0148 milliseconds in repetition 442
tcp_ping received 16384 bytes back
Round trip time was 28.7731 milliseconds in repetition 443
tcp_ping received 16384 bytes back
Round trip time was 29.1184 milliseconds in repetition 444
tcp_ping received 16384 bytes back
Round trip time was 30.9894 milliseconds in repetition 445
tcp_ping received 16384 bytes back
Round trip time was 29.024 milliseconds in repetition 446
tcp_ping received 16384 bytes back
Round trip time was 32.8889 milliseconds in repetition 447
tcp_ping received 16384 bytes back
Round trip time was 30.477 milliseconds in repetition 448
tcp_ping received 16384 bytes back
Round trip time was 29.517 milliseconds in repetition 449
tcp_ping received 16384 bytes back
Round trip time was 29.3402 milliseconds in repetition 450
tcp_ping received 16384 bytes back
Round trip time was 31.7069 milliseconds in repetition 451
tcp_ping received 16384 bytes back
Round trip time was 29.1726 milliseconds in repetition 452
tcp_ping received 16384 bytes back
Round trip time was 30.1573 milliseconds in repetition 453
tcp_ping received 16384 bytes back
Round trip time was 34.9115 milliseconds in repetition 454
tcp_ping received 16384 bytes back
Round trip time was 30.5443 milliseconds in repetition 455
tcp_ping received 16384 bytes back
Round trip time was 33.0063 milliseconds in repetition 456
tcp_ping received 16384 bytes back
Round trip time was 30.7184 milliseconds in repetition 457
tcp_ping received 16384 bytes back
Round trip time was 30.3274 milliseconds in repetition 458
tcp_ping received 16384 bytes back
Round trip time was 29.8177 milliseconds in repetition 459
tcp_ping received 16384 bytes back
Round trip time was 29.3081 milliseconds in repetition 460
tcp_ping received 16384 bytes back
Round trip time was 30.422 milliseconds in repetition 461
tcp_ping received 16384 bytes back
Round trip time was 35.0074 milliseconds in repetition 462
tcp_ping received 16384 bytes back
Round trip time was 29.0145 milliseconds in repetition 463
tcp_ping received 16384 bytes back
Round trip time was 30.0531 milliseconds in repetition 464
tcp_ping received 16384 bytes back
Round trip time was 35.1843 milliseconds in repetition 465
tcp_ping received 16384 bytes back
Round trip time was 28.6261 milliseconds in repetition 466
tcp_ping received 16384 bytes back
Round trip time was 29.0628 milliseconds in repetition 467
tcp_ping received 16384 bytes back
Round trip time was 29.1786 milliseconds in repetition 468
tcp_ping received 16384 bytes back
Round trip time was 35.2819 milliseconds in repetition 469
tcp_ping received 16384 bytes back
Round trip time was 30.8725 milliseconds in repetition 470
tcp_ping received 16384 bytes back
Round trip time was 30.2128 milliseconds in repetition 471
tcp_ping received 16384 bytes back
Round trip time was 29.4571 milliseconds in repetition 472
tcp_ping received 16384 bytes back
Round trip time was 29.9377 milliseconds in repetition 473
tcp_ping received 16384 bytes back
Round trip time was 32.1277 milliseconds in repetition 474
tcp_ping received 16384 bytes back
Round trip time was 46.2032 milliseconds in repetition 475
tcp_ping received 16384 bytes back
Round trip time was 30.0213 milliseconds in repetition 476
tcp_ping received 16384 bytes back
Round trip time was 29.0751 milliseconds in repetition 477
tcp_ping received 16384 bytes back
Round trip time was 30.3044 milliseconds in repetition 478
tcp_ping received 16384 bytes back
Round trip time was 30.5854 milliseconds in repetition 479
tcp_ping received 16384 bytes back
Round trip time was 29.924 milliseconds in repetition 480
tcp_ping received 16384 bytes back
Round trip time was 29.4885 milliseconds in repetition 481
tcp_ping received 16384 bytes back
Round trip time was 30.6635 milliseconds in repetition 482
tcp_ping received 16384 bytes back
Round trip time was 29.0829 milliseconds in repetition 483
tcp_ping received 16384 bytes back
Round trip time was 30.314 milliseconds in repetition 484
tcp_ping received 16384 bytes back
Round trip time was 29.4446 milliseconds in repetition 485
tcp_ping received 16384 bytes back
Round trip time was 29.4616 milliseconds in repetition 486
tcp_ping received 16384 bytes back
Round trip time was 29.1558 milliseconds in repetition 487
tcp_ping received 16384 bytes back
Round trip time was 29.7951 milliseconds in repetition 488
tcp_ping received 16384 bytes back
Round trip time was 29.2144 milliseconds in repetition 489
tcp_ping received 16384 bytes back
Round trip time was 29.8336 milliseconds in repetition 490
tcp_ping received 16384 bytes back
Round trip time was 29.6011 milliseconds in repetition 491
tcp_ping received 16384 bytes back
Round trip time was 30.908 milliseconds in repetition 492
tcp_ping received 16384 bytes back
Round trip time was 29.4428 milliseconds in repetition 493
tcp_ping received 16384 bytes back
Round trip time was 29.1964 milliseconds in repetition 494
tcp_ping received 16384 bytes back
Round trip time was 29.5901 milliseconds in repetition 495
tcp_ping received 16384 bytes back
Round trip time was 29.2799 milliseconds in repetition 496
tcp_ping received 16384 bytes back
Round trip time was 30.4266 milliseconds in repetition 497
tcp_ping received 16384 bytes back
Round trip time was 33.0551 milliseconds in repetition 498
tcp_ping received 16384 bytes back
Round trip time was 38.4122 milliseconds in repetition 499
tcp_ping received 16384 bytes back
Round trip time was 32.853 milliseconds in repetition 500
tcp_ping received 16384 bytes back
Round trip time was 32.6021 milliseconds in repetition 501

 ... clock resolution was 1e-06
TCP Ping:  Statistics over 501 repetitions of 16384 byte messages

RTT : percentile 10: 29.0827, median: 30.422, percentile 90: 34.0149, average: 32.1068, variance: 88.627

RTT histogram:
28.5972 367
34.6453 109
40.6934 13
46.7415 4
52.7896 2
58.8377 0
64.8858 1
70.9339 0
76.982 0
83.0301 0
89.0782 0
95.1263 1
101.174 0
107.223 2
113.271 0
119.319 0
125.367 0
131.415 1
137.463 0
143.511 0
149.559 1

   median Throughput : 1077.12 KB/s   overall Throughput : 1020.59 KB/s

