TCP Ping trying to connect to server seti.dibris.unige.it (130.251.61.30) on port 1491

... connected to Pong server: asking for 501 repetitions of 256 bytes TCP messages
 ... Pong server agreed :-)
tcp_ping received 256 bytes back
Round trip time was 49.0224 milliseconds in repetition 1
tcp_ping received 256 bytes back
Round trip time was 45.8573 milliseconds in repetition 2
tcp_ping received 256 bytes back
Round trip time was 46.6223 milliseconds in repetition 3
tcp_ping received 256 bytes back
Round trip time was 47.0501 milliseconds in repetition 4
tcp_ping received 256 bytes back
Round trip time was 49.8586 milliseconds in repetition 5
tcp_ping received 256 bytes back
Round trip time was 53.156 milliseconds in repetition 6
tcp_ping received 256 bytes back
Round trip time was 49.1549 milliseconds in repetition 7
tcp_ping received 256 bytes back
Round trip time was 46.455 milliseconds in repetition 8
tcp_ping received 256 bytes back
Round trip time was 45.7637 milliseconds in repetition 9
tcp_ping received 256 bytes back
Round trip time was 50.6295 milliseconds in repetition 10
tcp_ping received 256 bytes back
Round trip time was 46.6897 milliseconds in repetition 11
tcp_ping received 256 bytes back
Round trip time was 48.3591 milliseconds in repetition 12
tcp_ping received 256 bytes back
Round trip time was 52.9911 milliseconds in repetition 13
tcp_ping received 256 bytes back
Round trip time was 52.3246 milliseconds in repetition 14
tcp_ping received 256 bytes back
Round trip time was 43.8183 milliseconds in repetition 15
tcp_ping received 256 bytes back
Round trip time was 44.1128 milliseconds in repetition 16
tcp_ping received 256 bytes back
Round trip time was 44.023 milliseconds in repetition 17
tcp_ping received 256 bytes back
Round trip time was 45.2467 milliseconds in repetition 18
tcp_ping received 256 bytes back
Round trip time was 44.4313 milliseconds in repetition 19
tcp_ping received 256 bytes back
Round trip time was 43.809 milliseconds in repetition 20
tcp_ping received 256 bytes back
Round trip time was 41.6668 milliseconds in repetition 21
tcp_ping received 256 bytes back
Round trip time was 28.4079 milliseconds in repetition 22
tcp_ping received 256 bytes back
Round trip time was 28.5035 milliseconds in repetition 23
tcp_ping received 256 bytes back
Round trip time was 44.9338 milliseconds in repetition 24
tcp_ping received 256 bytes back
Round trip time was 53.7183 milliseconds in repetition 25
tcp_ping received 256 bytes back
Round trip time was 44.2993 milliseconds in repetition 26
tcp_ping received 256 bytes back
Round trip time was 46.112 milliseconds in repetition 27
tcp_ping received 256 bytes back
Round trip time was 44.9254 milliseconds in repetition 28
tcp_ping received 256 bytes back
Round trip time was 59.9876 milliseconds in repetition 29
tcp_ping received 256 bytes back
Round trip time was 45.6441 milliseconds in repetition 30
tcp_ping received 256 bytes back
Round trip time was 132.527 milliseconds in repetition 31
tcp_ping received 256 bytes back
Round trip time was 39.9535 milliseconds in repetition 32
tcp_ping received 256 bytes back
Round trip time was 46.0041 milliseconds in repetition 33
tcp_ping received 256 bytes back
Round trip time was 29.4511 milliseconds in repetition 34
tcp_ping received 256 bytes back
Round trip time was 40.346 milliseconds in repetition 35
tcp_ping received 256 bytes back
Round trip time was 41.4546 milliseconds in repetition 36
tcp_ping received 256 bytes back
Round trip time was 36.174 milliseconds in repetition 37
tcp_ping received 256 bytes back
Round trip time was 38.5517 milliseconds in repetition 38
tcp_ping received 256 bytes back
Round trip time was 41.0791 milliseconds in repetition 39
tcp_ping received 256 bytes back
Round trip time was 41.2936 milliseconds in repetition 40
tcp_ping received 256 bytes back
Round trip time was 47.2941 milliseconds in repetition 41
tcp_ping received 256 bytes back
Round trip time was 46.2937 milliseconds in repetition 42
tcp_ping received 256 bytes back
Round trip time was 44.9108 milliseconds in repetition 43
tcp_ping received 256 bytes back
Round trip time was 44.9895 milliseconds in repetition 44
tcp_ping received 256 bytes back
Round trip time was 49.1805 milliseconds in repetition 45
tcp_ping received 256 bytes back
Round trip time was 43.1751 milliseconds in repetition 46
tcp_ping received 256 bytes back
Round trip time was 46.0122 milliseconds in repetition 47
tcp_ping received 256 bytes back
Round trip time was 49.0308 milliseconds in repetition 48
tcp_ping received 256 bytes back
Round trip time was 50.7653 milliseconds in repetition 49
tcp_ping received 256 bytes back
Round trip time was 48.8518 milliseconds in repetition 50
tcp_ping received 256 bytes back
Round trip time was 47.6991 milliseconds in repetition 51
tcp_ping received 256 bytes back
Round trip time was 42.6832 milliseconds in repetition 52
tcp_ping received 256 bytes back
Round trip time was 57.669 milliseconds in repetition 53
tcp_ping received 256 bytes back
Round trip time was 43.5514 milliseconds in repetition 54
tcp_ping received 256 bytes back
Round trip time was 42.3378 milliseconds in repetition 55
tcp_ping received 256 bytes back
Round trip time was 54.3845 milliseconds in repetition 56
tcp_ping received 256 bytes back
Round trip time was 72.0115 milliseconds in repetition 57
tcp_ping received 256 bytes back
Round trip time was 74.7238 milliseconds in repetition 58
tcp_ping received 256 bytes back
Round trip time was 45.7227 milliseconds in repetition 59
tcp_ping received 256 bytes back
Round trip time was 45.9497 milliseconds in repetition 60
tcp_ping received 256 bytes back
Round trip time was 39.275 milliseconds in repetition 61
tcp_ping received 256 bytes back
Round trip time was 44.7268 milliseconds in repetition 62
tcp_ping received 256 bytes back
Round trip time was 47.6134 milliseconds in repetition 63
tcp_ping received 256 bytes back
Round trip time was 48.5799 milliseconds in repetition 64
tcp_ping received 256 bytes back
Round trip time was 44.9362 milliseconds in repetition 65
tcp_ping received 256 bytes back
Round trip time was 60.9889 milliseconds in repetition 66
tcp_ping received 256 bytes back
Round trip time was 45.5129 milliseconds in repetition 67
tcp_ping received 256 bytes back
Round trip time was 44.8996 milliseconds in repetition 68
tcp_ping received 256 bytes back
Round trip time was 48.1536 milliseconds in repetition 69
tcp_ping received 256 bytes back
Round trip time was 55.6809 milliseconds in repetition 70
tcp_ping received 256 bytes back
Round trip time was 44.4049 milliseconds in repetition 71
tcp_ping received 256 bytes back
Round trip time was 44.8317 milliseconds in repetition 72
tcp_ping received 256 bytes back
Round trip time was 44.7335 milliseconds in repetition 73
tcp_ping received 256 bytes back
Round trip time was 46.8921 milliseconds in repetition 74
tcp_ping received 256 bytes back
Round trip time was 44.346 milliseconds in repetition 75
tcp_ping received 256 bytes back
Round trip time was 46.4707 milliseconds in repetition 76
tcp_ping received 256 bytes back
Round trip time was 43.9469 milliseconds in repetition 77
tcp_ping received 256 bytes back
Round trip time was 45.2176 milliseconds in repetition 78
tcp_ping received 256 bytes back
Round trip time was 45.2522 milliseconds in repetition 79
tcp_ping received 256 bytes back
Round trip time was 42.6115 milliseconds in repetition 80
tcp_ping received 256 bytes back
Round trip time was 44.1496 milliseconds in repetition 81
tcp_ping received 256 bytes back
Round trip time was 51.6814 milliseconds in repetition 82
tcp_ping received 256 bytes back
Round trip time was 49.895 milliseconds in repetition 83
tcp_ping received 256 bytes back
Round trip time was 47.4702 milliseconds in repetition 84
tcp_ping received 256 bytes back
Round trip time was 44.9975 milliseconds in repetition 85
tcp_ping received 256 bytes back
Round trip time was 42.0469 milliseconds in repetition 86
tcp_ping received 256 bytes back
Round trip time was 43.4178 milliseconds in repetition 87
tcp_ping received 256 bytes back
Round trip time was 44.0212 milliseconds in repetition 88
tcp_ping received 256 bytes back
Round trip time was 63.8164 milliseconds in repetition 89
tcp_ping received 256 bytes back
Round trip time was 41.46 milliseconds in repetition 90
tcp_ping received 256 bytes back
Round trip time was 42.0345 milliseconds in repetition 91
tcp_ping received 256 bytes back
Round trip time was 42.248 milliseconds in repetition 92
tcp_ping received 256 bytes back
Round trip time was 41.7252 milliseconds in repetition 93
tcp_ping received 256 bytes back
Round trip time was 47.2122 milliseconds in repetition 94
tcp_ping received 256 bytes back
Round trip time was 44.4207 milliseconds in repetition 95
tcp_ping received 256 bytes back
Round trip time was 45.2386 milliseconds in repetition 96
tcp_ping received 256 bytes back
Round trip time was 49.5029 milliseconds in repetition 97
tcp_ping received 256 bytes back
Round trip time was 29.7676 milliseconds in repetition 98
tcp_ping received 256 bytes back
Round trip time was 49.1112 milliseconds in repetition 99
tcp_ping received 256 bytes back
Round trip time was 44.4852 milliseconds in repetition 100
tcp_ping received 256 bytes back
Round trip time was 47.6697 milliseconds in repetition 101
tcp_ping received 256 bytes back
Round trip time was 48.9192 milliseconds in repetition 102
tcp_ping received 256 bytes back
Round trip time was 49.9879 milliseconds in repetition 103
tcp_ping received 256 bytes back
Round trip time was 47.6625 milliseconds in repetition 104
tcp_ping received 256 bytes back
Round trip time was 51.1728 milliseconds in repetition 105
tcp_ping received 256 bytes back
Round trip time was 47.8341 milliseconds in repetition 106
tcp_ping received 256 bytes back
Round trip time was 47.2171 milliseconds in repetition 107
tcp_ping received 256 bytes back
Round trip time was 47.6466 milliseconds in repetition 108
tcp_ping received 256 bytes back
Round trip time was 44.5648 milliseconds in repetition 109
tcp_ping received 256 bytes back
Round trip time was 45.6554 milliseconds in repetition 110
tcp_ping received 256 bytes back
Round trip time was 49.7234 milliseconds in repetition 111
tcp_ping received 256 bytes back
Round trip time was 49.6298 milliseconds in repetition 112
tcp_ping received 256 bytes back
Round trip time was 42.0053 milliseconds in repetition 113
tcp_ping received 256 bytes back
Round trip time was 42.5321 milliseconds in repetition 114
tcp_ping received 256 bytes back
Round trip time was 45.0125 milliseconds in repetition 115
tcp_ping received 256 bytes back
Round trip time was 43.6559 milliseconds in repetition 116
tcp_ping received 256 bytes back
Round trip time was 47.8782 milliseconds in repetition 117
tcp_ping received 256 bytes back
Round trip time was 44.6705 milliseconds in repetition 118
tcp_ping received 256 bytes back
Round trip time was 46.6016 milliseconds in repetition 119
tcp_ping received 256 bytes back
Round trip time was 49.4817 milliseconds in repetition 120
tcp_ping received 256 bytes back
Round trip time was 43.4002 milliseconds in repetition 121
tcp_ping received 256 bytes back
Round trip time was 44.2329 milliseconds in repetition 122
tcp_ping received 256 bytes back
Round trip time was 49.8808 milliseconds in repetition 123
tcp_ping received 256 bytes back
Round trip time was 43.8812 milliseconds in repetition 124
tcp_ping received 256 bytes back
Round trip time was 47.2508 milliseconds in repetition 125
tcp_ping received 256 bytes back
Round trip time was 46.2964 milliseconds in repetition 126
tcp_ping received 256 bytes back
Round trip time was 43.3249 milliseconds in repetition 127
tcp_ping received 256 bytes back
Round trip time was 46.1919 milliseconds in repetition 128
tcp_ping received 256 bytes back
Round trip time was 44.407 milliseconds in repetition 129
tcp_ping received 256 bytes back
Round trip time was 34.305 milliseconds in repetition 130
tcp_ping received 256 bytes back
Round trip time was 43.4235 milliseconds in repetition 131
tcp_ping received 256 bytes back
Round trip time was 43.88 milliseconds in repetition 132
tcp_ping received 256 bytes back
Round trip time was 30.2562 milliseconds in repetition 133
tcp_ping received 256 bytes back
Round trip time was 33.4248 milliseconds in repetition 134
tcp_ping received 256 bytes back
Round trip time was 27.9965 milliseconds in repetition 135
tcp_ping received 256 bytes back
Round trip time was 29.3 milliseconds in repetition 136
tcp_ping received 256 bytes back
Round trip time was 44.6365 milliseconds in repetition 137
tcp_ping received 256 bytes back
Round trip time was 43.2948 milliseconds in repetition 138
tcp_ping received 256 bytes back
Round trip time was 41.5021 milliseconds in repetition 139
tcp_ping received 256 bytes back
Round trip time was 43.5576 milliseconds in repetition 140
tcp_ping received 256 bytes back
Round trip time was 45.2054 milliseconds in repetition 141
tcp_ping received 256 bytes back
Round trip time was 48.1252 milliseconds in repetition 142
tcp_ping received 256 bytes back
Round trip time was 47.1457 milliseconds in repetition 143
tcp_ping received 256 bytes back
Round trip time was 44.0001 milliseconds in repetition 144
tcp_ping received 256 bytes back
Round trip time was 44.1847 milliseconds in repetition 145
tcp_ping received 256 bytes back
Round trip time was 43.9345 milliseconds in repetition 146
tcp_ping received 256 bytes back
Round trip time was 44.8544 milliseconds in repetition 147
tcp_ping received 256 bytes back
Round trip time was 48.0614 milliseconds in repetition 148
tcp_ping received 256 bytes back
Round trip time was 47.5344 milliseconds in repetition 149
tcp_ping received 256 bytes back
Round trip time was 52.6322 milliseconds in repetition 150
tcp_ping received 256 bytes back
Round trip time was 47.9024 milliseconds in repetition 151
tcp_ping received 256 bytes back
Round trip time was 47.3576 milliseconds in repetition 152
tcp_ping received 256 bytes back
Round trip time was 43.4973 milliseconds in repetition 153
tcp_ping received 256 bytes back
Round trip time was 42.2511 milliseconds in repetition 154
tcp_ping received 256 bytes back
Round trip time was 48.7941 milliseconds in repetition 155
tcp_ping received 256 bytes back
Round trip time was 42.7421 milliseconds in repetition 156
tcp_ping received 256 bytes back
Round trip time was 47.8931 milliseconds in repetition 157
tcp_ping received 256 bytes back
Round trip time was 46.518 milliseconds in repetition 158
tcp_ping received 256 bytes back
Round trip time was 44.9204 milliseconds in repetition 159
tcp_ping received 256 bytes back
Round trip time was 49.7532 milliseconds in repetition 160
tcp_ping received 256 bytes back
Round trip time was 45.8182 milliseconds in repetition 161
tcp_ping received 256 bytes back
Round trip time was 33.4487 milliseconds in repetition 162
tcp_ping received 256 bytes back
Round trip time was 50.5237 milliseconds in repetition 163
tcp_ping received 256 bytes back
Round trip time was 41.4847 milliseconds in repetition 164
tcp_ping received 256 bytes back
Round trip time was 47.5303 milliseconds in repetition 165
tcp_ping received 256 bytes back
Round trip time was 47.1025 milliseconds in repetition 166
tcp_ping received 256 bytes back
Round trip time was 49.891 milliseconds in repetition 167
tcp_ping received 256 bytes back
Round trip time was 44.8271 milliseconds in repetition 168
tcp_ping received 256 bytes back
Round trip time was 46.6113 milliseconds in repetition 169
tcp_ping received 256 bytes back
Round trip time was 46.9941 milliseconds in repetition 170
tcp_ping received 256 bytes back
Round trip time was 43.9685 milliseconds in repetition 171
tcp_ping received 256 bytes back
Round trip time was 44.1107 milliseconds in repetition 172
tcp_ping received 256 bytes back
Round trip time was 45.6902 milliseconds in repetition 173
tcp_ping received 256 bytes back
Round trip time was 40.9756 milliseconds in repetition 174
tcp_ping received 256 bytes back
Round trip time was 45.2293 milliseconds in repetition 175
tcp_ping received 256 bytes back
Round trip time was 44.3893 milliseconds in repetition 176
tcp_ping received 256 bytes back
Round trip time was 43.5402 milliseconds in repetition 177
tcp_ping received 256 bytes back
Round trip time was 42.8913 milliseconds in repetition 178
tcp_ping received 256 bytes back
Round trip time was 41.1596 milliseconds in repetition 179
tcp_ping received 256 bytes back
Round trip time was 50.0561 milliseconds in repetition 180
tcp_ping received 256 bytes back
Round trip time was 50.2937 milliseconds in repetition 181
tcp_ping received 256 bytes back
Round trip time was 47.8877 milliseconds in repetition 182
tcp_ping received 256 bytes back
Round trip time was 47.1043 milliseconds in repetition 183
tcp_ping received 256 bytes back
Round trip time was 42.9931 milliseconds in repetition 184
tcp_ping received 256 bytes back
Round trip time was 50.7434 milliseconds in repetition 185
tcp_ping received 256 bytes back
Round trip time was 45.9097 milliseconds in repetition 186
tcp_ping received 256 bytes back
Round trip time was 45.0106 milliseconds in repetition 187
tcp_ping received 256 bytes back
Round trip time was 51.3052 milliseconds in repetition 188
tcp_ping received 256 bytes back
Round trip time was 44.2717 milliseconds in repetition 189
tcp_ping received 256 bytes back
Round trip time was 54.8112 milliseconds in repetition 190
tcp_ping received 256 bytes back
Round trip time was 44.1632 milliseconds in repetition 191
tcp_ping received 256 bytes back
Round trip time was 56.0642 milliseconds in repetition 192
tcp_ping received 256 bytes back
Round trip time was 45.0922 milliseconds in repetition 193
tcp_ping received 256 bytes back
Round trip time was 49.0282 milliseconds in repetition 194
tcp_ping received 256 bytes back
Round trip time was 52.1395 milliseconds in repetition 195
tcp_ping received 256 bytes back
Round trip time was 49.0027 milliseconds in repetition 196
tcp_ping received 256 bytes back
Round trip time was 46.0705 milliseconds in repetition 197
tcp_ping received 256 bytes back
Round trip time was 64.4374 milliseconds in repetition 198
tcp_ping received 256 bytes back
Round trip time was 43.3988 milliseconds in repetition 199
tcp_ping received 256 bytes back
Round trip time was 44.3639 milliseconds in repetition 200
tcp_ping received 256 bytes back
Round trip time was 48.9438 milliseconds in repetition 201
tcp_ping received 256 bytes back
Round trip time was 39.892 milliseconds in repetition 202
tcp_ping received 256 bytes back
Round trip time was 41.0404 milliseconds in repetition 203
tcp_ping received 256 bytes back
Round trip time was 42.1522 milliseconds in repetition 204
tcp_ping received 256 bytes back
Round trip time was 46.786 milliseconds in repetition 205
tcp_ping received 256 bytes back
Round trip time was 60.037 milliseconds in repetition 206
tcp_ping received 256 bytes back
Round trip time was 48.3157 milliseconds in repetition 207
tcp_ping received 256 bytes back
Round trip time was 43.2682 milliseconds in repetition 208
tcp_ping received 256 bytes back
Round trip time was 46.1808 milliseconds in repetition 209
tcp_ping received 256 bytes back
Round trip time was 44.8699 milliseconds in repetition 210
tcp_ping received 256 bytes back
Round trip time was 49.2965 milliseconds in repetition 211
tcp_ping received 256 bytes back
Round trip time was 45.0461 milliseconds in repetition 212
tcp_ping received 256 bytes back
Round trip time was 46.8807 milliseconds in repetition 213
tcp_ping received 256 bytes back
Round trip time was 44.4451 milliseconds in repetition 214
tcp_ping received 256 bytes back
Round trip time was 45.7866 milliseconds in repetition 215
tcp_ping received 256 bytes back
Round trip time was 48.6696 milliseconds in repetition 216
tcp_ping received 256 bytes back
Round trip time was 44.2931 milliseconds in repetition 217
tcp_ping received 256 bytes back
Round trip time was 42.6479 milliseconds in repetition 218
tcp_ping received 256 bytes back
Round trip time was 43.034 milliseconds in repetition 219
tcp_ping received 256 bytes back
Round trip time was 49.9077 milliseconds in repetition 220
tcp_ping received 256 bytes back
Round trip time was 44.3931 milliseconds in repetition 221
tcp_ping received 256 bytes back
Round trip time was 40.0653 milliseconds in repetition 222
tcp_ping received 256 bytes back
Round trip time was 48.4419 milliseconds in repetition 223
tcp_ping received 256 bytes back
Round trip time was 46.1951 milliseconds in repetition 224
tcp_ping received 256 bytes back
Round trip time was 46.5499 milliseconds in repetition 225
tcp_ping received 256 bytes back
Round trip time was 42.6312 milliseconds in repetition 226
tcp_ping received 256 bytes back
Round trip time was 47.2236 milliseconds in repetition 227
tcp_ping received 256 bytes back
Round trip time was 46.9095 milliseconds in repetition 228
tcp_ping received 256 bytes back
Round trip time was 45.0864 milliseconds in repetition 229
tcp_ping received 256 bytes back
Round trip time was 43.9515 milliseconds in repetition 230
tcp_ping received 256 bytes back
Round trip time was 45.114 milliseconds in repetition 231
tcp_ping received 256 bytes back
Round trip time was 47.8928 milliseconds in repetition 232
tcp_ping received 256 bytes back
Round trip time was 47.7682 milliseconds in repetition 233
tcp_ping received 256 bytes back
Round trip time was 48.2928 milliseconds in repetition 234
tcp_ping received 256 bytes back
Round trip time was 45.5905 milliseconds in repetition 235
tcp_ping received 256 bytes back
Round trip time was 46.7474 milliseconds in repetition 236
tcp_ping received 256 bytes back
Round trip time was 50.0771 milliseconds in repetition 237
tcp_ping received 256 bytes back
Round trip time was 48.8836 milliseconds in repetition 238
tcp_ping received 256 bytes back
Round trip time was 45.498 milliseconds in repetition 239
tcp_ping received 256 bytes back
Round trip time was 47.6436 milliseconds in repetition 240
tcp_ping received 256 bytes back
Round trip time was 51.1829 milliseconds in repetition 241
tcp_ping received 256 bytes back
Round trip time was 44.25 milliseconds in repetition 242
tcp_ping received 256 bytes back
Round trip time was 44.5873 milliseconds in repetition 243
tcp_ping received 256 bytes back
Round trip time was 48.3428 milliseconds in repetition 244
tcp_ping received 256 bytes back
Round trip time was 41.1337 milliseconds in repetition 245
tcp_ping received 256 bytes back
Round trip time was 26.7202 milliseconds in repetition 246
tcp_ping received 256 bytes back
Round trip time was 25.91 milliseconds in repetition 247
tcp_ping received 256 bytes back
Round trip time was 29.7866 milliseconds in repetition 248
tcp_ping received 256 bytes back
Round trip time was 29.7873 milliseconds in repetition 249
tcp_ping received 256 bytes back
Round trip time was 27.442 milliseconds in repetition 250
tcp_ping received 256 bytes back
Round trip time was 28.4483 milliseconds in repetition 251
tcp_ping received 256 bytes back
Round trip time was 41.9907 milliseconds in repetition 252
tcp_ping received 256 bytes back
Round trip time was 42.9708 milliseconds in repetition 253
tcp_ping received 256 bytes back
Round trip time was 43.2986 milliseconds in repetition 254
tcp_ping received 256 bytes back
Round trip time was 44.9911 milliseconds in repetition 255
tcp_ping received 256 bytes back
Round trip time was 44.24 milliseconds in repetition 256
tcp_ping received 256 bytes back
Round trip time was 46.8922 milliseconds in repetition 257
tcp_ping received 256 bytes back
Round trip time was 46.3671 milliseconds in repetition 258
tcp_ping received 256 bytes back
Round trip time was 45.3195 milliseconds in repetition 259
tcp_ping received 256 bytes back
Round trip time was 45.7843 milliseconds in repetition 260
tcp_ping received 256 bytes back
Round trip time was 45.0538 milliseconds in repetition 261
tcp_ping received 256 bytes back
Round trip time was 46.6396 milliseconds in repetition 262
tcp_ping received 256 bytes back
Round trip time was 52.5008 milliseconds in repetition 263
tcp_ping received 256 bytes back
Round trip time was 43.4592 milliseconds in repetition 264
tcp_ping received 256 bytes back
Round trip time was 88.3243 milliseconds in repetition 265
tcp_ping received 256 bytes back
Round trip time was 48.674 milliseconds in repetition 266
tcp_ping received 256 bytes back
Round trip time was 50.8775 milliseconds in repetition 267
tcp_ping received 256 bytes back
Round trip time was 44.0361 milliseconds in repetition 268
tcp_ping received 256 bytes back
Round trip time was 45.641 milliseconds in repetition 269
tcp_ping received 256 bytes back
Round trip time was 45.0109 milliseconds in repetition 270
tcp_ping received 256 bytes back
Round trip time was 45.6829 milliseconds in repetition 271
tcp_ping received 256 bytes back
Round trip time was 44.9633 milliseconds in repetition 272
tcp_ping received 256 bytes back
Round trip time was 53.8828 milliseconds in repetition 273
tcp_ping received 256 bytes back
Round trip time was 41.1363 milliseconds in repetition 274
tcp_ping received 256 bytes back
Round trip time was 43.1052 milliseconds in repetition 275
tcp_ping received 256 bytes back
Round trip time was 47.1197 milliseconds in repetition 276
tcp_ping received 256 bytes back
Round trip time was 43.6431 milliseconds in repetition 277
tcp_ping received 256 bytes back
Round trip time was 50.5211 milliseconds in repetition 278
tcp_ping received 256 bytes back
Round trip time was 78.0103 milliseconds in repetition 279
tcp_ping received 256 bytes back
Round trip time was 49.5331 milliseconds in repetition 280
tcp_ping received 256 bytes back
Round trip time was 41.4246 milliseconds in repetition 281
tcp_ping received 256 bytes back
Round trip time was 44.876 milliseconds in repetition 282
tcp_ping received 256 bytes back
Round trip time was 33.6336 milliseconds in repetition 283
tcp_ping received 256 bytes back
Round trip time was 47.0668 milliseconds in repetition 284
tcp_ping received 256 bytes back
Round trip time was 45.1047 milliseconds in repetition 285
tcp_ping received 256 bytes back
Round trip time was 48.836 milliseconds in repetition 286
tcp_ping received 256 bytes back
Round trip time was 55.2183 milliseconds in repetition 287
tcp_ping received 256 bytes back
Round trip time was 56.0729 milliseconds in repetition 288
tcp_ping received 256 bytes back
Round trip time was 41.6786 milliseconds in repetition 289
tcp_ping received 256 bytes back
Round trip time was 45.4287 milliseconds in repetition 290
tcp_ping received 256 bytes back
Round trip time was 46.7259 milliseconds in repetition 291
tcp_ping received 256 bytes back
Round trip time was 46.0295 milliseconds in repetition 292
tcp_ping received 256 bytes back
Round trip time was 43.7707 milliseconds in repetition 293
tcp_ping received 256 bytes back
Round trip time was 45.8908 milliseconds in repetition 294
tcp_ping received 256 bytes back
Round trip time was 44.7453 milliseconds in repetition 295
tcp_ping received 256 bytes back
Round trip time was 49.4211 milliseconds in repetition 296
tcp_ping received 256 bytes back
Round trip time was 45.064 milliseconds in repetition 297
tcp_ping received 256 bytes back
Round trip time was 50.7484 milliseconds in repetition 298
tcp_ping received 256 bytes back
Round trip time was 44.2638 milliseconds in repetition 299
tcp_ping received 256 bytes back
Round trip time was 54.3763 milliseconds in repetition 300
tcp_ping received 256 bytes back
Round trip time was 40.7818 milliseconds in repetition 301
tcp_ping received 256 bytes back
Round trip time was 46.0737 milliseconds in repetition 302
tcp_ping received 256 bytes back
Round trip time was 45.8091 milliseconds in repetition 303
tcp_ping received 256 bytes back
Round trip time was 43.6105 milliseconds in repetition 304
tcp_ping received 256 bytes back
Round trip time was 42.6576 milliseconds in repetition 305
tcp_ping received 256 bytes back
Round trip time was 45.2435 milliseconds in repetition 306
tcp_ping received 256 bytes back
Round trip time was 41.698 milliseconds in repetition 307
tcp_ping received 256 bytes back
Round trip time was 42.3567 milliseconds in repetition 308
tcp_ping received 256 bytes back
Round trip time was 56.9074 milliseconds in repetition 309
tcp_ping received 256 bytes back
Round trip time was 43.4308 milliseconds in repetition 310
tcp_ping received 256 bytes back
Round trip time was 33.2232 milliseconds in repetition 311
tcp_ping received 256 bytes back
Round trip time was 47.1086 milliseconds in repetition 312
tcp_ping received 256 bytes back
Round trip time was 42.5818 milliseconds in repetition 313
tcp_ping received 256 bytes back
Round trip time was 45.7431 milliseconds in repetition 314
tcp_ping received 256 bytes back
Round trip time was 48.3227 milliseconds in repetition 315
tcp_ping received 256 bytes back
Round trip time was 45.9771 milliseconds in repetition 316
tcp_ping received 256 bytes back
Round trip time was 50.5822 milliseconds in repetition 317
tcp_ping received 256 bytes back
Round trip time was 43.7561 milliseconds in repetition 318
tcp_ping received 256 bytes back
Round trip time was 45.3712 milliseconds in repetition 319
tcp_ping received 256 bytes back
Round trip time was 29.4193 milliseconds in repetition 320
tcp_ping received 256 bytes back
Round trip time was 41.304 milliseconds in repetition 321
tcp_ping received 256 bytes back
Round trip time was 44.9695 milliseconds in repetition 322
tcp_ping received 256 bytes back
Round trip time was 51.6375 milliseconds in repetition 323
tcp_ping received 256 bytes back
Round trip time was 41.5412 milliseconds in repetition 324
tcp_ping received 256 bytes back
Round trip time was 47.8329 milliseconds in repetition 325
tcp_ping received 256 bytes back
Round trip time was 56.5285 milliseconds in repetition 326
tcp_ping received 256 bytes back
Round trip time was 45.2468 milliseconds in repetition 327
tcp_ping received 256 bytes back
Round trip time was 48.5754 milliseconds in repetition 328
tcp_ping received 256 bytes back
Round trip time was 49.8918 milliseconds in repetition 329
tcp_ping received 256 bytes back
Round trip time was 45.1429 milliseconds in repetition 330
tcp_ping received 256 bytes back
Round trip time was 47.0908 milliseconds in repetition 331
tcp_ping received 256 bytes back
Round trip time was 51.5605 milliseconds in repetition 332
tcp_ping received 256 bytes back
Round trip time was 46.1886 milliseconds in repetition 333
tcp_ping received 256 bytes back
Round trip time was 51.4938 milliseconds in repetition 334
tcp_ping received 256 bytes back
Round trip time was 43.8817 milliseconds in repetition 335
tcp_ping received 256 bytes back
Round trip time was 48.654 milliseconds in repetition 336
tcp_ping received 256 bytes back
Round trip time was 41.9975 milliseconds in repetition 337
tcp_ping received 256 bytes back
Round trip time was 44.9175 milliseconds in repetition 338
tcp_ping received 256 bytes back
Round trip time was 42.8259 milliseconds in repetition 339
tcp_ping received 256 bytes back
Round trip time was 43.2174 milliseconds in repetition 340
tcp_ping received 256 bytes back
Round trip time was 42.8814 milliseconds in repetition 341
tcp_ping received 256 bytes back
Round trip time was 47.2468 milliseconds in repetition 342
tcp_ping received 256 bytes back
Round trip time was 48.9972 milliseconds in repetition 343
tcp_ping received 256 bytes back
Round trip time was 43.2973 milliseconds in repetition 344
tcp_ping received 256 bytes back
Round trip time was 44.4255 milliseconds in repetition 345
tcp_ping received 256 bytes back
Round trip time was 44.6301 milliseconds in repetition 346
tcp_ping received 256 bytes back
Round trip time was 92.9992 milliseconds in repetition 347
tcp_ping received 256 bytes back
Round trip time was 45.077 milliseconds in repetition 348
tcp_ping received 256 bytes back
Round trip time was 46.8434 milliseconds in repetition 349
tcp_ping received 256 bytes back
Round trip time was 43.5017 milliseconds in repetition 350
tcp_ping received 256 bytes back
Round trip time was 44.1343 milliseconds in repetition 351
tcp_ping received 256 bytes back
Round trip time was 44.1324 milliseconds in repetition 352
tcp_ping received 256 bytes back
Round trip time was 44.1867 milliseconds in repetition 353
tcp_ping received 256 bytes back
Round trip time was 44.2662 milliseconds in repetition 354
tcp_ping received 256 bytes back
Round trip time was 43.2621 milliseconds in repetition 355
tcp_ping received 256 bytes back
Round trip time was 52.3057 milliseconds in repetition 356
tcp_ping received 256 bytes back
Round trip time was 47.4914 milliseconds in repetition 357
tcp_ping received 256 bytes back
Round trip time was 44.1285 milliseconds in repetition 358
tcp_ping received 256 bytes back
Round trip time was 50.332 milliseconds in repetition 359
tcp_ping received 256 bytes back
Round trip time was 42.5236 milliseconds in repetition 360
tcp_ping received 256 bytes back
Round trip time was 48.3762 milliseconds in repetition 361
tcp_ping received 256 bytes back
Round trip time was 54.0717 milliseconds in repetition 362
tcp_ping received 256 bytes back
Round trip time was 49.5511 milliseconds in repetition 363
tcp_ping received 256 bytes back
Round trip time was 42.4013 milliseconds in repetition 364
tcp_ping received 256 bytes back
Round trip time was 47.1174 milliseconds in repetition 365
tcp_ping received 256 bytes back
Round trip time was 49.2288 milliseconds in repetition 366
tcp_ping received 256 bytes back
Round trip time was 48.9024 milliseconds in repetition 367
tcp_ping received 256 bytes back
Round trip time was 47.6595 milliseconds in repetition 368
tcp_ping received 256 bytes back
Round trip time was 44.4503 milliseconds in repetition 369
tcp_ping received 256 bytes back
Round trip time was 47.5241 milliseconds in repetition 370
tcp_ping received 256 bytes back
Round trip time was 44.0236 milliseconds in repetition 371
tcp_ping received 256 bytes back
Round trip time was 71.2113 milliseconds in repetition 372
tcp_ping received 256 bytes back
Round trip time was 43.3128 milliseconds in repetition 373
tcp_ping received 256 bytes back
Round trip time was 48.8193 milliseconds in repetition 374
tcp_ping received 256 bytes back
Round trip time was 46.4132 milliseconds in repetition 375
tcp_ping received 256 bytes back
Round trip time was 46.7198 milliseconds in repetition 376
tcp_ping received 256 bytes back
Round trip time was 43.5315 milliseconds in repetition 377
tcp_ping received 256 bytes back
Round trip time was 48.2283 milliseconds in repetition 378
tcp_ping received 256 bytes back
Round trip time was 47.9195 milliseconds in repetition 379
tcp_ping received 256 bytes back
Round trip time was 45.8359 milliseconds in repetition 380
tcp_ping received 256 bytes back
Round trip time was 47.7608 milliseconds in repetition 381
tcp_ping received 256 bytes back
Round trip time was 51.5343 milliseconds in repetition 382
tcp_ping received 256 bytes back
Round trip time was 50.2947 milliseconds in repetition 383
tcp_ping received 256 bytes back
Round trip time was 47.3796 milliseconds in repetition 384
tcp_ping received 256 bytes back
Round trip time was 62.2664 milliseconds in repetition 385
tcp_ping received 256 bytes back
Round trip time was 46.3373 milliseconds in repetition 386
tcp_ping received 256 bytes back
Round trip time was 50.04 milliseconds in repetition 387
tcp_ping received 256 bytes back
Round trip time was 45.2852 milliseconds in repetition 388
tcp_ping received 256 bytes back
Round trip time was 58.8935 milliseconds in repetition 389
tcp_ping received 256 bytes back
Round trip time was 56.6829 milliseconds in repetition 390
tcp_ping received 256 bytes back
Round trip time was 47.9458 milliseconds in repetition 391
tcp_ping received 256 bytes back
Round trip time was 44.8706 milliseconds in repetition 392
tcp_ping received 256 bytes back
Round trip time was 49.8741 milliseconds in repetition 393
tcp_ping received 256 bytes back
Round trip time was 48.8932 milliseconds in repetition 394
tcp_ping received 256 bytes back
Round trip time was 65.7962 milliseconds in repetition 395
tcp_ping received 256 bytes back
Round trip time was 43.4978 milliseconds in repetition 396
tcp_ping received 256 bytes back
Round trip time was 50.5593 milliseconds in repetition 397
tcp_ping received 256 bytes back
Round trip time was 52.14 milliseconds in repetition 398
tcp_ping received 256 bytes back
Round trip time was 60.2849 milliseconds in repetition 399
tcp_ping received 256 bytes back
Round trip time was 47.7274 milliseconds in repetition 400
tcp_ping received 256 bytes back
Round trip time was 58.1592 milliseconds in repetition 401
tcp_ping received 256 bytes back
Round trip time was 52.7726 milliseconds in repetition 402
tcp_ping received 256 bytes back
Round trip time was 50.5393 milliseconds in repetition 403
tcp_ping received 256 bytes back
Round trip time was 50.7563 milliseconds in repetition 404
tcp_ping received 256 bytes back
Round trip time was 46.4703 milliseconds in repetition 405
tcp_ping received 256 bytes back
Round trip time was 48.0395 milliseconds in repetition 406
tcp_ping received 256 bytes back
Round trip time was 49.7919 milliseconds in repetition 407
tcp_ping received 256 bytes back
Round trip time was 56.6847 milliseconds in repetition 408
tcp_ping received 256 bytes back
Round trip time was 43.1823 milliseconds in repetition 409
tcp_ping received 256 bytes back
Round trip time was 48.3338 milliseconds in repetition 410
tcp_ping received 256 bytes back
Round trip time was 46.995 milliseconds in repetition 411
tcp_ping received 256 bytes back
Round trip time was 46.4225 milliseconds in repetition 412
tcp_ping received 256 bytes back
Round trip time was 153.205 milliseconds in repetition 413
tcp_ping received 256 bytes back
Round trip time was 44.4392 milliseconds in repetition 414
tcp_ping received 256 bytes back
Round trip time was 43.4744 milliseconds in repetition 415
tcp_ping received 256 bytes back
Round trip time was 45.2035 milliseconds in repetition 416
tcp_ping received 256 bytes back
Round trip time was 44.1147 milliseconds in repetition 417
tcp_ping received 256 bytes back
Round trip time was 44.3765 milliseconds in repetition 418
tcp_ping received 256 bytes back
Round trip time was 45.2626 milliseconds in repetition 419
tcp_ping received 256 bytes back
Round trip time was 48.6697 milliseconds in repetition 420
tcp_ping received 256 bytes back
Round trip time was 45.2727 milliseconds in repetition 421
tcp_ping received 256 bytes back
Round trip time was 49.5723 milliseconds in repetition 422
tcp_ping received 256 bytes back
Round trip time was 28.9882 milliseconds in repetition 423
tcp_ping received 256 bytes back
Round trip time was 26.8604 milliseconds in repetition 424
tcp_ping received 256 bytes back
Round trip time was 27.5636 milliseconds in repetition 425
tcp_ping received 256 bytes back
Round trip time was 27.7989 milliseconds in repetition 426
tcp_ping received 256 bytes back
Round trip time was 44.4383 milliseconds in repetition 427
tcp_ping received 256 bytes back
Round trip time was 31.7836 milliseconds in repetition 428
tcp_ping received 256 bytes back
Round trip time was 28.2956 milliseconds in repetition 429
tcp_ping received 256 bytes back
Round trip time was 27.2797 milliseconds in repetition 430
tcp_ping received 256 bytes back
Round trip time was 45.7776 milliseconds in repetition 431
tcp_ping received 256 bytes back
Round trip time was 43.7001 milliseconds in repetition 432
tcp_ping received 256 bytes back
Round trip time was 41.1215 milliseconds in repetition 433
tcp_ping received 256 bytes back
Round trip time was 45.9646 milliseconds in repetition 434
tcp_ping received 256 bytes back
Round trip time was 44.9678 milliseconds in repetition 435
tcp_ping received 256 bytes back
Round trip time was 44.7586 milliseconds in repetition 436
tcp_ping received 256 bytes back
Round trip time was 46.0449 milliseconds in repetition 437
tcp_ping received 256 bytes back
Round trip time was 43.6293 milliseconds in repetition 438
tcp_ping received 256 bytes back
Round trip time was 47.8421 milliseconds in repetition 439
tcp_ping received 256 bytes back
Round trip time was 46.8445 milliseconds in repetition 440
tcp_ping received 256 bytes back
Round trip time was 49.401 milliseconds in repetition 441
tcp_ping received 256 bytes back
Round trip time was 42.6412 milliseconds in repetition 442
tcp_ping received 256 bytes back
Round trip time was 44.927 milliseconds in repetition 443
tcp_ping received 256 bytes back
Round trip time was 44.3191 milliseconds in repetition 444
tcp_ping received 256 bytes back
Round trip time was 46.9408 milliseconds in repetition 445
tcp_ping received 256 bytes back
Round trip time was 46.1474 milliseconds in repetition 446
tcp_ping received 256 bytes back
Round trip time was 42.3196 milliseconds in repetition 447
tcp_ping received 256 bytes back
Round trip time was 44.8398 milliseconds in repetition 448
tcp_ping received 256 bytes back
Round trip time was 48.3336 milliseconds in repetition 449
tcp_ping received 256 bytes back
Round trip time was 44.4354 milliseconds in repetition 450
tcp_ping received 256 bytes back
Round trip time was 41.7336 milliseconds in repetition 451
tcp_ping received 256 bytes back
Round trip time was 46.8896 milliseconds in repetition 452
tcp_ping received 256 bytes back
Round trip time was 44.8842 milliseconds in repetition 453
tcp_ping received 256 bytes back
Round trip time was 46.745 milliseconds in repetition 454
tcp_ping received 256 bytes back
Round trip time was 45.9651 milliseconds in repetition 455
tcp_ping received 256 bytes back
Round trip time was 45.4454 milliseconds in repetition 456
tcp_ping received 256 bytes back
Round trip time was 42.7198 milliseconds in repetition 457
tcp_ping received 256 bytes back
Round trip time was 47.5607 milliseconds in repetition 458
tcp_ping received 256 bytes back
Round trip time was 51.2546 milliseconds in repetition 459
tcp_ping received 256 bytes back
Round trip time was 52.2341 milliseconds in repetition 460
tcp_ping received 256 bytes back
Round trip time was 34.5819 milliseconds in repetition 461
tcp_ping received 256 bytes back
Round trip time was 48.9848 milliseconds in repetition 462
tcp_ping received 256 bytes back
Round trip time was 61.2156 milliseconds in repetition 463
tcp_ping received 256 bytes back
Round trip time was 43.7057 milliseconds in repetition 464
tcp_ping received 256 bytes back
Round trip time was 45.9863 milliseconds in repetition 465
tcp_ping received 256 bytes back
Round trip time was 60.9416 milliseconds in repetition 466
tcp_ping received 256 bytes back
Round trip time was 56.0591 milliseconds in repetition 467
tcp_ping received 256 bytes back
Round trip time was 53.512 milliseconds in repetition 468
tcp_ping received 256 bytes back
Round trip time was 46.6429 milliseconds in repetition 469
tcp_ping received 256 bytes back
Round trip time was 54.1994 milliseconds in repetition 470
tcp_ping received 256 bytes back
Round trip time was 48.3561 milliseconds in repetition 471
tcp_ping received 256 bytes back
Round trip time was 26.4951 milliseconds in repetition 472
tcp_ping received 256 bytes back
Round trip time was 26.6895 milliseconds in repetition 473
tcp_ping received 256 bytes back
Round trip time was 26.382 milliseconds in repetition 474
tcp_ping received 256 bytes back
Round trip time was 26.5489 milliseconds in repetition 475
tcp_ping received 256 bytes back
Round trip time was 26.0122 milliseconds in repetition 476
tcp_ping received 256 bytes back
Round trip time was 26.3775 milliseconds in repetition 477
tcp_ping received 256 bytes back
Round trip time was 27.3443 milliseconds in repetition 478
tcp_ping received 256 bytes back
Round trip time was 26.2114 milliseconds in repetition 479
tcp_ping received 256 bytes back
Round trip time was 26.3312 milliseconds in repetition 480
tcp_ping received 256 bytes back
Round trip time was 26.8386 milliseconds in repetition 481
tcp_ping received 256 bytes back
Round trip time was 26.217 milliseconds in repetition 482
tcp_ping received 256 bytes back
Round trip time was 26.4879 milliseconds in repetition 483
tcp_ping received 256 bytes back
Round trip time was 26.992 milliseconds in repetition 484
tcp_ping received 256 bytes back
Round trip time was 26.5676 milliseconds in repetition 485
tcp_ping received 256 bytes back
Round trip time was 27.527 milliseconds in repetition 486
tcp_ping received 256 bytes back
Round trip time was 26.2756 milliseconds in repetition 487
tcp_ping received 256 bytes back
Round trip time was 27.2616 milliseconds in repetition 488
tcp_ping received 256 bytes back
Round trip time was 28.864 milliseconds in repetition 489
tcp_ping received 256 bytes back
Round trip time was 29.0539 milliseconds in repetition 490
tcp_ping received 256 bytes back
Round trip time was 29.5525 milliseconds in repetition 491
tcp_ping received 256 bytes back
Round trip time was 48.4026 milliseconds in repetition 492
tcp_ping received 256 bytes back
Round trip time was 28.5109 milliseconds in repetition 493
tcp_ping received 256 bytes back
Round trip time was 28.1449 milliseconds in repetition 494
tcp_ping received 256 bytes back
Round trip time was 32.0818 milliseconds in repetition 495
tcp_ping received 256 bytes back
Round trip time was 28.3212 milliseconds in repetition 496
tcp_ping received 256 bytes back
Round trip time was 32.4358 milliseconds in repetition 497
tcp_ping received 256 bytes back
Round trip time was 29.8489 milliseconds in repetition 498
tcp_ping received 256 bytes back
Round trip time was 29.7142 milliseconds in repetition 499
tcp_ping received 256 bytes back
Round trip time was 28.7242 milliseconds in repetition 500
tcp_ping received 256 bytes back
Round trip time was 29.4054 milliseconds in repetition 501

 ... clock resolution was 1e-06
TCP Ping:  Statistics over 501 repetitions of 256 byte messages

RTT : percentile 10: 33.2232, median: 45.3195, percentile 90: 51.5605, average: 45.5194, variance: 101.646

RTT histogram:
25.91 36
32.2748 20
38.6395 28
45.0043 286
51.3691 100
57.7339 16
64.0986 7
70.4634 2
76.8282 2
83.193 0
89.5577 1
95.9225 1
102.287 0
108.652 0
115.017 0
121.382 0
127.746 0
134.111 1
140.476 0
146.841 0
153.205 1

   median Throughput : 11.2976 KB/s   overall Throughput : 11.2479 KB/s

