TCP Ping trying to connect to server seti.dibris.unige.it (130.251.61.30) on port 1491

... connected to Pong server: asking for 501 repetitions of 524288 bytes TCP messages
 ... Pong server agreed :-)
tcp_ping received 524288 bytes back
Round trip time was 383.448 milliseconds in repetition 1
tcp_ping received 524288 bytes back
Round trip time was 157.273 milliseconds in repetition 2
tcp_ping received 524288 bytes back
Round trip time was 144.442 milliseconds in repetition 3
tcp_ping received 524288 bytes back
Round trip time was 132.794 milliseconds in repetition 4
tcp_ping received 524288 bytes back
Round trip time was 140.099 milliseconds in repetition 5
tcp_ping received 524288 bytes back
Round trip time was 161.619 milliseconds in repetition 6
tcp_ping received 524288 bytes back
Round trip time was 145.005 milliseconds in repetition 7
tcp_ping received 524288 bytes back
Round trip time was 146.072 milliseconds in repetition 8
tcp_ping received 524288 bytes back
Round trip time was 129.897 milliseconds in repetition 9
tcp_ping received 524288 bytes back
Round trip time was 168.21 milliseconds in repetition 10
tcp_ping received 524288 bytes back
Round trip time was 138.717 milliseconds in repetition 11
tcp_ping received 524288 bytes back
Round trip time was 128.726 milliseconds in repetition 12
tcp_ping received 524288 bytes back
Round trip time was 129.291 milliseconds in repetition 13
tcp_ping received 524288 bytes back
Round trip time was 135.233 milliseconds in repetition 14
tcp_ping received 524288 bytes back
Round trip time was 138.463 milliseconds in repetition 15
tcp_ping received 524288 bytes back
Round trip time was 152.328 milliseconds in repetition 16
tcp_ping received 524288 bytes back
Round trip time was 128.813 milliseconds in repetition 17
tcp_ping received 524288 bytes back
Round trip time was 130.868 milliseconds in repetition 18
tcp_ping received 524288 bytes back
Round trip time was 123.143 milliseconds in repetition 19
tcp_ping received 524288 bytes back
Round trip time was 129.476 milliseconds in repetition 20
tcp_ping received 524288 bytes back
Round trip time was 125.011 milliseconds in repetition 21
tcp_ping received 524288 bytes back
Round trip time was 122.834 milliseconds in repetition 22
tcp_ping received 524288 bytes back
Round trip time was 119.715 milliseconds in repetition 23
tcp_ping received 524288 bytes back
Round trip time was 136.804 milliseconds in repetition 24
tcp_ping received 524288 bytes back
Round trip time was 144.525 milliseconds in repetition 25
tcp_ping received 524288 bytes back
Round trip time was 147.636 milliseconds in repetition 26
tcp_ping received 524288 bytes back
Round trip time was 153.16 milliseconds in repetition 27
tcp_ping received 524288 bytes back
Round trip time was 131.662 milliseconds in repetition 28
tcp_ping received 524288 bytes back
Round trip time was 136.378 milliseconds in repetition 29
tcp_ping received 524288 bytes back
Round trip time was 129.449 milliseconds in repetition 30
tcp_ping received 524288 bytes back
Round trip time was 127.875 milliseconds in repetition 31
tcp_ping received 524288 bytes back
Round trip time was 120.147 milliseconds in repetition 32
tcp_ping received 524288 bytes back
Round trip time was 130.368 milliseconds in repetition 33
tcp_ping received 524288 bytes back
Round trip time was 125.358 milliseconds in repetition 34
tcp_ping received 524288 bytes back
Round trip time was 120.947 milliseconds in repetition 35
tcp_ping received 524288 bytes back
Round trip time was 131.138 milliseconds in repetition 36
tcp_ping received 524288 bytes back
Round trip time was 124.171 milliseconds in repetition 37
tcp_ping received 524288 bytes back
Round trip time was 141.347 milliseconds in repetition 38
tcp_ping received 524288 bytes back
Round trip time was 118.984 milliseconds in repetition 39
tcp_ping received 524288 bytes back
Round trip time was 128.028 milliseconds in repetition 40
tcp_ping received 524288 bytes back
Round trip time was 136.172 milliseconds in repetition 41
tcp_ping received 524288 bytes back
Round trip time was 122.126 milliseconds in repetition 42
tcp_ping received 524288 bytes back
Round trip time was 118.067 milliseconds in repetition 43
tcp_ping received 524288 bytes back
Round trip time was 130.326 milliseconds in repetition 44
tcp_ping received 524288 bytes back
Round trip time was 145.671 milliseconds in repetition 45
tcp_ping received 524288 bytes back
Round trip time was 163.233 milliseconds in repetition 46
tcp_ping received 524288 bytes back
Round trip time was 164.399 milliseconds in repetition 47
tcp_ping received 524288 bytes back
Round trip time was 157.666 milliseconds in repetition 48
tcp_ping received 524288 bytes back
Round trip time was 174.207 milliseconds in repetition 49
tcp_ping received 524288 bytes back
Round trip time was 155.064 milliseconds in repetition 50
tcp_ping received 524288 bytes back
Round trip time was 163.494 milliseconds in repetition 51
tcp_ping received 524288 bytes back
Round trip time was 158.087 milliseconds in repetition 52
tcp_ping received 524288 bytes back
Round trip time was 152.328 milliseconds in repetition 53
tcp_ping received 524288 bytes back
Round trip time was 165.123 milliseconds in repetition 54
tcp_ping received 524288 bytes back
Round trip time was 149.689 milliseconds in repetition 55
tcp_ping received 524288 bytes back
Round trip time was 160.192 milliseconds in repetition 56
tcp_ping received 524288 bytes back
Round trip time was 151.23 milliseconds in repetition 57
tcp_ping received 524288 bytes back
Round trip time was 143.686 milliseconds in repetition 58
tcp_ping received 524288 bytes back
Round trip time was 143.33 milliseconds in repetition 59
tcp_ping received 524288 bytes back
Round trip time was 136.006 milliseconds in repetition 60
tcp_ping received 524288 bytes back
Round trip time was 144.261 milliseconds in repetition 61
tcp_ping received 524288 bytes back
Round trip time was 129.156 milliseconds in repetition 62
tcp_ping received 524288 bytes back
Round trip time was 145.474 milliseconds in repetition 63
tcp_ping received 524288 bytes back
Round trip time was 185.966 milliseconds in repetition 64
tcp_ping received 524288 bytes back
Round trip time was 145.861 milliseconds in repetition 65
tcp_ping received 524288 bytes back
Round trip time was 138.922 milliseconds in repetition 66
tcp_ping received 524288 bytes back
Round trip time was 147.833 milliseconds in repetition 67
tcp_ping received 524288 bytes back
Round trip time was 201.213 milliseconds in repetition 68
tcp_ping received 524288 bytes back
Round trip time was 118.809 milliseconds in repetition 69
tcp_ping received 524288 bytes back
Round trip time was 146.415 milliseconds in repetition 70
tcp_ping received 524288 bytes back
Round trip time was 136.928 milliseconds in repetition 71
tcp_ping received 524288 bytes back
Round trip time was 129.168 milliseconds in repetition 72
tcp_ping received 524288 bytes back
Round trip time was 146.282 milliseconds in repetition 73
tcp_ping received 524288 bytes back
Round trip time was 152.721 milliseconds in repetition 74
tcp_ping received 524288 bytes back
Round trip time was 127.93 milliseconds in repetition 75
tcp_ping received 524288 bytes back
Round trip time was 118.382 milliseconds in repetition 76
tcp_ping received 524288 bytes back
Round trip time was 130.519 milliseconds in repetition 77
tcp_ping received 524288 bytes back
Round trip time was 127.131 milliseconds in repetition 78
tcp_ping received 524288 bytes back
Round trip time was 150.697 milliseconds in repetition 79
tcp_ping received 524288 bytes back
Round trip time was 123.197 milliseconds in repetition 80
tcp_ping received 524288 bytes back
Round trip time was 132.956 milliseconds in repetition 81
tcp_ping received 524288 bytes back
Round trip time was 135.469 milliseconds in repetition 82
tcp_ping received 524288 bytes back
Round trip time was 130.195 milliseconds in repetition 83
tcp_ping received 524288 bytes back
Round trip time was 122.794 milliseconds in repetition 84
tcp_ping received 524288 bytes back
Round trip time was 131.034 milliseconds in repetition 85
tcp_ping received 524288 bytes back
Round trip time was 142.062 milliseconds in repetition 86
tcp_ping received 524288 bytes back
Round trip time was 130.668 milliseconds in repetition 87
tcp_ping received 524288 bytes back
Round trip time was 132.406 milliseconds in repetition 88
tcp_ping received 524288 bytes back
Round trip time was 121.454 milliseconds in repetition 89
tcp_ping received 524288 bytes back
Round trip time was 129.387 milliseconds in repetition 90
tcp_ping received 524288 bytes back
Round trip time was 121.778 milliseconds in repetition 91
tcp_ping received 524288 bytes back
Round trip time was 113.53 milliseconds in repetition 92
tcp_ping received 524288 bytes back
Round trip time was 117.786 milliseconds in repetition 93
tcp_ping received 524288 bytes back
Round trip time was 123.438 milliseconds in repetition 94
tcp_ping received 524288 bytes back
Round trip time was 133.876 milliseconds in repetition 95
tcp_ping received 524288 bytes back
Round trip time was 126.723 milliseconds in repetition 96
tcp_ping received 524288 bytes back
Round trip time was 123.935 milliseconds in repetition 97
tcp_ping received 524288 bytes back
Round trip time was 150.167 milliseconds in repetition 98
tcp_ping received 524288 bytes back
Round trip time was 121.884 milliseconds in repetition 99
tcp_ping received 524288 bytes back
Round trip time was 151.607 milliseconds in repetition 100
tcp_ping received 524288 bytes back
Round trip time was 149.691 milliseconds in repetition 101
tcp_ping received 524288 bytes back
Round trip time was 168.748 milliseconds in repetition 102
tcp_ping received 524288 bytes back
Round trip time was 141.357 milliseconds in repetition 103
tcp_ping received 524288 bytes back
Round trip time was 149.237 milliseconds in repetition 104
tcp_ping received 524288 bytes back
Round trip time was 154.222 milliseconds in repetition 105
tcp_ping received 524288 bytes back
Round trip time was 160.741 milliseconds in repetition 106
tcp_ping received 524288 bytes back
Round trip time was 165.648 milliseconds in repetition 107
tcp_ping received 524288 bytes back
Round trip time was 154.273 milliseconds in repetition 108
tcp_ping received 524288 bytes back
Round trip time was 133.877 milliseconds in repetition 109
tcp_ping received 524288 bytes back
Round trip time was 143.002 milliseconds in repetition 110
tcp_ping received 524288 bytes back
Round trip time was 156.667 milliseconds in repetition 111
tcp_ping received 524288 bytes back
Round trip time was 119.215 milliseconds in repetition 112
tcp_ping received 524288 bytes back
Round trip time was 133.501 milliseconds in repetition 113
tcp_ping received 524288 bytes back
Round trip time was 145.617 milliseconds in repetition 114
tcp_ping received 524288 bytes back
Round trip time was 169.636 milliseconds in repetition 115
tcp_ping received 524288 bytes back
Round trip time was 119.77 milliseconds in repetition 116
tcp_ping received 524288 bytes back
Round trip time was 126.132 milliseconds in repetition 117
tcp_ping received 524288 bytes back
Round trip time was 127.484 milliseconds in repetition 118
tcp_ping received 524288 bytes back
Round trip time was 137.184 milliseconds in repetition 119
tcp_ping received 524288 bytes back
Round trip time was 118.427 milliseconds in repetition 120
tcp_ping received 524288 bytes back
Round trip time was 136.393 milliseconds in repetition 121
tcp_ping received 524288 bytes back
Round trip time was 138.996 milliseconds in repetition 122
tcp_ping received 524288 bytes back
Round trip time was 123.759 milliseconds in repetition 123
tcp_ping received 524288 bytes back
Round trip time was 145.391 milliseconds in repetition 124
tcp_ping received 524288 bytes back
Round trip time was 118.497 milliseconds in repetition 125
tcp_ping received 524288 bytes back
Round trip time was 141.079 milliseconds in repetition 126
tcp_ping received 524288 bytes back
Round trip time was 142.066 milliseconds in repetition 127
tcp_ping received 524288 bytes back
Round trip time was 139.916 milliseconds in repetition 128
tcp_ping received 524288 bytes back
Round trip time was 145.799 milliseconds in repetition 129
tcp_ping received 524288 bytes back
Round trip time was 124.979 milliseconds in repetition 130
tcp_ping received 524288 bytes back
Round trip time was 120.234 milliseconds in repetition 131
tcp_ping received 524288 bytes back
Round trip time was 121.562 milliseconds in repetition 132
tcp_ping received 524288 bytes back
Round trip time was 132.126 milliseconds in repetition 133
tcp_ping received 524288 bytes back
Round trip time was 121.374 milliseconds in repetition 134
tcp_ping received 524288 bytes back
Round trip time was 118.071 milliseconds in repetition 135
tcp_ping received 524288 bytes back
Round trip time was 128.808 milliseconds in repetition 136
tcp_ping received 524288 bytes back
Round trip time was 124.069 milliseconds in repetition 137
tcp_ping received 524288 bytes back
Round trip time was 126.359 milliseconds in repetition 138
tcp_ping received 524288 bytes back
Round trip time was 131.916 milliseconds in repetition 139
tcp_ping received 524288 bytes back
Round trip time was 143.441 milliseconds in repetition 140
tcp_ping received 524288 bytes back
Round trip time was 158.348 milliseconds in repetition 141
tcp_ping received 524288 bytes back
Round trip time was 134.456 milliseconds in repetition 142
tcp_ping received 524288 bytes back
Round trip time was 124.057 milliseconds in repetition 143
tcp_ping received 524288 bytes back
Round trip time was 134.132 milliseconds in repetition 144
tcp_ping received 524288 bytes back
Round trip time was 143.676 milliseconds in repetition 145
tcp_ping received 524288 bytes back
Round trip time was 126.898 milliseconds in repetition 146
tcp_ping received 524288 bytes back
Round trip time was 571.211 milliseconds in repetition 147
tcp_ping received 524288 bytes back
Round trip time was 155.589 milliseconds in repetition 148
tcp_ping received 524288 bytes back
Round trip time was 136.817 milliseconds in repetition 149
tcp_ping received 524288 bytes back
Round trip time was 133.16 milliseconds in repetition 150
tcp_ping received 524288 bytes back
Round trip time was 145.343 milliseconds in repetition 151
tcp_ping received 524288 bytes back
Round trip time was 153.666 milliseconds in repetition 152
tcp_ping received 524288 bytes back
Round trip time was 137.69 milliseconds in repetition 153
tcp_ping received 524288 bytes back
Round trip time was 128.847 milliseconds in repetition 154
tcp_ping received 524288 bytes back
Round trip time was 125.685 milliseconds in repetition 155
tcp_ping received 524288 bytes back
Round trip time was 135.711 milliseconds in repetition 156
tcp_ping received 524288 bytes back
Round trip time was 132.889 milliseconds in repetition 157
tcp_ping received 524288 bytes back
Round trip time was 131.927 milliseconds in repetition 158
tcp_ping received 524288 bytes back
Round trip time was 140.281 milliseconds in repetition 159
tcp_ping received 524288 bytes back
Round trip time was 139.875 milliseconds in repetition 160
tcp_ping received 524288 bytes back
Round trip time was 157.486 milliseconds in repetition 161
tcp_ping received 524288 bytes back
Round trip time was 140.407 milliseconds in repetition 162
tcp_ping received 524288 bytes back
Round trip time was 136.198 milliseconds in repetition 163
tcp_ping received 524288 bytes back
Round trip time was 137.12 milliseconds in repetition 164
tcp_ping received 524288 bytes back
Round trip time was 137.614 milliseconds in repetition 165
tcp_ping received 524288 bytes back
Round trip time was 157.163 milliseconds in repetition 166
tcp_ping received 524288 bytes back
Round trip time was 145.115 milliseconds in repetition 167
tcp_ping received 524288 bytes back
Round trip time was 140.891 milliseconds in repetition 168
tcp_ping received 524288 bytes back
Round trip time was 141.667 milliseconds in repetition 169
tcp_ping received 524288 bytes back
Round trip time was 185.183 milliseconds in repetition 170
tcp_ping received 524288 bytes back
Round trip time was 152.183 milliseconds in repetition 171
tcp_ping received 524288 bytes back
Round trip time was 159.195 milliseconds in repetition 172
tcp_ping received 524288 bytes back
Round trip time was 142.08 milliseconds in repetition 173
tcp_ping received 524288 bytes back
Round trip time was 146.485 milliseconds in repetition 174
tcp_ping received 524288 bytes back
Round trip time was 161.229 milliseconds in repetition 175
tcp_ping received 524288 bytes back
Round trip time was 143.669 milliseconds in repetition 176
tcp_ping received 524288 bytes back
Round trip time was 176.829 milliseconds in repetition 177
tcp_ping received 524288 bytes back
Round trip time was 167.354 milliseconds in repetition 178
tcp_ping received 524288 bytes back
Round trip time was 195.973 milliseconds in repetition 179
tcp_ping received 524288 bytes back
Round trip time was 196.526 milliseconds in repetition 180
tcp_ping received 524288 bytes back
Round trip time was 180.251 milliseconds in repetition 181
tcp_ping received 524288 bytes back
Round trip time was 203.802 milliseconds in repetition 182
tcp_ping received 524288 bytes back
Round trip time was 176.866 milliseconds in repetition 183
tcp_ping received 524288 bytes back
Round trip time was 174.012 milliseconds in repetition 184
tcp_ping received 524288 bytes back
Round trip time was 188.561 milliseconds in repetition 185
tcp_ping received 524288 bytes back
Round trip time was 177.706 milliseconds in repetition 186
tcp_ping received 524288 bytes back
Round trip time was 203.752 milliseconds in repetition 187
tcp_ping received 524288 bytes back
Round trip time was 172.477 milliseconds in repetition 188
tcp_ping received 524288 bytes back
Round trip time was 133.444 milliseconds in repetition 189
tcp_ping received 524288 bytes back
Round trip time was 152.652 milliseconds in repetition 190
tcp_ping received 524288 bytes back
Round trip time was 143.812 milliseconds in repetition 191
tcp_ping received 524288 bytes back
Round trip time was 160.719 milliseconds in repetition 192
tcp_ping received 524288 bytes back
Round trip time was 151.78 milliseconds in repetition 193
tcp_ping received 524288 bytes back
Round trip time was 156.111 milliseconds in repetition 194
tcp_ping received 524288 bytes back
Round trip time was 146.684 milliseconds in repetition 195
tcp_ping received 524288 bytes back
Round trip time was 133.154 milliseconds in repetition 196
tcp_ping received 524288 bytes back
Round trip time was 142.72 milliseconds in repetition 197
tcp_ping received 524288 bytes back
Round trip time was 156.648 milliseconds in repetition 198
tcp_ping received 524288 bytes back
Round trip time was 153.481 milliseconds in repetition 199
tcp_ping received 524288 bytes back
Round trip time was 143.811 milliseconds in repetition 200
tcp_ping received 524288 bytes back
Round trip time was 140.64 milliseconds in repetition 201
tcp_ping received 524288 bytes back
Round trip time was 149.231 milliseconds in repetition 202
tcp_ping received 524288 bytes back
Round trip time was 183.592 milliseconds in repetition 203
tcp_ping received 524288 bytes back
Round trip time was 156.646 milliseconds in repetition 204
tcp_ping received 524288 bytes back
Round trip time was 169.486 milliseconds in repetition 205
tcp_ping received 524288 bytes back
Round trip time was 162.733 milliseconds in repetition 206
tcp_ping received 524288 bytes back
Round trip time was 180.908 milliseconds in repetition 207
tcp_ping received 524288 bytes back
Round trip time was 175.391 milliseconds in repetition 208
tcp_ping received 524288 bytes back
Round trip time was 153.767 milliseconds in repetition 209
tcp_ping received 524288 bytes back
Round trip time was 159.272 milliseconds in repetition 210
tcp_ping received 524288 bytes back
Round trip time was 174.001 milliseconds in repetition 211
tcp_ping received 524288 bytes back
Round trip time was 184.467 milliseconds in repetition 212
tcp_ping received 524288 bytes back
Round trip time was 180.118 milliseconds in repetition 213
tcp_ping received 524288 bytes back
Round trip time was 153.552 milliseconds in repetition 214
tcp_ping received 524288 bytes back
Round trip time was 154.131 milliseconds in repetition 215
tcp_ping received 524288 bytes back
Round trip time was 139.976 milliseconds in repetition 216
tcp_ping received 524288 bytes back
Round trip time was 150.334 milliseconds in repetition 217
tcp_ping received 524288 bytes back
Round trip time was 259.012 milliseconds in repetition 218
tcp_ping received 524288 bytes back
Round trip time was 175.87 milliseconds in repetition 219
tcp_ping received 524288 bytes back
Round trip time was 155.262 milliseconds in repetition 220
tcp_ping received 524288 bytes back
Round trip time was 143.665 milliseconds in repetition 221
tcp_ping received 524288 bytes back
Round trip time was 144.434 milliseconds in repetition 222
tcp_ping received 524288 bytes back
Round trip time was 135.014 milliseconds in repetition 223
tcp_ping received 524288 bytes back
Round trip time was 184.192 milliseconds in repetition 224
tcp_ping received 524288 bytes back
Round trip time was 153.757 milliseconds in repetition 225
tcp_ping received 524288 bytes back
Round trip time was 157.232 milliseconds in repetition 226
tcp_ping received 524288 bytes back
Round trip time was 136.991 milliseconds in repetition 227
tcp_ping received 524288 bytes back
Round trip time was 140.295 milliseconds in repetition 228
tcp_ping received 524288 bytes back
Round trip time was 171.273 milliseconds in repetition 229
tcp_ping received 524288 bytes back
Round trip time was 136.515 milliseconds in repetition 230
tcp_ping received 524288 bytes back
Round trip time was 147.839 milliseconds in repetition 231
tcp_ping received 524288 bytes back
Round trip time was 145.075 milliseconds in repetition 232
tcp_ping received 524288 bytes back
Round trip time was 144.723 milliseconds in repetition 233
tcp_ping received 524288 bytes back
Round trip time was 152.18 milliseconds in repetition 234
tcp_ping received 524288 bytes back
Round trip time was 155.001 milliseconds in repetition 235
tcp_ping received 524288 bytes back
Round trip time was 178.803 milliseconds in repetition 236
tcp_ping received 524288 bytes back
Round trip time was 181.312 milliseconds in repetition 237
tcp_ping received 524288 bytes back
Round trip time was 193.512 milliseconds in repetition 238
tcp_ping received 524288 bytes back
Round trip time was 185.645 milliseconds in repetition 239
tcp_ping received 524288 bytes back
Round trip time was 204.225 milliseconds in repetition 240
tcp_ping received 524288 bytes back
Round trip time was 200.76 milliseconds in repetition 241
tcp_ping received 524288 bytes back
Round trip time was 219.463 milliseconds in repetition 242
tcp_ping received 524288 bytes back
Round trip time was 190.647 milliseconds in repetition 243
tcp_ping received 524288 bytes back
Round trip time was 177.731 milliseconds in repetition 244
tcp_ping received 524288 bytes back
Round trip time was 196.467 milliseconds in repetition 245
tcp_ping received 524288 bytes back
Round trip time was 176.426 milliseconds in repetition 246
tcp_ping received 524288 bytes back
Round trip time was 187.402 milliseconds in repetition 247
tcp_ping received 524288 bytes back
Round trip time was 181.205 milliseconds in repetition 248
tcp_ping received 524288 bytes back
Round trip time was 149.515 milliseconds in repetition 249
tcp_ping received 524288 bytes back
Round trip time was 153.872 milliseconds in repetition 250
tcp_ping received 524288 bytes back
Round trip time was 143.454 milliseconds in repetition 251
tcp_ping received 524288 bytes back
Round trip time was 168.063 milliseconds in repetition 252
tcp_ping received 524288 bytes back
Round trip time was 201.107 milliseconds in repetition 253
tcp_ping received 524288 bytes back
Round trip time was 183.6 milliseconds in repetition 254
tcp_ping received 524288 bytes back
Round trip time was 198.177 milliseconds in repetition 255
tcp_ping received 524288 bytes back
Round trip time was 184.79 milliseconds in repetition 256
tcp_ping received 524288 bytes back
Round trip time was 166.339 milliseconds in repetition 257
tcp_ping received 524288 bytes back
Round trip time was 148.257 milliseconds in repetition 258
tcp_ping received 524288 bytes back
Round trip time was 138.676 milliseconds in repetition 259
tcp_ping received 524288 bytes back
Round trip time was 148.263 milliseconds in repetition 260
tcp_ping received 524288 bytes back
Round trip time was 161.234 milliseconds in repetition 261
tcp_ping received 524288 bytes back
Round trip time was 162.092 milliseconds in repetition 262
tcp_ping received 524288 bytes back
Round trip time was 133.079 milliseconds in repetition 263
tcp_ping received 524288 bytes back
Round trip time was 139.19 milliseconds in repetition 264
tcp_ping received 524288 bytes back
Round trip time was 145.877 milliseconds in repetition 265
tcp_ping received 524288 bytes back
Round trip time was 139.528 milliseconds in repetition 266
tcp_ping received 524288 bytes back
Round trip time was 154.277 milliseconds in repetition 267
tcp_ping received 524288 bytes back
Round trip time was 195.676 milliseconds in repetition 268
tcp_ping received 524288 bytes back
Round trip time was 159.227 milliseconds in repetition 269
tcp_ping received 524288 bytes back
Round trip time was 150.99 milliseconds in repetition 270
tcp_ping received 524288 bytes back
Round trip time was 186.177 milliseconds in repetition 271
tcp_ping received 524288 bytes back
Round trip time was 150.053 milliseconds in repetition 272
tcp_ping received 524288 bytes back
Round trip time was 132.868 milliseconds in repetition 273
tcp_ping received 524288 bytes back
Round trip time was 164.15 milliseconds in repetition 274
tcp_ping received 524288 bytes back
Round trip time was 143.086 milliseconds in repetition 275
tcp_ping received 524288 bytes back
Round trip time was 152.122 milliseconds in repetition 276
tcp_ping received 524288 bytes back
Round trip time was 155.228 milliseconds in repetition 277
tcp_ping received 524288 bytes back
Round trip time was 161.1 milliseconds in repetition 278
tcp_ping received 524288 bytes back
Round trip time was 146.682 milliseconds in repetition 279
tcp_ping received 524288 bytes back
Round trip time was 180.482 milliseconds in repetition 280
tcp_ping received 524288 bytes back
Round trip time was 157.731 milliseconds in repetition 281
tcp_ping received 524288 bytes back
Round trip time was 168.819 milliseconds in repetition 282
tcp_ping received 524288 bytes back
Round trip time was 158.735 milliseconds in repetition 283
tcp_ping received 524288 bytes back
Round trip time was 166.861 milliseconds in repetition 284
tcp_ping received 524288 bytes back
Round trip time was 230.054 milliseconds in repetition 285
tcp_ping received 524288 bytes back
Round trip time was 182.563 milliseconds in repetition 286
tcp_ping received 524288 bytes back
Round trip time was 179.072 milliseconds in repetition 287
tcp_ping received 524288 bytes back
Round trip time was 161.686 milliseconds in repetition 288
tcp_ping received 524288 bytes back
Round trip time was 152.468 milliseconds in repetition 289
tcp_ping received 524288 bytes back
Round trip time was 147.102 milliseconds in repetition 290
tcp_ping received 524288 bytes back
Round trip time was 166.605 milliseconds in repetition 291
tcp_ping received 524288 bytes back
Round trip time was 145.843 milliseconds in repetition 292
tcp_ping received 524288 bytes back
Round trip time was 162.765 milliseconds in repetition 293
tcp_ping received 524288 bytes back
Round trip time was 161.008 milliseconds in repetition 294
tcp_ping received 524288 bytes back
Round trip time was 147.113 milliseconds in repetition 295
tcp_ping received 524288 bytes back
Round trip time was 144.697 milliseconds in repetition 296
tcp_ping received 524288 bytes back
Round trip time was 143.979 milliseconds in repetition 297
tcp_ping received 524288 bytes back
Round trip time was 141.524 milliseconds in repetition 298
tcp_ping received 524288 bytes back
Round trip time was 149.417 milliseconds in repetition 299
tcp_ping received 524288 bytes back
Round trip time was 142.925 milliseconds in repetition 300
tcp_ping received 524288 bytes back
Round trip time was 146.246 milliseconds in repetition 301
tcp_ping received 524288 bytes back
Round trip time was 164.857 milliseconds in repetition 302
tcp_ping received 524288 bytes back
Round trip time was 151.568 milliseconds in repetition 303
tcp_ping received 524288 bytes back
Round trip time was 147.116 milliseconds in repetition 304
tcp_ping received 524288 bytes back
Round trip time was 141.008 milliseconds in repetition 305
tcp_ping received 524288 bytes back
Round trip time was 166.886 milliseconds in repetition 306
tcp_ping received 524288 bytes back
Round trip time was 152.043 milliseconds in repetition 307
tcp_ping received 524288 bytes back
Round trip time was 159.621 milliseconds in repetition 308
tcp_ping received 524288 bytes back
Round trip time was 162.699 milliseconds in repetition 309
tcp_ping received 524288 bytes back
Round trip time was 169.967 milliseconds in repetition 310
tcp_ping received 524288 bytes back
Round trip time was 141.82 milliseconds in repetition 311
tcp_ping received 524288 bytes back
Round trip time was 158.679 milliseconds in repetition 312
tcp_ping received 524288 bytes back
Round trip time was 145.607 milliseconds in repetition 313
tcp_ping received 524288 bytes back
Round trip time was 159.006 milliseconds in repetition 314
tcp_ping received 524288 bytes back
Round trip time was 149.751 milliseconds in repetition 315
tcp_ping received 524288 bytes back
Round trip time was 142.094 milliseconds in repetition 316
tcp_ping received 524288 bytes back
Round trip time was 144.089 milliseconds in repetition 317
tcp_ping received 524288 bytes back
Round trip time was 158.708 milliseconds in repetition 318
tcp_ping received 524288 bytes back
Round trip time was 157.772 milliseconds in repetition 319
tcp_ping received 524288 bytes back
Round trip time was 144.484 milliseconds in repetition 320
tcp_ping received 524288 bytes back
Round trip time was 154.441 milliseconds in repetition 321
tcp_ping received 524288 bytes back
Round trip time was 154.107 milliseconds in repetition 322
tcp_ping received 524288 bytes back
Round trip time was 149.348 milliseconds in repetition 323
tcp_ping received 524288 bytes back
Round trip time was 156.106 milliseconds in repetition 324
tcp_ping received 524288 bytes back
Round trip time was 135.371 milliseconds in repetition 325
tcp_ping received 524288 bytes back
Round trip time was 141.307 milliseconds in repetition 326
tcp_ping received 524288 bytes back
Round trip time was 136.622 milliseconds in repetition 327
tcp_ping received 524288 bytes back
Round trip time was 138.645 milliseconds in repetition 328
tcp_ping received 524288 bytes back
Round trip time was 146.984 milliseconds in repetition 329
tcp_ping received 524288 bytes back
Round trip time was 139.005 milliseconds in repetition 330
tcp_ping received 524288 bytes back
Round trip time was 183.171 milliseconds in repetition 331
tcp_ping received 524288 bytes back
Round trip time was 253.57 milliseconds in repetition 332
tcp_ping received 524288 bytes back
Round trip time was 150.067 milliseconds in repetition 333
tcp_ping received 524288 bytes back
Round trip time was 135.932 milliseconds in repetition 334
tcp_ping received 524288 bytes back
Round trip time was 156.268 milliseconds in repetition 335
tcp_ping received 524288 bytes back
Round trip time was 163.373 milliseconds in repetition 336
tcp_ping received 524288 bytes back
Round trip time was 140.202 milliseconds in repetition 337
tcp_ping received 524288 bytes back
Round trip time was 151.642 milliseconds in repetition 338
tcp_ping received 524288 bytes back
Round trip time was 139.662 milliseconds in repetition 339
tcp_ping received 524288 bytes back
Round trip time was 158.533 milliseconds in repetition 340
tcp_ping received 524288 bytes back
Round trip time was 146.369 milliseconds in repetition 341
tcp_ping received 524288 bytes back
Round trip time was 136.023 milliseconds in repetition 342
tcp_ping received 524288 bytes back
Round trip time was 145.629 milliseconds in repetition 343
tcp_ping received 524288 bytes back
Round trip time was 145.453 milliseconds in repetition 344
tcp_ping received 524288 bytes back
Round trip time was 147.309 milliseconds in repetition 345
tcp_ping received 524288 bytes back
Round trip time was 154.263 milliseconds in repetition 346
tcp_ping received 524288 bytes back
Round trip time was 156.923 milliseconds in repetition 347
tcp_ping received 524288 bytes back
Round trip time was 133.044 milliseconds in repetition 348
tcp_ping received 524288 bytes back
Round trip time was 149.433 milliseconds in repetition 349
tcp_ping received 524288 bytes back
Round trip time was 151.356 milliseconds in repetition 350
tcp_ping received 524288 bytes back
Round trip time was 136.508 milliseconds in repetition 351
tcp_ping received 524288 bytes back
Round trip time was 150.996 milliseconds in repetition 352
tcp_ping received 524288 bytes back
Round trip time was 148.868 milliseconds in repetition 353
tcp_ping received 524288 bytes back
Round trip time was 131.935 milliseconds in repetition 354
tcp_ping received 524288 bytes back
Round trip time was 135.502 milliseconds in repetition 355
tcp_ping received 524288 bytes back
Round trip time was 134.144 milliseconds in repetition 356
tcp_ping received 524288 bytes back
Round trip time was 145.709 milliseconds in repetition 357
tcp_ping received 524288 bytes back
Round trip time was 155.475 milliseconds in repetition 358
tcp_ping received 524288 bytes back
Round trip time was 156.466 milliseconds in repetition 359
tcp_ping received 524288 bytes back
Round trip time was 223.448 milliseconds in repetition 360
tcp_ping received 524288 bytes back
Round trip time was 163.018 milliseconds in repetition 361
tcp_ping received 524288 bytes back
Round trip time was 167.981 milliseconds in repetition 362
tcp_ping received 524288 bytes back
Round trip time was 173.348 milliseconds in repetition 363
tcp_ping received 524288 bytes back
Round trip time was 155.006 milliseconds in repetition 364
tcp_ping received 524288 bytes back
Round trip time was 149.516 milliseconds in repetition 365
tcp_ping received 524288 bytes back
Round trip time was 156.683 milliseconds in repetition 366
tcp_ping received 524288 bytes back
Round trip time was 164.35 milliseconds in repetition 367
tcp_ping received 524288 bytes back
Round trip time was 144.331 milliseconds in repetition 368
tcp_ping received 524288 bytes back
Round trip time was 157.004 milliseconds in repetition 369
tcp_ping received 524288 bytes back
Round trip time was 152.516 milliseconds in repetition 370
tcp_ping received 524288 bytes back
Round trip time was 348.048 milliseconds in repetition 371
tcp_ping received 524288 bytes back
Round trip time was 162.807 milliseconds in repetition 372
tcp_ping received 524288 bytes back
Round trip time was 152.416 milliseconds in repetition 373
tcp_ping received 524288 bytes back
Round trip time was 147.756 milliseconds in repetition 374
tcp_ping received 524288 bytes back
Round trip time was 141.652 milliseconds in repetition 375
tcp_ping received 524288 bytes back
Round trip time was 144.778 milliseconds in repetition 376
tcp_ping received 524288 bytes back
Round trip time was 151.479 milliseconds in repetition 377
tcp_ping received 524288 bytes back
Round trip time was 150.566 milliseconds in repetition 378
tcp_ping received 524288 bytes back
Round trip time was 153.194 milliseconds in repetition 379
tcp_ping received 524288 bytes back
Round trip time was 137.489 milliseconds in repetition 380
tcp_ping received 524288 bytes back
Round trip time was 154.538 milliseconds in repetition 381
tcp_ping received 524288 bytes back
Round trip time was 150.392 milliseconds in repetition 382
tcp_ping received 524288 bytes back
Round trip time was 146.855 milliseconds in repetition 383
tcp_ping received 524288 bytes back
Round trip time was 149.889 milliseconds in repetition 384
tcp_ping received 524288 bytes back
Round trip time was 144.978 milliseconds in repetition 385
tcp_ping received 524288 bytes back
Round trip time was 145.857 milliseconds in repetition 386
tcp_ping received 524288 bytes back
Round trip time was 140.931 milliseconds in repetition 387
tcp_ping received 524288 bytes back
Round trip time was 135.908 milliseconds in repetition 388
tcp_ping received 524288 bytes back
Round trip time was 134.932 milliseconds in repetition 389
tcp_ping received 524288 bytes back
Round trip time was 178.408 milliseconds in repetition 390
tcp_ping received 524288 bytes back
Round trip time was 128.784 milliseconds in repetition 391
tcp_ping received 524288 bytes back
Round trip time was 153.15 milliseconds in repetition 392
tcp_ping received 524288 bytes back
Round trip time was 141.702 milliseconds in repetition 393
tcp_ping received 524288 bytes back
Round trip time was 130.527 milliseconds in repetition 394
tcp_ping received 524288 bytes back
Round trip time was 141.33 milliseconds in repetition 395
tcp_ping received 524288 bytes back
Round trip time was 155.875 milliseconds in repetition 396
tcp_ping received 524288 bytes back
Round trip time was 151.604 milliseconds in repetition 397
tcp_ping received 524288 bytes back
Round trip time was 147.306 milliseconds in repetition 398
tcp_ping received 524288 bytes back
Round trip time was 146.584 milliseconds in repetition 399
tcp_ping received 524288 bytes back
Round trip time was 141.46 milliseconds in repetition 400
tcp_ping received 524288 bytes back
Round trip time was 151.294 milliseconds in repetition 401
tcp_ping received 524288 bytes back
Round trip time was 153.718 milliseconds in repetition 402
tcp_ping received 524288 bytes back
Round trip time was 144.186 milliseconds in repetition 403
tcp_ping received 524288 bytes back
Round trip time was 149.964 milliseconds in repetition 404
tcp_ping received 524288 bytes back
Round trip time was 145.844 milliseconds in repetition 405
tcp_ping received 524288 bytes back
Round trip time was 153.006 milliseconds in repetition 406
tcp_ping received 524288 bytes back
Round trip time was 142.113 milliseconds in repetition 407
tcp_ping received 524288 bytes back
Round trip time was 136.225 milliseconds in repetition 408
tcp_ping received 524288 bytes back
Round trip time was 142.069 milliseconds in repetition 409
tcp_ping received 524288 bytes back
Round trip time was 157.059 milliseconds in repetition 410
tcp_ping received 524288 bytes back
Round trip time was 146.025 milliseconds in repetition 411
tcp_ping received 524288 bytes back
Round trip time was 147.873 milliseconds in repetition 412
tcp_ping received 524288 bytes back
Round trip time was 156.441 milliseconds in repetition 413
tcp_ping received 524288 bytes back
Round trip time was 237.363 milliseconds in repetition 414
tcp_ping received 524288 bytes back
Round trip time was 146.97 milliseconds in repetition 415
tcp_ping received 524288 bytes back
Round trip time was 150.155 milliseconds in repetition 416
tcp_ping received 524288 bytes back
Round trip time was 158.087 milliseconds in repetition 417
tcp_ping received 524288 bytes back
Round trip time was 285.494 milliseconds in repetition 418
tcp_ping received 524288 bytes back
Round trip time was 150.815 milliseconds in repetition 419
tcp_ping received 524288 bytes back
Round trip time was 168.994 milliseconds in repetition 420
tcp_ping received 524288 bytes back
Round trip time was 162.625 milliseconds in repetition 421
tcp_ping received 524288 bytes back
Round trip time was 167.377 milliseconds in repetition 422
tcp_ping received 524288 bytes back
Round trip time was 152.94 milliseconds in repetition 423
tcp_ping received 524288 bytes back
Round trip time was 158.45 milliseconds in repetition 424
tcp_ping received 524288 bytes back
Round trip time was 155.949 milliseconds in repetition 425
tcp_ping received 524288 bytes back
Round trip time was 147.973 milliseconds in repetition 426
tcp_ping received 524288 bytes back
Round trip time was 148.757 milliseconds in repetition 427
tcp_ping received 524288 bytes back
Round trip time was 148.222 milliseconds in repetition 428
tcp_ping received 524288 bytes back
Round trip time was 152.108 milliseconds in repetition 429
tcp_ping received 524288 bytes back
Round trip time was 147.411 milliseconds in repetition 430
tcp_ping received 524288 bytes back
Round trip time was 240.441 milliseconds in repetition 431
tcp_ping received 524288 bytes back
Round trip time was 144.467 milliseconds in repetition 432
tcp_ping received 524288 bytes back
Round trip time was 155.059 milliseconds in repetition 433
tcp_ping received 524288 bytes back
Round trip time was 172.121 milliseconds in repetition 434
tcp_ping received 524288 bytes back
Round trip time was 148.045 milliseconds in repetition 435
tcp_ping received 524288 bytes back
Round trip time was 150.401 milliseconds in repetition 436
tcp_ping received 524288 bytes back
Round trip time was 151.432 milliseconds in repetition 437
tcp_ping received 524288 bytes back
Round trip time was 152.921 milliseconds in repetition 438
tcp_ping received 524288 bytes back
Round trip time was 145.765 milliseconds in repetition 439
tcp_ping received 524288 bytes back
Round trip time was 146.365 milliseconds in repetition 440
tcp_ping received 524288 bytes back
Round trip time was 147.421 milliseconds in repetition 441
tcp_ping received 524288 bytes back
Round trip time was 137.22 milliseconds in repetition 442
tcp_ping received 524288 bytes back
Round trip time was 142.839 milliseconds in repetition 443
tcp_ping received 524288 bytes back
Round trip time was 142.112 milliseconds in repetition 444
tcp_ping received 524288 bytes back
Round trip time was 152.343 milliseconds in repetition 445
tcp_ping received 524288 bytes back
Round trip time was 137.672 milliseconds in repetition 446
tcp_ping received 524288 bytes back
Round trip time was 163.987 milliseconds in repetition 447
tcp_ping received 524288 bytes back
Round trip time was 152.576 milliseconds in repetition 448
tcp_ping received 524288 bytes back
Round trip time was 142.832 milliseconds in repetition 449
tcp_ping received 524288 bytes back
Round trip time was 149.122 milliseconds in repetition 450
tcp_ping received 524288 bytes back
Round trip time was 167.872 milliseconds in repetition 451
tcp_ping received 524288 bytes back
Round trip time was 147.829 milliseconds in repetition 452
tcp_ping received 524288 bytes back
Round trip time was 139.63 milliseconds in repetition 453
tcp_ping received 524288 bytes back
Round trip time was 143.151 milliseconds in repetition 454
tcp_ping received 524288 bytes back
Round trip time was 152.564 milliseconds in repetition 455
tcp_ping received 524288 bytes back
Round trip time was 153.421 milliseconds in repetition 456
tcp_ping received 524288 bytes back
Round trip time was 161.309 milliseconds in repetition 457
tcp_ping received 524288 bytes back
Round trip time was 150.448 milliseconds in repetition 458
tcp_ping received 524288 bytes back
Round trip time was 163.603 milliseconds in repetition 459
tcp_ping received 524288 bytes back
Round trip time was 186.953 milliseconds in repetition 460
tcp_ping received 524288 bytes back
Round trip time was 151.744 milliseconds in repetition 461
tcp_ping received 524288 bytes back
Round trip time was 159.111 milliseconds in repetition 462
tcp_ping received 524288 bytes back
Round trip time was 163.55 milliseconds in repetition 463
tcp_ping received 524288 bytes back
Round trip time was 148.052 milliseconds in repetition 464
tcp_ping received 524288 bytes back
Round trip time was 165.685 milliseconds in repetition 465
tcp_ping received 524288 bytes back
Round trip time was 158.095 milliseconds in repetition 466
tcp_ping received 524288 bytes back
Round trip time was 145.905 milliseconds in repetition 467
tcp_ping received 524288 bytes back
Round trip time was 153.751 milliseconds in repetition 468
tcp_ping received 524288 bytes back
Round trip time was 152.524 milliseconds in repetition 469
tcp_ping received 524288 bytes back
Round trip time was 165.557 milliseconds in repetition 470
tcp_ping received 524288 bytes back
Round trip time was 172.524 milliseconds in repetition 471
tcp_ping received 524288 bytes back
Round trip time was 179.353 milliseconds in repetition 472
tcp_ping received 524288 bytes back
Round trip time was 175.9 milliseconds in repetition 473
tcp_ping received 524288 bytes back
Round trip time was 153.531 milliseconds in repetition 474
tcp_ping received 524288 bytes back
Round trip time was 155.714 milliseconds in repetition 475
tcp_ping received 524288 bytes back
Round trip time was 146.33 milliseconds in repetition 476
tcp_ping received 524288 bytes back
Round trip time was 140.41 milliseconds in repetition 477
tcp_ping received 524288 bytes back
Round trip time was 138.463 milliseconds in repetition 478
tcp_ping received 524288 bytes back
Round trip time was 139.663 milliseconds in repetition 479
tcp_ping received 524288 bytes back
Round trip time was 142.595 milliseconds in repetition 480
tcp_ping received 524288 bytes back
Round trip time was 141.945 milliseconds in repetition 481
tcp_ping received 524288 bytes back
Round trip time was 142.263 milliseconds in repetition 482
tcp_ping received 524288 bytes back
Round trip time was 160.662 milliseconds in repetition 483
tcp_ping received 524288 bytes back
Round trip time was 135.041 milliseconds in repetition 484
tcp_ping received 524288 bytes back
Round trip time was 152.959 milliseconds in repetition 485
tcp_ping received 524288 bytes back
Round trip time was 147.656 milliseconds in repetition 486
tcp_ping received 524288 bytes back
Round trip time was 159.387 milliseconds in repetition 487
tcp_ping received 524288 bytes back
Round trip time was 139.639 milliseconds in repetition 488
tcp_ping received 524288 bytes back
Round trip time was 151.151 milliseconds in repetition 489
tcp_ping received 524288 bytes back
Round trip time was 158.357 milliseconds in repetition 490
tcp_ping received 524288 bytes back
Round trip time was 153.872 milliseconds in repetition 491
tcp_ping received 524288 bytes back
Round trip time was 158.805 milliseconds in repetition 492
tcp_ping received 524288 bytes back
Round trip time was 135.562 milliseconds in repetition 493
tcp_ping received 524288 bytes back
Round trip time was 135.851 milliseconds in repetition 494
tcp_ping received 524288 bytes back
Round trip time was 146.558 milliseconds in repetition 495
tcp_ping received 524288 bytes back
Round trip time was 150.862 milliseconds in repetition 496
tcp_ping received 524288 bytes back
Round trip time was 151.659 milliseconds in repetition 497
tcp_ping received 524288 bytes back
Round trip time was 144.422 milliseconds in repetition 498
tcp_ping received 524288 bytes back
Round trip time was 153.649 milliseconds in repetition 499
tcp_ping received 524288 bytes back
Round trip time was 149.296 milliseconds in repetition 500
tcp_ping received 524288 bytes back
Round trip time was 137.879 milliseconds in repetition 501

 ... clock resolution was 1e-06
TCP Ping:  Statistics over 501 repetitions of 524288 byte messages

RTT : percentile 10: 129.168, median: 148.045, percentile 90: 176.866, average: 152.678, variance: 965.491

RTT histogram:
113.53 31
136.414 217
159.298 189
182.182 42
205.066 11
227.95 4
250.834 3
273.718 0
296.602 1
319.486 0
342.37 1
365.254 0
388.138 1
411.022 0
433.906 0
456.79 0
479.675 0
502.559 0
525.443 0
548.327 0
571.211 1

   median Throughput : 7082.84 KB/s   overall Throughput : 6867.88 KB/s

