TCP Ping trying to connect to server seti.dibris.unige.it (130.251.61.30) on port 1491

... connected to Pong server: asking for 501 repetitions of 98304 bytes TCP messages
 ... Pong server agreed :-)
tcp_ping received 98304 bytes back
Round trip time was 186.049 milliseconds in repetition 1
tcp_ping received 98304 bytes back
Round trip time was 73.2459 milliseconds in repetition 2
tcp_ping received 98304 bytes back
Round trip time was 51.1066 milliseconds in repetition 3
tcp_ping received 98304 bytes back
Round trip time was 52.4032 milliseconds in repetition 4
tcp_ping received 98304 bytes back
Round trip time was 50.3404 milliseconds in repetition 5
tcp_ping received 98304 bytes back
Round trip time was 50.7972 milliseconds in repetition 6
tcp_ping received 98304 bytes back
Round trip time was 54.1205 milliseconds in repetition 7
tcp_ping received 98304 bytes back
Round trip time was 52.1651 milliseconds in repetition 8
tcp_ping received 98304 bytes back
Round trip time was 51.903 milliseconds in repetition 9
tcp_ping received 98304 bytes back
Round trip time was 49.7077 milliseconds in repetition 10
tcp_ping received 98304 bytes back
Round trip time was 57.7324 milliseconds in repetition 11
tcp_ping received 98304 bytes back
Round trip time was 70.4606 milliseconds in repetition 12
tcp_ping received 98304 bytes back
Round trip time was 58.0246 milliseconds in repetition 13
tcp_ping received 98304 bytes back
Round trip time was 59.9947 milliseconds in repetition 14
tcp_ping received 98304 bytes back
Round trip time was 49.6199 milliseconds in repetition 15
tcp_ping received 98304 bytes back
Round trip time was 51.3445 milliseconds in repetition 16
tcp_ping received 98304 bytes back
Round trip time was 51.5215 milliseconds in repetition 17
tcp_ping received 98304 bytes back
Round trip time was 50.7537 milliseconds in repetition 18
tcp_ping received 98304 bytes back
Round trip time was 52.2337 milliseconds in repetition 19
tcp_ping received 98304 bytes back
Round trip time was 49.6275 milliseconds in repetition 20
tcp_ping received 98304 bytes back
Round trip time was 50.208 milliseconds in repetition 21
tcp_ping received 98304 bytes back
Round trip time was 53.5213 milliseconds in repetition 22
tcp_ping received 98304 bytes back
Round trip time was 49.5012 milliseconds in repetition 23
tcp_ping received 98304 bytes back
Round trip time was 49.9813 milliseconds in repetition 24
tcp_ping received 98304 bytes back
Round trip time was 48.6587 milliseconds in repetition 25
tcp_ping received 98304 bytes back
Round trip time was 46.2339 milliseconds in repetition 26
tcp_ping received 98304 bytes back
Round trip time was 49.5477 milliseconds in repetition 27
tcp_ping received 98304 bytes back
Round trip time was 50.5382 milliseconds in repetition 28
tcp_ping received 98304 bytes back
Round trip time was 45.4339 milliseconds in repetition 29
tcp_ping received 98304 bytes back
Round trip time was 46.1015 milliseconds in repetition 30
tcp_ping received 98304 bytes back
Round trip time was 52.4928 milliseconds in repetition 31
tcp_ping received 98304 bytes back
Round trip time was 51.5354 milliseconds in repetition 32
tcp_ping received 98304 bytes back
Round trip time was 52.0821 milliseconds in repetition 33
tcp_ping received 98304 bytes back
Round trip time was 49.7533 milliseconds in repetition 34
tcp_ping received 98304 bytes back
Round trip time was 54.2908 milliseconds in repetition 35
tcp_ping received 98304 bytes back
Round trip time was 47.0183 milliseconds in repetition 36
tcp_ping received 98304 bytes back
Round trip time was 47.2932 milliseconds in repetition 37
tcp_ping received 98304 bytes back
Round trip time was 50.0433 milliseconds in repetition 38
tcp_ping received 98304 bytes back
Round trip time was 51.1859 milliseconds in repetition 39
tcp_ping received 98304 bytes back
Round trip time was 48.3791 milliseconds in repetition 40
tcp_ping received 98304 bytes back
Round trip time was 50.001 milliseconds in repetition 41
tcp_ping received 98304 bytes back
Round trip time was 52.0181 milliseconds in repetition 42
tcp_ping received 98304 bytes back
Round trip time was 47.0133 milliseconds in repetition 43
tcp_ping received 98304 bytes back
Round trip time was 49.2158 milliseconds in repetition 44
tcp_ping received 98304 bytes back
Round trip time was 48.9411 milliseconds in repetition 45
tcp_ping received 98304 bytes back
Round trip time was 47.9002 milliseconds in repetition 46
tcp_ping received 98304 bytes back
Round trip time was 45.4081 milliseconds in repetition 47
tcp_ping received 98304 bytes back
Round trip time was 49.2099 milliseconds in repetition 48
tcp_ping received 98304 bytes back
Round trip time was 50.2988 milliseconds in repetition 49
tcp_ping received 98304 bytes back
Round trip time was 52.3681 milliseconds in repetition 50
tcp_ping received 98304 bytes back
Round trip time was 56.5164 milliseconds in repetition 51
tcp_ping received 98304 bytes back
Round trip time was 53.948 milliseconds in repetition 52
tcp_ping received 98304 bytes back
Round trip time was 55.2659 milliseconds in repetition 53
tcp_ping received 98304 bytes back
Round trip time was 51.9788 milliseconds in repetition 54
tcp_ping received 98304 bytes back
Round trip time was 55.4412 milliseconds in repetition 55
tcp_ping received 98304 bytes back
Round trip time was 46.5132 milliseconds in repetition 56
tcp_ping received 98304 bytes back
Round trip time was 50.4667 milliseconds in repetition 57
tcp_ping received 98304 bytes back
Round trip time was 56.2598 milliseconds in repetition 58
tcp_ping received 98304 bytes back
Round trip time was 50.7237 milliseconds in repetition 59
tcp_ping received 98304 bytes back
Round trip time was 56.3607 milliseconds in repetition 60
tcp_ping received 98304 bytes back
Round trip time was 50.1939 milliseconds in repetition 61
tcp_ping received 98304 bytes back
Round trip time was 52.9871 milliseconds in repetition 62
tcp_ping received 98304 bytes back
Round trip time was 49.9069 milliseconds in repetition 63
tcp_ping received 98304 bytes back
Round trip time was 54.625 milliseconds in repetition 64
tcp_ping received 98304 bytes back
Round trip time was 47.1255 milliseconds in repetition 65
tcp_ping received 98304 bytes back
Round trip time was 52.4264 milliseconds in repetition 66
tcp_ping received 98304 bytes back
Round trip time was 50.9368 milliseconds in repetition 67
tcp_ping received 98304 bytes back
Round trip time was 49.8233 milliseconds in repetition 68
tcp_ping received 98304 bytes back
Round trip time was 49.8958 milliseconds in repetition 69
tcp_ping received 98304 bytes back
Round trip time was 51.2576 milliseconds in repetition 70
tcp_ping received 98304 bytes back
Round trip time was 48.1374 milliseconds in repetition 71
tcp_ping received 98304 bytes back
Round trip time was 48.0945 milliseconds in repetition 72
tcp_ping received 98304 bytes back
Round trip time was 50.8193 milliseconds in repetition 73
tcp_ping received 98304 bytes back
Round trip time was 49.4293 milliseconds in repetition 74
tcp_ping received 98304 bytes back
Round trip time was 59.6844 milliseconds in repetition 75
tcp_ping received 98304 bytes back
Round trip time was 48.4714 milliseconds in repetition 76
tcp_ping received 98304 bytes back
Round trip time was 53.0789 milliseconds in repetition 77
tcp_ping received 98304 bytes back
Round trip time was 52.9349 milliseconds in repetition 78
tcp_ping received 98304 bytes back
Round trip time was 47.4869 milliseconds in repetition 79
tcp_ping received 98304 bytes back
Round trip time was 50.8309 milliseconds in repetition 80
tcp_ping received 98304 bytes back
Round trip time was 58.1031 milliseconds in repetition 81
tcp_ping received 98304 bytes back
Round trip time was 51.6976 milliseconds in repetition 82
tcp_ping received 98304 bytes back
Round trip time was 48.4303 milliseconds in repetition 83
tcp_ping received 98304 bytes back
Round trip time was 52.6309 milliseconds in repetition 84
tcp_ping received 98304 bytes back
Round trip time was 53.5093 milliseconds in repetition 85
tcp_ping received 98304 bytes back
Round trip time was 58.5978 milliseconds in repetition 86
tcp_ping received 98304 bytes back
Round trip time was 55.1136 milliseconds in repetition 87
tcp_ping received 98304 bytes back
Round trip time was 46.7913 milliseconds in repetition 88
tcp_ping received 98304 bytes back
Round trip time was 61.5193 milliseconds in repetition 89
tcp_ping received 98304 bytes back
Round trip time was 53.9686 milliseconds in repetition 90
tcp_ping received 98304 bytes back
Round trip time was 55.4205 milliseconds in repetition 91
tcp_ping received 98304 bytes back
Round trip time was 59.5501 milliseconds in repetition 92
tcp_ping received 98304 bytes back
Round trip time was 48.527 milliseconds in repetition 93
tcp_ping received 98304 bytes back
Round trip time was 51.0147 milliseconds in repetition 94
tcp_ping received 98304 bytes back
Round trip time was 48.3978 milliseconds in repetition 95
tcp_ping received 98304 bytes back
Round trip time was 64.9494 milliseconds in repetition 96
tcp_ping received 98304 bytes back
Round trip time was 49.0879 milliseconds in repetition 97
tcp_ping received 98304 bytes back
Round trip time was 55.7839 milliseconds in repetition 98
tcp_ping received 98304 bytes back
Round trip time was 53.4346 milliseconds in repetition 99
tcp_ping received 98304 bytes back
Round trip time was 53.6843 milliseconds in repetition 100
tcp_ping received 98304 bytes back
Round trip time was 54.8174 milliseconds in repetition 101
tcp_ping received 98304 bytes back
Round trip time was 47.974 milliseconds in repetition 102
tcp_ping received 98304 bytes back
Round trip time was 54.4848 milliseconds in repetition 103
tcp_ping received 98304 bytes back
Round trip time was 47.8225 milliseconds in repetition 104
tcp_ping received 98304 bytes back
Round trip time was 63.4066 milliseconds in repetition 105
tcp_ping received 98304 bytes back
Round trip time was 68.8746 milliseconds in repetition 106
tcp_ping received 98304 bytes back
Round trip time was 51.673 milliseconds in repetition 107
tcp_ping received 98304 bytes back
Round trip time was 53.3343 milliseconds in repetition 108
tcp_ping received 98304 bytes back
Round trip time was 50.3179 milliseconds in repetition 109
tcp_ping received 98304 bytes back
Round trip time was 54.5936 milliseconds in repetition 110
tcp_ping received 98304 bytes back
Round trip time was 49.7225 milliseconds in repetition 111
tcp_ping received 98304 bytes back
Round trip time was 49.3464 milliseconds in repetition 112
tcp_ping received 98304 bytes back
Round trip time was 53.2595 milliseconds in repetition 113
tcp_ping received 98304 bytes back
Round trip time was 48.194 milliseconds in repetition 114
tcp_ping received 98304 bytes back
Round trip time was 50.635 milliseconds in repetition 115
tcp_ping received 98304 bytes back
Round trip time was 48.0756 milliseconds in repetition 116
tcp_ping received 98304 bytes back
Round trip time was 47.4657 milliseconds in repetition 117
tcp_ping received 98304 bytes back
Round trip time was 52.6013 milliseconds in repetition 118
tcp_ping received 98304 bytes back
Round trip time was 59.0867 milliseconds in repetition 119
tcp_ping received 98304 bytes back
Round trip time was 76.9267 milliseconds in repetition 120
tcp_ping received 98304 bytes back
Round trip time was 64.0084 milliseconds in repetition 121
tcp_ping received 98304 bytes back
Round trip time was 56.5139 milliseconds in repetition 122
tcp_ping received 98304 bytes back
Round trip time was 52.2154 milliseconds in repetition 123
tcp_ping received 98304 bytes back
Round trip time was 46.99 milliseconds in repetition 124
tcp_ping received 98304 bytes back
Round trip time was 60.4006 milliseconds in repetition 125
tcp_ping received 98304 bytes back
Round trip time was 106.136 milliseconds in repetition 126
tcp_ping received 98304 bytes back
Round trip time was 47.7058 milliseconds in repetition 127
tcp_ping received 98304 bytes back
Round trip time was 51.5035 milliseconds in repetition 128
tcp_ping received 98304 bytes back
Round trip time was 46.889 milliseconds in repetition 129
tcp_ping received 98304 bytes back
Round trip time was 45.1437 milliseconds in repetition 130
tcp_ping received 98304 bytes back
Round trip time was 46.9867 milliseconds in repetition 131
tcp_ping received 98304 bytes back
Round trip time was 45.2835 milliseconds in repetition 132
tcp_ping received 98304 bytes back
Round trip time was 50.2473 milliseconds in repetition 133
tcp_ping received 98304 bytes back
Round trip time was 50.5286 milliseconds in repetition 134
tcp_ping received 98304 bytes back
Round trip time was 48.7876 milliseconds in repetition 135
tcp_ping received 98304 bytes back
Round trip time was 50.3677 milliseconds in repetition 136
tcp_ping received 98304 bytes back
Round trip time was 51.3935 milliseconds in repetition 137
tcp_ping received 98304 bytes back
Round trip time was 60.4009 milliseconds in repetition 138
tcp_ping received 98304 bytes back
Round trip time was 49.1924 milliseconds in repetition 139
tcp_ping received 98304 bytes back
Round trip time was 48.5706 milliseconds in repetition 140
tcp_ping received 98304 bytes back
Round trip time was 50.6816 milliseconds in repetition 141
tcp_ping received 98304 bytes back
Round trip time was 46.6861 milliseconds in repetition 142
tcp_ping received 98304 bytes back
Round trip time was 48.9438 milliseconds in repetition 143
tcp_ping received 98304 bytes back
Round trip time was 50.7654 milliseconds in repetition 144
tcp_ping received 98304 bytes back
Round trip time was 148.388 milliseconds in repetition 145
tcp_ping received 98304 bytes back
Round trip time was 52.1779 milliseconds in repetition 146
tcp_ping received 98304 bytes back
Round trip time was 48.6909 milliseconds in repetition 147
tcp_ping received 98304 bytes back
Round trip time was 47.8294 milliseconds in repetition 148
tcp_ping received 98304 bytes back
Round trip time was 48.3712 milliseconds in repetition 149
tcp_ping received 98304 bytes back
Round trip time was 49.2992 milliseconds in repetition 150
tcp_ping received 98304 bytes back
Round trip time was 39.3769 milliseconds in repetition 151
tcp_ping received 98304 bytes back
Round trip time was 66.1006 milliseconds in repetition 152
tcp_ping received 98304 bytes back
Round trip time was 52.7779 milliseconds in repetition 153
tcp_ping received 98304 bytes back
Round trip time was 52.3309 milliseconds in repetition 154
tcp_ping received 98304 bytes back
Round trip time was 55.3705 milliseconds in repetition 155
tcp_ping received 98304 bytes back
Round trip time was 50.2825 milliseconds in repetition 156
tcp_ping received 98304 bytes back
Round trip time was 52.5555 milliseconds in repetition 157
tcp_ping received 98304 bytes back
Round trip time was 51.3608 milliseconds in repetition 158
tcp_ping received 98304 bytes back
Round trip time was 49.4003 milliseconds in repetition 159
tcp_ping received 98304 bytes back
Round trip time was 49.6832 milliseconds in repetition 160
tcp_ping received 98304 bytes back
Round trip time was 50.1629 milliseconds in repetition 161
tcp_ping received 98304 bytes back
Round trip time was 54.3796 milliseconds in repetition 162
tcp_ping received 98304 bytes back
Round trip time was 66.5378 milliseconds in repetition 163
tcp_ping received 98304 bytes back
Round trip time was 58.8686 milliseconds in repetition 164
tcp_ping received 98304 bytes back
Round trip time was 58.6933 milliseconds in repetition 165
tcp_ping received 98304 bytes back
Round trip time was 77.6238 milliseconds in repetition 166
tcp_ping received 98304 bytes back
Round trip time was 56.0744 milliseconds in repetition 167
tcp_ping received 98304 bytes back
Round trip time was 50.9313 milliseconds in repetition 168
tcp_ping received 98304 bytes back
Round trip time was 52.9855 milliseconds in repetition 169
tcp_ping received 98304 bytes back
Round trip time was 54.7464 milliseconds in repetition 170
tcp_ping received 98304 bytes back
Round trip time was 52.4114 milliseconds in repetition 171
tcp_ping received 98304 bytes back
Round trip time was 49.2568 milliseconds in repetition 172
tcp_ping received 98304 bytes back
Round trip time was 56.1925 milliseconds in repetition 173
tcp_ping received 98304 bytes back
Round trip time was 51.7906 milliseconds in repetition 174
tcp_ping received 98304 bytes back
Round trip time was 52.6324 milliseconds in repetition 175
tcp_ping received 98304 bytes back
Round trip time was 52.2835 milliseconds in repetition 176
tcp_ping received 98304 bytes back
Round trip time was 55.7612 milliseconds in repetition 177
tcp_ping received 98304 bytes back
Round trip time was 50.0914 milliseconds in repetition 178
tcp_ping received 98304 bytes back
Round trip time was 47.1032 milliseconds in repetition 179
tcp_ping received 98304 bytes back
Round trip time was 53.9346 milliseconds in repetition 180
tcp_ping received 98304 bytes back
Round trip time was 52.3483 milliseconds in repetition 181
tcp_ping received 98304 bytes back
Round trip time was 59.5847 milliseconds in repetition 182
tcp_ping received 98304 bytes back
Round trip time was 61.2466 milliseconds in repetition 183
tcp_ping received 98304 bytes back
Round trip time was 60.1897 milliseconds in repetition 184
tcp_ping received 98304 bytes back
Round trip time was 56.5047 milliseconds in repetition 185
tcp_ping received 98304 bytes back
Round trip time was 53.1645 milliseconds in repetition 186
tcp_ping received 98304 bytes back
Round trip time was 53.3797 milliseconds in repetition 187
tcp_ping received 98304 bytes back
Round trip time was 47.3042 milliseconds in repetition 188
tcp_ping received 98304 bytes back
Round trip time was 47.3058 milliseconds in repetition 189
tcp_ping received 98304 bytes back
Round trip time was 49.4724 milliseconds in repetition 190
tcp_ping received 98304 bytes back
Round trip time was 46.3706 milliseconds in repetition 191
tcp_ping received 98304 bytes back
Round trip time was 49.0544 milliseconds in repetition 192
tcp_ping received 98304 bytes back
Round trip time was 53.3004 milliseconds in repetition 193
tcp_ping received 98304 bytes back
Round trip time was 59.1153 milliseconds in repetition 194
tcp_ping received 98304 bytes back
Round trip time was 144.644 milliseconds in repetition 195
tcp_ping received 98304 bytes back
Round trip time was 75.2827 milliseconds in repetition 196
tcp_ping received 98304 bytes back
Round trip time was 54.5414 milliseconds in repetition 197
tcp_ping received 98304 bytes back
Round trip time was 78.0151 milliseconds in repetition 198
tcp_ping received 98304 bytes back
Round trip time was 61.3461 milliseconds in repetition 199
tcp_ping received 98304 bytes back
Round trip time was 57.7474 milliseconds in repetition 200
tcp_ping received 98304 bytes back
Round trip time was 55.1148 milliseconds in repetition 201
tcp_ping received 98304 bytes back
Round trip time was 51.2051 milliseconds in repetition 202
tcp_ping received 98304 bytes back
Round trip time was 55.0305 milliseconds in repetition 203
tcp_ping received 98304 bytes back
Round trip time was 52.758 milliseconds in repetition 204
tcp_ping received 98304 bytes back
Round trip time was 49.0832 milliseconds in repetition 205
tcp_ping received 98304 bytes back
Round trip time was 50.6439 milliseconds in repetition 206
tcp_ping received 98304 bytes back
Round trip time was 47.5202 milliseconds in repetition 207
tcp_ping received 98304 bytes back
Round trip time was 47.4227 milliseconds in repetition 208
tcp_ping received 98304 bytes back
Round trip time was 47.9911 milliseconds in repetition 209
tcp_ping received 98304 bytes back
Round trip time was 48.8828 milliseconds in repetition 210
tcp_ping received 98304 bytes back
Round trip time was 47.2858 milliseconds in repetition 211
tcp_ping received 98304 bytes back
Round trip time was 46.3 milliseconds in repetition 212
tcp_ping received 98304 bytes back
Round trip time was 45.8947 milliseconds in repetition 213
tcp_ping received 98304 bytes back
Round trip time was 50.1104 milliseconds in repetition 214
tcp_ping received 98304 bytes back
Round trip time was 46.2191 milliseconds in repetition 215
tcp_ping received 98304 bytes back
Round trip time was 50.4798 milliseconds in repetition 216
tcp_ping received 98304 bytes back
Round trip time was 50.0533 milliseconds in repetition 217
tcp_ping received 98304 bytes back
Round trip time was 48.1064 milliseconds in repetition 218
tcp_ping received 98304 bytes back
Round trip time was 45.4631 milliseconds in repetition 219
tcp_ping received 98304 bytes back
Round trip time was 49.5233 milliseconds in repetition 220
tcp_ping received 98304 bytes back
Round trip time was 48.8513 milliseconds in repetition 221
tcp_ping received 98304 bytes back
Round trip time was 49.0004 milliseconds in repetition 222
tcp_ping received 98304 bytes back
Round trip time was 50.8298 milliseconds in repetition 223
tcp_ping received 98304 bytes back
Round trip time was 48.8115 milliseconds in repetition 224
tcp_ping received 98304 bytes back
Round trip time was 49.0436 milliseconds in repetition 225
tcp_ping received 98304 bytes back
Round trip time was 53.3672 milliseconds in repetition 226
tcp_ping received 98304 bytes back
Round trip time was 39.7436 milliseconds in repetition 227
tcp_ping received 98304 bytes back
Round trip time was 48.6629 milliseconds in repetition 228
tcp_ping received 98304 bytes back
Round trip time was 49.2413 milliseconds in repetition 229
tcp_ping received 98304 bytes back
Round trip time was 50.8505 milliseconds in repetition 230
tcp_ping received 98304 bytes back
Round trip time was 46.7082 milliseconds in repetition 231
tcp_ping received 98304 bytes back
Round trip time was 49.728 milliseconds in repetition 232
tcp_ping received 98304 bytes back
Round trip time was 48.0536 milliseconds in repetition 233
tcp_ping received 98304 bytes back
Round trip time was 46.0548 milliseconds in repetition 234
tcp_ping received 98304 bytes back
Round trip time was 51.4136 milliseconds in repetition 235
tcp_ping received 98304 bytes back
Round trip time was 55.9264 milliseconds in repetition 236
tcp_ping received 98304 bytes back
Round trip time was 60.9183 milliseconds in repetition 237
tcp_ping received 98304 bytes back
Round trip time was 56.6183 milliseconds in repetition 238
tcp_ping received 98304 bytes back
Round trip time was 50.0353 milliseconds in repetition 239
tcp_ping received 98304 bytes back
Round trip time was 56.3821 milliseconds in repetition 240
tcp_ping received 98304 bytes back
Round trip time was 45.4376 milliseconds in repetition 241
tcp_ping received 98304 bytes back
Round trip time was 46.2632 milliseconds in repetition 242
tcp_ping received 98304 bytes back
Round trip time was 46.9352 milliseconds in repetition 243
tcp_ping received 98304 bytes back
Round trip time was 46.8371 milliseconds in repetition 244
tcp_ping received 98304 bytes back
Round trip time was 56.3254 milliseconds in repetition 245
tcp_ping received 98304 bytes back
Round trip time was 61.7825 milliseconds in repetition 246
tcp_ping received 98304 bytes back
Round trip time was 56.8229 milliseconds in repetition 247
tcp_ping received 98304 bytes back
Round trip time was 48.8415 milliseconds in repetition 248
tcp_ping received 98304 bytes back
Round trip time was 46.3644 milliseconds in repetition 249
tcp_ping received 98304 bytes back
Round trip time was 57.9991 milliseconds in repetition 250
tcp_ping received 98304 bytes back
Round trip time was 49.903 milliseconds in repetition 251
tcp_ping received 98304 bytes back
Round trip time was 56.0759 milliseconds in repetition 252
tcp_ping received 98304 bytes back
Round trip time was 50.1469 milliseconds in repetition 253
tcp_ping received 98304 bytes back
Round trip time was 45.672 milliseconds in repetition 254
tcp_ping received 98304 bytes back
Round trip time was 52.9684 milliseconds in repetition 255
tcp_ping received 98304 bytes back
Round trip time was 50.3471 milliseconds in repetition 256
tcp_ping received 98304 bytes back
Round trip time was 49.1671 milliseconds in repetition 257
tcp_ping received 98304 bytes back
Round trip time was 51.5877 milliseconds in repetition 258
tcp_ping received 98304 bytes back
Round trip time was 51.764 milliseconds in repetition 259
tcp_ping received 98304 bytes back
Round trip time was 48.4905 milliseconds in repetition 260
tcp_ping received 98304 bytes back
Round trip time was 48.1068 milliseconds in repetition 261
tcp_ping received 98304 bytes back
Round trip time was 46.2985 milliseconds in repetition 262
tcp_ping received 98304 bytes back
Round trip time was 49.8877 milliseconds in repetition 263
tcp_ping received 98304 bytes back
Round trip time was 58.2051 milliseconds in repetition 264
tcp_ping received 98304 bytes back
Round trip time was 52.3098 milliseconds in repetition 265
tcp_ping received 98304 bytes back
Round trip time was 51.7272 milliseconds in repetition 266
tcp_ping received 98304 bytes back
Round trip time was 52.5686 milliseconds in repetition 267
tcp_ping received 98304 bytes back
Round trip time was 53.2912 milliseconds in repetition 268
tcp_ping received 98304 bytes back
Round trip time was 52.9562 milliseconds in repetition 269
tcp_ping received 98304 bytes back
Round trip time was 53.4086 milliseconds in repetition 270
tcp_ping received 98304 bytes back
Round trip time was 52.1966 milliseconds in repetition 271
tcp_ping received 98304 bytes back
Round trip time was 54.0168 milliseconds in repetition 272
tcp_ping received 98304 bytes back
Round trip time was 57.0298 milliseconds in repetition 273
tcp_ping received 98304 bytes back
Round trip time was 53.2248 milliseconds in repetition 274
tcp_ping received 98304 bytes back
Round trip time was 59.6543 milliseconds in repetition 275
tcp_ping received 98304 bytes back
Round trip time was 60.4388 milliseconds in repetition 276
tcp_ping received 98304 bytes back
Round trip time was 54.0434 milliseconds in repetition 277
tcp_ping received 98304 bytes back
Round trip time was 52.0602 milliseconds in repetition 278
tcp_ping received 98304 bytes back
Round trip time was 52.6524 milliseconds in repetition 279
tcp_ping received 98304 bytes back
Round trip time was 53.213 milliseconds in repetition 280
tcp_ping received 98304 bytes back
Round trip time was 52.521 milliseconds in repetition 281
tcp_ping received 98304 bytes back
Round trip time was 52.5145 milliseconds in repetition 282
tcp_ping received 98304 bytes back
Round trip time was 52.6077 milliseconds in repetition 283
tcp_ping received 98304 bytes back
Round trip time was 51.2473 milliseconds in repetition 284
tcp_ping received 98304 bytes back
Round trip time was 55.779 milliseconds in repetition 285
tcp_ping received 98304 bytes back
Round trip time was 63.9239 milliseconds in repetition 286
tcp_ping received 98304 bytes back
Round trip time was 55.9111 milliseconds in repetition 287
tcp_ping received 98304 bytes back
Round trip time was 56.5211 milliseconds in repetition 288
tcp_ping received 98304 bytes back
Round trip time was 53.8492 milliseconds in repetition 289
tcp_ping received 98304 bytes back
Round trip time was 53.7277 milliseconds in repetition 290
tcp_ping received 98304 bytes back
Round trip time was 55.7538 milliseconds in repetition 291
tcp_ping received 98304 bytes back
Round trip time was 65.0905 milliseconds in repetition 292
tcp_ping received 98304 bytes back
Round trip time was 57.7981 milliseconds in repetition 293
tcp_ping received 98304 bytes back
Round trip time was 51.8938 milliseconds in repetition 294
tcp_ping received 98304 bytes back
Round trip time was 53.5074 milliseconds in repetition 295
tcp_ping received 98304 bytes back
Round trip time was 98.9685 milliseconds in repetition 296
tcp_ping received 98304 bytes back
Round trip time was 52.2746 milliseconds in repetition 297
tcp_ping received 98304 bytes back
Round trip time was 51.5543 milliseconds in repetition 298
tcp_ping received 98304 bytes back
Round trip time was 50.7193 milliseconds in repetition 299
tcp_ping received 98304 bytes back
Round trip time was 52.9129 milliseconds in repetition 300
tcp_ping received 98304 bytes back
Round trip time was 52.8107 milliseconds in repetition 301
tcp_ping received 98304 bytes back
Round trip time was 52.1477 milliseconds in repetition 302
tcp_ping received 98304 bytes back
Round trip time was 52.8626 milliseconds in repetition 303
tcp_ping received 98304 bytes back
Round trip time was 59.5264 milliseconds in repetition 304
tcp_ping received 98304 bytes back
Round trip time was 59.6509 milliseconds in repetition 305
tcp_ping received 98304 bytes back
Round trip time was 55.0143 milliseconds in repetition 306
tcp_ping received 98304 bytes back
Round trip time was 52.0419 milliseconds in repetition 307
tcp_ping received 98304 bytes back
Round trip time was 61.6317 milliseconds in repetition 308
tcp_ping received 98304 bytes back
Round trip time was 55.4399 milliseconds in repetition 309
tcp_ping received 98304 bytes back
Round trip time was 53.1851 milliseconds in repetition 310
tcp_ping received 98304 bytes back
Round trip time was 59.4081 milliseconds in repetition 311
tcp_ping received 98304 bytes back
Round trip time was 65.434 milliseconds in repetition 312
tcp_ping received 98304 bytes back
Round trip time was 53.901 milliseconds in repetition 313
tcp_ping received 98304 bytes back
Round trip time was 51.5489 milliseconds in repetition 314
tcp_ping received 98304 bytes back
Round trip time was 53.875 milliseconds in repetition 315
tcp_ping received 98304 bytes back
Round trip time was 51.3403 milliseconds in repetition 316
tcp_ping received 98304 bytes back
Round trip time was 51.5304 milliseconds in repetition 317
tcp_ping received 98304 bytes back
Round trip time was 52.1517 milliseconds in repetition 318
tcp_ping received 98304 bytes back
Round trip time was 50.4411 milliseconds in repetition 319
tcp_ping received 98304 bytes back
Round trip time was 48.9309 milliseconds in repetition 320
tcp_ping received 98304 bytes back
Round trip time was 49.4597 milliseconds in repetition 321
tcp_ping received 98304 bytes back
Round trip time was 49.7968 milliseconds in repetition 322
tcp_ping received 98304 bytes back
Round trip time was 51.1041 milliseconds in repetition 323
tcp_ping received 98304 bytes back
Round trip time was 54.2909 milliseconds in repetition 324
tcp_ping received 98304 bytes back
Round trip time was 48.0433 milliseconds in repetition 325
tcp_ping received 98304 bytes back
Round trip time was 48.9704 milliseconds in repetition 326
tcp_ping received 98304 bytes back
Round trip time was 52.1084 milliseconds in repetition 327
tcp_ping received 98304 bytes back
Round trip time was 52.0954 milliseconds in repetition 328
tcp_ping received 98304 bytes back
Round trip time was 48.0648 milliseconds in repetition 329
tcp_ping received 98304 bytes back
Round trip time was 49.0777 milliseconds in repetition 330
tcp_ping received 98304 bytes back
Round trip time was 51.1654 milliseconds in repetition 331
tcp_ping received 98304 bytes back
Round trip time was 53.8173 milliseconds in repetition 332
tcp_ping received 98304 bytes back
Round trip time was 45.2343 milliseconds in repetition 333
tcp_ping received 98304 bytes back
Round trip time was 101.137 milliseconds in repetition 334
tcp_ping received 98304 bytes back
Round trip time was 48.1904 milliseconds in repetition 335
tcp_ping received 98304 bytes back
Round trip time was 62.9833 milliseconds in repetition 336
tcp_ping received 98304 bytes back
Round trip time was 57.7927 milliseconds in repetition 337
tcp_ping received 98304 bytes back
Round trip time was 61.956 milliseconds in repetition 338
tcp_ping received 98304 bytes back
Round trip time was 65.0652 milliseconds in repetition 339
tcp_ping received 98304 bytes back
Round trip time was 54.6914 milliseconds in repetition 340
tcp_ping received 98304 bytes back
Round trip time was 58.3114 milliseconds in repetition 341
tcp_ping received 98304 bytes back
Round trip time was 56.6022 milliseconds in repetition 342
tcp_ping received 98304 bytes back
Round trip time was 47.8973 milliseconds in repetition 343
tcp_ping received 98304 bytes back
Round trip time was 50.6031 milliseconds in repetition 344
tcp_ping received 98304 bytes back
Round trip time was 51.9005 milliseconds in repetition 345
tcp_ping received 98304 bytes back
Round trip time was 69.2732 milliseconds in repetition 346
tcp_ping received 98304 bytes back
Round trip time was 65.5655 milliseconds in repetition 347
tcp_ping received 98304 bytes back
Round trip time was 71.9684 milliseconds in repetition 348
tcp_ping received 98304 bytes back
Round trip time was 65.7086 milliseconds in repetition 349
tcp_ping received 98304 bytes back
Round trip time was 75.4109 milliseconds in repetition 350
tcp_ping received 98304 bytes back
Round trip time was 62.9586 milliseconds in repetition 351
tcp_ping received 98304 bytes back
Round trip time was 69.6373 milliseconds in repetition 352
tcp_ping received 98304 bytes back
Round trip time was 50.5521 milliseconds in repetition 353
tcp_ping received 98304 bytes back
Round trip time was 60.7527 milliseconds in repetition 354
tcp_ping received 98304 bytes back
Round trip time was 50.9174 milliseconds in repetition 355
tcp_ping received 98304 bytes back
Round trip time was 50.24 milliseconds in repetition 356
tcp_ping received 98304 bytes back
Round trip time was 56.3736 milliseconds in repetition 357
tcp_ping received 98304 bytes back
Round trip time was 53.3529 milliseconds in repetition 358
tcp_ping received 98304 bytes back
Round trip time was 57.1503 milliseconds in repetition 359
tcp_ping received 98304 bytes back
Round trip time was 60.1999 milliseconds in repetition 360
tcp_ping received 98304 bytes back
Round trip time was 55.1352 milliseconds in repetition 361
tcp_ping received 98304 bytes back
Round trip time was 58.4473 milliseconds in repetition 362
tcp_ping received 98304 bytes back
Round trip time was 53.7904 milliseconds in repetition 363
tcp_ping received 98304 bytes back
Round trip time was 54.6303 milliseconds in repetition 364
tcp_ping received 98304 bytes back
Round trip time was 60.1079 milliseconds in repetition 365
tcp_ping received 98304 bytes back
Round trip time was 48.7312 milliseconds in repetition 366
tcp_ping received 98304 bytes back
Round trip time was 71.6944 milliseconds in repetition 367
tcp_ping received 98304 bytes back
Round trip time was 55.8392 milliseconds in repetition 368
tcp_ping received 98304 bytes back
Round trip time was 48.5756 milliseconds in repetition 369
tcp_ping received 98304 bytes back
Round trip time was 53.2144 milliseconds in repetition 370
tcp_ping received 98304 bytes back
Round trip time was 49.1143 milliseconds in repetition 371
tcp_ping received 98304 bytes back
Round trip time was 51.6603 milliseconds in repetition 372
tcp_ping received 98304 bytes back
Round trip time was 52.1275 milliseconds in repetition 373
tcp_ping received 98304 bytes back
Round trip time was 51.4919 milliseconds in repetition 374
tcp_ping received 98304 bytes back
Round trip time was 55.5555 milliseconds in repetition 375
tcp_ping received 98304 bytes back
Round trip time was 60.84 milliseconds in repetition 376
tcp_ping received 98304 bytes back
Round trip time was 71.1084 milliseconds in repetition 377
tcp_ping received 98304 bytes back
Round trip time was 63.4343 milliseconds in repetition 378
tcp_ping received 98304 bytes back
Round trip time was 55.8064 milliseconds in repetition 379
tcp_ping received 98304 bytes back
Round trip time was 52.4637 milliseconds in repetition 380
tcp_ping received 98304 bytes back
Round trip time was 67.4432 milliseconds in repetition 381
tcp_ping received 98304 bytes back
Round trip time was 80.8123 milliseconds in repetition 382
tcp_ping received 98304 bytes back
Round trip time was 101.692 milliseconds in repetition 383
tcp_ping received 98304 bytes back
Round trip time was 61.008 milliseconds in repetition 384
tcp_ping received 98304 bytes back
Round trip time was 63.6171 milliseconds in repetition 385
tcp_ping received 98304 bytes back
Round trip time was 55.3718 milliseconds in repetition 386
tcp_ping received 98304 bytes back
Round trip time was 50.1137 milliseconds in repetition 387
tcp_ping received 98304 bytes back
Round trip time was 55.5753 milliseconds in repetition 388
tcp_ping received 98304 bytes back
Round trip time was 59.7606 milliseconds in repetition 389
tcp_ping received 98304 bytes back
Round trip time was 51.391 milliseconds in repetition 390
tcp_ping received 98304 bytes back
Round trip time was 56.0439 milliseconds in repetition 391
tcp_ping received 98304 bytes back
Round trip time was 50.9562 milliseconds in repetition 392
tcp_ping received 98304 bytes back
Round trip time was 69.0618 milliseconds in repetition 393
tcp_ping received 98304 bytes back
Round trip time was 55.0524 milliseconds in repetition 394
tcp_ping received 98304 bytes back
Round trip time was 55.997 milliseconds in repetition 395
tcp_ping received 98304 bytes back
Round trip time was 52.7093 milliseconds in repetition 396
tcp_ping received 98304 bytes back
Round trip time was 54.1267 milliseconds in repetition 397
tcp_ping received 98304 bytes back
Round trip time was 52.2094 milliseconds in repetition 398
tcp_ping received 98304 bytes back
Round trip time was 56.8101 milliseconds in repetition 399
tcp_ping received 98304 bytes back
Round trip time was 51.7929 milliseconds in repetition 400
tcp_ping received 98304 bytes back
Round trip time was 62.69 milliseconds in repetition 401
tcp_ping received 98304 bytes back
Round trip time was 45.8855 milliseconds in repetition 402
tcp_ping received 98304 bytes back
Round trip time was 59.6504 milliseconds in repetition 403
tcp_ping received 98304 bytes back
Round trip time was 48.473 milliseconds in repetition 404
tcp_ping received 98304 bytes back
Round trip time was 51.3199 milliseconds in repetition 405
tcp_ping received 98304 bytes back
Round trip time was 52.3911 milliseconds in repetition 406
tcp_ping received 98304 bytes back
Round trip time was 53.7105 milliseconds in repetition 407
tcp_ping received 98304 bytes back
Round trip time was 58.205 milliseconds in repetition 408
tcp_ping received 98304 bytes back
Round trip time was 56.4137 milliseconds in repetition 409
tcp_ping received 98304 bytes back
Round trip time was 55.3383 milliseconds in repetition 410
tcp_ping received 98304 bytes back
Round trip time was 51.5609 milliseconds in repetition 411
tcp_ping received 98304 bytes back
Round trip time was 55.3932 milliseconds in repetition 412
tcp_ping received 98304 bytes back
Round trip time was 50.8109 milliseconds in repetition 413
tcp_ping received 98304 bytes back
Round trip time was 54.3131 milliseconds in repetition 414
tcp_ping received 98304 bytes back
Round trip time was 54.157 milliseconds in repetition 415
tcp_ping received 98304 bytes back
Round trip time was 56.451 milliseconds in repetition 416
tcp_ping received 98304 bytes back
Round trip time was 49.0164 milliseconds in repetition 417
tcp_ping received 98304 bytes back
Round trip time was 58.9829 milliseconds in repetition 418
tcp_ping received 98304 bytes back
Round trip time was 53.9905 milliseconds in repetition 419
tcp_ping received 98304 bytes back
Round trip time was 61.8582 milliseconds in repetition 420
tcp_ping received 98304 bytes back
Round trip time was 54.8327 milliseconds in repetition 421
tcp_ping received 98304 bytes back
Round trip time was 51.9155 milliseconds in repetition 422
tcp_ping received 98304 bytes back
Round trip time was 64.2595 milliseconds in repetition 423
tcp_ping received 98304 bytes back
Round trip time was 55.3959 milliseconds in repetition 424
tcp_ping received 98304 bytes back
Round trip time was 53.3626 milliseconds in repetition 425
tcp_ping received 98304 bytes back
Round trip time was 51.0849 milliseconds in repetition 426
tcp_ping received 98304 bytes back
Round trip time was 52.3352 milliseconds in repetition 427
tcp_ping received 98304 bytes back
Round trip time was 52.8097 milliseconds in repetition 428
tcp_ping received 98304 bytes back
Round trip time was 55.8736 milliseconds in repetition 429
tcp_ping received 98304 bytes back
Round trip time was 51.2404 milliseconds in repetition 430
tcp_ping received 98304 bytes back
Round trip time was 53.078 milliseconds in repetition 431
tcp_ping received 98304 bytes back
Round trip time was 50.9811 milliseconds in repetition 432
tcp_ping received 98304 bytes back
Round trip time was 52.4787 milliseconds in repetition 433
tcp_ping received 98304 bytes back
Round trip time was 54.3281 milliseconds in repetition 434
tcp_ping received 98304 bytes back
Round trip time was 56.025 milliseconds in repetition 435
tcp_ping received 98304 bytes back
Round trip time was 58.0774 milliseconds in repetition 436
tcp_ping received 98304 bytes back
Round trip time was 52.4905 milliseconds in repetition 437
tcp_ping received 98304 bytes back
Round trip time was 66.9939 milliseconds in repetition 438
tcp_ping received 98304 bytes back
Round trip time was 54.5786 milliseconds in repetition 439
tcp_ping received 98304 bytes back
Round trip time was 59.1703 milliseconds in repetition 440
tcp_ping received 98304 bytes back
Round trip time was 54.7501 milliseconds in repetition 441
tcp_ping received 98304 bytes back
Round trip time was 55.8581 milliseconds in repetition 442
tcp_ping received 98304 bytes back
Round trip time was 55.5922 milliseconds in repetition 443
tcp_ping received 98304 bytes back
Round trip time was 57.9506 milliseconds in repetition 444
tcp_ping received 98304 bytes back
Round trip time was 75.2243 milliseconds in repetition 445
tcp_ping received 98304 bytes back
Round trip time was 63.4945 milliseconds in repetition 446
tcp_ping received 98304 bytes back
Round trip time was 57.2718 milliseconds in repetition 447
tcp_ping received 98304 bytes back
Round trip time was 81.5554 milliseconds in repetition 448
tcp_ping received 98304 bytes back
Round trip time was 63.9868 milliseconds in repetition 449
tcp_ping received 98304 bytes back
Round trip time was 62.7157 milliseconds in repetition 450
tcp_ping received 98304 bytes back
Round trip time was 62.0289 milliseconds in repetition 451
tcp_ping received 98304 bytes back
Round trip time was 67.4812 milliseconds in repetition 452
tcp_ping received 98304 bytes back
Round trip time was 86.1686 milliseconds in repetition 453
tcp_ping received 98304 bytes back
Round trip time was 61.881 milliseconds in repetition 454
tcp_ping received 98304 bytes back
Round trip time was 57.1023 milliseconds in repetition 455
tcp_ping received 98304 bytes back
Round trip time was 54.6373 milliseconds in repetition 456
tcp_ping received 98304 bytes back
Round trip time was 56.9114 milliseconds in repetition 457
tcp_ping received 98304 bytes back
Round trip time was 54.9532 milliseconds in repetition 458
tcp_ping received 98304 bytes back
Round trip time was 58.4415 milliseconds in repetition 459
tcp_ping received 98304 bytes back
Round trip time was 60.18 milliseconds in repetition 460
tcp_ping received 98304 bytes back
Round trip time was 75.1483 milliseconds in repetition 461
tcp_ping received 98304 bytes back
Round trip time was 65.51 milliseconds in repetition 462
tcp_ping received 98304 bytes back
Round trip time was 61.3554 milliseconds in repetition 463
tcp_ping received 98304 bytes back
Round trip time was 70.6817 milliseconds in repetition 464
tcp_ping received 98304 bytes back
Round trip time was 60.3377 milliseconds in repetition 465
tcp_ping received 98304 bytes back
Round trip time was 59.1162 milliseconds in repetition 466
tcp_ping received 98304 bytes back
Round trip time was 59.3811 milliseconds in repetition 467
tcp_ping received 98304 bytes back
Round trip time was 57.8715 milliseconds in repetition 468
tcp_ping received 98304 bytes back
Round trip time was 62.3033 milliseconds in repetition 469
tcp_ping received 98304 bytes back
Round trip time was 64.8074 milliseconds in repetition 470
tcp_ping received 98304 bytes back
Round trip time was 54.7813 milliseconds in repetition 471
tcp_ping received 98304 bytes back
Round trip time was 68.3108 milliseconds in repetition 472
tcp_ping received 98304 bytes back
Round trip time was 61.7894 milliseconds in repetition 473
tcp_ping received 98304 bytes back
Round trip time was 54.889 milliseconds in repetition 474
tcp_ping received 98304 bytes back
Round trip time was 57.7271 milliseconds in repetition 475
tcp_ping received 98304 bytes back
Round trip time was 59.1753 milliseconds in repetition 476
tcp_ping received 98304 bytes back
Round trip time was 58.3368 milliseconds in repetition 477
tcp_ping received 98304 bytes back
Round trip time was 59.8774 milliseconds in repetition 478
tcp_ping received 98304 bytes back
Round trip time was 61.1279 milliseconds in repetition 479
tcp_ping received 98304 bytes back
Round trip time was 55.6574 milliseconds in repetition 480
tcp_ping received 98304 bytes back
Round trip time was 54.4024 milliseconds in repetition 481
tcp_ping received 98304 bytes back
Round trip time was 55.7681 milliseconds in repetition 482
tcp_ping received 98304 bytes back
Round trip time was 59.1893 milliseconds in repetition 483
tcp_ping received 98304 bytes back
Round trip time was 58.7191 milliseconds in repetition 484
tcp_ping received 98304 bytes back
Round trip time was 61.943 milliseconds in repetition 485
tcp_ping received 98304 bytes back
Round trip time was 72.8898 milliseconds in repetition 486
tcp_ping received 98304 bytes back
Round trip time was 55.2205 milliseconds in repetition 487
tcp_ping received 98304 bytes back
Round trip time was 58.5834 milliseconds in repetition 488
tcp_ping received 98304 bytes back
Round trip time was 54.4401 milliseconds in repetition 489
tcp_ping received 98304 bytes back
Round trip time was 54.9015 milliseconds in repetition 490
tcp_ping received 98304 bytes back
Round trip time was 64.3039 milliseconds in repetition 491
tcp_ping received 98304 bytes back
Round trip time was 58.6875 milliseconds in repetition 492
tcp_ping received 98304 bytes back
Round trip time was 56.8989 milliseconds in repetition 493
tcp_ping received 98304 bytes back
Round trip time was 56.8123 milliseconds in repetition 494
tcp_ping received 98304 bytes back
Round trip time was 56.267 milliseconds in repetition 495
tcp_ping received 98304 bytes back
Round trip time was 55.921 milliseconds in repetition 496
tcp_ping received 98304 bytes back
Round trip time was 51.0901 milliseconds in repetition 497
tcp_ping received 98304 bytes back
Round trip time was 51.1726 milliseconds in repetition 498
tcp_ping received 98304 bytes back
Round trip time was 50.5953 milliseconds in repetition 499
tcp_ping received 98304 bytes back
Round trip time was 54.1413 milliseconds in repetition 500
tcp_ping received 98304 bytes back
Round trip time was 49.4867 milliseconds in repetition 501

 ... clock resolution was 1e-06
TCP Ping:  Statistics over 501 repetitions of 98304 byte messages

RTT : percentile 10: 48.0536, median: 52.9129, percentile 90: 63.4066, average: 55.3418, variance: 127.061

RTT histogram:
39.3769 2
46.7105 137
54.0441 239
61.3777 83
68.7113 21
76.0449 9
83.3785 3
90.7121 0
98.0457 3
105.379 1
112.713 0
120.047 0
127.38 0
134.714 0
142.047 1
149.381 1
156.715 0
164.048 0
171.382 0
178.715 0
186.049 1

   median Throughput : 3715.69 KB/s   overall Throughput : 3552.61 KB/s

