TCP Ping trying to connect to server seti.dibris.unige.it (130.251.61.30) on port 1491

... connected to Pong server: asking for 501 repetitions of 32768 bytes TCP messages
 ... Pong server agreed :-)
tcp_ping received 32768 bytes back
Round trip time was 162.231 milliseconds in repetition 1
tcp_ping received 32768 bytes back
Round trip time was 81.6879 milliseconds in repetition 2
tcp_ping received 32768 bytes back
Round trip time was 81.8685 milliseconds in repetition 3
tcp_ping received 32768 bytes back
Round trip time was 61.684 milliseconds in repetition 4
tcp_ping received 32768 bytes back
Round trip time was 64.9804 milliseconds in repetition 5
tcp_ping received 32768 bytes back
Round trip time was 59.1654 milliseconds in repetition 6
tcp_ping received 32768 bytes back
Round trip time was 63.7104 milliseconds in repetition 7
tcp_ping received 32768 bytes back
Round trip time was 62.6904 milliseconds in repetition 8
tcp_ping received 32768 bytes back
Round trip time was 58.3578 milliseconds in repetition 9
tcp_ping received 32768 bytes back
Round trip time was 60.5858 milliseconds in repetition 10
tcp_ping received 32768 bytes back
Round trip time was 60.76 milliseconds in repetition 11
tcp_ping received 32768 bytes back
Round trip time was 50.5008 milliseconds in repetition 12
tcp_ping received 32768 bytes back
Round trip time was 59.203 milliseconds in repetition 13
tcp_ping received 32768 bytes back
Round trip time was 58.5795 milliseconds in repetition 14
tcp_ping received 32768 bytes back
Round trip time was 125.504 milliseconds in repetition 15
tcp_ping received 32768 bytes back
Round trip time was 62.4821 milliseconds in repetition 16
tcp_ping received 32768 bytes back
Round trip time was 59.377 milliseconds in repetition 17
tcp_ping received 32768 bytes back
Round trip time was 59.4605 milliseconds in repetition 18
tcp_ping received 32768 bytes back
Round trip time was 60.0917 milliseconds in repetition 19
tcp_ping received 32768 bytes back
Round trip time was 48.9717 milliseconds in repetition 20
tcp_ping received 32768 bytes back
Round trip time was 59.4231 milliseconds in repetition 21
tcp_ping received 32768 bytes back
Round trip time was 41.0271 milliseconds in repetition 22
tcp_ping received 32768 bytes back
Round trip time was 40.3531 milliseconds in repetition 23
tcp_ping received 32768 bytes back
Round trip time was 46.9425 milliseconds in repetition 24
tcp_ping received 32768 bytes back
Round trip time was 46.4927 milliseconds in repetition 25
tcp_ping received 32768 bytes back
Round trip time was 44.9979 milliseconds in repetition 26
tcp_ping received 32768 bytes back
Round trip time was 40.8171 milliseconds in repetition 27
tcp_ping received 32768 bytes back
Round trip time was 40.0274 milliseconds in repetition 28
tcp_ping received 32768 bytes back
Round trip time was 42.3864 milliseconds in repetition 29
tcp_ping received 32768 bytes back
Round trip time was 49.7825 milliseconds in repetition 30
tcp_ping received 32768 bytes back
Round trip time was 51.4635 milliseconds in repetition 31
tcp_ping received 32768 bytes back
Round trip time was 42.3542 milliseconds in repetition 32
tcp_ping received 32768 bytes back
Round trip time was 41.3089 milliseconds in repetition 33
tcp_ping received 32768 bytes back
Round trip time was 38.7996 milliseconds in repetition 34
tcp_ping received 32768 bytes back
Round trip time was 41.0065 milliseconds in repetition 35
tcp_ping received 32768 bytes back
Round trip time was 43.06 milliseconds in repetition 36
tcp_ping received 32768 bytes back
Round trip time was 39.8205 milliseconds in repetition 37
tcp_ping received 32768 bytes back
Round trip time was 42.0952 milliseconds in repetition 38
tcp_ping received 32768 bytes back
Round trip time was 42.5573 milliseconds in repetition 39
tcp_ping received 32768 bytes back
Round trip time was 40.4907 milliseconds in repetition 40
tcp_ping received 32768 bytes back
Round trip time was 41.5907 milliseconds in repetition 41
tcp_ping received 32768 bytes back
Round trip time was 41.1922 milliseconds in repetition 42
tcp_ping received 32768 bytes back
Round trip time was 41.0554 milliseconds in repetition 43
tcp_ping received 32768 bytes back
Round trip time was 40.825 milliseconds in repetition 44
tcp_ping received 32768 bytes back
Round trip time was 39.4275 milliseconds in repetition 45
tcp_ping received 32768 bytes back
Round trip time was 44.6794 milliseconds in repetition 46
tcp_ping received 32768 bytes back
Round trip time was 39.029 milliseconds in repetition 47
tcp_ping received 32768 bytes back
Round trip time was 44.4783 milliseconds in repetition 48
tcp_ping received 32768 bytes back
Round trip time was 41.6397 milliseconds in repetition 49
tcp_ping received 32768 bytes back
Round trip time was 42.8745 milliseconds in repetition 50
tcp_ping received 32768 bytes back
Round trip time was 39.1879 milliseconds in repetition 51
tcp_ping received 32768 bytes back
Round trip time was 39.6507 milliseconds in repetition 52
tcp_ping received 32768 bytes back
Round trip time was 41.3286 milliseconds in repetition 53
tcp_ping received 32768 bytes back
Round trip time was 41.5343 milliseconds in repetition 54
tcp_ping received 32768 bytes back
Round trip time was 42.8607 milliseconds in repetition 55
tcp_ping received 32768 bytes back
Round trip time was 45.475 milliseconds in repetition 56
tcp_ping received 32768 bytes back
Round trip time was 42.6231 milliseconds in repetition 57
tcp_ping received 32768 bytes back
Round trip time was 39.754 milliseconds in repetition 58
tcp_ping received 32768 bytes back
Round trip time was 39.1429 milliseconds in repetition 59
tcp_ping received 32768 bytes back
Round trip time was 39.7528 milliseconds in repetition 60
tcp_ping received 32768 bytes back
Round trip time was 41.9369 milliseconds in repetition 61
tcp_ping received 32768 bytes back
Round trip time was 29.6654 milliseconds in repetition 62
tcp_ping received 32768 bytes back
Round trip time was 38.7322 milliseconds in repetition 63
tcp_ping received 32768 bytes back
Round trip time was 40.6202 milliseconds in repetition 64
tcp_ping received 32768 bytes back
Round trip time was 40.5954 milliseconds in repetition 65
tcp_ping received 32768 bytes back
Round trip time was 39.9936 milliseconds in repetition 66
tcp_ping received 32768 bytes back
Round trip time was 40.8651 milliseconds in repetition 67
tcp_ping received 32768 bytes back
Round trip time was 86.8598 milliseconds in repetition 68
tcp_ping received 32768 bytes back
Round trip time was 40.5511 milliseconds in repetition 69
tcp_ping received 32768 bytes back
Round trip time was 40.8887 milliseconds in repetition 70
tcp_ping received 32768 bytes back
Round trip time was 42.5874 milliseconds in repetition 71
tcp_ping received 32768 bytes back
Round trip time was 42.4157 milliseconds in repetition 72
tcp_ping received 32768 bytes back
Round trip time was 40.3948 milliseconds in repetition 73
tcp_ping received 32768 bytes back
Round trip time was 39.7356 milliseconds in repetition 74
tcp_ping received 32768 bytes back
Round trip time was 41.0844 milliseconds in repetition 75
tcp_ping received 32768 bytes back
Round trip time was 40.7741 milliseconds in repetition 76
tcp_ping received 32768 bytes back
Round trip time was 41.0944 milliseconds in repetition 77
tcp_ping received 32768 bytes back
Round trip time was 38.5421 milliseconds in repetition 78
tcp_ping received 32768 bytes back
Round trip time was 41.575 milliseconds in repetition 79
tcp_ping received 32768 bytes back
Round trip time was 41.6894 milliseconds in repetition 80
tcp_ping received 32768 bytes back
Round trip time was 31.4789 milliseconds in repetition 81
tcp_ping received 32768 bytes back
Round trip time was 42.105 milliseconds in repetition 82
tcp_ping received 32768 bytes back
Round trip time was 40.3589 milliseconds in repetition 83
tcp_ping received 32768 bytes back
Round trip time was 38.8236 milliseconds in repetition 84
tcp_ping received 32768 bytes back
Round trip time was 39.6977 milliseconds in repetition 85
tcp_ping received 32768 bytes back
Round trip time was 41.475 milliseconds in repetition 86
tcp_ping received 32768 bytes back
Round trip time was 39.0431 milliseconds in repetition 87
tcp_ping received 32768 bytes back
Round trip time was 39.5372 milliseconds in repetition 88
tcp_ping received 32768 bytes back
Round trip time was 40.5944 milliseconds in repetition 89
tcp_ping received 32768 bytes back
Round trip time was 48.958 milliseconds in repetition 90
tcp_ping received 32768 bytes back
Round trip time was 42.0961 milliseconds in repetition 91
tcp_ping received 32768 bytes back
Round trip time was 43.5889 milliseconds in repetition 92
tcp_ping received 32768 bytes back
Round trip time was 41.7029 milliseconds in repetition 93
tcp_ping received 32768 bytes back
Round trip time was 42.7495 milliseconds in repetition 94
tcp_ping received 32768 bytes back
Round trip time was 39.4287 milliseconds in repetition 95
tcp_ping received 32768 bytes back
Round trip time was 41.7794 milliseconds in repetition 96
tcp_ping received 32768 bytes back
Round trip time was 44.7482 milliseconds in repetition 97
tcp_ping received 32768 bytes back
Round trip time was 42.3768 milliseconds in repetition 98
tcp_ping received 32768 bytes back
Round trip time was 41.8066 milliseconds in repetition 99
tcp_ping received 32768 bytes back
Round trip time was 45.3585 milliseconds in repetition 100
tcp_ping received 32768 bytes back
Round trip time was 40.7685 milliseconds in repetition 101
tcp_ping received 32768 bytes back
Round trip time was 42.0068 milliseconds in repetition 102
tcp_ping received 32768 bytes back
Round trip time was 41.2426 milliseconds in repetition 103
tcp_ping received 32768 bytes back
Round trip time was 46.3315 milliseconds in repetition 104
tcp_ping received 32768 bytes back
Round trip time was 42.0702 milliseconds in repetition 105
tcp_ping received 32768 bytes back
Round trip time was 40.8869 milliseconds in repetition 106
tcp_ping received 32768 bytes back
Round trip time was 39.8811 milliseconds in repetition 107
tcp_ping received 32768 bytes back
Round trip time was 41.6793 milliseconds in repetition 108
tcp_ping received 32768 bytes back
Round trip time was 39.3822 milliseconds in repetition 109
tcp_ping received 32768 bytes back
Round trip time was 38.496 milliseconds in repetition 110
tcp_ping received 32768 bytes back
Round trip time was 39.4642 milliseconds in repetition 111
tcp_ping received 32768 bytes back
Round trip time was 40.0426 milliseconds in repetition 112
tcp_ping received 32768 bytes back
Round trip time was 31.7927 milliseconds in repetition 113
tcp_ping received 32768 bytes back
Round trip time was 45.6615 milliseconds in repetition 114
tcp_ping received 32768 bytes back
Round trip time was 46.4175 milliseconds in repetition 115
tcp_ping received 32768 bytes back
Round trip time was 46.6283 milliseconds in repetition 116
tcp_ping received 32768 bytes back
Round trip time was 41.9053 milliseconds in repetition 117
tcp_ping received 32768 bytes back
Round trip time was 41.2297 milliseconds in repetition 118
tcp_ping received 32768 bytes back
Round trip time was 56.0142 milliseconds in repetition 119
tcp_ping received 32768 bytes back
Round trip time was 41.749 milliseconds in repetition 120
tcp_ping received 32768 bytes back
Round trip time was 42.0266 milliseconds in repetition 121
tcp_ping received 32768 bytes back
Round trip time was 41.5104 milliseconds in repetition 122
tcp_ping received 32768 bytes back
Round trip time was 44.5293 milliseconds in repetition 123
tcp_ping received 32768 bytes back
Round trip time was 51.2023 milliseconds in repetition 124
tcp_ping received 32768 bytes back
Round trip time was 43.189 milliseconds in repetition 125
tcp_ping received 32768 bytes back
Round trip time was 40.9715 milliseconds in repetition 126
tcp_ping received 32768 bytes back
Round trip time was 30.1436 milliseconds in repetition 127
tcp_ping received 32768 bytes back
Round trip time was 41.7364 milliseconds in repetition 128
tcp_ping received 32768 bytes back
Round trip time was 41.4607 milliseconds in repetition 129
tcp_ping received 32768 bytes back
Round trip time was 39.9466 milliseconds in repetition 130
tcp_ping received 32768 bytes back
Round trip time was 38.8624 milliseconds in repetition 131
tcp_ping received 32768 bytes back
Round trip time was 43.0988 milliseconds in repetition 132
tcp_ping received 32768 bytes back
Round trip time was 40.5302 milliseconds in repetition 133
tcp_ping received 32768 bytes back
Round trip time was 40.7951 milliseconds in repetition 134
tcp_ping received 32768 bytes back
Round trip time was 43.1726 milliseconds in repetition 135
tcp_ping received 32768 bytes back
Round trip time was 41.6734 milliseconds in repetition 136
tcp_ping received 32768 bytes back
Round trip time was 42.3356 milliseconds in repetition 137
tcp_ping received 32768 bytes back
Round trip time was 119.28 milliseconds in repetition 138
tcp_ping received 32768 bytes back
Round trip time was 62.8148 milliseconds in repetition 139
tcp_ping received 32768 bytes back
Round trip time was 76.8467 milliseconds in repetition 140
tcp_ping received 32768 bytes back
Round trip time was 67.826 milliseconds in repetition 141
tcp_ping received 32768 bytes back
Round trip time was 89.4255 milliseconds in repetition 142
tcp_ping received 32768 bytes back
Round trip time was 64.0737 milliseconds in repetition 143
tcp_ping received 32768 bytes back
Round trip time was 63.069 milliseconds in repetition 144
tcp_ping received 32768 bytes back
Round trip time was 63.8941 milliseconds in repetition 145
tcp_ping received 32768 bytes back
Round trip time was 63.1053 milliseconds in repetition 146
tcp_ping received 32768 bytes back
Round trip time was 62.0831 milliseconds in repetition 147
tcp_ping received 32768 bytes back
Round trip time was 63.7904 milliseconds in repetition 148
tcp_ping received 32768 bytes back
Round trip time was 60.6166 milliseconds in repetition 149
tcp_ping received 32768 bytes back
Round trip time was 61.6029 milliseconds in repetition 150
tcp_ping received 32768 bytes back
Round trip time was 42.1022 milliseconds in repetition 151
tcp_ping received 32768 bytes back
Round trip time was 40.3754 milliseconds in repetition 152
tcp_ping received 32768 bytes back
Round trip time was 40.8613 milliseconds in repetition 153
tcp_ping received 32768 bytes back
Round trip time was 42.1486 milliseconds in repetition 154
tcp_ping received 32768 bytes back
Round trip time was 49.7631 milliseconds in repetition 155
tcp_ping received 32768 bytes back
Round trip time was 41.0152 milliseconds in repetition 156
tcp_ping received 32768 bytes back
Round trip time was 40.3855 milliseconds in repetition 157
tcp_ping received 32768 bytes back
Round trip time was 42.1106 milliseconds in repetition 158
tcp_ping received 32768 bytes back
Round trip time was 43.4055 milliseconds in repetition 159
tcp_ping received 32768 bytes back
Round trip time was 42.2795 milliseconds in repetition 160
tcp_ping received 32768 bytes back
Round trip time was 40.2295 milliseconds in repetition 161
tcp_ping received 32768 bytes back
Round trip time was 43.6445 milliseconds in repetition 162
tcp_ping received 32768 bytes back
Round trip time was 44.2151 milliseconds in repetition 163
tcp_ping received 32768 bytes back
Round trip time was 43.9821 milliseconds in repetition 164
tcp_ping received 32768 bytes back
Round trip time was 45.2592 milliseconds in repetition 165
tcp_ping received 32768 bytes back
Round trip time was 48.1979 milliseconds in repetition 166
tcp_ping received 32768 bytes back
Round trip time was 39.4668 milliseconds in repetition 167
tcp_ping received 32768 bytes back
Round trip time was 39.3549 milliseconds in repetition 168
tcp_ping received 32768 bytes back
Round trip time was 39.9681 milliseconds in repetition 169
tcp_ping received 32768 bytes back
Round trip time was 44.584 milliseconds in repetition 170
tcp_ping received 32768 bytes back
Round trip time was 45.4707 milliseconds in repetition 171
tcp_ping received 32768 bytes back
Round trip time was 46.7324 milliseconds in repetition 172
tcp_ping received 32768 bytes back
Round trip time was 47.1359 milliseconds in repetition 173
tcp_ping received 32768 bytes back
Round trip time was 44.347 milliseconds in repetition 174
tcp_ping received 32768 bytes back
Round trip time was 38.6089 milliseconds in repetition 175
tcp_ping received 32768 bytes back
Round trip time was 39.541 milliseconds in repetition 176
tcp_ping received 32768 bytes back
Round trip time was 42.6877 milliseconds in repetition 177
tcp_ping received 32768 bytes back
Round trip time was 41.4138 milliseconds in repetition 178
tcp_ping received 32768 bytes back
Round trip time was 40.5182 milliseconds in repetition 179
tcp_ping received 32768 bytes back
Round trip time was 40.3651 milliseconds in repetition 180
tcp_ping received 32768 bytes back
Round trip time was 44.0393 milliseconds in repetition 181
tcp_ping received 32768 bytes back
Round trip time was 42.9388 milliseconds in repetition 182
tcp_ping received 32768 bytes back
Round trip time was 39.262 milliseconds in repetition 183
tcp_ping received 32768 bytes back
Round trip time was 40.9996 milliseconds in repetition 184
tcp_ping received 32768 bytes back
Round trip time was 41.9646 milliseconds in repetition 185
tcp_ping received 32768 bytes back
Round trip time was 41.0787 milliseconds in repetition 186
tcp_ping received 32768 bytes back
Round trip time was 42.4094 milliseconds in repetition 187
tcp_ping received 32768 bytes back
Round trip time was 39.2764 milliseconds in repetition 188
tcp_ping received 32768 bytes back
Round trip time was 40.8715 milliseconds in repetition 189
tcp_ping received 32768 bytes back
Round trip time was 41.0693 milliseconds in repetition 190
tcp_ping received 32768 bytes back
Round trip time was 40.0961 milliseconds in repetition 191
tcp_ping received 32768 bytes back
Round trip time was 42.3737 milliseconds in repetition 192
tcp_ping received 32768 bytes back
Round trip time was 41.9166 milliseconds in repetition 193
tcp_ping received 32768 bytes back
Round trip time was 46.4345 milliseconds in repetition 194
tcp_ping received 32768 bytes back
Round trip time was 40.9705 milliseconds in repetition 195
tcp_ping received 32768 bytes back
Round trip time was 42.9698 milliseconds in repetition 196
tcp_ping received 32768 bytes back
Round trip time was 42.3204 milliseconds in repetition 197
tcp_ping received 32768 bytes back
Round trip time was 40.6611 milliseconds in repetition 198
tcp_ping received 32768 bytes back
Round trip time was 44.0389 milliseconds in repetition 199
tcp_ping received 32768 bytes back
Round trip time was 44.0597 milliseconds in repetition 200
tcp_ping received 32768 bytes back
Round trip time was 41.5728 milliseconds in repetition 201
tcp_ping received 32768 bytes back
Round trip time was 41.1423 milliseconds in repetition 202
tcp_ping received 32768 bytes back
Round trip time was 40.7764 milliseconds in repetition 203
tcp_ping received 32768 bytes back
Round trip time was 40.4224 milliseconds in repetition 204
tcp_ping received 32768 bytes back
Round trip time was 46.9032 milliseconds in repetition 205
tcp_ping received 32768 bytes back
Round trip time was 44.886 milliseconds in repetition 206
tcp_ping received 32768 bytes back
Round trip time was 41.2351 milliseconds in repetition 207
tcp_ping received 32768 bytes back
Round trip time was 43.3337 milliseconds in repetition 208
tcp_ping received 32768 bytes back
Round trip time was 41.5319 milliseconds in repetition 209
tcp_ping received 32768 bytes back
Round trip time was 43.459 milliseconds in repetition 210
tcp_ping received 32768 bytes back
Round trip time was 42.7466 milliseconds in repetition 211
tcp_ping received 32768 bytes back
Round trip time was 43.3964 milliseconds in repetition 212
tcp_ping received 32768 bytes back
Round trip time was 39.4827 milliseconds in repetition 213
tcp_ping received 32768 bytes back
Round trip time was 40.2406 milliseconds in repetition 214
tcp_ping received 32768 bytes back
Round trip time was 41.3264 milliseconds in repetition 215
tcp_ping received 32768 bytes back
Round trip time was 43.6565 milliseconds in repetition 216
tcp_ping received 32768 bytes back
Round trip time was 41.4134 milliseconds in repetition 217
tcp_ping received 32768 bytes back
Round trip time was 41.8814 milliseconds in repetition 218
tcp_ping received 32768 bytes back
Round trip time was 39.6446 milliseconds in repetition 219
tcp_ping received 32768 bytes back
Round trip time was 43.2553 milliseconds in repetition 220
tcp_ping received 32768 bytes back
Round trip time was 41.9877 milliseconds in repetition 221
tcp_ping received 32768 bytes back
Round trip time was 44.0728 milliseconds in repetition 222
tcp_ping received 32768 bytes back
Round trip time was 41.7948 milliseconds in repetition 223
tcp_ping received 32768 bytes back
Round trip time was 41.4405 milliseconds in repetition 224
tcp_ping received 32768 bytes back
Round trip time was 45.4552 milliseconds in repetition 225
tcp_ping received 32768 bytes back
Round trip time was 39.0109 milliseconds in repetition 226
tcp_ping received 32768 bytes back
Round trip time was 43.5964 milliseconds in repetition 227
tcp_ping received 32768 bytes back
Round trip time was 40.1826 milliseconds in repetition 228
tcp_ping received 32768 bytes back
Round trip time was 43.7272 milliseconds in repetition 229
tcp_ping received 32768 bytes back
Round trip time was 49.5007 milliseconds in repetition 230
tcp_ping received 32768 bytes back
Round trip time was 45.4546 milliseconds in repetition 231
tcp_ping received 32768 bytes back
Round trip time was 40.3982 milliseconds in repetition 232
tcp_ping received 32768 bytes back
Round trip time was 41.7743 milliseconds in repetition 233
tcp_ping received 32768 bytes back
Round trip time was 39.3795 milliseconds in repetition 234
tcp_ping received 32768 bytes back
Round trip time was 39.3939 milliseconds in repetition 235
tcp_ping received 32768 bytes back
Round trip time was 41.0223 milliseconds in repetition 236
tcp_ping received 32768 bytes back
Round trip time was 42.6236 milliseconds in repetition 237
tcp_ping received 32768 bytes back
Round trip time was 39.3218 milliseconds in repetition 238
tcp_ping received 32768 bytes back
Round trip time was 38.6146 milliseconds in repetition 239
tcp_ping received 32768 bytes back
Round trip time was 41.0317 milliseconds in repetition 240
tcp_ping received 32768 bytes back
Round trip time was 40.6859 milliseconds in repetition 241
tcp_ping received 32768 bytes back
Round trip time was 47.3644 milliseconds in repetition 242
tcp_ping received 32768 bytes back
Round trip time was 45.7718 milliseconds in repetition 243
tcp_ping received 32768 bytes back
Round trip time was 43.0294 milliseconds in repetition 244
tcp_ping received 32768 bytes back
Round trip time was 41.1456 milliseconds in repetition 245
tcp_ping received 32768 bytes back
Round trip time was 43.7426 milliseconds in repetition 246
tcp_ping received 32768 bytes back
Round trip time was 41.9246 milliseconds in repetition 247
tcp_ping received 32768 bytes back
Round trip time was 43.7344 milliseconds in repetition 248
tcp_ping received 32768 bytes back
Round trip time was 41.867 milliseconds in repetition 249
tcp_ping received 32768 bytes back
Round trip time was 41.6672 milliseconds in repetition 250
tcp_ping received 32768 bytes back
Round trip time was 41.6302 milliseconds in repetition 251
tcp_ping received 32768 bytes back
Round trip time was 40.9961 milliseconds in repetition 252
tcp_ping received 32768 bytes back
Round trip time was 38.9287 milliseconds in repetition 253
tcp_ping received 32768 bytes back
Round trip time was 38.8298 milliseconds in repetition 254
tcp_ping received 32768 bytes back
Round trip time was 47.2078 milliseconds in repetition 255
tcp_ping received 32768 bytes back
Round trip time was 43.1075 milliseconds in repetition 256
tcp_ping received 32768 bytes back
Round trip time was 46.5941 milliseconds in repetition 257
tcp_ping received 32768 bytes back
Round trip time was 44.2807 milliseconds in repetition 258
tcp_ping received 32768 bytes back
Round trip time was 42.6098 milliseconds in repetition 259
tcp_ping received 32768 bytes back
Round trip time was 39.2397 milliseconds in repetition 260
tcp_ping received 32768 bytes back
Round trip time was 43.2081 milliseconds in repetition 261
tcp_ping received 32768 bytes back
Round trip time was 42.4335 milliseconds in repetition 262
tcp_ping received 32768 bytes back
Round trip time was 39.7659 milliseconds in repetition 263
tcp_ping received 32768 bytes back
Round trip time was 40.6794 milliseconds in repetition 264
tcp_ping received 32768 bytes back
Round trip time was 40.5948 milliseconds in repetition 265
tcp_ping received 32768 bytes back
Round trip time was 39.8942 milliseconds in repetition 266
tcp_ping received 32768 bytes back
Round trip time was 44.1691 milliseconds in repetition 267
tcp_ping received 32768 bytes back
Round trip time was 39.6533 milliseconds in repetition 268
tcp_ping received 32768 bytes back
Round trip time was 39.5942 milliseconds in repetition 269
tcp_ping received 32768 bytes back
Round trip time was 40.0726 milliseconds in repetition 270
tcp_ping received 32768 bytes back
Round trip time was 40.4739 milliseconds in repetition 271
tcp_ping received 32768 bytes back
Round trip time was 99.3594 milliseconds in repetition 272
tcp_ping received 32768 bytes back
Round trip time was 46.3037 milliseconds in repetition 273
tcp_ping received 32768 bytes back
Round trip time was 40.6017 milliseconds in repetition 274
tcp_ping received 32768 bytes back
Round trip time was 29.5914 milliseconds in repetition 275
tcp_ping received 32768 bytes back
Round trip time was 39.8192 milliseconds in repetition 276
tcp_ping received 32768 bytes back
Round trip time was 43.6967 milliseconds in repetition 277
tcp_ping received 32768 bytes back
Round trip time was 42.7804 milliseconds in repetition 278
tcp_ping received 32768 bytes back
Round trip time was 42.6317 milliseconds in repetition 279
tcp_ping received 32768 bytes back
Round trip time was 41.1862 milliseconds in repetition 280
tcp_ping received 32768 bytes back
Round trip time was 41.913 milliseconds in repetition 281
tcp_ping received 32768 bytes back
Round trip time was 40.6696 milliseconds in repetition 282
tcp_ping received 32768 bytes back
Round trip time was 42.1898 milliseconds in repetition 283
tcp_ping received 32768 bytes back
Round trip time was 42.6547 milliseconds in repetition 284
tcp_ping received 32768 bytes back
Round trip time was 42.3682 milliseconds in repetition 285
tcp_ping received 32768 bytes back
Round trip time was 43.5591 milliseconds in repetition 286
tcp_ping received 32768 bytes back
Round trip time was 45.2024 milliseconds in repetition 287
tcp_ping received 32768 bytes back
Round trip time was 42.9287 milliseconds in repetition 288
tcp_ping received 32768 bytes back
Round trip time was 42.5079 milliseconds in repetition 289
tcp_ping received 32768 bytes back
Round trip time was 43.0767 milliseconds in repetition 290
tcp_ping received 32768 bytes back
Round trip time was 40.0685 milliseconds in repetition 291
tcp_ping received 32768 bytes back
Round trip time was 40.9898 milliseconds in repetition 292
tcp_ping received 32768 bytes back
Round trip time was 41.8469 milliseconds in repetition 293
tcp_ping received 32768 bytes back
Round trip time was 44.1468 milliseconds in repetition 294
tcp_ping received 32768 bytes back
Round trip time was 46.8116 milliseconds in repetition 295
tcp_ping received 32768 bytes back
Round trip time was 40.7978 milliseconds in repetition 296
tcp_ping received 32768 bytes back
Round trip time was 42.5474 milliseconds in repetition 297
tcp_ping received 32768 bytes back
Round trip time was 39.9208 milliseconds in repetition 298
tcp_ping received 32768 bytes back
Round trip time was 43.0894 milliseconds in repetition 299
tcp_ping received 32768 bytes back
Round trip time was 40.0043 milliseconds in repetition 300
tcp_ping received 32768 bytes back
Round trip time was 44.0351 milliseconds in repetition 301
tcp_ping received 32768 bytes back
Round trip time was 45.5988 milliseconds in repetition 302
tcp_ping received 32768 bytes back
Round trip time was 39.2388 milliseconds in repetition 303
tcp_ping received 32768 bytes back
Round trip time was 41.1044 milliseconds in repetition 304
tcp_ping received 32768 bytes back
Round trip time was 40.3447 milliseconds in repetition 305
tcp_ping received 32768 bytes back
Round trip time was 44.4061 milliseconds in repetition 306
tcp_ping received 32768 bytes back
Round trip time was 41.2868 milliseconds in repetition 307
tcp_ping received 32768 bytes back
Round trip time was 41.8707 milliseconds in repetition 308
tcp_ping received 32768 bytes back
Round trip time was 42.1381 milliseconds in repetition 309
tcp_ping received 32768 bytes back
Round trip time was 33.2538 milliseconds in repetition 310
tcp_ping received 32768 bytes back
Round trip time was 29.7761 milliseconds in repetition 311
tcp_ping received 32768 bytes back
Round trip time was 43.4276 milliseconds in repetition 312
tcp_ping received 32768 bytes back
Round trip time was 40.7508 milliseconds in repetition 313
tcp_ping received 32768 bytes back
Round trip time was 40.3706 milliseconds in repetition 314
tcp_ping received 32768 bytes back
Round trip time was 41.1204 milliseconds in repetition 315
tcp_ping received 32768 bytes back
Round trip time was 40.344 milliseconds in repetition 316
tcp_ping received 32768 bytes back
Round trip time was 40.1295 milliseconds in repetition 317
tcp_ping received 32768 bytes back
Round trip time was 41.7265 milliseconds in repetition 318
tcp_ping received 32768 bytes back
Round trip time was 43.193 milliseconds in repetition 319
tcp_ping received 32768 bytes back
Round trip time was 45.718 milliseconds in repetition 320
tcp_ping received 32768 bytes back
Round trip time was 40.8195 milliseconds in repetition 321
tcp_ping received 32768 bytes back
Round trip time was 48.1823 milliseconds in repetition 322
tcp_ping received 32768 bytes back
Round trip time was 41.6102 milliseconds in repetition 323
tcp_ping received 32768 bytes back
Round trip time was 39.8121 milliseconds in repetition 324
tcp_ping received 32768 bytes back
Round trip time was 42.3406 milliseconds in repetition 325
tcp_ping received 32768 bytes back
Round trip time was 42.0164 milliseconds in repetition 326
tcp_ping received 32768 bytes back
Round trip time was 30.4805 milliseconds in repetition 327
tcp_ping received 32768 bytes back
Round trip time was 40.4594 milliseconds in repetition 328
tcp_ping received 32768 bytes back
Round trip time was 53.0505 milliseconds in repetition 329
tcp_ping received 32768 bytes back
Round trip time was 42.2706 milliseconds in repetition 330
tcp_ping received 32768 bytes back
Round trip time was 43.5267 milliseconds in repetition 331
tcp_ping received 32768 bytes back
Round trip time was 40.606 milliseconds in repetition 332
tcp_ping received 32768 bytes back
Round trip time was 44.0343 milliseconds in repetition 333
tcp_ping received 32768 bytes back
Round trip time was 40.409 milliseconds in repetition 334
tcp_ping received 32768 bytes back
Round trip time was 42.4268 milliseconds in repetition 335
tcp_ping received 32768 bytes back
Round trip time was 45.4248 milliseconds in repetition 336
tcp_ping received 32768 bytes back
Round trip time was 46.158 milliseconds in repetition 337
tcp_ping received 32768 bytes back
Round trip time was 38.7483 milliseconds in repetition 338
tcp_ping received 32768 bytes back
Round trip time was 41.9447 milliseconds in repetition 339
tcp_ping received 32768 bytes back
Round trip time was 39.5086 milliseconds in repetition 340
tcp_ping received 32768 bytes back
Round trip time was 39.8821 milliseconds in repetition 341
tcp_ping received 32768 bytes back
Round trip time was 40.0185 milliseconds in repetition 342
tcp_ping received 32768 bytes back
Round trip time was 40.6866 milliseconds in repetition 343
tcp_ping received 32768 bytes back
Round trip time was 39.7693 milliseconds in repetition 344
tcp_ping received 32768 bytes back
Round trip time was 40.8203 milliseconds in repetition 345
tcp_ping received 32768 bytes back
Round trip time was 39.6983 milliseconds in repetition 346
tcp_ping received 32768 bytes back
Round trip time was 43.1356 milliseconds in repetition 347
tcp_ping received 32768 bytes back
Round trip time was 39.9804 milliseconds in repetition 348
tcp_ping received 32768 bytes back
Round trip time was 67.3014 milliseconds in repetition 349
tcp_ping received 32768 bytes back
Round trip time was 39.9345 milliseconds in repetition 350
tcp_ping received 32768 bytes back
Round trip time was 40.3018 milliseconds in repetition 351
tcp_ping received 32768 bytes back
Round trip time was 40.2673 milliseconds in repetition 352
tcp_ping received 32768 bytes back
Round trip time was 40.3632 milliseconds in repetition 353
tcp_ping received 32768 bytes back
Round trip time was 40.6273 milliseconds in repetition 354
tcp_ping received 32768 bytes back
Round trip time was 41.3196 milliseconds in repetition 355
tcp_ping received 32768 bytes back
Round trip time was 40.8958 milliseconds in repetition 356
tcp_ping received 32768 bytes back
Round trip time was 40.9018 milliseconds in repetition 357
tcp_ping received 32768 bytes back
Round trip time was 30.1861 milliseconds in repetition 358
tcp_ping received 32768 bytes back
Round trip time was 40.5337 milliseconds in repetition 359
tcp_ping received 32768 bytes back
Round trip time was 39.6659 milliseconds in repetition 360
tcp_ping received 32768 bytes back
Round trip time was 38.7609 milliseconds in repetition 361
tcp_ping received 32768 bytes back
Round trip time was 40.4223 milliseconds in repetition 362
tcp_ping received 32768 bytes back
Round trip time was 42.587 milliseconds in repetition 363
tcp_ping received 32768 bytes back
Round trip time was 45.491 milliseconds in repetition 364
tcp_ping received 32768 bytes back
Round trip time was 41.7371 milliseconds in repetition 365
tcp_ping received 32768 bytes back
Round trip time was 39.073 milliseconds in repetition 366
tcp_ping received 32768 bytes back
Round trip time was 41.5075 milliseconds in repetition 367
tcp_ping received 32768 bytes back
Round trip time was 39.5056 milliseconds in repetition 368
tcp_ping received 32768 bytes back
Round trip time was 40.7783 milliseconds in repetition 369
tcp_ping received 32768 bytes back
Round trip time was 41.8756 milliseconds in repetition 370
tcp_ping received 32768 bytes back
Round trip time was 41.3817 milliseconds in repetition 371
tcp_ping received 32768 bytes back
Round trip time was 39.1551 milliseconds in repetition 372
tcp_ping received 32768 bytes back
Round trip time was 40.6587 milliseconds in repetition 373
tcp_ping received 32768 bytes back
Round trip time was 39.1368 milliseconds in repetition 374
tcp_ping received 32768 bytes back
Round trip time was 40.0693 milliseconds in repetition 375
tcp_ping received 32768 bytes back
Round trip time was 44.2622 milliseconds in repetition 376
tcp_ping received 32768 bytes back
Round trip time was 39.1862 milliseconds in repetition 377
tcp_ping received 32768 bytes back
Round trip time was 41.8073 milliseconds in repetition 378
tcp_ping received 32768 bytes back
Round trip time was 42.5929 milliseconds in repetition 379
tcp_ping received 32768 bytes back
Round trip time was 41.7041 milliseconds in repetition 380
tcp_ping received 32768 bytes back
Round trip time was 45.1298 milliseconds in repetition 381
tcp_ping received 32768 bytes back
Round trip time was 36.7074 milliseconds in repetition 382
tcp_ping received 32768 bytes back
Round trip time was 40.7832 milliseconds in repetition 383
tcp_ping received 32768 bytes back
Round trip time was 40.5928 milliseconds in repetition 384
tcp_ping received 32768 bytes back
Round trip time was 51.0499 milliseconds in repetition 385
tcp_ping received 32768 bytes back
Round trip time was 40.6959 milliseconds in repetition 386
tcp_ping received 32768 bytes back
Round trip time was 39.7435 milliseconds in repetition 387
tcp_ping received 32768 bytes back
Round trip time was 39.8245 milliseconds in repetition 388
tcp_ping received 32768 bytes back
Round trip time was 39.6692 milliseconds in repetition 389
tcp_ping received 32768 bytes back
Round trip time was 37.7046 milliseconds in repetition 390
tcp_ping received 32768 bytes back
Round trip time was 39.7584 milliseconds in repetition 391
tcp_ping received 32768 bytes back
Round trip time was 40.5737 milliseconds in repetition 392
tcp_ping received 32768 bytes back
Round trip time was 38.7203 milliseconds in repetition 393
tcp_ping received 32768 bytes back
Round trip time was 40.4181 milliseconds in repetition 394
tcp_ping received 32768 bytes back
Round trip time was 48.8746 milliseconds in repetition 395
tcp_ping received 32768 bytes back
Round trip time was 43.8647 milliseconds in repetition 396
tcp_ping received 32768 bytes back
Round trip time was 40.5511 milliseconds in repetition 397
tcp_ping received 32768 bytes back
Round trip time was 38.6372 milliseconds in repetition 398
tcp_ping received 32768 bytes back
Round trip time was 41.9576 milliseconds in repetition 399
tcp_ping received 32768 bytes back
Round trip time was 30.0314 milliseconds in repetition 400
tcp_ping received 32768 bytes back
Round trip time was 38.1443 milliseconds in repetition 401
tcp_ping received 32768 bytes back
Round trip time was 39.8077 milliseconds in repetition 402
tcp_ping received 32768 bytes back
Round trip time was 44.289 milliseconds in repetition 403
tcp_ping received 32768 bytes back
Round trip time was 39.329 milliseconds in repetition 404
tcp_ping received 32768 bytes back
Round trip time was 41.8209 milliseconds in repetition 405
tcp_ping received 32768 bytes back
Round trip time was 41.0154 milliseconds in repetition 406
tcp_ping received 32768 bytes back
Round trip time was 39.2636 milliseconds in repetition 407
tcp_ping received 32768 bytes back
Round trip time was 41.2746 milliseconds in repetition 408
tcp_ping received 32768 bytes back
Round trip time was 39.4149 milliseconds in repetition 409
tcp_ping received 32768 bytes back
Round trip time was 40.7965 milliseconds in repetition 410
tcp_ping received 32768 bytes back
Round trip time was 41.2152 milliseconds in repetition 411
tcp_ping received 32768 bytes back
Round trip time was 38.9794 milliseconds in repetition 412
tcp_ping received 32768 bytes back
Round trip time was 41.0874 milliseconds in repetition 413
tcp_ping received 32768 bytes back
Round trip time was 40.3413 milliseconds in repetition 414
tcp_ping received 32768 bytes back
Round trip time was 42.9061 milliseconds in repetition 415
tcp_ping received 32768 bytes back
Round trip time was 39.9242 milliseconds in repetition 416
tcp_ping received 32768 bytes back
Round trip time was 35.8421 milliseconds in repetition 417
tcp_ping received 32768 bytes back
Round trip time was 44.7615 milliseconds in repetition 418
tcp_ping received 32768 bytes back
Round trip time was 47.2183 milliseconds in repetition 419
tcp_ping received 32768 bytes back
Round trip time was 41.3094 milliseconds in repetition 420
tcp_ping received 32768 bytes back
Round trip time was 40.7926 milliseconds in repetition 421
tcp_ping received 32768 bytes back
Round trip time was 41.7585 milliseconds in repetition 422
tcp_ping received 32768 bytes back
Round trip time was 39.2568 milliseconds in repetition 423
tcp_ping received 32768 bytes back
Round trip time was 45.599 milliseconds in repetition 424
tcp_ping received 32768 bytes back
Round trip time was 40.2657 milliseconds in repetition 425
tcp_ping received 32768 bytes back
Round trip time was 41.3387 milliseconds in repetition 426
tcp_ping received 32768 bytes back
Round trip time was 41.7114 milliseconds in repetition 427
tcp_ping received 32768 bytes back
Round trip time was 40.6469 milliseconds in repetition 428
tcp_ping received 32768 bytes back
Round trip time was 41.0911 milliseconds in repetition 429
tcp_ping received 32768 bytes back
Round trip time was 31.911 milliseconds in repetition 430
tcp_ping received 32768 bytes back
Round trip time was 42.0732 milliseconds in repetition 431
tcp_ping received 32768 bytes back
Round trip time was 39.6128 milliseconds in repetition 432
tcp_ping received 32768 bytes back
Round trip time was 39.0936 milliseconds in repetition 433
tcp_ping received 32768 bytes back
Round trip time was 40.9074 milliseconds in repetition 434
tcp_ping received 32768 bytes back
Round trip time was 41.5805 milliseconds in repetition 435
tcp_ping received 32768 bytes back
Round trip time was 50.2022 milliseconds in repetition 436
tcp_ping received 32768 bytes back
Round trip time was 41.078 milliseconds in repetition 437
tcp_ping received 32768 bytes back
Round trip time was 40.3724 milliseconds in repetition 438
tcp_ping received 32768 bytes back
Round trip time was 40.4815 milliseconds in repetition 439
tcp_ping received 32768 bytes back
Round trip time was 40.4694 milliseconds in repetition 440
tcp_ping received 32768 bytes back
Round trip time was 42.5871 milliseconds in repetition 441
tcp_ping received 32768 bytes back
Round trip time was 41.5229 milliseconds in repetition 442
tcp_ping received 32768 bytes back
Round trip time was 43.3709 milliseconds in repetition 443
tcp_ping received 32768 bytes back
Round trip time was 42.571 milliseconds in repetition 444
tcp_ping received 32768 bytes back
Round trip time was 43.6447 milliseconds in repetition 445
tcp_ping received 32768 bytes back
Round trip time was 40.8181 milliseconds in repetition 446
tcp_ping received 32768 bytes back
Round trip time was 40.7264 milliseconds in repetition 447
tcp_ping received 32768 bytes back
Round trip time was 38.488 milliseconds in repetition 448
tcp_ping received 32768 bytes back
Round trip time was 46.3955 milliseconds in repetition 449
tcp_ping received 32768 bytes back
Round trip time was 42.5143 milliseconds in repetition 450
tcp_ping received 32768 bytes back
Round trip time was 40.4147 milliseconds in repetition 451
tcp_ping received 32768 bytes back
Round trip time was 40.8188 milliseconds in repetition 452
tcp_ping received 32768 bytes back
Round trip time was 38.516 milliseconds in repetition 453
tcp_ping received 32768 bytes back
Round trip time was 42.5923 milliseconds in repetition 454
tcp_ping received 32768 bytes back
Round trip time was 39.2734 milliseconds in repetition 455
tcp_ping received 32768 bytes back
Round trip time was 40.9768 milliseconds in repetition 456
tcp_ping received 32768 bytes back
Round trip time was 42.0016 milliseconds in repetition 457
tcp_ping received 32768 bytes back
Round trip time was 41.2793 milliseconds in repetition 458
tcp_ping received 32768 bytes back
Round trip time was 47.7392 milliseconds in repetition 459
tcp_ping received 32768 bytes back
Round trip time was 38.5407 milliseconds in repetition 460
tcp_ping received 32768 bytes back
Round trip time was 40.6962 milliseconds in repetition 461
tcp_ping received 32768 bytes back
Round trip time was 41.3038 milliseconds in repetition 462
tcp_ping received 32768 bytes back
Round trip time was 40.0783 milliseconds in repetition 463
tcp_ping received 32768 bytes back
Round trip time was 39.9516 milliseconds in repetition 464
tcp_ping received 32768 bytes back
Round trip time was 39.8624 milliseconds in repetition 465
tcp_ping received 32768 bytes back
Round trip time was 40.16 milliseconds in repetition 466
tcp_ping received 32768 bytes back
Round trip time was 40.9801 milliseconds in repetition 467
tcp_ping received 32768 bytes back
Round trip time was 38.8005 milliseconds in repetition 468
tcp_ping received 32768 bytes back
Round trip time was 39.8338 milliseconds in repetition 469
tcp_ping received 32768 bytes back
Round trip time was 45.1721 milliseconds in repetition 470
tcp_ping received 32768 bytes back
Round trip time was 41.5588 milliseconds in repetition 471
tcp_ping received 32768 bytes back
Round trip time was 43.5169 milliseconds in repetition 472
tcp_ping received 32768 bytes back
Round trip time was 41.231 milliseconds in repetition 473
tcp_ping received 32768 bytes back
Round trip time was 40.3118 milliseconds in repetition 474
tcp_ping received 32768 bytes back
Round trip time was 39.146 milliseconds in repetition 475
tcp_ping received 32768 bytes back
Round trip time was 30.5387 milliseconds in repetition 476
tcp_ping received 32768 bytes back
Round trip time was 40.1556 milliseconds in repetition 477
tcp_ping received 32768 bytes back
Round trip time was 41.598 milliseconds in repetition 478
tcp_ping received 32768 bytes back
Round trip time was 38.9672 milliseconds in repetition 479
tcp_ping received 32768 bytes back
Round trip time was 38.6651 milliseconds in repetition 480
tcp_ping received 32768 bytes back
Round trip time was 38.9868 milliseconds in repetition 481
tcp_ping received 32768 bytes back
Round trip time was 40.572 milliseconds in repetition 482
tcp_ping received 32768 bytes back
Round trip time was 42.0419 milliseconds in repetition 483
tcp_ping received 32768 bytes back
Round trip time was 52.5334 milliseconds in repetition 484
tcp_ping received 32768 bytes back
Round trip time was 40.4181 milliseconds in repetition 485
tcp_ping received 32768 bytes back
Round trip time was 40.4996 milliseconds in repetition 486
tcp_ping received 32768 bytes back
Round trip time was 39.528 milliseconds in repetition 487
tcp_ping received 32768 bytes back
Round trip time was 41.8571 milliseconds in repetition 488
tcp_ping received 32768 bytes back
Round trip time was 38.9251 milliseconds in repetition 489
tcp_ping received 32768 bytes back
Round trip time was 41.8598 milliseconds in repetition 490
tcp_ping received 32768 bytes back
Round trip time was 39.4738 milliseconds in repetition 491
tcp_ping received 32768 bytes back
Round trip time was 43.9027 milliseconds in repetition 492
tcp_ping received 32768 bytes back
Round trip time was 42.8821 milliseconds in repetition 493
tcp_ping received 32768 bytes back
Round trip time was 41.5012 milliseconds in repetition 494
tcp_ping received 32768 bytes back
Round trip time was 46.1779 milliseconds in repetition 495
tcp_ping received 32768 bytes back
Round trip time was 40.7396 milliseconds in repetition 496
tcp_ping received 32768 bytes back
Round trip time was 39.4689 milliseconds in repetition 497
tcp_ping received 32768 bytes back
Round trip time was 41.4529 milliseconds in repetition 498
tcp_ping received 32768 bytes back
Round trip time was 42.3456 milliseconds in repetition 499
tcp_ping received 32768 bytes back
Round trip time was 28.8575 milliseconds in repetition 500
tcp_ping received 32768 bytes back
Round trip time was 42.5052 milliseconds in repetition 501

 ... clock resolution was 1e-06
TCP Ping:  Statistics over 501 repetitions of 32768 byte messages

RTT : percentile 10: 39.1879, median: 41.4405, percentile 90: 48.1823, average: 43.718, variance: 106.306

RTT histogram:
28.8574 12
35.5261 22
42.1948 392
48.8634 37
55.5321 5
62.2007 22
68.8694 2
75.5381 1
82.2067 2
88.8754 2
95.544 0
102.213 1
108.881 0
115.55 0
122.219 2
128.887 0
135.556 0
142.225 0
148.893 0
155.562 0
162.231 1

   median Throughput : 1581.45 KB/s   overall Throughput : 1499.06 KB/s

