UDP Ping trying to connect to server seti.dibris.unige.it (130.251.61.30) on TCP port 1491
 ... connected to Pong server: asking for 501 repetitions of 64 _bytes UDP messages
 ... Pong server agreed to ping-pong using port 49153 :-)
Round trip time was 27.347 milliseconds in repetition 1
Round trip time was 26.617 milliseconds in repetition 2
Round trip time was 28.240 milliseconds in repetition 3
Round trip time was 27.828 milliseconds in repetition 4
Round trip time was 26.950 milliseconds in repetition 5
Round trip time was 26.252 milliseconds in repetition 6
Round trip time was 25.840 milliseconds in repetition 7
Round trip time was 25.576 milliseconds in repetition 8
Round trip time was 25.814 milliseconds in repetition 9
Round trip time was 25.954 milliseconds in repetition 10
Round trip time was 25.730 milliseconds in repetition 11
Round trip time was 25.625 milliseconds in repetition 12
Round trip time was 25.609 milliseconds in repetition 13
Round trip time was 25.605 milliseconds in repetition 14
Round trip time was 25.552 milliseconds in repetition 15
Round trip time was 25.576 milliseconds in repetition 16
Round trip time was 25.895 milliseconds in repetition 17
Round trip time was 26.448 milliseconds in repetition 18
Round trip time was 25.630 milliseconds in repetition 19
Round trip time was 25.351 milliseconds in repetition 20
Round trip time was 27.102 milliseconds in repetition 21
Round trip time was 29.576 milliseconds in repetition 22
Round trip time was 24.814 milliseconds in repetition 23
Round trip time was 24.844 milliseconds in repetition 24
Round trip time was 25.239 milliseconds in repetition 25
Round trip time was 24.788 milliseconds in repetition 26
Round trip time was 24.736 milliseconds in repetition 27
Round trip time was 24.706 milliseconds in repetition 28
Round trip time was 24.872 milliseconds in repetition 29
Round trip time was 27.526 milliseconds in repetition 30
Round trip time was 25.561 milliseconds in repetition 31
Round trip time was 25.591 milliseconds in repetition 32
Round trip time was 24.798 milliseconds in repetition 33
Round trip time was 24.790 milliseconds in repetition 34
Round trip time was 27.202 milliseconds in repetition 35
Round trip time was 25.891 milliseconds in repetition 36
Round trip time was 26.674 milliseconds in repetition 37
Round trip time was 24.861 milliseconds in repetition 38
Round trip time was 24.794 milliseconds in repetition 39
Round trip time was 25.005 milliseconds in repetition 40
Round trip time was 24.801 milliseconds in repetition 41
Round trip time was 26.669 milliseconds in repetition 42
Round trip time was 26.229 milliseconds in repetition 43
Round trip time was 24.760 milliseconds in repetition 44
Round trip time was 25.065 milliseconds in repetition 45
Round trip time was 24.897 milliseconds in repetition 46
Round trip time was 28.060 milliseconds in repetition 47
Round trip time was 26.083 milliseconds in repetition 48
Round trip time was 24.891 milliseconds in repetition 49
Round trip time was 25.388 milliseconds in repetition 50
Round trip time was 24.842 milliseconds in repetition 51
Round trip time was 26.633 milliseconds in repetition 52
Round trip time was 28.583 milliseconds in repetition 53
Round trip time was 25.698 milliseconds in repetition 54
Round trip time was 25.366 milliseconds in repetition 55
Round trip time was 25.119 milliseconds in repetition 56
Round trip time was 25.081 milliseconds in repetition 57
Round trip time was 25.072 milliseconds in repetition 58
Round trip time was 25.115 milliseconds in repetition 59
Round trip time was 26.076 milliseconds in repetition 60
Round trip time was 25.890 milliseconds in repetition 61
Round trip time was 27.020 milliseconds in repetition 62
Round trip time was 25.700 milliseconds in repetition 63
Round trip time was 25.078 milliseconds in repetition 64
Round trip time was 26.186 milliseconds in repetition 65
Round trip time was 29.447 milliseconds in repetition 66
Round trip time was 25.730 milliseconds in repetition 67
Round trip time was 26.145 milliseconds in repetition 68
Round trip time was 25.497 milliseconds in repetition 69
Round trip time was 25.297 milliseconds in repetition 70
Round trip time was 26.869 milliseconds in repetition 71
Round trip time was 25.184 milliseconds in repetition 72
Round trip time was 26.620 milliseconds in repetition 73
Round trip time was 26.651 milliseconds in repetition 74
Round trip time was 25.321 milliseconds in repetition 75
Round trip time was 25.904 milliseconds in repetition 76
Round trip time was 24.973 milliseconds in repetition 77
Round trip time was 24.889 milliseconds in repetition 78
Round trip time was 24.909 milliseconds in repetition 79
Round trip time was 25.732 milliseconds in repetition 80
Round trip time was 26.118 milliseconds in repetition 81
Round trip time was 25.172 milliseconds in repetition 82
Round trip time was 27.710 milliseconds in repetition 83
Round trip time was 26.198 milliseconds in repetition 84
Round trip time was 25.033 milliseconds in repetition 85
Round trip time was 24.826 milliseconds in repetition 86
Round trip time was 25.082 milliseconds in repetition 87
Round trip time was 24.747 milliseconds in repetition 88
Round trip time was 44.284 milliseconds in repetition 89
Round trip time was 26.761 milliseconds in repetition 90
Round trip time was 24.926 milliseconds in repetition 91
Round trip time was 24.864 milliseconds in repetition 92
Round trip time was 26.126 milliseconds in repetition 93
Round trip time was 25.973 milliseconds in repetition 94
Round trip time was 25.331 milliseconds in repetition 95
Round trip time was 26.947 milliseconds in repetition 96
Round trip time was 26.068 milliseconds in repetition 97
Round trip time was 26.091 milliseconds in repetition 98
Round trip time was 25.442 milliseconds in repetition 99
Round trip time was 25.098 milliseconds in repetition 100
Round trip time was 25.317 milliseconds in repetition 101
Round trip time was 25.516 milliseconds in repetition 102
Round trip time was 25.427 milliseconds in repetition 103
Round trip time was 25.380 milliseconds in repetition 104
Round trip time was 25.249 milliseconds in repetition 105
Round trip time was 25.565 milliseconds in repetition 106
Round trip time was 25.761 milliseconds in repetition 107
Round trip time was 26.307 milliseconds in repetition 108
Round trip time was 26.471 milliseconds in repetition 109
Round trip time was 25.726 milliseconds in repetition 110
Round trip time was 26.869 milliseconds in repetition 111
Round trip time was 25.790 milliseconds in repetition 112
Round trip time was 26.663 milliseconds in repetition 113
Round trip time was 24.699 milliseconds in repetition 114
Round trip time was 24.726 milliseconds in repetition 115
Round trip time was 24.880 milliseconds in repetition 116
Round trip time was 24.799 milliseconds in repetition 117
Round trip time was 26.121 milliseconds in repetition 118
Round trip time was 24.908 milliseconds in repetition 119
Round trip time was 28.573 milliseconds in repetition 120
Round trip time was 25.305 milliseconds in repetition 121
Round trip time was 25.417 milliseconds in repetition 122
Round trip time was 25.929 milliseconds in repetition 123
Round trip time was 25.614 milliseconds in repetition 124
Round trip time was 25.161 milliseconds in repetition 125
Round trip time was 25.474 milliseconds in repetition 126
Round trip time was 24.774 milliseconds in repetition 127
Round trip time was 25.082 milliseconds in repetition 128
Round trip time was 24.927 milliseconds in repetition 129
Round trip time was 25.695 milliseconds in repetition 130
Round trip time was 25.922 milliseconds in repetition 131
Round trip time was 26.593 milliseconds in repetition 132
Round trip time was 25.809 milliseconds in repetition 133
Round trip time was 25.602 milliseconds in repetition 134
Round trip time was 25.219 milliseconds in repetition 135
Round trip time was 25.204 milliseconds in repetition 136
Round trip time was 27.052 milliseconds in repetition 137
Round trip time was 25.625 milliseconds in repetition 138
Round trip time was 24.748 milliseconds in repetition 139
Round trip time was 26.740 milliseconds in repetition 140
Round trip time was 29.440 milliseconds in repetition 141
Round trip time was 25.001 milliseconds in repetition 142
Round trip time was 25.080 milliseconds in repetition 143
Round trip time was 24.977 milliseconds in repetition 144
Round trip time was 26.669 milliseconds in repetition 145
Round trip time was 25.004 milliseconds in repetition 146
Round trip time was 25.349 milliseconds in repetition 147
Round trip time was 25.077 milliseconds in repetition 148
Round trip time was 24.892 milliseconds in repetition 149
Round trip time was 27.366 milliseconds in repetition 150
Round trip time was 25.868 milliseconds in repetition 151
Round trip time was 25.164 milliseconds in repetition 152
Round trip time was 30.073 milliseconds in repetition 153
Round trip time was 36.021 milliseconds in repetition 154
Round trip time was 27.101 milliseconds in repetition 155
Round trip time was 25.087 milliseconds in repetition 156
Round trip time was 24.972 milliseconds in repetition 157
Round trip time was 25.043 milliseconds in repetition 158
Round trip time was 24.874 milliseconds in repetition 159
Round trip time was 25.488 milliseconds in repetition 160
Round trip time was 27.787 milliseconds in repetition 161
Round trip time was 24.892 milliseconds in repetition 162
Round trip time was 25.015 milliseconds in repetition 163
Round trip time was 25.048 milliseconds in repetition 164
Round trip time was 25.364 milliseconds in repetition 165
Round trip time was 24.942 milliseconds in repetition 166
Round trip time was 24.864 milliseconds in repetition 167
Round trip time was 24.888 milliseconds in repetition 168
Round trip time was 24.750 milliseconds in repetition 169
Round trip time was 26.006 milliseconds in repetition 170
Round trip time was 34.143 milliseconds in repetition 171
Round trip time was 26.420 milliseconds in repetition 172
Round trip time was 26.650 milliseconds in repetition 173
Round trip time was 26.576 milliseconds in repetition 174
Round trip time was 24.979 milliseconds in repetition 175
Round trip time was 24.867 milliseconds in repetition 176
Round trip time was 24.652 milliseconds in repetition 177
Round trip time was 24.973 milliseconds in repetition 178
Round trip time was 24.960 milliseconds in repetition 179
Round trip time was 24.745 milliseconds in repetition 180
Round trip time was 26.219 milliseconds in repetition 181
Round trip time was 25.291 milliseconds in repetition 182
Round trip time was 26.258 milliseconds in repetition 183
Round trip time was 25.164 milliseconds in repetition 184
Round trip time was 24.666 milliseconds in repetition 185
Round trip time was 24.974 milliseconds in repetition 186
Round trip time was 25.218 milliseconds in repetition 187
Round trip time was 24.709 milliseconds in repetition 188
Round trip time was 25.454 milliseconds in repetition 189
Round trip time was 26.090 milliseconds in repetition 190
Round trip time was 24.749 milliseconds in repetition 191
Round trip time was 25.044 milliseconds in repetition 192
Round trip time was 25.013 milliseconds in repetition 193
Round trip time was 24.905 milliseconds in repetition 194
Round trip time was 25.165 milliseconds in repetition 195
Round trip time was 25.457 milliseconds in repetition 196
Round trip time was 24.857 milliseconds in repetition 197
Round trip time was 25.011 milliseconds in repetition 198
Round trip time was 25.860 milliseconds in repetition 199
Round trip time was 25.197 milliseconds in repetition 200
Round trip time was 25.784 milliseconds in repetition 201
Round trip time was 25.086 milliseconds in repetition 202
Round trip time was 25.310 milliseconds in repetition 203
Round trip time was 25.184 milliseconds in repetition 204
Round trip time was 25.014 milliseconds in repetition 205
Round trip time was 24.916 milliseconds in repetition 206
Round trip time was 24.803 milliseconds in repetition 207
Round trip time was 25.419 milliseconds in repetition 208
Round trip time was 25.100 milliseconds in repetition 209
Round trip time was 25.002 milliseconds in repetition 210
Round trip time was 25.266 milliseconds in repetition 211
Round trip time was 27.945 milliseconds in repetition 212
Round trip time was 25.264 milliseconds in repetition 213
Round trip time was 25.277 milliseconds in repetition 214
Round trip time was 24.824 milliseconds in repetition 215
Round trip time was 24.823 milliseconds in repetition 216
Round trip time was 25.077 milliseconds in repetition 217
Round trip time was 25.040 milliseconds in repetition 218
Round trip time was 26.549 milliseconds in repetition 219
Round trip time was 27.400 milliseconds in repetition 220
Round trip time was 27.355 milliseconds in repetition 221
Round trip time was 25.198 milliseconds in repetition 222
Round trip time was 25.339 milliseconds in repetition 223
Round trip time was 25.934 milliseconds in repetition 224
Round trip time was 25.379 milliseconds in repetition 225
Round trip time was 25.747 milliseconds in repetition 226
Round trip time was 25.141 milliseconds in repetition 227
Round trip time was 24.939 milliseconds in repetition 228
Round trip time was 24.908 milliseconds in repetition 229
Round trip time was 24.929 milliseconds in repetition 230
Round trip time was 25.760 milliseconds in repetition 231
Round trip time was 25.502 milliseconds in repetition 232
Round trip time was 26.126 milliseconds in repetition 233
Round trip time was 25.367 milliseconds in repetition 234
Round trip time was 25.107 milliseconds in repetition 235
Round trip time was 25.121 milliseconds in repetition 236
Round trip time was 25.899 milliseconds in repetition 237
Round trip time was 26.721 milliseconds in repetition 238
Round trip time was 25.739 milliseconds in repetition 239
Round trip time was 26.219 milliseconds in repetition 240
Round trip time was 25.172 milliseconds in repetition 241
Round trip time was 25.430 milliseconds in repetition 242
Round trip time was 25.109 milliseconds in repetition 243
Round trip time was 25.077 milliseconds in repetition 244
Round trip time was 33.605 milliseconds in repetition 245
Round trip time was 24.971 milliseconds in repetition 246
Round trip time was 24.886 milliseconds in repetition 247
Round trip time was 24.859 milliseconds in repetition 248
Round trip time was 25.175 milliseconds in repetition 249
Round trip time was 28.376 milliseconds in repetition 250
Round trip time was 25.079 milliseconds in repetition 251
Round trip time was 24.786 milliseconds in repetition 252
Round trip time was 25.533 milliseconds in repetition 253
Round trip time was 25.046 milliseconds in repetition 254
Round trip time was 25.141 milliseconds in repetition 255
Round trip time was 25.255 milliseconds in repetition 256
Round trip time was 24.674 milliseconds in repetition 257
Round trip time was 24.534 milliseconds in repetition 258
Round trip time was 24.965 milliseconds in repetition 259
Round trip time was 28.608 milliseconds in repetition 260
Round trip time was 27.924 milliseconds in repetition 261
Round trip time was 25.033 milliseconds in repetition 262
Round trip time was 25.550 milliseconds in repetition 263
Round trip time was 25.186 milliseconds in repetition 264
Round trip time was 25.167 milliseconds in repetition 265
Round trip time was 25.463 milliseconds in repetition 266
Round trip time was 28.674 milliseconds in repetition 267
Round trip time was 24.732 milliseconds in repetition 268
Round trip time was 25.047 milliseconds in repetition 269
Round trip time was 24.882 milliseconds in repetition 270
Round trip time was 24.711 milliseconds in repetition 271
Round trip time was 24.990 milliseconds in repetition 272
Round trip time was 24.963 milliseconds in repetition 273
Round trip time was 24.873 milliseconds in repetition 274
Round trip time was 25.957 milliseconds in repetition 275
Round trip time was 24.999 milliseconds in repetition 276
Round trip time was 24.984 milliseconds in repetition 277
Round trip time was 25.116 milliseconds in repetition 278
Round trip time was 24.851 milliseconds in repetition 279
Round trip time was 25.139 milliseconds in repetition 280
Round trip time was 24.691 milliseconds in repetition 281
Round trip time was 25.072 milliseconds in repetition 282
Round trip time was 24.867 milliseconds in repetition 283
Round trip time was 24.815 milliseconds in repetition 284
Round trip time was 29.846 milliseconds in repetition 285
Round trip time was 24.785 milliseconds in repetition 286
Round trip time was 25.944 milliseconds in repetition 287
Round trip time was 26.380 milliseconds in repetition 288
Round trip time was 24.957 milliseconds in repetition 289
Round trip time was 25.249 milliseconds in repetition 290
Round trip time was 24.772 milliseconds in repetition 291
Round trip time was 25.383 milliseconds in repetition 292
Round trip time was 25.122 milliseconds in repetition 293
Round trip time was 27.074 milliseconds in repetition 294
Round trip time was 25.201 milliseconds in repetition 295
Round trip time was 25.571 milliseconds in repetition 296
Round trip time was 27.304 milliseconds in repetition 297
Round trip time was 26.015 milliseconds in repetition 298
Round trip time was 26.208 milliseconds in repetition 299
Round trip time was 25.775 milliseconds in repetition 300
Round trip time was 25.386 milliseconds in repetition 301
Round trip time was 25.150 milliseconds in repetition 302
Round trip time was 24.955 milliseconds in repetition 303
Round trip time was 25.734 milliseconds in repetition 304
Round trip time was 25.863 milliseconds in repetition 305
Round trip time was 29.802 milliseconds in repetition 306
Round trip time was 24.885 milliseconds in repetition 307
Round trip time was 24.796 milliseconds in repetition 308
Round trip time was 24.876 milliseconds in repetition 309
Round trip time was 25.069 milliseconds in repetition 310
Round trip time was 24.864 milliseconds in repetition 311
Round trip time was 27.399 milliseconds in repetition 312
Round trip time was 29.900 milliseconds in repetition 313
Round trip time was 25.319 milliseconds in repetition 314
Round trip time was 37.522 milliseconds in repetition 315
Round trip time was 25.262 milliseconds in repetition 316
Round trip time was 24.971 milliseconds in repetition 317
Round trip time was 24.710 milliseconds in repetition 318
Round trip time was 24.753 milliseconds in repetition 319
Round trip time was 24.860 milliseconds in repetition 320
Round trip time was 24.713 milliseconds in repetition 321
Round trip time was 24.844 milliseconds in repetition 322
Round trip time was 24.821 milliseconds in repetition 323
Round trip time was 24.840 milliseconds in repetition 324
Round trip time was 25.118 milliseconds in repetition 325
Round trip time was 25.168 milliseconds in repetition 326
Round trip time was 67.772 milliseconds in repetition 327
Round trip time was 29.418 milliseconds in repetition 328
Round trip time was 25.059 milliseconds in repetition 329
Round trip time was 27.935 milliseconds in repetition 330
Round trip time was 25.664 milliseconds in repetition 331
Round trip time was 24.751 milliseconds in repetition 332
Round trip time was 25.051 milliseconds in repetition 333
Round trip time was 26.023 milliseconds in repetition 334
Round trip time was 25.776 milliseconds in repetition 335
Round trip time was 25.867 milliseconds in repetition 336
Round trip time was 25.466 milliseconds in repetition 337
Round trip time was 29.680 milliseconds in repetition 338
Round trip time was 25.661 milliseconds in repetition 339
Round trip time was 25.669 milliseconds in repetition 340
Round trip time was 25.244 milliseconds in repetition 341
Round trip time was 25.536 milliseconds in repetition 342
Round trip time was 26.081 milliseconds in repetition 343
Round trip time was 26.866 milliseconds in repetition 344
Round trip time was 26.557 milliseconds in repetition 345
Round trip time was 25.294 milliseconds in repetition 346
Round trip time was 25.454 milliseconds in repetition 347
Round trip time was 25.753 milliseconds in repetition 348
Round trip time was 25.672 milliseconds in repetition 349
Round trip time was 25.127 milliseconds in repetition 350
Round trip time was 26.060 milliseconds in repetition 351
Round trip time was 26.787 milliseconds in repetition 352
Round trip time was 26.578 milliseconds in repetition 353
Round trip time was 25.246 milliseconds in repetition 354
Round trip time was 25.298 milliseconds in repetition 355
Round trip time was 27.632 milliseconds in repetition 356
Round trip time was 25.068 milliseconds in repetition 357
Round trip time was 25.855 milliseconds in repetition 358
Round trip time was 24.791 milliseconds in repetition 359
Round trip time was 26.030 milliseconds in repetition 360
Round trip time was 29.951 milliseconds in repetition 361
Round trip time was 25.242 milliseconds in repetition 362
Round trip time was 25.148 milliseconds in repetition 363
Round trip time was 26.355 milliseconds in repetition 364
Round trip time was 25.269 milliseconds in repetition 365
Round trip time was 25.717 milliseconds in repetition 366
Round trip time was 25.233 milliseconds in repetition 367
Round trip time was 26.021 milliseconds in repetition 368
Round trip time was 25.820 milliseconds in repetition 369
Round trip time was 30.622 milliseconds in repetition 370
Round trip time was 25.436 milliseconds in repetition 371
Round trip time was 25.998 milliseconds in repetition 372
Round trip time was 25.434 milliseconds in repetition 373
Round trip time was 27.286 milliseconds in repetition 374
Round trip time was 25.902 milliseconds in repetition 375
Round trip time was 24.790 milliseconds in repetition 376
Round trip time was 25.430 milliseconds in repetition 377
Round trip time was 26.300 milliseconds in repetition 378
Round trip time was 24.932 milliseconds in repetition 379
Round trip time was 25.171 milliseconds in repetition 380
Round trip time was 25.561 milliseconds in repetition 381
Round trip time was 25.605 milliseconds in repetition 382
Round trip time was 25.200 milliseconds in repetition 383
Round trip time was 25.144 milliseconds in repetition 384
Round trip time was 25.650 milliseconds in repetition 385
Round trip time was 26.149 milliseconds in repetition 386
Round trip time was 26.226 milliseconds in repetition 387
Round trip time was 26.007 milliseconds in repetition 388
Round trip time was 27.780 milliseconds in repetition 389
Round trip time was 27.435 milliseconds in repetition 390
Round trip time was 25.537 milliseconds in repetition 391
Round trip time was 25.133 milliseconds in repetition 392
Round trip time was 25.086 milliseconds in repetition 393
Round trip time was 24.960 milliseconds in repetition 394
Round trip time was 25.070 milliseconds in repetition 395
Round trip time was 25.811 milliseconds in repetition 396
Round trip time was 26.110 milliseconds in repetition 397
Round trip time was 25.530 milliseconds in repetition 398
Round trip time was 26.255 milliseconds in repetition 399
Round trip time was 25.077 milliseconds in repetition 400
Round trip time was 29.859 milliseconds in repetition 401
Round trip time was 52.358 milliseconds in repetition 402
Round trip time was 38.469 milliseconds in repetition 403
Round trip time was 26.995 milliseconds in repetition 404
Round trip time was 27.155 milliseconds in repetition 405
Round trip time was 25.770 milliseconds in repetition 406
Round trip time was 25.482 milliseconds in repetition 407
Round trip time was 25.628 milliseconds in repetition 408
Round trip time was 25.899 milliseconds in repetition 409
Round trip time was 25.198 milliseconds in repetition 410
Round trip time was 25.116 milliseconds in repetition 411
Round trip time was 25.000 milliseconds in repetition 412
Round trip time was 25.291 milliseconds in repetition 413
Round trip time was 25.191 milliseconds in repetition 414
Round trip time was 24.960 milliseconds in repetition 415
Round trip time was 24.738 milliseconds in repetition 416
Round trip time was 25.192 milliseconds in repetition 417
Round trip time was 25.068 milliseconds in repetition 418
Round trip time was 25.400 milliseconds in repetition 419
Round trip time was 25.014 milliseconds in repetition 420
Round trip time was 26.651 milliseconds in repetition 421
Round trip time was 29.874 milliseconds in repetition 422
Round trip time was 24.808 milliseconds in repetition 423
Round trip time was 26.525 milliseconds in repetition 424
Round trip time was 26.915 milliseconds in repetition 425
Round trip time was 25.059 milliseconds in repetition 426
Round trip time was 25.462 milliseconds in repetition 427
Round trip time was 26.103 milliseconds in repetition 428
Round trip time was 26.324 milliseconds in repetition 429
Round trip time was 33.702 milliseconds in repetition 430
Round trip time was 25.701 milliseconds in repetition 431
Round trip time was 25.475 milliseconds in repetition 432
Round trip time was 30.536 milliseconds in repetition 433
Round trip time was 28.739 milliseconds in repetition 434
Round trip time was 25.337 milliseconds in repetition 435
Round trip time was 25.207 milliseconds in repetition 436
Round trip time was 26.172 milliseconds in repetition 437
Round trip time was 25.343 milliseconds in repetition 438
Round trip time was 25.657 milliseconds in repetition 439
Round trip time was 24.858 milliseconds in repetition 440
Round trip time was 26.489 milliseconds in repetition 441
Round trip time was 27.948 milliseconds in repetition 442
Round trip time was 26.422 milliseconds in repetition 443
Round trip time was 25.522 milliseconds in repetition 444
Round trip time was 24.987 milliseconds in repetition 445
Round trip time was 27.354 milliseconds in repetition 446
Round trip time was 25.738 milliseconds in repetition 447
Round trip time was 29.835 milliseconds in repetition 448
Round trip time was 26.931 milliseconds in repetition 449
Round trip time was 25.345 milliseconds in repetition 450
Round trip time was 25.377 milliseconds in repetition 451
Round trip time was 28.880 milliseconds in repetition 452
Round trip time was 27.443 milliseconds in repetition 453
Round trip time was 25.869 milliseconds in repetition 454
Round trip time was 25.186 milliseconds in repetition 455
Round trip time was 26.225 milliseconds in repetition 456
Round trip time was 25.802 milliseconds in repetition 457
Round trip time was 25.009 milliseconds in repetition 458
Round trip time was 25.162 milliseconds in repetition 459
Round trip time was 25.118 milliseconds in repetition 460
Round trip time was 25.542 milliseconds in repetition 461
Round trip time was 25.150 milliseconds in repetition 462
Round trip time was 26.352 milliseconds in repetition 463
Round trip time was 26.295 milliseconds in repetition 464
Round trip time was 25.682 milliseconds in repetition 465
Round trip time was 26.472 milliseconds in repetition 466
Round trip time was 25.372 milliseconds in repetition 467
Round trip time was 25.520 milliseconds in repetition 468
Round trip time was 25.081 milliseconds in repetition 469
Round trip time was 25.225 milliseconds in repetition 470
Round trip time was 24.977 milliseconds in repetition 471
Round trip time was 25.708 milliseconds in repetition 472
Round trip time was 26.040 milliseconds in repetition 473
Round trip time was 26.609 milliseconds in repetition 474
Round trip time was 25.893 milliseconds in repetition 475
Round trip time was 25.041 milliseconds in repetition 476
Round trip time was 25.847 milliseconds in repetition 477
Round trip time was 25.989 milliseconds in repetition 478
Round trip time was 25.368 milliseconds in repetition 479
Round trip time was 26.582 milliseconds in repetition 480
Round trip time was 25.198 milliseconds in repetition 481
Round trip time was 25.216 milliseconds in repetition 482
Round trip time was 25.253 milliseconds in repetition 483
Round trip time was 25.086 milliseconds in repetition 484
Round trip time was 24.839 milliseconds in repetition 485
Round trip time was 25.131 milliseconds in repetition 486
Round trip time was 25.245 milliseconds in repetition 487
Round trip time was 25.637 milliseconds in repetition 488
Round trip time was 24.823 milliseconds in repetition 489
Round trip time was 25.025 milliseconds in repetition 490
Round trip time was 25.796 milliseconds in repetition 491
Round trip time was 24.898 milliseconds in repetition 492
Round trip time was 25.437 milliseconds in repetition 493
Round trip time was 24.923 milliseconds in repetition 494
Round trip time was 25.435 milliseconds in repetition 495
Round trip time was 26.603 milliseconds in repetition 496
Round trip time was 25.155 milliseconds in repetition 497
Round trip time was 25.432 milliseconds in repetition 498
Round trip time was 24.878 milliseconds in repetition 499
Round trip time was 24.988 milliseconds in repetition 500
Round trip time was 24.817 milliseconds in repetition 501

 ... clock resolution was 1e-06
UDP Ping:  Statistics over 501 repetitions of 64 byte messages

RTT : percentile 10: 24.8445, median: 25.3862, percentile 90: 27.3472, average: 26.0285, variance: 7.93846

RTT histogram:
24.5341 298
26.6959 163
28.8578 27
31.0197 4
33.1815 3
35.3434 1
37.5053 2
39.6672 0
41.829 0
43.9909 1
46.1528 0
48.3147 0
50.4765 0
52.6384 1
54.8003 0
56.9622 0
59.124 0
61.2859 0
63.4478 0
65.6096 0
67.7715 1

   median Throughput : 5.04212 KB/s   overall Throughput : 4.91769 KB/s

