UDP Ping trying to connect to server seti.dibris.unige.it (130.251.61.30) on TCP port 1491
 ... connected to Pong server: asking for 501 repetitions of 256 _bytes UDP messages
 ... Pong server agreed to ping-pong using port 49152 :-)
Round trip time was 32.453 milliseconds in repetition 1
Round trip time was 26.055 milliseconds in repetition 2
Round trip time was 26.037 milliseconds in repetition 3
Round trip time was 25.920 milliseconds in repetition 4
Round trip time was 26.277 milliseconds in repetition 5
Round trip time was 27.668 milliseconds in repetition 6
Round trip time was 25.983 milliseconds in repetition 7
Round trip time was 25.585 milliseconds in repetition 8
Round trip time was 67.618 milliseconds in repetition 9
Round trip time was 28.066 milliseconds in repetition 10
Round trip time was 25.509 milliseconds in repetition 11
Round trip time was 38.108 milliseconds in repetition 12
Round trip time was 26.719 milliseconds in repetition 13
Round trip time was 25.983 milliseconds in repetition 14
Round trip time was 26.282 milliseconds in repetition 15
Round trip time was 25.544 milliseconds in repetition 16
Round trip time was 27.914 milliseconds in repetition 17
Round trip time was 28.206 milliseconds in repetition 18
Round trip time was 26.018 milliseconds in repetition 19
Round trip time was 25.666 milliseconds in repetition 20
Round trip time was 25.071 milliseconds in repetition 21
Round trip time was 25.002 milliseconds in repetition 22
Round trip time was 24.857 milliseconds in repetition 23
Round trip time was 24.994 milliseconds in repetition 24
Round trip time was 24.950 milliseconds in repetition 25
Round trip time was 25.007 milliseconds in repetition 26
Round trip time was 24.894 milliseconds in repetition 27
Round trip time was 25.612 milliseconds in repetition 28
Round trip time was 27.575 milliseconds in repetition 29
Round trip time was 26.176 milliseconds in repetition 30
Round trip time was 26.251 milliseconds in repetition 31
Round trip time was 27.657 milliseconds in repetition 32
Round trip time was 26.775 milliseconds in repetition 33
Round trip time was 27.294 milliseconds in repetition 34
Round trip time was 27.231 milliseconds in repetition 35
Round trip time was 26.669 milliseconds in repetition 36
Round trip time was 25.607 milliseconds in repetition 37
Round trip time was 25.271 milliseconds in repetition 38
Round trip time was 26.086 milliseconds in repetition 39
Round trip time was 25.211 milliseconds in repetition 40
Round trip time was 25.426 milliseconds in repetition 41
Round trip time was 25.273 milliseconds in repetition 42
Round trip time was 25.553 milliseconds in repetition 43
Round trip time was 25.040 milliseconds in repetition 44
Round trip time was 24.883 milliseconds in repetition 45
Round trip time was 25.176 milliseconds in repetition 46
Round trip time was 25.338 milliseconds in repetition 47
Round trip time was 25.393 milliseconds in repetition 48
Round trip time was 25.192 milliseconds in repetition 49
Round trip time was 25.017 milliseconds in repetition 50
Round trip time was 39.983 milliseconds in repetition 51
Round trip time was 25.594 milliseconds in repetition 52
Round trip time was 25.715 milliseconds in repetition 53
Round trip time was 28.210 milliseconds in repetition 54
Round trip time was 25.195 milliseconds in repetition 55
Round trip time was 26.113 milliseconds in repetition 56
Round trip time was 25.206 milliseconds in repetition 57
Round trip time was 25.041 milliseconds in repetition 58
Round trip time was 25.656 milliseconds in repetition 59
Round trip time was 25.743 milliseconds in repetition 60
Round trip time was 34.601 milliseconds in repetition 61
Round trip time was 25.538 milliseconds in repetition 62
Round trip time was 25.044 milliseconds in repetition 63
Round trip time was 26.182 milliseconds in repetition 64
Round trip time was 25.142 milliseconds in repetition 65
Round trip time was 25.817 milliseconds in repetition 66
Round trip time was 24.911 milliseconds in repetition 67
Round trip time was 25.172 milliseconds in repetition 68
Round trip time was 25.688 milliseconds in repetition 69
Round trip time was 25.285 milliseconds in repetition 70
Round trip time was 24.938 milliseconds in repetition 71
Round trip time was 27.233 milliseconds in repetition 72
Round trip time was 25.108 milliseconds in repetition 73
Round trip time was 26.438 milliseconds in repetition 74
Round trip time was 25.940 milliseconds in repetition 75
Round trip time was 25.854 milliseconds in repetition 76
Round trip time was 25.492 milliseconds in repetition 77
Round trip time was 26.592 milliseconds in repetition 78
Round trip time was 25.688 milliseconds in repetition 79
Round trip time was 25.010 milliseconds in repetition 80
Round trip time was 25.184 milliseconds in repetition 81
Round trip time was 25.926 milliseconds in repetition 82
Round trip time was 25.039 milliseconds in repetition 83
Round trip time was 25.192 milliseconds in repetition 84
Round trip time was 25.708 milliseconds in repetition 85
Round trip time was 25.639 milliseconds in repetition 86
Round trip time was 26.811 milliseconds in repetition 87
Round trip time was 25.386 milliseconds in repetition 88
Round trip time was 25.124 milliseconds in repetition 89
Round trip time was 24.761 milliseconds in repetition 90
Round trip time was 24.955 milliseconds in repetition 91
Round trip time was 24.812 milliseconds in repetition 92
Round trip time was 24.976 milliseconds in repetition 93
Round trip time was 24.944 milliseconds in repetition 94
Round trip time was 24.864 milliseconds in repetition 95
Round trip time was 24.777 milliseconds in repetition 96
Round trip time was 25.226 milliseconds in repetition 97
Round trip time was 25.476 milliseconds in repetition 98
Round trip time was 25.351 milliseconds in repetition 99
Round trip time was 25.576 milliseconds in repetition 100
Round trip time was 25.398 milliseconds in repetition 101
Round trip time was 25.209 milliseconds in repetition 102
Round trip time was 24.762 milliseconds in repetition 103
Round trip time was 24.762 milliseconds in repetition 104
Round trip time was 25.187 milliseconds in repetition 105
Round trip time was 24.870 milliseconds in repetition 106
Round trip time was 25.426 milliseconds in repetition 107
Round trip time was 24.869 milliseconds in repetition 108
Round trip time was 25.089 milliseconds in repetition 109
Round trip time was 25.863 milliseconds in repetition 110
Round trip time was 28.238 milliseconds in repetition 111
Round trip time was 25.108 milliseconds in repetition 112
Round trip time was 25.719 milliseconds in repetition 113
Round trip time was 25.050 milliseconds in repetition 114
Round trip time was 25.059 milliseconds in repetition 115
Round trip time was 25.368 milliseconds in repetition 116
Round trip time was 25.069 milliseconds in repetition 117
Round trip time was 24.915 milliseconds in repetition 118
Round trip time was 25.511 milliseconds in repetition 119
Round trip time was 25.899 milliseconds in repetition 120
Round trip time was 24.814 milliseconds in repetition 121
Round trip time was 25.557 milliseconds in repetition 122
Round trip time was 25.413 milliseconds in repetition 123
Round trip time was 25.255 milliseconds in repetition 124
Round trip time was 25.556 milliseconds in repetition 125
Round trip time was 25.416 milliseconds in repetition 126
Round trip time was 26.388 milliseconds in repetition 127
Round trip time was 24.875 milliseconds in repetition 128
Round trip time was 26.082 milliseconds in repetition 129
Round trip time was 25.449 milliseconds in repetition 130
Round trip time was 25.422 milliseconds in repetition 131
Round trip time was 25.155 milliseconds in repetition 132
Round trip time was 25.654 milliseconds in repetition 133
Round trip time was 25.630 milliseconds in repetition 134
Round trip time was 25.672 milliseconds in repetition 135
Round trip time was 25.576 milliseconds in repetition 136
Round trip time was 25.611 milliseconds in repetition 137
Round trip time was 24.855 milliseconds in repetition 138
Round trip time was 25.198 milliseconds in repetition 139
Round trip time was 25.117 milliseconds in repetition 140
Round trip time was 25.170 milliseconds in repetition 141
Round trip time was 26.211 milliseconds in repetition 142
Round trip time was 25.509 milliseconds in repetition 143
Round trip time was 24.996 milliseconds in repetition 144
Round trip time was 25.327 milliseconds in repetition 145
Round trip time was 26.361 milliseconds in repetition 146
Round trip time was 24.625 milliseconds in repetition 147
Round trip time was 25.268 milliseconds in repetition 148
Round trip time was 27.015 milliseconds in repetition 149
Round trip time was 25.648 milliseconds in repetition 150
Round trip time was 24.904 milliseconds in repetition 151
Round trip time was 24.921 milliseconds in repetition 152
Round trip time was 25.040 milliseconds in repetition 153
Round trip time was 25.172 milliseconds in repetition 154
Round trip time was 24.922 milliseconds in repetition 155
Round trip time was 25.190 milliseconds in repetition 156
Round trip time was 26.746 milliseconds in repetition 157
Round trip time was 24.830 milliseconds in repetition 158
Round trip time was 24.741 milliseconds in repetition 159
Round trip time was 24.831 milliseconds in repetition 160
Round trip time was 24.954 milliseconds in repetition 161
Round trip time was 24.850 milliseconds in repetition 162
Round trip time was 24.713 milliseconds in repetition 163
Round trip time was 24.752 milliseconds in repetition 164
Round trip time was 26.013 milliseconds in repetition 165
Round trip time was 24.777 milliseconds in repetition 166
Round trip time was 24.912 milliseconds in repetition 167
Round trip time was 25.096 milliseconds in repetition 168
Round trip time was 25.894 milliseconds in repetition 169
Round trip time was 24.944 milliseconds in repetition 170
Round trip time was 24.863 milliseconds in repetition 171
Round trip time was 24.807 milliseconds in repetition 172
Round trip time was 25.057 milliseconds in repetition 173
Round trip time was 25.268 milliseconds in repetition 174
Round trip time was 31.132 milliseconds in repetition 175
Round trip time was 25.122 milliseconds in repetition 176
Round trip time was 27.140 milliseconds in repetition 177
Round trip time was 25.566 milliseconds in repetition 178
Round trip time was 24.629 milliseconds in repetition 179
Round trip time was 25.023 milliseconds in repetition 180
Round trip time was 24.966 milliseconds in repetition 181
Round trip time was 25.183 milliseconds in repetition 182
Round trip time was 25.117 milliseconds in repetition 183
Round trip time was 25.066 milliseconds in repetition 184
Round trip time was 25.068 milliseconds in repetition 185
Round trip time was 24.990 milliseconds in repetition 186
Round trip time was 25.729 milliseconds in repetition 187
Round trip time was 24.686 milliseconds in repetition 188
Round trip time was 25.004 milliseconds in repetition 189
Round trip time was 24.892 milliseconds in repetition 190
Round trip time was 24.945 milliseconds in repetition 191
Round trip time was 24.920 milliseconds in repetition 192
Round trip time was 24.807 milliseconds in repetition 193
Round trip time was 25.140 milliseconds in repetition 194
Round trip time was 25.188 milliseconds in repetition 195
Round trip time was 24.862 milliseconds in repetition 196
Round trip time was 24.912 milliseconds in repetition 197
Round trip time was 24.799 milliseconds in repetition 198
Round trip time was 24.875 milliseconds in repetition 199
Round trip time was 25.072 milliseconds in repetition 200
Round trip time was 26.068 milliseconds in repetition 201
Round trip time was 24.929 milliseconds in repetition 202
Round trip time was 24.887 milliseconds in repetition 203
Round trip time was 25.105 milliseconds in repetition 204
Round trip time was 25.050 milliseconds in repetition 205
Round trip time was 24.828 milliseconds in repetition 206
Round trip time was 24.998 milliseconds in repetition 207
Round trip time was 25.241 milliseconds in repetition 208
Round trip time was 25.091 milliseconds in repetition 209
Round trip time was 24.780 milliseconds in repetition 210
Round trip time was 24.944 milliseconds in repetition 211
Round trip time was 24.932 milliseconds in repetition 212
Round trip time was 25.305 milliseconds in repetition 213
Round trip time was 25.021 milliseconds in repetition 214
Round trip time was 24.933 milliseconds in repetition 215
Round trip time was 24.948 milliseconds in repetition 216
Round trip time was 24.825 milliseconds in repetition 217
Round trip time was 25.023 milliseconds in repetition 218
Round trip time was 25.059 milliseconds in repetition 219
Round trip time was 25.679 milliseconds in repetition 220
Round trip time was 24.681 milliseconds in repetition 221
Round trip time was 25.013 milliseconds in repetition 222
Round trip time was 34.600 milliseconds in repetition 223
Round trip time was 26.291 milliseconds in repetition 224
Round trip time was 25.193 milliseconds in repetition 225
Round trip time was 25.353 milliseconds in repetition 226
Round trip time was 26.022 milliseconds in repetition 227
Round trip time was 25.074 milliseconds in repetition 228
Round trip time was 24.863 milliseconds in repetition 229
Round trip time was 25.295 milliseconds in repetition 230
Round trip time was 25.321 milliseconds in repetition 231
Round trip time was 25.667 milliseconds in repetition 232
Round trip time was 25.076 milliseconds in repetition 233
Round trip time was 24.837 milliseconds in repetition 234
Round trip time was 25.219 milliseconds in repetition 235
Round trip time was 24.924 milliseconds in repetition 236
Round trip time was 24.950 milliseconds in repetition 237
Round trip time was 25.070 milliseconds in repetition 238
Round trip time was 24.847 milliseconds in repetition 239
Round trip time was 26.115 milliseconds in repetition 240
Round trip time was 27.606 milliseconds in repetition 241
Round trip time was 28.700 milliseconds in repetition 242
Round trip time was 25.606 milliseconds in repetition 243
Round trip time was 25.234 milliseconds in repetition 244
Round trip time was 25.594 milliseconds in repetition 245
Round trip time was 24.915 milliseconds in repetition 246
Round trip time was 26.635 milliseconds in repetition 247
Round trip time was 29.087 milliseconds in repetition 248
Round trip time was 25.628 milliseconds in repetition 249
Round trip time was 24.841 milliseconds in repetition 250
Round trip time was 24.819 milliseconds in repetition 251
Round trip time was 24.796 milliseconds in repetition 252
Round trip time was 26.490 milliseconds in repetition 253
Round trip time was 29.971 milliseconds in repetition 254
Round trip time was 24.898 milliseconds in repetition 255
Round trip time was 26.981 milliseconds in repetition 256
Round trip time was 37.647 milliseconds in repetition 257
Round trip time was 25.037 milliseconds in repetition 258
Round trip time was 26.525 milliseconds in repetition 259
Round trip time was 25.099 milliseconds in repetition 260
Round trip time was 25.636 milliseconds in repetition 261
Round trip time was 25.047 milliseconds in repetition 262
Round trip time was 24.912 milliseconds in repetition 263
Round trip time was 25.431 milliseconds in repetition 264
Round trip time was 26.207 milliseconds in repetition 265
Round trip time was 27.608 milliseconds in repetition 266
Round trip time was 25.362 milliseconds in repetition 267
Round trip time was 27.855 milliseconds in repetition 268
Round trip time was 26.332 milliseconds in repetition 269
Round trip time was 24.672 milliseconds in repetition 270
Round trip time was 25.117 milliseconds in repetition 271
Round trip time was 25.464 milliseconds in repetition 272
Round trip time was 25.191 milliseconds in repetition 273
Round trip time was 25.702 milliseconds in repetition 274
Round trip time was 24.814 milliseconds in repetition 275
Round trip time was 25.089 milliseconds in repetition 276
Round trip time was 25.352 milliseconds in repetition 277
Round trip time was 24.846 milliseconds in repetition 278
Round trip time was 25.384 milliseconds in repetition 279
Round trip time was 25.140 milliseconds in repetition 280
Round trip time was 25.738 milliseconds in repetition 281
Round trip time was 27.522 milliseconds in repetition 282
Round trip time was 25.409 milliseconds in repetition 283
Round trip time was 26.136 milliseconds in repetition 284
Round trip time was 28.388 milliseconds in repetition 285
Round trip time was 25.152 milliseconds in repetition 286
Round trip time was 24.865 milliseconds in repetition 287
Round trip time was 25.212 milliseconds in repetition 288
Round trip time was 24.823 milliseconds in repetition 289
Round trip time was 25.136 milliseconds in repetition 290
Round trip time was 25.020 milliseconds in repetition 291
Round trip time was 27.464 milliseconds in repetition 292
Round trip time was 25.206 milliseconds in repetition 293
Round trip time was 25.141 milliseconds in repetition 294
Round trip time was 25.143 milliseconds in repetition 295
Round trip time was 25.610 milliseconds in repetition 296
Round trip time was 28.278 milliseconds in repetition 297
Round trip time was 24.941 milliseconds in repetition 298
Round trip time was 24.990 milliseconds in repetition 299
Round trip time was 26.683 milliseconds in repetition 300
Round trip time was 25.021 milliseconds in repetition 301
Round trip time was 28.637 milliseconds in repetition 302
Round trip time was 25.262 milliseconds in repetition 303
Round trip time was 25.349 milliseconds in repetition 304
Round trip time was 25.355 milliseconds in repetition 305
Round trip time was 24.947 milliseconds in repetition 306
Round trip time was 24.934 milliseconds in repetition 307
Round trip time was 24.818 milliseconds in repetition 308
Round trip time was 28.029 milliseconds in repetition 309
Round trip time was 26.052 milliseconds in repetition 310
Round trip time was 24.753 milliseconds in repetition 311
Round trip time was 26.259 milliseconds in repetition 312
Round trip time was 25.501 milliseconds in repetition 313
Round trip time was 25.643 milliseconds in repetition 314
Round trip time was 25.029 milliseconds in repetition 315
Round trip time was 26.071 milliseconds in repetition 316
Round trip time was 26.403 milliseconds in repetition 317
Round trip time was 24.938 milliseconds in repetition 318
Round trip time was 24.783 milliseconds in repetition 319
Round trip time was 24.882 milliseconds in repetition 320
Round trip time was 25.129 milliseconds in repetition 321
Round trip time was 24.894 milliseconds in repetition 322
Round trip time was 29.346 milliseconds in repetition 323
Round trip time was 25.413 milliseconds in repetition 324
Round trip time was 25.218 milliseconds in repetition 325
Round trip time was 25.424 milliseconds in repetition 326
Round trip time was 25.115 milliseconds in repetition 327
Round trip time was 26.041 milliseconds in repetition 328
Round trip time was 26.326 milliseconds in repetition 329
Round trip time was 25.285 milliseconds in repetition 330
Round trip time was 26.503 milliseconds in repetition 331
Round trip time was 24.766 milliseconds in repetition 332
Round trip time was 25.161 milliseconds in repetition 333
Round trip time was 25.085 milliseconds in repetition 334
Round trip time was 24.987 milliseconds in repetition 335
Round trip time was 25.369 milliseconds in repetition 336
Round trip time was 24.954 milliseconds in repetition 337
Round trip time was 25.158 milliseconds in repetition 338
Round trip time was 25.553 milliseconds in repetition 339
Round trip time was 58.830 milliseconds in repetition 340
Round trip time was 36.728 milliseconds in repetition 341
Round trip time was 25.153 milliseconds in repetition 342
Round trip time was 25.146 milliseconds in repetition 343
Round trip time was 26.036 milliseconds in repetition 344
Round trip time was 26.632 milliseconds in repetition 345
Round trip time was 25.061 milliseconds in repetition 346
Round trip time was 24.692 milliseconds in repetition 347
Round trip time was 25.034 milliseconds in repetition 348
Round trip time was 25.225 milliseconds in repetition 349
Round trip time was 25.173 milliseconds in repetition 350
Round trip time was 25.100 milliseconds in repetition 351
Round trip time was 25.501 milliseconds in repetition 352
Round trip time was 24.984 milliseconds in repetition 353
Round trip time was 24.782 milliseconds in repetition 354
Round trip time was 24.928 milliseconds in repetition 355
Round trip time was 25.498 milliseconds in repetition 356
Round trip time was 25.780 milliseconds in repetition 357
Round trip time was 24.754 milliseconds in repetition 358
Round trip time was 25.985 milliseconds in repetition 359
Round trip time was 24.840 milliseconds in repetition 360
Round trip time was 25.720 milliseconds in repetition 361
Round trip time was 24.928 milliseconds in repetition 362
Round trip time was 24.738 milliseconds in repetition 363
Round trip time was 24.974 milliseconds in repetition 364
Round trip time was 24.808 milliseconds in repetition 365
Round trip time was 26.009 milliseconds in repetition 366
Round trip time was 27.246 milliseconds in repetition 367
Round trip time was 25.336 milliseconds in repetition 368
Round trip time was 24.853 milliseconds in repetition 369
Round trip time was 24.961 milliseconds in repetition 370
Round trip time was 24.819 milliseconds in repetition 371
Round trip time was 24.866 milliseconds in repetition 372
Round trip time was 31.865 milliseconds in repetition 373
Round trip time was 24.983 milliseconds in repetition 374
Round trip time was 24.806 milliseconds in repetition 375
Round trip time was 25.939 milliseconds in repetition 376
Round trip time was 25.112 milliseconds in repetition 377
Round trip time was 25.535 milliseconds in repetition 378
Round trip time was 24.701 milliseconds in repetition 379
Round trip time was 25.492 milliseconds in repetition 380
Round trip time was 25.747 milliseconds in repetition 381
Round trip time was 25.340 milliseconds in repetition 382
Round trip time was 25.143 milliseconds in repetition 383
Round trip time was 25.466 milliseconds in repetition 384
Round trip time was 24.886 milliseconds in repetition 385
Round trip time was 25.173 milliseconds in repetition 386
Round trip time was 25.994 milliseconds in repetition 387
Round trip time was 25.304 milliseconds in repetition 388
Round trip time was 26.613 milliseconds in repetition 389
Round trip time was 25.119 milliseconds in repetition 390
Round trip time was 24.854 milliseconds in repetition 391
Round trip time was 24.766 milliseconds in repetition 392
Round trip time was 24.906 milliseconds in repetition 393
Round trip time was 27.746 milliseconds in repetition 394
Round trip time was 25.622 milliseconds in repetition 395
Round trip time was 25.153 milliseconds in repetition 396
Round trip time was 25.215 milliseconds in repetition 397
Round trip time was 25.805 milliseconds in repetition 398
Round trip time was 27.585 milliseconds in repetition 399
Round trip time was 25.695 milliseconds in repetition 400
Round trip time was 24.908 milliseconds in repetition 401
Round trip time was 24.914 milliseconds in repetition 402
Round trip time was 25.159 milliseconds in repetition 403
Round trip time was 24.919 milliseconds in repetition 404
Round trip time was 24.875 milliseconds in repetition 405
Round trip time was 25.322 milliseconds in repetition 406
Round trip time was 25.058 milliseconds in repetition 407
Round trip time was 25.379 milliseconds in repetition 408
Round trip time was 27.206 milliseconds in repetition 409
Round trip time was 25.741 milliseconds in repetition 410
Round trip time was 25.015 milliseconds in repetition 411
Round trip time was 25.787 milliseconds in repetition 412
Round trip time was 25.530 milliseconds in repetition 413
Round trip time was 24.800 milliseconds in repetition 414
Round trip time was 25.404 milliseconds in repetition 415
Round trip time was 25.124 milliseconds in repetition 416
Round trip time was 25.030 milliseconds in repetition 417
Round trip time was 24.698 milliseconds in repetition 418
Round trip time was 25.467 milliseconds in repetition 419
Round trip time was 24.825 milliseconds in repetition 420
Round trip time was 25.257 milliseconds in repetition 421
Round trip time was 25.874 milliseconds in repetition 422
Round trip time was 25.423 milliseconds in repetition 423
Round trip time was 26.359 milliseconds in repetition 424
Round trip time was 26.123 milliseconds in repetition 425
Round trip time was 24.923 milliseconds in repetition 426
Round trip time was 25.725 milliseconds in repetition 427
Round trip time was 26.531 milliseconds in repetition 428
Round trip time was 25.090 milliseconds in repetition 429
Round trip time was 26.463 milliseconds in repetition 430
Round trip time was 24.885 milliseconds in repetition 431
Round trip time was 24.892 milliseconds in repetition 432
Round trip time was 26.109 milliseconds in repetition 433
Round trip time was 25.166 milliseconds in repetition 434
Round trip time was 25.355 milliseconds in repetition 435
Round trip time was 25.893 milliseconds in repetition 436
Round trip time was 25.116 milliseconds in repetition 437
Round trip time was 25.717 milliseconds in repetition 438
Round trip time was 25.198 milliseconds in repetition 439
Round trip time was 24.982 milliseconds in repetition 440
Round trip time was 25.317 milliseconds in repetition 441
Round trip time was 28.068 milliseconds in repetition 442
Round trip time was 27.845 milliseconds in repetition 443
Round trip time was 25.005 milliseconds in repetition 444
Round trip time was 25.868 milliseconds in repetition 445
Round trip time was 25.123 milliseconds in repetition 446
Round trip time was 25.927 milliseconds in repetition 447
Round trip time was 24.954 milliseconds in repetition 448
Round trip time was 25.143 milliseconds in repetition 449
Round trip time was 28.138 milliseconds in repetition 450
Round trip time was 27.880 milliseconds in repetition 451
Round trip time was 25.352 milliseconds in repetition 452
Round trip time was 26.372 milliseconds in repetition 453
Round trip time was 27.387 milliseconds in repetition 454
Round trip time was 25.188 milliseconds in repetition 455
Round trip time was 25.226 milliseconds in repetition 456
Round trip time was 24.969 milliseconds in repetition 457
Round trip time was 25.424 milliseconds in repetition 458
Round trip time was 24.881 milliseconds in repetition 459
Round trip time was 25.312 milliseconds in repetition 460
Round trip time was 26.117 milliseconds in repetition 461
Round trip time was 25.862 milliseconds in repetition 462
Round trip time was 27.819 milliseconds in repetition 463
Round trip time was 30.780 milliseconds in repetition 464
Round trip time was 31.432 milliseconds in repetition 465
Round trip time was 27.653 milliseconds in repetition 466
Round trip time was 24.861 milliseconds in repetition 467
Round trip time was 24.817 milliseconds in repetition 468
Round trip time was 27.170 milliseconds in repetition 469
Round trip time was 25.186 milliseconds in repetition 470
Round trip time was 26.204 milliseconds in repetition 471
Round trip time was 25.440 milliseconds in repetition 472
Round trip time was 25.486 milliseconds in repetition 473
Round trip time was 25.397 milliseconds in repetition 474
Round trip time was 25.793 milliseconds in repetition 475
Round trip time was 25.604 milliseconds in repetition 476
Round trip time was 25.353 milliseconds in repetition 477
Round trip time was 25.056 milliseconds in repetition 478
Round trip time was 25.167 milliseconds in repetition 479
Round trip time was 25.414 milliseconds in repetition 480
Round trip time was 26.060 milliseconds in repetition 481
Round trip time was 25.463 milliseconds in repetition 482
Round trip time was 25.252 milliseconds in repetition 483
Round trip time was 24.922 milliseconds in repetition 484
Round trip time was 25.111 milliseconds in repetition 485
Round trip time was 25.022 milliseconds in repetition 486
Round trip time was 24.876 milliseconds in repetition 487
Round trip time was 24.953 milliseconds in repetition 488
Round trip time was 24.979 milliseconds in repetition 489
Round trip time was 24.987 milliseconds in repetition 490
Round trip time was 25.602 milliseconds in repetition 491
Round trip time was 25.468 milliseconds in repetition 492
Round trip time was 25.735 milliseconds in repetition 493
Round trip time was 25.470 milliseconds in repetition 494
Round trip time was 24.980 milliseconds in repetition 495
Round trip time was 26.024 milliseconds in repetition 496
Round trip time was 25.730 milliseconds in repetition 497
Round trip time was 24.759 milliseconds in repetition 498
Round trip time was 24.759 milliseconds in repetition 499
Round trip time was 24.838 milliseconds in repetition 500
Round trip time was 24.829 milliseconds in repetition 501

 ... clock resolution was 1e-06
UDP Ping:  Statistics over 501 repetitions of 256 byte messages

RTT : percentile 10: 24.8408, median: 25.2262, percentile 90: 27.0154, average: 25.8712, variance: 8.31641

RTT histogram:
24.6252 359
26.7748 112
28.9245 17
31.0741 4
33.2237 1
35.3734 2
37.523 3
39.6726 1
41.8223 0
43.9719 0
46.1215 0
48.2712 0
50.4208 0
52.5704 0
54.7201 0
56.8697 0
59.0193 1
61.1689 0
63.3186 0
65.4682 0
67.6178 1

   median Throughput : 20.2964 KB/s   overall Throughput : 19.7903 KB/s

