UDP Ping trying to connect to server seti.dibris.unige.it (130.251.61.30) on TCP port 1491
 ... connected to Pong server: asking for 501 repetitions of 384 _bytes UDP messages
 ... Pong server agreed to ping-pong using port 49152 :-)
Round trip time was 32.353 milliseconds in repetition 1
Round trip time was 26.372 milliseconds in repetition 2
Round trip time was 25.886 milliseconds in repetition 3
Round trip time was 25.851 milliseconds in repetition 4
Round trip time was 26.043 milliseconds in repetition 5
Round trip time was 25.761 milliseconds in repetition 6
Round trip time was 26.132 milliseconds in repetition 7
Round trip time was 25.785 milliseconds in repetition 8
Round trip time was 26.153 milliseconds in repetition 9
Round trip time was 25.829 milliseconds in repetition 10
Round trip time was 26.162 milliseconds in repetition 11
Round trip time was 26.389 milliseconds in repetition 12
Round trip time was 26.262 milliseconds in repetition 13
Round trip time was 26.084 milliseconds in repetition 14
Round trip time was 25.837 milliseconds in repetition 15
Round trip time was 25.612 milliseconds in repetition 16
Round trip time was 25.526 milliseconds in repetition 17
Round trip time was 25.850 milliseconds in repetition 18
Round trip time was 25.698 milliseconds in repetition 19
Round trip time was 27.718 milliseconds in repetition 20
Round trip time was 31.495 milliseconds in repetition 21
Round trip time was 27.458 milliseconds in repetition 22
Round trip time was 26.116 milliseconds in repetition 23
Round trip time was 25.551 milliseconds in repetition 24
Round trip time was 26.579 milliseconds in repetition 25
Round trip time was 25.026 milliseconds in repetition 26
Round trip time was 25.054 milliseconds in repetition 27
Round trip time was 28.312 milliseconds in repetition 28
Round trip time was 25.936 milliseconds in repetition 29
Round trip time was 27.799 milliseconds in repetition 30
Round trip time was 27.488 milliseconds in repetition 31
Round trip time was 24.882 milliseconds in repetition 32
Round trip time was 28.605 milliseconds in repetition 33
Round trip time was 25.767 milliseconds in repetition 34
Round trip time was 26.439 milliseconds in repetition 35
Round trip time was 27.243 milliseconds in repetition 36
Round trip time was 25.194 milliseconds in repetition 37
Round trip time was 25.602 milliseconds in repetition 38
Round trip time was 25.562 milliseconds in repetition 39
Round trip time was 26.332 milliseconds in repetition 40
Round trip time was 25.219 milliseconds in repetition 41
Round trip time was 25.404 milliseconds in repetition 42
Round trip time was 26.010 milliseconds in repetition 43
Round trip time was 25.793 milliseconds in repetition 44
Round trip time was 24.838 milliseconds in repetition 45
Round trip time was 24.929 milliseconds in repetition 46
Round trip time was 24.874 milliseconds in repetition 47
Round trip time was 24.991 milliseconds in repetition 48
Round trip time was 24.906 milliseconds in repetition 49
Round trip time was 26.736 milliseconds in repetition 50
Round trip time was 26.468 milliseconds in repetition 51
Round trip time was 25.257 milliseconds in repetition 52
Round trip time was 25.440 milliseconds in repetition 53
Round trip time was 26.040 milliseconds in repetition 54
Round trip time was 26.346 milliseconds in repetition 55
Round trip time was 25.273 milliseconds in repetition 56
Round trip time was 25.833 milliseconds in repetition 57
Round trip time was 30.752 milliseconds in repetition 58
Round trip time was 33.392 milliseconds in repetition 59
Round trip time was 24.947 milliseconds in repetition 60
Round trip time was 24.863 milliseconds in repetition 61
Round trip time was 24.997 milliseconds in repetition 62
Round trip time was 25.929 milliseconds in repetition 63
Round trip time was 24.926 milliseconds in repetition 64
Round trip time was 25.690 milliseconds in repetition 65
Round trip time was 24.792 milliseconds in repetition 66
Round trip time was 25.135 milliseconds in repetition 67
Round trip time was 25.283 milliseconds in repetition 68
Round trip time was 28.545 milliseconds in repetition 69
Round trip time was 27.223 milliseconds in repetition 70
Round trip time was 28.010 milliseconds in repetition 71
Round trip time was 26.510 milliseconds in repetition 72
Round trip time was 25.920 milliseconds in repetition 73
Round trip time was 24.830 milliseconds in repetition 74
Round trip time was 25.506 milliseconds in repetition 75
Round trip time was 25.277 milliseconds in repetition 76
Round trip time was 25.112 milliseconds in repetition 77
Round trip time was 25.225 milliseconds in repetition 78
Round trip time was 24.818 milliseconds in repetition 79
Round trip time was 24.940 milliseconds in repetition 80
Round trip time was 25.665 milliseconds in repetition 81
Round trip time was 25.085 milliseconds in repetition 82
Round trip time was 25.128 milliseconds in repetition 83
Round trip time was 25.339 milliseconds in repetition 84
Round trip time was 25.096 milliseconds in repetition 85
Round trip time was 24.828 milliseconds in repetition 86
Round trip time was 25.979 milliseconds in repetition 87
Round trip time was 25.242 milliseconds in repetition 88
Round trip time was 27.879 milliseconds in repetition 89
Round trip time was 28.751 milliseconds in repetition 90
Round trip time was 24.741 milliseconds in repetition 91
Round trip time was 24.805 milliseconds in repetition 92
Round trip time was 25.233 milliseconds in repetition 93
Round trip time was 25.527 milliseconds in repetition 94
Round trip time was 25.474 milliseconds in repetition 95
Round trip time was 25.028 milliseconds in repetition 96
Round trip time was 25.196 milliseconds in repetition 97
Round trip time was 27.080 milliseconds in repetition 98
Round trip time was 25.370 milliseconds in repetition 99
Round trip time was 24.852 milliseconds in repetition 100
Round trip time was 24.890 milliseconds in repetition 101
Round trip time was 24.917 milliseconds in repetition 102
Round trip time was 25.367 milliseconds in repetition 103
Round trip time was 25.367 milliseconds in repetition 104
Round trip time was 24.998 milliseconds in repetition 105
Round trip time was 25.195 milliseconds in repetition 106
Round trip time was 25.085 milliseconds in repetition 107
Round trip time was 24.784 milliseconds in repetition 108
Round trip time was 25.246 milliseconds in repetition 109
Round trip time was 26.091 milliseconds in repetition 110
Round trip time was 25.149 milliseconds in repetition 111
Round trip time was 25.094 milliseconds in repetition 112
Round trip time was 25.003 milliseconds in repetition 113
Round trip time was 26.538 milliseconds in repetition 114
Round trip time was 26.088 milliseconds in repetition 115
Round trip time was 26.078 milliseconds in repetition 116
Round trip time was 26.388 milliseconds in repetition 117
Round trip time was 25.028 milliseconds in repetition 118
Round trip time was 24.750 milliseconds in repetition 119
Round trip time was 25.835 milliseconds in repetition 120
Round trip time was 28.386 milliseconds in repetition 121
Round trip time was 24.988 milliseconds in repetition 122
Round trip time was 28.589 milliseconds in repetition 123
Round trip time was 26.990 milliseconds in repetition 124
Round trip time was 24.889 milliseconds in repetition 125
Round trip time was 24.784 milliseconds in repetition 126
Round trip time was 24.857 milliseconds in repetition 127
Round trip time was 24.820 milliseconds in repetition 128
Round trip time was 25.224 milliseconds in repetition 129
Round trip time was 25.332 milliseconds in repetition 130
Round trip time was 26.654 milliseconds in repetition 131
Round trip time was 24.939 milliseconds in repetition 132
Round trip time was 24.769 milliseconds in repetition 133
Round trip time was 26.825 milliseconds in repetition 134
Round trip time was 24.955 milliseconds in repetition 135
Round trip time was 26.957 milliseconds in repetition 136
Round trip time was 25.282 milliseconds in repetition 137
Round trip time was 25.030 milliseconds in repetition 138
Round trip time was 25.839 milliseconds in repetition 139
Round trip time was 24.844 milliseconds in repetition 140
Round trip time was 26.576 milliseconds in repetition 141
Round trip time was 24.940 milliseconds in repetition 142
Round trip time was 25.132 milliseconds in repetition 143
Round trip time was 31.300 milliseconds in repetition 144
Round trip time was 25.017 milliseconds in repetition 145
Round trip time was 24.750 milliseconds in repetition 146
Round trip time was 26.184 milliseconds in repetition 147
Round trip time was 25.581 milliseconds in repetition 148
Round trip time was 25.189 milliseconds in repetition 149
Round trip time was 25.823 milliseconds in repetition 150
Round trip time was 26.018 milliseconds in repetition 151
Round trip time was 25.603 milliseconds in repetition 152
Round trip time was 24.905 milliseconds in repetition 153
Round trip time was 24.925 milliseconds in repetition 154
Round trip time was 26.139 milliseconds in repetition 155
Round trip time was 25.837 milliseconds in repetition 156
Round trip time was 25.206 milliseconds in repetition 157
Round trip time was 25.496 milliseconds in repetition 158
Round trip time was 25.223 milliseconds in repetition 159
Round trip time was 25.676 milliseconds in repetition 160
Round trip time was 26.778 milliseconds in repetition 161
Round trip time was 25.313 milliseconds in repetition 162
Round trip time was 26.278 milliseconds in repetition 163
Round trip time was 25.937 milliseconds in repetition 164
Round trip time was 25.199 milliseconds in repetition 165
Round trip time was 25.499 milliseconds in repetition 166
Round trip time was 28.359 milliseconds in repetition 167
Round trip time was 25.531 milliseconds in repetition 168
Round trip time was 25.581 milliseconds in repetition 169
Round trip time was 24.894 milliseconds in repetition 170
Round trip time was 26.025 milliseconds in repetition 171
Round trip time was 24.837 milliseconds in repetition 172
Round trip time was 25.034 milliseconds in repetition 173
Round trip time was 25.068 milliseconds in repetition 174
Round trip time was 25.088 milliseconds in repetition 175
Round trip time was 25.145 milliseconds in repetition 176
Round trip time was 25.039 milliseconds in repetition 177
Round trip time was 26.118 milliseconds in repetition 178
Round trip time was 27.442 milliseconds in repetition 179
Round trip time was 25.094 milliseconds in repetition 180
Round trip time was 25.378 milliseconds in repetition 181
Round trip time was 26.211 milliseconds in repetition 182
Round trip time was 25.143 milliseconds in repetition 183
Round trip time was 24.717 milliseconds in repetition 184
Round trip time was 25.059 milliseconds in repetition 185
Round trip time was 25.151 milliseconds in repetition 186
Round trip time was 24.881 milliseconds in repetition 187
Round trip time was 25.333 milliseconds in repetition 188
Round trip time was 25.140 milliseconds in repetition 189
Round trip time was 25.699 milliseconds in repetition 190
Round trip time was 25.379 milliseconds in repetition 191
Round trip time was 25.229 milliseconds in repetition 192
Round trip time was 28.865 milliseconds in repetition 193
Round trip time was 25.921 milliseconds in repetition 194
Round trip time was 28.461 milliseconds in repetition 195
Round trip time was 25.696 milliseconds in repetition 196
Round trip time was 25.064 milliseconds in repetition 197
Round trip time was 25.202 milliseconds in repetition 198
Round trip time was 24.766 milliseconds in repetition 199
Round trip time was 25.264 milliseconds in repetition 200
Round trip time was 25.470 milliseconds in repetition 201
Round trip time was 24.785 milliseconds in repetition 202
Round trip time was 25.193 milliseconds in repetition 203
Round trip time was 24.926 milliseconds in repetition 204
Round trip time was 25.734 milliseconds in repetition 205
Round trip time was 24.948 milliseconds in repetition 206
Round trip time was 25.142 milliseconds in repetition 207
Round trip time was 25.954 milliseconds in repetition 208
Round trip time was 25.825 milliseconds in repetition 209
Round trip time was 25.051 milliseconds in repetition 210
Round trip time was 24.966 milliseconds in repetition 211
Round trip time was 24.855 milliseconds in repetition 212
Round trip time was 24.905 milliseconds in repetition 213
Round trip time was 24.921 milliseconds in repetition 214
Round trip time was 24.962 milliseconds in repetition 215
Round trip time was 25.231 milliseconds in repetition 216
Round trip time was 25.129 milliseconds in repetition 217
Round trip time was 24.902 milliseconds in repetition 218
Round trip time was 25.276 milliseconds in repetition 219
Round trip time was 25.055 milliseconds in repetition 220
Round trip time was 24.932 milliseconds in repetition 221
Round trip time was 25.009 milliseconds in repetition 222
Round trip time was 24.823 milliseconds in repetition 223
Round trip time was 24.957 milliseconds in repetition 224
Round trip time was 24.941 milliseconds in repetition 225
Round trip time was 25.875 milliseconds in repetition 226
Round trip time was 25.362 milliseconds in repetition 227
Round trip time was 28.024 milliseconds in repetition 228
Round trip time was 25.978 milliseconds in repetition 229
Round trip time was 24.844 milliseconds in repetition 230
Round trip time was 24.941 milliseconds in repetition 231
Round trip time was 25.017 milliseconds in repetition 232
Round trip time was 25.446 milliseconds in repetition 233
Round trip time was 25.123 milliseconds in repetition 234
Round trip time was 25.098 milliseconds in repetition 235
Round trip time was 26.036 milliseconds in repetition 236
Round trip time was 24.885 milliseconds in repetition 237
Round trip time was 24.883 milliseconds in repetition 238
Round trip time was 24.833 milliseconds in repetition 239
Round trip time was 25.593 milliseconds in repetition 240
Round trip time was 24.888 milliseconds in repetition 241
Round trip time was 24.937 milliseconds in repetition 242
Round trip time was 24.859 milliseconds in repetition 243
Round trip time was 25.289 milliseconds in repetition 244
Round trip time was 25.021 milliseconds in repetition 245
Round trip time was 24.992 milliseconds in repetition 246
Round trip time was 25.031 milliseconds in repetition 247
Round trip time was 25.158 milliseconds in repetition 248
Round trip time was 25.869 milliseconds in repetition 249
Round trip time was 24.847 milliseconds in repetition 250
Round trip time was 24.905 milliseconds in repetition 251
Round trip time was 25.153 milliseconds in repetition 252
Round trip time was 26.272 milliseconds in repetition 253
Round trip time was 27.885 milliseconds in repetition 254
Round trip time was 24.897 milliseconds in repetition 255
Round trip time was 26.384 milliseconds in repetition 256
Round trip time was 25.943 milliseconds in repetition 257
Round trip time was 24.994 milliseconds in repetition 258
Round trip time was 24.982 milliseconds in repetition 259
Round trip time was 25.422 milliseconds in repetition 260
Round trip time was 25.242 milliseconds in repetition 261
Round trip time was 24.770 milliseconds in repetition 262
Round trip time was 25.083 milliseconds in repetition 263
Round trip time was 25.178 milliseconds in repetition 264
Round trip time was 25.612 milliseconds in repetition 265
Round trip time was 27.768 milliseconds in repetition 266
Round trip time was 25.093 milliseconds in repetition 267
Round trip time was 26.510 milliseconds in repetition 268
Round trip time was 26.710 milliseconds in repetition 269
Round trip time was 25.374 milliseconds in repetition 270
Round trip time was 25.273 milliseconds in repetition 271
Round trip time was 25.132 milliseconds in repetition 272
Round trip time was 25.706 milliseconds in repetition 273
Round trip time was 69.164 milliseconds in repetition 274
Round trip time was 25.710 milliseconds in repetition 275
Round trip time was 25.201 milliseconds in repetition 276
Round trip time was 24.880 milliseconds in repetition 277
Round trip time was 25.482 milliseconds in repetition 278
Round trip time was 25.106 milliseconds in repetition 279
Round trip time was 25.265 milliseconds in repetition 280
Round trip time was 25.450 milliseconds in repetition 281
Round trip time was 24.985 milliseconds in repetition 282
Round trip time was 28.126 milliseconds in repetition 283
Round trip time was 25.739 milliseconds in repetition 284
Round trip time was 26.193 milliseconds in repetition 285
Round trip time was 25.015 milliseconds in repetition 286
Round trip time was 26.692 milliseconds in repetition 287
Round trip time was 27.074 milliseconds in repetition 288
Round trip time was 24.759 milliseconds in repetition 289
Round trip time was 34.474 milliseconds in repetition 290
Round trip time was 28.466 milliseconds in repetition 291
Round trip time was 25.038 milliseconds in repetition 292
Round trip time was 24.820 milliseconds in repetition 293
Round trip time was 25.365 milliseconds in repetition 294
Round trip time was 24.816 milliseconds in repetition 295
Round trip time was 24.903 milliseconds in repetition 296
Round trip time was 25.164 milliseconds in repetition 297
Round trip time was 25.165 milliseconds in repetition 298
Round trip time was 24.988 milliseconds in repetition 299
Round trip time was 24.990 milliseconds in repetition 300
Round trip time was 25.656 milliseconds in repetition 301
Round trip time was 24.772 milliseconds in repetition 302
Round trip time was 25.677 milliseconds in repetition 303
Round trip time was 25.457 milliseconds in repetition 304
Round trip time was 26.014 milliseconds in repetition 305
Round trip time was 28.525 milliseconds in repetition 306
Round trip time was 25.255 milliseconds in repetition 307
Round trip time was 25.269 milliseconds in repetition 308
Round trip time was 25.435 milliseconds in repetition 309
Round trip time was 26.044 milliseconds in repetition 310
Round trip time was 25.263 milliseconds in repetition 311
Round trip time was 24.799 milliseconds in repetition 312
Round trip time was 24.913 milliseconds in repetition 313
Round trip time was 25.030 milliseconds in repetition 314
Round trip time was 25.214 milliseconds in repetition 315
Round trip time was 25.588 milliseconds in repetition 316
Round trip time was 25.286 milliseconds in repetition 317
Round trip time was 28.587 milliseconds in repetition 318
Round trip time was 24.960 milliseconds in repetition 319
Round trip time was 24.894 milliseconds in repetition 320
Round trip time was 24.888 milliseconds in repetition 321
Round trip time was 24.753 milliseconds in repetition 322
Round trip time was 26.600 milliseconds in repetition 323
Round trip time was 25.217 milliseconds in repetition 324
Round trip time was 24.962 milliseconds in repetition 325
Round trip time was 24.933 milliseconds in repetition 326
Round trip time was 25.640 milliseconds in repetition 327
Round trip time was 27.745 milliseconds in repetition 328
Round trip time was 24.914 milliseconds in repetition 329
Round trip time was 25.055 milliseconds in repetition 330
Round trip time was 25.289 milliseconds in repetition 331
Round trip time was 25.393 milliseconds in repetition 332
Round trip time was 24.842 milliseconds in repetition 333
Round trip time was 24.838 milliseconds in repetition 334
Round trip time was 25.626 milliseconds in repetition 335
Round trip time was 24.876 milliseconds in repetition 336
Round trip time was 24.818 milliseconds in repetition 337
Round trip time was 32.119 milliseconds in repetition 338
Round trip time was 27.257 milliseconds in repetition 339
Round trip time was 28.545 milliseconds in repetition 340
Round trip time was 25.028 milliseconds in repetition 341
Round trip time was 26.544 milliseconds in repetition 342
Round trip time was 25.339 milliseconds in repetition 343
Round trip time was 25.401 milliseconds in repetition 344
Round trip time was 25.091 milliseconds in repetition 345
Round trip time was 27.336 milliseconds in repetition 346
Round trip time was 25.062 milliseconds in repetition 347
Round trip time was 25.468 milliseconds in repetition 348
Round trip time was 24.946 milliseconds in repetition 349
Round trip time was 24.856 milliseconds in repetition 350
Round trip time was 25.777 milliseconds in repetition 351
Round trip time was 24.956 milliseconds in repetition 352
Round trip time was 26.364 milliseconds in repetition 353
Round trip time was 26.031 milliseconds in repetition 354
Round trip time was 25.177 milliseconds in repetition 355
Round trip time was 25.654 milliseconds in repetition 356
Round trip time was 26.485 milliseconds in repetition 357
Round trip time was 26.174 milliseconds in repetition 358
Round trip time was 25.213 milliseconds in repetition 359
Round trip time was 24.850 milliseconds in repetition 360
Round trip time was 25.442 milliseconds in repetition 361
Round trip time was 24.904 milliseconds in repetition 362
Round trip time was 25.066 milliseconds in repetition 363
Round trip time was 25.084 milliseconds in repetition 364
Round trip time was 25.201 milliseconds in repetition 365
Round trip time was 26.111 milliseconds in repetition 366
Round trip time was 25.203 milliseconds in repetition 367
Round trip time was 25.615 milliseconds in repetition 368
Round trip time was 26.641 milliseconds in repetition 369
Round trip time was 25.231 milliseconds in repetition 370
Round trip time was 25.221 milliseconds in repetition 371
Round trip time was 25.169 milliseconds in repetition 372
Round trip time was 26.233 milliseconds in repetition 373
Round trip time was 25.246 milliseconds in repetition 374
Round trip time was 25.349 milliseconds in repetition 375
Round trip time was 25.309 milliseconds in repetition 376
Round trip time was 24.925 milliseconds in repetition 377
Round trip time was 26.854 milliseconds in repetition 378
Round trip time was 24.750 milliseconds in repetition 379
Round trip time was 25.414 milliseconds in repetition 380
Round trip time was 25.304 milliseconds in repetition 381
Round trip time was 28.191 milliseconds in repetition 382
Round trip time was 24.934 milliseconds in repetition 383
Round trip time was 25.078 milliseconds in repetition 384
Round trip time was 25.315 milliseconds in repetition 385
Round trip time was 24.636 milliseconds in repetition 386
Round trip time was 25.035 milliseconds in repetition 387
Round trip time was 25.076 milliseconds in repetition 388
Round trip time was 25.510 milliseconds in repetition 389
Round trip time was 25.108 milliseconds in repetition 390
Round trip time was 25.028 milliseconds in repetition 391
Round trip time was 24.766 milliseconds in repetition 392
Round trip time was 24.792 milliseconds in repetition 393
Round trip time was 25.388 milliseconds in repetition 394
Round trip time was 28.967 milliseconds in repetition 395
Round trip time was 25.736 milliseconds in repetition 396
Round trip time was 25.100 milliseconds in repetition 397
Round trip time was 24.839 milliseconds in repetition 398
Round trip time was 24.974 milliseconds in repetition 399
Round trip time was 24.879 milliseconds in repetition 400
Round trip time was 25.083 milliseconds in repetition 401
Round trip time was 24.987 milliseconds in repetition 402
Round trip time was 24.839 milliseconds in repetition 403
Round trip time was 25.993 milliseconds in repetition 404
Round trip time was 26.345 milliseconds in repetition 405
Round trip time was 26.217 milliseconds in repetition 406
Round trip time was 25.023 milliseconds in repetition 407
Round trip time was 24.903 milliseconds in repetition 408
Round trip time was 25.569 milliseconds in repetition 409
Round trip time was 25.477 milliseconds in repetition 410
Round trip time was 26.947 milliseconds in repetition 411
Round trip time was 25.073 milliseconds in repetition 412
Round trip time was 25.129 milliseconds in repetition 413
Round trip time was 24.958 milliseconds in repetition 414
Round trip time was 24.907 milliseconds in repetition 415
Round trip time was 25.383 milliseconds in repetition 416
Round trip time was 25.491 milliseconds in repetition 417
Round trip time was 25.804 milliseconds in repetition 418
Round trip time was 25.589 milliseconds in repetition 419
Round trip time was 25.297 milliseconds in repetition 420
Round trip time was 25.146 milliseconds in repetition 421
Round trip time was 24.871 milliseconds in repetition 422
Round trip time was 24.828 milliseconds in repetition 423
Round trip time was 25.030 milliseconds in repetition 424
Round trip time was 24.776 milliseconds in repetition 425
Round trip time was 26.172 milliseconds in repetition 426
Round trip time was 26.063 milliseconds in repetition 427
Round trip time was 25.304 milliseconds in repetition 428
Round trip time was 25.223 milliseconds in repetition 429
Round trip time was 24.965 milliseconds in repetition 430
Round trip time was 24.878 milliseconds in repetition 431
Round trip time was 24.765 milliseconds in repetition 432
Round trip time was 26.725 milliseconds in repetition 433
Round trip time was 25.401 milliseconds in repetition 434
Round trip time was 25.588 milliseconds in repetition 435
Round trip time was 25.758 milliseconds in repetition 436
Round trip time was 25.301 milliseconds in repetition 437
Round trip time was 25.057 milliseconds in repetition 438
Round trip time was 24.993 milliseconds in repetition 439
Round trip time was 25.381 milliseconds in repetition 440
Round trip time was 24.916 milliseconds in repetition 441
Round trip time was 24.915 milliseconds in repetition 442
Round trip time was 25.523 milliseconds in repetition 443
Round trip time was 26.676 milliseconds in repetition 444
Round trip time was 25.600 milliseconds in repetition 445
Round trip time was 26.502 milliseconds in repetition 446
Round trip time was 25.162 milliseconds in repetition 447
Round trip time was 25.061 milliseconds in repetition 448
Round trip time was 25.750 milliseconds in repetition 449
Round trip time was 24.796 milliseconds in repetition 450
Round trip time was 24.884 milliseconds in repetition 451
Round trip time was 24.960 milliseconds in repetition 452
Round trip time was 24.923 milliseconds in repetition 453
Round trip time was 25.353 milliseconds in repetition 454
Round trip time was 25.391 milliseconds in repetition 455
Round trip time was 25.313 milliseconds in repetition 456
Round trip time was 25.765 milliseconds in repetition 457
Round trip time was 25.280 milliseconds in repetition 458
Round trip time was 25.391 milliseconds in repetition 459
Round trip time was 24.819 milliseconds in repetition 460
Round trip time was 25.174 milliseconds in repetition 461
Round trip time was 25.159 milliseconds in repetition 462
Round trip time was 27.418 milliseconds in repetition 463
Round trip time was 24.720 milliseconds in repetition 464
Round trip time was 25.092 milliseconds in repetition 465
Round trip time was 25.219 milliseconds in repetition 466
Round trip time was 24.788 milliseconds in repetition 467
Round trip time was 24.902 milliseconds in repetition 468
Round trip time was 24.911 milliseconds in repetition 469
Round trip time was 25.031 milliseconds in repetition 470
Round trip time was 25.083 milliseconds in repetition 471
Round trip time was 25.528 milliseconds in repetition 472
Round trip time was 26.035 milliseconds in repetition 473
Round trip time was 24.775 milliseconds in repetition 474
Round trip time was 24.793 milliseconds in repetition 475
Round trip time was 25.039 milliseconds in repetition 476
Round trip time was 25.078 milliseconds in repetition 477
Round trip time was 26.127 milliseconds in repetition 478
Round trip time was 26.582 milliseconds in repetition 479
Round trip time was 24.863 milliseconds in repetition 480
Round trip time was 24.869 milliseconds in repetition 481
Round trip time was 26.236 milliseconds in repetition 482
Round trip time was 26.027 milliseconds in repetition 483
Round trip time was 24.755 milliseconds in repetition 484
Round trip time was 25.111 milliseconds in repetition 485
Round trip time was 24.904 milliseconds in repetition 486
Round trip time was 25.691 milliseconds in repetition 487
Round trip time was 26.379 milliseconds in repetition 488
Round trip time was 24.970 milliseconds in repetition 489
Round trip time was 25.022 milliseconds in repetition 490
Round trip time was 25.029 milliseconds in repetition 491
Round trip time was 25.688 milliseconds in repetition 492
Round trip time was 25.125 milliseconds in repetition 493
Round trip time was 26.245 milliseconds in repetition 494
Round trip time was 28.431 milliseconds in repetition 495
Round trip time was 25.255 milliseconds in repetition 496
Round trip time was 25.116 milliseconds in repetition 497
Round trip time was 25.014 milliseconds in repetition 498
Round trip time was 25.223 milliseconds in repetition 499
Round trip time was 25.419 milliseconds in repetition 500
Round trip time was 28.969 milliseconds in repetition 501

 ... clock resolution was 1e-06
UDP Ping:  Statistics over 501 repetitions of 384 byte messages

RTT : percentile 10: 24.855, median: 25.2545, percentile 90: 26.7362, average: 25.7417, variance: 5.16946

RTT histogram:
24.6356 355
26.862 118
29.0884 20
31.3149 5
33.5413 2
35.7677 0
37.9941 0
40.2206 0
42.447 0
44.6734 0
46.8998 0
49.1263 0
51.3527 0
53.5791 0
55.8055 0
58.032 0
60.2584 0
62.4848 0
64.7112 0
66.9377 0
69.1641 1

   median Throughput : 30.4104 KB/s   overall Throughput : 29.8349 KB/s

