UDP Ping trying to connect to server seti.dibris.unige.it (130.251.61.30) on TCP port 1491
 ... connected to Pong server: asking for 501 repetitions of 128 _bytes UDP messages
 ... Pong server agreed to ping-pong using port 49152 :-)
Round trip time was 29.286 milliseconds in repetition 1
Round trip time was 26.373 milliseconds in repetition 2
Round trip time was 25.438 milliseconds in repetition 3
Round trip time was 25.559 milliseconds in repetition 4
Round trip time was 27.873 milliseconds in repetition 5
Round trip time was 25.983 milliseconds in repetition 6
Round trip time was 33.232 milliseconds in repetition 7
Round trip time was 26.060 milliseconds in repetition 8
Round trip time was 26.483 milliseconds in repetition 9
Round trip time was 26.240 milliseconds in repetition 10
Round trip time was 25.755 milliseconds in repetition 11
Round trip time was 25.807 milliseconds in repetition 12
Round trip time was 27.407 milliseconds in repetition 13
Round trip time was 25.889 milliseconds in repetition 14
Round trip time was 26.210 milliseconds in repetition 15
Round trip time was 26.050 milliseconds in repetition 16
Round trip time was 26.073 milliseconds in repetition 17
Round trip time was 25.585 milliseconds in repetition 18
Round trip time was 25.673 milliseconds in repetition 19
Round trip time was 25.286 milliseconds in repetition 20
Round trip time was 28.156 milliseconds in repetition 21
Round trip time was 26.834 milliseconds in repetition 22
Round trip time was 24.924 milliseconds in repetition 23
Round trip time was 24.886 milliseconds in repetition 24
Round trip time was 25.238 milliseconds in repetition 25
Round trip time was 25.507 milliseconds in repetition 26
Round trip time was 25.238 milliseconds in repetition 27
Round trip time was 26.043 milliseconds in repetition 28
Round trip time was 38.663 milliseconds in repetition 29
Round trip time was 25.582 milliseconds in repetition 30
Round trip time was 25.914 milliseconds in repetition 31
Round trip time was 25.884 milliseconds in repetition 32
Round trip time was 25.952 milliseconds in repetition 33
Round trip time was 27.576 milliseconds in repetition 34
Round trip time was 26.603 milliseconds in repetition 35
Round trip time was 27.347 milliseconds in repetition 36
Round trip time was 24.751 milliseconds in repetition 37
Round trip time was 25.253 milliseconds in repetition 38
Round trip time was 24.879 milliseconds in repetition 39
Round trip time was 25.096 milliseconds in repetition 40
Round trip time was 25.433 milliseconds in repetition 41
Round trip time was 25.768 milliseconds in repetition 42
Round trip time was 24.880 milliseconds in repetition 43
Round trip time was 24.882 milliseconds in repetition 44
Round trip time was 25.310 milliseconds in repetition 45
Round trip time was 26.184 milliseconds in repetition 46
Round trip time was 25.930 milliseconds in repetition 47
Round trip time was 26.210 milliseconds in repetition 48
Round trip time was 25.642 milliseconds in repetition 49
Round trip time was 25.425 milliseconds in repetition 50
Round trip time was 25.891 milliseconds in repetition 51
Round trip time was 26.485 milliseconds in repetition 52
Round trip time was 26.310 milliseconds in repetition 53
Round trip time was 25.288 milliseconds in repetition 54
Round trip time was 24.959 milliseconds in repetition 55
Round trip time was 26.293 milliseconds in repetition 56
Round trip time was 25.413 milliseconds in repetition 57
Round trip time was 25.387 milliseconds in repetition 58
Round trip time was 25.959 milliseconds in repetition 59
Round trip time was 25.181 milliseconds in repetition 60
Round trip time was 25.520 milliseconds in repetition 61
Round trip time was 26.567 milliseconds in repetition 62
Round trip time was 25.660 milliseconds in repetition 63
Round trip time was 25.345 milliseconds in repetition 64
Round trip time was 25.435 milliseconds in repetition 65
Round trip time was 26.929 milliseconds in repetition 66
Round trip time was 25.904 milliseconds in repetition 67
Round trip time was 25.257 milliseconds in repetition 68
Round trip time was 25.212 milliseconds in repetition 69
Round trip time was 39.239 milliseconds in repetition 70
Round trip time was 25.421 milliseconds in repetition 71
Round trip time was 27.146 milliseconds in repetition 72
Round trip time was 30.383 milliseconds in repetition 73
Round trip time was 26.923 milliseconds in repetition 74
Round trip time was 27.807 milliseconds in repetition 75
Round trip time was 25.354 milliseconds in repetition 76
Round trip time was 27.522 milliseconds in repetition 77
Round trip time was 27.202 milliseconds in repetition 78
Round trip time was 26.014 milliseconds in repetition 79
Round trip time was 25.640 milliseconds in repetition 80
Round trip time was 26.176 milliseconds in repetition 81
Round trip time was 25.281 milliseconds in repetition 82
Round trip time was 25.557 milliseconds in repetition 83
Round trip time was 25.371 milliseconds in repetition 84
Round trip time was 25.417 milliseconds in repetition 85
Round trip time was 25.741 milliseconds in repetition 86
Round trip time was 25.036 milliseconds in repetition 87
Round trip time was 25.021 milliseconds in repetition 88
Round trip time was 25.556 milliseconds in repetition 89
Round trip time was 27.445 milliseconds in repetition 90
Round trip time was 29.643 milliseconds in repetition 91
Round trip time was 25.871 milliseconds in repetition 92
Round trip time was 25.475 milliseconds in repetition 93
Round trip time was 25.068 milliseconds in repetition 94
Round trip time was 24.905 milliseconds in repetition 95
Round trip time was 27.312 milliseconds in repetition 96
Round trip time was 25.389 milliseconds in repetition 97
Round trip time was 25.818 milliseconds in repetition 98
Round trip time was 33.418 milliseconds in repetition 99
Round trip time was 24.927 milliseconds in repetition 100
Round trip time was 28.925 milliseconds in repetition 101
Round trip time was 24.924 milliseconds in repetition 102
Round trip time was 25.072 milliseconds in repetition 103
Round trip time was 25.154 milliseconds in repetition 104
Round trip time was 27.853 milliseconds in repetition 105
Round trip time was 26.868 milliseconds in repetition 106
Round trip time was 25.897 milliseconds in repetition 107
Round trip time was 26.532 milliseconds in repetition 108
Round trip time was 27.553 milliseconds in repetition 109
Round trip time was 24.879 milliseconds in repetition 110
Round trip time was 24.812 milliseconds in repetition 111
Round trip time was 25.981 milliseconds in repetition 112
Round trip time was 25.467 milliseconds in repetition 113
Round trip time was 25.997 milliseconds in repetition 114
Round trip time was 25.384 milliseconds in repetition 115
Round trip time was 25.207 milliseconds in repetition 116
Round trip time was 25.743 milliseconds in repetition 117
Round trip time was 25.380 milliseconds in repetition 118
Round trip time was 27.757 milliseconds in repetition 119
Round trip time was 24.874 milliseconds in repetition 120
Round trip time was 24.685 milliseconds in repetition 121
Round trip time was 25.231 milliseconds in repetition 122
Round trip time was 25.062 milliseconds in repetition 123
Round trip time was 25.121 milliseconds in repetition 124
Round trip time was 24.673 milliseconds in repetition 125
Round trip time was 25.661 milliseconds in repetition 126
Round trip time was 24.923 milliseconds in repetition 127
Round trip time was 25.268 milliseconds in repetition 128
Round trip time was 24.864 milliseconds in repetition 129
Round trip time was 25.183 milliseconds in repetition 130
Round trip time was 27.674 milliseconds in repetition 131
Round trip time was 35.857 milliseconds in repetition 132
Round trip time was 24.718 milliseconds in repetition 133
Round trip time was 25.051 milliseconds in repetition 134
Round trip time was 24.793 milliseconds in repetition 135
Round trip time was 25.540 milliseconds in repetition 136
Round trip time was 25.880 milliseconds in repetition 137
Round trip time was 28.045 milliseconds in repetition 138
Round trip time was 26.008 milliseconds in repetition 139
Round trip time was 24.919 milliseconds in repetition 140
Round trip time was 25.595 milliseconds in repetition 141
Round trip time was 24.889 milliseconds in repetition 142
Round trip time was 25.236 milliseconds in repetition 143
Round trip time was 25.051 milliseconds in repetition 144
Round trip time was 24.957 milliseconds in repetition 145
Round trip time was 24.909 milliseconds in repetition 146
Round trip time was 25.364 milliseconds in repetition 147
Round trip time was 24.837 milliseconds in repetition 148
Round trip time was 26.123 milliseconds in repetition 149
Round trip time was 26.417 milliseconds in repetition 150
Round trip time was 26.963 milliseconds in repetition 151
Round trip time was 26.145 milliseconds in repetition 152
Round trip time was 25.781 milliseconds in repetition 153
Round trip time was 24.838 milliseconds in repetition 154
Round trip time was 25.158 milliseconds in repetition 155
Round trip time was 25.396 milliseconds in repetition 156
Round trip time was 25.450 milliseconds in repetition 157
Round trip time was 25.056 milliseconds in repetition 158
Round trip time was 25.540 milliseconds in repetition 159
Round trip time was 25.615 milliseconds in repetition 160
Round trip time was 25.046 milliseconds in repetition 161
Round trip time was 25.133 milliseconds in repetition 162
Round trip time was 25.303 milliseconds in repetition 163
Round trip time was 74.399 milliseconds in repetition 164
Round trip time was 27.001 milliseconds in repetition 165
Round trip time was 25.885 milliseconds in repetition 166
Round trip time was 25.838 milliseconds in repetition 167
Round trip time was 24.910 milliseconds in repetition 168
Round trip time was 24.830 milliseconds in repetition 169
Round trip time was 25.737 milliseconds in repetition 170
Round trip time was 26.591 milliseconds in repetition 171
Round trip time was 25.511 milliseconds in repetition 172
Round trip time was 25.451 milliseconds in repetition 173
Round trip time was 25.605 milliseconds in repetition 174
Round trip time was 25.180 milliseconds in repetition 175
Round trip time was 24.913 milliseconds in repetition 176
Round trip time was 25.270 milliseconds in repetition 177
Round trip time was 25.232 milliseconds in repetition 178
Round trip time was 26.934 milliseconds in repetition 179
Round trip time was 28.435 milliseconds in repetition 180
Round trip time was 26.342 milliseconds in repetition 181
Round trip time was 25.177 milliseconds in repetition 182
Round trip time was 25.212 milliseconds in repetition 183
Round trip time was 26.888 milliseconds in repetition 184
Round trip time was 25.661 milliseconds in repetition 185
Round trip time was 26.381 milliseconds in repetition 186
Round trip time was 31.106 milliseconds in repetition 187
Round trip time was 25.881 milliseconds in repetition 188
Round trip time was 25.440 milliseconds in repetition 189
Round trip time was 25.108 milliseconds in repetition 190
Round trip time was 25.051 milliseconds in repetition 191
Round trip time was 25.625 milliseconds in repetition 192
Round trip time was 26.876 milliseconds in repetition 193
Round trip time was 25.083 milliseconds in repetition 194
Round trip time was 25.143 milliseconds in repetition 195
Round trip time was 25.098 milliseconds in repetition 196
Round trip time was 25.789 milliseconds in repetition 197
Round trip time was 25.063 milliseconds in repetition 198
Round trip time was 26.012 milliseconds in repetition 199
Round trip time was 25.857 milliseconds in repetition 200
Round trip time was 26.388 milliseconds in repetition 201
Round trip time was 25.101 milliseconds in repetition 202
Round trip time was 25.407 milliseconds in repetition 203
Round trip time was 24.821 milliseconds in repetition 204
Round trip time was 25.498 milliseconds in repetition 205
Round trip time was 25.289 milliseconds in repetition 206
Round trip time was 26.489 milliseconds in repetition 207
Round trip time was 25.501 milliseconds in repetition 208
Round trip time was 25.589 milliseconds in repetition 209
Round trip time was 24.834 milliseconds in repetition 210
Round trip time was 26.436 milliseconds in repetition 211
Round trip time was 24.986 milliseconds in repetition 212
Round trip time was 25.362 milliseconds in repetition 213
Round trip time was 25.000 milliseconds in repetition 214
Round trip time was 25.365 milliseconds in repetition 215
Round trip time was 25.267 milliseconds in repetition 216
Round trip time was 26.906 milliseconds in repetition 217
Round trip time was 24.833 milliseconds in repetition 218
Round trip time was 25.715 milliseconds in repetition 219
Round trip time was 24.876 milliseconds in repetition 220
Round trip time was 24.983 milliseconds in repetition 221
Round trip time was 25.123 milliseconds in repetition 222
Round trip time was 28.448 milliseconds in repetition 223
Round trip time was 25.891 milliseconds in repetition 224
Round trip time was 24.930 milliseconds in repetition 225
Round trip time was 25.298 milliseconds in repetition 226
Round trip time was 25.031 milliseconds in repetition 227
Round trip time was 26.949 milliseconds in repetition 228
Round trip time was 25.911 milliseconds in repetition 229
Round trip time was 27.799 milliseconds in repetition 230
Round trip time was 27.436 milliseconds in repetition 231
Round trip time was 25.214 milliseconds in repetition 232
Round trip time was 25.895 milliseconds in repetition 233
Round trip time was 25.355 milliseconds in repetition 234
Round trip time was 25.376 milliseconds in repetition 235
Round trip time was 26.836 milliseconds in repetition 236
Round trip time was 25.261 milliseconds in repetition 237
Round trip time was 26.144 milliseconds in repetition 238
Round trip time was 26.621 milliseconds in repetition 239
Round trip time was 25.420 milliseconds in repetition 240
Round trip time was 26.191 milliseconds in repetition 241
Round trip time was 25.057 milliseconds in repetition 242
Round trip time was 25.561 milliseconds in repetition 243
Round trip time was 25.006 milliseconds in repetition 244
Round trip time was 25.094 milliseconds in repetition 245
Round trip time was 25.029 milliseconds in repetition 246
Round trip time was 25.425 milliseconds in repetition 247
Round trip time was 25.052 milliseconds in repetition 248
Round trip time was 25.771 milliseconds in repetition 249
Round trip time was 25.036 milliseconds in repetition 250
Round trip time was 27.485 milliseconds in repetition 251
Round trip time was 26.150 milliseconds in repetition 252
Round trip time was 25.801 milliseconds in repetition 253
Round trip time was 24.928 milliseconds in repetition 254
Round trip time was 25.277 milliseconds in repetition 255
Round trip time was 25.175 milliseconds in repetition 256
Round trip time was 24.762 milliseconds in repetition 257
Round trip time was 29.336 milliseconds in repetition 258
Round trip time was 26.429 milliseconds in repetition 259
Round trip time was 24.802 milliseconds in repetition 260
Round trip time was 24.975 milliseconds in repetition 261
Round trip time was 25.082 milliseconds in repetition 262
Round trip time was 24.919 milliseconds in repetition 263
Round trip time was 25.132 milliseconds in repetition 264
Round trip time was 25.999 milliseconds in repetition 265
Round trip time was 25.001 milliseconds in repetition 266
Round trip time was 26.971 milliseconds in repetition 267
Round trip time was 26.774 milliseconds in repetition 268
Round trip time was 25.471 milliseconds in repetition 269
Round trip time was 25.218 milliseconds in repetition 270
Round trip time was 24.958 milliseconds in repetition 271
Round trip time was 25.025 milliseconds in repetition 272
Round trip time was 25.509 milliseconds in repetition 273
Round trip time was 25.533 milliseconds in repetition 274
Round trip time was 25.700 milliseconds in repetition 275
Round trip time was 25.457 milliseconds in repetition 276
Round trip time was 26.597 milliseconds in repetition 277
Round trip time was 26.050 milliseconds in repetition 278
Round trip time was 25.234 milliseconds in repetition 279
Round trip time was 25.129 milliseconds in repetition 280
Round trip time was 24.915 milliseconds in repetition 281
Round trip time was 24.921 milliseconds in repetition 282
Round trip time was 25.075 milliseconds in repetition 283
Round trip time was 24.886 milliseconds in repetition 284
Round trip time was 25.189 milliseconds in repetition 285
Round trip time was 25.886 milliseconds in repetition 286
Round trip time was 26.976 milliseconds in repetition 287
Round trip time was 26.651 milliseconds in repetition 288
Round trip time was 25.614 milliseconds in repetition 289
Round trip time was 25.485 milliseconds in repetition 290
Round trip time was 25.291 milliseconds in repetition 291
Round trip time was 24.994 milliseconds in repetition 292
Round trip time was 26.143 milliseconds in repetition 293
Round trip time was 24.888 milliseconds in repetition 294
Round trip time was 25.152 milliseconds in repetition 295
Round trip time was 24.932 milliseconds in repetition 296
Round trip time was 25.137 milliseconds in repetition 297
Round trip time was 25.475 milliseconds in repetition 298
Round trip time was 25.499 milliseconds in repetition 299
Round trip time was 26.130 milliseconds in repetition 300
Round trip time was 26.030 milliseconds in repetition 301
Round trip time was 26.701 milliseconds in repetition 302
Round trip time was 26.388 milliseconds in repetition 303
Round trip time was 25.177 milliseconds in repetition 304
Round trip time was 24.958 milliseconds in repetition 305
Round trip time was 24.974 milliseconds in repetition 306
Round trip time was 25.451 milliseconds in repetition 307
Round trip time was 25.467 milliseconds in repetition 308
Round trip time was 25.787 milliseconds in repetition 309
Round trip time was 26.191 milliseconds in repetition 310
Round trip time was 25.447 milliseconds in repetition 311
Round trip time was 25.506 milliseconds in repetition 312
Round trip time was 26.230 milliseconds in repetition 313
Round trip time was 25.044 milliseconds in repetition 314
Round trip time was 25.018 milliseconds in repetition 315
Round trip time was 26.485 milliseconds in repetition 316
Round trip time was 31.841 milliseconds in repetition 317
Round trip time was 25.262 milliseconds in repetition 318
Round trip time was 25.095 milliseconds in repetition 319
Round trip time was 25.101 milliseconds in repetition 320
Round trip time was 26.182 milliseconds in repetition 321
Round trip time was 25.708 milliseconds in repetition 322
Round trip time was 27.114 milliseconds in repetition 323
Round trip time was 26.505 milliseconds in repetition 324
Round trip time was 25.047 milliseconds in repetition 325
Round trip time was 25.929 milliseconds in repetition 326
Round trip time was 25.247 milliseconds in repetition 327
Round trip time was 25.281 milliseconds in repetition 328
Round trip time was 26.295 milliseconds in repetition 329
Round trip time was 28.656 milliseconds in repetition 330
Round trip time was 27.310 milliseconds in repetition 331
Round trip time was 24.940 milliseconds in repetition 332
Round trip time was 25.051 milliseconds in repetition 333
Round trip time was 25.587 milliseconds in repetition 334
Round trip time was 24.870 milliseconds in repetition 335
Round trip time was 24.863 milliseconds in repetition 336
Round trip time was 26.542 milliseconds in repetition 337
Round trip time was 24.859 milliseconds in repetition 338
Round trip time was 24.952 milliseconds in repetition 339
Round trip time was 25.257 milliseconds in repetition 340
Round trip time was 24.723 milliseconds in repetition 341
Round trip time was 24.872 milliseconds in repetition 342
Round trip time was 24.862 milliseconds in repetition 343
Round trip time was 25.053 milliseconds in repetition 344
Round trip time was 25.393 milliseconds in repetition 345
Round trip time was 24.787 milliseconds in repetition 346
Round trip time was 25.440 milliseconds in repetition 347
Round trip time was 25.221 milliseconds in repetition 348
Round trip time was 25.835 milliseconds in repetition 349
Round trip time was 24.716 milliseconds in repetition 350
Round trip time was 27.879 milliseconds in repetition 351
Round trip time was 27.341 milliseconds in repetition 352
Round trip time was 25.157 milliseconds in repetition 353
Round trip time was 25.136 milliseconds in repetition 354
Round trip time was 26.544 milliseconds in repetition 355
Round trip time was 25.540 milliseconds in repetition 356
Round trip time was 25.215 milliseconds in repetition 357
Round trip time was 25.075 milliseconds in repetition 358
Round trip time was 26.150 milliseconds in repetition 359
Round trip time was 24.657 milliseconds in repetition 360
Round trip time was 24.985 milliseconds in repetition 361
Round trip time was 26.514 milliseconds in repetition 362
Round trip time was 28.237 milliseconds in repetition 363
Round trip time was 24.858 milliseconds in repetition 364
Round trip time was 26.760 milliseconds in repetition 365
Round trip time was 29.942 milliseconds in repetition 366
Round trip time was 27.577 milliseconds in repetition 367
Round trip time was 25.173 milliseconds in repetition 368
Round trip time was 37.138 milliseconds in repetition 369
Round trip time was 24.992 milliseconds in repetition 370
Round trip time was 24.881 milliseconds in repetition 371
Round trip time was 49.703 milliseconds in repetition 372
Round trip time was 24.927 milliseconds in repetition 373
Round trip time was 24.877 milliseconds in repetition 374
Round trip time was 53.983 milliseconds in repetition 375
Round trip time was 26.504 milliseconds in repetition 376
Round trip time was 24.861 milliseconds in repetition 377
Round trip time was 53.244 milliseconds in repetition 378
Round trip time was 25.242 milliseconds in repetition 379
Round trip time was 25.186 milliseconds in repetition 380
Round trip time was 26.492 milliseconds in repetition 381
Round trip time was 26.285 milliseconds in repetition 382
Round trip time was 26.599 milliseconds in repetition 383
Round trip time was 25.377 milliseconds in repetition 384
Round trip time was 56.123 milliseconds in repetition 385
Round trip time was 28.481 milliseconds in repetition 386
Round trip time was 25.291 milliseconds in repetition 387
Round trip time was 48.639 milliseconds in repetition 388
Round trip time was 27.080 milliseconds in repetition 389
Round trip time was 25.824 milliseconds in repetition 390
Round trip time was 51.162 milliseconds in repetition 391
Round trip time was 27.638 milliseconds in repetition 392
Round trip time was 25.521 milliseconds in repetition 393
Round trip time was 24.926 milliseconds in repetition 394
Round trip time was 25.061 milliseconds in repetition 395
Round trip time was 30.573 milliseconds in repetition 396
Round trip time was 29.787 milliseconds in repetition 397
Round trip time was 48.197 milliseconds in repetition 398
Round trip time was 25.746 milliseconds in repetition 399
Round trip time was 25.481 milliseconds in repetition 400
Round trip time was 27.069 milliseconds in repetition 401
Round trip time was 24.943 milliseconds in repetition 402
Round trip time was 24.834 milliseconds in repetition 403
Round trip time was 25.028 milliseconds in repetition 404
Round trip time was 24.831 milliseconds in repetition 405
Round trip time was 24.900 milliseconds in repetition 406
Round trip time was 24.776 milliseconds in repetition 407
Round trip time was 25.532 milliseconds in repetition 408
Round trip time was 25.494 milliseconds in repetition 409
Round trip time was 47.492 milliseconds in repetition 410
Round trip time was 25.434 milliseconds in repetition 411
Round trip time was 25.825 milliseconds in repetition 412
Round trip time was 51.938 milliseconds in repetition 413
Round trip time was 29.716 milliseconds in repetition 414
Round trip time was 27.060 milliseconds in repetition 415
Round trip time was 39.982 milliseconds in repetition 416
Round trip time was 28.282 milliseconds in repetition 417
Round trip time was 26.213 milliseconds in repetition 418
Round trip time was 46.697 milliseconds in repetition 419
Round trip time was 34.005 milliseconds in repetition 420
Round trip time was 26.971 milliseconds in repetition 421
Round trip time was 42.116 milliseconds in repetition 422
Round trip time was 26.213 milliseconds in repetition 423
Round trip time was 27.692 milliseconds in repetition 424
Round trip time was 48.425 milliseconds in repetition 425
Round trip time was 24.974 milliseconds in repetition 426
Round trip time was 24.716 milliseconds in repetition 427
Round trip time was 25.066 milliseconds in repetition 428
Round trip time was 55.480 milliseconds in repetition 429
Round trip time was 27.223 milliseconds in repetition 430
Round trip time was 25.887 milliseconds in repetition 431
Round trip time was 25.064 milliseconds in repetition 432
Round trip time was 24.928 milliseconds in repetition 433
Round trip time was 25.584 milliseconds in repetition 434
Round trip time was 25.567 milliseconds in repetition 435
Round trip time was 54.954 milliseconds in repetition 436
Round trip time was 25.298 milliseconds in repetition 437
Round trip time was 54.606 milliseconds in repetition 438
Round trip time was 24.837 milliseconds in repetition 439
Round trip time was 26.179 milliseconds in repetition 440
Round trip time was 27.495 milliseconds in repetition 441
Round trip time was 25.384 milliseconds in repetition 442
Round trip time was 25.893 milliseconds in repetition 443
Round trip time was 25.297 milliseconds in repetition 444
Round trip time was 24.877 milliseconds in repetition 445
Round trip time was 24.906 milliseconds in repetition 446
Round trip time was 33.155 milliseconds in repetition 447
Round trip time was 24.878 milliseconds in repetition 448
Round trip time was 26.717 milliseconds in repetition 449
Round trip time was 25.510 milliseconds in repetition 450
Round trip time was 26.231 milliseconds in repetition 451
Round trip time was 26.006 milliseconds in repetition 452
Round trip time was 25.711 milliseconds in repetition 453
Round trip time was 25.190 milliseconds in repetition 454
Round trip time was 25.187 milliseconds in repetition 455
Round trip time was 34.203 milliseconds in repetition 456
Round trip time was 27.931 milliseconds in repetition 457
Round trip time was 24.905 milliseconds in repetition 458
Round trip time was 25.586 milliseconds in repetition 459
Round trip time was 25.707 milliseconds in repetition 460
Round trip time was 25.602 milliseconds in repetition 461
Round trip time was 25.753 milliseconds in repetition 462
Round trip time was 25.074 milliseconds in repetition 463
Round trip time was 25.211 milliseconds in repetition 464
Round trip time was 32.076 milliseconds in repetition 465
Round trip time was 24.905 milliseconds in repetition 466
Round trip time was 25.045 milliseconds in repetition 467
Round trip time was 25.098 milliseconds in repetition 468
Round trip time was 25.000 milliseconds in repetition 469
Round trip time was 28.665 milliseconds in repetition 470
Round trip time was 26.959 milliseconds in repetition 471
Round trip time was 25.338 milliseconds in repetition 472
Round trip time was 56.945 milliseconds in repetition 473
Round trip time was 27.562 milliseconds in repetition 474
Round trip time was 25.236 milliseconds in repetition 475
Round trip time was 24.857 milliseconds in repetition 476
Round trip time was 24.703 milliseconds in repetition 477
Round trip time was 24.783 milliseconds in repetition 478
Round trip time was 24.919 milliseconds in repetition 479
Round trip time was 25.237 milliseconds in repetition 480
Round trip time was 24.866 milliseconds in repetition 481
Round trip time was 37.376 milliseconds in repetition 482
Round trip time was 24.848 milliseconds in repetition 483
Round trip time was 24.767 milliseconds in repetition 484
Round trip time was 25.274 milliseconds in repetition 485
Round trip time was 24.800 milliseconds in repetition 486
Round trip time was 25.274 milliseconds in repetition 487
Round trip time was 25.014 milliseconds in repetition 488
Round trip time was 25.301 milliseconds in repetition 489
Round trip time was 24.997 milliseconds in repetition 490
Round trip time was 39.764 milliseconds in repetition 491
Round trip time was 26.548 milliseconds in repetition 492
Round trip time was 27.581 milliseconds in repetition 493
Round trip time was 27.328 milliseconds in repetition 494
Round trip time was 28.483 milliseconds in repetition 495
Round trip time was 25.890 milliseconds in repetition 496
Round trip time was 25.251 milliseconds in repetition 497
Round trip time was 25.709 milliseconds in repetition 498
Round trip time was 49.448 milliseconds in repetition 499
Round trip time was 26.272 milliseconds in repetition 500
Round trip time was 25.433 milliseconds in repetition 501

 ... clock resolution was 1e-06
UDP Ping:  Statistics over 501 repetitions of 128 byte messages

RTT : percentile 10: 24.8883, median: 25.5065, percentile 90: 28.1563, average: 27.0251, variance: 29.5402

RTT histogram:
24.6572 323
27.1443 130
29.6314 15
32.1185 5
34.6057 3
37.0928 3
39.5799 4
42.067 1
44.5541 0
47.0412 3
49.5283 4
52.0154 3
54.5025 4
56.9896 2
59.4768 0
61.9639 0
64.451 0
66.9381 0
69.4252 0
71.9123 0
74.3994 1

   median Throughput : 10.0366 KB/s   overall Throughput : 9.47267 KB/s

