UDP Ping trying to connect to server seti.dibris.unige.it (130.251.61.30) on TCP port 1491
 ... connected to Pong server: asking for 501 repetitions of 512 _bytes UDP messages
 ... Pong server agreed to ping-pong using port 49152 :-)
Round trip time was 29.636 milliseconds in repetition 1
Round trip time was 22.164 milliseconds in repetition 2
Round trip time was 26.699 milliseconds in repetition 3
Round trip time was 23.337 milliseconds in repetition 4
Round trip time was 21.676 milliseconds in repetition 5
Round trip time was 21.360 milliseconds in repetition 6
Round trip time was 21.975 milliseconds in repetition 7
Round trip time was 21.236 milliseconds in repetition 8
Round trip time was 21.850 milliseconds in repetition 9
Round trip time was 22.874 milliseconds in repetition 10
Round trip time was 22.154 milliseconds in repetition 11
Round trip time was 23.445 milliseconds in repetition 12
Round trip time was 21.302 milliseconds in repetition 13
Round trip time was 21.067 milliseconds in repetition 14
Round trip time was 22.935 milliseconds in repetition 15
Round trip time was 25.196 milliseconds in repetition 16
Round trip time was 21.960 milliseconds in repetition 17
Round trip time was 21.059 milliseconds in repetition 18
Round trip time was 21.190 milliseconds in repetition 19
Round trip time was 20.631 milliseconds in repetition 20
Round trip time was 20.713 milliseconds in repetition 21
Round trip time was 23.174 milliseconds in repetition 22
Round trip time was 21.363 milliseconds in repetition 23
Round trip time was 24.380 milliseconds in repetition 24
Round trip time was 21.229 milliseconds in repetition 25
Round trip time was 20.334 milliseconds in repetition 26
Round trip time was 20.459 milliseconds in repetition 27
Round trip time was 20.493 milliseconds in repetition 28
Round trip time was 20.998 milliseconds in repetition 29
Round trip time was 21.353 milliseconds in repetition 30
Round trip time was 20.756 milliseconds in repetition 31
Round trip time was 20.520 milliseconds in repetition 32
Round trip time was 22.054 milliseconds in repetition 33
Round trip time was 21.764 milliseconds in repetition 34
Round trip time was 20.759 milliseconds in repetition 35
Round trip time was 20.703 milliseconds in repetition 36
Round trip time was 22.221 milliseconds in repetition 37
Round trip time was 22.859 milliseconds in repetition 38
Round trip time was 21.163 milliseconds in repetition 39
Round trip time was 24.077 milliseconds in repetition 40
Round trip time was 23.419 milliseconds in repetition 41
Round trip time was 20.475 milliseconds in repetition 42
Round trip time was 20.353 milliseconds in repetition 43
Round trip time was 20.437 milliseconds in repetition 44
Round trip time was 20.386 milliseconds in repetition 45
Round trip time was 20.429 milliseconds in repetition 46
Round trip time was 21.863 milliseconds in repetition 47
Round trip time was 20.871 milliseconds in repetition 48
Round trip time was 20.692 milliseconds in repetition 49
Round trip time was 20.886 milliseconds in repetition 50
Round trip time was 20.553 milliseconds in repetition 51
Round trip time was 20.327 milliseconds in repetition 52
Round trip time was 20.553 milliseconds in repetition 53
Round trip time was 20.472 milliseconds in repetition 54
Round trip time was 20.955 milliseconds in repetition 55
Round trip time was 20.412 milliseconds in repetition 56
Round trip time was 20.365 milliseconds in repetition 57
Round trip time was 20.386 milliseconds in repetition 58
Round trip time was 21.355 milliseconds in repetition 59
Round trip time was 21.257 milliseconds in repetition 60
Round trip time was 20.534 milliseconds in repetition 61
Round trip time was 20.777 milliseconds in repetition 62
Round trip time was 20.580 milliseconds in repetition 63
Round trip time was 20.586 milliseconds in repetition 64
Round trip time was 20.421 milliseconds in repetition 65
Round trip time was 20.485 milliseconds in repetition 66
Round trip time was 20.424 milliseconds in repetition 67
Round trip time was 20.543 milliseconds in repetition 68
Round trip time was 21.010 milliseconds in repetition 69
Round trip time was 22.190 milliseconds in repetition 70
Round trip time was 20.690 milliseconds in repetition 71
Round trip time was 20.450 milliseconds in repetition 72
Round trip time was 29.155 milliseconds in repetition 73
Round trip time was 21.626 milliseconds in repetition 74
Round trip time was 34.240 milliseconds in repetition 75
Round trip time was 20.348 milliseconds in repetition 76
Round trip time was 20.485 milliseconds in repetition 77
Round trip time was 20.596 milliseconds in repetition 78
Round trip time was 21.158 milliseconds in repetition 79
Round trip time was 20.826 milliseconds in repetition 80
Round trip time was 20.303 milliseconds in repetition 81
Round trip time was 20.717 milliseconds in repetition 82
Round trip time was 21.913 milliseconds in repetition 83
Round trip time was 21.067 milliseconds in repetition 84
Round trip time was 21.249 milliseconds in repetition 85
Round trip time was 23.042 milliseconds in repetition 86
Round trip time was 21.733 milliseconds in repetition 87
Round trip time was 20.789 milliseconds in repetition 88
Round trip time was 20.760 milliseconds in repetition 89
Round trip time was 21.968 milliseconds in repetition 90
Round trip time was 22.007 milliseconds in repetition 91
Round trip time was 21.307 milliseconds in repetition 92
Round trip time was 21.950 milliseconds in repetition 93
Round trip time was 20.658 milliseconds in repetition 94
Round trip time was 20.383 milliseconds in repetition 95
Round trip time was 20.425 milliseconds in repetition 96
Round trip time was 20.525 milliseconds in repetition 97
Round trip time was 20.351 milliseconds in repetition 98
Round trip time was 20.670 milliseconds in repetition 99
Round trip time was 20.464 milliseconds in repetition 100
Round trip time was 20.397 milliseconds in repetition 101
Round trip time was 20.743 milliseconds in repetition 102
Round trip time was 23.793 milliseconds in repetition 103
Round trip time was 21.071 milliseconds in repetition 104
Round trip time was 21.382 milliseconds in repetition 105
Round trip time was 20.609 milliseconds in repetition 106
Round trip time was 20.813 milliseconds in repetition 107
Round trip time was 21.858 milliseconds in repetition 108
Round trip time was 21.771 milliseconds in repetition 109
Round trip time was 20.580 milliseconds in repetition 110
Round trip time was 20.470 milliseconds in repetition 111
Round trip time was 20.270 milliseconds in repetition 112
Round trip time was 22.663 milliseconds in repetition 113
Round trip time was 22.003 milliseconds in repetition 114
Round trip time was 20.829 milliseconds in repetition 115
Round trip time was 20.437 milliseconds in repetition 116
Round trip time was 20.700 milliseconds in repetition 117
Round trip time was 20.930 milliseconds in repetition 118
Round trip time was 20.668 milliseconds in repetition 119
Round trip time was 23.047 milliseconds in repetition 120
Round trip time was 21.732 milliseconds in repetition 121
Round trip time was 20.503 milliseconds in repetition 122
Round trip time was 20.646 milliseconds in repetition 123
Round trip time was 20.808 milliseconds in repetition 124
Round trip time was 21.351 milliseconds in repetition 125
Round trip time was 22.524 milliseconds in repetition 126
Round trip time was 20.636 milliseconds in repetition 127
Round trip time was 20.965 milliseconds in repetition 128
Round trip time was 20.690 milliseconds in repetition 129
Round trip time was 20.630 milliseconds in repetition 130
Round trip time was 21.716 milliseconds in repetition 131
Round trip time was 20.454 milliseconds in repetition 132
Round trip time was 21.444 milliseconds in repetition 133
Round trip time was 22.039 milliseconds in repetition 134
Round trip time was 22.452 milliseconds in repetition 135
Round trip time was 21.254 milliseconds in repetition 136
Round trip time was 20.431 milliseconds in repetition 137
Round trip time was 20.517 milliseconds in repetition 138
Round trip time was 20.371 milliseconds in repetition 139
Round trip time was 20.450 milliseconds in repetition 140
Round trip time was 20.379 milliseconds in repetition 141
Round trip time was 20.332 milliseconds in repetition 142
Round trip time was 20.515 milliseconds in repetition 143
Round trip time was 20.597 milliseconds in repetition 144
Round trip time was 22.557 milliseconds in repetition 145
Round trip time was 21.132 milliseconds in repetition 146
Round trip time was 20.454 milliseconds in repetition 147
Round trip time was 20.977 milliseconds in repetition 148
Round trip time was 20.357 milliseconds in repetition 149
Round trip time was 21.870 milliseconds in repetition 150
Round trip time was 20.830 milliseconds in repetition 151
Round trip time was 20.530 milliseconds in repetition 152
Round trip time was 20.473 milliseconds in repetition 153
Round trip time was 20.392 milliseconds in repetition 154
Round trip time was 20.242 milliseconds in repetition 155
Round trip time was 20.971 milliseconds in repetition 156
Round trip time was 20.451 milliseconds in repetition 157
Round trip time was 20.325 milliseconds in repetition 158
Round trip time was 20.495 milliseconds in repetition 159
Round trip time was 21.871 milliseconds in repetition 160
Round trip time was 23.201 milliseconds in repetition 161
Round trip time was 20.616 milliseconds in repetition 162
Round trip time was 20.450 milliseconds in repetition 163
Round trip time was 20.573 milliseconds in repetition 164
Round trip time was 20.663 milliseconds in repetition 165
Round trip time was 20.527 milliseconds in repetition 166
Round trip time was 21.369 milliseconds in repetition 167
Round trip time was 20.943 milliseconds in repetition 168
Round trip time was 20.788 milliseconds in repetition 169
Round trip time was 20.904 milliseconds in repetition 170
Round trip time was 20.463 milliseconds in repetition 171
Round trip time was 20.987 milliseconds in repetition 172
Round trip time was 20.942 milliseconds in repetition 173
Round trip time was 20.525 milliseconds in repetition 174
Round trip time was 20.303 milliseconds in repetition 175
Round trip time was 20.458 milliseconds in repetition 176
Round trip time was 20.589 milliseconds in repetition 177
Round trip time was 21.569 milliseconds in repetition 178
Round trip time was 21.070 milliseconds in repetition 179
Round trip time was 21.460 milliseconds in repetition 180
Round trip time was 21.043 milliseconds in repetition 181
Round trip time was 22.260 milliseconds in repetition 182
Round trip time was 22.302 milliseconds in repetition 183
Round trip time was 20.623 milliseconds in repetition 184
Round trip time was 21.275 milliseconds in repetition 185
Round trip time was 20.754 milliseconds in repetition 186
Round trip time was 21.245 milliseconds in repetition 187
Round trip time was 20.973 milliseconds in repetition 188
Round trip time was 20.750 milliseconds in repetition 189
Round trip time was 20.840 milliseconds in repetition 190
Round trip time was 20.546 milliseconds in repetition 191
Round trip time was 21.309 milliseconds in repetition 192
Round trip time was 20.501 milliseconds in repetition 193
Round trip time was 20.612 milliseconds in repetition 194
Round trip time was 20.285 milliseconds in repetition 195
Round trip time was 20.485 milliseconds in repetition 196
Round trip time was 20.282 milliseconds in repetition 197
Round trip time was 20.509 milliseconds in repetition 198
Round trip time was 20.700 milliseconds in repetition 199
Round trip time was 20.871 milliseconds in repetition 200
Round trip time was 20.662 milliseconds in repetition 201
Round trip time was 21.950 milliseconds in repetition 202
Round trip time was 20.881 milliseconds in repetition 203
Round trip time was 20.924 milliseconds in repetition 204
Round trip time was 23.480 milliseconds in repetition 205
Round trip time was 21.817 milliseconds in repetition 206
Round trip time was 20.607 milliseconds in repetition 207
Round trip time was 20.601 milliseconds in repetition 208
Round trip time was 21.419 milliseconds in repetition 209
Round trip time was 21.170 milliseconds in repetition 210
Round trip time was 33.687 milliseconds in repetition 211
Round trip time was 21.269 milliseconds in repetition 212
Round trip time was 21.089 milliseconds in repetition 213
Round trip time was 20.392 milliseconds in repetition 214
Round trip time was 20.614 milliseconds in repetition 215
Round trip time was 20.314 milliseconds in repetition 216
Round trip time was 20.385 milliseconds in repetition 217
Round trip time was 20.995 milliseconds in repetition 218
Round trip time was 20.834 milliseconds in repetition 219
Round trip time was 21.257 milliseconds in repetition 220
Round trip time was 20.408 milliseconds in repetition 221
Round trip time was 22.122 milliseconds in repetition 222
Round trip time was 20.546 milliseconds in repetition 223
Round trip time was 21.148 milliseconds in repetition 224
Round trip time was 22.258 milliseconds in repetition 225
Round trip time was 20.608 milliseconds in repetition 226
Round trip time was 22.445 milliseconds in repetition 227
Round trip time was 22.486 milliseconds in repetition 228
Round trip time was 22.848 milliseconds in repetition 229
Round trip time was 20.643 milliseconds in repetition 230
Round trip time was 20.479 milliseconds in repetition 231
Round trip time was 20.372 milliseconds in repetition 232
Round trip time was 20.358 milliseconds in repetition 233
Round trip time was 20.376 milliseconds in repetition 234
Round trip time was 20.982 milliseconds in repetition 235
Round trip time was 20.603 milliseconds in repetition 236
Round trip time was 20.255 milliseconds in repetition 237
Round trip time was 23.046 milliseconds in repetition 238
Round trip time was 20.652 milliseconds in repetition 239
Round trip time was 20.349 milliseconds in repetition 240
Round trip time was 20.330 milliseconds in repetition 241
Round trip time was 20.442 milliseconds in repetition 242
Round trip time was 21.177 milliseconds in repetition 243
Round trip time was 20.794 milliseconds in repetition 244
Round trip time was 71.739 milliseconds in repetition 245
Round trip time was 32.014 milliseconds in repetition 246
Round trip time was 22.655 milliseconds in repetition 247
Round trip time was 20.611 milliseconds in repetition 248
Round trip time was 20.745 milliseconds in repetition 249
Round trip time was 20.363 milliseconds in repetition 250
Round trip time was 20.505 milliseconds in repetition 251
Round trip time was 20.352 milliseconds in repetition 252
Round trip time was 20.619 milliseconds in repetition 253
Round trip time was 20.333 milliseconds in repetition 254
Round trip time was 20.436 milliseconds in repetition 255
Round trip time was 20.361 milliseconds in repetition 256
Round trip time was 21.480 milliseconds in repetition 257
Round trip time was 23.301 milliseconds in repetition 258
Round trip time was 20.599 milliseconds in repetition 259
Round trip time was 21.529 milliseconds in repetition 260
Round trip time was 22.118 milliseconds in repetition 261
Round trip time was 20.409 milliseconds in repetition 262
Round trip time was 21.363 milliseconds in repetition 263
Round trip time was 20.736 milliseconds in repetition 264
Round trip time was 21.978 milliseconds in repetition 265
Round trip time was 21.420 milliseconds in repetition 266
Round trip time was 20.907 milliseconds in repetition 267
Round trip time was 21.779 milliseconds in repetition 268
Round trip time was 20.773 milliseconds in repetition 269
Round trip time was 20.348 milliseconds in repetition 270
Round trip time was 21.307 milliseconds in repetition 271
Round trip time was 21.171 milliseconds in repetition 272
Round trip time was 20.698 milliseconds in repetition 273
Round trip time was 20.931 milliseconds in repetition 274
Round trip time was 21.112 milliseconds in repetition 275
Round trip time was 20.351 milliseconds in repetition 276
Round trip time was 20.391 milliseconds in repetition 277
Round trip time was 20.709 milliseconds in repetition 278
Round trip time was 21.744 milliseconds in repetition 279
Round trip time was 20.543 milliseconds in repetition 280
Round trip time was 20.341 milliseconds in repetition 281
Round trip time was 20.394 milliseconds in repetition 282
Round trip time was 20.456 milliseconds in repetition 283
Round trip time was 20.647 milliseconds in repetition 284
Round trip time was 20.349 milliseconds in repetition 285
Round trip time was 22.585 milliseconds in repetition 286
Round trip time was 22.253 milliseconds in repetition 287
Round trip time was 20.633 milliseconds in repetition 288
Round trip time was 20.725 milliseconds in repetition 289
Round trip time was 23.017 milliseconds in repetition 290
Round trip time was 23.432 milliseconds in repetition 291
Round trip time was 21.745 milliseconds in repetition 292
Round trip time was 20.344 milliseconds in repetition 293
Round trip time was 20.774 milliseconds in repetition 294
Round trip time was 20.995 milliseconds in repetition 295
Round trip time was 22.616 milliseconds in repetition 296
Round trip time was 21.651 milliseconds in repetition 297
Round trip time was 21.982 milliseconds in repetition 298
Round trip time was 21.501 milliseconds in repetition 299
Round trip time was 20.548 milliseconds in repetition 300
Round trip time was 21.513 milliseconds in repetition 301
Round trip time was 21.720 milliseconds in repetition 302
Round trip time was 32.482 milliseconds in repetition 303
Round trip time was 20.259 milliseconds in repetition 304
Round trip time was 20.598 milliseconds in repetition 305
Round trip time was 20.652 milliseconds in repetition 306
Round trip time was 20.584 milliseconds in repetition 307
Round trip time was 20.752 milliseconds in repetition 308
Round trip time was 20.415 milliseconds in repetition 309
Round trip time was 20.814 milliseconds in repetition 310
Round trip time was 20.749 milliseconds in repetition 311
Round trip time was 20.651 milliseconds in repetition 312
Round trip time was 20.608 milliseconds in repetition 313
Round trip time was 24.876 milliseconds in repetition 314
Round trip time was 21.533 milliseconds in repetition 315
Round trip time was 21.896 milliseconds in repetition 316
Round trip time was 21.804 milliseconds in repetition 317
Round trip time was 21.783 milliseconds in repetition 318
Round trip time was 21.710 milliseconds in repetition 319
Round trip time was 20.311 milliseconds in repetition 320
Round trip time was 21.823 milliseconds in repetition 321
Round trip time was 27.652 milliseconds in repetition 322
Round trip time was 20.493 milliseconds in repetition 323
Round trip time was 20.386 milliseconds in repetition 324
Round trip time was 20.443 milliseconds in repetition 325
Round trip time was 20.519 milliseconds in repetition 326
Round trip time was 21.098 milliseconds in repetition 327
Round trip time was 21.195 milliseconds in repetition 328
Round trip time was 21.557 milliseconds in repetition 329
Round trip time was 22.427 milliseconds in repetition 330
Round trip time was 20.574 milliseconds in repetition 331
Round trip time was 20.627 milliseconds in repetition 332
Round trip time was 20.444 milliseconds in repetition 333
Round trip time was 20.462 milliseconds in repetition 334
Round trip time was 20.395 milliseconds in repetition 335
Round trip time was 20.353 milliseconds in repetition 336
Round trip time was 20.536 milliseconds in repetition 337
Round trip time was 20.476 milliseconds in repetition 338
Round trip time was 20.413 milliseconds in repetition 339
Round trip time was 20.390 milliseconds in repetition 340
Round trip time was 21.134 milliseconds in repetition 341
Round trip time was 21.130 milliseconds in repetition 342
Round trip time was 20.268 milliseconds in repetition 343
Round trip time was 21.212 milliseconds in repetition 344
Round trip time was 20.693 milliseconds in repetition 345
Round trip time was 25.818 milliseconds in repetition 346
Round trip time was 20.458 milliseconds in repetition 347
Round trip time was 22.219 milliseconds in repetition 348
Round trip time was 20.886 milliseconds in repetition 349
Round trip time was 20.984 milliseconds in repetition 350
Round trip time was 20.328 milliseconds in repetition 351
Round trip time was 20.357 milliseconds in repetition 352
Round trip time was 20.323 milliseconds in repetition 353
Round trip time was 23.664 milliseconds in repetition 354
Round trip time was 21.891 milliseconds in repetition 355
Round trip time was 20.587 milliseconds in repetition 356
Round trip time was 20.398 milliseconds in repetition 357
Round trip time was 20.426 milliseconds in repetition 358
Round trip time was 20.476 milliseconds in repetition 359
Round trip time was 21.782 milliseconds in repetition 360
Round trip time was 23.534 milliseconds in repetition 361
Round trip time was 20.371 milliseconds in repetition 362
Round trip time was 21.311 milliseconds in repetition 363
Round trip time was 20.657 milliseconds in repetition 364
Round trip time was 21.372 milliseconds in repetition 365
Round trip time was 20.528 milliseconds in repetition 366
Round trip time was 20.503 milliseconds in repetition 367
Round trip time was 20.390 milliseconds in repetition 368
Round trip time was 20.408 milliseconds in repetition 369
Round trip time was 20.768 milliseconds in repetition 370
Round trip time was 20.379 milliseconds in repetition 371
Round trip time was 23.065 milliseconds in repetition 372
Round trip time was 20.440 milliseconds in repetition 373
Round trip time was 20.970 milliseconds in repetition 374
Round trip time was 20.559 milliseconds in repetition 375
Round trip time was 20.727 milliseconds in repetition 376
Round trip time was 21.826 milliseconds in repetition 377
Round trip time was 20.979 milliseconds in repetition 378
Round trip time was 21.013 milliseconds in repetition 379
Round trip time was 21.040 milliseconds in repetition 380
Round trip time was 21.440 milliseconds in repetition 381
Round trip time was 21.222 milliseconds in repetition 382
Round trip time was 21.155 milliseconds in repetition 383
Round trip time was 20.693 milliseconds in repetition 384
Round trip time was 23.366 milliseconds in repetition 385
Round trip time was 21.550 milliseconds in repetition 386
Round trip time was 20.324 milliseconds in repetition 387
Round trip time was 20.997 milliseconds in repetition 388
Round trip time was 20.663 milliseconds in repetition 389
Round trip time was 20.418 milliseconds in repetition 390
Round trip time was 20.429 milliseconds in repetition 391
Round trip time was 21.937 milliseconds in repetition 392
Round trip time was 21.778 milliseconds in repetition 393
Round trip time was 21.998 milliseconds in repetition 394
Round trip time was 20.645 milliseconds in repetition 395
Round trip time was 21.261 milliseconds in repetition 396
Round trip time was 20.953 milliseconds in repetition 397
Round trip time was 37.757 milliseconds in repetition 398
Round trip time was 33.000 milliseconds in repetition 399
Round trip time was 20.419 milliseconds in repetition 400
Round trip time was 20.499 milliseconds in repetition 401
Round trip time was 20.383 milliseconds in repetition 402
Round trip time was 20.758 milliseconds in repetition 403
Round trip time was 21.738 milliseconds in repetition 404
Round trip time was 20.857 milliseconds in repetition 405
Round trip time was 21.196 milliseconds in repetition 406
Round trip time was 20.404 milliseconds in repetition 407
Round trip time was 21.252 milliseconds in repetition 408
Round trip time was 22.290 milliseconds in repetition 409
Round trip time was 21.078 milliseconds in repetition 410
Round trip time was 20.338 milliseconds in repetition 411
Round trip time was 20.548 milliseconds in repetition 412
Round trip time was 26.279 milliseconds in repetition 413
Round trip time was 23.482 milliseconds in repetition 414
Round trip time was 20.414 milliseconds in repetition 415
Round trip time was 21.588 milliseconds in repetition 416
Round trip time was 22.324 milliseconds in repetition 417
Round trip time was 20.414 milliseconds in repetition 418
Round trip time was 22.035 milliseconds in repetition 419
Round trip time was 20.465 milliseconds in repetition 420
Round trip time was 21.833 milliseconds in repetition 421
Round trip time was 21.019 milliseconds in repetition 422
Round trip time was 21.768 milliseconds in repetition 423
Round trip time was 21.069 milliseconds in repetition 424
Round trip time was 22.516 milliseconds in repetition 425
Round trip time was 22.283 milliseconds in repetition 426
Round trip time was 20.752 milliseconds in repetition 427
Round trip time was 21.800 milliseconds in repetition 428
Round trip time was 20.792 milliseconds in repetition 429
Round trip time was 20.351 milliseconds in repetition 430
Round trip time was 21.073 milliseconds in repetition 431
Round trip time was 20.787 milliseconds in repetition 432
Round trip time was 21.304 milliseconds in repetition 433
Round trip time was 21.035 milliseconds in repetition 434
Round trip time was 21.770 milliseconds in repetition 435
Round trip time was 20.810 milliseconds in repetition 436
Round trip time was 20.299 milliseconds in repetition 437
Round trip time was 25.221 milliseconds in repetition 438
Round trip time was 20.375 milliseconds in repetition 439
Round trip time was 20.362 milliseconds in repetition 440
Round trip time was 21.048 milliseconds in repetition 441
Round trip time was 25.670 milliseconds in repetition 442
Round trip time was 20.674 milliseconds in repetition 443
Round trip time was 20.479 milliseconds in repetition 444
Round trip time was 20.470 milliseconds in repetition 445
Round trip time was 20.792 milliseconds in repetition 446
Round trip time was 20.605 milliseconds in repetition 447
Round trip time was 20.436 milliseconds in repetition 448
Round trip time was 21.517 milliseconds in repetition 449
Round trip time was 20.931 milliseconds in repetition 450
Round trip time was 22.556 milliseconds in repetition 451
Round trip time was 22.529 milliseconds in repetition 452
Round trip time was 21.248 milliseconds in repetition 453
Round trip time was 24.295 milliseconds in repetition 454
Round trip time was 31.396 milliseconds in repetition 455
Round trip time was 20.730 milliseconds in repetition 456
Round trip time was 20.416 milliseconds in repetition 457
Round trip time was 26.584 milliseconds in repetition 458
Round trip time was 20.443 milliseconds in repetition 459
Round trip time was 20.345 milliseconds in repetition 460
Round trip time was 20.288 milliseconds in repetition 461
Round trip time was 20.525 milliseconds in repetition 462
Round trip time was 20.680 milliseconds in repetition 463
Round trip time was 20.285 milliseconds in repetition 464
Round trip time was 21.171 milliseconds in repetition 465
Round trip time was 22.200 milliseconds in repetition 466
Round trip time was 20.530 milliseconds in repetition 467
Round trip time was 20.398 milliseconds in repetition 468
Round trip time was 20.345 milliseconds in repetition 469
Round trip time was 21.146 milliseconds in repetition 470
Round trip time was 21.048 milliseconds in repetition 471
Round trip time was 20.378 milliseconds in repetition 472
Round trip time was 20.951 milliseconds in repetition 473
Round trip time was 20.365 milliseconds in repetition 474
Round trip time was 20.583 milliseconds in repetition 475
Round trip time was 20.439 milliseconds in repetition 476
Round trip time was 20.831 milliseconds in repetition 477
Round trip time was 20.432 milliseconds in repetition 478
Round trip time was 20.401 milliseconds in repetition 479
Round trip time was 20.365 milliseconds in repetition 480
Round trip time was 20.368 milliseconds in repetition 481
Round trip time was 21.450 milliseconds in repetition 482
Round trip time was 21.380 milliseconds in repetition 483
Round trip time was 20.324 milliseconds in repetition 484
Round trip time was 21.898 milliseconds in repetition 485
Round trip time was 20.916 milliseconds in repetition 486
Round trip time was 23.809 milliseconds in repetition 487
Round trip time was 24.964 milliseconds in repetition 488
Round trip time was 21.706 milliseconds in repetition 489
Round trip time was 22.825 milliseconds in repetition 490
Round trip time was 31.386 milliseconds in repetition 491
Round trip time was 24.393 milliseconds in repetition 492
Round trip time was 21.043 milliseconds in repetition 493
Round trip time was 21.002 milliseconds in repetition 494
Round trip time was 22.538 milliseconds in repetition 495
Round trip time was 20.480 milliseconds in repetition 496
Round trip time was 20.724 milliseconds in repetition 497
Round trip time was 21.080 milliseconds in repetition 498
Round trip time was 21.009 milliseconds in repetition 499
Round trip time was 21.145 milliseconds in repetition 500
Round trip time was 22.347 milliseconds in repetition 501

 ... clock resolution was 1e-06
UDP Ping:  Statistics over 501 repetitions of 512 byte messages

RTT : percentile 10: 20.371, median: 20.814, percentile 90: 22.6553, average: 21.5173, variance: 8.7834

RTT histogram:
20.2424 368
22.8172 109
25.392 11
27.9669 3
30.5417 3
33.1165 5
35.6914 0
38.2662 1
40.841 0
43.4158 0
45.9907 0
48.5655 0
51.1403 0
53.7151 0
56.29 0
58.8648 0
61.4396 0
64.0144 0
66.5893 0
69.1641 0
71.7389 1

   median Throughput : 49.1977 KB/s   overall Throughput : 47.5897 KB/s

