UDP Ping trying to connect to server seti.dibris.unige.it (130.251.61.30) on TCP port 1491
 ... connected to Pong server: asking for 501 repetitions of 1024 _bytes UDP messages
 ... Pong server agreed to ping-pong using port 49152 :-)
Round trip time was 41.393 milliseconds in repetition 1
Round trip time was 26.098 milliseconds in repetition 2
Round trip time was 26.041 milliseconds in repetition 3
Round trip time was 25.955 milliseconds in repetition 4
Round trip time was 26.088 milliseconds in repetition 5
Round trip time was 25.909 milliseconds in repetition 6
Round trip time was 26.648 milliseconds in repetition 7
Round trip time was 25.971 milliseconds in repetition 8
Round trip time was 26.408 milliseconds in repetition 9
Round trip time was 26.274 milliseconds in repetition 10
Round trip time was 26.565 milliseconds in repetition 11
Round trip time was 26.592 milliseconds in repetition 12
Round trip time was 26.043 milliseconds in repetition 13
Round trip time was 26.875 milliseconds in repetition 14
Round trip time was 51.906 milliseconds in repetition 15
Round trip time was 25.938 milliseconds in repetition 16
Round trip time was 25.896 milliseconds in repetition 17
Round trip time was 25.735 milliseconds in repetition 18
Round trip time was 26.382 milliseconds in repetition 19
Round trip time was 26.192 milliseconds in repetition 20
Round trip time was 27.455 milliseconds in repetition 21
Round trip time was 25.160 milliseconds in repetition 22
Round trip time was 25.100 milliseconds in repetition 23
Round trip time was 25.168 milliseconds in repetition 24
Round trip time was 25.018 milliseconds in repetition 25
Round trip time was 26.883 milliseconds in repetition 26
Round trip time was 26.305 milliseconds in repetition 27
Round trip time was 25.096 milliseconds in repetition 28
Round trip time was 26.197 milliseconds in repetition 29
Round trip time was 25.010 milliseconds in repetition 30
Round trip time was 25.237 milliseconds in repetition 31
Round trip time was 25.991 milliseconds in repetition 32
Round trip time was 25.111 milliseconds in repetition 33
Round trip time was 25.227 milliseconds in repetition 34
Round trip time was 26.277 milliseconds in repetition 35
Round trip time was 25.588 milliseconds in repetition 36
Round trip time was 26.604 milliseconds in repetition 37
Round trip time was 25.790 milliseconds in repetition 38
Round trip time was 25.126 milliseconds in repetition 39
Round trip time was 25.927 milliseconds in repetition 40
Round trip time was 26.615 milliseconds in repetition 41
Round trip time was 25.103 milliseconds in repetition 42
Round trip time was 25.028 milliseconds in repetition 43
Round trip time was 25.649 milliseconds in repetition 44
Round trip time was 25.154 milliseconds in repetition 45
Round trip time was 25.260 milliseconds in repetition 46
Round trip time was 26.192 milliseconds in repetition 47
Round trip time was 26.233 milliseconds in repetition 48
Round trip time was 25.238 milliseconds in repetition 49
Round trip time was 25.354 milliseconds in repetition 50
Round trip time was 26.779 milliseconds in repetition 51
Round trip time was 25.172 milliseconds in repetition 52
Round trip time was 26.454 milliseconds in repetition 53
Round trip time was 25.163 milliseconds in repetition 54
Round trip time was 25.987 milliseconds in repetition 55
Round trip time was 27.520 milliseconds in repetition 56
Round trip time was 26.218 milliseconds in repetition 57
Round trip time was 25.126 milliseconds in repetition 58
Round trip time was 25.168 milliseconds in repetition 59
Round trip time was 25.364 milliseconds in repetition 60
Round trip time was 26.033 milliseconds in repetition 61
Round trip time was 33.528 milliseconds in repetition 62
Round trip time was 25.478 milliseconds in repetition 63
Round trip time was 25.142 milliseconds in repetition 64
Round trip time was 24.964 milliseconds in repetition 65
Round trip time was 25.394 milliseconds in repetition 66
Round trip time was 25.519 milliseconds in repetition 67
Round trip time was 24.940 milliseconds in repetition 68
Round trip time was 25.104 milliseconds in repetition 69
Round trip time was 26.192 milliseconds in repetition 70
Round trip time was 26.013 milliseconds in repetition 71
Round trip time was 25.510 milliseconds in repetition 72
Round trip time was 26.262 milliseconds in repetition 73
Round trip time was 26.040 milliseconds in repetition 74
Round trip time was 25.891 milliseconds in repetition 75
Round trip time was 40.275 milliseconds in repetition 76
Round trip time was 31.923 milliseconds in repetition 77
Round trip time was 25.309 milliseconds in repetition 78
Round trip time was 25.148 milliseconds in repetition 79
Round trip time was 24.995 milliseconds in repetition 80
Round trip time was 25.127 milliseconds in repetition 81
Round trip time was 25.146 milliseconds in repetition 82
Round trip time was 25.161 milliseconds in repetition 83
Round trip time was 25.800 milliseconds in repetition 84
Round trip time was 25.584 milliseconds in repetition 85
Round trip time was 25.020 milliseconds in repetition 86
Round trip time was 25.019 milliseconds in repetition 87
Round trip time was 45.283 milliseconds in repetition 88
Round trip time was 25.463 milliseconds in repetition 89
Round trip time was 26.125 milliseconds in repetition 90
Round trip time was 26.800 milliseconds in repetition 91
Round trip time was 25.946 milliseconds in repetition 92
Round trip time was 25.093 milliseconds in repetition 93
Round trip time was 25.115 milliseconds in repetition 94
Round trip time was 25.602 milliseconds in repetition 95
Round trip time was 25.208 milliseconds in repetition 96
Round trip time was 25.057 milliseconds in repetition 97
Round trip time was 26.061 milliseconds in repetition 98
Round trip time was 25.109 milliseconds in repetition 99
Round trip time was 27.431 milliseconds in repetition 100
Round trip time was 26.077 milliseconds in repetition 101
Round trip time was 25.256 milliseconds in repetition 102
Round trip time was 25.572 milliseconds in repetition 103
Round trip time was 25.331 milliseconds in repetition 104
Round trip time was 24.945 milliseconds in repetition 105
Round trip time was 25.258 milliseconds in repetition 106
Round trip time was 25.217 milliseconds in repetition 107
Round trip time was 25.095 milliseconds in repetition 108
Round trip time was 25.156 milliseconds in repetition 109
Round trip time was 24.987 milliseconds in repetition 110
Round trip time was 25.153 milliseconds in repetition 111
Round trip time was 25.253 milliseconds in repetition 112
Round trip time was 26.323 milliseconds in repetition 113
Round trip time was 73.465 milliseconds in repetition 114
Round trip time was 25.917 milliseconds in repetition 115
Round trip time was 25.145 milliseconds in repetition 116
Round trip time was 26.766 milliseconds in repetition 117
Round trip time was 26.700 milliseconds in repetition 118
Round trip time was 26.152 milliseconds in repetition 119
Round trip time was 25.756 milliseconds in repetition 120
Round trip time was 25.214 milliseconds in repetition 121
Round trip time was 25.008 milliseconds in repetition 122
Round trip time was 45.320 milliseconds in repetition 123
Round trip time was 27.098 milliseconds in repetition 124
Round trip time was 25.483 milliseconds in repetition 125
Round trip time was 25.352 milliseconds in repetition 126
Round trip time was 25.300 milliseconds in repetition 127
Round trip time was 25.301 milliseconds in repetition 128
Round trip time was 25.177 milliseconds in repetition 129
Round trip time was 25.516 milliseconds in repetition 130
Round trip time was 27.160 milliseconds in repetition 131
Round trip time was 25.284 milliseconds in repetition 132
Round trip time was 25.650 milliseconds in repetition 133
Round trip time was 25.462 milliseconds in repetition 134
Round trip time was 25.988 milliseconds in repetition 135
Round trip time was 26.688 milliseconds in repetition 136
Round trip time was 25.419 milliseconds in repetition 137
Round trip time was 25.570 milliseconds in repetition 138
Round trip time was 25.865 milliseconds in repetition 139
Round trip time was 25.356 milliseconds in repetition 140
Round trip time was 25.120 milliseconds in repetition 141
Round trip time was 25.828 milliseconds in repetition 142
Round trip time was 25.276 milliseconds in repetition 143
Round trip time was 25.027 milliseconds in repetition 144
Round trip time was 25.302 milliseconds in repetition 145
Round trip time was 25.022 milliseconds in repetition 146
Round trip time was 25.181 milliseconds in repetition 147
Round trip time was 25.261 milliseconds in repetition 148
Round trip time was 25.568 milliseconds in repetition 149
Round trip time was 25.994 milliseconds in repetition 150
Round trip time was 25.509 milliseconds in repetition 151
Round trip time was 25.668 milliseconds in repetition 152
Round trip time was 28.932 milliseconds in repetition 153
Round trip time was 25.069 milliseconds in repetition 154
Round trip time was 25.160 milliseconds in repetition 155
Round trip time was 25.160 milliseconds in repetition 156
Round trip time was 25.249 milliseconds in repetition 157
Round trip time was 27.558 milliseconds in repetition 158
Round trip time was 25.353 milliseconds in repetition 159
Round trip time was 25.149 milliseconds in repetition 160
Round trip time was 27.021 milliseconds in repetition 161
Round trip time was 26.731 milliseconds in repetition 162
Round trip time was 25.166 milliseconds in repetition 163
Round trip time was 28.326 milliseconds in repetition 164
Round trip time was 26.791 milliseconds in repetition 165
Round trip time was 25.536 milliseconds in repetition 166
Round trip time was 25.298 milliseconds in repetition 167
Round trip time was 25.299 milliseconds in repetition 168
Round trip time was 25.965 milliseconds in repetition 169
Round trip time was 27.437 milliseconds in repetition 170
Round trip time was 24.972 milliseconds in repetition 171
Round trip time was 25.000 milliseconds in repetition 172
Round trip time was 24.940 milliseconds in repetition 173
Round trip time was 25.513 milliseconds in repetition 174
Round trip time was 25.640 milliseconds in repetition 175
Round trip time was 25.051 milliseconds in repetition 176
Round trip time was 25.974 milliseconds in repetition 177
Round trip time was 25.310 milliseconds in repetition 178
Round trip time was 24.991 milliseconds in repetition 179
Round trip time was 25.150 milliseconds in repetition 180
Round trip time was 25.281 milliseconds in repetition 181
Round trip time was 25.289 milliseconds in repetition 182
Round trip time was 25.646 milliseconds in repetition 183
Round trip time was 25.007 milliseconds in repetition 184
Round trip time was 26.229 milliseconds in repetition 185
Round trip time was 25.284 milliseconds in repetition 186
Round trip time was 26.423 milliseconds in repetition 187
Round trip time was 26.084 milliseconds in repetition 188
Round trip time was 24.941 milliseconds in repetition 189
Round trip time was 25.161 milliseconds in repetition 190
Round trip time was 24.967 milliseconds in repetition 191
Round trip time was 25.061 milliseconds in repetition 192
Round trip time was 25.157 milliseconds in repetition 193
Round trip time was 25.332 milliseconds in repetition 194
Round trip time was 25.443 milliseconds in repetition 195
Round trip time was 25.187 milliseconds in repetition 196
Round trip time was 25.115 milliseconds in repetition 197
Round trip time was 25.015 milliseconds in repetition 198
Round trip time was 25.658 milliseconds in repetition 199
Round trip time was 26.586 milliseconds in repetition 200
Round trip time was 25.099 milliseconds in repetition 201
Round trip time was 25.075 milliseconds in repetition 202
Round trip time was 25.094 milliseconds in repetition 203
Round trip time was 25.558 milliseconds in repetition 204
Round trip time was 28.249 milliseconds in repetition 205
Round trip time was 25.202 milliseconds in repetition 206
Round trip time was 25.171 milliseconds in repetition 207
Round trip time was 25.148 milliseconds in repetition 208
Round trip time was 25.089 milliseconds in repetition 209
Round trip time was 25.004 milliseconds in repetition 210
Round trip time was 25.344 milliseconds in repetition 211
Round trip time was 25.027 milliseconds in repetition 212
Round trip time was 24.931 milliseconds in repetition 213
Round trip time was 25.006 milliseconds in repetition 214
Round trip time was 25.095 milliseconds in repetition 215
Round trip time was 25.037 milliseconds in repetition 216
Round trip time was 25.120 milliseconds in repetition 217
Round trip time was 25.254 milliseconds in repetition 218
Round trip time was 24.943 milliseconds in repetition 219
Round trip time was 25.100 milliseconds in repetition 220
Round trip time was 24.984 milliseconds in repetition 221
Round trip time was 25.153 milliseconds in repetition 222
Round trip time was 24.904 milliseconds in repetition 223
Round trip time was 25.180 milliseconds in repetition 224
Round trip time was 25.246 milliseconds in repetition 225
Round trip time was 25.191 milliseconds in repetition 226
Round trip time was 27.502 milliseconds in repetition 227
Round trip time was 41.078 milliseconds in repetition 228
Round trip time was 29.478 milliseconds in repetition 229
Round trip time was 25.214 milliseconds in repetition 230
Round trip time was 25.450 milliseconds in repetition 231
Round trip time was 25.065 milliseconds in repetition 232
Round trip time was 25.459 milliseconds in repetition 233
Round trip time was 25.333 milliseconds in repetition 234
Round trip time was 25.388 milliseconds in repetition 235
Round trip time was 25.019 milliseconds in repetition 236
Round trip time was 25.154 milliseconds in repetition 237
Round trip time was 25.706 milliseconds in repetition 238
Round trip time was 26.518 milliseconds in repetition 239
Round trip time was 25.096 milliseconds in repetition 240
Round trip time was 24.969 milliseconds in repetition 241
Round trip time was 28.463 milliseconds in repetition 242
Round trip time was 25.592 milliseconds in repetition 243
Round trip time was 25.671 milliseconds in repetition 244
Round trip time was 25.483 milliseconds in repetition 245
Round trip time was 25.487 milliseconds in repetition 246
Round trip time was 26.435 milliseconds in repetition 247
Round trip time was 25.502 milliseconds in repetition 248
Round trip time was 25.488 milliseconds in repetition 249
Round trip time was 26.621 milliseconds in repetition 250
Round trip time was 27.631 milliseconds in repetition 251
Round trip time was 25.348 milliseconds in repetition 252
Round trip time was 25.006 milliseconds in repetition 253
Round trip time was 25.322 milliseconds in repetition 254
Round trip time was 26.270 milliseconds in repetition 255
Round trip time was 25.983 milliseconds in repetition 256
Round trip time was 25.643 milliseconds in repetition 257
Round trip time was 28.218 milliseconds in repetition 258
Round trip time was 25.235 milliseconds in repetition 259
Round trip time was 25.264 milliseconds in repetition 260
Round trip time was 24.950 milliseconds in repetition 261
Round trip time was 25.079 milliseconds in repetition 262
Round trip time was 25.049 milliseconds in repetition 263
Round trip time was 25.129 milliseconds in repetition 264
Round trip time was 25.178 milliseconds in repetition 265
Round trip time was 25.034 milliseconds in repetition 266
Round trip time was 25.747 milliseconds in repetition 267
Round trip time was 25.505 milliseconds in repetition 268
Round trip time was 25.111 milliseconds in repetition 269
Round trip time was 25.880 milliseconds in repetition 270
Round trip time was 26.045 milliseconds in repetition 271
Round trip time was 25.002 milliseconds in repetition 272
Round trip time was 25.290 milliseconds in repetition 273
Round trip time was 25.358 milliseconds in repetition 274
Round trip time was 24.963 milliseconds in repetition 275
Round trip time was 25.192 milliseconds in repetition 276
Round trip time was 25.154 milliseconds in repetition 277
Round trip time was 25.264 milliseconds in repetition 278
Round trip time was 25.149 milliseconds in repetition 279
Round trip time was 25.391 milliseconds in repetition 280
Round trip time was 25.362 milliseconds in repetition 281
Round trip time was 25.787 milliseconds in repetition 282
Round trip time was 25.482 milliseconds in repetition 283
Round trip time was 25.666 milliseconds in repetition 284
Round trip time was 25.464 milliseconds in repetition 285
Round trip time was 25.377 milliseconds in repetition 286
Round trip time was 25.532 milliseconds in repetition 287
Round trip time was 26.093 milliseconds in repetition 288
Round trip time was 25.582 milliseconds in repetition 289
Round trip time was 25.024 milliseconds in repetition 290
Round trip time was 25.870 milliseconds in repetition 291
Round trip time was 25.460 milliseconds in repetition 292
Round trip time was 24.958 milliseconds in repetition 293
Round trip time was 25.081 milliseconds in repetition 294
Round trip time was 26.129 milliseconds in repetition 295
Round trip time was 25.001 milliseconds in repetition 296
Round trip time was 25.022 milliseconds in repetition 297
Round trip time was 25.826 milliseconds in repetition 298
Round trip time was 25.437 milliseconds in repetition 299
Round trip time was 24.945 milliseconds in repetition 300
Round trip time was 25.846 milliseconds in repetition 301
Round trip time was 26.859 milliseconds in repetition 302
Round trip time was 26.876 milliseconds in repetition 303
Round trip time was 26.407 milliseconds in repetition 304
Round trip time was 29.672 milliseconds in repetition 305
Round trip time was 25.098 milliseconds in repetition 306
Round trip time was 25.374 milliseconds in repetition 307
Round trip time was 25.638 milliseconds in repetition 308
Round trip time was 25.460 milliseconds in repetition 309
Round trip time was 25.760 milliseconds in repetition 310
Round trip time was 25.162 milliseconds in repetition 311
Round trip time was 25.485 milliseconds in repetition 312
Round trip time was 25.120 milliseconds in repetition 313
Round trip time was 25.403 milliseconds in repetition 314
Round trip time was 26.264 milliseconds in repetition 315
Round trip time was 24.970 milliseconds in repetition 316
Round trip time was 25.880 milliseconds in repetition 317
Round trip time was 28.096 milliseconds in repetition 318
Round trip time was 26.028 milliseconds in repetition 319
Round trip time was 27.478 milliseconds in repetition 320
Round trip time was 25.253 milliseconds in repetition 321
Round trip time was 26.658 milliseconds in repetition 322
Round trip time was 28.906 milliseconds in repetition 323
Round trip time was 28.964 milliseconds in repetition 324
Round trip time was 25.226 milliseconds in repetition 325
Round trip time was 24.993 milliseconds in repetition 326
Round trip time was 26.365 milliseconds in repetition 327
Round trip time was 25.543 milliseconds in repetition 328
Round trip time was 27.495 milliseconds in repetition 329
Round trip time was 25.274 milliseconds in repetition 330
Round trip time was 25.373 milliseconds in repetition 331
Round trip time was 26.577 milliseconds in repetition 332
Round trip time was 27.657 milliseconds in repetition 333
Round trip time was 24.958 milliseconds in repetition 334
Round trip time was 25.079 milliseconds in repetition 335
Round trip time was 25.528 milliseconds in repetition 336
Round trip time was 26.141 milliseconds in repetition 337
Round trip time was 29.141 milliseconds in repetition 338
Round trip time was 25.119 milliseconds in repetition 339
Round trip time was 25.080 milliseconds in repetition 340
Round trip time was 25.417 milliseconds in repetition 341
Round trip time was 26.043 milliseconds in repetition 342
Round trip time was 25.964 milliseconds in repetition 343
Round trip time was 30.441 milliseconds in repetition 344
Round trip time was 24.996 milliseconds in repetition 345
Round trip time was 39.341 milliseconds in repetition 346
Round trip time was 25.692 milliseconds in repetition 347
Round trip time was 25.063 milliseconds in repetition 348
Round trip time was 25.938 milliseconds in repetition 349
Round trip time was 26.690 milliseconds in repetition 350
Round trip time was 25.807 milliseconds in repetition 351
Round trip time was 26.407 milliseconds in repetition 352
Round trip time was 26.042 milliseconds in repetition 353
Round trip time was 25.589 milliseconds in repetition 354
Round trip time was 25.213 milliseconds in repetition 355
Round trip time was 25.010 milliseconds in repetition 356
Round trip time was 25.983 milliseconds in repetition 357
Round trip time was 25.211 milliseconds in repetition 358
Round trip time was 24.973 milliseconds in repetition 359
Round trip time was 25.535 milliseconds in repetition 360
Round trip time was 24.994 milliseconds in repetition 361
Round trip time was 25.041 milliseconds in repetition 362
Round trip time was 25.264 milliseconds in repetition 363
Round trip time was 25.378 milliseconds in repetition 364
Round trip time was 26.473 milliseconds in repetition 365
Round trip time was 25.100 milliseconds in repetition 366
Round trip time was 25.498 milliseconds in repetition 367
Round trip time was 24.976 milliseconds in repetition 368
Round trip time was 25.376 milliseconds in repetition 369
Round trip time was 25.580 milliseconds in repetition 370
Round trip time was 25.281 milliseconds in repetition 371
Round trip time was 26.033 milliseconds in repetition 372
Round trip time was 25.054 milliseconds in repetition 373
Round trip time was 25.546 milliseconds in repetition 374
Round trip time was 25.287 milliseconds in repetition 375
Round trip time was 25.070 milliseconds in repetition 376
Round trip time was 25.594 milliseconds in repetition 377
Round trip time was 25.515 milliseconds in repetition 378
Round trip time was 26.567 milliseconds in repetition 379
Round trip time was 26.468 milliseconds in repetition 380
Round trip time was 26.407 milliseconds in repetition 381
Round trip time was 27.386 milliseconds in repetition 382
Round trip time was 25.107 milliseconds in repetition 383
Round trip time was 25.113 milliseconds in repetition 384
Round trip time was 29.273 milliseconds in repetition 385
Round trip time was 25.778 milliseconds in repetition 386
Round trip time was 25.398 milliseconds in repetition 387
Round trip time was 25.788 milliseconds in repetition 388
Round trip time was 26.790 milliseconds in repetition 389
Round trip time was 26.386 milliseconds in repetition 390
Round trip time was 24.966 milliseconds in repetition 391
Round trip time was 25.130 milliseconds in repetition 392
Round trip time was 27.205 milliseconds in repetition 393
Round trip time was 26.004 milliseconds in repetition 394
Round trip time was 24.984 milliseconds in repetition 395
Round trip time was 26.110 milliseconds in repetition 396
Round trip time was 33.296 milliseconds in repetition 397
Round trip time was 25.539 milliseconds in repetition 398
Round trip time was 25.482 milliseconds in repetition 399
Round trip time was 25.537 milliseconds in repetition 400
Round trip time was 25.118 milliseconds in repetition 401
Round trip time was 26.729 milliseconds in repetition 402
Round trip time was 26.014 milliseconds in repetition 403
Round trip time was 25.043 milliseconds in repetition 404
Round trip time was 25.058 milliseconds in repetition 405
Round trip time was 25.041 milliseconds in repetition 406
Round trip time was 25.067 milliseconds in repetition 407
Round trip time was 25.126 milliseconds in repetition 408
Round trip time was 26.047 milliseconds in repetition 409
Round trip time was 25.493 milliseconds in repetition 410
Round trip time was 26.185 milliseconds in repetition 411
Round trip time was 25.315 milliseconds in repetition 412
Round trip time was 26.262 milliseconds in repetition 413
Round trip time was 25.517 milliseconds in repetition 414
Round trip time was 25.286 milliseconds in repetition 415
Round trip time was 25.353 milliseconds in repetition 416
Round trip time was 25.341 milliseconds in repetition 417
Round trip time was 25.575 milliseconds in repetition 418
Round trip time was 25.676 milliseconds in repetition 419
Round trip time was 30.671 milliseconds in repetition 420
Round trip time was 25.692 milliseconds in repetition 421
Round trip time was 25.446 milliseconds in repetition 422
Round trip time was 25.992 milliseconds in repetition 423
Round trip time was 25.694 milliseconds in repetition 424
Round trip time was 26.269 milliseconds in repetition 425
Round trip time was 26.966 milliseconds in repetition 426
Round trip time was 26.530 milliseconds in repetition 427
Round trip time was 26.904 milliseconds in repetition 428
Round trip time was 25.430 milliseconds in repetition 429
Round trip time was 25.986 milliseconds in repetition 430
Round trip time was 26.005 milliseconds in repetition 431
Round trip time was 25.337 milliseconds in repetition 432
Round trip time was 25.157 milliseconds in repetition 433
Round trip time was 28.461 milliseconds in repetition 434
Round trip time was 26.326 milliseconds in repetition 435
Round trip time was 27.154 milliseconds in repetition 436
Round trip time was 25.491 milliseconds in repetition 437
Round trip time was 25.519 milliseconds in repetition 438
Round trip time was 27.547 milliseconds in repetition 439
Round trip time was 25.590 milliseconds in repetition 440
Round trip time was 25.381 milliseconds in repetition 441
Round trip time was 25.966 milliseconds in repetition 442
Round trip time was 25.313 milliseconds in repetition 443
Round trip time was 25.427 milliseconds in repetition 444
Round trip time was 26.603 milliseconds in repetition 445
Round trip time was 29.755 milliseconds in repetition 446
Round trip time was 26.700 milliseconds in repetition 447
Round trip time was 25.070 milliseconds in repetition 448
Round trip time was 43.865 milliseconds in repetition 449
Round trip time was 26.420 milliseconds in repetition 450
Round trip time was 34.828 milliseconds in repetition 451
Round trip time was 25.659 milliseconds in repetition 452
Round trip time was 25.365 milliseconds in repetition 453
Round trip time was 25.546 milliseconds in repetition 454
Round trip time was 26.512 milliseconds in repetition 455
Round trip time was 28.687 milliseconds in repetition 456
Round trip time was 25.773 milliseconds in repetition 457
Round trip time was 25.079 milliseconds in repetition 458
Round trip time was 24.930 milliseconds in repetition 459
Round trip time was 25.941 milliseconds in repetition 460
Round trip time was 25.019 milliseconds in repetition 461
Round trip time was 25.126 milliseconds in repetition 462
Round trip time was 25.058 milliseconds in repetition 463
Round trip time was 26.004 milliseconds in repetition 464
Round trip time was 27.058 milliseconds in repetition 465
Round trip time was 25.303 milliseconds in repetition 466
Round trip time was 25.015 milliseconds in repetition 467
Round trip time was 25.419 milliseconds in repetition 468
Round trip time was 25.235 milliseconds in repetition 469
Round trip time was 25.489 milliseconds in repetition 470
Round trip time was 25.031 milliseconds in repetition 471
Round trip time was 24.954 milliseconds in repetition 472
Round trip time was 25.397 milliseconds in repetition 473
Round trip time was 25.658 milliseconds in repetition 474
Round trip time was 27.803 milliseconds in repetition 475
Round trip time was 25.656 milliseconds in repetition 476
Round trip time was 26.429 milliseconds in repetition 477
Round trip time was 26.687 milliseconds in repetition 478
Round trip time was 25.684 milliseconds in repetition 479
Round trip time was 26.036 milliseconds in repetition 480
Round trip time was 25.512 milliseconds in repetition 481
Round trip time was 25.048 milliseconds in repetition 482
Round trip time was 26.057 milliseconds in repetition 483
Round trip time was 25.236 milliseconds in repetition 484
Round trip time was 25.027 milliseconds in repetition 485
Round trip time was 25.104 milliseconds in repetition 486
Round trip time was 25.246 milliseconds in repetition 487
Round trip time was 25.217 milliseconds in repetition 488
Round trip time was 25.025 milliseconds in repetition 489
Round trip time was 25.794 milliseconds in repetition 490
Round trip time was 25.790 milliseconds in repetition 491
Round trip time was 26.791 milliseconds in repetition 492
Round trip time was 26.023 milliseconds in repetition 493
Round trip time was 24.932 milliseconds in repetition 494
Round trip time was 27.588 milliseconds in repetition 495
Round trip time was 25.306 milliseconds in repetition 496
Round trip time was 25.244 milliseconds in repetition 497
Round trip time was 25.604 milliseconds in repetition 498
Round trip time was 26.543 milliseconds in repetition 499
Round trip time was 25.576 milliseconds in repetition 500
Round trip time was 27.534 milliseconds in repetition 501

 ... clock resolution was 1e-06
UDP Ping:  Statistics over 501 repetitions of 1024 byte messages

RTT : percentile 10: 25.0241, median: 25.4854, percentile 90: 27.0212, average: 26.1927, variance: 10.9173

RTT histogram:
24.9037 380
27.3318 97
29.7598 11
32.1879 2
34.6159 2
37.044 0
39.4721 2
41.9001 2
44.3282 3
46.7562 0
49.1843 0
51.6124 1
54.0404 0
56.4685 0
58.8965 0
61.3246 0
63.7527 0
66.1807 0
68.6088 0
71.0368 0
73.4649 1

   median Throughput : 80.3597 KB/s   overall Throughput : 78.1897 KB/s

