UDP Ping trying to connect to server seti.dibris.unige.it (130.251.61.30) on TCP port 1491
 ... connected to Pong server: asking for 501 repetitions of 96 _bytes UDP messages
 ... Pong server agreed to ping-pong using port 49152 :-)
Round trip time was 27.840 milliseconds in repetition 1
Round trip time was 25.466 milliseconds in repetition 2
Round trip time was 25.610 milliseconds in repetition 3
Round trip time was 25.736 milliseconds in repetition 4
Round trip time was 26.240 milliseconds in repetition 5
Round trip time was 25.547 milliseconds in repetition 6
Round trip time was 28.020 milliseconds in repetition 7
Round trip time was 26.853 milliseconds in repetition 8
Round trip time was 26.558 milliseconds in repetition 9
Round trip time was 26.447 milliseconds in repetition 10
Round trip time was 25.692 milliseconds in repetition 11
Round trip time was 25.888 milliseconds in repetition 12
Round trip time was 25.348 milliseconds in repetition 13
Round trip time was 25.929 milliseconds in repetition 14
Round trip time was 25.648 milliseconds in repetition 15
Round trip time was 25.364 milliseconds in repetition 16
Round trip time was 25.775 milliseconds in repetition 17
Round trip time was 25.855 milliseconds in repetition 18
Round trip time was 27.122 milliseconds in repetition 19
Round trip time was 26.248 milliseconds in repetition 20
Round trip time was 24.870 milliseconds in repetition 21
Round trip time was 24.786 milliseconds in repetition 22
Round trip time was 25.450 milliseconds in repetition 23
Round trip time was 24.834 milliseconds in repetition 24
Round trip time was 25.608 milliseconds in repetition 25
Round trip time was 25.490 milliseconds in repetition 26
Round trip time was 25.415 milliseconds in repetition 27
Round trip time was 25.156 milliseconds in repetition 28
Round trip time was 25.006 milliseconds in repetition 29
Round trip time was 24.919 milliseconds in repetition 30
Round trip time was 24.900 milliseconds in repetition 31
Round trip time was 25.054 milliseconds in repetition 32
Round trip time was 24.983 milliseconds in repetition 33
Round trip time was 25.101 milliseconds in repetition 34
Round trip time was 25.861 milliseconds in repetition 35
Round trip time was 26.925 milliseconds in repetition 36
Round trip time was 27.911 milliseconds in repetition 37
Round trip time was 25.097 milliseconds in repetition 38
Round trip time was 25.017 milliseconds in repetition 39
Round trip time was 25.082 milliseconds in repetition 40
Round trip time was 25.332 milliseconds in repetition 41
Round trip time was 26.304 milliseconds in repetition 42
Round trip time was 25.375 milliseconds in repetition 43
Round trip time was 25.091 milliseconds in repetition 44
Round trip time was 25.083 milliseconds in repetition 45
Round trip time was 25.246 milliseconds in repetition 46
Round trip time was 24.910 milliseconds in repetition 47
Round trip time was 24.950 milliseconds in repetition 48
Round trip time was 25.054 milliseconds in repetition 49
Round trip time was 26.181 milliseconds in repetition 50
Round trip time was 24.859 milliseconds in repetition 51
Round trip time was 25.599 milliseconds in repetition 52
Round trip time was 25.736 milliseconds in repetition 53
Round trip time was 25.157 milliseconds in repetition 54
Round trip time was 24.764 milliseconds in repetition 55
Round trip time was 25.328 milliseconds in repetition 56
Round trip time was 27.538 milliseconds in repetition 57
Round trip time was 25.270 milliseconds in repetition 58
Round trip time was 25.660 milliseconds in repetition 59
Round trip time was 25.031 milliseconds in repetition 60
Round trip time was 25.451 milliseconds in repetition 61
Round trip time was 24.831 milliseconds in repetition 62
Round trip time was 27.154 milliseconds in repetition 63
Round trip time was 26.233 milliseconds in repetition 64
Round trip time was 27.299 milliseconds in repetition 65
Round trip time was 26.772 milliseconds in repetition 66
Round trip time was 25.591 milliseconds in repetition 67
Round trip time was 25.715 milliseconds in repetition 68
Round trip time was 25.948 milliseconds in repetition 69
Round trip time was 25.300 milliseconds in repetition 70
Round trip time was 25.619 milliseconds in repetition 71
Round trip time was 26.103 milliseconds in repetition 72
Round trip time was 25.113 milliseconds in repetition 73
Round trip time was 26.828 milliseconds in repetition 74
Round trip time was 29.329 milliseconds in repetition 75
Round trip time was 25.078 milliseconds in repetition 76
Round trip time was 25.050 milliseconds in repetition 77
Round trip time was 24.813 milliseconds in repetition 78
Round trip time was 24.873 milliseconds in repetition 79
Round trip time was 25.136 milliseconds in repetition 80
Round trip time was 24.968 milliseconds in repetition 81
Round trip time was 29.779 milliseconds in repetition 82
Round trip time was 25.795 milliseconds in repetition 83
Round trip time was 28.937 milliseconds in repetition 84
Round trip time was 25.912 milliseconds in repetition 85
Round trip time was 25.466 milliseconds in repetition 86
Round trip time was 26.826 milliseconds in repetition 87
Round trip time was 25.940 milliseconds in repetition 88
Round trip time was 25.406 milliseconds in repetition 89
Round trip time was 30.471 milliseconds in repetition 90
Round trip time was 30.483 milliseconds in repetition 91
Round trip time was 29.523 milliseconds in repetition 92
Round trip time was 26.022 milliseconds in repetition 93
Round trip time was 29.514 milliseconds in repetition 94
Round trip time was 25.618 milliseconds in repetition 95
Round trip time was 24.813 milliseconds in repetition 96
Round trip time was 25.246 milliseconds in repetition 97
Round trip time was 25.066 milliseconds in repetition 98
Round trip time was 30.255 milliseconds in repetition 99
Round trip time was 25.844 milliseconds in repetition 100
Round trip time was 25.830 milliseconds in repetition 101
Round trip time was 26.624 milliseconds in repetition 102
Round trip time was 36.752 milliseconds in repetition 103
Round trip time was 26.314 milliseconds in repetition 104
Round trip time was 26.468 milliseconds in repetition 105
Round trip time was 29.704 milliseconds in repetition 106
Round trip time was 42.346 milliseconds in repetition 107
Round trip time was 41.364 milliseconds in repetition 108
Round trip time was 55.119 milliseconds in repetition 109
Round trip time was 46.263 milliseconds in repetition 110
Round trip time was 54.059 milliseconds in repetition 111
Round trip time was 40.574 milliseconds in repetition 112
Round trip time was 43.354 milliseconds in repetition 113
Round trip time was 45.435 milliseconds in repetition 114
Round trip time was 46.722 milliseconds in repetition 115
Round trip time was 40.659 milliseconds in repetition 116
Round trip time was 61.714 milliseconds in repetition 117
Round trip time was 43.615 milliseconds in repetition 118
Round trip time was 40.405 milliseconds in repetition 119
Round trip time was 39.741 milliseconds in repetition 120
Round trip time was 51.631 milliseconds in repetition 121
Round trip time was 44.703 milliseconds in repetition 122
Round trip time was 51.239 milliseconds in repetition 123
Round trip time was 27.523 milliseconds in repetition 124
Round trip time was 29.728 milliseconds in repetition 125
Round trip time was 26.704 milliseconds in repetition 126
Round trip time was 29.724 milliseconds in repetition 127
Round trip time was 25.748 milliseconds in repetition 128
Round trip time was 25.405 milliseconds in repetition 129
Round trip time was 34.008 milliseconds in repetition 130
Round trip time was 25.842 milliseconds in repetition 131
Round trip time was 44.126 milliseconds in repetition 132
Round trip time was 25.483 milliseconds in repetition 133
Round trip time was 24.865 milliseconds in repetition 134
Round trip time was 27.231 milliseconds in repetition 135
Round trip time was 25.437 milliseconds in repetition 136
Round trip time was 24.738 milliseconds in repetition 137
Round trip time was 24.823 milliseconds in repetition 138
Round trip time was 24.805 milliseconds in repetition 139
Round trip time was 26.089 milliseconds in repetition 140
Round trip time was 25.165 milliseconds in repetition 141
Round trip time was 27.119 milliseconds in repetition 142
Round trip time was 25.236 milliseconds in repetition 143
Round trip time was 24.728 milliseconds in repetition 144
Round trip time was 24.830 milliseconds in repetition 145
Round trip time was 25.220 milliseconds in repetition 146
Round trip time was 25.861 milliseconds in repetition 147
Round trip time was 25.974 milliseconds in repetition 148
Round trip time was 25.989 milliseconds in repetition 149
Round trip time was 25.884 milliseconds in repetition 150
Round trip time was 26.589 milliseconds in repetition 151
Round trip time was 25.240 milliseconds in repetition 152
Round trip time was 25.306 milliseconds in repetition 153
Round trip time was 27.142 milliseconds in repetition 154
Round trip time was 27.125 milliseconds in repetition 155
Round trip time was 27.018 milliseconds in repetition 156
Round trip time was 25.499 milliseconds in repetition 157
Round trip time was 27.277 milliseconds in repetition 158
Round trip time was 26.346 milliseconds in repetition 159
Round trip time was 26.233 milliseconds in repetition 160
Round trip time was 25.638 milliseconds in repetition 161
Round trip time was 25.492 milliseconds in repetition 162
Round trip time was 24.664 milliseconds in repetition 163
Round trip time was 25.474 milliseconds in repetition 164
Round trip time was 24.979 milliseconds in repetition 165
Round trip time was 25.070 milliseconds in repetition 166
Round trip time was 25.042 milliseconds in repetition 167
Round trip time was 25.463 milliseconds in repetition 168
Round trip time was 24.784 milliseconds in repetition 169
Round trip time was 25.041 milliseconds in repetition 170
Round trip time was 25.764 milliseconds in repetition 171
Round trip time was 25.176 milliseconds in repetition 172
Round trip time was 25.216 milliseconds in repetition 173
Round trip time was 25.238 milliseconds in repetition 174
Round trip time was 24.905 milliseconds in repetition 175
Round trip time was 25.344 milliseconds in repetition 176
Round trip time was 25.704 milliseconds in repetition 177
Round trip time was 24.768 milliseconds in repetition 178
Round trip time was 24.889 milliseconds in repetition 179
Round trip time was 25.106 milliseconds in repetition 180
Round trip time was 25.811 milliseconds in repetition 181
Round trip time was 24.912 milliseconds in repetition 182
Round trip time was 25.349 milliseconds in repetition 183
Round trip time was 26.044 milliseconds in repetition 184
Round trip time was 25.491 milliseconds in repetition 185
Round trip time was 25.118 milliseconds in repetition 186
Round trip time was 25.707 milliseconds in repetition 187
Round trip time was 25.562 milliseconds in repetition 188
Round trip time was 25.020 milliseconds in repetition 189
Round trip time was 25.894 milliseconds in repetition 190
Round trip time was 24.891 milliseconds in repetition 191
Round trip time was 28.560 milliseconds in repetition 192
Round trip time was 26.363 milliseconds in repetition 193
Round trip time was 25.354 milliseconds in repetition 194
Round trip time was 27.387 milliseconds in repetition 195
Round trip time was 27.083 milliseconds in repetition 196
Round trip time was 25.086 milliseconds in repetition 197
Round trip time was 24.704 milliseconds in repetition 198
Round trip time was 28.312 milliseconds in repetition 199
Round trip time was 26.388 milliseconds in repetition 200
Round trip time was 24.745 milliseconds in repetition 201
Round trip time was 25.264 milliseconds in repetition 202
Round trip time was 25.159 milliseconds in repetition 203
Round trip time was 25.280 milliseconds in repetition 204
Round trip time was 25.977 milliseconds in repetition 205
Round trip time was 25.889 milliseconds in repetition 206
Round trip time was 24.766 milliseconds in repetition 207
Round trip time was 24.762 milliseconds in repetition 208
Round trip time was 26.010 milliseconds in repetition 209
Round trip time was 27.677 milliseconds in repetition 210
Round trip time was 25.346 milliseconds in repetition 211
Round trip time was 24.999 milliseconds in repetition 212
Round trip time was 24.731 milliseconds in repetition 213
Round trip time was 25.087 milliseconds in repetition 214
Round trip time was 24.970 milliseconds in repetition 215
Round trip time was 24.801 milliseconds in repetition 216
Round trip time was 24.940 milliseconds in repetition 217
Round trip time was 24.838 milliseconds in repetition 218
Round trip time was 25.007 milliseconds in repetition 219
Round trip time was 26.624 milliseconds in repetition 220
Round trip time was 26.056 milliseconds in repetition 221
Round trip time was 25.162 milliseconds in repetition 222
Round trip time was 24.892 milliseconds in repetition 223
Round trip time was 25.624 milliseconds in repetition 224
Round trip time was 26.425 milliseconds in repetition 225
Round trip time was 25.946 milliseconds in repetition 226
Round trip time was 26.208 milliseconds in repetition 227
Round trip time was 24.981 milliseconds in repetition 228
Round trip time was 24.830 milliseconds in repetition 229
Round trip time was 25.237 milliseconds in repetition 230
Round trip time was 25.170 milliseconds in repetition 231
Round trip time was 24.704 milliseconds in repetition 232
Round trip time was 25.075 milliseconds in repetition 233
Round trip time was 25.156 milliseconds in repetition 234
Round trip time was 25.221 milliseconds in repetition 235
Round trip time was 24.837 milliseconds in repetition 236
Round trip time was 25.179 milliseconds in repetition 237
Round trip time was 78.720 milliseconds in repetition 238
Round trip time was 26.487 milliseconds in repetition 239
Round trip time was 25.688 milliseconds in repetition 240
Round trip time was 25.152 milliseconds in repetition 241
Round trip time was 27.134 milliseconds in repetition 242
Round trip time was 25.566 milliseconds in repetition 243
Round trip time was 26.382 milliseconds in repetition 244
Round trip time was 25.361 milliseconds in repetition 245
Round trip time was 25.052 milliseconds in repetition 246
Round trip time was 27.663 milliseconds in repetition 247
Round trip time was 25.190 milliseconds in repetition 248
Round trip time was 29.317 milliseconds in repetition 249
Round trip time was 27.450 milliseconds in repetition 250
Round trip time was 25.063 milliseconds in repetition 251
Round trip time was 25.382 milliseconds in repetition 252
Round trip time was 24.859 milliseconds in repetition 253
Round trip time was 24.911 milliseconds in repetition 254
Round trip time was 25.271 milliseconds in repetition 255
Round trip time was 24.876 milliseconds in repetition 256
Round trip time was 25.079 milliseconds in repetition 257
Round trip time was 24.792 milliseconds in repetition 258
Round trip time was 25.294 milliseconds in repetition 259
Round trip time was 25.053 milliseconds in repetition 260
Round trip time was 25.620 milliseconds in repetition 261
Round trip time was 25.750 milliseconds in repetition 262
Round trip time was 25.150 milliseconds in repetition 263
Round trip time was 25.030 milliseconds in repetition 264
Round trip time was 25.016 milliseconds in repetition 265
Round trip time was 24.812 milliseconds in repetition 266
Round trip time was 26.487 milliseconds in repetition 267
Round trip time was 30.190 milliseconds in repetition 268
Round trip time was 27.217 milliseconds in repetition 269
Round trip time was 25.511 milliseconds in repetition 270
Round trip time was 26.362 milliseconds in repetition 271
Round trip time was 25.745 milliseconds in repetition 272
Round trip time was 24.986 milliseconds in repetition 273
Round trip time was 25.047 milliseconds in repetition 274
Round trip time was 25.580 milliseconds in repetition 275
Round trip time was 24.865 milliseconds in repetition 276
Round trip time was 25.060 milliseconds in repetition 277
Round trip time was 24.939 milliseconds in repetition 278
Round trip time was 24.883 milliseconds in repetition 279
Round trip time was 24.868 milliseconds in repetition 280
Round trip time was 26.786 milliseconds in repetition 281
Round trip time was 25.069 milliseconds in repetition 282
Round trip time was 25.021 milliseconds in repetition 283
Round trip time was 25.835 milliseconds in repetition 284
Round trip time was 26.350 milliseconds in repetition 285
Round trip time was 32.253 milliseconds in repetition 286
Round trip time was 25.237 milliseconds in repetition 287
Round trip time was 26.929 milliseconds in repetition 288
Round trip time was 26.971 milliseconds in repetition 289
Round trip time was 24.874 milliseconds in repetition 290
Round trip time was 25.635 milliseconds in repetition 291
Round trip time was 25.610 milliseconds in repetition 292
Round trip time was 24.754 milliseconds in repetition 293
Round trip time was 25.130 milliseconds in repetition 294
Round trip time was 27.107 milliseconds in repetition 295
Round trip time was 25.434 milliseconds in repetition 296
Round trip time was 24.843 milliseconds in repetition 297
Round trip time was 25.801 milliseconds in repetition 298
Round trip time was 25.031 milliseconds in repetition 299
Round trip time was 24.912 milliseconds in repetition 300
Round trip time was 24.903 milliseconds in repetition 301
Round trip time was 25.147 milliseconds in repetition 302
Round trip time was 25.194 milliseconds in repetition 303
Round trip time was 24.926 milliseconds in repetition 304
Round trip time was 25.047 milliseconds in repetition 305
Round trip time was 25.870 milliseconds in repetition 306
Round trip time was 26.761 milliseconds in repetition 307
Round trip time was 24.918 milliseconds in repetition 308
Round trip time was 25.246 milliseconds in repetition 309
Round trip time was 25.311 milliseconds in repetition 310
Round trip time was 27.484 milliseconds in repetition 311
Round trip time was 25.145 milliseconds in repetition 312
Round trip time was 26.368 milliseconds in repetition 313
Round trip time was 25.240 milliseconds in repetition 314
Round trip time was 25.409 milliseconds in repetition 315
Round trip time was 26.792 milliseconds in repetition 316
Round trip time was 26.202 milliseconds in repetition 317
Round trip time was 25.182 milliseconds in repetition 318
Round trip time was 27.358 milliseconds in repetition 319
Round trip time was 25.409 milliseconds in repetition 320
Round trip time was 24.816 milliseconds in repetition 321
Round trip time was 25.793 milliseconds in repetition 322
Round trip time was 25.512 milliseconds in repetition 323
Round trip time was 26.607 milliseconds in repetition 324
Round trip time was 28.134 milliseconds in repetition 325
Round trip time was 25.098 milliseconds in repetition 326
Round trip time was 25.054 milliseconds in repetition 327
Round trip time was 26.078 milliseconds in repetition 328
Round trip time was 25.087 milliseconds in repetition 329
Round trip time was 25.650 milliseconds in repetition 330
Round trip time was 25.228 milliseconds in repetition 331
Round trip time was 25.400 milliseconds in repetition 332
Round trip time was 24.770 milliseconds in repetition 333
Round trip time was 25.493 milliseconds in repetition 334
Round trip time was 24.908 milliseconds in repetition 335
Round trip time was 30.787 milliseconds in repetition 336
Round trip time was 24.856 milliseconds in repetition 337
Round trip time was 25.169 milliseconds in repetition 338
Round trip time was 24.828 milliseconds in repetition 339
Round trip time was 26.000 milliseconds in repetition 340
Round trip time was 29.368 milliseconds in repetition 341
Round trip time was 27.770 milliseconds in repetition 342
Round trip time was 25.693 milliseconds in repetition 343
Round trip time was 25.251 milliseconds in repetition 344
Round trip time was 25.988 milliseconds in repetition 345
Round trip time was 26.035 milliseconds in repetition 346
Round trip time was 25.335 milliseconds in repetition 347
Round trip time was 25.327 milliseconds in repetition 348
Round trip time was 24.677 milliseconds in repetition 349
Round trip time was 25.236 milliseconds in repetition 350
Round trip time was 25.115 milliseconds in repetition 351
Round trip time was 25.776 milliseconds in repetition 352
Round trip time was 26.515 milliseconds in repetition 353
Round trip time was 26.266 milliseconds in repetition 354
Round trip time was 24.915 milliseconds in repetition 355
Round trip time was 24.905 milliseconds in repetition 356
Round trip time was 26.112 milliseconds in repetition 357
Round trip time was 26.037 milliseconds in repetition 358
Round trip time was 27.631 milliseconds in repetition 359
Round trip time was 27.853 milliseconds in repetition 360
Round trip time was 24.836 milliseconds in repetition 361
Round trip time was 24.946 milliseconds in repetition 362
Round trip time was 24.940 milliseconds in repetition 363
Round trip time was 25.181 milliseconds in repetition 364
Round trip time was 25.032 milliseconds in repetition 365
Round trip time was 24.752 milliseconds in repetition 366
Round trip time was 25.013 milliseconds in repetition 367
Round trip time was 26.617 milliseconds in repetition 368
Round trip time was 25.055 milliseconds in repetition 369
Round trip time was 25.099 milliseconds in repetition 370
Round trip time was 25.137 milliseconds in repetition 371
Round trip time was 25.033 milliseconds in repetition 372
Round trip time was 40.414 milliseconds in repetition 373
Round trip time was 26.666 milliseconds in repetition 374
Round trip time was 25.006 milliseconds in repetition 375
Round trip time was 25.344 milliseconds in repetition 376
Round trip time was 24.969 milliseconds in repetition 377
Round trip time was 24.867 milliseconds in repetition 378
Round trip time was 25.860 milliseconds in repetition 379
Round trip time was 26.031 milliseconds in repetition 380
Round trip time was 25.142 milliseconds in repetition 381
Round trip time was 25.169 milliseconds in repetition 382
Round trip time was 25.206 milliseconds in repetition 383
Round trip time was 25.928 milliseconds in repetition 384
Round trip time was 24.758 milliseconds in repetition 385
Round trip time was 25.095 milliseconds in repetition 386
Round trip time was 25.207 milliseconds in repetition 387
Round trip time was 25.355 milliseconds in repetition 388
Round trip time was 25.181 milliseconds in repetition 389
Round trip time was 25.331 milliseconds in repetition 390
Round trip time was 25.135 milliseconds in repetition 391
Round trip time was 25.059 milliseconds in repetition 392
Round trip time was 24.939 milliseconds in repetition 393
Round trip time was 25.323 milliseconds in repetition 394
Round trip time was 24.799 milliseconds in repetition 395
Round trip time was 25.099 milliseconds in repetition 396
Round trip time was 25.759 milliseconds in repetition 397
Round trip time was 27.003 milliseconds in repetition 398
Round trip time was 26.006 milliseconds in repetition 399
Round trip time was 25.083 milliseconds in repetition 400
Round trip time was 25.609 milliseconds in repetition 401
Round trip time was 27.075 milliseconds in repetition 402
Round trip time was 24.918 milliseconds in repetition 403
Round trip time was 25.269 milliseconds in repetition 404
Round trip time was 26.706 milliseconds in repetition 405
Round trip time was 24.822 milliseconds in repetition 406
Round trip time was 26.220 milliseconds in repetition 407
Round trip time was 27.246 milliseconds in repetition 408
Round trip time was 27.241 milliseconds in repetition 409
Round trip time was 25.979 milliseconds in repetition 410
Round trip time was 24.770 milliseconds in repetition 411
Round trip time was 24.860 milliseconds in repetition 412
Round trip time was 25.300 milliseconds in repetition 413
Round trip time was 32.091 milliseconds in repetition 414
Round trip time was 24.942 milliseconds in repetition 415
Round trip time was 24.863 milliseconds in repetition 416
Round trip time was 25.053 milliseconds in repetition 417
Round trip time was 25.050 milliseconds in repetition 418
Round trip time was 25.356 milliseconds in repetition 419
Round trip time was 29.457 milliseconds in repetition 420
Round trip time was 28.850 milliseconds in repetition 421
Round trip time was 25.420 milliseconds in repetition 422
Round trip time was 25.182 milliseconds in repetition 423
Round trip time was 25.113 milliseconds in repetition 424
Round trip time was 24.725 milliseconds in repetition 425
Round trip time was 25.222 milliseconds in repetition 426
Round trip time was 25.164 milliseconds in repetition 427
Round trip time was 25.070 milliseconds in repetition 428
Round trip time was 25.326 milliseconds in repetition 429
Round trip time was 24.988 milliseconds in repetition 430
Round trip time was 25.413 milliseconds in repetition 431
Round trip time was 24.860 milliseconds in repetition 432
Round trip time was 25.297 milliseconds in repetition 433
Round trip time was 25.710 milliseconds in repetition 434
Round trip time was 26.458 milliseconds in repetition 435
Round trip time was 24.722 milliseconds in repetition 436
Round trip time was 24.892 milliseconds in repetition 437
Round trip time was 24.965 milliseconds in repetition 438
Round trip time was 27.079 milliseconds in repetition 439
Round trip time was 25.034 milliseconds in repetition 440
Round trip time was 24.945 milliseconds in repetition 441
Round trip time was 24.833 milliseconds in repetition 442
Round trip time was 25.390 milliseconds in repetition 443
Round trip time was 24.984 milliseconds in repetition 444
Round trip time was 24.783 milliseconds in repetition 445
Round trip time was 25.387 milliseconds in repetition 446
Round trip time was 24.950 milliseconds in repetition 447
Round trip time was 25.613 milliseconds in repetition 448
Round trip time was 26.586 milliseconds in repetition 449
Round trip time was 24.826 milliseconds in repetition 450
Round trip time was 24.976 milliseconds in repetition 451
Round trip time was 24.945 milliseconds in repetition 452
Round trip time was 24.868 milliseconds in repetition 453
Round trip time was 25.126 milliseconds in repetition 454
Round trip time was 25.007 milliseconds in repetition 455
Round trip time was 25.279 milliseconds in repetition 456
Round trip time was 24.993 milliseconds in repetition 457
Round trip time was 25.180 milliseconds in repetition 458
Round trip time was 24.807 milliseconds in repetition 459
Round trip time was 26.648 milliseconds in repetition 460
Round trip time was 25.118 milliseconds in repetition 461
Round trip time was 25.125 milliseconds in repetition 462
Round trip time was 26.294 milliseconds in repetition 463
Round trip time was 25.769 milliseconds in repetition 464
Round trip time was 25.183 milliseconds in repetition 465
Round trip time was 25.313 milliseconds in repetition 466
Round trip time was 25.069 milliseconds in repetition 467
Round trip time was 25.163 milliseconds in repetition 468
Round trip time was 24.754 milliseconds in repetition 469
Round trip time was 25.177 milliseconds in repetition 470
Round trip time was 25.189 milliseconds in repetition 471
Round trip time was 24.841 milliseconds in repetition 472
Round trip time was 25.217 milliseconds in repetition 473
Round trip time was 26.823 milliseconds in repetition 474
Round trip time was 25.495 milliseconds in repetition 475
Round trip time was 28.707 milliseconds in repetition 476
Round trip time was 25.136 milliseconds in repetition 477
Round trip time was 27.458 milliseconds in repetition 478
Round trip time was 25.074 milliseconds in repetition 479
Round trip time was 26.104 milliseconds in repetition 480
Round trip time was 26.844 milliseconds in repetition 481
Round trip time was 25.182 milliseconds in repetition 482
Round trip time was 26.191 milliseconds in repetition 483
Round trip time was 32.206 milliseconds in repetition 484
Round trip time was 32.330 milliseconds in repetition 485
Round trip time was 26.747 milliseconds in repetition 486
Round trip time was 25.263 milliseconds in repetition 487
Round trip time was 24.868 milliseconds in repetition 488
Round trip time was 25.634 milliseconds in repetition 489
Round trip time was 25.604 milliseconds in repetition 490
Round trip time was 25.750 milliseconds in repetition 491
Round trip time was 25.277 milliseconds in repetition 492
Round trip time was 24.919 milliseconds in repetition 493
Round trip time was 24.794 milliseconds in repetition 494
Round trip time was 24.954 milliseconds in repetition 495
Round trip time was 24.837 milliseconds in repetition 496
Round trip time was 26.245 milliseconds in repetition 497
Round trip time was 25.659 milliseconds in repetition 498
Round trip time was 25.494 milliseconds in repetition 499
Round trip time was 25.714 milliseconds in repetition 500
Round trip time was 25.440 milliseconds in repetition 501

 ... clock resolution was 1e-06
UDP Ping:  Statistics over 501 repetitions of 96 byte messages

RTT : percentile 10: 24.8589, median: 25.3554, percentile 90: 27.8396, average: 26.6836, variance: 23.4659

RTT histogram:
24.6638 358
27.3666 100
30.0694 17
32.7723 5
35.4751 1
38.1779 0
40.8808 6
43.5836 5
46.2864 3
48.9893 0
51.6921 2
54.3949 2
57.0977 0
59.8006 0
62.5034 1
65.2062 0
67.9091 0
70.6119 0
73.3147 0
76.0176 0
78.7204 1

   median Throughput : 7.57235 KB/s   overall Throughput : 7.19542 KB/s

