TCP Ping trying to connect to server seti.dibris.unige.it (130.251.61.30) on port 1491

... connected to Pong server: asking for 501 repetitions of 16384 bytes TCP messages
 ... Pong server agreed :-)
tcp_ping received 16384 bytes back
Round trip time was 77.9565 milliseconds in repetition 1
tcp_ping received 16384 bytes back
Round trip time was 26.5196 milliseconds in repetition 2
tcp_ping received 16384 bytes back
Round trip time was 23.2028 milliseconds in repetition 3
tcp_ping received 16384 bytes back
Round trip time was 22.2288 milliseconds in repetition 4
tcp_ping received 16384 bytes back
Round trip time was 22.1666 milliseconds in repetition 5
tcp_ping received 16384 bytes back
Round trip time was 21.6864 milliseconds in repetition 6
tcp_ping received 16384 bytes back
Round trip time was 22.604 milliseconds in repetition 7
tcp_ping received 16384 bytes back
Round trip time was 21.7508 milliseconds in repetition 8
tcp_ping received 16384 bytes back
Round trip time was 22.7858 milliseconds in repetition 9
tcp_ping received 16384 bytes back
Round trip time was 21.2622 milliseconds in repetition 10
tcp_ping received 16384 bytes back
Round trip time was 21.0721 milliseconds in repetition 11
tcp_ping received 16384 bytes back
Round trip time was 21.4164 milliseconds in repetition 12
tcp_ping received 16384 bytes back
Round trip time was 20.9992 milliseconds in repetition 13
tcp_ping received 16384 bytes back
Round trip time was 22.1064 milliseconds in repetition 14
tcp_ping received 16384 bytes back
Round trip time was 22.7941 milliseconds in repetition 15
tcp_ping received 16384 bytes back
Round trip time was 21.6015 milliseconds in repetition 16
tcp_ping received 16384 bytes back
Round trip time was 21.3062 milliseconds in repetition 17
tcp_ping received 16384 bytes back
Round trip time was 22.4089 milliseconds in repetition 18
tcp_ping received 16384 bytes back
Round trip time was 25.6565 milliseconds in repetition 19
tcp_ping received 16384 bytes back
Round trip time was 24.5046 milliseconds in repetition 20
tcp_ping received 16384 bytes back
Round trip time was 22.5003 milliseconds in repetition 21
tcp_ping received 16384 bytes back
Round trip time was 21.2087 milliseconds in repetition 22
tcp_ping received 16384 bytes back
Round trip time was 21.4918 milliseconds in repetition 23
tcp_ping received 16384 bytes back
Round trip time was 21.6243 milliseconds in repetition 24
tcp_ping received 16384 bytes back
Round trip time was 21.2228 milliseconds in repetition 25
tcp_ping received 16384 bytes back
Round trip time was 21.4517 milliseconds in repetition 26
tcp_ping received 16384 bytes back
Round trip time was 23.792 milliseconds in repetition 27
tcp_ping received 16384 bytes back
Round trip time was 21.6299 milliseconds in repetition 28
tcp_ping received 16384 bytes back
Round trip time was 23.1819 milliseconds in repetition 29
tcp_ping received 16384 bytes back
Round trip time was 21.3605 milliseconds in repetition 30
tcp_ping received 16384 bytes back
Round trip time was 22.899 milliseconds in repetition 31
tcp_ping received 16384 bytes back
Round trip time was 21.9593 milliseconds in repetition 32
tcp_ping received 16384 bytes back
Round trip time was 22.654 milliseconds in repetition 33
tcp_ping received 16384 bytes back
Round trip time was 22.5396 milliseconds in repetition 34
tcp_ping received 16384 bytes back
Round trip time was 21.738 milliseconds in repetition 35
tcp_ping received 16384 bytes back
Round trip time was 22.7472 milliseconds in repetition 36
tcp_ping received 16384 bytes back
Round trip time was 22.132 milliseconds in repetition 37
tcp_ping received 16384 bytes back
Round trip time was 22.3926 milliseconds in repetition 38
tcp_ping received 16384 bytes back
Round trip time was 21.2586 milliseconds in repetition 39
tcp_ping received 16384 bytes back
Round trip time was 21.3519 milliseconds in repetition 40
tcp_ping received 16384 bytes back
Round trip time was 22.6255 milliseconds in repetition 41
tcp_ping received 16384 bytes back
Round trip time was 22.3377 milliseconds in repetition 42
tcp_ping received 16384 bytes back
Round trip time was 21.6145 milliseconds in repetition 43
tcp_ping received 16384 bytes back
Round trip time was 22.8939 milliseconds in repetition 44
tcp_ping received 16384 bytes back
Round trip time was 21.8249 milliseconds in repetition 45
tcp_ping received 16384 bytes back
Round trip time was 22.6933 milliseconds in repetition 46
tcp_ping received 16384 bytes back
Round trip time was 22.2225 milliseconds in repetition 47
tcp_ping received 16384 bytes back
Round trip time was 20.976 milliseconds in repetition 48
tcp_ping received 16384 bytes back
Round trip time was 22.7959 milliseconds in repetition 49
tcp_ping received 16384 bytes back
Round trip time was 22.2408 milliseconds in repetition 50
tcp_ping received 16384 bytes back
Round trip time was 21.1384 milliseconds in repetition 51
tcp_ping received 16384 bytes back
Round trip time was 21.6774 milliseconds in repetition 52
tcp_ping received 16384 bytes back
Round trip time was 26.801 milliseconds in repetition 53
tcp_ping received 16384 bytes back
Round trip time was 22.6265 milliseconds in repetition 54
tcp_ping received 16384 bytes back
Round trip time was 22.5727 milliseconds in repetition 55
tcp_ping received 16384 bytes back
Round trip time was 21.5881 milliseconds in repetition 56
tcp_ping received 16384 bytes back
Round trip time was 23.1927 milliseconds in repetition 57
tcp_ping received 16384 bytes back
Round trip time was 21.1462 milliseconds in repetition 58
tcp_ping received 16384 bytes back
Round trip time was 21.7415 milliseconds in repetition 59
tcp_ping received 16384 bytes back
Round trip time was 21.5211 milliseconds in repetition 60
tcp_ping received 16384 bytes back
Round trip time was 21.3145 milliseconds in repetition 61
tcp_ping received 16384 bytes back
Round trip time was 21.5007 milliseconds in repetition 62
tcp_ping received 16384 bytes back
Round trip time was 23.18 milliseconds in repetition 63
tcp_ping received 16384 bytes back
Round trip time was 21.0511 milliseconds in repetition 64
tcp_ping received 16384 bytes back
Round trip time was 21.7061 milliseconds in repetition 65
tcp_ping received 16384 bytes back
Round trip time was 21.5962 milliseconds in repetition 66
tcp_ping received 16384 bytes back
Round trip time was 21.9979 milliseconds in repetition 67
tcp_ping received 16384 bytes back
Round trip time was 23.9468 milliseconds in repetition 68
tcp_ping received 16384 bytes back
Round trip time was 22.0851 milliseconds in repetition 69
tcp_ping received 16384 bytes back
Round trip time was 24.1465 milliseconds in repetition 70
tcp_ping received 16384 bytes back
Round trip time was 22.3698 milliseconds in repetition 71
tcp_ping received 16384 bytes back
Round trip time was 21.4021 milliseconds in repetition 72
tcp_ping received 16384 bytes back
Round trip time was 21.4813 milliseconds in repetition 73
tcp_ping received 16384 bytes back
Round trip time was 22.5466 milliseconds in repetition 74
tcp_ping received 16384 bytes back
Round trip time was 21.6291 milliseconds in repetition 75
tcp_ping received 16384 bytes back
Round trip time was 22.1085 milliseconds in repetition 76
tcp_ping received 16384 bytes back
Round trip time was 21.6717 milliseconds in repetition 77
tcp_ping received 16384 bytes back
Round trip time was 22.2201 milliseconds in repetition 78
tcp_ping received 16384 bytes back
Round trip time was 22.5176 milliseconds in repetition 79
tcp_ping received 16384 bytes back
Round trip time was 21.5432 milliseconds in repetition 80
tcp_ping received 16384 bytes back
Round trip time was 22.1119 milliseconds in repetition 81
tcp_ping received 16384 bytes back
Round trip time was 21.4839 milliseconds in repetition 82
tcp_ping received 16384 bytes back
Round trip time was 22.924 milliseconds in repetition 83
tcp_ping received 16384 bytes back
Round trip time was 22.8195 milliseconds in repetition 84
tcp_ping received 16384 bytes back
Round trip time was 21.542 milliseconds in repetition 85
tcp_ping received 16384 bytes back
Round trip time was 22.5058 milliseconds in repetition 86
tcp_ping received 16384 bytes back
Round trip time was 25.5111 milliseconds in repetition 87
tcp_ping received 16384 bytes back
Round trip time was 21.961 milliseconds in repetition 88
tcp_ping received 16384 bytes back
Round trip time was 22.0123 milliseconds in repetition 89
tcp_ping received 16384 bytes back
Round trip time was 24.9024 milliseconds in repetition 90
tcp_ping received 16384 bytes back
Round trip time was 22.2065 milliseconds in repetition 91
tcp_ping received 16384 bytes back
Round trip time was 23.3105 milliseconds in repetition 92
tcp_ping received 16384 bytes back
Round trip time was 22.4135 milliseconds in repetition 93
tcp_ping received 16384 bytes back
Round trip time was 22.4321 milliseconds in repetition 94
tcp_ping received 16384 bytes back
Round trip time was 23.7078 milliseconds in repetition 95
tcp_ping received 16384 bytes back
Round trip time was 22.622 milliseconds in repetition 96
tcp_ping received 16384 bytes back
Round trip time was 22.1423 milliseconds in repetition 97
tcp_ping received 16384 bytes back
Round trip time was 21.959 milliseconds in repetition 98
tcp_ping received 16384 bytes back
Round trip time was 22.3993 milliseconds in repetition 99
tcp_ping received 16384 bytes back
Round trip time was 22.6892 milliseconds in repetition 100
tcp_ping received 16384 bytes back
Round trip time was 21.2488 milliseconds in repetition 101
tcp_ping received 16384 bytes back
Round trip time was 25.4475 milliseconds in repetition 102
tcp_ping received 16384 bytes back
Round trip time was 22.8612 milliseconds in repetition 103
tcp_ping received 16384 bytes back
Round trip time was 22.4845 milliseconds in repetition 104
tcp_ping received 16384 bytes back
Round trip time was 23.8634 milliseconds in repetition 105
tcp_ping received 16384 bytes back
Round trip time was 22.3316 milliseconds in repetition 106
tcp_ping received 16384 bytes back
Round trip time was 21.4091 milliseconds in repetition 107
tcp_ping received 16384 bytes back
Round trip time was 21.3121 milliseconds in repetition 108
tcp_ping received 16384 bytes back
Round trip time was 27.8513 milliseconds in repetition 109
tcp_ping received 16384 bytes back
Round trip time was 26.8816 milliseconds in repetition 110
tcp_ping received 16384 bytes back
Round trip time was 28.7608 milliseconds in repetition 111
tcp_ping received 16384 bytes back
Round trip time was 25.0257 milliseconds in repetition 112
tcp_ping received 16384 bytes back
Round trip time was 24.3736 milliseconds in repetition 113
tcp_ping received 16384 bytes back
Round trip time was 27.4028 milliseconds in repetition 114
tcp_ping received 16384 bytes back
Round trip time was 22.7049 milliseconds in repetition 115
tcp_ping received 16384 bytes back
Round trip time was 23.0223 milliseconds in repetition 116
tcp_ping received 16384 bytes back
Round trip time was 23.3466 milliseconds in repetition 117
tcp_ping received 16384 bytes back
Round trip time was 22.0285 milliseconds in repetition 118
tcp_ping received 16384 bytes back
Round trip time was 22.7671 milliseconds in repetition 119
tcp_ping received 16384 bytes back
Round trip time was 23.1882 milliseconds in repetition 120
tcp_ping received 16384 bytes back
Round trip time was 22.8048 milliseconds in repetition 121
tcp_ping received 16384 bytes back
Round trip time was 21.3416 milliseconds in repetition 122
tcp_ping received 16384 bytes back
Round trip time was 24.3081 milliseconds in repetition 123
tcp_ping received 16384 bytes back
Round trip time was 23.4499 milliseconds in repetition 124
tcp_ping received 16384 bytes back
Round trip time was 24.9927 milliseconds in repetition 125
tcp_ping received 16384 bytes back
Round trip time was 23.6136 milliseconds in repetition 126
tcp_ping received 16384 bytes back
Round trip time was 23.4485 milliseconds in repetition 127
tcp_ping received 16384 bytes back
Round trip time was 23.1138 milliseconds in repetition 128
tcp_ping received 16384 bytes back
Round trip time was 24.6582 milliseconds in repetition 129
tcp_ping received 16384 bytes back
Round trip time was 24.4535 milliseconds in repetition 130
tcp_ping received 16384 bytes back
Round trip time was 22.4029 milliseconds in repetition 131
tcp_ping received 16384 bytes back
Round trip time was 24.8527 milliseconds in repetition 132
tcp_ping received 16384 bytes back
Round trip time was 26.873 milliseconds in repetition 133
tcp_ping received 16384 bytes back
Round trip time was 21.4439 milliseconds in repetition 134
tcp_ping received 16384 bytes back
Round trip time was 24.6326 milliseconds in repetition 135
tcp_ping received 16384 bytes back
Round trip time was 21.728 milliseconds in repetition 136
tcp_ping received 16384 bytes back
Round trip time was 21.7626 milliseconds in repetition 137
tcp_ping received 16384 bytes back
Round trip time was 22.1026 milliseconds in repetition 138
tcp_ping received 16384 bytes back
Round trip time was 27.4135 milliseconds in repetition 139
tcp_ping received 16384 bytes back
Round trip time was 21.8494 milliseconds in repetition 140
tcp_ping received 16384 bytes back
Round trip time was 22.5256 milliseconds in repetition 141
tcp_ping received 16384 bytes back
Round trip time was 23.8154 milliseconds in repetition 142
tcp_ping received 16384 bytes back
Round trip time was 21.5825 milliseconds in repetition 143
tcp_ping received 16384 bytes back
Round trip time was 24.5491 milliseconds in repetition 144
tcp_ping received 16384 bytes back
Round trip time was 23.5585 milliseconds in repetition 145
tcp_ping received 16384 bytes back
Round trip time was 23.3568 milliseconds in repetition 146
tcp_ping received 16384 bytes back
Round trip time was 25.8635 milliseconds in repetition 147
tcp_ping received 16384 bytes back
Round trip time was 24.136 milliseconds in repetition 148
tcp_ping received 16384 bytes back
Round trip time was 24.1906 milliseconds in repetition 149
tcp_ping received 16384 bytes back
Round trip time was 25.848 milliseconds in repetition 150
tcp_ping received 16384 bytes back
Round trip time was 21.8575 milliseconds in repetition 151
tcp_ping received 16384 bytes back
Round trip time was 21.6136 milliseconds in repetition 152
tcp_ping received 16384 bytes back
Round trip time was 27.563 milliseconds in repetition 153
tcp_ping received 16384 bytes back
Round trip time was 22.9977 milliseconds in repetition 154
tcp_ping received 16384 bytes back
Round trip time was 21.4277 milliseconds in repetition 155
tcp_ping received 16384 bytes back
Round trip time was 23.7819 milliseconds in repetition 156
tcp_ping received 16384 bytes back
Round trip time was 22.3287 milliseconds in repetition 157
tcp_ping received 16384 bytes back
Round trip time was 22.4473 milliseconds in repetition 158
tcp_ping received 16384 bytes back
Round trip time was 21.3846 milliseconds in repetition 159
tcp_ping received 16384 bytes back
Round trip time was 21.5702 milliseconds in repetition 160
tcp_ping received 16384 bytes back
Round trip time was 21.896 milliseconds in repetition 161
tcp_ping received 16384 bytes back
Round trip time was 21.0066 milliseconds in repetition 162
tcp_ping received 16384 bytes back
Round trip time was 21.656 milliseconds in repetition 163
tcp_ping received 16384 bytes back
Round trip time was 21.0595 milliseconds in repetition 164
tcp_ping received 16384 bytes back
Round trip time was 23.1517 milliseconds in repetition 165
tcp_ping received 16384 bytes back
Round trip time was 22.9195 milliseconds in repetition 166
tcp_ping received 16384 bytes back
Round trip time was 23.9015 milliseconds in repetition 167
tcp_ping received 16384 bytes back
Round trip time was 24.3914 milliseconds in repetition 168
tcp_ping received 16384 bytes back
Round trip time was 22.1795 milliseconds in repetition 169
tcp_ping received 16384 bytes back
Round trip time was 21.5501 milliseconds in repetition 170
tcp_ping received 16384 bytes back
Round trip time was 24.5089 milliseconds in repetition 171
tcp_ping received 16384 bytes back
Round trip time was 20.8732 milliseconds in repetition 172
tcp_ping received 16384 bytes back
Round trip time was 21.6143 milliseconds in repetition 173
tcp_ping received 16384 bytes back
Round trip time was 21.5175 milliseconds in repetition 174
tcp_ping received 16384 bytes back
Round trip time was 21.187 milliseconds in repetition 175
tcp_ping received 16384 bytes back
Round trip time was 20.9482 milliseconds in repetition 176
tcp_ping received 16384 bytes back
Round trip time was 21.6518 milliseconds in repetition 177
tcp_ping received 16384 bytes back
Round trip time was 23.1092 milliseconds in repetition 178
tcp_ping received 16384 bytes back
Round trip time was 28.2331 milliseconds in repetition 179
tcp_ping received 16384 bytes back
Round trip time was 23.5708 milliseconds in repetition 180
tcp_ping received 16384 bytes back
Round trip time was 22.2363 milliseconds in repetition 181
tcp_ping received 16384 bytes back
Round trip time was 21.1127 milliseconds in repetition 182
tcp_ping received 16384 bytes back
Round trip time was 22.3866 milliseconds in repetition 183
tcp_ping received 16384 bytes back
Round trip time was 22.1151 milliseconds in repetition 184
tcp_ping received 16384 bytes back
Round trip time was 21.5038 milliseconds in repetition 185
tcp_ping received 16384 bytes back
Round trip time was 21.9982 milliseconds in repetition 186
tcp_ping received 16384 bytes back
Round trip time was 22.8106 milliseconds in repetition 187
tcp_ping received 16384 bytes back
Round trip time was 22.4726 milliseconds in repetition 188
tcp_ping received 16384 bytes back
Round trip time was 21.5924 milliseconds in repetition 189
tcp_ping received 16384 bytes back
Round trip time was 21.9681 milliseconds in repetition 190
tcp_ping received 16384 bytes back
Round trip time was 22.0349 milliseconds in repetition 191
tcp_ping received 16384 bytes back
Round trip time was 20.9083 milliseconds in repetition 192
tcp_ping received 16384 bytes back
Round trip time was 21.5638 milliseconds in repetition 193
tcp_ping received 16384 bytes back
Round trip time was 21.3807 milliseconds in repetition 194
tcp_ping received 16384 bytes back
Round trip time was 23.0994 milliseconds in repetition 195
tcp_ping received 16384 bytes back
Round trip time was 21.5435 milliseconds in repetition 196
tcp_ping received 16384 bytes back
Round trip time was 21.5658 milliseconds in repetition 197
tcp_ping received 16384 bytes back
Round trip time was 22.2654 milliseconds in repetition 198
tcp_ping received 16384 bytes back
Round trip time was 21.8569 milliseconds in repetition 199
tcp_ping received 16384 bytes back
Round trip time was 21.6563 milliseconds in repetition 200
tcp_ping received 16384 bytes back
Round trip time was 24.2217 milliseconds in repetition 201
tcp_ping received 16384 bytes back
Round trip time was 23.9023 milliseconds in repetition 202
tcp_ping received 16384 bytes back
Round trip time was 23.5986 milliseconds in repetition 203
tcp_ping received 16384 bytes back
Round trip time was 21.3516 milliseconds in repetition 204
tcp_ping received 16384 bytes back
Round trip time was 22.2219 milliseconds in repetition 205
tcp_ping received 16384 bytes back
Round trip time was 21.3954 milliseconds in repetition 206
tcp_ping received 16384 bytes back
Round trip time was 25.4804 milliseconds in repetition 207
tcp_ping received 16384 bytes back
Round trip time was 21.8491 milliseconds in repetition 208
tcp_ping received 16384 bytes back
Round trip time was 21.3521 milliseconds in repetition 209
tcp_ping received 16384 bytes back
Round trip time was 21.9124 milliseconds in repetition 210
tcp_ping received 16384 bytes back
Round trip time was 21.9758 milliseconds in repetition 211
tcp_ping received 16384 bytes back
Round trip time was 21.1028 milliseconds in repetition 212
tcp_ping received 16384 bytes back
Round trip time was 22.2699 milliseconds in repetition 213
tcp_ping received 16384 bytes back
Round trip time was 21.6312 milliseconds in repetition 214
tcp_ping received 16384 bytes back
Round trip time was 22.3262 milliseconds in repetition 215
tcp_ping received 16384 bytes back
Round trip time was 25.3324 milliseconds in repetition 216
tcp_ping received 16384 bytes back
Round trip time was 21.4478 milliseconds in repetition 217
tcp_ping received 16384 bytes back
Round trip time was 21.2611 milliseconds in repetition 218
tcp_ping received 16384 bytes back
Round trip time was 24.2914 milliseconds in repetition 219
tcp_ping received 16384 bytes back
Round trip time was 24.5603 milliseconds in repetition 220
tcp_ping received 16384 bytes back
Round trip time was 24.4216 milliseconds in repetition 221
tcp_ping received 16384 bytes back
Round trip time was 22.6752 milliseconds in repetition 222
tcp_ping received 16384 bytes back
Round trip time was 22.3068 milliseconds in repetition 223
tcp_ping received 16384 bytes back
Round trip time was 25.4866 milliseconds in repetition 224
tcp_ping received 16384 bytes back
Round trip time was 22.9389 milliseconds in repetition 225
tcp_ping received 16384 bytes back
Round trip time was 21.8774 milliseconds in repetition 226
tcp_ping received 16384 bytes back
Round trip time was 22.1042 milliseconds in repetition 227
tcp_ping received 16384 bytes back
Round trip time was 22.7529 milliseconds in repetition 228
tcp_ping received 16384 bytes back
Round trip time was 21.7359 milliseconds in repetition 229
tcp_ping received 16384 bytes back
Round trip time was 25.1776 milliseconds in repetition 230
tcp_ping received 16384 bytes back
Round trip time was 21.0098 milliseconds in repetition 231
tcp_ping received 16384 bytes back
Round trip time was 21.188 milliseconds in repetition 232
tcp_ping received 16384 bytes back
Round trip time was 21.5687 milliseconds in repetition 233
tcp_ping received 16384 bytes back
Round trip time was 21.5712 milliseconds in repetition 234
tcp_ping received 16384 bytes back
Round trip time was 21.5666 milliseconds in repetition 235
tcp_ping received 16384 bytes back
Round trip time was 21.7411 milliseconds in repetition 236
tcp_ping received 16384 bytes back
Round trip time was 22.3433 milliseconds in repetition 237
tcp_ping received 16384 bytes back
Round trip time was 21.3671 milliseconds in repetition 238
tcp_ping received 16384 bytes back
Round trip time was 23.4608 milliseconds in repetition 239
tcp_ping received 16384 bytes back
Round trip time was 23.27 milliseconds in repetition 240
tcp_ping received 16384 bytes back
Round trip time was 21.3515 milliseconds in repetition 241
tcp_ping received 16384 bytes back
Round trip time was 24.3643 milliseconds in repetition 242
tcp_ping received 16384 bytes back
Round trip time was 21.1829 milliseconds in repetition 243
tcp_ping received 16384 bytes back
Round trip time was 21.0523 milliseconds in repetition 244
tcp_ping received 16384 bytes back
Round trip time was 21.3591 milliseconds in repetition 245
tcp_ping received 16384 bytes back
Round trip time was 21.343 milliseconds in repetition 246
tcp_ping received 16384 bytes back
Round trip time was 23.831 milliseconds in repetition 247
tcp_ping received 16384 bytes back
Round trip time was 22.147 milliseconds in repetition 248
tcp_ping received 16384 bytes back
Round trip time was 21.1914 milliseconds in repetition 249
tcp_ping received 16384 bytes back
Round trip time was 23.8741 milliseconds in repetition 250
tcp_ping received 16384 bytes back
Round trip time was 21.4166 milliseconds in repetition 251
tcp_ping received 16384 bytes back
Round trip time was 22.5487 milliseconds in repetition 252
tcp_ping received 16384 bytes back
Round trip time was 21.7135 milliseconds in repetition 253
tcp_ping received 16384 bytes back
Round trip time was 22.2716 milliseconds in repetition 254
tcp_ping received 16384 bytes back
Round trip time was 21.5151 milliseconds in repetition 255
tcp_ping received 16384 bytes back
Round trip time was 21.6647 milliseconds in repetition 256
tcp_ping received 16384 bytes back
Round trip time was 21.2861 milliseconds in repetition 257
tcp_ping received 16384 bytes back
Round trip time was 24.2258 milliseconds in repetition 258
tcp_ping received 16384 bytes back
Round trip time was 21.7735 milliseconds in repetition 259
tcp_ping received 16384 bytes back
Round trip time was 22.5631 milliseconds in repetition 260
tcp_ping received 16384 bytes back
Round trip time was 21.3753 milliseconds in repetition 261
tcp_ping received 16384 bytes back
Round trip time was 22.047 milliseconds in repetition 262
tcp_ping received 16384 bytes back
Round trip time was 21.7815 milliseconds in repetition 263
tcp_ping received 16384 bytes back
Round trip time was 22.026 milliseconds in repetition 264
tcp_ping received 16384 bytes back
Round trip time was 34.3057 milliseconds in repetition 265
tcp_ping received 16384 bytes back
Round trip time was 23.5536 milliseconds in repetition 266
tcp_ping received 16384 bytes back
Round trip time was 24.4494 milliseconds in repetition 267
tcp_ping received 16384 bytes back
Round trip time was 24.7961 milliseconds in repetition 268
tcp_ping received 16384 bytes back
Round trip time was 24.0713 milliseconds in repetition 269
tcp_ping received 16384 bytes back
Round trip time was 23.9155 milliseconds in repetition 270
tcp_ping received 16384 bytes back
Round trip time was 23.0487 milliseconds in repetition 271
tcp_ping received 16384 bytes back
Round trip time was 26.5433 milliseconds in repetition 272
tcp_ping received 16384 bytes back
Round trip time was 23.2675 milliseconds in repetition 273
tcp_ping received 16384 bytes back
Round trip time was 21.6797 milliseconds in repetition 274
tcp_ping received 16384 bytes back
Round trip time was 21.161 milliseconds in repetition 275
tcp_ping received 16384 bytes back
Round trip time was 21.8317 milliseconds in repetition 276
tcp_ping received 16384 bytes back
Round trip time was 21.9183 milliseconds in repetition 277
tcp_ping received 16384 bytes back
Round trip time was 25.2639 milliseconds in repetition 278
tcp_ping received 16384 bytes back
Round trip time was 24.9519 milliseconds in repetition 279
tcp_ping received 16384 bytes back
Round trip time was 24.7393 milliseconds in repetition 280
tcp_ping received 16384 bytes back
Round trip time was 21.9674 milliseconds in repetition 281
tcp_ping received 16384 bytes back
Round trip time was 22.0799 milliseconds in repetition 282
tcp_ping received 16384 bytes back
Round trip time was 22.4817 milliseconds in repetition 283
tcp_ping received 16384 bytes back
Round trip time was 21.8459 milliseconds in repetition 284
tcp_ping received 16384 bytes back
Round trip time was 21.5765 milliseconds in repetition 285
tcp_ping received 16384 bytes back
Round trip time was 21.6057 milliseconds in repetition 286
tcp_ping received 16384 bytes back
Round trip time was 32.7149 milliseconds in repetition 287
tcp_ping received 16384 bytes back
Round trip time was 22.078 milliseconds in repetition 288
tcp_ping received 16384 bytes back
Round trip time was 22.2863 milliseconds in repetition 289
tcp_ping received 16384 bytes back
Round trip time was 22.5264 milliseconds in repetition 290
tcp_ping received 16384 bytes back
Round trip time was 23.2303 milliseconds in repetition 291
tcp_ping received 16384 bytes back
Round trip time was 22.1442 milliseconds in repetition 292
tcp_ping received 16384 bytes back
Round trip time was 21.3231 milliseconds in repetition 293
tcp_ping received 16384 bytes back
Round trip time was 23.0675 milliseconds in repetition 294
tcp_ping received 16384 bytes back
Round trip time was 22.3386 milliseconds in repetition 295
tcp_ping received 16384 bytes back
Round trip time was 21.1205 milliseconds in repetition 296
tcp_ping received 16384 bytes back
Round trip time was 21.6106 milliseconds in repetition 297
tcp_ping received 16384 bytes back
Round trip time was 22.1601 milliseconds in repetition 298
tcp_ping received 16384 bytes back
Round trip time was 21.6992 milliseconds in repetition 299
tcp_ping received 16384 bytes back
Round trip time was 21.1212 milliseconds in repetition 300
tcp_ping received 16384 bytes back
Round trip time was 22.4025 milliseconds in repetition 301
tcp_ping received 16384 bytes back
Round trip time was 22.7062 milliseconds in repetition 302
tcp_ping received 16384 bytes back
Round trip time was 21.5608 milliseconds in repetition 303
tcp_ping received 16384 bytes back
Round trip time was 21.9247 milliseconds in repetition 304
tcp_ping received 16384 bytes back
Round trip time was 21.223 milliseconds in repetition 305
tcp_ping received 16384 bytes back
Round trip time was 23.3758 milliseconds in repetition 306
tcp_ping received 16384 bytes back
Round trip time was 21.8952 milliseconds in repetition 307
tcp_ping received 16384 bytes back
Round trip time was 22.2731 milliseconds in repetition 308
tcp_ping received 16384 bytes back
Round trip time was 22.1735 milliseconds in repetition 309
tcp_ping received 16384 bytes back
Round trip time was 21.6381 milliseconds in repetition 310
tcp_ping received 16384 bytes back
Round trip time was 21.7426 milliseconds in repetition 311
tcp_ping received 16384 bytes back
Round trip time was 21.7495 milliseconds in repetition 312
tcp_ping received 16384 bytes back
Round trip time was 21.6369 milliseconds in repetition 313
tcp_ping received 16384 bytes back
Round trip time was 22.0438 milliseconds in repetition 314
tcp_ping received 16384 bytes back
Round trip time was 21.2743 milliseconds in repetition 315
tcp_ping received 16384 bytes back
Round trip time was 20.9281 milliseconds in repetition 316
tcp_ping received 16384 bytes back
Round trip time was 22.0852 milliseconds in repetition 317
tcp_ping received 16384 bytes back
Round trip time was 21.5842 milliseconds in repetition 318
tcp_ping received 16384 bytes back
Round trip time was 22.5223 milliseconds in repetition 319
tcp_ping received 16384 bytes back
Round trip time was 21.0753 milliseconds in repetition 320
tcp_ping received 16384 bytes back
Round trip time was 22.2785 milliseconds in repetition 321
tcp_ping received 16384 bytes back
Round trip time was 21.6598 milliseconds in repetition 322
tcp_ping received 16384 bytes back
Round trip time was 21.2463 milliseconds in repetition 323
tcp_ping received 16384 bytes back
Round trip time was 21.6257 milliseconds in repetition 324
tcp_ping received 16384 bytes back
Round trip time was 20.6923 milliseconds in repetition 325
tcp_ping received 16384 bytes back
Round trip time was 21.5544 milliseconds in repetition 326
tcp_ping received 16384 bytes back
Round trip time was 20.9459 milliseconds in repetition 327
tcp_ping received 16384 bytes back
Round trip time was 21.1313 milliseconds in repetition 328
tcp_ping received 16384 bytes back
Round trip time was 21.8193 milliseconds in repetition 329
tcp_ping received 16384 bytes back
Round trip time was 21.48 milliseconds in repetition 330
tcp_ping received 16384 bytes back
Round trip time was 21.0223 milliseconds in repetition 331
tcp_ping received 16384 bytes back
Round trip time was 21.8697 milliseconds in repetition 332
tcp_ping received 16384 bytes back
Round trip time was 22.0563 milliseconds in repetition 333
tcp_ping received 16384 bytes back
Round trip time was 21.5036 milliseconds in repetition 334
tcp_ping received 16384 bytes back
Round trip time was 21.1737 milliseconds in repetition 335
tcp_ping received 16384 bytes back
Round trip time was 21.8991 milliseconds in repetition 336
tcp_ping received 16384 bytes back
Round trip time was 22.1536 milliseconds in repetition 337
tcp_ping received 16384 bytes back
Round trip time was 21.1434 milliseconds in repetition 338
tcp_ping received 16384 bytes back
Round trip time was 22.3388 milliseconds in repetition 339
tcp_ping received 16384 bytes back
Round trip time was 23.4036 milliseconds in repetition 340
tcp_ping received 16384 bytes back
Round trip time was 24.5041 milliseconds in repetition 341
tcp_ping received 16384 bytes back
Round trip time was 22.013 milliseconds in repetition 342
tcp_ping received 16384 bytes back
Round trip time was 21.6432 milliseconds in repetition 343
tcp_ping received 16384 bytes back
Round trip time was 21.7504 milliseconds in repetition 344
tcp_ping received 16384 bytes back
Round trip time was 22.5902 milliseconds in repetition 345
tcp_ping received 16384 bytes back
Round trip time was 21.9879 milliseconds in repetition 346
tcp_ping received 16384 bytes back
Round trip time was 21.9073 milliseconds in repetition 347
tcp_ping received 16384 bytes back
Round trip time was 22.9048 milliseconds in repetition 348
tcp_ping received 16384 bytes back
Round trip time was 21.7921 milliseconds in repetition 349
tcp_ping received 16384 bytes back
Round trip time was 20.9 milliseconds in repetition 350
tcp_ping received 16384 bytes back
Round trip time was 22.0301 milliseconds in repetition 351
tcp_ping received 16384 bytes back
Round trip time was 22.6949 milliseconds in repetition 352
tcp_ping received 16384 bytes back
Round trip time was 21.485 milliseconds in repetition 353
tcp_ping received 16384 bytes back
Round trip time was 24.9266 milliseconds in repetition 354
tcp_ping received 16384 bytes back
Round trip time was 21.9017 milliseconds in repetition 355
tcp_ping received 16384 bytes back
Round trip time was 21.7082 milliseconds in repetition 356
tcp_ping received 16384 bytes back
Round trip time was 22.0065 milliseconds in repetition 357
tcp_ping received 16384 bytes back
Round trip time was 21.9204 milliseconds in repetition 358
tcp_ping received 16384 bytes back
Round trip time was 21.8812 milliseconds in repetition 359
tcp_ping received 16384 bytes back
Round trip time was 21.5522 milliseconds in repetition 360
tcp_ping received 16384 bytes back
Round trip time was 21.2243 milliseconds in repetition 361
tcp_ping received 16384 bytes back
Round trip time was 22.0384 milliseconds in repetition 362
tcp_ping received 16384 bytes back
Round trip time was 21.9979 milliseconds in repetition 363
tcp_ping received 16384 bytes back
Round trip time was 21.5541 milliseconds in repetition 364
tcp_ping received 16384 bytes back
Round trip time was 21.7686 milliseconds in repetition 365
tcp_ping received 16384 bytes back
Round trip time was 21.8838 milliseconds in repetition 366
tcp_ping received 16384 bytes back
Round trip time was 22.0111 milliseconds in repetition 367
tcp_ping received 16384 bytes back
Round trip time was 22.1415 milliseconds in repetition 368
tcp_ping received 16384 bytes back
Round trip time was 21.6389 milliseconds in repetition 369
tcp_ping received 16384 bytes back
Round trip time was 21.5656 milliseconds in repetition 370
tcp_ping received 16384 bytes back
Round trip time was 21.9857 milliseconds in repetition 371
tcp_ping received 16384 bytes back
Round trip time was 21.4876 milliseconds in repetition 372
tcp_ping received 16384 bytes back
Round trip time was 23.1044 milliseconds in repetition 373
tcp_ping received 16384 bytes back
Round trip time was 22.0096 milliseconds in repetition 374
tcp_ping received 16384 bytes back
Round trip time was 21.5352 milliseconds in repetition 375
tcp_ping received 16384 bytes back
Round trip time was 21.8304 milliseconds in repetition 376
tcp_ping received 16384 bytes back
Round trip time was 21.5061 milliseconds in repetition 377
tcp_ping received 16384 bytes back
Round trip time was 21.9451 milliseconds in repetition 378
tcp_ping received 16384 bytes back
Round trip time was 21.7526 milliseconds in repetition 379
tcp_ping received 16384 bytes back
Round trip time was 21.4214 milliseconds in repetition 380
tcp_ping received 16384 bytes back
Round trip time was 21.231 milliseconds in repetition 381
tcp_ping received 16384 bytes back
Round trip time was 21.5727 milliseconds in repetition 382
tcp_ping received 16384 bytes back
Round trip time was 22.2092 milliseconds in repetition 383
tcp_ping received 16384 bytes back
Round trip time was 22.017 milliseconds in repetition 384
tcp_ping received 16384 bytes back
Round trip time was 28.8355 milliseconds in repetition 385
tcp_ping received 16384 bytes back
Round trip time was 26.0759 milliseconds in repetition 386
tcp_ping received 16384 bytes back
Round trip time was 23.6388 milliseconds in repetition 387
tcp_ping received 16384 bytes back
Round trip time was 22.866 milliseconds in repetition 388
tcp_ping received 16384 bytes back
Round trip time was 22.2726 milliseconds in repetition 389
tcp_ping received 16384 bytes back
Round trip time was 21.8318 milliseconds in repetition 390
tcp_ping received 16384 bytes back
Round trip time was 22.013 milliseconds in repetition 391
tcp_ping received 16384 bytes back
Round trip time was 22.6136 milliseconds in repetition 392
tcp_ping received 16384 bytes back
Round trip time was 21.9404 milliseconds in repetition 393
tcp_ping received 16384 bytes back
Round trip time was 29.357 milliseconds in repetition 394
tcp_ping received 16384 bytes back
Round trip time was 23.9359 milliseconds in repetition 395
tcp_ping received 16384 bytes back
Round trip time was 21.1885 milliseconds in repetition 396
tcp_ping received 16384 bytes back
Round trip time was 21.2948 milliseconds in repetition 397
tcp_ping received 16384 bytes back
Round trip time was 22.3409 milliseconds in repetition 398
tcp_ping received 16384 bytes back
Round trip time was 21.5165 milliseconds in repetition 399
tcp_ping received 16384 bytes back
Round trip time was 21.4588 milliseconds in repetition 400
tcp_ping received 16384 bytes back
Round trip time was 23.8827 milliseconds in repetition 401
tcp_ping received 16384 bytes back
Round trip time was 28.4259 milliseconds in repetition 402
tcp_ping received 16384 bytes back
Round trip time was 23.1319 milliseconds in repetition 403
tcp_ping received 16384 bytes back
Round trip time was 21.6639 milliseconds in repetition 404
tcp_ping received 16384 bytes back
Round trip time was 22.0285 milliseconds in repetition 405
tcp_ping received 16384 bytes back
Round trip time was 21.8508 milliseconds in repetition 406
tcp_ping received 16384 bytes back
Round trip time was 22.0366 milliseconds in repetition 407
tcp_ping received 16384 bytes back
Round trip time was 22.0735 milliseconds in repetition 408
tcp_ping received 16384 bytes back
Round trip time was 22.9298 milliseconds in repetition 409
tcp_ping received 16384 bytes back
Round trip time was 21.8294 milliseconds in repetition 410
tcp_ping received 16384 bytes back
Round trip time was 21.3721 milliseconds in repetition 411
tcp_ping received 16384 bytes back
Round trip time was 21.6362 milliseconds in repetition 412
tcp_ping received 16384 bytes back
Round trip time was 24.524 milliseconds in repetition 413
tcp_ping received 16384 bytes back
Round trip time was 21.4007 milliseconds in repetition 414
tcp_ping received 16384 bytes back
Round trip time was 22.7271 milliseconds in repetition 415
tcp_ping received 16384 bytes back
Round trip time was 22.1875 milliseconds in repetition 416
tcp_ping received 16384 bytes back
Round trip time was 22.2437 milliseconds in repetition 417
tcp_ping received 16384 bytes back
Round trip time was 23.0686 milliseconds in repetition 418
tcp_ping received 16384 bytes back
Round trip time was 21.9193 milliseconds in repetition 419
tcp_ping received 16384 bytes back
Round trip time was 22.0939 milliseconds in repetition 420
tcp_ping received 16384 bytes back
Round trip time was 23.1744 milliseconds in repetition 421
tcp_ping received 16384 bytes back
Round trip time was 21.4296 milliseconds in repetition 422
tcp_ping received 16384 bytes back
Round trip time was 22.4369 milliseconds in repetition 423
tcp_ping received 16384 bytes back
Round trip time was 21.5226 milliseconds in repetition 424
tcp_ping received 16384 bytes back
Round trip time was 21.6651 milliseconds in repetition 425
tcp_ping received 16384 bytes back
Round trip time was 22.2091 milliseconds in repetition 426
tcp_ping received 16384 bytes back
Round trip time was 21.1411 milliseconds in repetition 427
tcp_ping received 16384 bytes back
Round trip time was 22.6534 milliseconds in repetition 428
tcp_ping received 16384 bytes back
Round trip time was 21.9782 milliseconds in repetition 429
tcp_ping received 16384 bytes back
Round trip time was 23.5752 milliseconds in repetition 430
tcp_ping received 16384 bytes back
Round trip time was 21.9859 milliseconds in repetition 431
tcp_ping received 16384 bytes back
Round trip time was 21.7477 milliseconds in repetition 432
tcp_ping received 16384 bytes back
Round trip time was 21.4184 milliseconds in repetition 433
tcp_ping received 16384 bytes back
Round trip time was 21.4917 milliseconds in repetition 434
tcp_ping received 16384 bytes back
Round trip time was 21.6093 milliseconds in repetition 435
tcp_ping received 16384 bytes back
Round trip time was 21.6583 milliseconds in repetition 436
tcp_ping received 16384 bytes back
Round trip time was 21.68 milliseconds in repetition 437
tcp_ping received 16384 bytes back
Round trip time was 22.3412 milliseconds in repetition 438
tcp_ping received 16384 bytes back
Round trip time was 22.4339 milliseconds in repetition 439
tcp_ping received 16384 bytes back
Round trip time was 22.7679 milliseconds in repetition 440
tcp_ping received 16384 bytes back
Round trip time was 23.3402 milliseconds in repetition 441
tcp_ping received 16384 bytes back
Round trip time was 24.2348 milliseconds in repetition 442
tcp_ping received 16384 bytes back
Round trip time was 22.3621 milliseconds in repetition 443
tcp_ping received 16384 bytes back
Round trip time was 21.3876 milliseconds in repetition 444
tcp_ping received 16384 bytes back
Round trip time was 21.2354 milliseconds in repetition 445
tcp_ping received 16384 bytes back
Round trip time was 21.4059 milliseconds in repetition 446
tcp_ping received 16384 bytes back
Round trip time was 22.4192 milliseconds in repetition 447
tcp_ping received 16384 bytes back
Round trip time was 21.2849 milliseconds in repetition 448
tcp_ping received 16384 bytes back
Round trip time was 22.1632 milliseconds in repetition 449
tcp_ping received 16384 bytes back
Round trip time was 22.3591 milliseconds in repetition 450
tcp_ping received 16384 bytes back
Round trip time was 22.3388 milliseconds in repetition 451
tcp_ping received 16384 bytes back
Round trip time was 23.6208 milliseconds in repetition 452
tcp_ping received 16384 bytes back
Round trip time was 21.008 milliseconds in repetition 453
tcp_ping received 16384 bytes back
Round trip time was 21.8195 milliseconds in repetition 454
tcp_ping received 16384 bytes back
Round trip time was 22.1892 milliseconds in repetition 455
tcp_ping received 16384 bytes back
Round trip time was 21.7455 milliseconds in repetition 456
tcp_ping received 16384 bytes back
Round trip time was 23.3514 milliseconds in repetition 457
tcp_ping received 16384 bytes back
Round trip time was 22.5012 milliseconds in repetition 458
tcp_ping received 16384 bytes back
Round trip time was 25.7906 milliseconds in repetition 459
tcp_ping received 16384 bytes back
Round trip time was 24.2512 milliseconds in repetition 460
tcp_ping received 16384 bytes back
Round trip time was 23.0261 milliseconds in repetition 461
tcp_ping received 16384 bytes back
Round trip time was 23.8215 milliseconds in repetition 462
tcp_ping received 16384 bytes back
Round trip time was 21.9306 milliseconds in repetition 463
tcp_ping received 16384 bytes back
Round trip time was 23.2703 milliseconds in repetition 464
tcp_ping received 16384 bytes back
Round trip time was 22.2379 milliseconds in repetition 465
tcp_ping received 16384 bytes back
Round trip time was 22.2339 milliseconds in repetition 466
tcp_ping received 16384 bytes back
Round trip time was 22.4448 milliseconds in repetition 467
tcp_ping received 16384 bytes back
Round trip time was 22.9528 milliseconds in repetition 468
tcp_ping received 16384 bytes back
Round trip time was 22.3767 milliseconds in repetition 469
tcp_ping received 16384 bytes back
Round trip time was 23.359 milliseconds in repetition 470
tcp_ping received 16384 bytes back
Round trip time was 22.0491 milliseconds in repetition 471
tcp_ping received 16384 bytes back
Round trip time was 21.9012 milliseconds in repetition 472
tcp_ping received 16384 bytes back
Round trip time was 24.1269 milliseconds in repetition 473
tcp_ping received 16384 bytes back
Round trip time was 22.3984 milliseconds in repetition 474
tcp_ping received 16384 bytes back
Round trip time was 21.5851 milliseconds in repetition 475
tcp_ping received 16384 bytes back
Round trip time was 22.5981 milliseconds in repetition 476
tcp_ping received 16384 bytes back
Round trip time was 21.9404 milliseconds in repetition 477
tcp_ping received 16384 bytes back
Round trip time was 23.2689 milliseconds in repetition 478
tcp_ping received 16384 bytes back
Round trip time was 22.4398 milliseconds in repetition 479
tcp_ping received 16384 bytes back
Round trip time was 24.2567 milliseconds in repetition 480
tcp_ping received 16384 bytes back
Round trip time was 26.4343 milliseconds in repetition 481
tcp_ping received 16384 bytes back
Round trip time was 21.5618 milliseconds in repetition 482
tcp_ping received 16384 bytes back
Round trip time was 22.2312 milliseconds in repetition 483
tcp_ping received 16384 bytes back
Round trip time was 22.7713 milliseconds in repetition 484
tcp_ping received 16384 bytes back
Round trip time was 21.3225 milliseconds in repetition 485
tcp_ping received 16384 bytes back
Round trip time was 22.5469 milliseconds in repetition 486
tcp_ping received 16384 bytes back
Round trip time was 21.5517 milliseconds in repetition 487
tcp_ping received 16384 bytes back
Round trip time was 22.2426 milliseconds in repetition 488
tcp_ping received 16384 bytes back
Round trip time was 21.546 milliseconds in repetition 489
tcp_ping received 16384 bytes back
Round trip time was 21.5551 milliseconds in repetition 490
tcp_ping received 16384 bytes back
Round trip time was 27.8597 milliseconds in repetition 491
tcp_ping received 16384 bytes back
Round trip time was 24.2651 milliseconds in repetition 492
tcp_ping received 16384 bytes back
Round trip time was 23.0842 milliseconds in repetition 493
tcp_ping received 16384 bytes back
Round trip time was 21.9935 milliseconds in repetition 494
tcp_ping received 16384 bytes back
Round trip time was 21.8458 milliseconds in repetition 495
tcp_ping received 16384 bytes back
Round trip time was 23.9963 milliseconds in repetition 496
tcp_ping received 16384 bytes back
Round trip time was 23.8442 milliseconds in repetition 497
tcp_ping received 16384 bytes back
Round trip time was 23.4473 milliseconds in repetition 498
tcp_ping received 16384 bytes back
Round trip time was 21.7971 milliseconds in repetition 499
tcp_ping received 16384 bytes back
Round trip time was 24.3097 milliseconds in repetition 500
tcp_ping received 16384 bytes back
Round trip time was 22.4683 milliseconds in repetition 501

 ... clock resolution was 1e-06
TCP Ping:  Statistics over 501 repetitions of 16384 byte messages

RTT : percentile 10: 21.3121, median: 22.1026, percentile 90: 24.3914, average: 22.6779, variance: 8.58261

RTT histogram:
20.6923 256
23.5555 212
26.4187 23
29.2819 7
32.1451 1
35.0083 1
37.8715 0
40.7347 0
43.598 0
46.4612 0
49.3244 0
52.1876 0
55.0508 0
57.914 0
60.7772 0
63.6405 0
66.5037 0
69.3669 0
72.2301 0
75.0933 0
77.9565 1

   median Throughput : 1482.54 KB/s   overall Throughput : 1444.93 KB/s

