TCP Ping trying to connect to server seti.dibris.unige.it (130.251.61.30) on port 1491

... connected to Pong server: asking for 501 repetitions of 192 bytes TCP messages
 ... Pong server agreed :-)
tcp_ping received 192 bytes back
Round trip time was 26.269 milliseconds in repetition 1
tcp_ping received 192 bytes back
Round trip time was 27.9 milliseconds in repetition 2
tcp_ping received 192 bytes back
Round trip time was 22.274 milliseconds in repetition 3
tcp_ping received 192 bytes back
Round trip time was 23.0929 milliseconds in repetition 4
tcp_ping received 192 bytes back
Round trip time was 22.6207 milliseconds in repetition 5
tcp_ping received 192 bytes back
Round trip time was 22.6079 milliseconds in repetition 6
tcp_ping received 192 bytes back
Round trip time was 22.8397 milliseconds in repetition 7
tcp_ping received 192 bytes back
Round trip time was 22.7421 milliseconds in repetition 8
tcp_ping received 192 bytes back
Round trip time was 22.6196 milliseconds in repetition 9
tcp_ping received 192 bytes back
Round trip time was 22.6569 milliseconds in repetition 10
tcp_ping received 192 bytes back
Round trip time was 22.8495 milliseconds in repetition 11
tcp_ping received 192 bytes back
Round trip time was 22.3529 milliseconds in repetition 12
tcp_ping received 192 bytes back
Round trip time was 22.8557 milliseconds in repetition 13
tcp_ping received 192 bytes back
Round trip time was 22.3043 milliseconds in repetition 14
tcp_ping received 192 bytes back
Round trip time was 23.406 milliseconds in repetition 15
tcp_ping received 192 bytes back
Round trip time was 22.982 milliseconds in repetition 16
tcp_ping received 192 bytes back
Round trip time was 23.9504 milliseconds in repetition 17
tcp_ping received 192 bytes back
Round trip time was 22.7131 milliseconds in repetition 18
tcp_ping received 192 bytes back
Round trip time was 22.7766 milliseconds in repetition 19
tcp_ping received 192 bytes back
Round trip time was 23.1633 milliseconds in repetition 20
tcp_ping received 192 bytes back
Round trip time was 22.4813 milliseconds in repetition 21
tcp_ping received 192 bytes back
Round trip time was 22.2996 milliseconds in repetition 22
tcp_ping received 192 bytes back
Round trip time was 22.9361 milliseconds in repetition 23
tcp_ping received 192 bytes back
Round trip time was 22.7554 milliseconds in repetition 24
tcp_ping received 192 bytes back
Round trip time was 22.935 milliseconds in repetition 25
tcp_ping received 192 bytes back
Round trip time was 23.2112 milliseconds in repetition 26
tcp_ping received 192 bytes back
Round trip time was 22.9111 milliseconds in repetition 27
tcp_ping received 192 bytes back
Round trip time was 22.3635 milliseconds in repetition 28
tcp_ping received 192 bytes back
Round trip time was 22.7779 milliseconds in repetition 29
tcp_ping received 192 bytes back
Round trip time was 22.7241 milliseconds in repetition 30
tcp_ping received 192 bytes back
Round trip time was 22.8762 milliseconds in repetition 31
tcp_ping received 192 bytes back
Round trip time was 22.8695 milliseconds in repetition 32
tcp_ping received 192 bytes back
Round trip time was 23.2451 milliseconds in repetition 33
tcp_ping received 192 bytes back
Round trip time was 23.1681 milliseconds in repetition 34
tcp_ping received 192 bytes back
Round trip time was 21.9465 milliseconds in repetition 35
tcp_ping received 192 bytes back
Round trip time was 22.0489 milliseconds in repetition 36
tcp_ping received 192 bytes back
Round trip time was 21.9079 milliseconds in repetition 37
tcp_ping received 192 bytes back
Round trip time was 21.4567 milliseconds in repetition 38
tcp_ping received 192 bytes back
Round trip time was 22.2554 milliseconds in repetition 39
tcp_ping received 192 bytes back
Round trip time was 21.6046 milliseconds in repetition 40
tcp_ping received 192 bytes back
Round trip time was 22.1017 milliseconds in repetition 41
tcp_ping received 192 bytes back
Round trip time was 21.9258 milliseconds in repetition 42
tcp_ping received 192 bytes back
Round trip time was 21.4982 milliseconds in repetition 43
tcp_ping received 192 bytes back
Round trip time was 28.2367 milliseconds in repetition 44
tcp_ping received 192 bytes back
Round trip time was 21.9096 milliseconds in repetition 45
tcp_ping received 192 bytes back
Round trip time was 22.3707 milliseconds in repetition 46
tcp_ping received 192 bytes back
Round trip time was 28.5762 milliseconds in repetition 47
tcp_ping received 192 bytes back
Round trip time was 22.1184 milliseconds in repetition 48
tcp_ping received 192 bytes back
Round trip time was 21.8188 milliseconds in repetition 49
tcp_ping received 192 bytes back
Round trip time was 21.9675 milliseconds in repetition 50
tcp_ping received 192 bytes back
Round trip time was 21.1382 milliseconds in repetition 51
tcp_ping received 192 bytes back
Round trip time was 21.8095 milliseconds in repetition 52
tcp_ping received 192 bytes back
Round trip time was 21.7704 milliseconds in repetition 53
tcp_ping received 192 bytes back
Round trip time was 21.3041 milliseconds in repetition 54
tcp_ping received 192 bytes back
Round trip time was 21.7567 milliseconds in repetition 55
tcp_ping received 192 bytes back
Round trip time was 21.4099 milliseconds in repetition 56
tcp_ping received 192 bytes back
Round trip time was 21.8617 milliseconds in repetition 57
tcp_ping received 192 bytes back
Round trip time was 21.8522 milliseconds in repetition 58
tcp_ping received 192 bytes back
Round trip time was 21.4668 milliseconds in repetition 59
tcp_ping received 192 bytes back
Round trip time was 21.9165 milliseconds in repetition 60
tcp_ping received 192 bytes back
Round trip time was 22.048 milliseconds in repetition 61
tcp_ping received 192 bytes back
Round trip time was 21.846 milliseconds in repetition 62
tcp_ping received 192 bytes back
Round trip time was 21.9764 milliseconds in repetition 63
tcp_ping received 192 bytes back
Round trip time was 21.7245 milliseconds in repetition 64
tcp_ping received 192 bytes back
Round trip time was 21.8 milliseconds in repetition 65
tcp_ping received 192 bytes back
Round trip time was 21.7315 milliseconds in repetition 66
tcp_ping received 192 bytes back
Round trip time was 22.0593 milliseconds in repetition 67
tcp_ping received 192 bytes back
Round trip time was 21.1673 milliseconds in repetition 68
tcp_ping received 192 bytes back
Round trip time was 21.7549 milliseconds in repetition 69
tcp_ping received 192 bytes back
Round trip time was 20.9798 milliseconds in repetition 70
tcp_ping received 192 bytes back
Round trip time was 20.9326 milliseconds in repetition 71
tcp_ping received 192 bytes back
Round trip time was 21.4707 milliseconds in repetition 72
tcp_ping received 192 bytes back
Round trip time was 21.7368 milliseconds in repetition 73
tcp_ping received 192 bytes back
Round trip time was 21.6844 milliseconds in repetition 74
tcp_ping received 192 bytes back
Round trip time was 21.8981 milliseconds in repetition 75
tcp_ping received 192 bytes back
Round trip time was 21.761 milliseconds in repetition 76
tcp_ping received 192 bytes back
Round trip time was 23.1315 milliseconds in repetition 77
tcp_ping received 192 bytes back
Round trip time was 21.1332 milliseconds in repetition 78
tcp_ping received 192 bytes back
Round trip time was 21.4782 milliseconds in repetition 79
tcp_ping received 192 bytes back
Round trip time was 21.8854 milliseconds in repetition 80
tcp_ping received 192 bytes back
Round trip time was 21.6897 milliseconds in repetition 81
tcp_ping received 192 bytes back
Round trip time was 21.596 milliseconds in repetition 82
tcp_ping received 192 bytes back
Round trip time was 21.9735 milliseconds in repetition 83
tcp_ping received 192 bytes back
Round trip time was 21.2713 milliseconds in repetition 84
tcp_ping received 192 bytes back
Round trip time was 21.3011 milliseconds in repetition 85
tcp_ping received 192 bytes back
Round trip time was 21.5788 milliseconds in repetition 86
tcp_ping received 192 bytes back
Round trip time was 24.3246 milliseconds in repetition 87
tcp_ping received 192 bytes back
Round trip time was 22.2432 milliseconds in repetition 88
tcp_ping received 192 bytes back
Round trip time was 21.2152 milliseconds in repetition 89
tcp_ping received 192 bytes back
Round trip time was 21.7356 milliseconds in repetition 90
tcp_ping received 192 bytes back
Round trip time was 21.6402 milliseconds in repetition 91
tcp_ping received 192 bytes back
Round trip time was 21.8558 milliseconds in repetition 92
tcp_ping received 192 bytes back
Round trip time was 21.5759 milliseconds in repetition 93
tcp_ping received 192 bytes back
Round trip time was 21.9973 milliseconds in repetition 94
tcp_ping received 192 bytes back
Round trip time was 22.0507 milliseconds in repetition 95
tcp_ping received 192 bytes back
Round trip time was 22.2797 milliseconds in repetition 96
tcp_ping received 192 bytes back
Round trip time was 21.4519 milliseconds in repetition 97
tcp_ping received 192 bytes back
Round trip time was 21.8222 milliseconds in repetition 98
tcp_ping received 192 bytes back
Round trip time was 21.779 milliseconds in repetition 99
tcp_ping received 192 bytes back
Round trip time was 21.6728 milliseconds in repetition 100
tcp_ping received 192 bytes back
Round trip time was 22.2333 milliseconds in repetition 101
tcp_ping received 192 bytes back
Round trip time was 22.0191 milliseconds in repetition 102
tcp_ping received 192 bytes back
Round trip time was 21.2534 milliseconds in repetition 103
tcp_ping received 192 bytes back
Round trip time was 22.0149 milliseconds in repetition 104
tcp_ping received 192 bytes back
Round trip time was 22.2118 milliseconds in repetition 105
tcp_ping received 192 bytes back
Round trip time was 21.6727 milliseconds in repetition 106
tcp_ping received 192 bytes back
Round trip time was 21.7941 milliseconds in repetition 107
tcp_ping received 192 bytes back
Round trip time was 21.8073 milliseconds in repetition 108
tcp_ping received 192 bytes back
Round trip time was 21.7251 milliseconds in repetition 109
tcp_ping received 192 bytes back
Round trip time was 22.5042 milliseconds in repetition 110
tcp_ping received 192 bytes back
Round trip time was 21.6742 milliseconds in repetition 111
tcp_ping received 192 bytes back
Round trip time was 21.7021 milliseconds in repetition 112
tcp_ping received 192 bytes back
Round trip time was 21.7819 milliseconds in repetition 113
tcp_ping received 192 bytes back
Round trip time was 21.3845 milliseconds in repetition 114
tcp_ping received 192 bytes back
Round trip time was 22.3497 milliseconds in repetition 115
tcp_ping received 192 bytes back
Round trip time was 22.1252 milliseconds in repetition 116
tcp_ping received 192 bytes back
Round trip time was 22.1513 milliseconds in repetition 117
tcp_ping received 192 bytes back
Round trip time was 21.4838 milliseconds in repetition 118
tcp_ping received 192 bytes back
Round trip time was 21.4667 milliseconds in repetition 119
tcp_ping received 192 bytes back
Round trip time was 22.1847 milliseconds in repetition 120
tcp_ping received 192 bytes back
Round trip time was 22.0339 milliseconds in repetition 121
tcp_ping received 192 bytes back
Round trip time was 22.1755 milliseconds in repetition 122
tcp_ping received 192 bytes back
Round trip time was 22.3623 milliseconds in repetition 123
tcp_ping received 192 bytes back
Round trip time was 22.165 milliseconds in repetition 124
tcp_ping received 192 bytes back
Round trip time was 21.4768 milliseconds in repetition 125
tcp_ping received 192 bytes back
Round trip time was 21.909 milliseconds in repetition 126
tcp_ping received 192 bytes back
Round trip time was 21.896 milliseconds in repetition 127
tcp_ping received 192 bytes back
Round trip time was 21.2889 milliseconds in repetition 128
tcp_ping received 192 bytes back
Round trip time was 21.4993 milliseconds in repetition 129
tcp_ping received 192 bytes back
Round trip time was 21.4684 milliseconds in repetition 130
tcp_ping received 192 bytes back
Round trip time was 21.3951 milliseconds in repetition 131
tcp_ping received 192 bytes back
Round trip time was 21.1532 milliseconds in repetition 132
tcp_ping received 192 bytes back
Round trip time was 21.5858 milliseconds in repetition 133
tcp_ping received 192 bytes back
Round trip time was 21.8528 milliseconds in repetition 134
tcp_ping received 192 bytes back
Round trip time was 21.9768 milliseconds in repetition 135
tcp_ping received 192 bytes back
Round trip time was 21.9525 milliseconds in repetition 136
tcp_ping received 192 bytes back
Round trip time was 21.1366 milliseconds in repetition 137
tcp_ping received 192 bytes back
Round trip time was 21.4473 milliseconds in repetition 138
tcp_ping received 192 bytes back
Round trip time was 21.3913 milliseconds in repetition 139
tcp_ping received 192 bytes back
Round trip time was 22.2937 milliseconds in repetition 140
tcp_ping received 192 bytes back
Round trip time was 21.0855 milliseconds in repetition 141
tcp_ping received 192 bytes back
Round trip time was 22.0584 milliseconds in repetition 142
tcp_ping received 192 bytes back
Round trip time was 21.4173 milliseconds in repetition 143
tcp_ping received 192 bytes back
Round trip time was 22.2906 milliseconds in repetition 144
tcp_ping received 192 bytes back
Round trip time was 21.9429 milliseconds in repetition 145
tcp_ping received 192 bytes back
Round trip time was 22.2528 milliseconds in repetition 146
tcp_ping received 192 bytes back
Round trip time was 22.1781 milliseconds in repetition 147
tcp_ping received 192 bytes back
Round trip time was 21.9477 milliseconds in repetition 148
tcp_ping received 192 bytes back
Round trip time was 21.6678 milliseconds in repetition 149
tcp_ping received 192 bytes back
Round trip time was 23.066 milliseconds in repetition 150
tcp_ping received 192 bytes back
Round trip time was 21.7945 milliseconds in repetition 151
tcp_ping received 192 bytes back
Round trip time was 22.2666 milliseconds in repetition 152
tcp_ping received 192 bytes back
Round trip time was 21.8785 milliseconds in repetition 153
tcp_ping received 192 bytes back
Round trip time was 21.7284 milliseconds in repetition 154
tcp_ping received 192 bytes back
Round trip time was 21.8772 milliseconds in repetition 155
tcp_ping received 192 bytes back
Round trip time was 21.7449 milliseconds in repetition 156
tcp_ping received 192 bytes back
Round trip time was 22.0219 milliseconds in repetition 157
tcp_ping received 192 bytes back
Round trip time was 22.2338 milliseconds in repetition 158
tcp_ping received 192 bytes back
Round trip time was 21.5176 milliseconds in repetition 159
tcp_ping received 192 bytes back
Round trip time was 30.5318 milliseconds in repetition 160
tcp_ping received 192 bytes back
Round trip time was 21.4592 milliseconds in repetition 161
tcp_ping received 192 bytes back
Round trip time was 21.4121 milliseconds in repetition 162
tcp_ping received 192 bytes back
Round trip time was 21.1474 milliseconds in repetition 163
tcp_ping received 192 bytes back
Round trip time was 21.2791 milliseconds in repetition 164
tcp_ping received 192 bytes back
Round trip time was 21.5445 milliseconds in repetition 165
tcp_ping received 192 bytes back
Round trip time was 21.1872 milliseconds in repetition 166
tcp_ping received 192 bytes back
Round trip time was 20.9307 milliseconds in repetition 167
tcp_ping received 192 bytes back
Round trip time was 21.4015 milliseconds in repetition 168
tcp_ping received 192 bytes back
Round trip time was 21.8766 milliseconds in repetition 169
tcp_ping received 192 bytes back
Round trip time was 21.9458 milliseconds in repetition 170
tcp_ping received 192 bytes back
Round trip time was 23.0074 milliseconds in repetition 171
tcp_ping received 192 bytes back
Round trip time was 21.9253 milliseconds in repetition 172
tcp_ping received 192 bytes back
Round trip time was 22.2846 milliseconds in repetition 173
tcp_ping received 192 bytes back
Round trip time was 22.0427 milliseconds in repetition 174
tcp_ping received 192 bytes back
Round trip time was 22.1285 milliseconds in repetition 175
tcp_ping received 192 bytes back
Round trip time was 22.8203 milliseconds in repetition 176
tcp_ping received 192 bytes back
Round trip time was 21.7602 milliseconds in repetition 177
tcp_ping received 192 bytes back
Round trip time was 22.7443 milliseconds in repetition 178
tcp_ping received 192 bytes back
Round trip time was 21.9921 milliseconds in repetition 179
tcp_ping received 192 bytes back
Round trip time was 21.4694 milliseconds in repetition 180
tcp_ping received 192 bytes back
Round trip time was 21.7234 milliseconds in repetition 181
tcp_ping received 192 bytes back
Round trip time was 21.3241 milliseconds in repetition 182
tcp_ping received 192 bytes back
Round trip time was 21.7044 milliseconds in repetition 183
tcp_ping received 192 bytes back
Round trip time was 21.3892 milliseconds in repetition 184
tcp_ping received 192 bytes back
Round trip time was 22.112 milliseconds in repetition 185
tcp_ping received 192 bytes back
Round trip time was 22.1176 milliseconds in repetition 186
tcp_ping received 192 bytes back
Round trip time was 21.9659 milliseconds in repetition 187
tcp_ping received 192 bytes back
Round trip time was 21.9531 milliseconds in repetition 188
tcp_ping received 192 bytes back
Round trip time was 21.3913 milliseconds in repetition 189
tcp_ping received 192 bytes back
Round trip time was 21.803 milliseconds in repetition 190
tcp_ping received 192 bytes back
Round trip time was 21.2165 milliseconds in repetition 191
tcp_ping received 192 bytes back
Round trip time was 22.1892 milliseconds in repetition 192
tcp_ping received 192 bytes back
Round trip time was 23.0067 milliseconds in repetition 193
tcp_ping received 192 bytes back
Round trip time was 21.8328 milliseconds in repetition 194
tcp_ping received 192 bytes back
Round trip time was 22.3651 milliseconds in repetition 195
tcp_ping received 192 bytes back
Round trip time was 22.3837 milliseconds in repetition 196
tcp_ping received 192 bytes back
Round trip time was 23.7687 milliseconds in repetition 197
tcp_ping received 192 bytes back
Round trip time was 22.99 milliseconds in repetition 198
tcp_ping received 192 bytes back
Round trip time was 22.2859 milliseconds in repetition 199
tcp_ping received 192 bytes back
Round trip time was 22.055 milliseconds in repetition 200
tcp_ping received 192 bytes back
Round trip time was 22.11 milliseconds in repetition 201
tcp_ping received 192 bytes back
Round trip time was 21.5939 milliseconds in repetition 202
tcp_ping received 192 bytes back
Round trip time was 21.7068 milliseconds in repetition 203
tcp_ping received 192 bytes back
Round trip time was 21.852 milliseconds in repetition 204
tcp_ping received 192 bytes back
Round trip time was 23.5703 milliseconds in repetition 205
tcp_ping received 192 bytes back
Round trip time was 21.949 milliseconds in repetition 206
tcp_ping received 192 bytes back
Round trip time was 21.4579 milliseconds in repetition 207
tcp_ping received 192 bytes back
Round trip time was 21.8467 milliseconds in repetition 208
tcp_ping received 192 bytes back
Round trip time was 21.7584 milliseconds in repetition 209
tcp_ping received 192 bytes back
Round trip time was 21.7471 milliseconds in repetition 210
tcp_ping received 192 bytes back
Round trip time was 21.6475 milliseconds in repetition 211
tcp_ping received 192 bytes back
Round trip time was 21.7599 milliseconds in repetition 212
tcp_ping received 192 bytes back
Round trip time was 21.6689 milliseconds in repetition 213
tcp_ping received 192 bytes back
Round trip time was 21.7238 milliseconds in repetition 214
tcp_ping received 192 bytes back
Round trip time was 21.6888 milliseconds in repetition 215
tcp_ping received 192 bytes back
Round trip time was 23.6618 milliseconds in repetition 216
tcp_ping received 192 bytes back
Round trip time was 21.6517 milliseconds in repetition 217
tcp_ping received 192 bytes back
Round trip time was 22.0477 milliseconds in repetition 218
tcp_ping received 192 bytes back
Round trip time was 21.5148 milliseconds in repetition 219
tcp_ping received 192 bytes back
Round trip time was 21.2285 milliseconds in repetition 220
tcp_ping received 192 bytes back
Round trip time was 21.4907 milliseconds in repetition 221
tcp_ping received 192 bytes back
Round trip time was 21.41 milliseconds in repetition 222
tcp_ping received 192 bytes back
Round trip time was 21.3923 milliseconds in repetition 223
tcp_ping received 192 bytes back
Round trip time was 21.782 milliseconds in repetition 224
tcp_ping received 192 bytes back
Round trip time was 21.7394 milliseconds in repetition 225
tcp_ping received 192 bytes back
Round trip time was 21.979 milliseconds in repetition 226
tcp_ping received 192 bytes back
Round trip time was 22.313 milliseconds in repetition 227
tcp_ping received 192 bytes back
Round trip time was 22.0283 milliseconds in repetition 228
tcp_ping received 192 bytes back
Round trip time was 23.1823 milliseconds in repetition 229
tcp_ping received 192 bytes back
Round trip time was 24.1884 milliseconds in repetition 230
tcp_ping received 192 bytes back
Round trip time was 23.4703 milliseconds in repetition 231
tcp_ping received 192 bytes back
Round trip time was 24.1256 milliseconds in repetition 232
tcp_ping received 192 bytes back
Round trip time was 22.9804 milliseconds in repetition 233
tcp_ping received 192 bytes back
Round trip time was 24.9152 milliseconds in repetition 234
tcp_ping received 192 bytes back
Round trip time was 21.6676 milliseconds in repetition 235
tcp_ping received 192 bytes back
Round trip time was 22.0443 milliseconds in repetition 236
tcp_ping received 192 bytes back
Round trip time was 22.1754 milliseconds in repetition 237
tcp_ping received 192 bytes back
Round trip time was 23.1977 milliseconds in repetition 238
tcp_ping received 192 bytes back
Round trip time was 22.4793 milliseconds in repetition 239
tcp_ping received 192 bytes back
Round trip time was 23.4109 milliseconds in repetition 240
tcp_ping received 192 bytes back
Round trip time was 22.832 milliseconds in repetition 241
tcp_ping received 192 bytes back
Round trip time was 22.2733 milliseconds in repetition 242
tcp_ping received 192 bytes back
Round trip time was 21.6579 milliseconds in repetition 243
tcp_ping received 192 bytes back
Round trip time was 21.7421 milliseconds in repetition 244
tcp_ping received 192 bytes back
Round trip time was 21.5077 milliseconds in repetition 245
tcp_ping received 192 bytes back
Round trip time was 21.2727 milliseconds in repetition 246
tcp_ping received 192 bytes back
Round trip time was 21.8242 milliseconds in repetition 247
tcp_ping received 192 bytes back
Round trip time was 21.2761 milliseconds in repetition 248
tcp_ping received 192 bytes back
Round trip time was 22.4742 milliseconds in repetition 249
tcp_ping received 192 bytes back
Round trip time was 21.6395 milliseconds in repetition 250
tcp_ping received 192 bytes back
Round trip time was 21.8865 milliseconds in repetition 251
tcp_ping received 192 bytes back
Round trip time was 21.4748 milliseconds in repetition 252
tcp_ping received 192 bytes back
Round trip time was 21.7801 milliseconds in repetition 253
tcp_ping received 192 bytes back
Round trip time was 22.2372 milliseconds in repetition 254
tcp_ping received 192 bytes back
Round trip time was 22.2029 milliseconds in repetition 255
tcp_ping received 192 bytes back
Round trip time was 21.8344 milliseconds in repetition 256
tcp_ping received 192 bytes back
Round trip time was 22.8511 milliseconds in repetition 257
tcp_ping received 192 bytes back
Round trip time was 22.2646 milliseconds in repetition 258
tcp_ping received 192 bytes back
Round trip time was 21.7281 milliseconds in repetition 259
tcp_ping received 192 bytes back
Round trip time was 22.2301 milliseconds in repetition 260
tcp_ping received 192 bytes back
Round trip time was 24.8375 milliseconds in repetition 261
tcp_ping received 192 bytes back
Round trip time was 26.0127 milliseconds in repetition 262
tcp_ping received 192 bytes back
Round trip time was 26.3321 milliseconds in repetition 263
tcp_ping received 192 bytes back
Round trip time was 24.5251 milliseconds in repetition 264
tcp_ping received 192 bytes back
Round trip time was 23.5034 milliseconds in repetition 265
tcp_ping received 192 bytes back
Round trip time was 21.6686 milliseconds in repetition 266
tcp_ping received 192 bytes back
Round trip time was 21.9213 milliseconds in repetition 267
tcp_ping received 192 bytes back
Round trip time was 27.7755 milliseconds in repetition 268
tcp_ping received 192 bytes back
Round trip time was 21.6351 milliseconds in repetition 269
tcp_ping received 192 bytes back
Round trip time was 21.7967 milliseconds in repetition 270
tcp_ping received 192 bytes back
Round trip time was 21.5916 milliseconds in repetition 271
tcp_ping received 192 bytes back
Round trip time was 21.2554 milliseconds in repetition 272
tcp_ping received 192 bytes back
Round trip time was 21.5573 milliseconds in repetition 273
tcp_ping received 192 bytes back
Round trip time was 21.4311 milliseconds in repetition 274
tcp_ping received 192 bytes back
Round trip time was 22.0271 milliseconds in repetition 275
tcp_ping received 192 bytes back
Round trip time was 22.0914 milliseconds in repetition 276
tcp_ping received 192 bytes back
Round trip time was 21.353 milliseconds in repetition 277
tcp_ping received 192 bytes back
Round trip time was 21.4961 milliseconds in repetition 278
tcp_ping received 192 bytes back
Round trip time was 22.0711 milliseconds in repetition 279
tcp_ping received 192 bytes back
Round trip time was 22.1234 milliseconds in repetition 280
tcp_ping received 192 bytes back
Round trip time was 22.1438 milliseconds in repetition 281
tcp_ping received 192 bytes back
Round trip time was 22.5625 milliseconds in repetition 282
tcp_ping received 192 bytes back
Round trip time was 21.3694 milliseconds in repetition 283
tcp_ping received 192 bytes back
Round trip time was 22.1481 milliseconds in repetition 284
tcp_ping received 192 bytes back
Round trip time was 22.0449 milliseconds in repetition 285
tcp_ping received 192 bytes back
Round trip time was 46.7123 milliseconds in repetition 286
tcp_ping received 192 bytes back
Round trip time was 30.7548 milliseconds in repetition 287
tcp_ping received 192 bytes back
Round trip time was 26.9769 milliseconds in repetition 288
tcp_ping received 192 bytes back
Round trip time was 87.5489 milliseconds in repetition 289
tcp_ping received 192 bytes back
Round trip time was 25.8097 milliseconds in repetition 290
tcp_ping received 192 bytes back
Round trip time was 31.583 milliseconds in repetition 291
tcp_ping received 192 bytes back
Round trip time was 25.3858 milliseconds in repetition 292
tcp_ping received 192 bytes back
Round trip time was 43.1247 milliseconds in repetition 293
tcp_ping received 192 bytes back
Round trip time was 23.9293 milliseconds in repetition 294
tcp_ping received 192 bytes back
Round trip time was 21.0628 milliseconds in repetition 295
tcp_ping received 192 bytes back
Round trip time was 21.317 milliseconds in repetition 296
tcp_ping received 192 bytes back
Round trip time was 21.3153 milliseconds in repetition 297
tcp_ping received 192 bytes back
Round trip time was 21.4591 milliseconds in repetition 298
tcp_ping received 192 bytes back
Round trip time was 21.4699 milliseconds in repetition 299
tcp_ping received 192 bytes back
Round trip time was 21.3407 milliseconds in repetition 300
tcp_ping received 192 bytes back
Round trip time was 21.9695 milliseconds in repetition 301
tcp_ping received 192 bytes back
Round trip time was 22.1222 milliseconds in repetition 302
tcp_ping received 192 bytes back
Round trip time was 22.0666 milliseconds in repetition 303
tcp_ping received 192 bytes back
Round trip time was 22.0923 milliseconds in repetition 304
tcp_ping received 192 bytes back
Round trip time was 20.9908 milliseconds in repetition 305
tcp_ping received 192 bytes back
Round trip time was 20.7265 milliseconds in repetition 306
tcp_ping received 192 bytes back
Round trip time was 30.251 milliseconds in repetition 307
tcp_ping received 192 bytes back
Round trip time was 22.5509 milliseconds in repetition 308
tcp_ping received 192 bytes back
Round trip time was 21.3865 milliseconds in repetition 309
tcp_ping received 192 bytes back
Round trip time was 21.3926 milliseconds in repetition 310
tcp_ping received 192 bytes back
Round trip time was 21.6575 milliseconds in repetition 311
tcp_ping received 192 bytes back
Round trip time was 21.0969 milliseconds in repetition 312
tcp_ping received 192 bytes back
Round trip time was 21.1572 milliseconds in repetition 313
tcp_ping received 192 bytes back
Round trip time was 21.0251 milliseconds in repetition 314
tcp_ping received 192 bytes back
Round trip time was 21.1242 milliseconds in repetition 315
tcp_ping received 192 bytes back
Round trip time was 20.9689 milliseconds in repetition 316
tcp_ping received 192 bytes back
Round trip time was 23.3056 milliseconds in repetition 317
tcp_ping received 192 bytes back
Round trip time was 21.8353 milliseconds in repetition 318
tcp_ping received 192 bytes back
Round trip time was 21.2383 milliseconds in repetition 319
tcp_ping received 192 bytes back
Round trip time was 21.1221 milliseconds in repetition 320
tcp_ping received 192 bytes back
Round trip time was 21.6856 milliseconds in repetition 321
tcp_ping received 192 bytes back
Round trip time was 21.9258 milliseconds in repetition 322
tcp_ping received 192 bytes back
Round trip time was 21.3303 milliseconds in repetition 323
tcp_ping received 192 bytes back
Round trip time was 22.9439 milliseconds in repetition 324
tcp_ping received 192 bytes back
Round trip time was 22.2198 milliseconds in repetition 325
tcp_ping received 192 bytes back
Round trip time was 21.6377 milliseconds in repetition 326
tcp_ping received 192 bytes back
Round trip time was 22.305 milliseconds in repetition 327
tcp_ping received 192 bytes back
Round trip time was 29.7915 milliseconds in repetition 328
tcp_ping received 192 bytes back
Round trip time was 21.1502 milliseconds in repetition 329
tcp_ping received 192 bytes back
Round trip time was 21.6941 milliseconds in repetition 330
tcp_ping received 192 bytes back
Round trip time was 21.2864 milliseconds in repetition 331
tcp_ping received 192 bytes back
Round trip time was 21.6613 milliseconds in repetition 332
tcp_ping received 192 bytes back
Round trip time was 21.6771 milliseconds in repetition 333
tcp_ping received 192 bytes back
Round trip time was 21.9442 milliseconds in repetition 334
tcp_ping received 192 bytes back
Round trip time was 22.0943 milliseconds in repetition 335
tcp_ping received 192 bytes back
Round trip time was 22.4152 milliseconds in repetition 336
tcp_ping received 192 bytes back
Round trip time was 21.273 milliseconds in repetition 337
tcp_ping received 192 bytes back
Round trip time was 23.3258 milliseconds in repetition 338
tcp_ping received 192 bytes back
Round trip time was 28.0608 milliseconds in repetition 339
tcp_ping received 192 bytes back
Round trip time was 21.1893 milliseconds in repetition 340
tcp_ping received 192 bytes back
Round trip time was 21.1702 milliseconds in repetition 341
tcp_ping received 192 bytes back
Round trip time was 21.4022 milliseconds in repetition 342
tcp_ping received 192 bytes back
Round trip time was 21.5624 milliseconds in repetition 343
tcp_ping received 192 bytes back
Round trip time was 21.3777 milliseconds in repetition 344
tcp_ping received 192 bytes back
Round trip time was 22.9878 milliseconds in repetition 345
tcp_ping received 192 bytes back
Round trip time was 22.1275 milliseconds in repetition 346
tcp_ping received 192 bytes back
Round trip time was 22.4894 milliseconds in repetition 347
tcp_ping received 192 bytes back
Round trip time was 23.9388 milliseconds in repetition 348
tcp_ping received 192 bytes back
Round trip time was 21.5745 milliseconds in repetition 349
tcp_ping received 192 bytes back
Round trip time was 22.5437 milliseconds in repetition 350
tcp_ping received 192 bytes back
Round trip time was 23.9708 milliseconds in repetition 351
tcp_ping received 192 bytes back
Round trip time was 21.0627 milliseconds in repetition 352
tcp_ping received 192 bytes back
Round trip time was 22.376 milliseconds in repetition 353
tcp_ping received 192 bytes back
Round trip time was 22.4857 milliseconds in repetition 354
tcp_ping received 192 bytes back
Round trip time was 22.7217 milliseconds in repetition 355
tcp_ping received 192 bytes back
Round trip time was 21.7495 milliseconds in repetition 356
tcp_ping received 192 bytes back
Round trip time was 22.9883 milliseconds in repetition 357
tcp_ping received 192 bytes back
Round trip time was 21.5209 milliseconds in repetition 358
tcp_ping received 192 bytes back
Round trip time was 21.905 milliseconds in repetition 359
tcp_ping received 192 bytes back
Round trip time was 21.7562 milliseconds in repetition 360
tcp_ping received 192 bytes back
Round trip time was 23.3749 milliseconds in repetition 361
tcp_ping received 192 bytes back
Round trip time was 21.5902 milliseconds in repetition 362
tcp_ping received 192 bytes back
Round trip time was 21.2138 milliseconds in repetition 363
tcp_ping received 192 bytes back
Round trip time was 21.5859 milliseconds in repetition 364
tcp_ping received 192 bytes back
Round trip time was 25.5735 milliseconds in repetition 365
tcp_ping received 192 bytes back
Round trip time was 21.307 milliseconds in repetition 366
tcp_ping received 192 bytes back
Round trip time was 20.9852 milliseconds in repetition 367
tcp_ping received 192 bytes back
Round trip time was 21.5296 milliseconds in repetition 368
tcp_ping received 192 bytes back
Round trip time was 21.9777 milliseconds in repetition 369
tcp_ping received 192 bytes back
Round trip time was 22.0788 milliseconds in repetition 370
tcp_ping received 192 bytes back
Round trip time was 23.4386 milliseconds in repetition 371
tcp_ping received 192 bytes back
Round trip time was 21.5642 milliseconds in repetition 372
tcp_ping received 192 bytes back
Round trip time was 21.1238 milliseconds in repetition 373
tcp_ping received 192 bytes back
Round trip time was 21.3869 milliseconds in repetition 374
tcp_ping received 192 bytes back
Round trip time was 21.1952 milliseconds in repetition 375
tcp_ping received 192 bytes back
Round trip time was 21.2677 milliseconds in repetition 376
tcp_ping received 192 bytes back
Round trip time was 21.7683 milliseconds in repetition 377
tcp_ping received 192 bytes back
Round trip time was 21.4839 milliseconds in repetition 378
tcp_ping received 192 bytes back
Round trip time was 21.7608 milliseconds in repetition 379
tcp_ping received 192 bytes back
Round trip time was 21.219 milliseconds in repetition 380
tcp_ping received 192 bytes back
Round trip time was 21.7517 milliseconds in repetition 381
tcp_ping received 192 bytes back
Round trip time was 22.4295 milliseconds in repetition 382
tcp_ping received 192 bytes back
Round trip time was 21.6348 milliseconds in repetition 383
tcp_ping received 192 bytes back
Round trip time was 21.5376 milliseconds in repetition 384
tcp_ping received 192 bytes back
Round trip time was 22.0247 milliseconds in repetition 385
tcp_ping received 192 bytes back
Round trip time was 21.6128 milliseconds in repetition 386
tcp_ping received 192 bytes back
Round trip time was 21.3912 milliseconds in repetition 387
tcp_ping received 192 bytes back
Round trip time was 21.5349 milliseconds in repetition 388
tcp_ping received 192 bytes back
Round trip time was 21.7862 milliseconds in repetition 389
tcp_ping received 192 bytes back
Round trip time was 21.5389 milliseconds in repetition 390
tcp_ping received 192 bytes back
Round trip time was 21.3019 milliseconds in repetition 391
tcp_ping received 192 bytes back
Round trip time was 21.514 milliseconds in repetition 392
tcp_ping received 192 bytes back
Round trip time was 21.5503 milliseconds in repetition 393
tcp_ping received 192 bytes back
Round trip time was 22.3509 milliseconds in repetition 394
tcp_ping received 192 bytes back
Round trip time was 22.0007 milliseconds in repetition 395
tcp_ping received 192 bytes back
Round trip time was 21.6794 milliseconds in repetition 396
tcp_ping received 192 bytes back
Round trip time was 21.7214 milliseconds in repetition 397
tcp_ping received 192 bytes back
Round trip time was 21.7359 milliseconds in repetition 398
tcp_ping received 192 bytes back
Round trip time was 21.2703 milliseconds in repetition 399
tcp_ping received 192 bytes back
Round trip time was 22.0077 milliseconds in repetition 400
tcp_ping received 192 bytes back
Round trip time was 21.1816 milliseconds in repetition 401
tcp_ping received 192 bytes back
Round trip time was 22.1266 milliseconds in repetition 402
tcp_ping received 192 bytes back
Round trip time was 21.3711 milliseconds in repetition 403
tcp_ping received 192 bytes back
Round trip time was 21.6435 milliseconds in repetition 404
tcp_ping received 192 bytes back
Round trip time was 21.3585 milliseconds in repetition 405
tcp_ping received 192 bytes back
Round trip time was 21.1042 milliseconds in repetition 406
tcp_ping received 192 bytes back
Round trip time was 21.7503 milliseconds in repetition 407
tcp_ping received 192 bytes back
Round trip time was 21.2567 milliseconds in repetition 408
tcp_ping received 192 bytes back
Round trip time was 21.6556 milliseconds in repetition 409
tcp_ping received 192 bytes back
Round trip time was 21.742 milliseconds in repetition 410
tcp_ping received 192 bytes back
Round trip time was 21.4572 milliseconds in repetition 411
tcp_ping received 192 bytes back
Round trip time was 21.2723 milliseconds in repetition 412
tcp_ping received 192 bytes back
Round trip time was 21.8185 milliseconds in repetition 413
tcp_ping received 192 bytes back
Round trip time was 21.6185 milliseconds in repetition 414
tcp_ping received 192 bytes back
Round trip time was 21.8156 milliseconds in repetition 415
tcp_ping received 192 bytes back
Round trip time was 21.8139 milliseconds in repetition 416
tcp_ping received 192 bytes back
Round trip time was 21.6404 milliseconds in repetition 417
tcp_ping received 192 bytes back
Round trip time was 21.6994 milliseconds in repetition 418
tcp_ping received 192 bytes back
Round trip time was 21.5538 milliseconds in repetition 419
tcp_ping received 192 bytes back
Round trip time was 21.5971 milliseconds in repetition 420
tcp_ping received 192 bytes back
Round trip time was 21.8896 milliseconds in repetition 421
tcp_ping received 192 bytes back
Round trip time was 21.5521 milliseconds in repetition 422
tcp_ping received 192 bytes back
Round trip time was 21.3709 milliseconds in repetition 423
tcp_ping received 192 bytes back
Round trip time was 21.7398 milliseconds in repetition 424
tcp_ping received 192 bytes back
Round trip time was 21.8463 milliseconds in repetition 425
tcp_ping received 192 bytes back
Round trip time was 22.4742 milliseconds in repetition 426
tcp_ping received 192 bytes back
Round trip time was 22.3402 milliseconds in repetition 427
tcp_ping received 192 bytes back
Round trip time was 21.6191 milliseconds in repetition 428
tcp_ping received 192 bytes back
Round trip time was 21.4303 milliseconds in repetition 429
tcp_ping received 192 bytes back
Round trip time was 23.8951 milliseconds in repetition 430
tcp_ping received 192 bytes back
Round trip time was 21.9644 milliseconds in repetition 431
tcp_ping received 192 bytes back
Round trip time was 22.9919 milliseconds in repetition 432
tcp_ping received 192 bytes back
Round trip time was 21.7492 milliseconds in repetition 433
tcp_ping received 192 bytes back
Round trip time was 21.6884 milliseconds in repetition 434
tcp_ping received 192 bytes back
Round trip time was 21.6209 milliseconds in repetition 435
tcp_ping received 192 bytes back
Round trip time was 21.5294 milliseconds in repetition 436
tcp_ping received 192 bytes back
Round trip time was 21.7818 milliseconds in repetition 437
tcp_ping received 192 bytes back
Round trip time was 21.0618 milliseconds in repetition 438
tcp_ping received 192 bytes back
Round trip time was 21.021 milliseconds in repetition 439
tcp_ping received 192 bytes back
Round trip time was 20.9819 milliseconds in repetition 440
tcp_ping received 192 bytes back
Round trip time was 20.9878 milliseconds in repetition 441
tcp_ping received 192 bytes back
Round trip time was 22.4435 milliseconds in repetition 442
tcp_ping received 192 bytes back
Round trip time was 22.0879 milliseconds in repetition 443
tcp_ping received 192 bytes back
Round trip time was 22.2375 milliseconds in repetition 444
tcp_ping received 192 bytes back
Round trip time was 22.4362 milliseconds in repetition 445
tcp_ping received 192 bytes back
Round trip time was 21.7859 milliseconds in repetition 446
tcp_ping received 192 bytes back
Round trip time was 21.3722 milliseconds in repetition 447
tcp_ping received 192 bytes back
Round trip time was 21.5931 milliseconds in repetition 448
tcp_ping received 192 bytes back
Round trip time was 22.5656 milliseconds in repetition 449
tcp_ping received 192 bytes back
Round trip time was 21.3226 milliseconds in repetition 450
tcp_ping received 192 bytes back
Round trip time was 21.7029 milliseconds in repetition 451
tcp_ping received 192 bytes back
Round trip time was 23.6275 milliseconds in repetition 452
tcp_ping received 192 bytes back
Round trip time was 21.7612 milliseconds in repetition 453
tcp_ping received 192 bytes back
Round trip time was 21.2298 milliseconds in repetition 454
tcp_ping received 192 bytes back
Round trip time was 21.627 milliseconds in repetition 455
tcp_ping received 192 bytes back
Round trip time was 21.6392 milliseconds in repetition 456
tcp_ping received 192 bytes back
Round trip time was 21.4963 milliseconds in repetition 457
tcp_ping received 192 bytes back
Round trip time was 22.3794 milliseconds in repetition 458
tcp_ping received 192 bytes back
Round trip time was 21.7864 milliseconds in repetition 459
tcp_ping received 192 bytes back
Round trip time was 22.5646 milliseconds in repetition 460
tcp_ping received 192 bytes back
Round trip time was 22.935 milliseconds in repetition 461
tcp_ping received 192 bytes back
Round trip time was 22.0208 milliseconds in repetition 462
tcp_ping received 192 bytes back
Round trip time was 22.1955 milliseconds in repetition 463
tcp_ping received 192 bytes back
Round trip time was 21.994 milliseconds in repetition 464
tcp_ping received 192 bytes back
Round trip time was 21.9324 milliseconds in repetition 465
tcp_ping received 192 bytes back
Round trip time was 25.0688 milliseconds in repetition 466
tcp_ping received 192 bytes back
Round trip time was 23.5518 milliseconds in repetition 467
tcp_ping received 192 bytes back
Round trip time was 21.8907 milliseconds in repetition 468
tcp_ping received 192 bytes back
Round trip time was 21.0592 milliseconds in repetition 469
tcp_ping received 192 bytes back
Round trip time was 21.3197 milliseconds in repetition 470
tcp_ping received 192 bytes back
Round trip time was 21.7082 milliseconds in repetition 471
tcp_ping received 192 bytes back
Round trip time was 22.7848 milliseconds in repetition 472
tcp_ping received 192 bytes back
Round trip time was 21.1509 milliseconds in repetition 473
tcp_ping received 192 bytes back
Round trip time was 20.9417 milliseconds in repetition 474
tcp_ping received 192 bytes back
Round trip time was 22.7099 milliseconds in repetition 475
tcp_ping received 192 bytes back
Round trip time was 21.7421 milliseconds in repetition 476
tcp_ping received 192 bytes back
Round trip time was 20.946 milliseconds in repetition 477
tcp_ping received 192 bytes back
Round trip time was 21.6194 milliseconds in repetition 478
tcp_ping received 192 bytes back
Round trip time was 21.3759 milliseconds in repetition 479
tcp_ping received 192 bytes back
Round trip time was 21.4071 milliseconds in repetition 480
tcp_ping received 192 bytes back
Round trip time was 20.9563 milliseconds in repetition 481
tcp_ping received 192 bytes back
Round trip time was 21.7499 milliseconds in repetition 482
tcp_ping received 192 bytes back
Round trip time was 21.2682 milliseconds in repetition 483
tcp_ping received 192 bytes back
Round trip time was 21.1852 milliseconds in repetition 484
tcp_ping received 192 bytes back
Round trip time was 21.0769 milliseconds in repetition 485
tcp_ping received 192 bytes back
Round trip time was 21.2046 milliseconds in repetition 486
tcp_ping received 192 bytes back
Round trip time was 21.1933 milliseconds in repetition 487
tcp_ping received 192 bytes back
Round trip time was 21.3009 milliseconds in repetition 488
tcp_ping received 192 bytes back
Round trip time was 21.1675 milliseconds in repetition 489
tcp_ping received 192 bytes back
Round trip time was 21.8068 milliseconds in repetition 490
tcp_ping received 192 bytes back
Round trip time was 21.4909 milliseconds in repetition 491
tcp_ping received 192 bytes back
Round trip time was 21.2189 milliseconds in repetition 492
tcp_ping received 192 bytes back
Round trip time was 21.7128 milliseconds in repetition 493
tcp_ping received 192 bytes back
Round trip time was 21.1072 milliseconds in repetition 494
tcp_ping received 192 bytes back
Round trip time was 22.2413 milliseconds in repetition 495
tcp_ping received 192 bytes back
Round trip time was 21.4356 milliseconds in repetition 496
tcp_ping received 192 bytes back
Round trip time was 22.1405 milliseconds in repetition 497
tcp_ping received 192 bytes back
Round trip time was 21.1957 milliseconds in repetition 498
tcp_ping received 192 bytes back
Round trip time was 21.4414 milliseconds in repetition 499
tcp_ping received 192 bytes back
Round trip time was 21.5109 milliseconds in repetition 500
tcp_ping received 192 bytes back
Round trip time was 21.2402 milliseconds in repetition 501

 ... clock resolution was 1e-06
TCP Ping:  Statistics over 501 repetitions of 192 byte messages

RTT : percentile 10: 21.2285, median: 21.8, percentile 90: 23.1633, average: 22.362, variance: 12.3803

RTT histogram:
20.7265 396
24.0677 87
27.4088 10
30.7499 5
34.091 0
37.4321 0
40.7733 0
44.1144 1
47.4555 1
50.7966 0
54.1377 0
57.4789 0
60.82 0
64.1611 0
67.5022 0
70.8433 0
74.1845 0
77.5256 0
80.8667 0
84.2078 0
87.5489 1

   median Throughput : 17.6147 KB/s   overall Throughput : 17.172 KB/s

