TCP Ping trying to connect to server seti.dibris.unige.it (130.251.61.30) on port 1491

... connected to Pong server: asking for 501 repetitions of 768 bytes TCP messages
 ... Pong server agreed :-)
tcp_ping received 768 bytes back
Round trip time was 33.6389 milliseconds in repetition 1
tcp_ping received 768 bytes back
Round trip time was 23.4207 milliseconds in repetition 2
tcp_ping received 768 bytes back
Round trip time was 23.458 milliseconds in repetition 3
tcp_ping received 768 bytes back
Round trip time was 24.4114 milliseconds in repetition 4
tcp_ping received 768 bytes back
Round trip time was 23.8531 milliseconds in repetition 5
tcp_ping received 768 bytes back
Round trip time was 23.983 milliseconds in repetition 6
tcp_ping received 768 bytes back
Round trip time was 23.9688 milliseconds in repetition 7
tcp_ping received 768 bytes back
Round trip time was 23.6879 milliseconds in repetition 8
tcp_ping received 768 bytes back
Round trip time was 23.6629 milliseconds in repetition 9
tcp_ping received 768 bytes back
Round trip time was 24.0361 milliseconds in repetition 10
tcp_ping received 768 bytes back
Round trip time was 23.9478 milliseconds in repetition 11
tcp_ping received 768 bytes back
Round trip time was 23.767 milliseconds in repetition 12
tcp_ping received 768 bytes back
Round trip time was 24.2638 milliseconds in repetition 13
tcp_ping received 768 bytes back
Round trip time was 24.0899 milliseconds in repetition 14
tcp_ping received 768 bytes back
Round trip time was 23.7733 milliseconds in repetition 15
tcp_ping received 768 bytes back
Round trip time was 24.7243 milliseconds in repetition 16
tcp_ping received 768 bytes back
Round trip time was 23.6794 milliseconds in repetition 17
tcp_ping received 768 bytes back
Round trip time was 24.2799 milliseconds in repetition 18
tcp_ping received 768 bytes back
Round trip time was 23.7398 milliseconds in repetition 19
tcp_ping received 768 bytes back
Round trip time was 23.7209 milliseconds in repetition 20
tcp_ping received 768 bytes back
Round trip time was 23.6858 milliseconds in repetition 21
tcp_ping received 768 bytes back
Round trip time was 23.8815 milliseconds in repetition 22
tcp_ping received 768 bytes back
Round trip time was 23.8762 milliseconds in repetition 23
tcp_ping received 768 bytes back
Round trip time was 24.7408 milliseconds in repetition 24
tcp_ping received 768 bytes back
Round trip time was 24.0674 milliseconds in repetition 25
tcp_ping received 768 bytes back
Round trip time was 24.2157 milliseconds in repetition 26
tcp_ping received 768 bytes back
Round trip time was 24.8262 milliseconds in repetition 27
tcp_ping received 768 bytes back
Round trip time was 23.7511 milliseconds in repetition 28
tcp_ping received 768 bytes back
Round trip time was 24.6796 milliseconds in repetition 29
tcp_ping received 768 bytes back
Round trip time was 24.6309 milliseconds in repetition 30
tcp_ping received 768 bytes back
Round trip time was 24.2406 milliseconds in repetition 31
tcp_ping received 768 bytes back
Round trip time was 23.7686 milliseconds in repetition 32
tcp_ping received 768 bytes back
Round trip time was 23.7968 milliseconds in repetition 33
tcp_ping received 768 bytes back
Round trip time was 23.4386 milliseconds in repetition 34
tcp_ping received 768 bytes back
Round trip time was 24.1701 milliseconds in repetition 35
tcp_ping received 768 bytes back
Round trip time was 22.565 milliseconds in repetition 36
tcp_ping received 768 bytes back
Round trip time was 22.683 milliseconds in repetition 37
tcp_ping received 768 bytes back
Round trip time was 22.4956 milliseconds in repetition 38
tcp_ping received 768 bytes back
Round trip time was 22.4988 milliseconds in repetition 39
tcp_ping received 768 bytes back
Round trip time was 22.3809 milliseconds in repetition 40
tcp_ping received 768 bytes back
Round trip time was 23.1484 milliseconds in repetition 41
tcp_ping received 768 bytes back
Round trip time was 23.1067 milliseconds in repetition 42
tcp_ping received 768 bytes back
Round trip time was 22.7439 milliseconds in repetition 43
tcp_ping received 768 bytes back
Round trip time was 23.6977 milliseconds in repetition 44
tcp_ping received 768 bytes back
Round trip time was 22.8676 milliseconds in repetition 45
tcp_ping received 768 bytes back
Round trip time was 23.594 milliseconds in repetition 46
tcp_ping received 768 bytes back
Round trip time was 23.8021 milliseconds in repetition 47
tcp_ping received 768 bytes back
Round trip time was 23.2304 milliseconds in repetition 48
tcp_ping received 768 bytes back
Round trip time was 22.9377 milliseconds in repetition 49
tcp_ping received 768 bytes back
Round trip time was 23.5188 milliseconds in repetition 50
tcp_ping received 768 bytes back
Round trip time was 23.623 milliseconds in repetition 51
tcp_ping received 768 bytes back
Round trip time was 23.257 milliseconds in repetition 52
tcp_ping received 768 bytes back
Round trip time was 23.0231 milliseconds in repetition 53
tcp_ping received 768 bytes back
Round trip time was 23.1997 milliseconds in repetition 54
tcp_ping received 768 bytes back
Round trip time was 22.7375 milliseconds in repetition 55
tcp_ping received 768 bytes back
Round trip time was 23.2383 milliseconds in repetition 56
tcp_ping received 768 bytes back
Round trip time was 23.5944 milliseconds in repetition 57
tcp_ping received 768 bytes back
Round trip time was 23.0553 milliseconds in repetition 58
tcp_ping received 768 bytes back
Round trip time was 23.0694 milliseconds in repetition 59
tcp_ping received 768 bytes back
Round trip time was 22.7782 milliseconds in repetition 60
tcp_ping received 768 bytes back
Round trip time was 23.0343 milliseconds in repetition 61
tcp_ping received 768 bytes back
Round trip time was 23.3005 milliseconds in repetition 62
tcp_ping received 768 bytes back
Round trip time was 23.3539 milliseconds in repetition 63
tcp_ping received 768 bytes back
Round trip time was 23.3157 milliseconds in repetition 64
tcp_ping received 768 bytes back
Round trip time was 23.3975 milliseconds in repetition 65
tcp_ping received 768 bytes back
Round trip time was 23.3815 milliseconds in repetition 66
tcp_ping received 768 bytes back
Round trip time was 23.28 milliseconds in repetition 67
tcp_ping received 768 bytes back
Round trip time was 23.2354 milliseconds in repetition 68
tcp_ping received 768 bytes back
Round trip time was 23.0878 milliseconds in repetition 69
tcp_ping received 768 bytes back
Round trip time was 25.4756 milliseconds in repetition 70
tcp_ping received 768 bytes back
Round trip time was 23.1606 milliseconds in repetition 71
tcp_ping received 768 bytes back
Round trip time was 22.6393 milliseconds in repetition 72
tcp_ping received 768 bytes back
Round trip time was 22.6993 milliseconds in repetition 73
tcp_ping received 768 bytes back
Round trip time was 22.8176 milliseconds in repetition 74
tcp_ping received 768 bytes back
Round trip time was 23.056 milliseconds in repetition 75
tcp_ping received 768 bytes back
Round trip time was 23.1131 milliseconds in repetition 76
tcp_ping received 768 bytes back
Round trip time was 22.3626 milliseconds in repetition 77
tcp_ping received 768 bytes back
Round trip time was 22.8247 milliseconds in repetition 78
tcp_ping received 768 bytes back
Round trip time was 22.6942 milliseconds in repetition 79
tcp_ping received 768 bytes back
Round trip time was 22.6535 milliseconds in repetition 80
tcp_ping received 768 bytes back
Round trip time was 23.1623 milliseconds in repetition 81
tcp_ping received 768 bytes back
Round trip time was 23.1181 milliseconds in repetition 82
tcp_ping received 768 bytes back
Round trip time was 22.9154 milliseconds in repetition 83
tcp_ping received 768 bytes back
Round trip time was 22.9657 milliseconds in repetition 84
tcp_ping received 768 bytes back
Round trip time was 22.8113 milliseconds in repetition 85
tcp_ping received 768 bytes back
Round trip time was 22.2856 milliseconds in repetition 86
tcp_ping received 768 bytes back
Round trip time was 22.6978 milliseconds in repetition 87
tcp_ping received 768 bytes back
Round trip time was 22.5989 milliseconds in repetition 88
tcp_ping received 768 bytes back
Round trip time was 23.3543 milliseconds in repetition 89
tcp_ping received 768 bytes back
Round trip time was 23.1596 milliseconds in repetition 90
tcp_ping received 768 bytes back
Round trip time was 23.1834 milliseconds in repetition 91
tcp_ping received 768 bytes back
Round trip time was 22.9312 milliseconds in repetition 92
tcp_ping received 768 bytes back
Round trip time was 22.3343 milliseconds in repetition 93
tcp_ping received 768 bytes back
Round trip time was 23.0434 milliseconds in repetition 94
tcp_ping received 768 bytes back
Round trip time was 22.6848 milliseconds in repetition 95
tcp_ping received 768 bytes back
Round trip time was 22.87 milliseconds in repetition 96
tcp_ping received 768 bytes back
Round trip time was 23.3722 milliseconds in repetition 97
tcp_ping received 768 bytes back
Round trip time was 22.9165 milliseconds in repetition 98
tcp_ping received 768 bytes back
Round trip time was 22.9767 milliseconds in repetition 99
tcp_ping received 768 bytes back
Round trip time was 23.003 milliseconds in repetition 100
tcp_ping received 768 bytes back
Round trip time was 23.0569 milliseconds in repetition 101
tcp_ping received 768 bytes back
Round trip time was 23.0994 milliseconds in repetition 102
tcp_ping received 768 bytes back
Round trip time was 22.9109 milliseconds in repetition 103
tcp_ping received 768 bytes back
Round trip time was 23.2996 milliseconds in repetition 104
tcp_ping received 768 bytes back
Round trip time was 23.0305 milliseconds in repetition 105
tcp_ping received 768 bytes back
Round trip time was 22.443 milliseconds in repetition 106
tcp_ping received 768 bytes back
Round trip time was 22.1922 milliseconds in repetition 107
tcp_ping received 768 bytes back
Round trip time was 31.0587 milliseconds in repetition 108
tcp_ping received 768 bytes back
Round trip time was 22.9196 milliseconds in repetition 109
tcp_ping received 768 bytes back
Round trip time was 22.4602 milliseconds in repetition 110
tcp_ping received 768 bytes back
Round trip time was 22.4901 milliseconds in repetition 111
tcp_ping received 768 bytes back
Round trip time was 22.37 milliseconds in repetition 112
tcp_ping received 768 bytes back
Round trip time was 24.6549 milliseconds in repetition 113
tcp_ping received 768 bytes back
Round trip time was 23.2863 milliseconds in repetition 114
tcp_ping received 768 bytes back
Round trip time was 22.5575 milliseconds in repetition 115
tcp_ping received 768 bytes back
Round trip time was 23.2615 milliseconds in repetition 116
tcp_ping received 768 bytes back
Round trip time was 22.5217 milliseconds in repetition 117
tcp_ping received 768 bytes back
Round trip time was 22.9234 milliseconds in repetition 118
tcp_ping received 768 bytes back
Round trip time was 22.706 milliseconds in repetition 119
tcp_ping received 768 bytes back
Round trip time was 23.3125 milliseconds in repetition 120
tcp_ping received 768 bytes back
Round trip time was 22.8657 milliseconds in repetition 121
tcp_ping received 768 bytes back
Round trip time was 23.0225 milliseconds in repetition 122
tcp_ping received 768 bytes back
Round trip time was 22.9872 milliseconds in repetition 123
tcp_ping received 768 bytes back
Round trip time was 31.3556 milliseconds in repetition 124
tcp_ping received 768 bytes back
Round trip time was 23.1321 milliseconds in repetition 125
tcp_ping received 768 bytes back
Round trip time was 22.447 milliseconds in repetition 126
tcp_ping received 768 bytes back
Round trip time was 22.3062 milliseconds in repetition 127
tcp_ping received 768 bytes back
Round trip time was 22.8581 milliseconds in repetition 128
tcp_ping received 768 bytes back
Round trip time was 22.6837 milliseconds in repetition 129
tcp_ping received 768 bytes back
Round trip time was 22.8031 milliseconds in repetition 130
tcp_ping received 768 bytes back
Round trip time was 22.9872 milliseconds in repetition 131
tcp_ping received 768 bytes back
Round trip time was 23.1106 milliseconds in repetition 132
tcp_ping received 768 bytes back
Round trip time was 22.7128 milliseconds in repetition 133
tcp_ping received 768 bytes back
Round trip time was 23.4971 milliseconds in repetition 134
tcp_ping received 768 bytes back
Round trip time was 23.4128 milliseconds in repetition 135
tcp_ping received 768 bytes back
Round trip time was 22.6296 milliseconds in repetition 136
tcp_ping received 768 bytes back
Round trip time was 23.0713 milliseconds in repetition 137
tcp_ping received 768 bytes back
Round trip time was 22.8909 milliseconds in repetition 138
tcp_ping received 768 bytes back
Round trip time was 22.6144 milliseconds in repetition 139
tcp_ping received 768 bytes back
Round trip time was 23.1312 milliseconds in repetition 140
tcp_ping received 768 bytes back
Round trip time was 23.8547 milliseconds in repetition 141
tcp_ping received 768 bytes back
Round trip time was 22.689 milliseconds in repetition 142
tcp_ping received 768 bytes back
Round trip time was 26.1238 milliseconds in repetition 143
tcp_ping received 768 bytes back
Round trip time was 31.9065 milliseconds in repetition 144
tcp_ping received 768 bytes back
Round trip time was 23.5146 milliseconds in repetition 145
tcp_ping received 768 bytes back
Round trip time was 28.8416 milliseconds in repetition 146
tcp_ping received 768 bytes back
Round trip time was 24.3905 milliseconds in repetition 147
tcp_ping received 768 bytes back
Round trip time was 25.4499 milliseconds in repetition 148
tcp_ping received 768 bytes back
Round trip time was 24.7169 milliseconds in repetition 149
tcp_ping received 768 bytes back
Round trip time was 23.6942 milliseconds in repetition 150
tcp_ping received 768 bytes back
Round trip time was 28.6908 milliseconds in repetition 151
tcp_ping received 768 bytes back
Round trip time was 23.4678 milliseconds in repetition 152
tcp_ping received 768 bytes back
Round trip time was 24.1751 milliseconds in repetition 153
tcp_ping received 768 bytes back
Round trip time was 23.9415 milliseconds in repetition 154
tcp_ping received 768 bytes back
Round trip time was 23.8221 milliseconds in repetition 155
tcp_ping received 768 bytes back
Round trip time was 28.0272 milliseconds in repetition 156
tcp_ping received 768 bytes back
Round trip time was 25.3407 milliseconds in repetition 157
tcp_ping received 768 bytes back
Round trip time was 23.2931 milliseconds in repetition 158
tcp_ping received 768 bytes back
Round trip time was 23.1841 milliseconds in repetition 159
tcp_ping received 768 bytes back
Round trip time was 23.9558 milliseconds in repetition 160
tcp_ping received 768 bytes back
Round trip time was 22.9017 milliseconds in repetition 161
tcp_ping received 768 bytes back
Round trip time was 25.8251 milliseconds in repetition 162
tcp_ping received 768 bytes back
Round trip time was 70.5137 milliseconds in repetition 163
tcp_ping received 768 bytes back
Round trip time was 24.1631 milliseconds in repetition 164
tcp_ping received 768 bytes back
Round trip time was 29.6787 milliseconds in repetition 165
tcp_ping received 768 bytes back
Round trip time was 23.7941 milliseconds in repetition 166
tcp_ping received 768 bytes back
Round trip time was 24.0826 milliseconds in repetition 167
tcp_ping received 768 bytes back
Round trip time was 22.7106 milliseconds in repetition 168
tcp_ping received 768 bytes back
Round trip time was 23.5612 milliseconds in repetition 169
tcp_ping received 768 bytes back
Round trip time was 27.2389 milliseconds in repetition 170
tcp_ping received 768 bytes back
Round trip time was 26.2049 milliseconds in repetition 171
tcp_ping received 768 bytes back
Round trip time was 23.4384 milliseconds in repetition 172
tcp_ping received 768 bytes back
Round trip time was 23.5715 milliseconds in repetition 173
tcp_ping received 768 bytes back
Round trip time was 23.1683 milliseconds in repetition 174
tcp_ping received 768 bytes back
Round trip time was 23.2645 milliseconds in repetition 175
tcp_ping received 768 bytes back
Round trip time was 23.2506 milliseconds in repetition 176
tcp_ping received 768 bytes back
Round trip time was 23.108 milliseconds in repetition 177
tcp_ping received 768 bytes back
Round trip time was 22.957 milliseconds in repetition 178
tcp_ping received 768 bytes back
Round trip time was 23.0227 milliseconds in repetition 179
tcp_ping received 768 bytes back
Round trip time was 22.8498 milliseconds in repetition 180
tcp_ping received 768 bytes back
Round trip time was 23.2411 milliseconds in repetition 181
tcp_ping received 768 bytes back
Round trip time was 23.4487 milliseconds in repetition 182
tcp_ping received 768 bytes back
Round trip time was 22.8784 milliseconds in repetition 183
tcp_ping received 768 bytes back
Round trip time was 23.2029 milliseconds in repetition 184
tcp_ping received 768 bytes back
Round trip time was 23.0416 milliseconds in repetition 185
tcp_ping received 768 bytes back
Round trip time was 23.1559 milliseconds in repetition 186
tcp_ping received 768 bytes back
Round trip time was 23.73 milliseconds in repetition 187
tcp_ping received 768 bytes back
Round trip time was 22.9162 milliseconds in repetition 188
tcp_ping received 768 bytes back
Round trip time was 23.0309 milliseconds in repetition 189
tcp_ping received 768 bytes back
Round trip time was 22.5292 milliseconds in repetition 190
tcp_ping received 768 bytes back
Round trip time was 22.5487 milliseconds in repetition 191
tcp_ping received 768 bytes back
Round trip time was 22.7422 milliseconds in repetition 192
tcp_ping received 768 bytes back
Round trip time was 22.6514 milliseconds in repetition 193
tcp_ping received 768 bytes back
Round trip time was 23.127 milliseconds in repetition 194
tcp_ping received 768 bytes back
Round trip time was 23.1575 milliseconds in repetition 195
tcp_ping received 768 bytes back
Round trip time was 24.3394 milliseconds in repetition 196
tcp_ping received 768 bytes back
Round trip time was 23.1186 milliseconds in repetition 197
tcp_ping received 768 bytes back
Round trip time was 23.4826 milliseconds in repetition 198
tcp_ping received 768 bytes back
Round trip time was 22.6965 milliseconds in repetition 199
tcp_ping received 768 bytes back
Round trip time was 22.5817 milliseconds in repetition 200
tcp_ping received 768 bytes back
Round trip time was 23.0464 milliseconds in repetition 201
tcp_ping received 768 bytes back
Round trip time was 22.564 milliseconds in repetition 202
tcp_ping received 768 bytes back
Round trip time was 31.4277 milliseconds in repetition 203
tcp_ping received 768 bytes back
Round trip time was 22.7929 milliseconds in repetition 204
tcp_ping received 768 bytes back
Round trip time was 23.0123 milliseconds in repetition 205
tcp_ping received 768 bytes back
Round trip time was 23.1151 milliseconds in repetition 206
tcp_ping received 768 bytes back
Round trip time was 24.4357 milliseconds in repetition 207
tcp_ping received 768 bytes back
Round trip time was 23.9829 milliseconds in repetition 208
tcp_ping received 768 bytes back
Round trip time was 23.8221 milliseconds in repetition 209
tcp_ping received 768 bytes back
Round trip time was 28.1138 milliseconds in repetition 210
tcp_ping received 768 bytes back
Round trip time was 22.075 milliseconds in repetition 211
tcp_ping received 768 bytes back
Round trip time was 22.2754 milliseconds in repetition 212
tcp_ping received 768 bytes back
Round trip time was 22.7873 milliseconds in repetition 213
tcp_ping received 768 bytes back
Round trip time was 22.4328 milliseconds in repetition 214
tcp_ping received 768 bytes back
Round trip time was 22.4809 milliseconds in repetition 215
tcp_ping received 768 bytes back
Round trip time was 22.7946 milliseconds in repetition 216
tcp_ping received 768 bytes back
Round trip time was 22.9455 milliseconds in repetition 217
tcp_ping received 768 bytes back
Round trip time was 22.8565 milliseconds in repetition 218
tcp_ping received 768 bytes back
Round trip time was 22.8857 milliseconds in repetition 219
tcp_ping received 768 bytes back
Round trip time was 26.1932 milliseconds in repetition 220
tcp_ping received 768 bytes back
Round trip time was 22.2247 milliseconds in repetition 221
tcp_ping received 768 bytes back
Round trip time was 22.5751 milliseconds in repetition 222
tcp_ping received 768 bytes back
Round trip time was 22.5606 milliseconds in repetition 223
tcp_ping received 768 bytes back
Round trip time was 23.0955 milliseconds in repetition 224
tcp_ping received 768 bytes back
Round trip time was 23.7005 milliseconds in repetition 225
tcp_ping received 768 bytes back
Round trip time was 22.3173 milliseconds in repetition 226
tcp_ping received 768 bytes back
Round trip time was 23.1668 milliseconds in repetition 227
tcp_ping received 768 bytes back
Round trip time was 23.4044 milliseconds in repetition 228
tcp_ping received 768 bytes back
Round trip time was 23.6125 milliseconds in repetition 229
tcp_ping received 768 bytes back
Round trip time was 22.8941 milliseconds in repetition 230
tcp_ping received 768 bytes back
Round trip time was 23.1088 milliseconds in repetition 231
tcp_ping received 768 bytes back
Round trip time was 22.5807 milliseconds in repetition 232
tcp_ping received 768 bytes back
Round trip time was 23.1184 milliseconds in repetition 233
tcp_ping received 768 bytes back
Round trip time was 22.5183 milliseconds in repetition 234
tcp_ping received 768 bytes back
Round trip time was 22.8186 milliseconds in repetition 235
tcp_ping received 768 bytes back
Round trip time was 22.9293 milliseconds in repetition 236
tcp_ping received 768 bytes back
Round trip time was 22.5612 milliseconds in repetition 237
tcp_ping received 768 bytes back
Round trip time was 24.5356 milliseconds in repetition 238
tcp_ping received 768 bytes back
Round trip time was 22.5725 milliseconds in repetition 239
tcp_ping received 768 bytes back
Round trip time was 22.9469 milliseconds in repetition 240
tcp_ping received 768 bytes back
Round trip time was 22.9092 milliseconds in repetition 241
tcp_ping received 768 bytes back
Round trip time was 23.6048 milliseconds in repetition 242
tcp_ping received 768 bytes back
Round trip time was 22.5543 milliseconds in repetition 243
tcp_ping received 768 bytes back
Round trip time was 22.5494 milliseconds in repetition 244
tcp_ping received 768 bytes back
Round trip time was 22.7356 milliseconds in repetition 245
tcp_ping received 768 bytes back
Round trip time was 22.8517 milliseconds in repetition 246
tcp_ping received 768 bytes back
Round trip time was 22.8479 milliseconds in repetition 247
tcp_ping received 768 bytes back
Round trip time was 23.3143 milliseconds in repetition 248
tcp_ping received 768 bytes back
Round trip time was 22.7513 milliseconds in repetition 249
tcp_ping received 768 bytes back
Round trip time was 22.5413 milliseconds in repetition 250
tcp_ping received 768 bytes back
Round trip time was 22.8315 milliseconds in repetition 251
tcp_ping received 768 bytes back
Round trip time was 22.8179 milliseconds in repetition 252
tcp_ping received 768 bytes back
Round trip time was 22.9819 milliseconds in repetition 253
tcp_ping received 768 bytes back
Round trip time was 22.4465 milliseconds in repetition 254
tcp_ping received 768 bytes back
Round trip time was 22.8803 milliseconds in repetition 255
tcp_ping received 768 bytes back
Round trip time was 23.3049 milliseconds in repetition 256
tcp_ping received 768 bytes back
Round trip time was 22.9683 milliseconds in repetition 257
tcp_ping received 768 bytes back
Round trip time was 23.261 milliseconds in repetition 258
tcp_ping received 768 bytes back
Round trip time was 23.1584 milliseconds in repetition 259
tcp_ping received 768 bytes back
Round trip time was 22.7038 milliseconds in repetition 260
tcp_ping received 768 bytes back
Round trip time was 22.1929 milliseconds in repetition 261
tcp_ping received 768 bytes back
Round trip time was 22.6771 milliseconds in repetition 262
tcp_ping received 768 bytes back
Round trip time was 22.5926 milliseconds in repetition 263
tcp_ping received 768 bytes back
Round trip time was 22.6389 milliseconds in repetition 264
tcp_ping received 768 bytes back
Round trip time was 23.2971 milliseconds in repetition 265
tcp_ping received 768 bytes back
Round trip time was 23.3749 milliseconds in repetition 266
tcp_ping received 768 bytes back
Round trip time was 23.2203 milliseconds in repetition 267
tcp_ping received 768 bytes back
Round trip time was 24.7384 milliseconds in repetition 268
tcp_ping received 768 bytes back
Round trip time was 23.4443 milliseconds in repetition 269
tcp_ping received 768 bytes back
Round trip time was 24.623 milliseconds in repetition 270
tcp_ping received 768 bytes back
Round trip time was 25.6202 milliseconds in repetition 271
tcp_ping received 768 bytes back
Round trip time was 170.359 milliseconds in repetition 272
tcp_ping received 768 bytes back
Round trip time was 27.7422 milliseconds in repetition 273
tcp_ping received 768 bytes back
Round trip time was 22.6602 milliseconds in repetition 274
tcp_ping received 768 bytes back
Round trip time was 23.0925 milliseconds in repetition 275
tcp_ping received 768 bytes back
Round trip time was 23.6069 milliseconds in repetition 276
tcp_ping received 768 bytes back
Round trip time was 23.4106 milliseconds in repetition 277
tcp_ping received 768 bytes back
Round trip time was 24.7618 milliseconds in repetition 278
tcp_ping received 768 bytes back
Round trip time was 23.5939 milliseconds in repetition 279
tcp_ping received 768 bytes back
Round trip time was 27.4073 milliseconds in repetition 280
tcp_ping received 768 bytes back
Round trip time was 22.6293 milliseconds in repetition 281
tcp_ping received 768 bytes back
Round trip time was 23.0931 milliseconds in repetition 282
tcp_ping received 768 bytes back
Round trip time was 23.0095 milliseconds in repetition 283
tcp_ping received 768 bytes back
Round trip time was 23.7503 milliseconds in repetition 284
tcp_ping received 768 bytes back
Round trip time was 23.4765 milliseconds in repetition 285
tcp_ping received 768 bytes back
Round trip time was 23.5364 milliseconds in repetition 286
tcp_ping received 768 bytes back
Round trip time was 23.3574 milliseconds in repetition 287
tcp_ping received 768 bytes back
Round trip time was 23.2547 milliseconds in repetition 288
tcp_ping received 768 bytes back
Round trip time was 22.8173 milliseconds in repetition 289
tcp_ping received 768 bytes back
Round trip time was 22.929 milliseconds in repetition 290
tcp_ping received 768 bytes back
Round trip time was 22.6813 milliseconds in repetition 291
tcp_ping received 768 bytes back
Round trip time was 24.4899 milliseconds in repetition 292
tcp_ping received 768 bytes back
Round trip time was 22.2646 milliseconds in repetition 293
tcp_ping received 768 bytes back
Round trip time was 22.4504 milliseconds in repetition 294
tcp_ping received 768 bytes back
Round trip time was 23.3462 milliseconds in repetition 295
tcp_ping received 768 bytes back
Round trip time was 23.4201 milliseconds in repetition 296
tcp_ping received 768 bytes back
Round trip time was 24.6377 milliseconds in repetition 297
tcp_ping received 768 bytes back
Round trip time was 23.3632 milliseconds in repetition 298
tcp_ping received 768 bytes back
Round trip time was 23.3187 milliseconds in repetition 299
tcp_ping received 768 bytes back
Round trip time was 22.9399 milliseconds in repetition 300
tcp_ping received 768 bytes back
Round trip time was 23.2222 milliseconds in repetition 301
tcp_ping received 768 bytes back
Round trip time was 22.7918 milliseconds in repetition 302
tcp_ping received 768 bytes back
Round trip time was 22.5393 milliseconds in repetition 303
tcp_ping received 768 bytes back
Round trip time was 23.4786 milliseconds in repetition 304
tcp_ping received 768 bytes back
Round trip time was 23.4576 milliseconds in repetition 305
tcp_ping received 768 bytes back
Round trip time was 22.9047 milliseconds in repetition 306
tcp_ping received 768 bytes back
Round trip time was 22.7144 milliseconds in repetition 307
tcp_ping received 768 bytes back
Round trip time was 22.8609 milliseconds in repetition 308
tcp_ping received 768 bytes back
Round trip time was 23.037 milliseconds in repetition 309
tcp_ping received 768 bytes back
Round trip time was 23.3031 milliseconds in repetition 310
tcp_ping received 768 bytes back
Round trip time was 23.9207 milliseconds in repetition 311
tcp_ping received 768 bytes back
Round trip time was 23.1195 milliseconds in repetition 312
tcp_ping received 768 bytes back
Round trip time was 22.9077 milliseconds in repetition 313
tcp_ping received 768 bytes back
Round trip time was 23.0312 milliseconds in repetition 314
tcp_ping received 768 bytes back
Round trip time was 23.0702 milliseconds in repetition 315
tcp_ping received 768 bytes back
Round trip time was 23.4905 milliseconds in repetition 316
tcp_ping received 768 bytes back
Round trip time was 22.7586 milliseconds in repetition 317
tcp_ping received 768 bytes back
Round trip time was 23.3622 milliseconds in repetition 318
tcp_ping received 768 bytes back
Round trip time was 23.3307 milliseconds in repetition 319
tcp_ping received 768 bytes back
Round trip time was 23.4726 milliseconds in repetition 320
tcp_ping received 768 bytes back
Round trip time was 23.5638 milliseconds in repetition 321
tcp_ping received 768 bytes back
Round trip time was 23.7009 milliseconds in repetition 322
tcp_ping received 768 bytes back
Round trip time was 23.4506 milliseconds in repetition 323
tcp_ping received 768 bytes back
Round trip time was 22.9932 milliseconds in repetition 324
tcp_ping received 768 bytes back
Round trip time was 23.2617 milliseconds in repetition 325
tcp_ping received 768 bytes back
Round trip time was 22.9269 milliseconds in repetition 326
tcp_ping received 768 bytes back
Round trip time was 23.0089 milliseconds in repetition 327
tcp_ping received 768 bytes back
Round trip time was 23.848 milliseconds in repetition 328
tcp_ping received 768 bytes back
Round trip time was 23.688 milliseconds in repetition 329
tcp_ping received 768 bytes back
Round trip time was 23.3753 milliseconds in repetition 330
tcp_ping received 768 bytes back
Round trip time was 23.1693 milliseconds in repetition 331
tcp_ping received 768 bytes back
Round trip time was 23.3364 milliseconds in repetition 332
tcp_ping received 768 bytes back
Round trip time was 23.4104 milliseconds in repetition 333
tcp_ping received 768 bytes back
Round trip time was 22.9106 milliseconds in repetition 334
tcp_ping received 768 bytes back
Round trip time was 23.0137 milliseconds in repetition 335
tcp_ping received 768 bytes back
Round trip time was 23.1483 milliseconds in repetition 336
tcp_ping received 768 bytes back
Round trip time was 23.3888 milliseconds in repetition 337
tcp_ping received 768 bytes back
Round trip time was 23.4141 milliseconds in repetition 338
tcp_ping received 768 bytes back
Round trip time was 23.5106 milliseconds in repetition 339
tcp_ping received 768 bytes back
Round trip time was 23.4902 milliseconds in repetition 340
tcp_ping received 768 bytes back
Round trip time was 23.1092 milliseconds in repetition 341
tcp_ping received 768 bytes back
Round trip time was 23.3428 milliseconds in repetition 342
tcp_ping received 768 bytes back
Round trip time was 23.3715 milliseconds in repetition 343
tcp_ping received 768 bytes back
Round trip time was 22.6397 milliseconds in repetition 344
tcp_ping received 768 bytes back
Round trip time was 53.4909 milliseconds in repetition 345
tcp_ping received 768 bytes back
Round trip time was 132.575 milliseconds in repetition 346
tcp_ping received 768 bytes back
Round trip time was 29.462 milliseconds in repetition 347
tcp_ping received 768 bytes back
Round trip time was 22.8054 milliseconds in repetition 348
tcp_ping received 768 bytes back
Round trip time was 23.0412 milliseconds in repetition 349
tcp_ping received 768 bytes back
Round trip time was 25.9958 milliseconds in repetition 350
tcp_ping received 768 bytes back
Round trip time was 23.5937 milliseconds in repetition 351
tcp_ping received 768 bytes back
Round trip time was 23.0053 milliseconds in repetition 352
tcp_ping received 768 bytes back
Round trip time was 23.1645 milliseconds in repetition 353
tcp_ping received 768 bytes back
Round trip time was 22.7288 milliseconds in repetition 354
tcp_ping received 768 bytes back
Round trip time was 27.027 milliseconds in repetition 355
tcp_ping received 768 bytes back
Round trip time was 24.0007 milliseconds in repetition 356
tcp_ping received 768 bytes back
Round trip time was 25.1671 milliseconds in repetition 357
tcp_ping received 768 bytes back
Round trip time was 25.2682 milliseconds in repetition 358
tcp_ping received 768 bytes back
Round trip time was 34.4623 milliseconds in repetition 359
tcp_ping received 768 bytes back
Round trip time was 26.5657 milliseconds in repetition 360
tcp_ping received 768 bytes back
Round trip time was 24.1904 milliseconds in repetition 361
tcp_ping received 768 bytes back
Round trip time was 23.1937 milliseconds in repetition 362
tcp_ping received 768 bytes back
Round trip time was 23.7447 milliseconds in repetition 363
tcp_ping received 768 bytes back
Round trip time was 23.7649 milliseconds in repetition 364
tcp_ping received 768 bytes back
Round trip time was 22.9157 milliseconds in repetition 365
tcp_ping received 768 bytes back
Round trip time was 24.7724 milliseconds in repetition 366
tcp_ping received 768 bytes back
Round trip time was 24.84 milliseconds in repetition 367
tcp_ping received 768 bytes back
Round trip time was 23.6116 milliseconds in repetition 368
tcp_ping received 768 bytes back
Round trip time was 24.8431 milliseconds in repetition 369
tcp_ping received 768 bytes back
Round trip time was 24.7812 milliseconds in repetition 370
tcp_ping received 768 bytes back
Round trip time was 23.2708 milliseconds in repetition 371
tcp_ping received 768 bytes back
Round trip time was 23.5462 milliseconds in repetition 372
tcp_ping received 768 bytes back
Round trip time was 31.9461 milliseconds in repetition 373
tcp_ping received 768 bytes back
Round trip time was 22.3867 milliseconds in repetition 374
tcp_ping received 768 bytes back
Round trip time was 22.6233 milliseconds in repetition 375
tcp_ping received 768 bytes back
Round trip time was 22.738 milliseconds in repetition 376
tcp_ping received 768 bytes back
Round trip time was 23.1376 milliseconds in repetition 377
tcp_ping received 768 bytes back
Round trip time was 23.2502 milliseconds in repetition 378
tcp_ping received 768 bytes back
Round trip time was 24.6454 milliseconds in repetition 379
tcp_ping received 768 bytes back
Round trip time was 22.944 milliseconds in repetition 380
tcp_ping received 768 bytes back
Round trip time was 22.8363 milliseconds in repetition 381
tcp_ping received 768 bytes back
Round trip time was 22.7253 milliseconds in repetition 382
tcp_ping received 768 bytes back
Round trip time was 23.3575 milliseconds in repetition 383
tcp_ping received 768 bytes back
Round trip time was 23.5697 milliseconds in repetition 384
tcp_ping received 768 bytes back
Round trip time was 23.0977 milliseconds in repetition 385
tcp_ping received 768 bytes back
Round trip time was 23.5661 milliseconds in repetition 386
tcp_ping received 768 bytes back
Round trip time was 23.4602 milliseconds in repetition 387
tcp_ping received 768 bytes back
Round trip time was 23.1899 milliseconds in repetition 388
tcp_ping received 768 bytes back
Round trip time was 23.9459 milliseconds in repetition 389
tcp_ping received 768 bytes back
Round trip time was 23.2077 milliseconds in repetition 390
tcp_ping received 768 bytes back
Round trip time was 22.9843 milliseconds in repetition 391
tcp_ping received 768 bytes back
Round trip time was 23.2237 milliseconds in repetition 392
tcp_ping received 768 bytes back
Round trip time was 23.2427 milliseconds in repetition 393
tcp_ping received 768 bytes back
Round trip time was 23.3016 milliseconds in repetition 394
tcp_ping received 768 bytes back
Round trip time was 23.6342 milliseconds in repetition 395
tcp_ping received 768 bytes back
Round trip time was 23.7969 milliseconds in repetition 396
tcp_ping received 768 bytes back
Round trip time was 22.5739 milliseconds in repetition 397
tcp_ping received 768 bytes back
Round trip time was 23.6298 milliseconds in repetition 398
tcp_ping received 768 bytes back
Round trip time was 22.6647 milliseconds in repetition 399
tcp_ping received 768 bytes back
Round trip time was 22.9043 milliseconds in repetition 400
tcp_ping received 768 bytes back
Round trip time was 22.8377 milliseconds in repetition 401
tcp_ping received 768 bytes back
Round trip time was 22.7256 milliseconds in repetition 402
tcp_ping received 768 bytes back
Round trip time was 23.4643 milliseconds in repetition 403
tcp_ping received 768 bytes back
Round trip time was 23.5717 milliseconds in repetition 404
tcp_ping received 768 bytes back
Round trip time was 23.8068 milliseconds in repetition 405
tcp_ping received 768 bytes back
Round trip time was 24.5013 milliseconds in repetition 406
tcp_ping received 768 bytes back
Round trip time was 23.7857 milliseconds in repetition 407
tcp_ping received 768 bytes back
Round trip time was 24.0637 milliseconds in repetition 408
tcp_ping received 768 bytes back
Round trip time was 25.7351 milliseconds in repetition 409
tcp_ping received 768 bytes back
Round trip time was 24.8688 milliseconds in repetition 410
tcp_ping received 768 bytes back
Round trip time was 23.699 milliseconds in repetition 411
tcp_ping received 768 bytes back
Round trip time was 24.237 milliseconds in repetition 412
tcp_ping received 768 bytes back
Round trip time was 23.5764 milliseconds in repetition 413
tcp_ping received 768 bytes back
Round trip time was 23.3682 milliseconds in repetition 414
tcp_ping received 768 bytes back
Round trip time was 22.4822 milliseconds in repetition 415
tcp_ping received 768 bytes back
Round trip time was 22.6298 milliseconds in repetition 416
tcp_ping received 768 bytes back
Round trip time was 22.6358 milliseconds in repetition 417
tcp_ping received 768 bytes back
Round trip time was 22.4544 milliseconds in repetition 418
tcp_ping received 768 bytes back
Round trip time was 22.645 milliseconds in repetition 419
tcp_ping received 768 bytes back
Round trip time was 22.9297 milliseconds in repetition 420
tcp_ping received 768 bytes back
Round trip time was 22.729 milliseconds in repetition 421
tcp_ping received 768 bytes back
Round trip time was 22.4873 milliseconds in repetition 422
tcp_ping received 768 bytes back
Round trip time was 22.8823 milliseconds in repetition 423
tcp_ping received 768 bytes back
Round trip time was 22.5506 milliseconds in repetition 424
tcp_ping received 768 bytes back
Round trip time was 22.3992 milliseconds in repetition 425
tcp_ping received 768 bytes back
Round trip time was 22.8772 milliseconds in repetition 426
tcp_ping received 768 bytes back
Round trip time was 22.5771 milliseconds in repetition 427
tcp_ping received 768 bytes back
Round trip time was 22.4311 milliseconds in repetition 428
tcp_ping received 768 bytes back
Round trip time was 24.5032 milliseconds in repetition 429
tcp_ping received 768 bytes back
Round trip time was 22.22 milliseconds in repetition 430
tcp_ping received 768 bytes back
Round trip time was 22.8209 milliseconds in repetition 431
tcp_ping received 768 bytes back
Round trip time was 23.1719 milliseconds in repetition 432
tcp_ping received 768 bytes back
Round trip time was 23.0618 milliseconds in repetition 433
tcp_ping received 768 bytes back
Round trip time was 23.0731 milliseconds in repetition 434
tcp_ping received 768 bytes back
Round trip time was 22.6781 milliseconds in repetition 435
tcp_ping received 768 bytes back
Round trip time was 23.2834 milliseconds in repetition 436
tcp_ping received 768 bytes back
Round trip time was 33.566 milliseconds in repetition 437
tcp_ping received 768 bytes back
Round trip time was 33.9716 milliseconds in repetition 438
tcp_ping received 768 bytes back
Round trip time was 22.3988 milliseconds in repetition 439
tcp_ping received 768 bytes back
Round trip time was 23.2115 milliseconds in repetition 440
tcp_ping received 768 bytes back
Round trip time was 34.9393 milliseconds in repetition 441
tcp_ping received 768 bytes back
Round trip time was 22.7879 milliseconds in repetition 442
tcp_ping received 768 bytes back
Round trip time was 28.9222 milliseconds in repetition 443
tcp_ping received 768 bytes back
Round trip time was 23.3423 milliseconds in repetition 444
tcp_ping received 768 bytes back
Round trip time was 22.5682 milliseconds in repetition 445
tcp_ping received 768 bytes back
Round trip time was 22.3751 milliseconds in repetition 446
tcp_ping received 768 bytes back
Round trip time was 22.6332 milliseconds in repetition 447
tcp_ping received 768 bytes back
Round trip time was 22.3164 milliseconds in repetition 448
tcp_ping received 768 bytes back
Round trip time was 22.6829 milliseconds in repetition 449
tcp_ping received 768 bytes back
Round trip time was 23.4166 milliseconds in repetition 450
tcp_ping received 768 bytes back
Round trip time was 22.6907 milliseconds in repetition 451
tcp_ping received 768 bytes back
Round trip time was 22.49 milliseconds in repetition 452
tcp_ping received 768 bytes back
Round trip time was 22.5671 milliseconds in repetition 453
tcp_ping received 768 bytes back
Round trip time was 22.5481 milliseconds in repetition 454
tcp_ping received 768 bytes back
Round trip time was 22.1906 milliseconds in repetition 455
tcp_ping received 768 bytes back
Round trip time was 22.8307 milliseconds in repetition 456
tcp_ping received 768 bytes back
Round trip time was 22.2908 milliseconds in repetition 457
tcp_ping received 768 bytes back
Round trip time was 29.9833 milliseconds in repetition 458
tcp_ping received 768 bytes back
Round trip time was 24.2889 milliseconds in repetition 459
tcp_ping received 768 bytes back
Round trip time was 22.5375 milliseconds in repetition 460
tcp_ping received 768 bytes back
Round trip time was 22.2494 milliseconds in repetition 461
tcp_ping received 768 bytes back
Round trip time was 22.5818 milliseconds in repetition 462
tcp_ping received 768 bytes back
Round trip time was 22.5283 milliseconds in repetition 463
tcp_ping received 768 bytes back
Round trip time was 22.8533 milliseconds in repetition 464
tcp_ping received 768 bytes back
Round trip time was 22.5633 milliseconds in repetition 465
tcp_ping received 768 bytes back
Round trip time was 22.8341 milliseconds in repetition 466
tcp_ping received 768 bytes back
Round trip time was 22.776 milliseconds in repetition 467
tcp_ping received 768 bytes back
Round trip time was 22.7132 milliseconds in repetition 468
tcp_ping received 768 bytes back
Round trip time was 23.4374 milliseconds in repetition 469
tcp_ping received 768 bytes back
Round trip time was 23.965 milliseconds in repetition 470
tcp_ping received 768 bytes back
Round trip time was 22.8573 milliseconds in repetition 471
tcp_ping received 768 bytes back
Round trip time was 23.7014 milliseconds in repetition 472
tcp_ping received 768 bytes back
Round trip time was 22.5794 milliseconds in repetition 473
tcp_ping received 768 bytes back
Round trip time was 22.3029 milliseconds in repetition 474
tcp_ping received 768 bytes back
Round trip time was 22.3386 milliseconds in repetition 475
tcp_ping received 768 bytes back
Round trip time was 23.0919 milliseconds in repetition 476
tcp_ping received 768 bytes back
Round trip time was 26.121 milliseconds in repetition 477
tcp_ping received 768 bytes back
Round trip time was 26.7948 milliseconds in repetition 478
tcp_ping received 768 bytes back
Round trip time was 22.9114 milliseconds in repetition 479
tcp_ping received 768 bytes back
Round trip time was 22.2933 milliseconds in repetition 480
tcp_ping received 768 bytes back
Round trip time was 24.0665 milliseconds in repetition 481
tcp_ping received 768 bytes back
Round trip time was 23.1591 milliseconds in repetition 482
tcp_ping received 768 bytes back
Round trip time was 23.2366 milliseconds in repetition 483
tcp_ping received 768 bytes back
Round trip time was 23.3004 milliseconds in repetition 484
tcp_ping received 768 bytes back
Round trip time was 22.7985 milliseconds in repetition 485
tcp_ping received 768 bytes back
Round trip time was 22.7211 milliseconds in repetition 486
tcp_ping received 768 bytes back
Round trip time was 22.6907 milliseconds in repetition 487
tcp_ping received 768 bytes back
Round trip time was 23.3259 milliseconds in repetition 488
tcp_ping received 768 bytes back
Round trip time was 22.5789 milliseconds in repetition 489
tcp_ping received 768 bytes back
Round trip time was 23.2088 milliseconds in repetition 490
tcp_ping received 768 bytes back
Round trip time was 22.7 milliseconds in repetition 491
tcp_ping received 768 bytes back
Round trip time was 22.9506 milliseconds in repetition 492
tcp_ping received 768 bytes back
Round trip time was 22.6715 milliseconds in repetition 493
tcp_ping received 768 bytes back
Round trip time was 22.5379 milliseconds in repetition 494
tcp_ping received 768 bytes back
Round trip time was 22.4823 milliseconds in repetition 495
tcp_ping received 768 bytes back
Round trip time was 22.7556 milliseconds in repetition 496
tcp_ping received 768 bytes back
Round trip time was 22.6188 milliseconds in repetition 497
tcp_ping received 768 bytes back
Round trip time was 22.3916 milliseconds in repetition 498
tcp_ping received 768 bytes back
Round trip time was 23.0007 milliseconds in repetition 499
tcp_ping received 768 bytes back
Round trip time was 23.2909 milliseconds in repetition 500
tcp_ping received 768 bytes back
Round trip time was 23.5218 milliseconds in repetition 501

 ... clock resolution was 1e-06
TCP Ping:  Statistics over 501 repetitions of 768 byte messages

RTT : percentile 10: 22.5481, median: 23.1559, percentile 90: 24.7243, average: 24.238, variance: 75.5673

RTT histogram:
22.075 467
29.4892 25
36.9034 5
44.3176 0
51.7318 1
59.146 0
66.5603 0
73.9745 1
81.3887 0
88.8029 0
96.2171 0
103.631 0
111.046 0
118.46 0
125.874 0
133.288 1
140.702 0
148.117 0
155.531 0
162.945 0
170.359 1

   median Throughput : 66.333 KB/s   overall Throughput : 63.3714 KB/s

