TCP Ping trying to connect to server seti.dibris.unige.it (130.251.61.30) on port 1491

... connected to Pong server: asking for 501 repetitions of 32768 bytes TCP messages
 ... Pong server agreed :-)
tcp_ping received 32768 bytes back
Round trip time was 99.8565 milliseconds in repetition 1
tcp_ping received 32768 bytes back
Round trip time was 30.1051 milliseconds in repetition 2
tcp_ping received 32768 bytes back
Round trip time was 30.0667 milliseconds in repetition 3
tcp_ping received 32768 bytes back
Round trip time was 30.3961 milliseconds in repetition 4
tcp_ping received 32768 bytes back
Round trip time was 30.2346 milliseconds in repetition 5
tcp_ping received 32768 bytes back
Round trip time was 31.0167 milliseconds in repetition 6
tcp_ping received 32768 bytes back
Round trip time was 29.8703 milliseconds in repetition 7
tcp_ping received 32768 bytes back
Round trip time was 31.0753 milliseconds in repetition 8
tcp_ping received 32768 bytes back
Round trip time was 29.6263 milliseconds in repetition 9
tcp_ping received 32768 bytes back
Round trip time was 30.2652 milliseconds in repetition 10
tcp_ping received 32768 bytes back
Round trip time was 31.7544 milliseconds in repetition 11
tcp_ping received 32768 bytes back
Round trip time was 29.4943 milliseconds in repetition 12
tcp_ping received 32768 bytes back
Round trip time was 29.2444 milliseconds in repetition 13
tcp_ping received 32768 bytes back
Round trip time was 32.4675 milliseconds in repetition 14
tcp_ping received 32768 bytes back
Round trip time was 30.2304 milliseconds in repetition 15
tcp_ping received 32768 bytes back
Round trip time was 29.5417 milliseconds in repetition 16
tcp_ping received 32768 bytes back
Round trip time was 33.9303 milliseconds in repetition 17
tcp_ping received 32768 bytes back
Round trip time was 29.1113 milliseconds in repetition 18
tcp_ping received 32768 bytes back
Round trip time was 30.066 milliseconds in repetition 19
tcp_ping received 32768 bytes back
Round trip time was 30.6283 milliseconds in repetition 20
tcp_ping received 32768 bytes back
Round trip time was 29.5042 milliseconds in repetition 21
tcp_ping received 32768 bytes back
Round trip time was 28.5234 milliseconds in repetition 22
tcp_ping received 32768 bytes back
Round trip time was 29.2979 milliseconds in repetition 23
tcp_ping received 32768 bytes back
Round trip time was 31.3348 milliseconds in repetition 24
tcp_ping received 32768 bytes back
Round trip time was 39.1442 milliseconds in repetition 25
tcp_ping received 32768 bytes back
Round trip time was 33.1471 milliseconds in repetition 26
tcp_ping received 32768 bytes back
Round trip time was 33.429 milliseconds in repetition 27
tcp_ping received 32768 bytes back
Round trip time was 28.9852 milliseconds in repetition 28
tcp_ping received 32768 bytes back
Round trip time was 28.4008 milliseconds in repetition 29
tcp_ping received 32768 bytes back
Round trip time was 30.388 milliseconds in repetition 30
tcp_ping received 32768 bytes back
Round trip time was 29.0309 milliseconds in repetition 31
tcp_ping received 32768 bytes back
Round trip time was 30.5043 milliseconds in repetition 32
tcp_ping received 32768 bytes back
Round trip time was 28.8349 milliseconds in repetition 33
tcp_ping received 32768 bytes back
Round trip time was 30.6178 milliseconds in repetition 34
tcp_ping received 32768 bytes back
Round trip time was 28.5926 milliseconds in repetition 35
tcp_ping received 32768 bytes back
Round trip time was 29.1396 milliseconds in repetition 36
tcp_ping received 32768 bytes back
Round trip time was 29.1001 milliseconds in repetition 37
tcp_ping received 32768 bytes back
Round trip time was 28.5886 milliseconds in repetition 38
tcp_ping received 32768 bytes back
Round trip time was 33.573 milliseconds in repetition 39
tcp_ping received 32768 bytes back
Round trip time was 29.3212 milliseconds in repetition 40
tcp_ping received 32768 bytes back
Round trip time was 31.2006 milliseconds in repetition 41
tcp_ping received 32768 bytes back
Round trip time was 36.7899 milliseconds in repetition 42
tcp_ping received 32768 bytes back
Round trip time was 33.1578 milliseconds in repetition 43
tcp_ping received 32768 bytes back
Round trip time was 33.5557 milliseconds in repetition 44
tcp_ping received 32768 bytes back
Round trip time was 30.3361 milliseconds in repetition 45
tcp_ping received 32768 bytes back
Round trip time was 34.8987 milliseconds in repetition 46
tcp_ping received 32768 bytes back
Round trip time was 28.8494 milliseconds in repetition 47
tcp_ping received 32768 bytes back
Round trip time was 28.8808 milliseconds in repetition 48
tcp_ping received 32768 bytes back
Round trip time was 28.7989 milliseconds in repetition 49
tcp_ping received 32768 bytes back
Round trip time was 28.7407 milliseconds in repetition 50
tcp_ping received 32768 bytes back
Round trip time was 28.4452 milliseconds in repetition 51
tcp_ping received 32768 bytes back
Round trip time was 28.8759 milliseconds in repetition 52
tcp_ping received 32768 bytes back
Round trip time was 30.8363 milliseconds in repetition 53
tcp_ping received 32768 bytes back
Round trip time was 35.6401 milliseconds in repetition 54
tcp_ping received 32768 bytes back
Round trip time was 29.001 milliseconds in repetition 55
tcp_ping received 32768 bytes back
Round trip time was 28.8222 milliseconds in repetition 56
tcp_ping received 32768 bytes back
Round trip time was 30.7817 milliseconds in repetition 57
tcp_ping received 32768 bytes back
Round trip time was 30.0697 milliseconds in repetition 58
tcp_ping received 32768 bytes back
Round trip time was 29.134 milliseconds in repetition 59
tcp_ping received 32768 bytes back
Round trip time was 28.2923 milliseconds in repetition 60
tcp_ping received 32768 bytes back
Round trip time was 30.0371 milliseconds in repetition 61
tcp_ping received 32768 bytes back
Round trip time was 35.8048 milliseconds in repetition 62
tcp_ping received 32768 bytes back
Round trip time was 30.9611 milliseconds in repetition 63
tcp_ping received 32768 bytes back
Round trip time was 29.852 milliseconds in repetition 64
tcp_ping received 32768 bytes back
Round trip time was 29.6299 milliseconds in repetition 65
tcp_ping received 32768 bytes back
Round trip time was 28.8676 milliseconds in repetition 66
tcp_ping received 32768 bytes back
Round trip time was 30.2369 milliseconds in repetition 67
tcp_ping received 32768 bytes back
Round trip time was 29.9873 milliseconds in repetition 68
tcp_ping received 32768 bytes back
Round trip time was 29.6155 milliseconds in repetition 69
tcp_ping received 32768 bytes back
Round trip time was 30.638 milliseconds in repetition 70
tcp_ping received 32768 bytes back
Round trip time was 30.8513 milliseconds in repetition 71
tcp_ping received 32768 bytes back
Round trip time was 30.9261 milliseconds in repetition 72
tcp_ping received 32768 bytes back
Round trip time was 33.8457 milliseconds in repetition 73
tcp_ping received 32768 bytes back
Round trip time was 32.8393 milliseconds in repetition 74
tcp_ping received 32768 bytes back
Round trip time was 31.3882 milliseconds in repetition 75
tcp_ping received 32768 bytes back
Round trip time was 31.8976 milliseconds in repetition 76
tcp_ping received 32768 bytes back
Round trip time was 35.3684 milliseconds in repetition 77
tcp_ping received 32768 bytes back
Round trip time was 30.6386 milliseconds in repetition 78
tcp_ping received 32768 bytes back
Round trip time was 30.4624 milliseconds in repetition 79
tcp_ping received 32768 bytes back
Round trip time was 30.462 milliseconds in repetition 80
tcp_ping received 32768 bytes back
Round trip time was 31.4085 milliseconds in repetition 81
tcp_ping received 32768 bytes back
Round trip time was 43.1723 milliseconds in repetition 82
tcp_ping received 32768 bytes back
Round trip time was 33.3275 milliseconds in repetition 83
tcp_ping received 32768 bytes back
Round trip time was 32.9701 milliseconds in repetition 84
tcp_ping received 32768 bytes back
Round trip time was 32.4469 milliseconds in repetition 85
tcp_ping received 32768 bytes back
Round trip time was 37.6866 milliseconds in repetition 86
tcp_ping received 32768 bytes back
Round trip time was 35.6008 milliseconds in repetition 87
tcp_ping received 32768 bytes back
Round trip time was 30.5319 milliseconds in repetition 88
tcp_ping received 32768 bytes back
Round trip time was 31.5385 milliseconds in repetition 89
tcp_ping received 32768 bytes back
Round trip time was 29.869 milliseconds in repetition 90
tcp_ping received 32768 bytes back
Round trip time was 30.7269 milliseconds in repetition 91
tcp_ping received 32768 bytes back
Round trip time was 29.3348 milliseconds in repetition 92
tcp_ping received 32768 bytes back
Round trip time was 35.1072 milliseconds in repetition 93
tcp_ping received 32768 bytes back
Round trip time was 32.04 milliseconds in repetition 94
tcp_ping received 32768 bytes back
Round trip time was 32.1542 milliseconds in repetition 95
tcp_ping received 32768 bytes back
Round trip time was 31.773 milliseconds in repetition 96
tcp_ping received 32768 bytes back
Round trip time was 30.8644 milliseconds in repetition 97
tcp_ping received 32768 bytes back
Round trip time was 30.5444 milliseconds in repetition 98
tcp_ping received 32768 bytes back
Round trip time was 28.4738 milliseconds in repetition 99
tcp_ping received 32768 bytes back
Round trip time was 34.196 milliseconds in repetition 100
tcp_ping received 32768 bytes back
Round trip time was 35.1792 milliseconds in repetition 101
tcp_ping received 32768 bytes back
Round trip time was 40.3639 milliseconds in repetition 102
tcp_ping received 32768 bytes back
Round trip time was 32.2254 milliseconds in repetition 103
tcp_ping received 32768 bytes back
Round trip time was 31.2185 milliseconds in repetition 104
tcp_ping received 32768 bytes back
Round trip time was 36.77 milliseconds in repetition 105
tcp_ping received 32768 bytes back
Round trip time was 34.1179 milliseconds in repetition 106
tcp_ping received 32768 bytes back
Round trip time was 30.3967 milliseconds in repetition 107
tcp_ping received 32768 bytes back
Round trip time was 31.4427 milliseconds in repetition 108
tcp_ping received 32768 bytes back
Round trip time was 30.0577 milliseconds in repetition 109
tcp_ping received 32768 bytes back
Round trip time was 32.0622 milliseconds in repetition 110
tcp_ping received 32768 bytes back
Round trip time was 29.4997 milliseconds in repetition 111
tcp_ping received 32768 bytes back
Round trip time was 30.1681 milliseconds in repetition 112
tcp_ping received 32768 bytes back
Round trip time was 48.04 milliseconds in repetition 113
tcp_ping received 32768 bytes back
Round trip time was 30.2639 milliseconds in repetition 114
tcp_ping received 32768 bytes back
Round trip time was 29.8393 milliseconds in repetition 115
tcp_ping received 32768 bytes back
Round trip time was 31.0439 milliseconds in repetition 116
tcp_ping received 32768 bytes back
Round trip time was 28.9806 milliseconds in repetition 117
tcp_ping received 32768 bytes back
Round trip time was 29.4781 milliseconds in repetition 118
tcp_ping received 32768 bytes back
Round trip time was 29.5136 milliseconds in repetition 119
tcp_ping received 32768 bytes back
Round trip time was 29.264 milliseconds in repetition 120
tcp_ping received 32768 bytes back
Round trip time was 29.2895 milliseconds in repetition 121
tcp_ping received 32768 bytes back
Round trip time was 32.0239 milliseconds in repetition 122
tcp_ping received 32768 bytes back
Round trip time was 29.9692 milliseconds in repetition 123
tcp_ping received 32768 bytes back
Round trip time was 29.2032 milliseconds in repetition 124
tcp_ping received 32768 bytes back
Round trip time was 29.5016 milliseconds in repetition 125
tcp_ping received 32768 bytes back
Round trip time was 32.4704 milliseconds in repetition 126
tcp_ping received 32768 bytes back
Round trip time was 29.9735 milliseconds in repetition 127
tcp_ping received 32768 bytes back
Round trip time was 38.2135 milliseconds in repetition 128
tcp_ping received 32768 bytes back
Round trip time was 30.8432 milliseconds in repetition 129
tcp_ping received 32768 bytes back
Round trip time was 33.5657 milliseconds in repetition 130
tcp_ping received 32768 bytes back
Round trip time was 30.4386 milliseconds in repetition 131
tcp_ping received 32768 bytes back
Round trip time was 39.9647 milliseconds in repetition 132
tcp_ping received 32768 bytes back
Round trip time was 29.4902 milliseconds in repetition 133
tcp_ping received 32768 bytes back
Round trip time was 29.8309 milliseconds in repetition 134
tcp_ping received 32768 bytes back
Round trip time was 29.9376 milliseconds in repetition 135
tcp_ping received 32768 bytes back
Round trip time was 29.6188 milliseconds in repetition 136
tcp_ping received 32768 bytes back
Round trip time was 40.9438 milliseconds in repetition 137
tcp_ping received 32768 bytes back
Round trip time was 42.6127 milliseconds in repetition 138
tcp_ping received 32768 bytes back
Round trip time was 30.6847 milliseconds in repetition 139
tcp_ping received 32768 bytes back
Round trip time was 30.0063 milliseconds in repetition 140
tcp_ping received 32768 bytes back
Round trip time was 29.4061 milliseconds in repetition 141
tcp_ping received 32768 bytes back
Round trip time was 29.6712 milliseconds in repetition 142
tcp_ping received 32768 bytes back
Round trip time was 31.1328 milliseconds in repetition 143
tcp_ping received 32768 bytes back
Round trip time was 32.4882 milliseconds in repetition 144
tcp_ping received 32768 bytes back
Round trip time was 29.5365 milliseconds in repetition 145
tcp_ping received 32768 bytes back
Round trip time was 29.3829 milliseconds in repetition 146
tcp_ping received 32768 bytes back
Round trip time was 31.9823 milliseconds in repetition 147
tcp_ping received 32768 bytes back
Round trip time was 30.175 milliseconds in repetition 148
tcp_ping received 32768 bytes back
Round trip time was 29.2097 milliseconds in repetition 149
tcp_ping received 32768 bytes back
Round trip time was 32.45 milliseconds in repetition 150
tcp_ping received 32768 bytes back
Round trip time was 29.806 milliseconds in repetition 151
tcp_ping received 32768 bytes back
Round trip time was 30.8148 milliseconds in repetition 152
tcp_ping received 32768 bytes back
Round trip time was 29.7936 milliseconds in repetition 153
tcp_ping received 32768 bytes back
Round trip time was 29.0921 milliseconds in repetition 154
tcp_ping received 32768 bytes back
Round trip time was 29.9695 milliseconds in repetition 155
tcp_ping received 32768 bytes back
Round trip time was 32.2441 milliseconds in repetition 156
tcp_ping received 32768 bytes back
Round trip time was 29.4181 milliseconds in repetition 157
tcp_ping received 32768 bytes back
Round trip time was 32.6758 milliseconds in repetition 158
tcp_ping received 32768 bytes back
Round trip time was 30.8831 milliseconds in repetition 159
tcp_ping received 32768 bytes back
Round trip time was 30.8738 milliseconds in repetition 160
tcp_ping received 32768 bytes back
Round trip time was 30.3634 milliseconds in repetition 161
tcp_ping received 32768 bytes back
Round trip time was 29.2073 milliseconds in repetition 162
tcp_ping received 32768 bytes back
Round trip time was 31.1175 milliseconds in repetition 163
tcp_ping received 32768 bytes back
Round trip time was 30.1519 milliseconds in repetition 164
tcp_ping received 32768 bytes back
Round trip time was 31.8062 milliseconds in repetition 165
tcp_ping received 32768 bytes back
Round trip time was 31.1828 milliseconds in repetition 166
tcp_ping received 32768 bytes back
Round trip time was 28.8569 milliseconds in repetition 167
tcp_ping received 32768 bytes back
Round trip time was 28.7751 milliseconds in repetition 168
tcp_ping received 32768 bytes back
Round trip time was 30.983 milliseconds in repetition 169
tcp_ping received 32768 bytes back
Round trip time was 29.7426 milliseconds in repetition 170
tcp_ping received 32768 bytes back
Round trip time was 28.9085 milliseconds in repetition 171
tcp_ping received 32768 bytes back
Round trip time was 29.7449 milliseconds in repetition 172
tcp_ping received 32768 bytes back
Round trip time was 30.7437 milliseconds in repetition 173
tcp_ping received 32768 bytes back
Round trip time was 29.689 milliseconds in repetition 174
tcp_ping received 32768 bytes back
Round trip time was 30.4262 milliseconds in repetition 175
tcp_ping received 32768 bytes back
Round trip time was 29.3466 milliseconds in repetition 176
tcp_ping received 32768 bytes back
Round trip time was 29.6375 milliseconds in repetition 177
tcp_ping received 32768 bytes back
Round trip time was 30.982 milliseconds in repetition 178
tcp_ping received 32768 bytes back
Round trip time was 28.9593 milliseconds in repetition 179
tcp_ping received 32768 bytes back
Round trip time was 30.1287 milliseconds in repetition 180
tcp_ping received 32768 bytes back
Round trip time was 29.8478 milliseconds in repetition 181
tcp_ping received 32768 bytes back
Round trip time was 29.8634 milliseconds in repetition 182
tcp_ping received 32768 bytes back
Round trip time was 29.7487 milliseconds in repetition 183
tcp_ping received 32768 bytes back
Round trip time was 31.4496 milliseconds in repetition 184
tcp_ping received 32768 bytes back
Round trip time was 29.9471 milliseconds in repetition 185
tcp_ping received 32768 bytes back
Round trip time was 33.8814 milliseconds in repetition 186
tcp_ping received 32768 bytes back
Round trip time was 29.3961 milliseconds in repetition 187
tcp_ping received 32768 bytes back
Round trip time was 30.181 milliseconds in repetition 188
tcp_ping received 32768 bytes back
Round trip time was 31.6001 milliseconds in repetition 189
tcp_ping received 32768 bytes back
Round trip time was 29.0049 milliseconds in repetition 190
tcp_ping received 32768 bytes back
Round trip time was 33.2315 milliseconds in repetition 191
tcp_ping received 32768 bytes back
Round trip time was 29.4145 milliseconds in repetition 192
tcp_ping received 32768 bytes back
Round trip time was 29.3947 milliseconds in repetition 193
tcp_ping received 32768 bytes back
Round trip time was 30.2351 milliseconds in repetition 194
tcp_ping received 32768 bytes back
Round trip time was 35.3658 milliseconds in repetition 195
tcp_ping received 32768 bytes back
Round trip time was 31.9958 milliseconds in repetition 196
tcp_ping received 32768 bytes back
Round trip time was 30.8649 milliseconds in repetition 197
tcp_ping received 32768 bytes back
Round trip time was 41.504 milliseconds in repetition 198
tcp_ping received 32768 bytes back
Round trip time was 30.1136 milliseconds in repetition 199
tcp_ping received 32768 bytes back
Round trip time was 41.9479 milliseconds in repetition 200
tcp_ping received 32768 bytes back
Round trip time was 30.656 milliseconds in repetition 201
tcp_ping received 32768 bytes back
Round trip time was 29.2473 milliseconds in repetition 202
tcp_ping received 32768 bytes back
Round trip time was 29.37 milliseconds in repetition 203
tcp_ping received 32768 bytes back
Round trip time was 31.1804 milliseconds in repetition 204
tcp_ping received 32768 bytes back
Round trip time was 29.802 milliseconds in repetition 205
tcp_ping received 32768 bytes back
Round trip time was 29.5145 milliseconds in repetition 206
tcp_ping received 32768 bytes back
Round trip time was 28.79 milliseconds in repetition 207
tcp_ping received 32768 bytes back
Round trip time was 32.2455 milliseconds in repetition 208
tcp_ping received 32768 bytes back
Round trip time was 29.2891 milliseconds in repetition 209
tcp_ping received 32768 bytes back
Round trip time was 28.9204 milliseconds in repetition 210
tcp_ping received 32768 bytes back
Round trip time was 32.8575 milliseconds in repetition 211
tcp_ping received 32768 bytes back
Round trip time was 30.2547 milliseconds in repetition 212
tcp_ping received 32768 bytes back
Round trip time was 29.6459 milliseconds in repetition 213
tcp_ping received 32768 bytes back
Round trip time was 30.1274 milliseconds in repetition 214
tcp_ping received 32768 bytes back
Round trip time was 31.9846 milliseconds in repetition 215
tcp_ping received 32768 bytes back
Round trip time was 29.2442 milliseconds in repetition 216
tcp_ping received 32768 bytes back
Round trip time was 28.8286 milliseconds in repetition 217
tcp_ping received 32768 bytes back
Round trip time was 30.9184 milliseconds in repetition 218
tcp_ping received 32768 bytes back
Round trip time was 30.5015 milliseconds in repetition 219
tcp_ping received 32768 bytes back
Round trip time was 29.3057 milliseconds in repetition 220
tcp_ping received 32768 bytes back
Round trip time was 29.8954 milliseconds in repetition 221
tcp_ping received 32768 bytes back
Round trip time was 29.7607 milliseconds in repetition 222
tcp_ping received 32768 bytes back
Round trip time was 29.1775 milliseconds in repetition 223
tcp_ping received 32768 bytes back
Round trip time was 29.2456 milliseconds in repetition 224
tcp_ping received 32768 bytes back
Round trip time was 29.2236 milliseconds in repetition 225
tcp_ping received 32768 bytes back
Round trip time was 29.1145 milliseconds in repetition 226
tcp_ping received 32768 bytes back
Round trip time was 29.4678 milliseconds in repetition 227
tcp_ping received 32768 bytes back
Round trip time was 29.4739 milliseconds in repetition 228
tcp_ping received 32768 bytes back
Round trip time was 30.4373 milliseconds in repetition 229
tcp_ping received 32768 bytes back
Round trip time was 29.1749 milliseconds in repetition 230
tcp_ping received 32768 bytes back
Round trip time was 29.4108 milliseconds in repetition 231
tcp_ping received 32768 bytes back
Round trip time was 28.5405 milliseconds in repetition 232
tcp_ping received 32768 bytes back
Round trip time was 30.4849 milliseconds in repetition 233
tcp_ping received 32768 bytes back
Round trip time was 29.1759 milliseconds in repetition 234
tcp_ping received 32768 bytes back
Round trip time was 29.3387 milliseconds in repetition 235
tcp_ping received 32768 bytes back
Round trip time was 35.7308 milliseconds in repetition 236
tcp_ping received 32768 bytes back
Round trip time was 30.6817 milliseconds in repetition 237
tcp_ping received 32768 bytes back
Round trip time was 33.4182 milliseconds in repetition 238
tcp_ping received 32768 bytes back
Round trip time was 33.3487 milliseconds in repetition 239
tcp_ping received 32768 bytes back
Round trip time was 28.7729 milliseconds in repetition 240
tcp_ping received 32768 bytes back
Round trip time was 28.8012 milliseconds in repetition 241
tcp_ping received 32768 bytes back
Round trip time was 28.6012 milliseconds in repetition 242
tcp_ping received 32768 bytes back
Round trip time was 28.6966 milliseconds in repetition 243
tcp_ping received 32768 bytes back
Round trip time was 37.8024 milliseconds in repetition 244
tcp_ping received 32768 bytes back
Round trip time was 33.3645 milliseconds in repetition 245
tcp_ping received 32768 bytes back
Round trip time was 28.631 milliseconds in repetition 246
tcp_ping received 32768 bytes back
Round trip time was 30.4441 milliseconds in repetition 247
tcp_ping received 32768 bytes back
Round trip time was 28.8024 milliseconds in repetition 248
tcp_ping received 32768 bytes back
Round trip time was 34.0981 milliseconds in repetition 249
tcp_ping received 32768 bytes back
Round trip time was 28.7437 milliseconds in repetition 250
tcp_ping received 32768 bytes back
Round trip time was 36.0613 milliseconds in repetition 251
tcp_ping received 32768 bytes back
Round trip time was 28.9198 milliseconds in repetition 252
tcp_ping received 32768 bytes back
Round trip time was 30.1027 milliseconds in repetition 253
tcp_ping received 32768 bytes back
Round trip time was 30.4692 milliseconds in repetition 254
tcp_ping received 32768 bytes back
Round trip time was 29.3515 milliseconds in repetition 255
tcp_ping received 32768 bytes back
Round trip time was 29.4183 milliseconds in repetition 256
tcp_ping received 32768 bytes back
Round trip time was 29.1313 milliseconds in repetition 257
tcp_ping received 32768 bytes back
Round trip time was 28.9517 milliseconds in repetition 258
tcp_ping received 32768 bytes back
Round trip time was 30.2378 milliseconds in repetition 259
tcp_ping received 32768 bytes back
Round trip time was 28.9439 milliseconds in repetition 260
tcp_ping received 32768 bytes back
Round trip time was 29.7567 milliseconds in repetition 261
tcp_ping received 32768 bytes back
Round trip time was 28.752 milliseconds in repetition 262
tcp_ping received 32768 bytes back
Round trip time was 29.9985 milliseconds in repetition 263
tcp_ping received 32768 bytes back
Round trip time was 29.0751 milliseconds in repetition 264
tcp_ping received 32768 bytes back
Round trip time was 28.9553 milliseconds in repetition 265
tcp_ping received 32768 bytes back
Round trip time was 34.757 milliseconds in repetition 266
tcp_ping received 32768 bytes back
Round trip time was 32.6337 milliseconds in repetition 267
tcp_ping received 32768 bytes back
Round trip time was 32.4356 milliseconds in repetition 268
tcp_ping received 32768 bytes back
Round trip time was 33.0038 milliseconds in repetition 269
tcp_ping received 32768 bytes back
Round trip time was 30.2138 milliseconds in repetition 270
tcp_ping received 32768 bytes back
Round trip time was 31.4144 milliseconds in repetition 271
tcp_ping received 32768 bytes back
Round trip time was 29.2652 milliseconds in repetition 272
tcp_ping received 32768 bytes back
Round trip time was 29.5731 milliseconds in repetition 273
tcp_ping received 32768 bytes back
Round trip time was 30.0229 milliseconds in repetition 274
tcp_ping received 32768 bytes back
Round trip time was 29.1669 milliseconds in repetition 275
tcp_ping received 32768 bytes back
Round trip time was 33.6386 milliseconds in repetition 276
tcp_ping received 32768 bytes back
Round trip time was 29.6917 milliseconds in repetition 277
tcp_ping received 32768 bytes back
Round trip time was 29.3277 milliseconds in repetition 278
tcp_ping received 32768 bytes back
Round trip time was 29.6111 milliseconds in repetition 279
tcp_ping received 32768 bytes back
Round trip time was 29.5526 milliseconds in repetition 280
tcp_ping received 32768 bytes back
Round trip time was 29.3604 milliseconds in repetition 281
tcp_ping received 32768 bytes back
Round trip time was 28.8755 milliseconds in repetition 282
tcp_ping received 32768 bytes back
Round trip time was 29.9774 milliseconds in repetition 283
tcp_ping received 32768 bytes back
Round trip time was 30.8106 milliseconds in repetition 284
tcp_ping received 32768 bytes back
Round trip time was 29.8121 milliseconds in repetition 285
tcp_ping received 32768 bytes back
Round trip time was 29.8375 milliseconds in repetition 286
tcp_ping received 32768 bytes back
Round trip time was 32.5958 milliseconds in repetition 287
tcp_ping received 32768 bytes back
Round trip time was 35.3374 milliseconds in repetition 288
tcp_ping received 32768 bytes back
Round trip time was 29.2706 milliseconds in repetition 289
tcp_ping received 32768 bytes back
Round trip time was 29.3909 milliseconds in repetition 290
tcp_ping received 32768 bytes back
Round trip time was 30.0257 milliseconds in repetition 291
tcp_ping received 32768 bytes back
Round trip time was 29.6071 milliseconds in repetition 292
tcp_ping received 32768 bytes back
Round trip time was 29.6862 milliseconds in repetition 293
tcp_ping received 32768 bytes back
Round trip time was 29.6015 milliseconds in repetition 294
tcp_ping received 32768 bytes back
Round trip time was 30.9561 milliseconds in repetition 295
tcp_ping received 32768 bytes back
Round trip time was 29.6283 milliseconds in repetition 296
tcp_ping received 32768 bytes back
Round trip time was 30.0643 milliseconds in repetition 297
tcp_ping received 32768 bytes back
Round trip time was 31.7933 milliseconds in repetition 298
tcp_ping received 32768 bytes back
Round trip time was 31.1597 milliseconds in repetition 299
tcp_ping received 32768 bytes back
Round trip time was 30.0377 milliseconds in repetition 300
tcp_ping received 32768 bytes back
Round trip time was 30.4827 milliseconds in repetition 301
tcp_ping received 32768 bytes back
Round trip time was 34.8204 milliseconds in repetition 302
tcp_ping received 32768 bytes back
Round trip time was 32.2902 milliseconds in repetition 303
tcp_ping received 32768 bytes back
Round trip time was 29.8494 milliseconds in repetition 304
tcp_ping received 32768 bytes back
Round trip time was 30.281 milliseconds in repetition 305
tcp_ping received 32768 bytes back
Round trip time was 29.3158 milliseconds in repetition 306
tcp_ping received 32768 bytes back
Round trip time was 29.3486 milliseconds in repetition 307
tcp_ping received 32768 bytes back
Round trip time was 33.4754 milliseconds in repetition 308
tcp_ping received 32768 bytes back
Round trip time was 29.2666 milliseconds in repetition 309
tcp_ping received 32768 bytes back
Round trip time was 31.5854 milliseconds in repetition 310
tcp_ping received 32768 bytes back
Round trip time was 31.9754 milliseconds in repetition 311
tcp_ping received 32768 bytes back
Round trip time was 29.8072 milliseconds in repetition 312
tcp_ping received 32768 bytes back
Round trip time was 33.689 milliseconds in repetition 313
tcp_ping received 32768 bytes back
Round trip time was 29.1689 milliseconds in repetition 314
tcp_ping received 32768 bytes back
Round trip time was 31.2337 milliseconds in repetition 315
tcp_ping received 32768 bytes back
Round trip time was 29.3543 milliseconds in repetition 316
tcp_ping received 32768 bytes back
Round trip time was 28.5863 milliseconds in repetition 317
tcp_ping received 32768 bytes back
Round trip time was 30.5453 milliseconds in repetition 318
tcp_ping received 32768 bytes back
Round trip time was 32.1709 milliseconds in repetition 319
tcp_ping received 32768 bytes back
Round trip time was 29.9233 milliseconds in repetition 320
tcp_ping received 32768 bytes back
Round trip time was 33.7352 milliseconds in repetition 321
tcp_ping received 32768 bytes back
Round trip time was 30.8767 milliseconds in repetition 322
tcp_ping received 32768 bytes back
Round trip time was 30.7494 milliseconds in repetition 323
tcp_ping received 32768 bytes back
Round trip time was 32.7038 milliseconds in repetition 324
tcp_ping received 32768 bytes back
Round trip time was 30.6112 milliseconds in repetition 325
tcp_ping received 32768 bytes back
Round trip time was 31.7522 milliseconds in repetition 326
tcp_ping received 32768 bytes back
Round trip time was 29.7049 milliseconds in repetition 327
tcp_ping received 32768 bytes back
Round trip time was 30.5259 milliseconds in repetition 328
tcp_ping received 32768 bytes back
Round trip time was 29.7772 milliseconds in repetition 329
tcp_ping received 32768 bytes back
Round trip time was 29.1759 milliseconds in repetition 330
tcp_ping received 32768 bytes back
Round trip time was 29.9042 milliseconds in repetition 331
tcp_ping received 32768 bytes back
Round trip time was 29.652 milliseconds in repetition 332
tcp_ping received 32768 bytes back
Round trip time was 34.3866 milliseconds in repetition 333
tcp_ping received 32768 bytes back
Round trip time was 29.0979 milliseconds in repetition 334
tcp_ping received 32768 bytes back
Round trip time was 29.6346 milliseconds in repetition 335
tcp_ping received 32768 bytes back
Round trip time was 29.1611 milliseconds in repetition 336
tcp_ping received 32768 bytes back
Round trip time was 29.1762 milliseconds in repetition 337
tcp_ping received 32768 bytes back
Round trip time was 29.3134 milliseconds in repetition 338
tcp_ping received 32768 bytes back
Round trip time was 30.3076 milliseconds in repetition 339
tcp_ping received 32768 bytes back
Round trip time was 30.2559 milliseconds in repetition 340
tcp_ping received 32768 bytes back
Round trip time was 29.313 milliseconds in repetition 341
tcp_ping received 32768 bytes back
Round trip time was 29.1403 milliseconds in repetition 342
tcp_ping received 32768 bytes back
Round trip time was 29.1832 milliseconds in repetition 343
tcp_ping received 32768 bytes back
Round trip time was 28.933 milliseconds in repetition 344
tcp_ping received 32768 bytes back
Round trip time was 29.8151 milliseconds in repetition 345
tcp_ping received 32768 bytes back
Round trip time was 29.4984 milliseconds in repetition 346
tcp_ping received 32768 bytes back
Round trip time was 30.5345 milliseconds in repetition 347
tcp_ping received 32768 bytes back
Round trip time was 28.8726 milliseconds in repetition 348
tcp_ping received 32768 bytes back
Round trip time was 29.777 milliseconds in repetition 349
tcp_ping received 32768 bytes back
Round trip time was 32.4518 milliseconds in repetition 350
tcp_ping received 32768 bytes back
Round trip time was 29.5218 milliseconds in repetition 351
tcp_ping received 32768 bytes back
Round trip time was 28.8274 milliseconds in repetition 352
tcp_ping received 32768 bytes back
Round trip time was 29.9495 milliseconds in repetition 353
tcp_ping received 32768 bytes back
Round trip time was 29.4153 milliseconds in repetition 354
tcp_ping received 32768 bytes back
Round trip time was 29.521 milliseconds in repetition 355
tcp_ping received 32768 bytes back
Round trip time was 28.9418 milliseconds in repetition 356
tcp_ping received 32768 bytes back
Round trip time was 30.3127 milliseconds in repetition 357
tcp_ping received 32768 bytes back
Round trip time was 31.5377 milliseconds in repetition 358
tcp_ping received 32768 bytes back
Round trip time was 32.8498 milliseconds in repetition 359
tcp_ping received 32768 bytes back
Round trip time was 29.3247 milliseconds in repetition 360
tcp_ping received 32768 bytes back
Round trip time was 29.2067 milliseconds in repetition 361
tcp_ping received 32768 bytes back
Round trip time was 28.8619 milliseconds in repetition 362
tcp_ping received 32768 bytes back
Round trip time was 28.9426 milliseconds in repetition 363
tcp_ping received 32768 bytes back
Round trip time was 30.7547 milliseconds in repetition 364
tcp_ping received 32768 bytes back
Round trip time was 29.1596 milliseconds in repetition 365
tcp_ping received 32768 bytes back
Round trip time was 28.9596 milliseconds in repetition 366
tcp_ping received 32768 bytes back
Round trip time was 28.3865 milliseconds in repetition 367
tcp_ping received 32768 bytes back
Round trip time was 29.0223 milliseconds in repetition 368
tcp_ping received 32768 bytes back
Round trip time was 29.7867 milliseconds in repetition 369
tcp_ping received 32768 bytes back
Round trip time was 30.379 milliseconds in repetition 370
tcp_ping received 32768 bytes back
Round trip time was 29.3619 milliseconds in repetition 371
tcp_ping received 32768 bytes back
Round trip time was 29.4648 milliseconds in repetition 372
tcp_ping received 32768 bytes back
Round trip time was 29.6979 milliseconds in repetition 373
tcp_ping received 32768 bytes back
Round trip time was 29.2194 milliseconds in repetition 374
tcp_ping received 32768 bytes back
Round trip time was 31.4903 milliseconds in repetition 375
tcp_ping received 32768 bytes back
Round trip time was 29.7163 milliseconds in repetition 376
tcp_ping received 32768 bytes back
Round trip time was 29.0414 milliseconds in repetition 377
tcp_ping received 32768 bytes back
Round trip time was 30.5812 milliseconds in repetition 378
tcp_ping received 32768 bytes back
Round trip time was 29.1373 milliseconds in repetition 379
tcp_ping received 32768 bytes back
Round trip time was 30.8742 milliseconds in repetition 380
tcp_ping received 32768 bytes back
Round trip time was 28.478 milliseconds in repetition 381
tcp_ping received 32768 bytes back
Round trip time was 29.3279 milliseconds in repetition 382
tcp_ping received 32768 bytes back
Round trip time was 29.9731 milliseconds in repetition 383
tcp_ping received 32768 bytes back
Round trip time was 29.2547 milliseconds in repetition 384
tcp_ping received 32768 bytes back
Round trip time was 30.8181 milliseconds in repetition 385
tcp_ping received 32768 bytes back
Round trip time was 29.488 milliseconds in repetition 386
tcp_ping received 32768 bytes back
Round trip time was 29.4056 milliseconds in repetition 387
tcp_ping received 32768 bytes back
Round trip time was 29.7122 milliseconds in repetition 388
tcp_ping received 32768 bytes back
Round trip time was 30.7702 milliseconds in repetition 389
tcp_ping received 32768 bytes back
Round trip time was 28.9972 milliseconds in repetition 390
tcp_ping received 32768 bytes back
Round trip time was 29.7067 milliseconds in repetition 391
tcp_ping received 32768 bytes back
Round trip time was 29.8909 milliseconds in repetition 392
tcp_ping received 32768 bytes back
Round trip time was 29.4522 milliseconds in repetition 393
tcp_ping received 32768 bytes back
Round trip time was 28.9068 milliseconds in repetition 394
tcp_ping received 32768 bytes back
Round trip time was 29.5855 milliseconds in repetition 395
tcp_ping received 32768 bytes back
Round trip time was 29.0819 milliseconds in repetition 396
tcp_ping received 32768 bytes back
Round trip time was 29.6652 milliseconds in repetition 397
tcp_ping received 32768 bytes back
Round trip time was 29.193 milliseconds in repetition 398
tcp_ping received 32768 bytes back
Round trip time was 29.8274 milliseconds in repetition 399
tcp_ping received 32768 bytes back
Round trip time was 28.8606 milliseconds in repetition 400
tcp_ping received 32768 bytes back
Round trip time was 28.8794 milliseconds in repetition 401
tcp_ping received 32768 bytes back
Round trip time was 29.3904 milliseconds in repetition 402
tcp_ping received 32768 bytes back
Round trip time was 29.2802 milliseconds in repetition 403
tcp_ping received 32768 bytes back
Round trip time was 29.902 milliseconds in repetition 404
tcp_ping received 32768 bytes back
Round trip time was 29.9666 milliseconds in repetition 405
tcp_ping received 32768 bytes back
Round trip time was 30.5368 milliseconds in repetition 406
tcp_ping received 32768 bytes back
Round trip time was 29.5477 milliseconds in repetition 407
tcp_ping received 32768 bytes back
Round trip time was 28.6008 milliseconds in repetition 408
tcp_ping received 32768 bytes back
Round trip time was 28.7867 milliseconds in repetition 409
tcp_ping received 32768 bytes back
Round trip time was 29.5358 milliseconds in repetition 410
tcp_ping received 32768 bytes back
Round trip time was 28.8889 milliseconds in repetition 411
tcp_ping received 32768 bytes back
Round trip time was 29.1812 milliseconds in repetition 412
tcp_ping received 32768 bytes back
Round trip time was 28.8851 milliseconds in repetition 413
tcp_ping received 32768 bytes back
Round trip time was 29.2173 milliseconds in repetition 414
tcp_ping received 32768 bytes back
Round trip time was 29.2478 milliseconds in repetition 415
tcp_ping received 32768 bytes back
Round trip time was 30.8648 milliseconds in repetition 416
tcp_ping received 32768 bytes back
Round trip time was 30.0043 milliseconds in repetition 417
tcp_ping received 32768 bytes back
Round trip time was 29.7999 milliseconds in repetition 418
tcp_ping received 32768 bytes back
Round trip time was 30.0793 milliseconds in repetition 419
tcp_ping received 32768 bytes back
Round trip time was 28.8334 milliseconds in repetition 420
tcp_ping received 32768 bytes back
Round trip time was 31.0831 milliseconds in repetition 421
tcp_ping received 32768 bytes back
Round trip time was 29.0836 milliseconds in repetition 422
tcp_ping received 32768 bytes back
Round trip time was 29.1901 milliseconds in repetition 423
tcp_ping received 32768 bytes back
Round trip time was 31.1573 milliseconds in repetition 424
tcp_ping received 32768 bytes back
Round trip time was 30.0226 milliseconds in repetition 425
tcp_ping received 32768 bytes back
Round trip time was 28.9714 milliseconds in repetition 426
tcp_ping received 32768 bytes back
Round trip time was 28.8016 milliseconds in repetition 427
tcp_ping received 32768 bytes back
Round trip time was 31.1499 milliseconds in repetition 428
tcp_ping received 32768 bytes back
Round trip time was 33.1061 milliseconds in repetition 429
tcp_ping received 32768 bytes back
Round trip time was 35.2412 milliseconds in repetition 430
tcp_ping received 32768 bytes back
Round trip time was 32.6352 milliseconds in repetition 431
tcp_ping received 32768 bytes back
Round trip time was 36.13 milliseconds in repetition 432
tcp_ping received 32768 bytes back
Round trip time was 32.24 milliseconds in repetition 433
tcp_ping received 32768 bytes back
Round trip time was 32.7052 milliseconds in repetition 434
tcp_ping received 32768 bytes back
Round trip time was 29.4555 milliseconds in repetition 435
tcp_ping received 32768 bytes back
Round trip time was 30.1432 milliseconds in repetition 436
tcp_ping received 32768 bytes back
Round trip time was 29.445 milliseconds in repetition 437
tcp_ping received 32768 bytes back
Round trip time was 28.9216 milliseconds in repetition 438
tcp_ping received 32768 bytes back
Round trip time was 29.0397 milliseconds in repetition 439
tcp_ping received 32768 bytes back
Round trip time was 29.6098 milliseconds in repetition 440
tcp_ping received 32768 bytes back
Round trip time was 30.1709 milliseconds in repetition 441
tcp_ping received 32768 bytes back
Round trip time was 29.5571 milliseconds in repetition 442
tcp_ping received 32768 bytes back
Round trip time was 29.3822 milliseconds in repetition 443
tcp_ping received 32768 bytes back
Round trip time was 29.2907 milliseconds in repetition 444
tcp_ping received 32768 bytes back
Round trip time was 29.0458 milliseconds in repetition 445
tcp_ping received 32768 bytes back
Round trip time was 28.3901 milliseconds in repetition 446
tcp_ping received 32768 bytes back
Round trip time was 29.6375 milliseconds in repetition 447
tcp_ping received 32768 bytes back
Round trip time was 29.2929 milliseconds in repetition 448
tcp_ping received 32768 bytes back
Round trip time was 32.4853 milliseconds in repetition 449
tcp_ping received 32768 bytes back
Round trip time was 30.0303 milliseconds in repetition 450
tcp_ping received 32768 bytes back
Round trip time was 30.279 milliseconds in repetition 451
tcp_ping received 32768 bytes back
Round trip time was 28.7262 milliseconds in repetition 452
tcp_ping received 32768 bytes back
Round trip time was 28.6136 milliseconds in repetition 453
tcp_ping received 32768 bytes back
Round trip time was 28.7042 milliseconds in repetition 454
tcp_ping received 32768 bytes back
Round trip time was 29.3505 milliseconds in repetition 455
tcp_ping received 32768 bytes back
Round trip time was 28.8151 milliseconds in repetition 456
tcp_ping received 32768 bytes back
Round trip time was 29.6813 milliseconds in repetition 457
tcp_ping received 32768 bytes back
Round trip time was 29.058 milliseconds in repetition 458
tcp_ping received 32768 bytes back
Round trip time was 28.9458 milliseconds in repetition 459
tcp_ping received 32768 bytes back
Round trip time was 28.4972 milliseconds in repetition 460
tcp_ping received 32768 bytes back
Round trip time was 30.3759 milliseconds in repetition 461
tcp_ping received 32768 bytes back
Round trip time was 32.9029 milliseconds in repetition 462
tcp_ping received 32768 bytes back
Round trip time was 29.1957 milliseconds in repetition 463
tcp_ping received 32768 bytes back
Round trip time was 29.0612 milliseconds in repetition 464
tcp_ping received 32768 bytes back
Round trip time was 31.8589 milliseconds in repetition 465
tcp_ping received 32768 bytes back
Round trip time was 40.4494 milliseconds in repetition 466
tcp_ping received 32768 bytes back
Round trip time was 35.4873 milliseconds in repetition 467
tcp_ping received 32768 bytes back
Round trip time was 38.5951 milliseconds in repetition 468
tcp_ping received 32768 bytes back
Round trip time was 35.1161 milliseconds in repetition 469
tcp_ping received 32768 bytes back
Round trip time was 33.6356 milliseconds in repetition 470
tcp_ping received 32768 bytes back
Round trip time was 32.9199 milliseconds in repetition 471
tcp_ping received 32768 bytes back
Round trip time was 31.9061 milliseconds in repetition 472
tcp_ping received 32768 bytes back
Round trip time was 31.0934 milliseconds in repetition 473
tcp_ping received 32768 bytes back
Round trip time was 30.0892 milliseconds in repetition 474
tcp_ping received 32768 bytes back
Round trip time was 34.4304 milliseconds in repetition 475
tcp_ping received 32768 bytes back
Round trip time was 30.4157 milliseconds in repetition 476
tcp_ping received 32768 bytes back
Round trip time was 31.1905 milliseconds in repetition 477
tcp_ping received 32768 bytes back
Round trip time was 34.3981 milliseconds in repetition 478
tcp_ping received 32768 bytes back
Round trip time was 30.253 milliseconds in repetition 479
tcp_ping received 32768 bytes back
Round trip time was 29.5132 milliseconds in repetition 480
tcp_ping received 32768 bytes back
Round trip time was 30.0273 milliseconds in repetition 481
tcp_ping received 32768 bytes back
Round trip time was 29.7258 milliseconds in repetition 482
tcp_ping received 32768 bytes back
Round trip time was 29.6423 milliseconds in repetition 483
tcp_ping received 32768 bytes back
Round trip time was 28.778 milliseconds in repetition 484
tcp_ping received 32768 bytes back
Round trip time was 30.9016 milliseconds in repetition 485
tcp_ping received 32768 bytes back
Round trip time was 30.1153 milliseconds in repetition 486
tcp_ping received 32768 bytes back
Round trip time was 30.6505 milliseconds in repetition 487
tcp_ping received 32768 bytes back
Round trip time was 31.915 milliseconds in repetition 488
tcp_ping received 32768 bytes back
Round trip time was 30.6503 milliseconds in repetition 489
tcp_ping received 32768 bytes back
Round trip time was 31.3273 milliseconds in repetition 490
tcp_ping received 32768 bytes back
Round trip time was 28.9648 milliseconds in repetition 491
tcp_ping received 32768 bytes back
Round trip time was 32.5259 milliseconds in repetition 492
tcp_ping received 32768 bytes back
Round trip time was 30.7913 milliseconds in repetition 493
tcp_ping received 32768 bytes back
Round trip time was 31.2837 milliseconds in repetition 494
tcp_ping received 32768 bytes back
Round trip time was 30.1441 milliseconds in repetition 495
tcp_ping received 32768 bytes back
Round trip time was 31.1897 milliseconds in repetition 496
tcp_ping received 32768 bytes back
Round trip time was 29.942 milliseconds in repetition 497
tcp_ping received 32768 bytes back
Round trip time was 31.7164 milliseconds in repetition 498
tcp_ping received 32768 bytes back
Round trip time was 29.4803 milliseconds in repetition 499
tcp_ping received 32768 bytes back
Round trip time was 31.9192 milliseconds in repetition 500
tcp_ping received 32768 bytes back
Round trip time was 31.6931 milliseconds in repetition 501

 ... clock resolution was 1e-06
TCP Ping:  Statistics over 501 repetitions of 32768 byte messages

RTT : percentile 10: 28.9068, median: 29.9695, percentile 90: 33.4754, average: 30.8689, variance: 15.3395

RTT histogram:
28.2923 271
31.8705 185
35.4488 30
39.027 8
42.6052 5
46.1834 0
49.7616 1
53.3398 0
56.918 0
60.4962 0
64.0744 0
67.6527 0
71.2309 0
74.8091 0
78.3873 0
81.9655 0
85.5437 0
89.1219 0
92.7001 0
96.2783 0
99.8565 1

   median Throughput : 2186.75 KB/s   overall Throughput : 2123.05 KB/s

