TCP Ping trying to connect to server seti.dibris.unige.it (130.251.61.30) on port 1491

... connected to Pong server: asking for 501 repetitions of 49152 bytes TCP messages
 ... Pong server agreed :-)
tcp_ping received 49152 bytes back
Round trip time was 135.925 milliseconds in repetition 1
tcp_ping received 49152 bytes back
Round trip time was 35.014 milliseconds in repetition 2
tcp_ping received 49152 bytes back
Round trip time was 29.1605 milliseconds in repetition 3
tcp_ping received 49152 bytes back
Round trip time was 29.6429 milliseconds in repetition 4
tcp_ping received 49152 bytes back
Round trip time was 27.4973 milliseconds in repetition 5
tcp_ping received 49152 bytes back
Round trip time was 28.0087 milliseconds in repetition 6
tcp_ping received 49152 bytes back
Round trip time was 27.2357 milliseconds in repetition 7
tcp_ping received 49152 bytes back
Round trip time was 27.0881 milliseconds in repetition 8
tcp_ping received 49152 bytes back
Round trip time was 27.6717 milliseconds in repetition 9
tcp_ping received 49152 bytes back
Round trip time was 26.7688 milliseconds in repetition 10
tcp_ping received 49152 bytes back
Round trip time was 26.9528 milliseconds in repetition 11
tcp_ping received 49152 bytes back
Round trip time was 28.5317 milliseconds in repetition 12
tcp_ping received 49152 bytes back
Round trip time was 28.0239 milliseconds in repetition 13
tcp_ping received 49152 bytes back
Round trip time was 28.8444 milliseconds in repetition 14
tcp_ping received 49152 bytes back
Round trip time was 27.1947 milliseconds in repetition 15
tcp_ping received 49152 bytes back
Round trip time was 39.2013 milliseconds in repetition 16
tcp_ping received 49152 bytes back
Round trip time was 27.7111 milliseconds in repetition 17
tcp_ping received 49152 bytes back
Round trip time was 27.9312 milliseconds in repetition 18
tcp_ping received 49152 bytes back
Round trip time was 27.5872 milliseconds in repetition 19
tcp_ping received 49152 bytes back
Round trip time was 29.7669 milliseconds in repetition 20
tcp_ping received 49152 bytes back
Round trip time was 26.6936 milliseconds in repetition 21
tcp_ping received 49152 bytes back
Round trip time was 27.6811 milliseconds in repetition 22
tcp_ping received 49152 bytes back
Round trip time was 27.5122 milliseconds in repetition 23
tcp_ping received 49152 bytes back
Round trip time was 27.4588 milliseconds in repetition 24
tcp_ping received 49152 bytes back
Round trip time was 27.4871 milliseconds in repetition 25
tcp_ping received 49152 bytes back
Round trip time was 26.84 milliseconds in repetition 26
tcp_ping received 49152 bytes back
Round trip time was 28.5029 milliseconds in repetition 27
tcp_ping received 49152 bytes back
Round trip time was 27.7399 milliseconds in repetition 28
tcp_ping received 49152 bytes back
Round trip time was 26.8935 milliseconds in repetition 29
tcp_ping received 49152 bytes back
Round trip time was 29.9136 milliseconds in repetition 30
tcp_ping received 49152 bytes back
Round trip time was 27.8716 milliseconds in repetition 31
tcp_ping received 49152 bytes back
Round trip time was 27.8411 milliseconds in repetition 32
tcp_ping received 49152 bytes back
Round trip time was 28.8478 milliseconds in repetition 33
tcp_ping received 49152 bytes back
Round trip time was 27.7758 milliseconds in repetition 34
tcp_ping received 49152 bytes back
Round trip time was 29.7559 milliseconds in repetition 35
tcp_ping received 49152 bytes back
Round trip time was 32.3295 milliseconds in repetition 36
tcp_ping received 49152 bytes back
Round trip time was 31.1344 milliseconds in repetition 37
tcp_ping received 49152 bytes back
Round trip time was 30.44 milliseconds in repetition 38
tcp_ping received 49152 bytes back
Round trip time was 28.0251 milliseconds in repetition 39
tcp_ping received 49152 bytes back
Round trip time was 26.8809 milliseconds in repetition 40
tcp_ping received 49152 bytes back
Round trip time was 27.206 milliseconds in repetition 41
tcp_ping received 49152 bytes back
Round trip time was 27.5936 milliseconds in repetition 42
tcp_ping received 49152 bytes back
Round trip time was 27.0785 milliseconds in repetition 43
tcp_ping received 49152 bytes back
Round trip time was 30.1039 milliseconds in repetition 44
tcp_ping received 49152 bytes back
Round trip time was 28.2764 milliseconds in repetition 45
tcp_ping received 49152 bytes back
Round trip time was 33.2483 milliseconds in repetition 46
tcp_ping received 49152 bytes back
Round trip time was 33.0569 milliseconds in repetition 47
tcp_ping received 49152 bytes back
Round trip time was 29.1566 milliseconds in repetition 48
tcp_ping received 49152 bytes back
Round trip time was 29.7207 milliseconds in repetition 49
tcp_ping received 49152 bytes back
Round trip time was 28.3656 milliseconds in repetition 50
tcp_ping received 49152 bytes back
Round trip time was 26.5732 milliseconds in repetition 51
tcp_ping received 49152 bytes back
Round trip time was 27.672 milliseconds in repetition 52
tcp_ping received 49152 bytes back
Round trip time was 28.2242 milliseconds in repetition 53
tcp_ping received 49152 bytes back
Round trip time was 27.5979 milliseconds in repetition 54
tcp_ping received 49152 bytes back
Round trip time was 26.7181 milliseconds in repetition 55
tcp_ping received 49152 bytes back
Round trip time was 27.9527 milliseconds in repetition 56
tcp_ping received 49152 bytes back
Round trip time was 28.6594 milliseconds in repetition 57
tcp_ping received 49152 bytes back
Round trip time was 27.1901 milliseconds in repetition 58
tcp_ping received 49152 bytes back
Round trip time was 27.3045 milliseconds in repetition 59
tcp_ping received 49152 bytes back
Round trip time was 28.0501 milliseconds in repetition 60
tcp_ping received 49152 bytes back
Round trip time was 27.7371 milliseconds in repetition 61
tcp_ping received 49152 bytes back
Round trip time was 27.0375 milliseconds in repetition 62
tcp_ping received 49152 bytes back
Round trip time was 27.9023 milliseconds in repetition 63
tcp_ping received 49152 bytes back
Round trip time was 27.7953 milliseconds in repetition 64
tcp_ping received 49152 bytes back
Round trip time was 28.9328 milliseconds in repetition 65
tcp_ping received 49152 bytes back
Round trip time was 26.9325 milliseconds in repetition 66
tcp_ping received 49152 bytes back
Round trip time was 27.0449 milliseconds in repetition 67
tcp_ping received 49152 bytes back
Round trip time was 28.0611 milliseconds in repetition 68
tcp_ping received 49152 bytes back
Round trip time was 27.6785 milliseconds in repetition 69
tcp_ping received 49152 bytes back
Round trip time was 29.4283 milliseconds in repetition 70
tcp_ping received 49152 bytes back
Round trip time was 28.5137 milliseconds in repetition 71
tcp_ping received 49152 bytes back
Round trip time was 28.6444 milliseconds in repetition 72
tcp_ping received 49152 bytes back
Round trip time was 27.7273 milliseconds in repetition 73
tcp_ping received 49152 bytes back
Round trip time was 26.9668 milliseconds in repetition 74
tcp_ping received 49152 bytes back
Round trip time was 29.9008 milliseconds in repetition 75
tcp_ping received 49152 bytes back
Round trip time was 27.8514 milliseconds in repetition 76
tcp_ping received 49152 bytes back
Round trip time was 28.5388 milliseconds in repetition 77
tcp_ping received 49152 bytes back
Round trip time was 26.7861 milliseconds in repetition 78
tcp_ping received 49152 bytes back
Round trip time was 26.8387 milliseconds in repetition 79
tcp_ping received 49152 bytes back
Round trip time was 29.1289 milliseconds in repetition 80
tcp_ping received 49152 bytes back
Round trip time was 27.5051 milliseconds in repetition 81
tcp_ping received 49152 bytes back
Round trip time was 27.2653 milliseconds in repetition 82
tcp_ping received 49152 bytes back
Round trip time was 27.5978 milliseconds in repetition 83
tcp_ping received 49152 bytes back
Round trip time was 27.6349 milliseconds in repetition 84
tcp_ping received 49152 bytes back
Round trip time was 27.5282 milliseconds in repetition 85
tcp_ping received 49152 bytes back
Round trip time was 27.0208 milliseconds in repetition 86
tcp_ping received 49152 bytes back
Round trip time was 27.6082 milliseconds in repetition 87
tcp_ping received 49152 bytes back
Round trip time was 30.0621 milliseconds in repetition 88
tcp_ping received 49152 bytes back
Round trip time was 27.9966 milliseconds in repetition 89
tcp_ping received 49152 bytes back
Round trip time was 26.8997 milliseconds in repetition 90
tcp_ping received 49152 bytes back
Round trip time was 27.7318 milliseconds in repetition 91
tcp_ping received 49152 bytes back
Round trip time was 29.6327 milliseconds in repetition 92
tcp_ping received 49152 bytes back
Round trip time was 30.2414 milliseconds in repetition 93
tcp_ping received 49152 bytes back
Round trip time was 30.293 milliseconds in repetition 94
tcp_ping received 49152 bytes back
Round trip time was 26.5985 milliseconds in repetition 95
tcp_ping received 49152 bytes back
Round trip time was 27.352 milliseconds in repetition 96
tcp_ping received 49152 bytes back
Round trip time was 30.2134 milliseconds in repetition 97
tcp_ping received 49152 bytes back
Round trip time was 30.7082 milliseconds in repetition 98
tcp_ping received 49152 bytes back
Round trip time was 27.3139 milliseconds in repetition 99
tcp_ping received 49152 bytes back
Round trip time was 27.1906 milliseconds in repetition 100
tcp_ping received 49152 bytes back
Round trip time was 27.3898 milliseconds in repetition 101
tcp_ping received 49152 bytes back
Round trip time was 27.5365 milliseconds in repetition 102
tcp_ping received 49152 bytes back
Round trip time was 29.1321 milliseconds in repetition 103
tcp_ping received 49152 bytes back
Round trip time was 32.9417 milliseconds in repetition 104
tcp_ping received 49152 bytes back
Round trip time was 43.9991 milliseconds in repetition 105
tcp_ping received 49152 bytes back
Round trip time was 45.8323 milliseconds in repetition 106
tcp_ping received 49152 bytes back
Round trip time was 38.4308 milliseconds in repetition 107
tcp_ping received 49152 bytes back
Round trip time was 30.2689 milliseconds in repetition 108
tcp_ping received 49152 bytes back
Round trip time was 30.588 milliseconds in repetition 109
tcp_ping received 49152 bytes back
Round trip time was 29.3788 milliseconds in repetition 110
tcp_ping received 49152 bytes back
Round trip time was 29.3747 milliseconds in repetition 111
tcp_ping received 49152 bytes back
Round trip time was 32.3545 milliseconds in repetition 112
tcp_ping received 49152 bytes back
Round trip time was 32.597 milliseconds in repetition 113
tcp_ping received 49152 bytes back
Round trip time was 31.9587 milliseconds in repetition 114
tcp_ping received 49152 bytes back
Round trip time was 35.3162 milliseconds in repetition 115
tcp_ping received 49152 bytes back
Round trip time was 30.8616 milliseconds in repetition 116
tcp_ping received 49152 bytes back
Round trip time was 28.6142 milliseconds in repetition 117
tcp_ping received 49152 bytes back
Round trip time was 27.5216 milliseconds in repetition 118
tcp_ping received 49152 bytes back
Round trip time was 28.1787 milliseconds in repetition 119
tcp_ping received 49152 bytes back
Round trip time was 27.1699 milliseconds in repetition 120
tcp_ping received 49152 bytes back
Round trip time was 29.8214 milliseconds in repetition 121
tcp_ping received 49152 bytes back
Round trip time was 31.6453 milliseconds in repetition 122
tcp_ping received 49152 bytes back
Round trip time was 31.74 milliseconds in repetition 123
tcp_ping received 49152 bytes back
Round trip time was 28.1001 milliseconds in repetition 124
tcp_ping received 49152 bytes back
Round trip time was 36.3035 milliseconds in repetition 125
tcp_ping received 49152 bytes back
Round trip time was 32.9665 milliseconds in repetition 126
tcp_ping received 49152 bytes back
Round trip time was 28.457 milliseconds in repetition 127
tcp_ping received 49152 bytes back
Round trip time was 31.1175 milliseconds in repetition 128
tcp_ping received 49152 bytes back
Round trip time was 27.9136 milliseconds in repetition 129
tcp_ping received 49152 bytes back
Round trip time was 30.804 milliseconds in repetition 130
tcp_ping received 49152 bytes back
Round trip time was 28.0908 milliseconds in repetition 131
tcp_ping received 49152 bytes back
Round trip time was 28.1566 milliseconds in repetition 132
tcp_ping received 49152 bytes back
Round trip time was 28.4972 milliseconds in repetition 133
tcp_ping received 49152 bytes back
Round trip time was 31.522 milliseconds in repetition 134
tcp_ping received 49152 bytes back
Round trip time was 31.5145 milliseconds in repetition 135
tcp_ping received 49152 bytes back
Round trip time was 34.104 milliseconds in repetition 136
tcp_ping received 49152 bytes back
Round trip time was 30.5173 milliseconds in repetition 137
tcp_ping received 49152 bytes back
Round trip time was 29.1624 milliseconds in repetition 138
tcp_ping received 49152 bytes back
Round trip time was 27.5235 milliseconds in repetition 139
tcp_ping received 49152 bytes back
Round trip time was 28.611 milliseconds in repetition 140
tcp_ping received 49152 bytes back
Round trip time was 29.8053 milliseconds in repetition 141
tcp_ping received 49152 bytes back
Round trip time was 28.8041 milliseconds in repetition 142
tcp_ping received 49152 bytes back
Round trip time was 27.8407 milliseconds in repetition 143
tcp_ping received 49152 bytes back
Round trip time was 27.0157 milliseconds in repetition 144
tcp_ping received 49152 bytes back
Round trip time was 27.1612 milliseconds in repetition 145
tcp_ping received 49152 bytes back
Round trip time was 28.1019 milliseconds in repetition 146
tcp_ping received 49152 bytes back
Round trip time was 27.976 milliseconds in repetition 147
tcp_ping received 49152 bytes back
Round trip time was 27.8228 milliseconds in repetition 148
tcp_ping received 49152 bytes back
Round trip time was 27.9678 milliseconds in repetition 149
tcp_ping received 49152 bytes back
Round trip time was 30.3627 milliseconds in repetition 150
tcp_ping received 49152 bytes back
Round trip time was 30.7345 milliseconds in repetition 151
tcp_ping received 49152 bytes back
Round trip time was 30.2923 milliseconds in repetition 152
tcp_ping received 49152 bytes back
Round trip time was 29.4169 milliseconds in repetition 153
tcp_ping received 49152 bytes back
Round trip time was 32.6517 milliseconds in repetition 154
tcp_ping received 49152 bytes back
Round trip time was 27.7167 milliseconds in repetition 155
tcp_ping received 49152 bytes back
Round trip time was 28.5074 milliseconds in repetition 156
tcp_ping received 49152 bytes back
Round trip time was 31.8148 milliseconds in repetition 157
tcp_ping received 49152 bytes back
Round trip time was 32.0993 milliseconds in repetition 158
tcp_ping received 49152 bytes back
Round trip time was 28.3711 milliseconds in repetition 159
tcp_ping received 49152 bytes back
Round trip time was 28.3531 milliseconds in repetition 160
tcp_ping received 49152 bytes back
Round trip time was 27.1109 milliseconds in repetition 161
tcp_ping received 49152 bytes back
Round trip time was 27.3391 milliseconds in repetition 162
tcp_ping received 49152 bytes back
Round trip time was 27.7285 milliseconds in repetition 163
tcp_ping received 49152 bytes back
Round trip time was 27.4821 milliseconds in repetition 164
tcp_ping received 49152 bytes back
Round trip time was 28.4129 milliseconds in repetition 165
tcp_ping received 49152 bytes back
Round trip time was 27.0962 milliseconds in repetition 166
tcp_ping received 49152 bytes back
Round trip time was 28.148 milliseconds in repetition 167
tcp_ping received 49152 bytes back
Round trip time was 31.0139 milliseconds in repetition 168
tcp_ping received 49152 bytes back
Round trip time was 30.3342 milliseconds in repetition 169
tcp_ping received 49152 bytes back
Round trip time was 26.9104 milliseconds in repetition 170
tcp_ping received 49152 bytes back
Round trip time was 29.2437 milliseconds in repetition 171
tcp_ping received 49152 bytes back
Round trip time was 28.4536 milliseconds in repetition 172
tcp_ping received 49152 bytes back
Round trip time was 30.7408 milliseconds in repetition 173
tcp_ping received 49152 bytes back
Round trip time was 41.771 milliseconds in repetition 174
tcp_ping received 49152 bytes back
Round trip time was 28.5391 milliseconds in repetition 175
tcp_ping received 49152 bytes back
Round trip time was 27.5034 milliseconds in repetition 176
tcp_ping received 49152 bytes back
Round trip time was 29.4496 milliseconds in repetition 177
tcp_ping received 49152 bytes back
Round trip time was 32.0024 milliseconds in repetition 178
tcp_ping received 49152 bytes back
Round trip time was 31.7054 milliseconds in repetition 179
tcp_ping received 49152 bytes back
Round trip time was 28.0203 milliseconds in repetition 180
tcp_ping received 49152 bytes back
Round trip time was 27.6334 milliseconds in repetition 181
tcp_ping received 49152 bytes back
Round trip time was 28.345 milliseconds in repetition 182
tcp_ping received 49152 bytes back
Round trip time was 28.176 milliseconds in repetition 183
tcp_ping received 49152 bytes back
Round trip time was 27.1862 milliseconds in repetition 184
tcp_ping received 49152 bytes back
Round trip time was 26.7679 milliseconds in repetition 185
tcp_ping received 49152 bytes back
Round trip time was 28.299 milliseconds in repetition 186
tcp_ping received 49152 bytes back
Round trip time was 28.214 milliseconds in repetition 187
tcp_ping received 49152 bytes back
Round trip time was 27.1204 milliseconds in repetition 188
tcp_ping received 49152 bytes back
Round trip time was 27.0695 milliseconds in repetition 189
tcp_ping received 49152 bytes back
Round trip time was 28.1555 milliseconds in repetition 190
tcp_ping received 49152 bytes back
Round trip time was 27.8459 milliseconds in repetition 191
tcp_ping received 49152 bytes back
Round trip time was 27.3275 milliseconds in repetition 192
tcp_ping received 49152 bytes back
Round trip time was 27.4752 milliseconds in repetition 193
tcp_ping received 49152 bytes back
Round trip time was 27.7764 milliseconds in repetition 194
tcp_ping received 49152 bytes back
Round trip time was 27.6249 milliseconds in repetition 195
tcp_ping received 49152 bytes back
Round trip time was 27.0264 milliseconds in repetition 196
tcp_ping received 49152 bytes back
Round trip time was 28.103 milliseconds in repetition 197
tcp_ping received 49152 bytes back
Round trip time was 28.4134 milliseconds in repetition 198
tcp_ping received 49152 bytes back
Round trip time was 27.4802 milliseconds in repetition 199
tcp_ping received 49152 bytes back
Round trip time was 27.3593 milliseconds in repetition 200
tcp_ping received 49152 bytes back
Round trip time was 42.7466 milliseconds in repetition 201
tcp_ping received 49152 bytes back
Round trip time was 27.2073 milliseconds in repetition 202
tcp_ping received 49152 bytes back
Round trip time was 28.28 milliseconds in repetition 203
tcp_ping received 49152 bytes back
Round trip time was 27.6721 milliseconds in repetition 204
tcp_ping received 49152 bytes back
Round trip time was 27.469 milliseconds in repetition 205
tcp_ping received 49152 bytes back
Round trip time was 28.6528 milliseconds in repetition 206
tcp_ping received 49152 bytes back
Round trip time was 26.8874 milliseconds in repetition 207
tcp_ping received 49152 bytes back
Round trip time was 27.2822 milliseconds in repetition 208
tcp_ping received 49152 bytes back
Round trip time was 27.7117 milliseconds in repetition 209
tcp_ping received 49152 bytes back
Round trip time was 26.7341 milliseconds in repetition 210
tcp_ping received 49152 bytes back
Round trip time was 27.2094 milliseconds in repetition 211
tcp_ping received 49152 bytes back
Round trip time was 27.8262 milliseconds in repetition 212
tcp_ping received 49152 bytes back
Round trip time was 27.9137 milliseconds in repetition 213
tcp_ping received 49152 bytes back
Round trip time was 27.1079 milliseconds in repetition 214
tcp_ping received 49152 bytes back
Round trip time was 28.555 milliseconds in repetition 215
tcp_ping received 49152 bytes back
Round trip time was 28.1713 milliseconds in repetition 216
tcp_ping received 49152 bytes back
Round trip time was 27.5985 milliseconds in repetition 217
tcp_ping received 49152 bytes back
Round trip time was 26.6987 milliseconds in repetition 218
tcp_ping received 49152 bytes back
Round trip time was 27.4984 milliseconds in repetition 219
tcp_ping received 49152 bytes back
Round trip time was 29.8094 milliseconds in repetition 220
tcp_ping received 49152 bytes back
Round trip time was 27.565 milliseconds in repetition 221
tcp_ping received 49152 bytes back
Round trip time was 27.5294 milliseconds in repetition 222
tcp_ping received 49152 bytes back
Round trip time was 27.4162 milliseconds in repetition 223
tcp_ping received 49152 bytes back
Round trip time was 30.4287 milliseconds in repetition 224
tcp_ping received 49152 bytes back
Round trip time was 28.471 milliseconds in repetition 225
tcp_ping received 49152 bytes back
Round trip time was 27.073 milliseconds in repetition 226
tcp_ping received 49152 bytes back
Round trip time was 26.9459 milliseconds in repetition 227
tcp_ping received 49152 bytes back
Round trip time was 27.9444 milliseconds in repetition 228
tcp_ping received 49152 bytes back
Round trip time was 27.0329 milliseconds in repetition 229
tcp_ping received 49152 bytes back
Round trip time was 26.304 milliseconds in repetition 230
tcp_ping received 49152 bytes back
Round trip time was 27.534 milliseconds in repetition 231
tcp_ping received 49152 bytes back
Round trip time was 27.9015 milliseconds in repetition 232
tcp_ping received 49152 bytes back
Round trip time was 27.3721 milliseconds in repetition 233
tcp_ping received 49152 bytes back
Round trip time was 26.5284 milliseconds in repetition 234
tcp_ping received 49152 bytes back
Round trip time was 27.46 milliseconds in repetition 235
tcp_ping received 49152 bytes back
Round trip time was 26.3048 milliseconds in repetition 236
tcp_ping received 49152 bytes back
Round trip time was 26.346 milliseconds in repetition 237
tcp_ping received 49152 bytes back
Round trip time was 31.7026 milliseconds in repetition 238
tcp_ping received 49152 bytes back
Round trip time was 27.8873 milliseconds in repetition 239
tcp_ping received 49152 bytes back
Round trip time was 30.9708 milliseconds in repetition 240
tcp_ping received 49152 bytes back
Round trip time was 32.7534 milliseconds in repetition 241
tcp_ping received 49152 bytes back
Round trip time was 27.7895 milliseconds in repetition 242
tcp_ping received 49152 bytes back
Round trip time was 27.6335 milliseconds in repetition 243
tcp_ping received 49152 bytes back
Round trip time was 27.9317 milliseconds in repetition 244
tcp_ping received 49152 bytes back
Round trip time was 27.7846 milliseconds in repetition 245
tcp_ping received 49152 bytes back
Round trip time was 28.365 milliseconds in repetition 246
tcp_ping received 49152 bytes back
Round trip time was 27.3996 milliseconds in repetition 247
tcp_ping received 49152 bytes back
Round trip time was 29.2253 milliseconds in repetition 248
tcp_ping received 49152 bytes back
Round trip time was 28.7532 milliseconds in repetition 249
tcp_ping received 49152 bytes back
Round trip time was 27.8602 milliseconds in repetition 250
tcp_ping received 49152 bytes back
Round trip time was 27.2939 milliseconds in repetition 251
tcp_ping received 49152 bytes back
Round trip time was 27.5948 milliseconds in repetition 252
tcp_ping received 49152 bytes back
Round trip time was 29.0705 milliseconds in repetition 253
tcp_ping received 49152 bytes back
Round trip time was 27.3631 milliseconds in repetition 254
tcp_ping received 49152 bytes back
Round trip time was 27.255 milliseconds in repetition 255
tcp_ping received 49152 bytes back
Round trip time was 27.763 milliseconds in repetition 256
tcp_ping received 49152 bytes back
Round trip time was 28.2796 milliseconds in repetition 257
tcp_ping received 49152 bytes back
Round trip time was 27.0313 milliseconds in repetition 258
tcp_ping received 49152 bytes back
Round trip time was 27.0934 milliseconds in repetition 259
tcp_ping received 49152 bytes back
Round trip time was 27.7622 milliseconds in repetition 260
tcp_ping received 49152 bytes back
Round trip time was 27.0712 milliseconds in repetition 261
tcp_ping received 49152 bytes back
Round trip time was 30.2519 milliseconds in repetition 262
tcp_ping received 49152 bytes back
Round trip time was 27.6985 milliseconds in repetition 263
tcp_ping received 49152 bytes back
Round trip time was 27.6467 milliseconds in repetition 264
tcp_ping received 49152 bytes back
Round trip time was 27.5165 milliseconds in repetition 265
tcp_ping received 49152 bytes back
Round trip time was 27.1322 milliseconds in repetition 266
tcp_ping received 49152 bytes back
Round trip time was 28.2628 milliseconds in repetition 267
tcp_ping received 49152 bytes back
Round trip time was 27.6139 milliseconds in repetition 268
tcp_ping received 49152 bytes back
Round trip time was 29.1246 milliseconds in repetition 269
tcp_ping received 49152 bytes back
Round trip time was 30.4166 milliseconds in repetition 270
tcp_ping received 49152 bytes back
Round trip time was 29.0362 milliseconds in repetition 271
tcp_ping received 49152 bytes back
Round trip time was 27.2187 milliseconds in repetition 272
tcp_ping received 49152 bytes back
Round trip time was 31.0427 milliseconds in repetition 273
tcp_ping received 49152 bytes back
Round trip time was 28.3204 milliseconds in repetition 274
tcp_ping received 49152 bytes back
Round trip time was 27.7539 milliseconds in repetition 275
tcp_ping received 49152 bytes back
Round trip time was 32.6647 milliseconds in repetition 276
tcp_ping received 49152 bytes back
Round trip time was 26.949 milliseconds in repetition 277
tcp_ping received 49152 bytes back
Round trip time was 27.5647 milliseconds in repetition 278
tcp_ping received 49152 bytes back
Round trip time was 27.9961 milliseconds in repetition 279
tcp_ping received 49152 bytes back
Round trip time was 26.5421 milliseconds in repetition 280
tcp_ping received 49152 bytes back
Round trip time was 27.3575 milliseconds in repetition 281
tcp_ping received 49152 bytes back
Round trip time was 27.126 milliseconds in repetition 282
tcp_ping received 49152 bytes back
Round trip time was 28.0057 milliseconds in repetition 283
tcp_ping received 49152 bytes back
Round trip time was 27.1274 milliseconds in repetition 284
tcp_ping received 49152 bytes back
Round trip time was 27.1139 milliseconds in repetition 285
tcp_ping received 49152 bytes back
Round trip time was 27.2654 milliseconds in repetition 286
tcp_ping received 49152 bytes back
Round trip time was 26.9409 milliseconds in repetition 287
tcp_ping received 49152 bytes back
Round trip time was 27.7612 milliseconds in repetition 288
tcp_ping received 49152 bytes back
Round trip time was 27.2569 milliseconds in repetition 289
tcp_ping received 49152 bytes back
Round trip time was 27.3262 milliseconds in repetition 290
tcp_ping received 49152 bytes back
Round trip time was 27.2921 milliseconds in repetition 291
tcp_ping received 49152 bytes back
Round trip time was 27.7133 milliseconds in repetition 292
tcp_ping received 49152 bytes back
Round trip time was 27.318 milliseconds in repetition 293
tcp_ping received 49152 bytes back
Round trip time was 27.4993 milliseconds in repetition 294
tcp_ping received 49152 bytes back
Round trip time was 27.0868 milliseconds in repetition 295
tcp_ping received 49152 bytes back
Round trip time was 27.2986 milliseconds in repetition 296
tcp_ping received 49152 bytes back
Round trip time was 26.3564 milliseconds in repetition 297
tcp_ping received 49152 bytes back
Round trip time was 26.9927 milliseconds in repetition 298
tcp_ping received 49152 bytes back
Round trip time was 27.1951 milliseconds in repetition 299
tcp_ping received 49152 bytes back
Round trip time was 27.0274 milliseconds in repetition 300
tcp_ping received 49152 bytes back
Round trip time was 26.6721 milliseconds in repetition 301
tcp_ping received 49152 bytes back
Round trip time was 30.9598 milliseconds in repetition 302
tcp_ping received 49152 bytes back
Round trip time was 32.4857 milliseconds in repetition 303
tcp_ping received 49152 bytes back
Round trip time was 31.0073 milliseconds in repetition 304
tcp_ping received 49152 bytes back
Round trip time was 31.5551 milliseconds in repetition 305
tcp_ping received 49152 bytes back
Round trip time was 29.0217 milliseconds in repetition 306
tcp_ping received 49152 bytes back
Round trip time was 35.8148 milliseconds in repetition 307
tcp_ping received 49152 bytes back
Round trip time was 37.5789 milliseconds in repetition 308
tcp_ping received 49152 bytes back
Round trip time was 30.5306 milliseconds in repetition 309
tcp_ping received 49152 bytes back
Round trip time was 28.1532 milliseconds in repetition 310
tcp_ping received 49152 bytes back
Round trip time was 29.4875 milliseconds in repetition 311
tcp_ping received 49152 bytes back
Round trip time was 28.7455 milliseconds in repetition 312
tcp_ping received 49152 bytes back
Round trip time was 27.8627 milliseconds in repetition 313
tcp_ping received 49152 bytes back
Round trip time was 32.2728 milliseconds in repetition 314
tcp_ping received 49152 bytes back
Round trip time was 29.6299 milliseconds in repetition 315
tcp_ping received 49152 bytes back
Round trip time was 28.4063 milliseconds in repetition 316
tcp_ping received 49152 bytes back
Round trip time was 29.0638 milliseconds in repetition 317
tcp_ping received 49152 bytes back
Round trip time was 28.6001 milliseconds in repetition 318
tcp_ping received 49152 bytes back
Round trip time was 28.1192 milliseconds in repetition 319
tcp_ping received 49152 bytes back
Round trip time was 28.0634 milliseconds in repetition 320
tcp_ping received 49152 bytes back
Round trip time was 28.955 milliseconds in repetition 321
tcp_ping received 49152 bytes back
Round trip time was 28.3835 milliseconds in repetition 322
tcp_ping received 49152 bytes back
Round trip time was 27.7924 milliseconds in repetition 323
tcp_ping received 49152 bytes back
Round trip time was 27.8314 milliseconds in repetition 324
tcp_ping received 49152 bytes back
Round trip time was 28.2366 milliseconds in repetition 325
tcp_ping received 49152 bytes back
Round trip time was 28.5501 milliseconds in repetition 326
tcp_ping received 49152 bytes back
Round trip time was 33.6467 milliseconds in repetition 327
tcp_ping received 49152 bytes back
Round trip time was 28.5228 milliseconds in repetition 328
tcp_ping received 49152 bytes back
Round trip time was 28.963 milliseconds in repetition 329
tcp_ping received 49152 bytes back
Round trip time was 27.0123 milliseconds in repetition 330
tcp_ping received 49152 bytes back
Round trip time was 28.1614 milliseconds in repetition 331
tcp_ping received 49152 bytes back
Round trip time was 28.7068 milliseconds in repetition 332
tcp_ping received 49152 bytes back
Round trip time was 29.4149 milliseconds in repetition 333
tcp_ping received 49152 bytes back
Round trip time was 27.8962 milliseconds in repetition 334
tcp_ping received 49152 bytes back
Round trip time was 27.6222 milliseconds in repetition 335
tcp_ping received 49152 bytes back
Round trip time was 28.0644 milliseconds in repetition 336
tcp_ping received 49152 bytes back
Round trip time was 28.8529 milliseconds in repetition 337
tcp_ping received 49152 bytes back
Round trip time was 27.6561 milliseconds in repetition 338
tcp_ping received 49152 bytes back
Round trip time was 27.3782 milliseconds in repetition 339
tcp_ping received 49152 bytes back
Round trip time was 30.8708 milliseconds in repetition 340
tcp_ping received 49152 bytes back
Round trip time was 28.4684 milliseconds in repetition 341
tcp_ping received 49152 bytes back
Round trip time was 28.4107 milliseconds in repetition 342
tcp_ping received 49152 bytes back
Round trip time was 27.6495 milliseconds in repetition 343
tcp_ping received 49152 bytes back
Round trip time was 27.6503 milliseconds in repetition 344
tcp_ping received 49152 bytes back
Round trip time was 28.3431 milliseconds in repetition 345
tcp_ping received 49152 bytes back
Round trip time was 28.0179 milliseconds in repetition 346
tcp_ping received 49152 bytes back
Round trip time was 27.69 milliseconds in repetition 347
tcp_ping received 49152 bytes back
Round trip time was 28.4544 milliseconds in repetition 348
tcp_ping received 49152 bytes back
Round trip time was 27.8856 milliseconds in repetition 349
tcp_ping received 49152 bytes back
Round trip time was 28.004 milliseconds in repetition 350
tcp_ping received 49152 bytes back
Round trip time was 27.2717 milliseconds in repetition 351
tcp_ping received 49152 bytes back
Round trip time was 29.9354 milliseconds in repetition 352
tcp_ping received 49152 bytes back
Round trip time was 29.6329 milliseconds in repetition 353
tcp_ping received 49152 bytes back
Round trip time was 28.6107 milliseconds in repetition 354
tcp_ping received 49152 bytes back
Round trip time was 28.8257 milliseconds in repetition 355
tcp_ping received 49152 bytes back
Round trip time was 28.006 milliseconds in repetition 356
tcp_ping received 49152 bytes back
Round trip time was 27.5784 milliseconds in repetition 357
tcp_ping received 49152 bytes back
Round trip time was 28.0918 milliseconds in repetition 358
tcp_ping received 49152 bytes back
Round trip time was 28.0335 milliseconds in repetition 359
tcp_ping received 49152 bytes back
Round trip time was 27.5528 milliseconds in repetition 360
tcp_ping received 49152 bytes back
Round trip time was 28.1768 milliseconds in repetition 361
tcp_ping received 49152 bytes back
Round trip time was 28.7568 milliseconds in repetition 362
tcp_ping received 49152 bytes back
Round trip time was 28.0726 milliseconds in repetition 363
tcp_ping received 49152 bytes back
Round trip time was 29.3747 milliseconds in repetition 364
tcp_ping received 49152 bytes back
Round trip time was 27.9907 milliseconds in repetition 365
tcp_ping received 49152 bytes back
Round trip time was 27.4751 milliseconds in repetition 366
tcp_ping received 49152 bytes back
Round trip time was 28.0609 milliseconds in repetition 367
tcp_ping received 49152 bytes back
Round trip time was 28.0777 milliseconds in repetition 368
tcp_ping received 49152 bytes back
Round trip time was 27.4031 milliseconds in repetition 369
tcp_ping received 49152 bytes back
Round trip time was 27.8673 milliseconds in repetition 370
tcp_ping received 49152 bytes back
Round trip time was 28.549 milliseconds in repetition 371
tcp_ping received 49152 bytes back
Round trip time was 28.3855 milliseconds in repetition 372
tcp_ping received 49152 bytes back
Round trip time was 26.7502 milliseconds in repetition 373
tcp_ping received 49152 bytes back
Round trip time was 27.5266 milliseconds in repetition 374
tcp_ping received 49152 bytes back
Round trip time was 27.4128 milliseconds in repetition 375
tcp_ping received 49152 bytes back
Round trip time was 26.5513 milliseconds in repetition 376
tcp_ping received 49152 bytes back
Round trip time was 27.0368 milliseconds in repetition 377
tcp_ping received 49152 bytes back
Round trip time was 27.2865 milliseconds in repetition 378
tcp_ping received 49152 bytes back
Round trip time was 26.8163 milliseconds in repetition 379
tcp_ping received 49152 bytes back
Round trip time was 27.4195 milliseconds in repetition 380
tcp_ping received 49152 bytes back
Round trip time was 27.2892 milliseconds in repetition 381
tcp_ping received 49152 bytes back
Round trip time was 27.6609 milliseconds in repetition 382
tcp_ping received 49152 bytes back
Round trip time was 27.0389 milliseconds in repetition 383
tcp_ping received 49152 bytes back
Round trip time was 30.7085 milliseconds in repetition 384
tcp_ping received 49152 bytes back
Round trip time was 27.4742 milliseconds in repetition 385
tcp_ping received 49152 bytes back
Round trip time was 34.1633 milliseconds in repetition 386
tcp_ping received 49152 bytes back
Round trip time was 29.0179 milliseconds in repetition 387
tcp_ping received 49152 bytes back
Round trip time was 27.4144 milliseconds in repetition 388
tcp_ping received 49152 bytes back
Round trip time was 26.1311 milliseconds in repetition 389
tcp_ping received 49152 bytes back
Round trip time was 27.7785 milliseconds in repetition 390
tcp_ping received 49152 bytes back
Round trip time was 27.9453 milliseconds in repetition 391
tcp_ping received 49152 bytes back
Round trip time was 27.161 milliseconds in repetition 392
tcp_ping received 49152 bytes back
Round trip time was 27.7925 milliseconds in repetition 393
tcp_ping received 49152 bytes back
Round trip time was 28.0328 milliseconds in repetition 394
tcp_ping received 49152 bytes back
Round trip time was 29.1209 milliseconds in repetition 395
tcp_ping received 49152 bytes back
Round trip time was 26.7615 milliseconds in repetition 396
tcp_ping received 49152 bytes back
Round trip time was 28.1829 milliseconds in repetition 397
tcp_ping received 49152 bytes back
Round trip time was 27.8873 milliseconds in repetition 398
tcp_ping received 49152 bytes back
Round trip time was 27.4232 milliseconds in repetition 399
tcp_ping received 49152 bytes back
Round trip time was 29.5303 milliseconds in repetition 400
tcp_ping received 49152 bytes back
Round trip time was 26.5223 milliseconds in repetition 401
tcp_ping received 49152 bytes back
Round trip time was 27.431 milliseconds in repetition 402
tcp_ping received 49152 bytes back
Round trip time was 28.2133 milliseconds in repetition 403
tcp_ping received 49152 bytes back
Round trip time was 30.2462 milliseconds in repetition 404
tcp_ping received 49152 bytes back
Round trip time was 26.5589 milliseconds in repetition 405
tcp_ping received 49152 bytes back
Round trip time was 29.0818 milliseconds in repetition 406
tcp_ping received 49152 bytes back
Round trip time was 31.0998 milliseconds in repetition 407
tcp_ping received 49152 bytes back
Round trip time was 31.0084 milliseconds in repetition 408
tcp_ping received 49152 bytes back
Round trip time was 36.8192 milliseconds in repetition 409
tcp_ping received 49152 bytes back
Round trip time was 30.6783 milliseconds in repetition 410
tcp_ping received 49152 bytes back
Round trip time was 28.7772 milliseconds in repetition 411
tcp_ping received 49152 bytes back
Round trip time was 28.8603 milliseconds in repetition 412
tcp_ping received 49152 bytes back
Round trip time was 27.7201 milliseconds in repetition 413
tcp_ping received 49152 bytes back
Round trip time was 27.2269 milliseconds in repetition 414
tcp_ping received 49152 bytes back
Round trip time was 27.5547 milliseconds in repetition 415
tcp_ping received 49152 bytes back
Round trip time was 27.469 milliseconds in repetition 416
tcp_ping received 49152 bytes back
Round trip time was 29.8274 milliseconds in repetition 417
tcp_ping received 49152 bytes back
Round trip time was 28.6557 milliseconds in repetition 418
tcp_ping received 49152 bytes back
Round trip time was 27.4109 milliseconds in repetition 419
tcp_ping received 49152 bytes back
Round trip time was 28.4654 milliseconds in repetition 420
tcp_ping received 49152 bytes back
Round trip time was 27.9596 milliseconds in repetition 421
tcp_ping received 49152 bytes back
Round trip time was 27.0032 milliseconds in repetition 422
tcp_ping received 49152 bytes back
Round trip time was 27.4882 milliseconds in repetition 423
tcp_ping received 49152 bytes back
Round trip time was 27.9298 milliseconds in repetition 424
tcp_ping received 49152 bytes back
Round trip time was 27.624 milliseconds in repetition 425
tcp_ping received 49152 bytes back
Round trip time was 28.2787 milliseconds in repetition 426
tcp_ping received 49152 bytes back
Round trip time was 27.2127 milliseconds in repetition 427
tcp_ping received 49152 bytes back
Round trip time was 30.2083 milliseconds in repetition 428
tcp_ping received 49152 bytes back
Round trip time was 26.5781 milliseconds in repetition 429
tcp_ping received 49152 bytes back
Round trip time was 27.1687 milliseconds in repetition 430
tcp_ping received 49152 bytes back
Round trip time was 27.587 milliseconds in repetition 431
tcp_ping received 49152 bytes back
Round trip time was 27.1495 milliseconds in repetition 432
tcp_ping received 49152 bytes back
Round trip time was 26.4642 milliseconds in repetition 433
tcp_ping received 49152 bytes back
Round trip time was 27.4804 milliseconds in repetition 434
tcp_ping received 49152 bytes back
Round trip time was 27.529 milliseconds in repetition 435
tcp_ping received 49152 bytes back
Round trip time was 26.5757 milliseconds in repetition 436
tcp_ping received 49152 bytes back
Round trip time was 26.6759 milliseconds in repetition 437
tcp_ping received 49152 bytes back
Round trip time was 27.9347 milliseconds in repetition 438
tcp_ping received 49152 bytes back
Round trip time was 27.2958 milliseconds in repetition 439
tcp_ping received 49152 bytes back
Round trip time was 27.5382 milliseconds in repetition 440
tcp_ping received 49152 bytes back
Round trip time was 27.4828 milliseconds in repetition 441
tcp_ping received 49152 bytes back
Round trip time was 27.5057 milliseconds in repetition 442
tcp_ping received 49152 bytes back
Round trip time was 32.2689 milliseconds in repetition 443
tcp_ping received 49152 bytes back
Round trip time was 28.3511 milliseconds in repetition 444
tcp_ping received 49152 bytes back
Round trip time was 26.9431 milliseconds in repetition 445
tcp_ping received 49152 bytes back
Round trip time was 29.4234 milliseconds in repetition 446
tcp_ping received 49152 bytes back
Round trip time was 29.3089 milliseconds in repetition 447
tcp_ping received 49152 bytes back
Round trip time was 28.5556 milliseconds in repetition 448
tcp_ping received 49152 bytes back
Round trip time was 27.4066 milliseconds in repetition 449
tcp_ping received 49152 bytes back
Round trip time was 27.8552 milliseconds in repetition 450
tcp_ping received 49152 bytes back
Round trip time was 27.8652 milliseconds in repetition 451
tcp_ping received 49152 bytes back
Round trip time was 26.99 milliseconds in repetition 452
tcp_ping received 49152 bytes back
Round trip time was 27.7894 milliseconds in repetition 453
tcp_ping received 49152 bytes back
Round trip time was 37.9752 milliseconds in repetition 454
tcp_ping received 49152 bytes back
Round trip time was 26.926 milliseconds in repetition 455
tcp_ping received 49152 bytes back
Round trip time was 27.1091 milliseconds in repetition 456
tcp_ping received 49152 bytes back
Round trip time was 31.2012 milliseconds in repetition 457
tcp_ping received 49152 bytes back
Round trip time was 27.7321 milliseconds in repetition 458
tcp_ping received 49152 bytes back
Round trip time was 27.1111 milliseconds in repetition 459
tcp_ping received 49152 bytes back
Round trip time was 28.9876 milliseconds in repetition 460
tcp_ping received 49152 bytes back
Round trip time was 27.3051 milliseconds in repetition 461
tcp_ping received 49152 bytes back
Round trip time was 28.3484 milliseconds in repetition 462
tcp_ping received 49152 bytes back
Round trip time was 31.6715 milliseconds in repetition 463
tcp_ping received 49152 bytes back
Round trip time was 26.6656 milliseconds in repetition 464
tcp_ping received 49152 bytes back
Round trip time was 26.806 milliseconds in repetition 465
tcp_ping received 49152 bytes back
Round trip time was 31.3851 milliseconds in repetition 466
tcp_ping received 49152 bytes back
Round trip time was 29.2703 milliseconds in repetition 467
tcp_ping received 49152 bytes back
Round trip time was 27.7477 milliseconds in repetition 468
tcp_ping received 49152 bytes back
Round trip time was 27.2301 milliseconds in repetition 469
tcp_ping received 49152 bytes back
Round trip time was 27.977 milliseconds in repetition 470
tcp_ping received 49152 bytes back
Round trip time was 28.4411 milliseconds in repetition 471
tcp_ping received 49152 bytes back
Round trip time was 27.9389 milliseconds in repetition 472
tcp_ping received 49152 bytes back
Round trip time was 28.3016 milliseconds in repetition 473
tcp_ping received 49152 bytes back
Round trip time was 28.1468 milliseconds in repetition 474
tcp_ping received 49152 bytes back
Round trip time was 32.6971 milliseconds in repetition 475
tcp_ping received 49152 bytes back
Round trip time was 28.1848 milliseconds in repetition 476
tcp_ping received 49152 bytes back
Round trip time was 28.1971 milliseconds in repetition 477
tcp_ping received 49152 bytes back
Round trip time was 27.019 milliseconds in repetition 478
tcp_ping received 49152 bytes back
Round trip time was 27.8092 milliseconds in repetition 479
tcp_ping received 49152 bytes back
Round trip time was 27.6 milliseconds in repetition 480
tcp_ping received 49152 bytes back
Round trip time was 29.5124 milliseconds in repetition 481
tcp_ping received 49152 bytes back
Round trip time was 27.8683 milliseconds in repetition 482
tcp_ping received 49152 bytes back
Round trip time was 27.4575 milliseconds in repetition 483
tcp_ping received 49152 bytes back
Round trip time was 28.2622 milliseconds in repetition 484
tcp_ping received 49152 bytes back
Round trip time was 27.639 milliseconds in repetition 485
tcp_ping received 49152 bytes back
Round trip time was 28.4193 milliseconds in repetition 486
tcp_ping received 49152 bytes back
Round trip time was 27.8274 milliseconds in repetition 487
tcp_ping received 49152 bytes back
Round trip time was 28.201 milliseconds in repetition 488
tcp_ping received 49152 bytes back
Round trip time was 27.5477 milliseconds in repetition 489
tcp_ping received 49152 bytes back
Round trip time was 27.5267 milliseconds in repetition 490
tcp_ping received 49152 bytes back
Round trip time was 27.5887 milliseconds in repetition 491
tcp_ping received 49152 bytes back
Round trip time was 28.2924 milliseconds in repetition 492
tcp_ping received 49152 bytes back
Round trip time was 27.7501 milliseconds in repetition 493
tcp_ping received 49152 bytes back
Round trip time was 27.3421 milliseconds in repetition 494
tcp_ping received 49152 bytes back
Round trip time was 27.3303 milliseconds in repetition 495
tcp_ping received 49152 bytes back
Round trip time was 28.1544 milliseconds in repetition 496
tcp_ping received 49152 bytes back
Round trip time was 27.4723 milliseconds in repetition 497
tcp_ping received 49152 bytes back
Round trip time was 27.6015 milliseconds in repetition 498
tcp_ping received 49152 bytes back
Round trip time was 28.6718 milliseconds in repetition 499
tcp_ping received 49152 bytes back
Round trip time was 28.1287 milliseconds in repetition 500
tcp_ping received 49152 bytes back
Round trip time was 27.2947 milliseconds in repetition 501

 ... clock resolution was 1e-06
TCP Ping:  Statistics over 501 repetitions of 49152 byte messages

RTT : percentile 10: 27.0208, median: 27.9023, percentile 90: 31.0084, average: 28.8178, variance: 28.2701

RTT histogram:
26.1311 375
31.6208 112
37.1105 9
42.6002 3
48.0899 1
53.5796 0
59.0694 0
64.5591 0
70.0488 0
75.5385 0
81.0282 0
86.5179 0
92.0076 0
97.4973 0
102.987 0
108.477 0
113.966 0
119.456 0
124.946 0
130.436 0
135.925 1

   median Throughput : 3523.14 KB/s   overall Throughput : 3411.22 KB/s

