TCP Ping trying to connect to server seti.dibris.unige.it (130.251.61.30) on port 1491

... connected to Pong server: asking for 501 repetitions of 256 bytes TCP messages
 ... Pong server agreed :-)
tcp_ping received 256 bytes back
Round trip time was 28.011 milliseconds in repetition 1
tcp_ping received 256 bytes back
Round trip time was 23.5962 milliseconds in repetition 2
tcp_ping received 256 bytes back
Round trip time was 24.6864 milliseconds in repetition 3
tcp_ping received 256 bytes back
Round trip time was 23.6467 milliseconds in repetition 4
tcp_ping received 256 bytes back
Round trip time was 24.7801 milliseconds in repetition 5
tcp_ping received 256 bytes back
Round trip time was 23.8355 milliseconds in repetition 6
tcp_ping received 256 bytes back
Round trip time was 23.656 milliseconds in repetition 7
tcp_ping received 256 bytes back
Round trip time was 23.9757 milliseconds in repetition 8
tcp_ping received 256 bytes back
Round trip time was 23.6161 milliseconds in repetition 9
tcp_ping received 256 bytes back
Round trip time was 24.1006 milliseconds in repetition 10
tcp_ping received 256 bytes back
Round trip time was 23.2736 milliseconds in repetition 11
tcp_ping received 256 bytes back
Round trip time was 23.4373 milliseconds in repetition 12
tcp_ping received 256 bytes back
Round trip time was 23.1714 milliseconds in repetition 13
tcp_ping received 256 bytes back
Round trip time was 23.1432 milliseconds in repetition 14
tcp_ping received 256 bytes back
Round trip time was 23.3026 milliseconds in repetition 15
tcp_ping received 256 bytes back
Round trip time was 23.0451 milliseconds in repetition 16
tcp_ping received 256 bytes back
Round trip time was 23.1534 milliseconds in repetition 17
tcp_ping received 256 bytes back
Round trip time was 23.2836 milliseconds in repetition 18
tcp_ping received 256 bytes back
Round trip time was 23.0124 milliseconds in repetition 19
tcp_ping received 256 bytes back
Round trip time was 24.4615 milliseconds in repetition 20
tcp_ping received 256 bytes back
Round trip time was 23.932 milliseconds in repetition 21
tcp_ping received 256 bytes back
Round trip time was 23.613 milliseconds in repetition 22
tcp_ping received 256 bytes back
Round trip time was 24.2731 milliseconds in repetition 23
tcp_ping received 256 bytes back
Round trip time was 26.5151 milliseconds in repetition 24
tcp_ping received 256 bytes back
Round trip time was 23.3737 milliseconds in repetition 25
tcp_ping received 256 bytes back
Round trip time was 24.0973 milliseconds in repetition 26
tcp_ping received 256 bytes back
Round trip time was 23.2647 milliseconds in repetition 27
tcp_ping received 256 bytes back
Round trip time was 22.7969 milliseconds in repetition 28
tcp_ping received 256 bytes back
Round trip time was 23.8194 milliseconds in repetition 29
tcp_ping received 256 bytes back
Round trip time was 23.4516 milliseconds in repetition 30
tcp_ping received 256 bytes back
Round trip time was 23.599 milliseconds in repetition 31
tcp_ping received 256 bytes back
Round trip time was 24.3415 milliseconds in repetition 32
tcp_ping received 256 bytes back
Round trip time was 23.4244 milliseconds in repetition 33
tcp_ping received 256 bytes back
Round trip time was 23.4123 milliseconds in repetition 34
tcp_ping received 256 bytes back
Round trip time was 22.7699 milliseconds in repetition 35
tcp_ping received 256 bytes back
Round trip time was 22.6689 milliseconds in repetition 36
tcp_ping received 256 bytes back
Round trip time was 22.6695 milliseconds in repetition 37
tcp_ping received 256 bytes back
Round trip time was 23.127 milliseconds in repetition 38
tcp_ping received 256 bytes back
Round trip time was 22.8678 milliseconds in repetition 39
tcp_ping received 256 bytes back
Round trip time was 27.2269 milliseconds in repetition 40
tcp_ping received 256 bytes back
Round trip time was 22.6619 milliseconds in repetition 41
tcp_ping received 256 bytes back
Round trip time was 22.497 milliseconds in repetition 42
tcp_ping received 256 bytes back
Round trip time was 22.9076 milliseconds in repetition 43
tcp_ping received 256 bytes back
Round trip time was 23.5242 milliseconds in repetition 44
tcp_ping received 256 bytes back
Round trip time was 23.5903 milliseconds in repetition 45
tcp_ping received 256 bytes back
Round trip time was 24.5291 milliseconds in repetition 46
tcp_ping received 256 bytes back
Round trip time was 23.1864 milliseconds in repetition 47
tcp_ping received 256 bytes back
Round trip time was 22.8236 milliseconds in repetition 48
tcp_ping received 256 bytes back
Round trip time was 22.7413 milliseconds in repetition 49
tcp_ping received 256 bytes back
Round trip time was 27.1716 milliseconds in repetition 50
tcp_ping received 256 bytes back
Round trip time was 22.7452 milliseconds in repetition 51
tcp_ping received 256 bytes back
Round trip time was 22.9652 milliseconds in repetition 52
tcp_ping received 256 bytes back
Round trip time was 22.2614 milliseconds in repetition 53
tcp_ping received 256 bytes back
Round trip time was 22.4113 milliseconds in repetition 54
tcp_ping received 256 bytes back
Round trip time was 22.9862 milliseconds in repetition 55
tcp_ping received 256 bytes back
Round trip time was 22.661 milliseconds in repetition 56
tcp_ping received 256 bytes back
Round trip time was 22.8554 milliseconds in repetition 57
tcp_ping received 256 bytes back
Round trip time was 22.5936 milliseconds in repetition 58
tcp_ping received 256 bytes back
Round trip time was 22.4054 milliseconds in repetition 59
tcp_ping received 256 bytes back
Round trip time was 22.3519 milliseconds in repetition 60
tcp_ping received 256 bytes back
Round trip time was 22.2 milliseconds in repetition 61
tcp_ping received 256 bytes back
Round trip time was 22.3519 milliseconds in repetition 62
tcp_ping received 256 bytes back
Round trip time was 22.1699 milliseconds in repetition 63
tcp_ping received 256 bytes back
Round trip time was 23.3211 milliseconds in repetition 64
tcp_ping received 256 bytes back
Round trip time was 23.3896 milliseconds in repetition 65
tcp_ping received 256 bytes back
Round trip time was 24.2626 milliseconds in repetition 66
tcp_ping received 256 bytes back
Round trip time was 22.7616 milliseconds in repetition 67
tcp_ping received 256 bytes back
Round trip time was 23.3612 milliseconds in repetition 68
tcp_ping received 256 bytes back
Round trip time was 22.2026 milliseconds in repetition 69
tcp_ping received 256 bytes back
Round trip time was 22.7248 milliseconds in repetition 70
tcp_ping received 256 bytes back
Round trip time was 22.7245 milliseconds in repetition 71
tcp_ping received 256 bytes back
Round trip time was 22.5313 milliseconds in repetition 72
tcp_ping received 256 bytes back
Round trip time was 26.9267 milliseconds in repetition 73
tcp_ping received 256 bytes back
Round trip time was 22.4473 milliseconds in repetition 74
tcp_ping received 256 bytes back
Round trip time was 22.7318 milliseconds in repetition 75
tcp_ping received 256 bytes back
Round trip time was 22.8606 milliseconds in repetition 76
tcp_ping received 256 bytes back
Round trip time was 23.2445 milliseconds in repetition 77
tcp_ping received 256 bytes back
Round trip time was 22.923 milliseconds in repetition 78
tcp_ping received 256 bytes back
Round trip time was 23.2232 milliseconds in repetition 79
tcp_ping received 256 bytes back
Round trip time was 23.3402 milliseconds in repetition 80
tcp_ping received 256 bytes back
Round trip time was 22.6691 milliseconds in repetition 81
tcp_ping received 256 bytes back
Round trip time was 28.9915 milliseconds in repetition 82
tcp_ping received 256 bytes back
Round trip time was 23.1236 milliseconds in repetition 83
tcp_ping received 256 bytes back
Round trip time was 23.2862 milliseconds in repetition 84
tcp_ping received 256 bytes back
Round trip time was 22.3948 milliseconds in repetition 85
tcp_ping received 256 bytes back
Round trip time was 23.1036 milliseconds in repetition 86
tcp_ping received 256 bytes back
Round trip time was 23.1199 milliseconds in repetition 87
tcp_ping received 256 bytes back
Round trip time was 22.4872 milliseconds in repetition 88
tcp_ping received 256 bytes back
Round trip time was 22.6143 milliseconds in repetition 89
tcp_ping received 256 bytes back
Round trip time was 22.8261 milliseconds in repetition 90
tcp_ping received 256 bytes back
Round trip time was 24.4254 milliseconds in repetition 91
tcp_ping received 256 bytes back
Round trip time was 22.5524 milliseconds in repetition 92
tcp_ping received 256 bytes back
Round trip time was 22.5357 milliseconds in repetition 93
tcp_ping received 256 bytes back
Round trip time was 24.0928 milliseconds in repetition 94
tcp_ping received 256 bytes back
Round trip time was 23.4046 milliseconds in repetition 95
tcp_ping received 256 bytes back
Round trip time was 23.4013 milliseconds in repetition 96
tcp_ping received 256 bytes back
Round trip time was 23.1413 milliseconds in repetition 97
tcp_ping received 256 bytes back
Round trip time was 24.4249 milliseconds in repetition 98
tcp_ping received 256 bytes back
Round trip time was 22.898 milliseconds in repetition 99
tcp_ping received 256 bytes back
Round trip time was 22.9929 milliseconds in repetition 100
tcp_ping received 256 bytes back
Round trip time was 22.6087 milliseconds in repetition 101
tcp_ping received 256 bytes back
Round trip time was 22.6093 milliseconds in repetition 102
tcp_ping received 256 bytes back
Round trip time was 22.5056 milliseconds in repetition 103
tcp_ping received 256 bytes back
Round trip time was 22.8799 milliseconds in repetition 104
tcp_ping received 256 bytes back
Round trip time was 32.4423 milliseconds in repetition 105
tcp_ping received 256 bytes back
Round trip time was 22.9518 milliseconds in repetition 106
tcp_ping received 256 bytes back
Round trip time was 22.3751 milliseconds in repetition 107
tcp_ping received 256 bytes back
Round trip time was 22.563 milliseconds in repetition 108
tcp_ping received 256 bytes back
Round trip time was 22.3419 milliseconds in repetition 109
tcp_ping received 256 bytes back
Round trip time was 22.6597 milliseconds in repetition 110
tcp_ping received 256 bytes back
Round trip time was 22.5796 milliseconds in repetition 111
tcp_ping received 256 bytes back
Round trip time was 22.8755 milliseconds in repetition 112
tcp_ping received 256 bytes back
Round trip time was 23.3914 milliseconds in repetition 113
tcp_ping received 256 bytes back
Round trip time was 24.6785 milliseconds in repetition 114
tcp_ping received 256 bytes back
Round trip time was 23.4479 milliseconds in repetition 115
tcp_ping received 256 bytes back
Round trip time was 22.6995 milliseconds in repetition 116
tcp_ping received 256 bytes back
Round trip time was 22.9854 milliseconds in repetition 117
tcp_ping received 256 bytes back
Round trip time was 22.6351 milliseconds in repetition 118
tcp_ping received 256 bytes back
Round trip time was 23.4443 milliseconds in repetition 119
tcp_ping received 256 bytes back
Round trip time was 23.3886 milliseconds in repetition 120
tcp_ping received 256 bytes back
Round trip time was 23.6431 milliseconds in repetition 121
tcp_ping received 256 bytes back
Round trip time was 23.9488 milliseconds in repetition 122
tcp_ping received 256 bytes back
Round trip time was 23.0349 milliseconds in repetition 123
tcp_ping received 256 bytes back
Round trip time was 22.2725 milliseconds in repetition 124
tcp_ping received 256 bytes back
Round trip time was 22.6579 milliseconds in repetition 125
tcp_ping received 256 bytes back
Round trip time was 23.4021 milliseconds in repetition 126
tcp_ping received 256 bytes back
Round trip time was 22.5722 milliseconds in repetition 127
tcp_ping received 256 bytes back
Round trip time was 23.1095 milliseconds in repetition 128
tcp_ping received 256 bytes back
Round trip time was 22.4952 milliseconds in repetition 129
tcp_ping received 256 bytes back
Round trip time was 23.5139 milliseconds in repetition 130
tcp_ping received 256 bytes back
Round trip time was 22.7329 milliseconds in repetition 131
tcp_ping received 256 bytes back
Round trip time was 22.7253 milliseconds in repetition 132
tcp_ping received 256 bytes back
Round trip time was 22.8147 milliseconds in repetition 133
tcp_ping received 256 bytes back
Round trip time was 23.3195 milliseconds in repetition 134
tcp_ping received 256 bytes back
Round trip time was 22.0099 milliseconds in repetition 135
tcp_ping received 256 bytes back
Round trip time was 22.1141 milliseconds in repetition 136
tcp_ping received 256 bytes back
Round trip time was 22.3818 milliseconds in repetition 137
tcp_ping received 256 bytes back
Round trip time was 22.1114 milliseconds in repetition 138
tcp_ping received 256 bytes back
Round trip time was 26.127 milliseconds in repetition 139
tcp_ping received 256 bytes back
Round trip time was 22.3055 milliseconds in repetition 140
tcp_ping received 256 bytes back
Round trip time was 22.4371 milliseconds in repetition 141
tcp_ping received 256 bytes back
Round trip time was 22.5509 milliseconds in repetition 142
tcp_ping received 256 bytes back
Round trip time was 23.1922 milliseconds in repetition 143
tcp_ping received 256 bytes back
Round trip time was 23.8303 milliseconds in repetition 144
tcp_ping received 256 bytes back
Round trip time was 23.066 milliseconds in repetition 145
tcp_ping received 256 bytes back
Round trip time was 22.7284 milliseconds in repetition 146
tcp_ping received 256 bytes back
Round trip time was 22.4045 milliseconds in repetition 147
tcp_ping received 256 bytes back
Round trip time was 22.9177 milliseconds in repetition 148
tcp_ping received 256 bytes back
Round trip time was 22.5966 milliseconds in repetition 149
tcp_ping received 256 bytes back
Round trip time was 22.8476 milliseconds in repetition 150
tcp_ping received 256 bytes back
Round trip time was 22.6516 milliseconds in repetition 151
tcp_ping received 256 bytes back
Round trip time was 23.0248 milliseconds in repetition 152
tcp_ping received 256 bytes back
Round trip time was 22.8605 milliseconds in repetition 153
tcp_ping received 256 bytes back
Round trip time was 22.704 milliseconds in repetition 154
tcp_ping received 256 bytes back
Round trip time was 22.2527 milliseconds in repetition 155
tcp_ping received 256 bytes back
Round trip time was 22.6288 milliseconds in repetition 156
tcp_ping received 256 bytes back
Round trip time was 22.774 milliseconds in repetition 157
tcp_ping received 256 bytes back
Round trip time was 22.8635 milliseconds in repetition 158
tcp_ping received 256 bytes back
Round trip time was 23.6578 milliseconds in repetition 159
tcp_ping received 256 bytes back
Round trip time was 23.1591 milliseconds in repetition 160
tcp_ping received 256 bytes back
Round trip time was 22.8416 milliseconds in repetition 161
tcp_ping received 256 bytes back
Round trip time was 23.1843 milliseconds in repetition 162
tcp_ping received 256 bytes back
Round trip time was 22.7297 milliseconds in repetition 163
tcp_ping received 256 bytes back
Round trip time was 23.5873 milliseconds in repetition 164
tcp_ping received 256 bytes back
Round trip time was 22.4035 milliseconds in repetition 165
tcp_ping received 256 bytes back
Round trip time was 22.8546 milliseconds in repetition 166
tcp_ping received 256 bytes back
Round trip time was 23.093 milliseconds in repetition 167
tcp_ping received 256 bytes back
Round trip time was 22.835 milliseconds in repetition 168
tcp_ping received 256 bytes back
Round trip time was 22.1955 milliseconds in repetition 169
tcp_ping received 256 bytes back
Round trip time was 22.3788 milliseconds in repetition 170
tcp_ping received 256 bytes back
Round trip time was 22.3498 milliseconds in repetition 171
tcp_ping received 256 bytes back
Round trip time was 22.6156 milliseconds in repetition 172
tcp_ping received 256 bytes back
Round trip time was 22.5765 milliseconds in repetition 173
tcp_ping received 256 bytes back
Round trip time was 22.7581 milliseconds in repetition 174
tcp_ping received 256 bytes back
Round trip time was 22.8642 milliseconds in repetition 175
tcp_ping received 256 bytes back
Round trip time was 22.9681 milliseconds in repetition 176
tcp_ping received 256 bytes back
Round trip time was 22.9475 milliseconds in repetition 177
tcp_ping received 256 bytes back
Round trip time was 22.7148 milliseconds in repetition 178
tcp_ping received 256 bytes back
Round trip time was 22.3675 milliseconds in repetition 179
tcp_ping received 256 bytes back
Round trip time was 23.3064 milliseconds in repetition 180
tcp_ping received 256 bytes back
Round trip time was 24.8697 milliseconds in repetition 181
tcp_ping received 256 bytes back
Round trip time was 24.849 milliseconds in repetition 182
tcp_ping received 256 bytes back
Round trip time was 26.1321 milliseconds in repetition 183
tcp_ping received 256 bytes back
Round trip time was 22.2025 milliseconds in repetition 184
tcp_ping received 256 bytes back
Round trip time was 22.2603 milliseconds in repetition 185
tcp_ping received 256 bytes back
Round trip time was 22.6578 milliseconds in repetition 186
tcp_ping received 256 bytes back
Round trip time was 22.1446 milliseconds in repetition 187
tcp_ping received 256 bytes back
Round trip time was 22.2254 milliseconds in repetition 188
tcp_ping received 256 bytes back
Round trip time was 22.1524 milliseconds in repetition 189
tcp_ping received 256 bytes back
Round trip time was 22.5302 milliseconds in repetition 190
tcp_ping received 256 bytes back
Round trip time was 22.5739 milliseconds in repetition 191
tcp_ping received 256 bytes back
Round trip time was 22.7842 milliseconds in repetition 192
tcp_ping received 256 bytes back
Round trip time was 22.776 milliseconds in repetition 193
tcp_ping received 256 bytes back
Round trip time was 23.1587 milliseconds in repetition 194
tcp_ping received 256 bytes back
Round trip time was 22.9871 milliseconds in repetition 195
tcp_ping received 256 bytes back
Round trip time was 22.3723 milliseconds in repetition 196
tcp_ping received 256 bytes back
Round trip time was 22.5974 milliseconds in repetition 197
tcp_ping received 256 bytes back
Round trip time was 22.2974 milliseconds in repetition 198
tcp_ping received 256 bytes back
Round trip time was 23.8464 milliseconds in repetition 199
tcp_ping received 256 bytes back
Round trip time was 23.269 milliseconds in repetition 200
tcp_ping received 256 bytes back
Round trip time was 25.2861 milliseconds in repetition 201
tcp_ping received 256 bytes back
Round trip time was 22.0974 milliseconds in repetition 202
tcp_ping received 256 bytes back
Round trip time was 23.9786 milliseconds in repetition 203
tcp_ping received 256 bytes back
Round trip time was 23.4863 milliseconds in repetition 204
tcp_ping received 256 bytes back
Round trip time was 22.6935 milliseconds in repetition 205
tcp_ping received 256 bytes back
Round trip time was 23.9453 milliseconds in repetition 206
tcp_ping received 256 bytes back
Round trip time was 22.5203 milliseconds in repetition 207
tcp_ping received 256 bytes back
Round trip time was 22.0742 milliseconds in repetition 208
tcp_ping received 256 bytes back
Round trip time was 25.1404 milliseconds in repetition 209
tcp_ping received 256 bytes back
Round trip time was 22.1417 milliseconds in repetition 210
tcp_ping received 256 bytes back
Round trip time was 22.2921 milliseconds in repetition 211
tcp_ping received 256 bytes back
Round trip time was 22.2977 milliseconds in repetition 212
tcp_ping received 256 bytes back
Round trip time was 22.3844 milliseconds in repetition 213
tcp_ping received 256 bytes back
Round trip time was 22.4043 milliseconds in repetition 214
tcp_ping received 256 bytes back
Round trip time was 22.0738 milliseconds in repetition 215
tcp_ping received 256 bytes back
Round trip time was 22.202 milliseconds in repetition 216
tcp_ping received 256 bytes back
Round trip time was 22.1593 milliseconds in repetition 217
tcp_ping received 256 bytes back
Round trip time was 22.3618 milliseconds in repetition 218
tcp_ping received 256 bytes back
Round trip time was 22.3098 milliseconds in repetition 219
tcp_ping received 256 bytes back
Round trip time was 30.0132 milliseconds in repetition 220
tcp_ping received 256 bytes back
Round trip time was 31.4372 milliseconds in repetition 221
tcp_ping received 256 bytes back
Round trip time was 24.0989 milliseconds in repetition 222
tcp_ping received 256 bytes back
Round trip time was 35.0596 milliseconds in repetition 223
tcp_ping received 256 bytes back
Round trip time was 25.6046 milliseconds in repetition 224
tcp_ping received 256 bytes back
Round trip time was 22.4472 milliseconds in repetition 225
tcp_ping received 256 bytes back
Round trip time was 22.6364 milliseconds in repetition 226
tcp_ping received 256 bytes back
Round trip time was 26.1796 milliseconds in repetition 227
tcp_ping received 256 bytes back
Round trip time was 21.9907 milliseconds in repetition 228
tcp_ping received 256 bytes back
Round trip time was 24.9378 milliseconds in repetition 229
tcp_ping received 256 bytes back
Round trip time was 22.3695 milliseconds in repetition 230
tcp_ping received 256 bytes back
Round trip time was 22.1578 milliseconds in repetition 231
tcp_ping received 256 bytes back
Round trip time was 22.6731 milliseconds in repetition 232
tcp_ping received 256 bytes back
Round trip time was 22.8511 milliseconds in repetition 233
tcp_ping received 256 bytes back
Round trip time was 24.7897 milliseconds in repetition 234
tcp_ping received 256 bytes back
Round trip time was 22.2896 milliseconds in repetition 235
tcp_ping received 256 bytes back
Round trip time was 22.9412 milliseconds in repetition 236
tcp_ping received 256 bytes back
Round trip time was 23.1294 milliseconds in repetition 237
tcp_ping received 256 bytes back
Round trip time was 22.5066 milliseconds in repetition 238
tcp_ping received 256 bytes back
Round trip time was 23.501 milliseconds in repetition 239
tcp_ping received 256 bytes back
Round trip time was 22.7712 milliseconds in repetition 240
tcp_ping received 256 bytes back
Round trip time was 22.4083 milliseconds in repetition 241
tcp_ping received 256 bytes back
Round trip time was 22.4994 milliseconds in repetition 242
tcp_ping received 256 bytes back
Round trip time was 22.8966 milliseconds in repetition 243
tcp_ping received 256 bytes back
Round trip time was 22.9642 milliseconds in repetition 244
tcp_ping received 256 bytes back
Round trip time was 30.0953 milliseconds in repetition 245
tcp_ping received 256 bytes back
Round trip time was 37.6678 milliseconds in repetition 246
tcp_ping received 256 bytes back
Round trip time was 22.6155 milliseconds in repetition 247
tcp_ping received 256 bytes back
Round trip time was 22.478 milliseconds in repetition 248
tcp_ping received 256 bytes back
Round trip time was 22.9284 milliseconds in repetition 249
tcp_ping received 256 bytes back
Round trip time was 29.4365 milliseconds in repetition 250
tcp_ping received 256 bytes back
Round trip time was 23.6368 milliseconds in repetition 251
tcp_ping received 256 bytes back
Round trip time was 23.0644 milliseconds in repetition 252
tcp_ping received 256 bytes back
Round trip time was 23.3531 milliseconds in repetition 253
tcp_ping received 256 bytes back
Round trip time was 23.5623 milliseconds in repetition 254
tcp_ping received 256 bytes back
Round trip time was 23.6642 milliseconds in repetition 255
tcp_ping received 256 bytes back
Round trip time was 23.6398 milliseconds in repetition 256
tcp_ping received 256 bytes back
Round trip time was 22.8125 milliseconds in repetition 257
tcp_ping received 256 bytes back
Round trip time was 23.0649 milliseconds in repetition 258
tcp_ping received 256 bytes back
Round trip time was 22.8287 milliseconds in repetition 259
tcp_ping received 256 bytes back
Round trip time was 22.8362 milliseconds in repetition 260
tcp_ping received 256 bytes back
Round trip time was 22.8601 milliseconds in repetition 261
tcp_ping received 256 bytes back
Round trip time was 22.5668 milliseconds in repetition 262
tcp_ping received 256 bytes back
Round trip time was 22.8218 milliseconds in repetition 263
tcp_ping received 256 bytes back
Round trip time was 22.5704 milliseconds in repetition 264
tcp_ping received 256 bytes back
Round trip time was 22.6534 milliseconds in repetition 265
tcp_ping received 256 bytes back
Round trip time was 22.6584 milliseconds in repetition 266
tcp_ping received 256 bytes back
Round trip time was 22.3718 milliseconds in repetition 267
tcp_ping received 256 bytes back
Round trip time was 23.7217 milliseconds in repetition 268
tcp_ping received 256 bytes back
Round trip time was 23.5328 milliseconds in repetition 269
tcp_ping received 256 bytes back
Round trip time was 22.3216 milliseconds in repetition 270
tcp_ping received 256 bytes back
Round trip time was 22.4159 milliseconds in repetition 271
tcp_ping received 256 bytes back
Round trip time was 22.6475 milliseconds in repetition 272
tcp_ping received 256 bytes back
Round trip time was 22.7408 milliseconds in repetition 273
tcp_ping received 256 bytes back
Round trip time was 22.7858 milliseconds in repetition 274
tcp_ping received 256 bytes back
Round trip time was 23.6136 milliseconds in repetition 275
tcp_ping received 256 bytes back
Round trip time was 22.6282 milliseconds in repetition 276
tcp_ping received 256 bytes back
Round trip time was 23.5738 milliseconds in repetition 277
tcp_ping received 256 bytes back
Round trip time was 22.7051 milliseconds in repetition 278
tcp_ping received 256 bytes back
Round trip time was 22.7146 milliseconds in repetition 279
tcp_ping received 256 bytes back
Round trip time was 23.2099 milliseconds in repetition 280
tcp_ping received 256 bytes back
Round trip time was 22.7751 milliseconds in repetition 281
tcp_ping received 256 bytes back
Round trip time was 23.0527 milliseconds in repetition 282
tcp_ping received 256 bytes back
Round trip time was 22.3822 milliseconds in repetition 283
tcp_ping received 256 bytes back
Round trip time was 22.5486 milliseconds in repetition 284
tcp_ping received 256 bytes back
Round trip time was 22.3348 milliseconds in repetition 285
tcp_ping received 256 bytes back
Round trip time was 23.1191 milliseconds in repetition 286
tcp_ping received 256 bytes back
Round trip time was 22.9532 milliseconds in repetition 287
tcp_ping received 256 bytes back
Round trip time was 22.318 milliseconds in repetition 288
tcp_ping received 256 bytes back
Round trip time was 22.4957 milliseconds in repetition 289
tcp_ping received 256 bytes back
Round trip time was 22.0464 milliseconds in repetition 290
tcp_ping received 256 bytes back
Round trip time was 22.434 milliseconds in repetition 291
tcp_ping received 256 bytes back
Round trip time was 22.608 milliseconds in repetition 292
tcp_ping received 256 bytes back
Round trip time was 22.616 milliseconds in repetition 293
tcp_ping received 256 bytes back
Round trip time was 23.3885 milliseconds in repetition 294
tcp_ping received 256 bytes back
Round trip time was 22.024 milliseconds in repetition 295
tcp_ping received 256 bytes back
Round trip time was 22.1456 milliseconds in repetition 296
tcp_ping received 256 bytes back
Round trip time was 22.0135 milliseconds in repetition 297
tcp_ping received 256 bytes back
Round trip time was 22.659 milliseconds in repetition 298
tcp_ping received 256 bytes back
Round trip time was 22.2541 milliseconds in repetition 299
tcp_ping received 256 bytes back
Round trip time was 22.88 milliseconds in repetition 300
tcp_ping received 256 bytes back
Round trip time was 22.6281 milliseconds in repetition 301
tcp_ping received 256 bytes back
Round trip time was 23.029 milliseconds in repetition 302
tcp_ping received 256 bytes back
Round trip time was 22.7061 milliseconds in repetition 303
tcp_ping received 256 bytes back
Round trip time was 22.9861 milliseconds in repetition 304
tcp_ping received 256 bytes back
Round trip time was 22.4614 milliseconds in repetition 305
tcp_ping received 256 bytes back
Round trip time was 22.3463 milliseconds in repetition 306
tcp_ping received 256 bytes back
Round trip time was 22.1944 milliseconds in repetition 307
tcp_ping received 256 bytes back
Round trip time was 22.9149 milliseconds in repetition 308
tcp_ping received 256 bytes back
Round trip time was 22.5807 milliseconds in repetition 309
tcp_ping received 256 bytes back
Round trip time was 22.2318 milliseconds in repetition 310
tcp_ping received 256 bytes back
Round trip time was 25.3109 milliseconds in repetition 311
tcp_ping received 256 bytes back
Round trip time was 23.4248 milliseconds in repetition 312
tcp_ping received 256 bytes back
Round trip time was 28.1283 milliseconds in repetition 313
tcp_ping received 256 bytes back
Round trip time was 22.7038 milliseconds in repetition 314
tcp_ping received 256 bytes back
Round trip time was 22.8861 milliseconds in repetition 315
tcp_ping received 256 bytes back
Round trip time was 25.6864 milliseconds in repetition 316
tcp_ping received 256 bytes back
Round trip time was 22.3146 milliseconds in repetition 317
tcp_ping received 256 bytes back
Round trip time was 26.104 milliseconds in repetition 318
tcp_ping received 256 bytes back
Round trip time was 23.4619 milliseconds in repetition 319
tcp_ping received 256 bytes back
Round trip time was 22.0991 milliseconds in repetition 320
tcp_ping received 256 bytes back
Round trip time was 26.0874 milliseconds in repetition 321
tcp_ping received 256 bytes back
Round trip time was 23.0059 milliseconds in repetition 322
tcp_ping received 256 bytes back
Round trip time was 22.2658 milliseconds in repetition 323
tcp_ping received 256 bytes back
Round trip time was 22.0923 milliseconds in repetition 324
tcp_ping received 256 bytes back
Round trip time was 22.0292 milliseconds in repetition 325
tcp_ping received 256 bytes back
Round trip time was 22.5405 milliseconds in repetition 326
tcp_ping received 256 bytes back
Round trip time was 22.7221 milliseconds in repetition 327
tcp_ping received 256 bytes back
Round trip time was 22.9856 milliseconds in repetition 328
tcp_ping received 256 bytes back
Round trip time was 22.4767 milliseconds in repetition 329
tcp_ping received 256 bytes back
Round trip time was 22.9779 milliseconds in repetition 330
tcp_ping received 256 bytes back
Round trip time was 23.0912 milliseconds in repetition 331
tcp_ping received 256 bytes back
Round trip time was 23.6665 milliseconds in repetition 332
tcp_ping received 256 bytes back
Round trip time was 23.4206 milliseconds in repetition 333
tcp_ping received 256 bytes back
Round trip time was 23.3131 milliseconds in repetition 334
tcp_ping received 256 bytes back
Round trip time was 23.4497 milliseconds in repetition 335
tcp_ping received 256 bytes back
Round trip time was 23.2277 milliseconds in repetition 336
tcp_ping received 256 bytes back
Round trip time was 23.2858 milliseconds in repetition 337
tcp_ping received 256 bytes back
Round trip time was 22.3397 milliseconds in repetition 338
tcp_ping received 256 bytes back
Round trip time was 22.9525 milliseconds in repetition 339
tcp_ping received 256 bytes back
Round trip time was 22.9405 milliseconds in repetition 340
tcp_ping received 256 bytes back
Round trip time was 23.0518 milliseconds in repetition 341
tcp_ping received 256 bytes back
Round trip time was 22.507 milliseconds in repetition 342
tcp_ping received 256 bytes back
Round trip time was 22.4998 milliseconds in repetition 343
tcp_ping received 256 bytes back
Round trip time was 23.247 milliseconds in repetition 344
tcp_ping received 256 bytes back
Round trip time was 22.8479 milliseconds in repetition 345
tcp_ping received 256 bytes back
Round trip time was 22.4429 milliseconds in repetition 346
tcp_ping received 256 bytes back
Round trip time was 22.8394 milliseconds in repetition 347
tcp_ping received 256 bytes back
Round trip time was 23.1962 milliseconds in repetition 348
tcp_ping received 256 bytes back
Round trip time was 22.6797 milliseconds in repetition 349
tcp_ping received 256 bytes back
Round trip time was 22.4256 milliseconds in repetition 350
tcp_ping received 256 bytes back
Round trip time was 22.4745 milliseconds in repetition 351
tcp_ping received 256 bytes back
Round trip time was 22.7474 milliseconds in repetition 352
tcp_ping received 256 bytes back
Round trip time was 22.8002 milliseconds in repetition 353
tcp_ping received 256 bytes back
Round trip time was 23.216 milliseconds in repetition 354
tcp_ping received 256 bytes back
Round trip time was 24.3857 milliseconds in repetition 355
tcp_ping received 256 bytes back
Round trip time was 22.3707 milliseconds in repetition 356
tcp_ping received 256 bytes back
Round trip time was 22.2913 milliseconds in repetition 357
tcp_ping received 256 bytes back
Round trip time was 22.8973 milliseconds in repetition 358
tcp_ping received 256 bytes back
Round trip time was 22.8089 milliseconds in repetition 359
tcp_ping received 256 bytes back
Round trip time was 22.8873 milliseconds in repetition 360
tcp_ping received 256 bytes back
Round trip time was 24.1039 milliseconds in repetition 361
tcp_ping received 256 bytes back
Round trip time was 23.4391 milliseconds in repetition 362
tcp_ping received 256 bytes back
Round trip time was 23.2025 milliseconds in repetition 363
tcp_ping received 256 bytes back
Round trip time was 23.287 milliseconds in repetition 364
tcp_ping received 256 bytes back
Round trip time was 23.1624 milliseconds in repetition 365
tcp_ping received 256 bytes back
Round trip time was 23.1215 milliseconds in repetition 366
tcp_ping received 256 bytes back
Round trip time was 24.0212 milliseconds in repetition 367
tcp_ping received 256 bytes back
Round trip time was 22.3883 milliseconds in repetition 368
tcp_ping received 256 bytes back
Round trip time was 22.3393 milliseconds in repetition 369
tcp_ping received 256 bytes back
Round trip time was 22.3503 milliseconds in repetition 370
tcp_ping received 256 bytes back
Round trip time was 22.3841 milliseconds in repetition 371
tcp_ping received 256 bytes back
Round trip time was 22.468 milliseconds in repetition 372
tcp_ping received 256 bytes back
Round trip time was 22.4125 milliseconds in repetition 373
tcp_ping received 256 bytes back
Round trip time was 22.4821 milliseconds in repetition 374
tcp_ping received 256 bytes back
Round trip time was 22.7001 milliseconds in repetition 375
tcp_ping received 256 bytes back
Round trip time was 23.1391 milliseconds in repetition 376
tcp_ping received 256 bytes back
Round trip time was 22.8579 milliseconds in repetition 377
tcp_ping received 256 bytes back
Round trip time was 22.5805 milliseconds in repetition 378
tcp_ping received 256 bytes back
Round trip time was 23.0015 milliseconds in repetition 379
tcp_ping received 256 bytes back
Round trip time was 22.5847 milliseconds in repetition 380
tcp_ping received 256 bytes back
Round trip time was 22.6904 milliseconds in repetition 381
tcp_ping received 256 bytes back
Round trip time was 23.0609 milliseconds in repetition 382
tcp_ping received 256 bytes back
Round trip time was 22.6197 milliseconds in repetition 383
tcp_ping received 256 bytes back
Round trip time was 22.4594 milliseconds in repetition 384
tcp_ping received 256 bytes back
Round trip time was 22.5074 milliseconds in repetition 385
tcp_ping received 256 bytes back
Round trip time was 22.6253 milliseconds in repetition 386
tcp_ping received 256 bytes back
Round trip time was 22.5585 milliseconds in repetition 387
tcp_ping received 256 bytes back
Round trip time was 23.2991 milliseconds in repetition 388
tcp_ping received 256 bytes back
Round trip time was 23.0895 milliseconds in repetition 389
tcp_ping received 256 bytes back
Round trip time was 22.6933 milliseconds in repetition 390
tcp_ping received 256 bytes back
Round trip time was 22.8658 milliseconds in repetition 391
tcp_ping received 256 bytes back
Round trip time was 23.418 milliseconds in repetition 392
tcp_ping received 256 bytes back
Round trip time was 22.888 milliseconds in repetition 393
tcp_ping received 256 bytes back
Round trip time was 23.3821 milliseconds in repetition 394
tcp_ping received 256 bytes back
Round trip time was 24.9969 milliseconds in repetition 395
tcp_ping received 256 bytes back
Round trip time was 23.8543 milliseconds in repetition 396
tcp_ping received 256 bytes back
Round trip time was 23.4066 milliseconds in repetition 397
tcp_ping received 256 bytes back
Round trip time was 22.6576 milliseconds in repetition 398
tcp_ping received 256 bytes back
Round trip time was 22.587 milliseconds in repetition 399
tcp_ping received 256 bytes back
Round trip time was 22.5153 milliseconds in repetition 400
tcp_ping received 256 bytes back
Round trip time was 23.0141 milliseconds in repetition 401
tcp_ping received 256 bytes back
Round trip time was 22.5675 milliseconds in repetition 402
tcp_ping received 256 bytes back
Round trip time was 22.6843 milliseconds in repetition 403
tcp_ping received 256 bytes back
Round trip time was 22.9911 milliseconds in repetition 404
tcp_ping received 256 bytes back
Round trip time was 22.3728 milliseconds in repetition 405
tcp_ping received 256 bytes back
Round trip time was 22.7427 milliseconds in repetition 406
tcp_ping received 256 bytes back
Round trip time was 25.8455 milliseconds in repetition 407
tcp_ping received 256 bytes back
Round trip time was 23.6768 milliseconds in repetition 408
tcp_ping received 256 bytes back
Round trip time was 22.45 milliseconds in repetition 409
tcp_ping received 256 bytes back
Round trip time was 23.4827 milliseconds in repetition 410
tcp_ping received 256 bytes back
Round trip time was 23.039 milliseconds in repetition 411
tcp_ping received 256 bytes back
Round trip time was 23.1751 milliseconds in repetition 412
tcp_ping received 256 bytes back
Round trip time was 22.7082 milliseconds in repetition 413
tcp_ping received 256 bytes back
Round trip time was 26.9433 milliseconds in repetition 414
tcp_ping received 256 bytes back
Round trip time was 23.6809 milliseconds in repetition 415
tcp_ping received 256 bytes back
Round trip time was 22.2829 milliseconds in repetition 416
tcp_ping received 256 bytes back
Round trip time was 21.9794 milliseconds in repetition 417
tcp_ping received 256 bytes back
Round trip time was 22.6813 milliseconds in repetition 418
tcp_ping received 256 bytes back
Round trip time was 22.7594 milliseconds in repetition 419
tcp_ping received 256 bytes back
Round trip time was 24.3831 milliseconds in repetition 420
tcp_ping received 256 bytes back
Round trip time was 23.4684 milliseconds in repetition 421
tcp_ping received 256 bytes back
Round trip time was 22.3149 milliseconds in repetition 422
tcp_ping received 256 bytes back
Round trip time was 22.2681 milliseconds in repetition 423
tcp_ping received 256 bytes back
Round trip time was 22.2728 milliseconds in repetition 424
tcp_ping received 256 bytes back
Round trip time was 22.8696 milliseconds in repetition 425
tcp_ping received 256 bytes back
Round trip time was 23.0373 milliseconds in repetition 426
tcp_ping received 256 bytes back
Round trip time was 22.5426 milliseconds in repetition 427
tcp_ping received 256 bytes back
Round trip time was 24.3793 milliseconds in repetition 428
tcp_ping received 256 bytes back
Round trip time was 22.7054 milliseconds in repetition 429
tcp_ping received 256 bytes back
Round trip time was 22.9094 milliseconds in repetition 430
tcp_ping received 256 bytes back
Round trip time was 23.6223 milliseconds in repetition 431
tcp_ping received 256 bytes back
Round trip time was 23.7215 milliseconds in repetition 432
tcp_ping received 256 bytes back
Round trip time was 23.8905 milliseconds in repetition 433
tcp_ping received 256 bytes back
Round trip time was 23.1918 milliseconds in repetition 434
tcp_ping received 256 bytes back
Round trip time was 23.564 milliseconds in repetition 435
tcp_ping received 256 bytes back
Round trip time was 23.4402 milliseconds in repetition 436
tcp_ping received 256 bytes back
Round trip time was 23.6166 milliseconds in repetition 437
tcp_ping received 256 bytes back
Round trip time was 23.6411 milliseconds in repetition 438
tcp_ping received 256 bytes back
Round trip time was 22.888 milliseconds in repetition 439
tcp_ping received 256 bytes back
Round trip time was 23.1388 milliseconds in repetition 440
tcp_ping received 256 bytes back
Round trip time was 22.7411 milliseconds in repetition 441
tcp_ping received 256 bytes back
Round trip time was 24.0421 milliseconds in repetition 442
tcp_ping received 256 bytes back
Round trip time was 25.0066 milliseconds in repetition 443
tcp_ping received 256 bytes back
Round trip time was 28.0171 milliseconds in repetition 444
tcp_ping received 256 bytes back
Round trip time was 26.3229 milliseconds in repetition 445
tcp_ping received 256 bytes back
Round trip time was 23.0257 milliseconds in repetition 446
tcp_ping received 256 bytes back
Round trip time was 23.4314 milliseconds in repetition 447
tcp_ping received 256 bytes back
Round trip time was 22.4019 milliseconds in repetition 448
tcp_ping received 256 bytes back
Round trip time was 22.3074 milliseconds in repetition 449
tcp_ping received 256 bytes back
Round trip time was 22.8113 milliseconds in repetition 450
tcp_ping received 256 bytes back
Round trip time was 23.2225 milliseconds in repetition 451
tcp_ping received 256 bytes back
Round trip time was 22.5614 milliseconds in repetition 452
tcp_ping received 256 bytes back
Round trip time was 22.9913 milliseconds in repetition 453
tcp_ping received 256 bytes back
Round trip time was 23.1552 milliseconds in repetition 454
tcp_ping received 256 bytes back
Round trip time was 24.8815 milliseconds in repetition 455
tcp_ping received 256 bytes back
Round trip time was 22.9259 milliseconds in repetition 456
tcp_ping received 256 bytes back
Round trip time was 22.6899 milliseconds in repetition 457
tcp_ping received 256 bytes back
Round trip time was 23.28 milliseconds in repetition 458
tcp_ping received 256 bytes back
Round trip time was 23.3223 milliseconds in repetition 459
tcp_ping received 256 bytes back
Round trip time was 23.3199 milliseconds in repetition 460
tcp_ping received 256 bytes back
Round trip time was 23.0588 milliseconds in repetition 461
tcp_ping received 256 bytes back
Round trip time was 22.9061 milliseconds in repetition 462
tcp_ping received 256 bytes back
Round trip time was 31.4374 milliseconds in repetition 463
tcp_ping received 256 bytes back
Round trip time was 24.0653 milliseconds in repetition 464
tcp_ping received 256 bytes back
Round trip time was 22.7227 milliseconds in repetition 465
tcp_ping received 256 bytes back
Round trip time was 22.9525 milliseconds in repetition 466
tcp_ping received 256 bytes back
Round trip time was 23.459 milliseconds in repetition 467
tcp_ping received 256 bytes back
Round trip time was 22.5481 milliseconds in repetition 468
tcp_ping received 256 bytes back
Round trip time was 23.5136 milliseconds in repetition 469
tcp_ping received 256 bytes back
Round trip time was 23.2805 milliseconds in repetition 470
tcp_ping received 256 bytes back
Round trip time was 23.1272 milliseconds in repetition 471
tcp_ping received 256 bytes back
Round trip time was 23.2341 milliseconds in repetition 472
tcp_ping received 256 bytes back
Round trip time was 22.7823 milliseconds in repetition 473
tcp_ping received 256 bytes back
Round trip time was 23.8121 milliseconds in repetition 474
tcp_ping received 256 bytes back
Round trip time was 22.5868 milliseconds in repetition 475
tcp_ping received 256 bytes back
Round trip time was 22.466 milliseconds in repetition 476
tcp_ping received 256 bytes back
Round trip time was 23.294 milliseconds in repetition 477
tcp_ping received 256 bytes back
Round trip time was 23.3257 milliseconds in repetition 478
tcp_ping received 256 bytes back
Round trip time was 22.8083 milliseconds in repetition 479
tcp_ping received 256 bytes back
Round trip time was 23.1237 milliseconds in repetition 480
tcp_ping received 256 bytes back
Round trip time was 23.2619 milliseconds in repetition 481
tcp_ping received 256 bytes back
Round trip time was 24.6129 milliseconds in repetition 482
tcp_ping received 256 bytes back
Round trip time was 22.9522 milliseconds in repetition 483
tcp_ping received 256 bytes back
Round trip time was 23.1357 milliseconds in repetition 484
tcp_ping received 256 bytes back
Round trip time was 23.1938 milliseconds in repetition 485
tcp_ping received 256 bytes back
Round trip time was 26.0731 milliseconds in repetition 486
tcp_ping received 256 bytes back
Round trip time was 23.0122 milliseconds in repetition 487
tcp_ping received 256 bytes back
Round trip time was 27.1059 milliseconds in repetition 488
tcp_ping received 256 bytes back
Round trip time was 23.0264 milliseconds in repetition 489
tcp_ping received 256 bytes back
Round trip time was 23.4363 milliseconds in repetition 490
tcp_ping received 256 bytes back
Round trip time was 22.9087 milliseconds in repetition 491
tcp_ping received 256 bytes back
Round trip time was 22.36 milliseconds in repetition 492
tcp_ping received 256 bytes back
Round trip time was 23.3358 milliseconds in repetition 493
tcp_ping received 256 bytes back
Round trip time was 22.7312 milliseconds in repetition 494
tcp_ping received 256 bytes back
Round trip time was 22.524 milliseconds in repetition 495
tcp_ping received 256 bytes back
Round trip time was 22.2021 milliseconds in repetition 496
tcp_ping received 256 bytes back
Round trip time was 23.5657 milliseconds in repetition 497
tcp_ping received 256 bytes back
Round trip time was 22.4714 milliseconds in repetition 498
tcp_ping received 256 bytes back
Round trip time was 22.6641 milliseconds in repetition 499
tcp_ping received 256 bytes back
Round trip time was 22.5777 milliseconds in repetition 500
tcp_ping received 256 bytes back
Round trip time was 25.9088 milliseconds in repetition 501

 ... clock resolution was 1e-06
TCP Ping:  Statistics over 501 repetitions of 256 byte messages

RTT : percentile 10: 22.3216, median: 22.888, percentile 90: 24.3415, average: 23.2753, variance: 2.36374

RTT histogram:
21.9794 65
22.7638 259
23.5483 112
24.3327 25
25.1171 11
25.9015 10
26.6859 4
27.4704 3
28.2548 3
29.0392 1
29.8236 3
30.608 0
31.3924 2
32.1769 1
32.9613 0
33.7457 0
34.5301 0
35.3145 1
36.0989 0
36.8834 0
37.6678 1

   median Throughput : 22.3698 KB/s   overall Throughput : 21.9975 KB/s

