TCP Ping trying to connect to server seti.dibris.unige.it (130.251.61.30) on port 1491

... connected to Pong server: asking for 501 repetitions of 384 bytes TCP messages
 ... Pong server agreed :-)
tcp_ping received 384 bytes back
Round trip time was 30.9798 milliseconds in repetition 1
tcp_ping received 384 bytes back
Round trip time was 24.2157 milliseconds in repetition 2
tcp_ping received 384 bytes back
Round trip time was 25.1925 milliseconds in repetition 3
tcp_ping received 384 bytes back
Round trip time was 24.0349 milliseconds in repetition 4
tcp_ping received 384 bytes back
Round trip time was 24.8474 milliseconds in repetition 5
tcp_ping received 384 bytes back
Round trip time was 23.5047 milliseconds in repetition 6
tcp_ping received 384 bytes back
Round trip time was 24.1393 milliseconds in repetition 7
tcp_ping received 384 bytes back
Round trip time was 24.1116 milliseconds in repetition 8
tcp_ping received 384 bytes back
Round trip time was 23.8087 milliseconds in repetition 9
tcp_ping received 384 bytes back
Round trip time was 23.5159 milliseconds in repetition 10
tcp_ping received 384 bytes back
Round trip time was 24.8346 milliseconds in repetition 11
tcp_ping received 384 bytes back
Round trip time was 23.867 milliseconds in repetition 12
tcp_ping received 384 bytes back
Round trip time was 23.8398 milliseconds in repetition 13
tcp_ping received 384 bytes back
Round trip time was 24.1911 milliseconds in repetition 14
tcp_ping received 384 bytes back
Round trip time was 24.6427 milliseconds in repetition 15
tcp_ping received 384 bytes back
Round trip time was 23.6985 milliseconds in repetition 16
tcp_ping received 384 bytes back
Round trip time was 24.2751 milliseconds in repetition 17
tcp_ping received 384 bytes back
Round trip time was 24.1675 milliseconds in repetition 18
tcp_ping received 384 bytes back
Round trip time was 23.8723 milliseconds in repetition 19
tcp_ping received 384 bytes back
Round trip time was 25.8621 milliseconds in repetition 20
tcp_ping received 384 bytes back
Round trip time was 25.1693 milliseconds in repetition 21
tcp_ping received 384 bytes back
Round trip time was 27.0997 milliseconds in repetition 22
tcp_ping received 384 bytes back
Round trip time was 24.8856 milliseconds in repetition 23
tcp_ping received 384 bytes back
Round trip time was 26.3621 milliseconds in repetition 24
tcp_ping received 384 bytes back
Round trip time was 24.0327 milliseconds in repetition 25
tcp_ping received 384 bytes back
Round trip time was 24.1628 milliseconds in repetition 26
tcp_ping received 384 bytes back
Round trip time was 23.8941 milliseconds in repetition 27
tcp_ping received 384 bytes back
Round trip time was 23.7612 milliseconds in repetition 28
tcp_ping received 384 bytes back
Round trip time was 24.0017 milliseconds in repetition 29
tcp_ping received 384 bytes back
Round trip time was 24.1556 milliseconds in repetition 30
tcp_ping received 384 bytes back
Round trip time was 23.7041 milliseconds in repetition 31
tcp_ping received 384 bytes back
Round trip time was 24.3074 milliseconds in repetition 32
tcp_ping received 384 bytes back
Round trip time was 23.6238 milliseconds in repetition 33
tcp_ping received 384 bytes back
Round trip time was 25.008 milliseconds in repetition 34
tcp_ping received 384 bytes back
Round trip time was 23.2235 milliseconds in repetition 35
tcp_ping received 384 bytes back
Round trip time was 22.5647 milliseconds in repetition 36
tcp_ping received 384 bytes back
Round trip time was 22.8987 milliseconds in repetition 37
tcp_ping received 384 bytes back
Round trip time was 22.505 milliseconds in repetition 38
tcp_ping received 384 bytes back
Round trip time was 22.5367 milliseconds in repetition 39
tcp_ping received 384 bytes back
Round trip time was 22.227 milliseconds in repetition 40
tcp_ping received 384 bytes back
Round trip time was 22.8147 milliseconds in repetition 41
tcp_ping received 384 bytes back
Round trip time was 22.4474 milliseconds in repetition 42
tcp_ping received 384 bytes back
Round trip time was 22.7187 milliseconds in repetition 43
tcp_ping received 384 bytes back
Round trip time was 23.2343 milliseconds in repetition 44
tcp_ping received 384 bytes back
Round trip time was 23.2066 milliseconds in repetition 45
tcp_ping received 384 bytes back
Round trip time was 22.7502 milliseconds in repetition 46
tcp_ping received 384 bytes back
Round trip time was 23.2256 milliseconds in repetition 47
tcp_ping received 384 bytes back
Round trip time was 22.6259 milliseconds in repetition 48
tcp_ping received 384 bytes back
Round trip time was 23.6252 milliseconds in repetition 49
tcp_ping received 384 bytes back
Round trip time was 23.446 milliseconds in repetition 50
tcp_ping received 384 bytes back
Round trip time was 23.6072 milliseconds in repetition 51
tcp_ping received 384 bytes back
Round trip time was 22.7618 milliseconds in repetition 52
tcp_ping received 384 bytes back
Round trip time was 23.3953 milliseconds in repetition 53
tcp_ping received 384 bytes back
Round trip time was 27.883 milliseconds in repetition 54
tcp_ping received 384 bytes back
Round trip time was 24.6763 milliseconds in repetition 55
tcp_ping received 384 bytes back
Round trip time was 24.1297 milliseconds in repetition 56
tcp_ping received 384 bytes back
Round trip time was 23.7531 milliseconds in repetition 57
tcp_ping received 384 bytes back
Round trip time was 22.9335 milliseconds in repetition 58
tcp_ping received 384 bytes back
Round trip time was 23.8574 milliseconds in repetition 59
tcp_ping received 384 bytes back
Round trip time was 23.0421 milliseconds in repetition 60
tcp_ping received 384 bytes back
Round trip time was 25.0055 milliseconds in repetition 61
tcp_ping received 384 bytes back
Round trip time was 23.1431 milliseconds in repetition 62
tcp_ping received 384 bytes back
Round trip time was 23.5065 milliseconds in repetition 63
tcp_ping received 384 bytes back
Round trip time was 23.0109 milliseconds in repetition 64
tcp_ping received 384 bytes back
Round trip time was 24.6298 milliseconds in repetition 65
tcp_ping received 384 bytes back
Round trip time was 22.9182 milliseconds in repetition 66
tcp_ping received 384 bytes back
Round trip time was 23.1509 milliseconds in repetition 67
tcp_ping received 384 bytes back
Round trip time was 23.6219 milliseconds in repetition 68
tcp_ping received 384 bytes back
Round trip time was 23.1202 milliseconds in repetition 69
tcp_ping received 384 bytes back
Round trip time was 22.6149 milliseconds in repetition 70
tcp_ping received 384 bytes back
Round trip time was 22.9435 milliseconds in repetition 71
tcp_ping received 384 bytes back
Round trip time was 23.486 milliseconds in repetition 72
tcp_ping received 384 bytes back
Round trip time was 22.8086 milliseconds in repetition 73
tcp_ping received 384 bytes back
Round trip time was 23.2352 milliseconds in repetition 74
tcp_ping received 384 bytes back
Round trip time was 22.8101 milliseconds in repetition 75
tcp_ping received 384 bytes back
Round trip time was 22.976 milliseconds in repetition 76
tcp_ping received 384 bytes back
Round trip time was 25.4123 milliseconds in repetition 77
tcp_ping received 384 bytes back
Round trip time was 24.1198 milliseconds in repetition 78
tcp_ping received 384 bytes back
Round trip time was 23.4789 milliseconds in repetition 79
tcp_ping received 384 bytes back
Round trip time was 23.4601 milliseconds in repetition 80
tcp_ping received 384 bytes back
Round trip time was 29.1644 milliseconds in repetition 81
tcp_ping received 384 bytes back
Round trip time was 23.5847 milliseconds in repetition 82
tcp_ping received 384 bytes back
Round trip time was 29.998 milliseconds in repetition 83
tcp_ping received 384 bytes back
Round trip time was 22.9937 milliseconds in repetition 84
tcp_ping received 384 bytes back
Round trip time was 23.932 milliseconds in repetition 85
tcp_ping received 384 bytes back
Round trip time was 23.486 milliseconds in repetition 86
tcp_ping received 384 bytes back
Round trip time was 24.9934 milliseconds in repetition 87
tcp_ping received 384 bytes back
Round trip time was 22.423 milliseconds in repetition 88
tcp_ping received 384 bytes back
Round trip time was 22.5448 milliseconds in repetition 89
tcp_ping received 384 bytes back
Round trip time was 23.2215 milliseconds in repetition 90
tcp_ping received 384 bytes back
Round trip time was 22.93 milliseconds in repetition 91
tcp_ping received 384 bytes back
Round trip time was 23.375 milliseconds in repetition 92
tcp_ping received 384 bytes back
Round trip time was 23.3987 milliseconds in repetition 93
tcp_ping received 384 bytes back
Round trip time was 23.2217 milliseconds in repetition 94
tcp_ping received 384 bytes back
Round trip time was 23.1796 milliseconds in repetition 95
tcp_ping received 384 bytes back
Round trip time was 23.685 milliseconds in repetition 96
tcp_ping received 384 bytes back
Round trip time was 22.6048 milliseconds in repetition 97
tcp_ping received 384 bytes back
Round trip time was 23.7773 milliseconds in repetition 98
tcp_ping received 384 bytes back
Round trip time was 22.6466 milliseconds in repetition 99
tcp_ping received 384 bytes back
Round trip time was 22.9282 milliseconds in repetition 100
tcp_ping received 384 bytes back
Round trip time was 22.5861 milliseconds in repetition 101
tcp_ping received 384 bytes back
Round trip time was 25.0384 milliseconds in repetition 102
tcp_ping received 384 bytes back
Round trip time was 26.201 milliseconds in repetition 103
tcp_ping received 384 bytes back
Round trip time was 23.6707 milliseconds in repetition 104
tcp_ping received 384 bytes back
Round trip time was 23.2239 milliseconds in repetition 105
tcp_ping received 384 bytes back
Round trip time was 23.137 milliseconds in repetition 106
tcp_ping received 384 bytes back
Round trip time was 23.4909 milliseconds in repetition 107
tcp_ping received 384 bytes back
Round trip time was 23.4686 milliseconds in repetition 108
tcp_ping received 384 bytes back
Round trip time was 23.2128 milliseconds in repetition 109
tcp_ping received 384 bytes back
Round trip time was 22.7911 milliseconds in repetition 110
tcp_ping received 384 bytes back
Round trip time was 23.1726 milliseconds in repetition 111
tcp_ping received 384 bytes back
Round trip time was 23.0138 milliseconds in repetition 112
tcp_ping received 384 bytes back
Round trip time was 22.6289 milliseconds in repetition 113
tcp_ping received 384 bytes back
Round trip time was 22.5521 milliseconds in repetition 114
tcp_ping received 384 bytes back
Round trip time was 22.8737 milliseconds in repetition 115
tcp_ping received 384 bytes back
Round trip time was 22.8995 milliseconds in repetition 116
tcp_ping received 384 bytes back
Round trip time was 22.5873 milliseconds in repetition 117
tcp_ping received 384 bytes back
Round trip time was 22.6638 milliseconds in repetition 118
tcp_ping received 384 bytes back
Round trip time was 22.3932 milliseconds in repetition 119
tcp_ping received 384 bytes back
Round trip time was 22.7475 milliseconds in repetition 120
tcp_ping received 384 bytes back
Round trip time was 23.2795 milliseconds in repetition 121
tcp_ping received 384 bytes back
Round trip time was 22.5384 milliseconds in repetition 122
tcp_ping received 384 bytes back
Round trip time was 24.7289 milliseconds in repetition 123
tcp_ping received 384 bytes back
Round trip time was 22.9608 milliseconds in repetition 124
tcp_ping received 384 bytes back
Round trip time was 22.7788 milliseconds in repetition 125
tcp_ping received 384 bytes back
Round trip time was 24.4068 milliseconds in repetition 126
tcp_ping received 384 bytes back
Round trip time was 23.459 milliseconds in repetition 127
tcp_ping received 384 bytes back
Round trip time was 24.3157 milliseconds in repetition 128
tcp_ping received 384 bytes back
Round trip time was 23.7949 milliseconds in repetition 129
tcp_ping received 384 bytes back
Round trip time was 23.493 milliseconds in repetition 130
tcp_ping received 384 bytes back
Round trip time was 23.1104 milliseconds in repetition 131
tcp_ping received 384 bytes back
Round trip time was 24.2989 milliseconds in repetition 132
tcp_ping received 384 bytes back
Round trip time was 23.5471 milliseconds in repetition 133
tcp_ping received 384 bytes back
Round trip time was 23.683 milliseconds in repetition 134
tcp_ping received 384 bytes back
Round trip time was 23.1526 milliseconds in repetition 135
tcp_ping received 384 bytes back
Round trip time was 22.9425 milliseconds in repetition 136
tcp_ping received 384 bytes back
Round trip time was 25.3991 milliseconds in repetition 137
tcp_ping received 384 bytes back
Round trip time was 23.1289 milliseconds in repetition 138
tcp_ping received 384 bytes back
Round trip time was 23.0302 milliseconds in repetition 139
tcp_ping received 384 bytes back
Round trip time was 22.899 milliseconds in repetition 140
tcp_ping received 384 bytes back
Round trip time was 22.3154 milliseconds in repetition 141
tcp_ping received 384 bytes back
Round trip time was 23.377 milliseconds in repetition 142
tcp_ping received 384 bytes back
Round trip time was 22.7387 milliseconds in repetition 143
tcp_ping received 384 bytes back
Round trip time was 22.64 milliseconds in repetition 144
tcp_ping received 384 bytes back
Round trip time was 22.3217 milliseconds in repetition 145
tcp_ping received 384 bytes back
Round trip time was 22.5668 milliseconds in repetition 146
tcp_ping received 384 bytes back
Round trip time was 22.676 milliseconds in repetition 147
tcp_ping received 384 bytes back
Round trip time was 22.2485 milliseconds in repetition 148
tcp_ping received 384 bytes back
Round trip time was 22.3032 milliseconds in repetition 149
tcp_ping received 384 bytes back
Round trip time was 22.6438 milliseconds in repetition 150
tcp_ping received 384 bytes back
Round trip time was 22.621 milliseconds in repetition 151
tcp_ping received 384 bytes back
Round trip time was 22.8498 milliseconds in repetition 152
tcp_ping received 384 bytes back
Round trip time was 22.9247 milliseconds in repetition 153
tcp_ping received 384 bytes back
Round trip time was 24.4573 milliseconds in repetition 154
tcp_ping received 384 bytes back
Round trip time was 23.0479 milliseconds in repetition 155
tcp_ping received 384 bytes back
Round trip time was 22.8595 milliseconds in repetition 156
tcp_ping received 384 bytes back
Round trip time was 23.3731 milliseconds in repetition 157
tcp_ping received 384 bytes back
Round trip time was 23.1973 milliseconds in repetition 158
tcp_ping received 384 bytes back
Round trip time was 24.1944 milliseconds in repetition 159
tcp_ping received 384 bytes back
Round trip time was 23.3376 milliseconds in repetition 160
tcp_ping received 384 bytes back
Round trip time was 24.1467 milliseconds in repetition 161
tcp_ping received 384 bytes back
Round trip time was 26.3123 milliseconds in repetition 162
tcp_ping received 384 bytes back
Round trip time was 22.743 milliseconds in repetition 163
tcp_ping received 384 bytes back
Round trip time was 23.1529 milliseconds in repetition 164
tcp_ping received 384 bytes back
Round trip time was 22.8514 milliseconds in repetition 165
tcp_ping received 384 bytes back
Round trip time was 23.176 milliseconds in repetition 166
tcp_ping received 384 bytes back
Round trip time was 22.9438 milliseconds in repetition 167
tcp_ping received 384 bytes back
Round trip time was 22.6427 milliseconds in repetition 168
tcp_ping received 384 bytes back
Round trip time was 22.6616 milliseconds in repetition 169
tcp_ping received 384 bytes back
Round trip time was 23.8987 milliseconds in repetition 170
tcp_ping received 384 bytes back
Round trip time was 25.0663 milliseconds in repetition 171
tcp_ping received 384 bytes back
Round trip time was 22.3142 milliseconds in repetition 172
tcp_ping received 384 bytes back
Round trip time was 22.8234 milliseconds in repetition 173
tcp_ping received 384 bytes back
Round trip time was 22.9337 milliseconds in repetition 174
tcp_ping received 384 bytes back
Round trip time was 22.9228 milliseconds in repetition 175
tcp_ping received 384 bytes back
Round trip time was 24.9574 milliseconds in repetition 176
tcp_ping received 384 bytes back
Round trip time was 22.8358 milliseconds in repetition 177
tcp_ping received 384 bytes back
Round trip time was 22.8628 milliseconds in repetition 178
tcp_ping received 384 bytes back
Round trip time was 23.1042 milliseconds in repetition 179
tcp_ping received 384 bytes back
Round trip time was 22.5133 milliseconds in repetition 180
tcp_ping received 384 bytes back
Round trip time was 23.3199 milliseconds in repetition 181
tcp_ping received 384 bytes back
Round trip time was 23.4481 milliseconds in repetition 182
tcp_ping received 384 bytes back
Round trip time was 23.0956 milliseconds in repetition 183
tcp_ping received 384 bytes back
Round trip time was 22.9277 milliseconds in repetition 184
tcp_ping received 384 bytes back
Round trip time was 23.0756 milliseconds in repetition 185
tcp_ping received 384 bytes back
Round trip time was 22.9515 milliseconds in repetition 186
tcp_ping received 384 bytes back
Round trip time was 22.9246 milliseconds in repetition 187
tcp_ping received 384 bytes back
Round trip time was 23.001 milliseconds in repetition 188
tcp_ping received 384 bytes back
Round trip time was 23.068 milliseconds in repetition 189
tcp_ping received 384 bytes back
Round trip time was 22.6033 milliseconds in repetition 190
tcp_ping received 384 bytes back
Round trip time was 22.6945 milliseconds in repetition 191
tcp_ping received 384 bytes back
Round trip time was 22.9289 milliseconds in repetition 192
tcp_ping received 384 bytes back
Round trip time was 22.9303 milliseconds in repetition 193
tcp_ping received 384 bytes back
Round trip time was 23.4596 milliseconds in repetition 194
tcp_ping received 384 bytes back
Round trip time was 23.6041 milliseconds in repetition 195
tcp_ping received 384 bytes back
Round trip time was 23.0404 milliseconds in repetition 196
tcp_ping received 384 bytes back
Round trip time was 26.4008 milliseconds in repetition 197
tcp_ping received 384 bytes back
Round trip time was 24.7167 milliseconds in repetition 198
tcp_ping received 384 bytes back
Round trip time was 23.4959 milliseconds in repetition 199
tcp_ping received 384 bytes back
Round trip time was 22.8666 milliseconds in repetition 200
tcp_ping received 384 bytes back
Round trip time was 23.0135 milliseconds in repetition 201
tcp_ping received 384 bytes back
Round trip time was 23.3559 milliseconds in repetition 202
tcp_ping received 384 bytes back
Round trip time was 23.5972 milliseconds in repetition 203
tcp_ping received 384 bytes back
Round trip time was 23.871 milliseconds in repetition 204
tcp_ping received 384 bytes back
Round trip time was 23.4096 milliseconds in repetition 205
tcp_ping received 384 bytes back
Round trip time was 23.4 milliseconds in repetition 206
tcp_ping received 384 bytes back
Round trip time was 23.5941 milliseconds in repetition 207
tcp_ping received 384 bytes back
Round trip time was 23.3879 milliseconds in repetition 208
tcp_ping received 384 bytes back
Round trip time was 23.6958 milliseconds in repetition 209
tcp_ping received 384 bytes back
Round trip time was 23.5185 milliseconds in repetition 210
tcp_ping received 384 bytes back
Round trip time was 26.1983 milliseconds in repetition 211
tcp_ping received 384 bytes back
Round trip time was 24.1122 milliseconds in repetition 212
tcp_ping received 384 bytes back
Round trip time was 23.2336 milliseconds in repetition 213
tcp_ping received 384 bytes back
Round trip time was 23.0752 milliseconds in repetition 214
tcp_ping received 384 bytes back
Round trip time was 23.4375 milliseconds in repetition 215
tcp_ping received 384 bytes back
Round trip time was 22.7394 milliseconds in repetition 216
tcp_ping received 384 bytes back
Round trip time was 23.5009 milliseconds in repetition 217
tcp_ping received 384 bytes back
Round trip time was 23.7798 milliseconds in repetition 218
tcp_ping received 384 bytes back
Round trip time was 22.4094 milliseconds in repetition 219
tcp_ping received 384 bytes back
Round trip time was 21.9873 milliseconds in repetition 220
tcp_ping received 384 bytes back
Round trip time was 23.3792 milliseconds in repetition 221
tcp_ping received 384 bytes back
Round trip time was 22.7647 milliseconds in repetition 222
tcp_ping received 384 bytes back
Round trip time was 25.0593 milliseconds in repetition 223
tcp_ping received 384 bytes back
Round trip time was 26.2644 milliseconds in repetition 224
tcp_ping received 384 bytes back
Round trip time was 25.0399 milliseconds in repetition 225
tcp_ping received 384 bytes back
Round trip time was 23.2403 milliseconds in repetition 226
tcp_ping received 384 bytes back
Round trip time was 23.4964 milliseconds in repetition 227
tcp_ping received 384 bytes back
Round trip time was 25.5564 milliseconds in repetition 228
tcp_ping received 384 bytes back
Round trip time was 23.076 milliseconds in repetition 229
tcp_ping received 384 bytes back
Round trip time was 25.5008 milliseconds in repetition 230
tcp_ping received 384 bytes back
Round trip time was 28.9918 milliseconds in repetition 231
tcp_ping received 384 bytes back
Round trip time was 22.7177 milliseconds in repetition 232
tcp_ping received 384 bytes back
Round trip time was 26.7442 milliseconds in repetition 233
tcp_ping received 384 bytes back
Round trip time was 22.3397 milliseconds in repetition 234
tcp_ping received 384 bytes back
Round trip time was 23.8008 milliseconds in repetition 235
tcp_ping received 384 bytes back
Round trip time was 22.3658 milliseconds in repetition 236
tcp_ping received 384 bytes back
Round trip time was 27.631 milliseconds in repetition 237
tcp_ping received 384 bytes back
Round trip time was 24.072 milliseconds in repetition 238
tcp_ping received 384 bytes back
Round trip time was 25.2376 milliseconds in repetition 239
tcp_ping received 384 bytes back
Round trip time was 22.307 milliseconds in repetition 240
tcp_ping received 384 bytes back
Round trip time was 22.847 milliseconds in repetition 241
tcp_ping received 384 bytes back
Round trip time was 22.1857 milliseconds in repetition 242
tcp_ping received 384 bytes back
Round trip time was 22.0809 milliseconds in repetition 243
tcp_ping received 384 bytes back
Round trip time was 22.6069 milliseconds in repetition 244
tcp_ping received 384 bytes back
Round trip time was 23.3351 milliseconds in repetition 245
tcp_ping received 384 bytes back
Round trip time was 23.2759 milliseconds in repetition 246
tcp_ping received 384 bytes back
Round trip time was 23.0184 milliseconds in repetition 247
tcp_ping received 384 bytes back
Round trip time was 23.4329 milliseconds in repetition 248
tcp_ping received 384 bytes back
Round trip time was 22.9459 milliseconds in repetition 249
tcp_ping received 384 bytes back
Round trip time was 22.9714 milliseconds in repetition 250
tcp_ping received 384 bytes back
Round trip time was 23.0506 milliseconds in repetition 251
tcp_ping received 384 bytes back
Round trip time was 24.4761 milliseconds in repetition 252
tcp_ping received 384 bytes back
Round trip time was 24.6869 milliseconds in repetition 253
tcp_ping received 384 bytes back
Round trip time was 24.1277 milliseconds in repetition 254
tcp_ping received 384 bytes back
Round trip time was 23.7507 milliseconds in repetition 255
tcp_ping received 384 bytes back
Round trip time was 23.7934 milliseconds in repetition 256
tcp_ping received 384 bytes back
Round trip time was 22.8485 milliseconds in repetition 257
tcp_ping received 384 bytes back
Round trip time was 22.543 milliseconds in repetition 258
tcp_ping received 384 bytes back
Round trip time was 22.6097 milliseconds in repetition 259
tcp_ping received 384 bytes back
Round trip time was 23.0445 milliseconds in repetition 260
tcp_ping received 384 bytes back
Round trip time was 23.1312 milliseconds in repetition 261
tcp_ping received 384 bytes back
Round trip time was 24.5128 milliseconds in repetition 262
tcp_ping received 384 bytes back
Round trip time was 34.4773 milliseconds in repetition 263
tcp_ping received 384 bytes back
Round trip time was 22.2461 milliseconds in repetition 264
tcp_ping received 384 bytes back
Round trip time was 22.4718 milliseconds in repetition 265
tcp_ping received 384 bytes back
Round trip time was 22.5334 milliseconds in repetition 266
tcp_ping received 384 bytes back
Round trip time was 23.1317 milliseconds in repetition 267
tcp_ping received 384 bytes back
Round trip time was 22.9623 milliseconds in repetition 268
tcp_ping received 384 bytes back
Round trip time was 22.7523 milliseconds in repetition 269
tcp_ping received 384 bytes back
Round trip time was 22.7789 milliseconds in repetition 270
tcp_ping received 384 bytes back
Round trip time was 22.9014 milliseconds in repetition 271
tcp_ping received 384 bytes back
Round trip time was 22.2575 milliseconds in repetition 272
tcp_ping received 384 bytes back
Round trip time was 23.0279 milliseconds in repetition 273
tcp_ping received 384 bytes back
Round trip time was 22.9162 milliseconds in repetition 274
tcp_ping received 384 bytes back
Round trip time was 23.5214 milliseconds in repetition 275
tcp_ping received 384 bytes back
Round trip time was 22.9413 milliseconds in repetition 276
tcp_ping received 384 bytes back
Round trip time was 23.6495 milliseconds in repetition 277
tcp_ping received 384 bytes back
Round trip time was 23.0736 milliseconds in repetition 278
tcp_ping received 384 bytes back
Round trip time was 22.7634 milliseconds in repetition 279
tcp_ping received 384 bytes back
Round trip time was 23.5275 milliseconds in repetition 280
tcp_ping received 384 bytes back
Round trip time was 24.8348 milliseconds in repetition 281
tcp_ping received 384 bytes back
Round trip time was 22.4795 milliseconds in repetition 282
tcp_ping received 384 bytes back
Round trip time was 23.4643 milliseconds in repetition 283
tcp_ping received 384 bytes back
Round trip time was 22.6952 milliseconds in repetition 284
tcp_ping received 384 bytes back
Round trip time was 23.2419 milliseconds in repetition 285
tcp_ping received 384 bytes back
Round trip time was 23.4923 milliseconds in repetition 286
tcp_ping received 384 bytes back
Round trip time was 23.1135 milliseconds in repetition 287
tcp_ping received 384 bytes back
Round trip time was 22.7316 milliseconds in repetition 288
tcp_ping received 384 bytes back
Round trip time was 22.7948 milliseconds in repetition 289
tcp_ping received 384 bytes back
Round trip time was 22.6159 milliseconds in repetition 290
tcp_ping received 384 bytes back
Round trip time was 22.457 milliseconds in repetition 291
tcp_ping received 384 bytes back
Round trip time was 23.0666 milliseconds in repetition 292
tcp_ping received 384 bytes back
Round trip time was 23.1321 milliseconds in repetition 293
tcp_ping received 384 bytes back
Round trip time was 22.6883 milliseconds in repetition 294
tcp_ping received 384 bytes back
Round trip time was 22.6576 milliseconds in repetition 295
tcp_ping received 384 bytes back
Round trip time was 22.5052 milliseconds in repetition 296
tcp_ping received 384 bytes back
Round trip time was 22.7676 milliseconds in repetition 297
tcp_ping received 384 bytes back
Round trip time was 22.5663 milliseconds in repetition 298
tcp_ping received 384 bytes back
Round trip time was 22.9368 milliseconds in repetition 299
tcp_ping received 384 bytes back
Round trip time was 23.2676 milliseconds in repetition 300
tcp_ping received 384 bytes back
Round trip time was 23.3104 milliseconds in repetition 301
tcp_ping received 384 bytes back
Round trip time was 23.4232 milliseconds in repetition 302
tcp_ping received 384 bytes back
Round trip time was 22.7908 milliseconds in repetition 303
tcp_ping received 384 bytes back
Round trip time was 23.0754 milliseconds in repetition 304
tcp_ping received 384 bytes back
Round trip time was 23.1532 milliseconds in repetition 305
tcp_ping received 384 bytes back
Round trip time was 23.7535 milliseconds in repetition 306
tcp_ping received 384 bytes back
Round trip time was 23.7217 milliseconds in repetition 307
tcp_ping received 384 bytes back
Round trip time was 24.4881 milliseconds in repetition 308
tcp_ping received 384 bytes back
Round trip time was 23.4072 milliseconds in repetition 309
tcp_ping received 384 bytes back
Round trip time was 23.5694 milliseconds in repetition 310
tcp_ping received 384 bytes back
Round trip time was 23.2195 milliseconds in repetition 311
tcp_ping received 384 bytes back
Round trip time was 23.4771 milliseconds in repetition 312
tcp_ping received 384 bytes back
Round trip time was 23.0594 milliseconds in repetition 313
tcp_ping received 384 bytes back
Round trip time was 22.9369 milliseconds in repetition 314
tcp_ping received 384 bytes back
Round trip time was 22.951 milliseconds in repetition 315
tcp_ping received 384 bytes back
Round trip time was 22.9297 milliseconds in repetition 316
tcp_ping received 384 bytes back
Round trip time was 22.8849 milliseconds in repetition 317
tcp_ping received 384 bytes back
Round trip time was 23.4017 milliseconds in repetition 318
tcp_ping received 384 bytes back
Round trip time was 22.6355 milliseconds in repetition 319
tcp_ping received 384 bytes back
Round trip time was 23.1644 milliseconds in repetition 320
tcp_ping received 384 bytes back
Round trip time was 22.7136 milliseconds in repetition 321
tcp_ping received 384 bytes back
Round trip time was 22.9148 milliseconds in repetition 322
tcp_ping received 384 bytes back
Round trip time was 22.1704 milliseconds in repetition 323
tcp_ping received 384 bytes back
Round trip time was 22.7536 milliseconds in repetition 324
tcp_ping received 384 bytes back
Round trip time was 22.754 milliseconds in repetition 325
tcp_ping received 384 bytes back
Round trip time was 23.1179 milliseconds in repetition 326
tcp_ping received 384 bytes back
Round trip time was 22.8714 milliseconds in repetition 327
tcp_ping received 384 bytes back
Round trip time was 22.6472 milliseconds in repetition 328
tcp_ping received 384 bytes back
Round trip time was 22.5687 milliseconds in repetition 329
tcp_ping received 384 bytes back
Round trip time was 22.3217 milliseconds in repetition 330
tcp_ping received 384 bytes back
Round trip time was 22.9265 milliseconds in repetition 331
tcp_ping received 384 bytes back
Round trip time was 22.9342 milliseconds in repetition 332
tcp_ping received 384 bytes back
Round trip time was 22.55 milliseconds in repetition 333
tcp_ping received 384 bytes back
Round trip time was 22.8896 milliseconds in repetition 334
tcp_ping received 384 bytes back
Round trip time was 22.422 milliseconds in repetition 335
tcp_ping received 384 bytes back
Round trip time was 23.0705 milliseconds in repetition 336
tcp_ping received 384 bytes back
Round trip time was 23.0916 milliseconds in repetition 337
tcp_ping received 384 bytes back
Round trip time was 22.6896 milliseconds in repetition 338
tcp_ping received 384 bytes back
Round trip time was 22.3164 milliseconds in repetition 339
tcp_ping received 384 bytes back
Round trip time was 22.569 milliseconds in repetition 340
tcp_ping received 384 bytes back
Round trip time was 22.6878 milliseconds in repetition 341
tcp_ping received 384 bytes back
Round trip time was 22.9954 milliseconds in repetition 342
tcp_ping received 384 bytes back
Round trip time was 22.6684 milliseconds in repetition 343
tcp_ping received 384 bytes back
Round trip time was 22.9598 milliseconds in repetition 344
tcp_ping received 384 bytes back
Round trip time was 23.2274 milliseconds in repetition 345
tcp_ping received 384 bytes back
Round trip time was 23.2398 milliseconds in repetition 346
tcp_ping received 384 bytes back
Round trip time was 22.6729 milliseconds in repetition 347
tcp_ping received 384 bytes back
Round trip time was 22.984 milliseconds in repetition 348
tcp_ping received 384 bytes back
Round trip time was 22.3874 milliseconds in repetition 349
tcp_ping received 384 bytes back
Round trip time was 22.5433 milliseconds in repetition 350
tcp_ping received 384 bytes back
Round trip time was 22.6685 milliseconds in repetition 351
tcp_ping received 384 bytes back
Round trip time was 23.07 milliseconds in repetition 352
tcp_ping received 384 bytes back
Round trip time was 29.0398 milliseconds in repetition 353
tcp_ping received 384 bytes back
Round trip time was 23.4524 milliseconds in repetition 354
tcp_ping received 384 bytes back
Round trip time was 23.0703 milliseconds in repetition 355
tcp_ping received 384 bytes back
Round trip time was 22.9417 milliseconds in repetition 356
tcp_ping received 384 bytes back
Round trip time was 23.3046 milliseconds in repetition 357
tcp_ping received 384 bytes back
Round trip time was 22.4745 milliseconds in repetition 358
tcp_ping received 384 bytes back
Round trip time was 22.3552 milliseconds in repetition 359
tcp_ping received 384 bytes back
Round trip time was 23.0266 milliseconds in repetition 360
tcp_ping received 384 bytes back
Round trip time was 22.9857 milliseconds in repetition 361
tcp_ping received 384 bytes back
Round trip time was 23.5007 milliseconds in repetition 362
tcp_ping received 384 bytes back
Round trip time was 23.1812 milliseconds in repetition 363
tcp_ping received 384 bytes back
Round trip time was 22.9752 milliseconds in repetition 364
tcp_ping received 384 bytes back
Round trip time was 22.7758 milliseconds in repetition 365
tcp_ping received 384 bytes back
Round trip time was 22.9494 milliseconds in repetition 366
tcp_ping received 384 bytes back
Round trip time was 23.0156 milliseconds in repetition 367
tcp_ping received 384 bytes back
Round trip time was 22.8149 milliseconds in repetition 368
tcp_ping received 384 bytes back
Round trip time was 23.2029 milliseconds in repetition 369
tcp_ping received 384 bytes back
Round trip time was 22.3673 milliseconds in repetition 370
tcp_ping received 384 bytes back
Round trip time was 22.5623 milliseconds in repetition 371
tcp_ping received 384 bytes back
Round trip time was 23.3744 milliseconds in repetition 372
tcp_ping received 384 bytes back
Round trip time was 23.1187 milliseconds in repetition 373
tcp_ping received 384 bytes back
Round trip time was 22.9954 milliseconds in repetition 374
tcp_ping received 384 bytes back
Round trip time was 24.5832 milliseconds in repetition 375
tcp_ping received 384 bytes back
Round trip time was 23.2401 milliseconds in repetition 376
tcp_ping received 384 bytes back
Round trip time was 23.3494 milliseconds in repetition 377
tcp_ping received 384 bytes back
Round trip time was 22.8412 milliseconds in repetition 378
tcp_ping received 384 bytes back
Round trip time was 22.9762 milliseconds in repetition 379
tcp_ping received 384 bytes back
Round trip time was 22.9919 milliseconds in repetition 380
tcp_ping received 384 bytes back
Round trip time was 23.1192 milliseconds in repetition 381
tcp_ping received 384 bytes back
Round trip time was 24.5524 milliseconds in repetition 382
tcp_ping received 384 bytes back
Round trip time was 22.5484 milliseconds in repetition 383
tcp_ping received 384 bytes back
Round trip time was 23.0714 milliseconds in repetition 384
tcp_ping received 384 bytes back
Round trip time was 23.6147 milliseconds in repetition 385
tcp_ping received 384 bytes back
Round trip time was 23.0236 milliseconds in repetition 386
tcp_ping received 384 bytes back
Round trip time was 26.5067 milliseconds in repetition 387
tcp_ping received 384 bytes back
Round trip time was 23.4739 milliseconds in repetition 388
tcp_ping received 384 bytes back
Round trip time was 23.4407 milliseconds in repetition 389
tcp_ping received 384 bytes back
Round trip time was 22.6575 milliseconds in repetition 390
tcp_ping received 384 bytes back
Round trip time was 22.8781 milliseconds in repetition 391
tcp_ping received 384 bytes back
Round trip time was 23.0803 milliseconds in repetition 392
tcp_ping received 384 bytes back
Round trip time was 23.0957 milliseconds in repetition 393
tcp_ping received 384 bytes back
Round trip time was 22.984 milliseconds in repetition 394
tcp_ping received 384 bytes back
Round trip time was 23.1029 milliseconds in repetition 395
tcp_ping received 384 bytes back
Round trip time was 25.1144 milliseconds in repetition 396
tcp_ping received 384 bytes back
Round trip time was 22.8702 milliseconds in repetition 397
tcp_ping received 384 bytes back
Round trip time was 23.5455 milliseconds in repetition 398
tcp_ping received 384 bytes back
Round trip time was 23.4961 milliseconds in repetition 399
tcp_ping received 384 bytes back
Round trip time was 23.2568 milliseconds in repetition 400
tcp_ping received 384 bytes back
Round trip time was 23.4001 milliseconds in repetition 401
tcp_ping received 384 bytes back
Round trip time was 23.1199 milliseconds in repetition 402
tcp_ping received 384 bytes back
Round trip time was 24.0677 milliseconds in repetition 403
tcp_ping received 384 bytes back
Round trip time was 24.4724 milliseconds in repetition 404
tcp_ping received 384 bytes back
Round trip time was 22.3931 milliseconds in repetition 405
tcp_ping received 384 bytes back
Round trip time was 23.6282 milliseconds in repetition 406
tcp_ping received 384 bytes back
Round trip time was 22.7405 milliseconds in repetition 407
tcp_ping received 384 bytes back
Round trip time was 22.472 milliseconds in repetition 408
tcp_ping received 384 bytes back
Round trip time was 22.696 milliseconds in repetition 409
tcp_ping received 384 bytes back
Round trip time was 23.3368 milliseconds in repetition 410
tcp_ping received 384 bytes back
Round trip time was 22.3275 milliseconds in repetition 411
tcp_ping received 384 bytes back
Round trip time was 22.2064 milliseconds in repetition 412
tcp_ping received 384 bytes back
Round trip time was 22.6749 milliseconds in repetition 413
tcp_ping received 384 bytes back
Round trip time was 23.0768 milliseconds in repetition 414
tcp_ping received 384 bytes back
Round trip time was 29.0858 milliseconds in repetition 415
tcp_ping received 384 bytes back
Round trip time was 23.5383 milliseconds in repetition 416
tcp_ping received 384 bytes back
Round trip time was 23.0257 milliseconds in repetition 417
tcp_ping received 384 bytes back
Round trip time was 22.9495 milliseconds in repetition 418
tcp_ping received 384 bytes back
Round trip time was 23.5336 milliseconds in repetition 419
tcp_ping received 384 bytes back
Round trip time was 22.207 milliseconds in repetition 420
tcp_ping received 384 bytes back
Round trip time was 22.2223 milliseconds in repetition 421
tcp_ping received 384 bytes back
Round trip time was 22.8298 milliseconds in repetition 422
tcp_ping received 384 bytes back
Round trip time was 24.5918 milliseconds in repetition 423
tcp_ping received 384 bytes back
Round trip time was 23.683 milliseconds in repetition 424
tcp_ping received 384 bytes back
Round trip time was 22.1208 milliseconds in repetition 425
tcp_ping received 384 bytes back
Round trip time was 22.7766 milliseconds in repetition 426
tcp_ping received 384 bytes back
Round trip time was 22.9459 milliseconds in repetition 427
tcp_ping received 384 bytes back
Round trip time was 22.5584 milliseconds in repetition 428
tcp_ping received 384 bytes back
Round trip time was 22.4838 milliseconds in repetition 429
tcp_ping received 384 bytes back
Round trip time was 23.5856 milliseconds in repetition 430
tcp_ping received 384 bytes back
Round trip time was 25.5025 milliseconds in repetition 431
tcp_ping received 384 bytes back
Round trip time was 23.3646 milliseconds in repetition 432
tcp_ping received 384 bytes back
Round trip time was 22.6235 milliseconds in repetition 433
tcp_ping received 384 bytes back
Round trip time was 24.2896 milliseconds in repetition 434
tcp_ping received 384 bytes back
Round trip time was 22.8559 milliseconds in repetition 435
tcp_ping received 384 bytes back
Round trip time was 22.5231 milliseconds in repetition 436
tcp_ping received 384 bytes back
Round trip time was 22.5679 milliseconds in repetition 437
tcp_ping received 384 bytes back
Round trip time was 22.39 milliseconds in repetition 438
tcp_ping received 384 bytes back
Round trip time was 24.1041 milliseconds in repetition 439
tcp_ping received 384 bytes back
Round trip time was 24.9482 milliseconds in repetition 440
tcp_ping received 384 bytes back
Round trip time was 22.6868 milliseconds in repetition 441
tcp_ping received 384 bytes back
Round trip time was 22.7806 milliseconds in repetition 442
tcp_ping received 384 bytes back
Round trip time was 23.186 milliseconds in repetition 443
tcp_ping received 384 bytes back
Round trip time was 22.7855 milliseconds in repetition 444
tcp_ping received 384 bytes back
Round trip time was 22.6257 milliseconds in repetition 445
tcp_ping received 384 bytes back
Round trip time was 23.5179 milliseconds in repetition 446
tcp_ping received 384 bytes back
Round trip time was 22.9676 milliseconds in repetition 447
tcp_ping received 384 bytes back
Round trip time was 23.5642 milliseconds in repetition 448
tcp_ping received 384 bytes back
Round trip time was 25.2506 milliseconds in repetition 449
tcp_ping received 384 bytes back
Round trip time was 23.1059 milliseconds in repetition 450
tcp_ping received 384 bytes back
Round trip time was 23.3316 milliseconds in repetition 451
tcp_ping received 384 bytes back
Round trip time was 23.0352 milliseconds in repetition 452
tcp_ping received 384 bytes back
Round trip time was 23.7036 milliseconds in repetition 453
tcp_ping received 384 bytes back
Round trip time was 23.8829 milliseconds in repetition 454
tcp_ping received 384 bytes back
Round trip time was 23.0932 milliseconds in repetition 455
tcp_ping received 384 bytes back
Round trip time was 23.6697 milliseconds in repetition 456
tcp_ping received 384 bytes back
Round trip time was 25.402 milliseconds in repetition 457
tcp_ping received 384 bytes back
Round trip time was 23.0481 milliseconds in repetition 458
tcp_ping received 384 bytes back
Round trip time was 22.967 milliseconds in repetition 459
tcp_ping received 384 bytes back
Round trip time was 22.9013 milliseconds in repetition 460
tcp_ping received 384 bytes back
Round trip time was 35.2655 milliseconds in repetition 461
tcp_ping received 384 bytes back
Round trip time was 23.439 milliseconds in repetition 462
tcp_ping received 384 bytes back
Round trip time was 22.489 milliseconds in repetition 463
tcp_ping received 384 bytes back
Round trip time was 22.5567 milliseconds in repetition 464
tcp_ping received 384 bytes back
Round trip time was 24.2782 milliseconds in repetition 465
tcp_ping received 384 bytes back
Round trip time was 23.2072 milliseconds in repetition 466
tcp_ping received 384 bytes back
Round trip time was 24.1873 milliseconds in repetition 467
tcp_ping received 384 bytes back
Round trip time was 23.3226 milliseconds in repetition 468
tcp_ping received 384 bytes back
Round trip time was 23.4524 milliseconds in repetition 469
tcp_ping received 384 bytes back
Round trip time was 22.629 milliseconds in repetition 470
tcp_ping received 384 bytes back
Round trip time was 23.1441 milliseconds in repetition 471
tcp_ping received 384 bytes back
Round trip time was 22.7241 milliseconds in repetition 472
tcp_ping received 384 bytes back
Round trip time was 23.4076 milliseconds in repetition 473
tcp_ping received 384 bytes back
Round trip time was 23.0523 milliseconds in repetition 474
tcp_ping received 384 bytes back
Round trip time was 24.4047 milliseconds in repetition 475
tcp_ping received 384 bytes back
Round trip time was 23.1733 milliseconds in repetition 476
tcp_ping received 384 bytes back
Round trip time was 23.5547 milliseconds in repetition 477
tcp_ping received 384 bytes back
Round trip time was 23.1585 milliseconds in repetition 478
tcp_ping received 384 bytes back
Round trip time was 23.8685 milliseconds in repetition 479
tcp_ping received 384 bytes back
Round trip time was 23.618 milliseconds in repetition 480
tcp_ping received 384 bytes back
Round trip time was 23.7579 milliseconds in repetition 481
tcp_ping received 384 bytes back
Round trip time was 23.8219 milliseconds in repetition 482
tcp_ping received 384 bytes back
Round trip time was 24.7026 milliseconds in repetition 483
tcp_ping received 384 bytes back
Round trip time was 22.9564 milliseconds in repetition 484
tcp_ping received 384 bytes back
Round trip time was 27.1855 milliseconds in repetition 485
tcp_ping received 384 bytes back
Round trip time was 34.7541 milliseconds in repetition 486
tcp_ping received 384 bytes back
Round trip time was 22.3302 milliseconds in repetition 487
tcp_ping received 384 bytes back
Round trip time was 23.926 milliseconds in repetition 488
tcp_ping received 384 bytes back
Round trip time was 22.5041 milliseconds in repetition 489
tcp_ping received 384 bytes back
Round trip time was 22.7864 milliseconds in repetition 490
tcp_ping received 384 bytes back
Round trip time was 29.8767 milliseconds in repetition 491
tcp_ping received 384 bytes back
Round trip time was 24.5618 milliseconds in repetition 492
tcp_ping received 384 bytes back
Round trip time was 28.8277 milliseconds in repetition 493
tcp_ping received 384 bytes back
Round trip time was 22.9713 milliseconds in repetition 494
tcp_ping received 384 bytes back
Round trip time was 23.2289 milliseconds in repetition 495
tcp_ping received 384 bytes back
Round trip time was 22.6414 milliseconds in repetition 496
tcp_ping received 384 bytes back
Round trip time was 23.6183 milliseconds in repetition 497
tcp_ping received 384 bytes back
Round trip time was 23.3879 milliseconds in repetition 498
tcp_ping received 384 bytes back
Round trip time was 23.1081 milliseconds in repetition 499
tcp_ping received 384 bytes back
Round trip time was 23.0063 milliseconds in repetition 500
tcp_ping received 384 bytes back
Round trip time was 25.5099 milliseconds in repetition 501

 ... clock resolution was 1e-06
TCP Ping:  Statistics over 501 repetitions of 384 byte messages

RTT : percentile 10: 22.5448, median: 23.1202, percentile 90: 24.7167, average: 23.5188, variance: 2.14962

RTT histogram:
21.9873 17
22.6512 178
23.3151 179
23.979 59
24.6429 25
25.3068 19
25.9707 4
26.6346 5
27.2985 2
27.9625 2
28.6264 1
29.2903 4
29.9542 2
30.6181 0
31.282 1
31.9459 0
32.6098 0
33.2737 0
33.9377 0
34.6016 2
35.2655 1

   median Throughput : 33.2178 KB/s   overall Throughput : 32.6548 KB/s

