TCP Ping trying to connect to server seti.dibris.unige.it (130.251.61.30) on port 1491

... connected to Pong server: asking for 501 repetitions of 24576 bytes TCP messages
 ... Pong server agreed :-)
tcp_ping received 24576 bytes back
Round trip time was 94.8619 milliseconds in repetition 1
tcp_ping received 24576 bytes back
Round trip time was 30.9363 milliseconds in repetition 2
tcp_ping received 24576 bytes back
Round trip time was 31.6203 milliseconds in repetition 3
tcp_ping received 24576 bytes back
Round trip time was 28.3118 milliseconds in repetition 4
tcp_ping received 24576 bytes back
Round trip time was 28.4885 milliseconds in repetition 5
tcp_ping received 24576 bytes back
Round trip time was 27.9437 milliseconds in repetition 6
tcp_ping received 24576 bytes back
Round trip time was 29.0776 milliseconds in repetition 7
tcp_ping received 24576 bytes back
Round trip time was 27.5426 milliseconds in repetition 8
tcp_ping received 24576 bytes back
Round trip time was 27.7667 milliseconds in repetition 9
tcp_ping received 24576 bytes back
Round trip time was 27.6023 milliseconds in repetition 10
tcp_ping received 24576 bytes back
Round trip time was 31.2288 milliseconds in repetition 11
tcp_ping received 24576 bytes back
Round trip time was 29.0061 milliseconds in repetition 12
tcp_ping received 24576 bytes back
Round trip time was 29.0094 milliseconds in repetition 13
tcp_ping received 24576 bytes back
Round trip time was 28.8372 milliseconds in repetition 14
tcp_ping received 24576 bytes back
Round trip time was 31.0349 milliseconds in repetition 15
tcp_ping received 24576 bytes back
Round trip time was 27.9584 milliseconds in repetition 16
tcp_ping received 24576 bytes back
Round trip time was 28.1463 milliseconds in repetition 17
tcp_ping received 24576 bytes back
Round trip time was 27.7374 milliseconds in repetition 18
tcp_ping received 24576 bytes back
Round trip time was 28.207 milliseconds in repetition 19
tcp_ping received 24576 bytes back
Round trip time was 30.1429 milliseconds in repetition 20
tcp_ping received 24576 bytes back
Round trip time was 28.8486 milliseconds in repetition 21
tcp_ping received 24576 bytes back
Round trip time was 27.9069 milliseconds in repetition 22
tcp_ping received 24576 bytes back
Round trip time was 28.0767 milliseconds in repetition 23
tcp_ping received 24576 bytes back
Round trip time was 27.6513 milliseconds in repetition 24
tcp_ping received 24576 bytes back
Round trip time was 28.2168 milliseconds in repetition 25
tcp_ping received 24576 bytes back
Round trip time was 29.3786 milliseconds in repetition 26
tcp_ping received 24576 bytes back
Round trip time was 28.3434 milliseconds in repetition 27
tcp_ping received 24576 bytes back
Round trip time was 27.8629 milliseconds in repetition 28
tcp_ping received 24576 bytes back
Round trip time was 28.4446 milliseconds in repetition 29
tcp_ping received 24576 bytes back
Round trip time was 27.6753 milliseconds in repetition 30
tcp_ping received 24576 bytes back
Round trip time was 29.3292 milliseconds in repetition 31
tcp_ping received 24576 bytes back
Round trip time was 27.4356 milliseconds in repetition 32
tcp_ping received 24576 bytes back
Round trip time was 27.2835 milliseconds in repetition 33
tcp_ping received 24576 bytes back
Round trip time was 27.517 milliseconds in repetition 34
tcp_ping received 24576 bytes back
Round trip time was 30.3786 milliseconds in repetition 35
tcp_ping received 24576 bytes back
Round trip time was 27.9946 milliseconds in repetition 36
tcp_ping received 24576 bytes back
Round trip time was 32.4385 milliseconds in repetition 37
tcp_ping received 24576 bytes back
Round trip time was 28.7715 milliseconds in repetition 38
tcp_ping received 24576 bytes back
Round trip time was 28.4266 milliseconds in repetition 39
tcp_ping received 24576 bytes back
Round trip time was 29.1527 milliseconds in repetition 40
tcp_ping received 24576 bytes back
Round trip time was 28.7616 milliseconds in repetition 41
tcp_ping received 24576 bytes back
Round trip time was 29.5368 milliseconds in repetition 42
tcp_ping received 24576 bytes back
Round trip time was 28.0543 milliseconds in repetition 43
tcp_ping received 24576 bytes back
Round trip time was 28.3584 milliseconds in repetition 44
tcp_ping received 24576 bytes back
Round trip time was 27.6385 milliseconds in repetition 45
tcp_ping received 24576 bytes back
Round trip time was 35.4685 milliseconds in repetition 46
tcp_ping received 24576 bytes back
Round trip time was 29.0722 milliseconds in repetition 47
tcp_ping received 24576 bytes back
Round trip time was 31.733 milliseconds in repetition 48
tcp_ping received 24576 bytes back
Round trip time was 29.7469 milliseconds in repetition 49
tcp_ping received 24576 bytes back
Round trip time was 28.0297 milliseconds in repetition 50
tcp_ping received 24576 bytes back
Round trip time was 27.0806 milliseconds in repetition 51
tcp_ping received 24576 bytes back
Round trip time was 29.5324 milliseconds in repetition 52
tcp_ping received 24576 bytes back
Round trip time was 28.0868 milliseconds in repetition 53
tcp_ping received 24576 bytes back
Round trip time was 28.3681 milliseconds in repetition 54
tcp_ping received 24576 bytes back
Round trip time was 27.7822 milliseconds in repetition 55
tcp_ping received 24576 bytes back
Round trip time was 30.3996 milliseconds in repetition 56
tcp_ping received 24576 bytes back
Round trip time was 28.0425 milliseconds in repetition 57
tcp_ping received 24576 bytes back
Round trip time was 27.5723 milliseconds in repetition 58
tcp_ping received 24576 bytes back
Round trip time was 28.1121 milliseconds in repetition 59
tcp_ping received 24576 bytes back
Round trip time was 27.7229 milliseconds in repetition 60
tcp_ping received 24576 bytes back
Round trip time was 27.4282 milliseconds in repetition 61
tcp_ping received 24576 bytes back
Round trip time was 28.8228 milliseconds in repetition 62
tcp_ping received 24576 bytes back
Round trip time was 27.7756 milliseconds in repetition 63
tcp_ping received 24576 bytes back
Round trip time was 28.452 milliseconds in repetition 64
tcp_ping received 24576 bytes back
Round trip time was 29.1062 milliseconds in repetition 65
tcp_ping received 24576 bytes back
Round trip time was 28.4109 milliseconds in repetition 66
tcp_ping received 24576 bytes back
Round trip time was 27.7525 milliseconds in repetition 67
tcp_ping received 24576 bytes back
Round trip time was 27.238 milliseconds in repetition 68
tcp_ping received 24576 bytes back
Round trip time was 28.068 milliseconds in repetition 69
tcp_ping received 24576 bytes back
Round trip time was 28.3718 milliseconds in repetition 70
tcp_ping received 24576 bytes back
Round trip time was 27.8268 milliseconds in repetition 71
tcp_ping received 24576 bytes back
Round trip time was 28.3606 milliseconds in repetition 72
tcp_ping received 24576 bytes back
Round trip time was 30.1665 milliseconds in repetition 73
tcp_ping received 24576 bytes back
Round trip time was 29.1352 milliseconds in repetition 74
tcp_ping received 24576 bytes back
Round trip time was 28.4071 milliseconds in repetition 75
tcp_ping received 24576 bytes back
Round trip time was 27.7286 milliseconds in repetition 76
tcp_ping received 24576 bytes back
Round trip time was 29.9818 milliseconds in repetition 77
tcp_ping received 24576 bytes back
Round trip time was 34.4097 milliseconds in repetition 78
tcp_ping received 24576 bytes back
Round trip time was 27.9044 milliseconds in repetition 79
tcp_ping received 24576 bytes back
Round trip time was 27.7285 milliseconds in repetition 80
tcp_ping received 24576 bytes back
Round trip time was 28.3117 milliseconds in repetition 81
tcp_ping received 24576 bytes back
Round trip time was 28.1105 milliseconds in repetition 82
tcp_ping received 24576 bytes back
Round trip time was 27.5678 milliseconds in repetition 83
tcp_ping received 24576 bytes back
Round trip time was 29.7598 milliseconds in repetition 84
tcp_ping received 24576 bytes back
Round trip time was 30.0412 milliseconds in repetition 85
tcp_ping received 24576 bytes back
Round trip time was 29.3483 milliseconds in repetition 86
tcp_ping received 24576 bytes back
Round trip time was 28.0372 milliseconds in repetition 87
tcp_ping received 24576 bytes back
Round trip time was 27.5371 milliseconds in repetition 88
tcp_ping received 24576 bytes back
Round trip time was 27.9934 milliseconds in repetition 89
tcp_ping received 24576 bytes back
Round trip time was 28.0578 milliseconds in repetition 90
tcp_ping received 24576 bytes back
Round trip time was 40.5715 milliseconds in repetition 91
tcp_ping received 24576 bytes back
Round trip time was 30.3684 milliseconds in repetition 92
tcp_ping received 24576 bytes back
Round trip time was 33.0088 milliseconds in repetition 93
tcp_ping received 24576 bytes back
Round trip time was 27.4356 milliseconds in repetition 94
tcp_ping received 24576 bytes back
Round trip time was 27.8649 milliseconds in repetition 95
tcp_ping received 24576 bytes back
Round trip time was 29.5902 milliseconds in repetition 96
tcp_ping received 24576 bytes back
Round trip time was 28.8528 milliseconds in repetition 97
tcp_ping received 24576 bytes back
Round trip time was 27.3689 milliseconds in repetition 98
tcp_ping received 24576 bytes back
Round trip time was 28.2787 milliseconds in repetition 99
tcp_ping received 24576 bytes back
Round trip time was 31.2207 milliseconds in repetition 100
tcp_ping received 24576 bytes back
Round trip time was 30.2482 milliseconds in repetition 101
tcp_ping received 24576 bytes back
Round trip time was 27.8495 milliseconds in repetition 102
tcp_ping received 24576 bytes back
Round trip time was 28.8218 milliseconds in repetition 103
tcp_ping received 24576 bytes back
Round trip time was 27.494 milliseconds in repetition 104
tcp_ping received 24576 bytes back
Round trip time was 27.4129 milliseconds in repetition 105
tcp_ping received 24576 bytes back
Round trip time was 27.5891 milliseconds in repetition 106
tcp_ping received 24576 bytes back
Round trip time was 29.0475 milliseconds in repetition 107
tcp_ping received 24576 bytes back
Round trip time was 28.204 milliseconds in repetition 108
tcp_ping received 24576 bytes back
Round trip time was 27.8268 milliseconds in repetition 109
tcp_ping received 24576 bytes back
Round trip time was 27.7725 milliseconds in repetition 110
tcp_ping received 24576 bytes back
Round trip time was 27.6354 milliseconds in repetition 111
tcp_ping received 24576 bytes back
Round trip time was 29.1395 milliseconds in repetition 112
tcp_ping received 24576 bytes back
Round trip time was 28.0641 milliseconds in repetition 113
tcp_ping received 24576 bytes back
Round trip time was 28.8922 milliseconds in repetition 114
tcp_ping received 24576 bytes back
Round trip time was 28.9045 milliseconds in repetition 115
tcp_ping received 24576 bytes back
Round trip time was 29.0035 milliseconds in repetition 116
tcp_ping received 24576 bytes back
Round trip time was 29.4108 milliseconds in repetition 117
tcp_ping received 24576 bytes back
Round trip time was 28.4273 milliseconds in repetition 118
tcp_ping received 24576 bytes back
Round trip time was 28.078 milliseconds in repetition 119
tcp_ping received 24576 bytes back
Round trip time was 27.6804 milliseconds in repetition 120
tcp_ping received 24576 bytes back
Round trip time was 27.7953 milliseconds in repetition 121
tcp_ping received 24576 bytes back
Round trip time was 27.6062 milliseconds in repetition 122
tcp_ping received 24576 bytes back
Round trip time was 27.8385 milliseconds in repetition 123
tcp_ping received 24576 bytes back
Round trip time was 29.2054 milliseconds in repetition 124
tcp_ping received 24576 bytes back
Round trip time was 28.2704 milliseconds in repetition 125
tcp_ping received 24576 bytes back
Round trip time was 27.4447 milliseconds in repetition 126
tcp_ping received 24576 bytes back
Round trip time was 27.9496 milliseconds in repetition 127
tcp_ping received 24576 bytes back
Round trip time was 29.5715 milliseconds in repetition 128
tcp_ping received 24576 bytes back
Round trip time was 27.4969 milliseconds in repetition 129
tcp_ping received 24576 bytes back
Round trip time was 28.0882 milliseconds in repetition 130
tcp_ping received 24576 bytes back
Round trip time was 27.9212 milliseconds in repetition 131
tcp_ping received 24576 bytes back
Round trip time was 27.5998 milliseconds in repetition 132
tcp_ping received 24576 bytes back
Round trip time was 28.0528 milliseconds in repetition 133
tcp_ping received 24576 bytes back
Round trip time was 28.6785 milliseconds in repetition 134
tcp_ping received 24576 bytes back
Round trip time was 28.0568 milliseconds in repetition 135
tcp_ping received 24576 bytes back
Round trip time was 29.1059 milliseconds in repetition 136
tcp_ping received 24576 bytes back
Round trip time was 27.1523 milliseconds in repetition 137
tcp_ping received 24576 bytes back
Round trip time was 28.7201 milliseconds in repetition 138
tcp_ping received 24576 bytes back
Round trip time was 29.7927 milliseconds in repetition 139
tcp_ping received 24576 bytes back
Round trip time was 30.5713 milliseconds in repetition 140
tcp_ping received 24576 bytes back
Round trip time was 27.3387 milliseconds in repetition 141
tcp_ping received 24576 bytes back
Round trip time was 29.8922 milliseconds in repetition 142
tcp_ping received 24576 bytes back
Round trip time was 27.8968 milliseconds in repetition 143
tcp_ping received 24576 bytes back
Round trip time was 28.8149 milliseconds in repetition 144
tcp_ping received 24576 bytes back
Round trip time was 27.5251 milliseconds in repetition 145
tcp_ping received 24576 bytes back
Round trip time was 28.1542 milliseconds in repetition 146
tcp_ping received 24576 bytes back
Round trip time was 28.9638 milliseconds in repetition 147
tcp_ping received 24576 bytes back
Round trip time was 27.2584 milliseconds in repetition 148
tcp_ping received 24576 bytes back
Round trip time was 30.7582 milliseconds in repetition 149
tcp_ping received 24576 bytes back
Round trip time was 27.2056 milliseconds in repetition 150
tcp_ping received 24576 bytes back
Round trip time was 27.4486 milliseconds in repetition 151
tcp_ping received 24576 bytes back
Round trip time was 28.376 milliseconds in repetition 152
tcp_ping received 24576 bytes back
Round trip time was 29.3215 milliseconds in repetition 153
tcp_ping received 24576 bytes back
Round trip time was 29.7753 milliseconds in repetition 154
tcp_ping received 24576 bytes back
Round trip time was 27.7509 milliseconds in repetition 155
tcp_ping received 24576 bytes back
Round trip time was 27.7966 milliseconds in repetition 156
tcp_ping received 24576 bytes back
Round trip time was 27.3119 milliseconds in repetition 157
tcp_ping received 24576 bytes back
Round trip time was 29.1397 milliseconds in repetition 158
tcp_ping received 24576 bytes back
Round trip time was 27.8961 milliseconds in repetition 159
tcp_ping received 24576 bytes back
Round trip time was 27.1116 milliseconds in repetition 160
tcp_ping received 24576 bytes back
Round trip time was 28.9394 milliseconds in repetition 161
tcp_ping received 24576 bytes back
Round trip time was 27.9273 milliseconds in repetition 162
tcp_ping received 24576 bytes back
Round trip time was 27.1656 milliseconds in repetition 163
tcp_ping received 24576 bytes back
Round trip time was 28.0679 milliseconds in repetition 164
tcp_ping received 24576 bytes back
Round trip time was 27.9331 milliseconds in repetition 165
tcp_ping received 24576 bytes back
Round trip time was 28.3638 milliseconds in repetition 166
tcp_ping received 24576 bytes back
Round trip time was 32.578 milliseconds in repetition 167
tcp_ping received 24576 bytes back
Round trip time was 29.0054 milliseconds in repetition 168
tcp_ping received 24576 bytes back
Round trip time was 27.3398 milliseconds in repetition 169
tcp_ping received 24576 bytes back
Round trip time was 26.9883 milliseconds in repetition 170
tcp_ping received 24576 bytes back
Round trip time was 32.2566 milliseconds in repetition 171
tcp_ping received 24576 bytes back
Round trip time was 27.8258 milliseconds in repetition 172
tcp_ping received 24576 bytes back
Round trip time was 28.3261 milliseconds in repetition 173
tcp_ping received 24576 bytes back
Round trip time was 28.3051 milliseconds in repetition 174
tcp_ping received 24576 bytes back
Round trip time was 37.3598 milliseconds in repetition 175
tcp_ping received 24576 bytes back
Round trip time was 27.3914 milliseconds in repetition 176
tcp_ping received 24576 bytes back
Round trip time was 27.1128 milliseconds in repetition 177
tcp_ping received 24576 bytes back
Round trip time was 27.6014 milliseconds in repetition 178
tcp_ping received 24576 bytes back
Round trip time was 27.6155 milliseconds in repetition 179
tcp_ping received 24576 bytes back
Round trip time was 27.9367 milliseconds in repetition 180
tcp_ping received 24576 bytes back
Round trip time was 28.3506 milliseconds in repetition 181
tcp_ping received 24576 bytes back
Round trip time was 29.3145 milliseconds in repetition 182
tcp_ping received 24576 bytes back
Round trip time was 27.7109 milliseconds in repetition 183
tcp_ping received 24576 bytes back
Round trip time was 28.1987 milliseconds in repetition 184
tcp_ping received 24576 bytes back
Round trip time was 28.1423 milliseconds in repetition 185
tcp_ping received 24576 bytes back
Round trip time was 27.7191 milliseconds in repetition 186
tcp_ping received 24576 bytes back
Round trip time was 28.9626 milliseconds in repetition 187
tcp_ping received 24576 bytes back
Round trip time was 27.5661 milliseconds in repetition 188
tcp_ping received 24576 bytes back
Round trip time was 27.9674 milliseconds in repetition 189
tcp_ping received 24576 bytes back
Round trip time was 28.2474 milliseconds in repetition 190
tcp_ping received 24576 bytes back
Round trip time was 28.8317 milliseconds in repetition 191
tcp_ping received 24576 bytes back
Round trip time was 30.9544 milliseconds in repetition 192
tcp_ping received 24576 bytes back
Round trip time was 28.6359 milliseconds in repetition 193
tcp_ping received 24576 bytes back
Round trip time was 29.2478 milliseconds in repetition 194
tcp_ping received 24576 bytes back
Round trip time was 29.8072 milliseconds in repetition 195
tcp_ping received 24576 bytes back
Round trip time was 28.6879 milliseconds in repetition 196
tcp_ping received 24576 bytes back
Round trip time was 27.6163 milliseconds in repetition 197
tcp_ping received 24576 bytes back
Round trip time was 27.2675 milliseconds in repetition 198
tcp_ping received 24576 bytes back
Round trip time was 27.8511 milliseconds in repetition 199
tcp_ping received 24576 bytes back
Round trip time was 27.4596 milliseconds in repetition 200
tcp_ping received 24576 bytes back
Round trip time was 27.1838 milliseconds in repetition 201
tcp_ping received 24576 bytes back
Round trip time was 27.2099 milliseconds in repetition 202
tcp_ping received 24576 bytes back
Round trip time was 29.8851 milliseconds in repetition 203
tcp_ping received 24576 bytes back
Round trip time was 27.3441 milliseconds in repetition 204
tcp_ping received 24576 bytes back
Round trip time was 28.2533 milliseconds in repetition 205
tcp_ping received 24576 bytes back
Round trip time was 27.1631 milliseconds in repetition 206
tcp_ping received 24576 bytes back
Round trip time was 29.233 milliseconds in repetition 207
tcp_ping received 24576 bytes back
Round trip time was 27.6879 milliseconds in repetition 208
tcp_ping received 24576 bytes back
Round trip time was 27.425 milliseconds in repetition 209
tcp_ping received 24576 bytes back
Round trip time was 28.3412 milliseconds in repetition 210
tcp_ping received 24576 bytes back
Round trip time was 27.055 milliseconds in repetition 211
tcp_ping received 24576 bytes back
Round trip time was 27.5044 milliseconds in repetition 212
tcp_ping received 24576 bytes back
Round trip time was 27.1153 milliseconds in repetition 213
tcp_ping received 24576 bytes back
Round trip time was 27.168 milliseconds in repetition 214
tcp_ping received 24576 bytes back
Round trip time was 28.0077 milliseconds in repetition 215
tcp_ping received 24576 bytes back
Round trip time was 28.2654 milliseconds in repetition 216
tcp_ping received 24576 bytes back
Round trip time was 27.5121 milliseconds in repetition 217
tcp_ping received 24576 bytes back
Round trip time was 27.9351 milliseconds in repetition 218
tcp_ping received 24576 bytes back
Round trip time was 27.1268 milliseconds in repetition 219
tcp_ping received 24576 bytes back
Round trip time was 28.409 milliseconds in repetition 220
tcp_ping received 24576 bytes back
Round trip time was 27.3327 milliseconds in repetition 221
tcp_ping received 24576 bytes back
Round trip time was 26.9084 milliseconds in repetition 222
tcp_ping received 24576 bytes back
Round trip time was 27.7778 milliseconds in repetition 223
tcp_ping received 24576 bytes back
Round trip time was 31.6451 milliseconds in repetition 224
tcp_ping received 24576 bytes back
Round trip time was 27.9319 milliseconds in repetition 225
tcp_ping received 24576 bytes back
Round trip time was 27.8327 milliseconds in repetition 226
tcp_ping received 24576 bytes back
Round trip time was 27.5356 milliseconds in repetition 227
tcp_ping received 24576 bytes back
Round trip time was 28.1876 milliseconds in repetition 228
tcp_ping received 24576 bytes back
Round trip time was 27.8782 milliseconds in repetition 229
tcp_ping received 24576 bytes back
Round trip time was 27.7022 milliseconds in repetition 230
tcp_ping received 24576 bytes back
Round trip time was 26.788 milliseconds in repetition 231
tcp_ping received 24576 bytes back
Round trip time was 27.7778 milliseconds in repetition 232
tcp_ping received 24576 bytes back
Round trip time was 27.8135 milliseconds in repetition 233
tcp_ping received 24576 bytes back
Round trip time was 28.5679 milliseconds in repetition 234
tcp_ping received 24576 bytes back
Round trip time was 27.6669 milliseconds in repetition 235
tcp_ping received 24576 bytes back
Round trip time was 27.7482 milliseconds in repetition 236
tcp_ping received 24576 bytes back
Round trip time was 27.434 milliseconds in repetition 237
tcp_ping received 24576 bytes back
Round trip time was 26.6625 milliseconds in repetition 238
tcp_ping received 24576 bytes back
Round trip time was 27.2784 milliseconds in repetition 239
tcp_ping received 24576 bytes back
Round trip time was 27.2821 milliseconds in repetition 240
tcp_ping received 24576 bytes back
Round trip time was 28.9238 milliseconds in repetition 241
tcp_ping received 24576 bytes back
Round trip time was 27.2027 milliseconds in repetition 242
tcp_ping received 24576 bytes back
Round trip time was 28.8575 milliseconds in repetition 243
tcp_ping received 24576 bytes back
Round trip time was 28.3061 milliseconds in repetition 244
tcp_ping received 24576 bytes back
Round trip time was 28.7284 milliseconds in repetition 245
tcp_ping received 24576 bytes back
Round trip time was 27.3637 milliseconds in repetition 246
tcp_ping received 24576 bytes back
Round trip time was 28.1681 milliseconds in repetition 247
tcp_ping received 24576 bytes back
Round trip time was 27.8023 milliseconds in repetition 248
tcp_ping received 24576 bytes back
Round trip time was 28.3949 milliseconds in repetition 249
tcp_ping received 24576 bytes back
Round trip time was 28.4284 milliseconds in repetition 250
tcp_ping received 24576 bytes back
Round trip time was 26.8213 milliseconds in repetition 251
tcp_ping received 24576 bytes back
Round trip time was 29.9123 milliseconds in repetition 252
tcp_ping received 24576 bytes back
Round trip time was 28.4165 milliseconds in repetition 253
tcp_ping received 24576 bytes back
Round trip time was 27.4901 milliseconds in repetition 254
tcp_ping received 24576 bytes back
Round trip time was 30.3562 milliseconds in repetition 255
tcp_ping received 24576 bytes back
Round trip time was 30.5238 milliseconds in repetition 256
tcp_ping received 24576 bytes back
Round trip time was 27.4545 milliseconds in repetition 257
tcp_ping received 24576 bytes back
Round trip time was 28.5457 milliseconds in repetition 258
tcp_ping received 24576 bytes back
Round trip time was 27.3189 milliseconds in repetition 259
tcp_ping received 24576 bytes back
Round trip time was 28.4375 milliseconds in repetition 260
tcp_ping received 24576 bytes back
Round trip time was 29.8144 milliseconds in repetition 261
tcp_ping received 24576 bytes back
Round trip time was 28.2341 milliseconds in repetition 262
tcp_ping received 24576 bytes back
Round trip time was 30.1266 milliseconds in repetition 263
tcp_ping received 24576 bytes back
Round trip time was 28.8852 milliseconds in repetition 264
tcp_ping received 24576 bytes back
Round trip time was 30.4052 milliseconds in repetition 265
tcp_ping received 24576 bytes back
Round trip time was 28.998 milliseconds in repetition 266
tcp_ping received 24576 bytes back
Round trip time was 27.3358 milliseconds in repetition 267
tcp_ping received 24576 bytes back
Round trip time was 28.7455 milliseconds in repetition 268
tcp_ping received 24576 bytes back
Round trip time was 27.296 milliseconds in repetition 269
tcp_ping received 24576 bytes back
Round trip time was 27.419 milliseconds in repetition 270
tcp_ping received 24576 bytes back
Round trip time was 27.9926 milliseconds in repetition 271
tcp_ping received 24576 bytes back
Round trip time was 28.2625 milliseconds in repetition 272
tcp_ping received 24576 bytes back
Round trip time was 29.9713 milliseconds in repetition 273
tcp_ping received 24576 bytes back
Round trip time was 27.3102 milliseconds in repetition 274
tcp_ping received 24576 bytes back
Round trip time was 27.2305 milliseconds in repetition 275
tcp_ping received 24576 bytes back
Round trip time was 29.5637 milliseconds in repetition 276
tcp_ping received 24576 bytes back
Round trip time was 29.2581 milliseconds in repetition 277
tcp_ping received 24576 bytes back
Round trip time was 28.4669 milliseconds in repetition 278
tcp_ping received 24576 bytes back
Round trip time was 28.7687 milliseconds in repetition 279
tcp_ping received 24576 bytes back
Round trip time was 29.5364 milliseconds in repetition 280
tcp_ping received 24576 bytes back
Round trip time was 28.6784 milliseconds in repetition 281
tcp_ping received 24576 bytes back
Round trip time was 31.6358 milliseconds in repetition 282
tcp_ping received 24576 bytes back
Round trip time was 27.7207 milliseconds in repetition 283
tcp_ping received 24576 bytes back
Round trip time was 27.9542 milliseconds in repetition 284
tcp_ping received 24576 bytes back
Round trip time was 27.0572 milliseconds in repetition 285
tcp_ping received 24576 bytes back
Round trip time was 29.2625 milliseconds in repetition 286
tcp_ping received 24576 bytes back
Round trip time was 29.8817 milliseconds in repetition 287
tcp_ping received 24576 bytes back
Round trip time was 32.8813 milliseconds in repetition 288
tcp_ping received 24576 bytes back
Round trip time was 30.3671 milliseconds in repetition 289
tcp_ping received 24576 bytes back
Round trip time was 26.752 milliseconds in repetition 290
tcp_ping received 24576 bytes back
Round trip time was 27.6205 milliseconds in repetition 291
tcp_ping received 24576 bytes back
Round trip time was 32.3128 milliseconds in repetition 292
tcp_ping received 24576 bytes back
Round trip time was 27.68 milliseconds in repetition 293
tcp_ping received 24576 bytes back
Round trip time was 30.2242 milliseconds in repetition 294
tcp_ping received 24576 bytes back
Round trip time was 30.6154 milliseconds in repetition 295
tcp_ping received 24576 bytes back
Round trip time was 28.8314 milliseconds in repetition 296
tcp_ping received 24576 bytes back
Round trip time was 28.0842 milliseconds in repetition 297
tcp_ping received 24576 bytes back
Round trip time was 28.3035 milliseconds in repetition 298
tcp_ping received 24576 bytes back
Round trip time was 32.3134 milliseconds in repetition 299
tcp_ping received 24576 bytes back
Round trip time was 30.947 milliseconds in repetition 300
tcp_ping received 24576 bytes back
Round trip time was 27.6711 milliseconds in repetition 301
tcp_ping received 24576 bytes back
Round trip time was 27.7166 milliseconds in repetition 302
tcp_ping received 24576 bytes back
Round trip time was 27.2763 milliseconds in repetition 303
tcp_ping received 24576 bytes back
Round trip time was 29.0319 milliseconds in repetition 304
tcp_ping received 24576 bytes back
Round trip time was 31.8126 milliseconds in repetition 305
tcp_ping received 24576 bytes back
Round trip time was 28.4363 milliseconds in repetition 306
tcp_ping received 24576 bytes back
Round trip time was 30.4649 milliseconds in repetition 307
tcp_ping received 24576 bytes back
Round trip time was 28.4236 milliseconds in repetition 308
tcp_ping received 24576 bytes back
Round trip time was 28.8218 milliseconds in repetition 309
tcp_ping received 24576 bytes back
Round trip time was 28.5335 milliseconds in repetition 310
tcp_ping received 24576 bytes back
Round trip time was 27.5443 milliseconds in repetition 311
tcp_ping received 24576 bytes back
Round trip time was 28.0679 milliseconds in repetition 312
tcp_ping received 24576 bytes back
Round trip time was 26.8999 milliseconds in repetition 313
tcp_ping received 24576 bytes back
Round trip time was 28.0227 milliseconds in repetition 314
tcp_ping received 24576 bytes back
Round trip time was 29.432 milliseconds in repetition 315
tcp_ping received 24576 bytes back
Round trip time was 27.0538 milliseconds in repetition 316
tcp_ping received 24576 bytes back
Round trip time was 27.6764 milliseconds in repetition 317
tcp_ping received 24576 bytes back
Round trip time was 27.891 milliseconds in repetition 318
tcp_ping received 24576 bytes back
Round trip time was 31.1686 milliseconds in repetition 319
tcp_ping received 24576 bytes back
Round trip time was 29.2203 milliseconds in repetition 320
tcp_ping received 24576 bytes back
Round trip time was 36.4627 milliseconds in repetition 321
tcp_ping received 24576 bytes back
Round trip time was 37.6324 milliseconds in repetition 322
tcp_ping received 24576 bytes back
Round trip time was 30.9049 milliseconds in repetition 323
tcp_ping received 24576 bytes back
Round trip time was 29.7746 milliseconds in repetition 324
tcp_ping received 24576 bytes back
Round trip time was 28.7367 milliseconds in repetition 325
tcp_ping received 24576 bytes back
Round trip time was 29.0283 milliseconds in repetition 326
tcp_ping received 24576 bytes back
Round trip time was 29.5123 milliseconds in repetition 327
tcp_ping received 24576 bytes back
Round trip time was 28.0957 milliseconds in repetition 328
tcp_ping received 24576 bytes back
Round trip time was 28.9068 milliseconds in repetition 329
tcp_ping received 24576 bytes back
Round trip time was 28.7467 milliseconds in repetition 330
tcp_ping received 24576 bytes back
Round trip time was 32.8834 milliseconds in repetition 331
tcp_ping received 24576 bytes back
Round trip time was 28.3098 milliseconds in repetition 332
tcp_ping received 24576 bytes back
Round trip time was 36.2223 milliseconds in repetition 333
tcp_ping received 24576 bytes back
Round trip time was 36.6965 milliseconds in repetition 334
tcp_ping received 24576 bytes back
Round trip time was 29.1687 milliseconds in repetition 335
tcp_ping received 24576 bytes back
Round trip time was 33.9961 milliseconds in repetition 336
tcp_ping received 24576 bytes back
Round trip time was 28.8399 milliseconds in repetition 337
tcp_ping received 24576 bytes back
Round trip time was 33.3168 milliseconds in repetition 338
tcp_ping received 24576 bytes back
Round trip time was 51.9612 milliseconds in repetition 339
tcp_ping received 24576 bytes back
Round trip time was 34.6168 milliseconds in repetition 340
tcp_ping received 24576 bytes back
Round trip time was 36.5864 milliseconds in repetition 341
tcp_ping received 24576 bytes back
Round trip time was 29.5665 milliseconds in repetition 342
tcp_ping received 24576 bytes back
Round trip time was 34.4585 milliseconds in repetition 343
tcp_ping received 24576 bytes back
Round trip time was 30.5092 milliseconds in repetition 344
tcp_ping received 24576 bytes back
Round trip time was 29.8135 milliseconds in repetition 345
tcp_ping received 24576 bytes back
Round trip time was 30.6309 milliseconds in repetition 346
tcp_ping received 24576 bytes back
Round trip time was 35.2648 milliseconds in repetition 347
tcp_ping received 24576 bytes back
Round trip time was 29.6673 milliseconds in repetition 348
tcp_ping received 24576 bytes back
Round trip time was 33.7169 milliseconds in repetition 349
tcp_ping received 24576 bytes back
Round trip time was 52.9609 milliseconds in repetition 350
tcp_ping received 24576 bytes back
Round trip time was 29.0047 milliseconds in repetition 351
tcp_ping received 24576 bytes back
Round trip time was 30.6796 milliseconds in repetition 352
tcp_ping received 24576 bytes back
Round trip time was 29.5553 milliseconds in repetition 353
tcp_ping received 24576 bytes back
Round trip time was 31.2859 milliseconds in repetition 354
tcp_ping received 24576 bytes back
Round trip time was 28.7168 milliseconds in repetition 355
tcp_ping received 24576 bytes back
Round trip time was 29.4472 milliseconds in repetition 356
tcp_ping received 24576 bytes back
Round trip time was 27.5594 milliseconds in repetition 357
tcp_ping received 24576 bytes back
Round trip time was 27.5802 milliseconds in repetition 358
tcp_ping received 24576 bytes back
Round trip time was 29.218 milliseconds in repetition 359
tcp_ping received 24576 bytes back
Round trip time was 32.4446 milliseconds in repetition 360
tcp_ping received 24576 bytes back
Round trip time was 28.6657 milliseconds in repetition 361
tcp_ping received 24576 bytes back
Round trip time was 29.2873 milliseconds in repetition 362
tcp_ping received 24576 bytes back
Round trip time was 27.8672 milliseconds in repetition 363
tcp_ping received 24576 bytes back
Round trip time was 28.5678 milliseconds in repetition 364
tcp_ping received 24576 bytes back
Round trip time was 30.1547 milliseconds in repetition 365
tcp_ping received 24576 bytes back
Round trip time was 27.32 milliseconds in repetition 366
tcp_ping received 24576 bytes back
Round trip time was 27.742 milliseconds in repetition 367
tcp_ping received 24576 bytes back
Round trip time was 31.3172 milliseconds in repetition 368
tcp_ping received 24576 bytes back
Round trip time was 29.1471 milliseconds in repetition 369
tcp_ping received 24576 bytes back
Round trip time was 27.3244 milliseconds in repetition 370
tcp_ping received 24576 bytes back
Round trip time was 27.4007 milliseconds in repetition 371
tcp_ping received 24576 bytes back
Round trip time was 27.2745 milliseconds in repetition 372
tcp_ping received 24576 bytes back
Round trip time was 28.5879 milliseconds in repetition 373
tcp_ping received 24576 bytes back
Round trip time was 27.7315 milliseconds in repetition 374
tcp_ping received 24576 bytes back
Round trip time was 27.1682 milliseconds in repetition 375
tcp_ping received 24576 bytes back
Round trip time was 27.6184 milliseconds in repetition 376
tcp_ping received 24576 bytes back
Round trip time was 27.5631 milliseconds in repetition 377
tcp_ping received 24576 bytes back
Round trip time was 28.5716 milliseconds in repetition 378
tcp_ping received 24576 bytes back
Round trip time was 26.7793 milliseconds in repetition 379
tcp_ping received 24576 bytes back
Round trip time was 28.588 milliseconds in repetition 380
tcp_ping received 24576 bytes back
Round trip time was 27.5442 milliseconds in repetition 381
tcp_ping received 24576 bytes back
Round trip time was 29.2337 milliseconds in repetition 382
tcp_ping received 24576 bytes back
Round trip time was 28.1178 milliseconds in repetition 383
tcp_ping received 24576 bytes back
Round trip time was 27.645 milliseconds in repetition 384
tcp_ping received 24576 bytes back
Round trip time was 27.7261 milliseconds in repetition 385
tcp_ping received 24576 bytes back
Round trip time was 27.1209 milliseconds in repetition 386
tcp_ping received 24576 bytes back
Round trip time was 27.53 milliseconds in repetition 387
tcp_ping received 24576 bytes back
Round trip time was 29.084 milliseconds in repetition 388
tcp_ping received 24576 bytes back
Round trip time was 27.6671 milliseconds in repetition 389
tcp_ping received 24576 bytes back
Round trip time was 26.9292 milliseconds in repetition 390
tcp_ping received 24576 bytes back
Round trip time was 28.6006 milliseconds in repetition 391
tcp_ping received 24576 bytes back
Round trip time was 27.4935 milliseconds in repetition 392
tcp_ping received 24576 bytes back
Round trip time was 28.0105 milliseconds in repetition 393
tcp_ping received 24576 bytes back
Round trip time was 27.5191 milliseconds in repetition 394
tcp_ping received 24576 bytes back
Round trip time was 27.2168 milliseconds in repetition 395
tcp_ping received 24576 bytes back
Round trip time was 28.0629 milliseconds in repetition 396
tcp_ping received 24576 bytes back
Round trip time was 27.9249 milliseconds in repetition 397
tcp_ping received 24576 bytes back
Round trip time was 27.6455 milliseconds in repetition 398
tcp_ping received 24576 bytes back
Round trip time was 27.6912 milliseconds in repetition 399
tcp_ping received 24576 bytes back
Round trip time was 27.3065 milliseconds in repetition 400
tcp_ping received 24576 bytes back
Round trip time was 28.0497 milliseconds in repetition 401
tcp_ping received 24576 bytes back
Round trip time was 27.3737 milliseconds in repetition 402
tcp_ping received 24576 bytes back
Round trip time was 27.6406 milliseconds in repetition 403
tcp_ping received 24576 bytes back
Round trip time was 27.2331 milliseconds in repetition 404
tcp_ping received 24576 bytes back
Round trip time was 27.4814 milliseconds in repetition 405
tcp_ping received 24576 bytes back
Round trip time was 27.1742 milliseconds in repetition 406
tcp_ping received 24576 bytes back
Round trip time was 27.9835 milliseconds in repetition 407
tcp_ping received 24576 bytes back
Round trip time was 27.5355 milliseconds in repetition 408
tcp_ping received 24576 bytes back
Round trip time was 29.0159 milliseconds in repetition 409
tcp_ping received 24576 bytes back
Round trip time was 28.2576 milliseconds in repetition 410
tcp_ping received 24576 bytes back
Round trip time was 28.591 milliseconds in repetition 411
tcp_ping received 24576 bytes back
Round trip time was 28.5735 milliseconds in repetition 412
tcp_ping received 24576 bytes back
Round trip time was 27.5948 milliseconds in repetition 413
tcp_ping received 24576 bytes back
Round trip time was 28.8929 milliseconds in repetition 414
tcp_ping received 24576 bytes back
Round trip time was 32.3124 milliseconds in repetition 415
tcp_ping received 24576 bytes back
Round trip time was 28.6348 milliseconds in repetition 416
tcp_ping received 24576 bytes back
Round trip time was 30.5369 milliseconds in repetition 417
tcp_ping received 24576 bytes back
Round trip time was 28.2099 milliseconds in repetition 418
tcp_ping received 24576 bytes back
Round trip time was 27.518 milliseconds in repetition 419
tcp_ping received 24576 bytes back
Round trip time was 27.97 milliseconds in repetition 420
tcp_ping received 24576 bytes back
Round trip time was 29.1753 milliseconds in repetition 421
tcp_ping received 24576 bytes back
Round trip time was 28.1475 milliseconds in repetition 422
tcp_ping received 24576 bytes back
Round trip time was 28.9854 milliseconds in repetition 423
tcp_ping received 24576 bytes back
Round trip time was 27.6115 milliseconds in repetition 424
tcp_ping received 24576 bytes back
Round trip time was 29.285 milliseconds in repetition 425
tcp_ping received 24576 bytes back
Round trip time was 29.923 milliseconds in repetition 426
tcp_ping received 24576 bytes back
Round trip time was 27.6051 milliseconds in repetition 427
tcp_ping received 24576 bytes back
Round trip time was 27.3614 milliseconds in repetition 428
tcp_ping received 24576 bytes back
Round trip time was 28.6556 milliseconds in repetition 429
tcp_ping received 24576 bytes back
Round trip time was 27.4864 milliseconds in repetition 430
tcp_ping received 24576 bytes back
Round trip time was 28.6531 milliseconds in repetition 431
tcp_ping received 24576 bytes back
Round trip time was 27.8103 milliseconds in repetition 432
tcp_ping received 24576 bytes back
Round trip time was 26.9819 milliseconds in repetition 433
tcp_ping received 24576 bytes back
Round trip time was 30.6904 milliseconds in repetition 434
tcp_ping received 24576 bytes back
Round trip time was 27.5479 milliseconds in repetition 435
tcp_ping received 24576 bytes back
Round trip time was 27.459 milliseconds in repetition 436
tcp_ping received 24576 bytes back
Round trip time was 27.4096 milliseconds in repetition 437
tcp_ping received 24576 bytes back
Round trip time was 28.8956 milliseconds in repetition 438
tcp_ping received 24576 bytes back
Round trip time was 29.7813 milliseconds in repetition 439
tcp_ping received 24576 bytes back
Round trip time was 27.2811 milliseconds in repetition 440
tcp_ping received 24576 bytes back
Round trip time was 29.4659 milliseconds in repetition 441
tcp_ping received 24576 bytes back
Round trip time was 30.7671 milliseconds in repetition 442
tcp_ping received 24576 bytes back
Round trip time was 29.4353 milliseconds in repetition 443
tcp_ping received 24576 bytes back
Round trip time was 27.2604 milliseconds in repetition 444
tcp_ping received 24576 bytes back
Round trip time was 29.2329 milliseconds in repetition 445
tcp_ping received 24576 bytes back
Round trip time was 26.9976 milliseconds in repetition 446
tcp_ping received 24576 bytes back
Round trip time was 28.5474 milliseconds in repetition 447
tcp_ping received 24576 bytes back
Round trip time was 27.9631 milliseconds in repetition 448
tcp_ping received 24576 bytes back
Round trip time was 29.4134 milliseconds in repetition 449
tcp_ping received 24576 bytes back
Round trip time was 27.0687 milliseconds in repetition 450
tcp_ping received 24576 bytes back
Round trip time was 28.8732 milliseconds in repetition 451
tcp_ping received 24576 bytes back
Round trip time was 27.3912 milliseconds in repetition 452
tcp_ping received 24576 bytes back
Round trip time was 29.6239 milliseconds in repetition 453
tcp_ping received 24576 bytes back
Round trip time was 27.2717 milliseconds in repetition 454
tcp_ping received 24576 bytes back
Round trip time was 26.9526 milliseconds in repetition 455
tcp_ping received 24576 bytes back
Round trip time was 26.7856 milliseconds in repetition 456
tcp_ping received 24576 bytes back
Round trip time was 27.5372 milliseconds in repetition 457
tcp_ping received 24576 bytes back
Round trip time was 27.7304 milliseconds in repetition 458
tcp_ping received 24576 bytes back
Round trip time was 27.5982 milliseconds in repetition 459
tcp_ping received 24576 bytes back
Round trip time was 27.4679 milliseconds in repetition 460
tcp_ping received 24576 bytes back
Round trip time was 27.3084 milliseconds in repetition 461
tcp_ping received 24576 bytes back
Round trip time was 28.8538 milliseconds in repetition 462
tcp_ping received 24576 bytes back
Round trip time was 31.8887 milliseconds in repetition 463
tcp_ping received 24576 bytes back
Round trip time was 27.3007 milliseconds in repetition 464
tcp_ping received 24576 bytes back
Round trip time was 27.0657 milliseconds in repetition 465
tcp_ping received 24576 bytes back
Round trip time was 29.0212 milliseconds in repetition 466
tcp_ping received 24576 bytes back
Round trip time was 27.4679 milliseconds in repetition 467
tcp_ping received 24576 bytes back
Round trip time was 28.1091 milliseconds in repetition 468
tcp_ping received 24576 bytes back
Round trip time was 29.3551 milliseconds in repetition 469
tcp_ping received 24576 bytes back
Round trip time was 29.4935 milliseconds in repetition 470
tcp_ping received 24576 bytes back
Round trip time was 28.2524 milliseconds in repetition 471
tcp_ping received 24576 bytes back
Round trip time was 27.3877 milliseconds in repetition 472
tcp_ping received 24576 bytes back
Round trip time was 29.1326 milliseconds in repetition 473
tcp_ping received 24576 bytes back
Round trip time was 27.7703 milliseconds in repetition 474
tcp_ping received 24576 bytes back
Round trip time was 28.9919 milliseconds in repetition 475
tcp_ping received 24576 bytes back
Round trip time was 28.5035 milliseconds in repetition 476
tcp_ping received 24576 bytes back
Round trip time was 27.3901 milliseconds in repetition 477
tcp_ping received 24576 bytes back
Round trip time was 27.4262 milliseconds in repetition 478
tcp_ping received 24576 bytes back
Round trip time was 27.7838 milliseconds in repetition 479
tcp_ping received 24576 bytes back
Round trip time was 27.0964 milliseconds in repetition 480
tcp_ping received 24576 bytes back
Round trip time was 27.1326 milliseconds in repetition 481
tcp_ping received 24576 bytes back
Round trip time was 27.9054 milliseconds in repetition 482
tcp_ping received 24576 bytes back
Round trip time was 30.0722 milliseconds in repetition 483
tcp_ping received 24576 bytes back
Round trip time was 29.6677 milliseconds in repetition 484
tcp_ping received 24576 bytes back
Round trip time was 31.304 milliseconds in repetition 485
tcp_ping received 24576 bytes back
Round trip time was 44.8304 milliseconds in repetition 486
tcp_ping received 24576 bytes back
Round trip time was 27.5288 milliseconds in repetition 487
tcp_ping received 24576 bytes back
Round trip time was 27.2568 milliseconds in repetition 488
tcp_ping received 24576 bytes back
Round trip time was 27.3995 milliseconds in repetition 489
tcp_ping received 24576 bytes back
Round trip time was 27.6172 milliseconds in repetition 490
tcp_ping received 24576 bytes back
Round trip time was 27.5636 milliseconds in repetition 491
tcp_ping received 24576 bytes back
Round trip time was 28.1385 milliseconds in repetition 492
tcp_ping received 24576 bytes back
Round trip time was 31.3028 milliseconds in repetition 493
tcp_ping received 24576 bytes back
Round trip time was 27.0661 milliseconds in repetition 494
tcp_ping received 24576 bytes back
Round trip time was 30.5721 milliseconds in repetition 495
tcp_ping received 24576 bytes back
Round trip time was 27.6134 milliseconds in repetition 496
tcp_ping received 24576 bytes back
Round trip time was 28.5353 milliseconds in repetition 497
tcp_ping received 24576 bytes back
Round trip time was 29.2774 milliseconds in repetition 498
tcp_ping received 24576 bytes back
Round trip time was 27.9791 milliseconds in repetition 499
tcp_ping received 24576 bytes back
Round trip time was 28.0829 milliseconds in repetition 500
tcp_ping received 24576 bytes back
Round trip time was 29.0609 milliseconds in repetition 501

 ... clock resolution was 1e-06
TCP Ping:  Statistics over 501 repetitions of 24576 byte messages

RTT : percentile 10: 27.2821, median: 28.1987, percentile 90: 30.6796, average: 28.9565, variance: 14.5588

RTT histogram:
26.6625 277
30.0725 193
33.4824 18
36.8924 8
40.3024 1
43.7123 1
47.1223 0
50.5323 1
53.9423 1
57.3522 0
60.7622 0
64.1722 0
67.5822 0
70.9921 0
74.4021 0
77.8121 0
81.2221 0
84.632 0
88.042 0
91.452 0
94.8619 1

   median Throughput : 1743.06 KB/s   overall Throughput : 1697.44 KB/s

