TCP Ping trying to connect to server seti.dibris.unige.it (130.251.61.30) on port 1491

... connected to Pong server: asking for 501 repetitions of 4096 bytes TCP messages
 ... Pong server agreed :-)
tcp_ping received 4096 bytes back
Round trip time was 36.2538 milliseconds in repetition 1
tcp_ping received 4096 bytes back
Round trip time was 22.3818 milliseconds in repetition 2
tcp_ping received 4096 bytes back
Round trip time was 25.4484 milliseconds in repetition 3
tcp_ping received 4096 bytes back
Round trip time was 21.9029 milliseconds in repetition 4
tcp_ping received 4096 bytes back
Round trip time was 23.4872 milliseconds in repetition 5
tcp_ping received 4096 bytes back
Round trip time was 20.1849 milliseconds in repetition 6
tcp_ping received 4096 bytes back
Round trip time was 28.7322 milliseconds in repetition 7
tcp_ping received 4096 bytes back
Round trip time was 21.7779 milliseconds in repetition 8
tcp_ping received 4096 bytes back
Round trip time was 20.7554 milliseconds in repetition 9
tcp_ping received 4096 bytes back
Round trip time was 21.5941 milliseconds in repetition 10
tcp_ping received 4096 bytes back
Round trip time was 21.7523 milliseconds in repetition 11
tcp_ping received 4096 bytes back
Round trip time was 19.4815 milliseconds in repetition 12
tcp_ping received 4096 bytes back
Round trip time was 19.0467 milliseconds in repetition 13
tcp_ping received 4096 bytes back
Round trip time was 22.7161 milliseconds in repetition 14
tcp_ping received 4096 bytes back
Round trip time was 20.2705 milliseconds in repetition 15
tcp_ping received 4096 bytes back
Round trip time was 28.3889 milliseconds in repetition 16
tcp_ping received 4096 bytes back
Round trip time was 17.816 milliseconds in repetition 17
tcp_ping received 4096 bytes back
Round trip time was 19.6122 milliseconds in repetition 18
tcp_ping received 4096 bytes back
Round trip time was 19.0696 milliseconds in repetition 19
tcp_ping received 4096 bytes back
Round trip time was 23.3556 milliseconds in repetition 20
tcp_ping received 4096 bytes back
Round trip time was 18.6352 milliseconds in repetition 21
tcp_ping received 4096 bytes back
Round trip time was 21.81 milliseconds in repetition 22
tcp_ping received 4096 bytes back
Round trip time was 23.2128 milliseconds in repetition 23
tcp_ping received 4096 bytes back
Round trip time was 18.6583 milliseconds in repetition 24
tcp_ping received 4096 bytes back
Round trip time was 19.441 milliseconds in repetition 25
tcp_ping received 4096 bytes back
Round trip time was 30.3443 milliseconds in repetition 26
tcp_ping received 4096 bytes back
Round trip time was 22.439 milliseconds in repetition 27
tcp_ping received 4096 bytes back
Round trip time was 18.6454 milliseconds in repetition 28
tcp_ping received 4096 bytes back
Round trip time was 19.9294 milliseconds in repetition 29
tcp_ping received 4096 bytes back
Round trip time was 18.765 milliseconds in repetition 30
tcp_ping received 4096 bytes back
Round trip time was 18.32 milliseconds in repetition 31
tcp_ping received 4096 bytes back
Round trip time was 18.2734 milliseconds in repetition 32
tcp_ping received 4096 bytes back
Round trip time was 23.5597 milliseconds in repetition 33
tcp_ping received 4096 bytes back
Round trip time was 20.0944 milliseconds in repetition 34
tcp_ping received 4096 bytes back
Round trip time was 19.2077 milliseconds in repetition 35
tcp_ping received 4096 bytes back
Round trip time was 21.2384 milliseconds in repetition 36
tcp_ping received 4096 bytes back
Round trip time was 20.6251 milliseconds in repetition 37
tcp_ping received 4096 bytes back
Round trip time was 18.8251 milliseconds in repetition 38
tcp_ping received 4096 bytes back
Round trip time was 18.9846 milliseconds in repetition 39
tcp_ping received 4096 bytes back
Round trip time was 25.033 milliseconds in repetition 40
tcp_ping received 4096 bytes back
Round trip time was 26.0807 milliseconds in repetition 41
tcp_ping received 4096 bytes back
Round trip time was 21.3367 milliseconds in repetition 42
tcp_ping received 4096 bytes back
Round trip time was 19.9002 milliseconds in repetition 43
tcp_ping received 4096 bytes back
Round trip time was 19.3521 milliseconds in repetition 44
tcp_ping received 4096 bytes back
Round trip time was 20.1809 milliseconds in repetition 45
tcp_ping received 4096 bytes back
Round trip time was 19.9189 milliseconds in repetition 46
tcp_ping received 4096 bytes back
Round trip time was 19.7887 milliseconds in repetition 47
tcp_ping received 4096 bytes back
Round trip time was 19.705 milliseconds in repetition 48
tcp_ping received 4096 bytes back
Round trip time was 23.3737 milliseconds in repetition 49
tcp_ping received 4096 bytes back
Round trip time was 20.6893 milliseconds in repetition 50
tcp_ping received 4096 bytes back
Round trip time was 18.4393 milliseconds in repetition 51
tcp_ping received 4096 bytes back
Round trip time was 17.8246 milliseconds in repetition 52
tcp_ping received 4096 bytes back
Round trip time was 21.2426 milliseconds in repetition 53
tcp_ping received 4096 bytes back
Round trip time was 18.1694 milliseconds in repetition 54
tcp_ping received 4096 bytes back
Round trip time was 18.72 milliseconds in repetition 55
tcp_ping received 4096 bytes back
Round trip time was 18.4595 milliseconds in repetition 56
tcp_ping received 4096 bytes back
Round trip time was 18.8246 milliseconds in repetition 57
tcp_ping received 4096 bytes back
Round trip time was 19.4485 milliseconds in repetition 58
tcp_ping received 4096 bytes back
Round trip time was 21.072 milliseconds in repetition 59
tcp_ping received 4096 bytes back
Round trip time was 22.3933 milliseconds in repetition 60
tcp_ping received 4096 bytes back
Round trip time was 17.7729 milliseconds in repetition 61
tcp_ping received 4096 bytes back
Round trip time was 20.7346 milliseconds in repetition 62
tcp_ping received 4096 bytes back
Round trip time was 19.2382 milliseconds in repetition 63
tcp_ping received 4096 bytes back
Round trip time was 19.7911 milliseconds in repetition 64
tcp_ping received 4096 bytes back
Round trip time was 27.9501 milliseconds in repetition 65
tcp_ping received 4096 bytes back
Round trip time was 18.6392 milliseconds in repetition 66
tcp_ping received 4096 bytes back
Round trip time was 18.43 milliseconds in repetition 67
tcp_ping received 4096 bytes back
Round trip time was 27.9929 milliseconds in repetition 68
tcp_ping received 4096 bytes back
Round trip time was 17.7693 milliseconds in repetition 69
tcp_ping received 4096 bytes back
Round trip time was 19.7185 milliseconds in repetition 70
tcp_ping received 4096 bytes back
Round trip time was 29.9243 milliseconds in repetition 71
tcp_ping received 4096 bytes back
Round trip time was 18.2038 milliseconds in repetition 72
tcp_ping received 4096 bytes back
Round trip time was 36.7991 milliseconds in repetition 73
tcp_ping received 4096 bytes back
Round trip time was 24.0664 milliseconds in repetition 74
tcp_ping received 4096 bytes back
Round trip time was 18.7714 milliseconds in repetition 75
tcp_ping received 4096 bytes back
Round trip time was 21.4694 milliseconds in repetition 76
tcp_ping received 4096 bytes back
Round trip time was 18.5716 milliseconds in repetition 77
tcp_ping received 4096 bytes back
Round trip time was 19.4951 milliseconds in repetition 78
tcp_ping received 4096 bytes back
Round trip time was 21.115 milliseconds in repetition 79
tcp_ping received 4096 bytes back
Round trip time was 18.9608 milliseconds in repetition 80
tcp_ping received 4096 bytes back
Round trip time was 20.4203 milliseconds in repetition 81
tcp_ping received 4096 bytes back
Round trip time was 20.9375 milliseconds in repetition 82
tcp_ping received 4096 bytes back
Round trip time was 20.6503 milliseconds in repetition 83
tcp_ping received 4096 bytes back
Round trip time was 18.7001 milliseconds in repetition 84
tcp_ping received 4096 bytes back
Round trip time was 24.9932 milliseconds in repetition 85
tcp_ping received 4096 bytes back
Round trip time was 21.2263 milliseconds in repetition 86
tcp_ping received 4096 bytes back
Round trip time was 20.6619 milliseconds in repetition 87
tcp_ping received 4096 bytes back
Round trip time was 19.5606 milliseconds in repetition 88
tcp_ping received 4096 bytes back
Round trip time was 18.1041 milliseconds in repetition 89
tcp_ping received 4096 bytes back
Round trip time was 20.5599 milliseconds in repetition 90
tcp_ping received 4096 bytes back
Round trip time was 19.2789 milliseconds in repetition 91
tcp_ping received 4096 bytes back
Round trip time was 21.7515 milliseconds in repetition 92
tcp_ping received 4096 bytes back
Round trip time was 20.7347 milliseconds in repetition 93
tcp_ping received 4096 bytes back
Round trip time was 17.4262 milliseconds in repetition 94
tcp_ping received 4096 bytes back
Round trip time was 18.6235 milliseconds in repetition 95
tcp_ping received 4096 bytes back
Round trip time was 19.2219 milliseconds in repetition 96
tcp_ping received 4096 bytes back
Round trip time was 17.9858 milliseconds in repetition 97
tcp_ping received 4096 bytes back
Round trip time was 20.087 milliseconds in repetition 98
tcp_ping received 4096 bytes back
Round trip time was 18.134 milliseconds in repetition 99
tcp_ping received 4096 bytes back
Round trip time was 18.1305 milliseconds in repetition 100
tcp_ping received 4096 bytes back
Round trip time was 19.7098 milliseconds in repetition 101
tcp_ping received 4096 bytes back
Round trip time was 18.0758 milliseconds in repetition 102
tcp_ping received 4096 bytes back
Round trip time was 20.1832 milliseconds in repetition 103
tcp_ping received 4096 bytes back
Round trip time was 18.7885 milliseconds in repetition 104
tcp_ping received 4096 bytes back
Round trip time was 18.6308 milliseconds in repetition 105
tcp_ping received 4096 bytes back
Round trip time was 18.3327 milliseconds in repetition 106
tcp_ping received 4096 bytes back
Round trip time was 18.6855 milliseconds in repetition 107
tcp_ping received 4096 bytes back
Round trip time was 18.3828 milliseconds in repetition 108
tcp_ping received 4096 bytes back
Round trip time was 20.4318 milliseconds in repetition 109
tcp_ping received 4096 bytes back
Round trip time was 18.8363 milliseconds in repetition 110
tcp_ping received 4096 bytes back
Round trip time was 19.4463 milliseconds in repetition 111
tcp_ping received 4096 bytes back
Round trip time was 19.0354 milliseconds in repetition 112
tcp_ping received 4096 bytes back
Round trip time was 19.5478 milliseconds in repetition 113
tcp_ping received 4096 bytes back
Round trip time was 19.4845 milliseconds in repetition 114
tcp_ping received 4096 bytes back
Round trip time was 18.6386 milliseconds in repetition 115
tcp_ping received 4096 bytes back
Round trip time was 18.1819 milliseconds in repetition 116
tcp_ping received 4096 bytes back
Round trip time was 18.6893 milliseconds in repetition 117
tcp_ping received 4096 bytes back
Round trip time was 21.107 milliseconds in repetition 118
tcp_ping received 4096 bytes back
Round trip time was 18.6256 milliseconds in repetition 119
tcp_ping received 4096 bytes back
Round trip time was 20.3433 milliseconds in repetition 120
tcp_ping received 4096 bytes back
Round trip time was 19.747 milliseconds in repetition 121
tcp_ping received 4096 bytes back
Round trip time was 19.0592 milliseconds in repetition 122
tcp_ping received 4096 bytes back
Round trip time was 20.616 milliseconds in repetition 123
tcp_ping received 4096 bytes back
Round trip time was 18.7201 milliseconds in repetition 124
tcp_ping received 4096 bytes back
Round trip time was 18.474 milliseconds in repetition 125
tcp_ping received 4096 bytes back
Round trip time was 20.1655 milliseconds in repetition 126
tcp_ping received 4096 bytes back
Round trip time was 21.4113 milliseconds in repetition 127
tcp_ping received 4096 bytes back
Round trip time was 18.7956 milliseconds in repetition 128
tcp_ping received 4096 bytes back
Round trip time was 20.5104 milliseconds in repetition 129
tcp_ping received 4096 bytes back
Round trip time was 18.8695 milliseconds in repetition 130
tcp_ping received 4096 bytes back
Round trip time was 19.4341 milliseconds in repetition 131
tcp_ping received 4096 bytes back
Round trip time was 28.9816 milliseconds in repetition 132
tcp_ping received 4096 bytes back
Round trip time was 20.3033 milliseconds in repetition 133
tcp_ping received 4096 bytes back
Round trip time was 19.2893 milliseconds in repetition 134
tcp_ping received 4096 bytes back
Round trip time was 20.3415 milliseconds in repetition 135
tcp_ping received 4096 bytes back
Round trip time was 22.5178 milliseconds in repetition 136
tcp_ping received 4096 bytes back
Round trip time was 20.6933 milliseconds in repetition 137
tcp_ping received 4096 bytes back
Round trip time was 19.9288 milliseconds in repetition 138
tcp_ping received 4096 bytes back
Round trip time was 24.9496 milliseconds in repetition 139
tcp_ping received 4096 bytes back
Round trip time was 22.2307 milliseconds in repetition 140
tcp_ping received 4096 bytes back
Round trip time was 18.5277 milliseconds in repetition 141
tcp_ping received 4096 bytes back
Round trip time was 19.1232 milliseconds in repetition 142
tcp_ping received 4096 bytes back
Round trip time was 36.2416 milliseconds in repetition 143
tcp_ping received 4096 bytes back
Round trip time was 20.6363 milliseconds in repetition 144
tcp_ping received 4096 bytes back
Round trip time was 20.2072 milliseconds in repetition 145
tcp_ping received 4096 bytes back
Round trip time was 18.038 milliseconds in repetition 146
tcp_ping received 4096 bytes back
Round trip time was 18.6271 milliseconds in repetition 147
tcp_ping received 4096 bytes back
Round trip time was 19.4953 milliseconds in repetition 148
tcp_ping received 4096 bytes back
Round trip time was 25.5548 milliseconds in repetition 149
tcp_ping received 4096 bytes back
Round trip time was 19.3598 milliseconds in repetition 150
tcp_ping received 4096 bytes back
Round trip time was 18.4546 milliseconds in repetition 151
tcp_ping received 4096 bytes back
Round trip time was 21.6361 milliseconds in repetition 152
tcp_ping received 4096 bytes back
Round trip time was 18.7255 milliseconds in repetition 153
tcp_ping received 4096 bytes back
Round trip time was 17.7054 milliseconds in repetition 154
tcp_ping received 4096 bytes back
Round trip time was 18.9183 milliseconds in repetition 155
tcp_ping received 4096 bytes back
Round trip time was 18.0286 milliseconds in repetition 156
tcp_ping received 4096 bytes back
Round trip time was 18.1735 milliseconds in repetition 157
tcp_ping received 4096 bytes back
Round trip time was 17.8288 milliseconds in repetition 158
tcp_ping received 4096 bytes back
Round trip time was 17.9514 milliseconds in repetition 159
tcp_ping received 4096 bytes back
Round trip time was 19.0561 milliseconds in repetition 160
tcp_ping received 4096 bytes back
Round trip time was 22.0332 milliseconds in repetition 161
tcp_ping received 4096 bytes back
Round trip time was 18.6961 milliseconds in repetition 162
tcp_ping received 4096 bytes back
Round trip time was 19.337 milliseconds in repetition 163
tcp_ping received 4096 bytes back
Round trip time was 20.1924 milliseconds in repetition 164
tcp_ping received 4096 bytes back
Round trip time was 18.8876 milliseconds in repetition 165
tcp_ping received 4096 bytes back
Round trip time was 18.3048 milliseconds in repetition 166
tcp_ping received 4096 bytes back
Round trip time was 18.6511 milliseconds in repetition 167
tcp_ping received 4096 bytes back
Round trip time was 19.6355 milliseconds in repetition 168
tcp_ping received 4096 bytes back
Round trip time was 18.014 milliseconds in repetition 169
tcp_ping received 4096 bytes back
Round trip time was 20.7105 milliseconds in repetition 170
tcp_ping received 4096 bytes back
Round trip time was 22.3017 milliseconds in repetition 171
tcp_ping received 4096 bytes back
Round trip time was 23.6368 milliseconds in repetition 172
tcp_ping received 4096 bytes back
Round trip time was 18.5504 milliseconds in repetition 173
tcp_ping received 4096 bytes back
Round trip time was 31.8138 milliseconds in repetition 174
tcp_ping received 4096 bytes back
Round trip time was 19.6976 milliseconds in repetition 175
tcp_ping received 4096 bytes back
Round trip time was 19.0654 milliseconds in repetition 176
tcp_ping received 4096 bytes back
Round trip time was 17.5233 milliseconds in repetition 177
tcp_ping received 4096 bytes back
Round trip time was 18.4104 milliseconds in repetition 178
tcp_ping received 4096 bytes back
Round trip time was 18.7509 milliseconds in repetition 179
tcp_ping received 4096 bytes back
Round trip time was 20.5488 milliseconds in repetition 180
tcp_ping received 4096 bytes back
Round trip time was 20.1993 milliseconds in repetition 181
tcp_ping received 4096 bytes back
Round trip time was 19.9507 milliseconds in repetition 182
tcp_ping received 4096 bytes back
Round trip time was 19.9154 milliseconds in repetition 183
tcp_ping received 4096 bytes back
Round trip time was 19.3219 milliseconds in repetition 184
tcp_ping received 4096 bytes back
Round trip time was 19.1342 milliseconds in repetition 185
tcp_ping received 4096 bytes back
Round trip time was 18.6187 milliseconds in repetition 186
tcp_ping received 4096 bytes back
Round trip time was 18.5129 milliseconds in repetition 187
tcp_ping received 4096 bytes back
Round trip time was 20.1581 milliseconds in repetition 188
tcp_ping received 4096 bytes back
Round trip time was 18.6571 milliseconds in repetition 189
tcp_ping received 4096 bytes back
Round trip time was 18.6511 milliseconds in repetition 190
tcp_ping received 4096 bytes back
Round trip time was 19.4668 milliseconds in repetition 191
tcp_ping received 4096 bytes back
Round trip time was 23.2169 milliseconds in repetition 192
tcp_ping received 4096 bytes back
Round trip time was 17.7738 milliseconds in repetition 193
tcp_ping received 4096 bytes back
Round trip time was 18.6596 milliseconds in repetition 194
tcp_ping received 4096 bytes back
Round trip time was 19.0935 milliseconds in repetition 195
tcp_ping received 4096 bytes back
Round trip time was 19.1163 milliseconds in repetition 196
tcp_ping received 4096 bytes back
Round trip time was 20.8962 milliseconds in repetition 197
tcp_ping received 4096 bytes back
Round trip time was 19.4951 milliseconds in repetition 198
tcp_ping received 4096 bytes back
Round trip time was 19.9969 milliseconds in repetition 199
tcp_ping received 4096 bytes back
Round trip time was 17.6292 milliseconds in repetition 200
tcp_ping received 4096 bytes back
Round trip time was 21.4515 milliseconds in repetition 201
tcp_ping received 4096 bytes back
Round trip time was 24.9025 milliseconds in repetition 202
tcp_ping received 4096 bytes back
Round trip time was 21.5973 milliseconds in repetition 203
tcp_ping received 4096 bytes back
Round trip time was 22.5322 milliseconds in repetition 204
tcp_ping received 4096 bytes back
Round trip time was 22.0692 milliseconds in repetition 205
tcp_ping received 4096 bytes back
Round trip time was 18.961 milliseconds in repetition 206
tcp_ping received 4096 bytes back
Round trip time was 18.0344 milliseconds in repetition 207
tcp_ping received 4096 bytes back
Round trip time was 19.0835 milliseconds in repetition 208
tcp_ping received 4096 bytes back
Round trip time was 29.3264 milliseconds in repetition 209
tcp_ping received 4096 bytes back
Round trip time was 18.5885 milliseconds in repetition 210
tcp_ping received 4096 bytes back
Round trip time was 18.616 milliseconds in repetition 211
tcp_ping received 4096 bytes back
Round trip time was 18.9597 milliseconds in repetition 212
tcp_ping received 4096 bytes back
Round trip time was 18.0282 milliseconds in repetition 213
tcp_ping received 4096 bytes back
Round trip time was 18.7568 milliseconds in repetition 214
tcp_ping received 4096 bytes back
Round trip time was 19.3843 milliseconds in repetition 215
tcp_ping received 4096 bytes back
Round trip time was 24.4621 milliseconds in repetition 216
tcp_ping received 4096 bytes back
Round trip time was 22.4022 milliseconds in repetition 217
tcp_ping received 4096 bytes back
Round trip time was 18.5701 milliseconds in repetition 218
tcp_ping received 4096 bytes back
Round trip time was 22.7786 milliseconds in repetition 219
tcp_ping received 4096 bytes back
Round trip time was 32.2526 milliseconds in repetition 220
tcp_ping received 4096 bytes back
Round trip time was 23.4883 milliseconds in repetition 221
tcp_ping received 4096 bytes back
Round trip time was 23.8917 milliseconds in repetition 222
tcp_ping received 4096 bytes back
Round trip time was 24.5549 milliseconds in repetition 223
tcp_ping received 4096 bytes back
Round trip time was 23.6077 milliseconds in repetition 224
tcp_ping received 4096 bytes back
Round trip time was 21.4199 milliseconds in repetition 225
tcp_ping received 4096 bytes back
Round trip time was 18.7198 milliseconds in repetition 226
tcp_ping received 4096 bytes back
Round trip time was 18.5871 milliseconds in repetition 227
tcp_ping received 4096 bytes back
Round trip time was 19.2751 milliseconds in repetition 228
tcp_ping received 4096 bytes back
Round trip time was 20.6635 milliseconds in repetition 229
tcp_ping received 4096 bytes back
Round trip time was 24.4185 milliseconds in repetition 230
tcp_ping received 4096 bytes back
Round trip time was 18.7647 milliseconds in repetition 231
tcp_ping received 4096 bytes back
Round trip time was 18.4612 milliseconds in repetition 232
tcp_ping received 4096 bytes back
Round trip time was 24.8887 milliseconds in repetition 233
tcp_ping received 4096 bytes back
Round trip time was 22.2155 milliseconds in repetition 234
tcp_ping received 4096 bytes back
Round trip time was 26.7084 milliseconds in repetition 235
tcp_ping received 4096 bytes back
Round trip time was 19.7318 milliseconds in repetition 236
tcp_ping received 4096 bytes back
Round trip time was 19.9298 milliseconds in repetition 237
tcp_ping received 4096 bytes back
Round trip time was 18.243 milliseconds in repetition 238
tcp_ping received 4096 bytes back
Round trip time was 20.3302 milliseconds in repetition 239
tcp_ping received 4096 bytes back
Round trip time was 21.2313 milliseconds in repetition 240
tcp_ping received 4096 bytes back
Round trip time was 20.4774 milliseconds in repetition 241
tcp_ping received 4096 bytes back
Round trip time was 17.8737 milliseconds in repetition 242
tcp_ping received 4096 bytes back
Round trip time was 18.5706 milliseconds in repetition 243
tcp_ping received 4096 bytes back
Round trip time was 20.2232 milliseconds in repetition 244
tcp_ping received 4096 bytes back
Round trip time was 19.8729 milliseconds in repetition 245
tcp_ping received 4096 bytes back
Round trip time was 19.7184 milliseconds in repetition 246
tcp_ping received 4096 bytes back
Round trip time was 18.2509 milliseconds in repetition 247
tcp_ping received 4096 bytes back
Round trip time was 20.8139 milliseconds in repetition 248
tcp_ping received 4096 bytes back
Round trip time was 19.0922 milliseconds in repetition 249
tcp_ping received 4096 bytes back
Round trip time was 20.8083 milliseconds in repetition 250
tcp_ping received 4096 bytes back
Round trip time was 19.9063 milliseconds in repetition 251
tcp_ping received 4096 bytes back
Round trip time was 20.139 milliseconds in repetition 252
tcp_ping received 4096 bytes back
Round trip time was 18.5803 milliseconds in repetition 253
tcp_ping received 4096 bytes back
Round trip time was 19.0302 milliseconds in repetition 254
tcp_ping received 4096 bytes back
Round trip time was 21.1073 milliseconds in repetition 255
tcp_ping received 4096 bytes back
Round trip time was 24.1862 milliseconds in repetition 256
tcp_ping received 4096 bytes back
Round trip time was 19.6439 milliseconds in repetition 257
tcp_ping received 4096 bytes back
Round trip time was 18.8041 milliseconds in repetition 258
tcp_ping received 4096 bytes back
Round trip time was 23.766 milliseconds in repetition 259
tcp_ping received 4096 bytes back
Round trip time was 28.8354 milliseconds in repetition 260
tcp_ping received 4096 bytes back
Round trip time was 26.8684 milliseconds in repetition 261
tcp_ping received 4096 bytes back
Round trip time was 23.4195 milliseconds in repetition 262
tcp_ping received 4096 bytes back
Round trip time was 23.0641 milliseconds in repetition 263
tcp_ping received 4096 bytes back
Round trip time was 27.4487 milliseconds in repetition 264
tcp_ping received 4096 bytes back
Round trip time was 17.5043 milliseconds in repetition 265
tcp_ping received 4096 bytes back
Round trip time was 19.1562 milliseconds in repetition 266
tcp_ping received 4096 bytes back
Round trip time was 19.2133 milliseconds in repetition 267
tcp_ping received 4096 bytes back
Round trip time was 17.598 milliseconds in repetition 268
tcp_ping received 4096 bytes back
Round trip time was 17.9829 milliseconds in repetition 269
tcp_ping received 4096 bytes back
Round trip time was 23.0469 milliseconds in repetition 270
tcp_ping received 4096 bytes back
Round trip time was 23.4217 milliseconds in repetition 271
tcp_ping received 4096 bytes back
Round trip time was 24.5753 milliseconds in repetition 272
tcp_ping received 4096 bytes back
Round trip time was 23.2781 milliseconds in repetition 273
tcp_ping received 4096 bytes back
Round trip time was 32.1246 milliseconds in repetition 274
tcp_ping received 4096 bytes back
Round trip time was 20.8156 milliseconds in repetition 275
tcp_ping received 4096 bytes back
Round trip time was 20.5069 milliseconds in repetition 276
tcp_ping received 4096 bytes back
Round trip time was 19.4795 milliseconds in repetition 277
tcp_ping received 4096 bytes back
Round trip time was 23.182 milliseconds in repetition 278
tcp_ping received 4096 bytes back
Round trip time was 19.3819 milliseconds in repetition 279
tcp_ping received 4096 bytes back
Round trip time was 52.7405 milliseconds in repetition 280
tcp_ping received 4096 bytes back
Round trip time was 61.406 milliseconds in repetition 281
tcp_ping received 4096 bytes back
Round trip time was 21.1597 milliseconds in repetition 282
tcp_ping received 4096 bytes back
Round trip time was 25.1606 milliseconds in repetition 283
tcp_ping received 4096 bytes back
Round trip time was 18.5758 milliseconds in repetition 284
tcp_ping received 4096 bytes back
Round trip time was 17.9546 milliseconds in repetition 285
tcp_ping received 4096 bytes back
Round trip time was 19.5593 milliseconds in repetition 286
tcp_ping received 4096 bytes back
Round trip time was 21.8557 milliseconds in repetition 287
tcp_ping received 4096 bytes back
Round trip time was 26.2119 milliseconds in repetition 288
tcp_ping received 4096 bytes back
Round trip time was 20.898 milliseconds in repetition 289
tcp_ping received 4096 bytes back
Round trip time was 18.6919 milliseconds in repetition 290
tcp_ping received 4096 bytes back
Round trip time was 17.612 milliseconds in repetition 291
tcp_ping received 4096 bytes back
Round trip time was 17.31 milliseconds in repetition 292
tcp_ping received 4096 bytes back
Round trip time was 17.8142 milliseconds in repetition 293
tcp_ping received 4096 bytes back
Round trip time was 18.5193 milliseconds in repetition 294
tcp_ping received 4096 bytes back
Round trip time was 17.8967 milliseconds in repetition 295
tcp_ping received 4096 bytes back
Round trip time was 19.9435 milliseconds in repetition 296
tcp_ping received 4096 bytes back
Round trip time was 17.8089 milliseconds in repetition 297
tcp_ping received 4096 bytes back
Round trip time was 20.2089 milliseconds in repetition 298
tcp_ping received 4096 bytes back
Round trip time was 17.6643 milliseconds in repetition 299
tcp_ping received 4096 bytes back
Round trip time was 21.3847 milliseconds in repetition 300
tcp_ping received 4096 bytes back
Round trip time was 21.0452 milliseconds in repetition 301
tcp_ping received 4096 bytes back
Round trip time was 17.8523 milliseconds in repetition 302
tcp_ping received 4096 bytes back
Round trip time was 17.5807 milliseconds in repetition 303
tcp_ping received 4096 bytes back
Round trip time was 19.1843 milliseconds in repetition 304
tcp_ping received 4096 bytes back
Round trip time was 18.1453 milliseconds in repetition 305
tcp_ping received 4096 bytes back
Round trip time was 22.9856 milliseconds in repetition 306
tcp_ping received 4096 bytes back
Round trip time was 18.6227 milliseconds in repetition 307
tcp_ping received 4096 bytes back
Round trip time was 18.3713 milliseconds in repetition 308
tcp_ping received 4096 bytes back
Round trip time was 17.7227 milliseconds in repetition 309
tcp_ping received 4096 bytes back
Round trip time was 18.2875 milliseconds in repetition 310
tcp_ping received 4096 bytes back
Round trip time was 18.0851 milliseconds in repetition 311
tcp_ping received 4096 bytes back
Round trip time was 18.0307 milliseconds in repetition 312
tcp_ping received 4096 bytes back
Round trip time was 18.1474 milliseconds in repetition 313
tcp_ping received 4096 bytes back
Round trip time was 24.4019 milliseconds in repetition 314
tcp_ping received 4096 bytes back
Round trip time was 17.973 milliseconds in repetition 315
tcp_ping received 4096 bytes back
Round trip time was 22.1156 milliseconds in repetition 316
tcp_ping received 4096 bytes back
Round trip time was 21.3386 milliseconds in repetition 317
tcp_ping received 4096 bytes back
Round trip time was 18.0868 milliseconds in repetition 318
tcp_ping received 4096 bytes back
Round trip time was 19.5341 milliseconds in repetition 319
tcp_ping received 4096 bytes back
Round trip time was 19.0503 milliseconds in repetition 320
tcp_ping received 4096 bytes back
Round trip time was 18.3108 milliseconds in repetition 321
tcp_ping received 4096 bytes back
Round trip time was 17.7811 milliseconds in repetition 322
tcp_ping received 4096 bytes back
Round trip time was 20.0111 milliseconds in repetition 323
tcp_ping received 4096 bytes back
Round trip time was 18.3849 milliseconds in repetition 324
tcp_ping received 4096 bytes back
Round trip time was 18.7701 milliseconds in repetition 325
tcp_ping received 4096 bytes back
Round trip time was 20.146 milliseconds in repetition 326
tcp_ping received 4096 bytes back
Round trip time was 19.8947 milliseconds in repetition 327
tcp_ping received 4096 bytes back
Round trip time was 18.1958 milliseconds in repetition 328
tcp_ping received 4096 bytes back
Round trip time was 18.6348 milliseconds in repetition 329
tcp_ping received 4096 bytes back
Round trip time was 18.8996 milliseconds in repetition 330
tcp_ping received 4096 bytes back
Round trip time was 18.1814 milliseconds in repetition 331
tcp_ping received 4096 bytes back
Round trip time was 19.3259 milliseconds in repetition 332
tcp_ping received 4096 bytes back
Round trip time was 17.8013 milliseconds in repetition 333
tcp_ping received 4096 bytes back
Round trip time was 20.6401 milliseconds in repetition 334
tcp_ping received 4096 bytes back
Round trip time was 19.2054 milliseconds in repetition 335
tcp_ping received 4096 bytes back
Round trip time was 18.0306 milliseconds in repetition 336
tcp_ping received 4096 bytes back
Round trip time was 18.8049 milliseconds in repetition 337
tcp_ping received 4096 bytes back
Round trip time was 18.5005 milliseconds in repetition 338
tcp_ping received 4096 bytes back
Round trip time was 19.5864 milliseconds in repetition 339
tcp_ping received 4096 bytes back
Round trip time was 19.8076 milliseconds in repetition 340
tcp_ping received 4096 bytes back
Round trip time was 18.7058 milliseconds in repetition 341
tcp_ping received 4096 bytes back
Round trip time was 18.8783 milliseconds in repetition 342
tcp_ping received 4096 bytes back
Round trip time was 19.0625 milliseconds in repetition 343
tcp_ping received 4096 bytes back
Round trip time was 19.5225 milliseconds in repetition 344
tcp_ping received 4096 bytes back
Round trip time was 18.0631 milliseconds in repetition 345
tcp_ping received 4096 bytes back
Round trip time was 19.8063 milliseconds in repetition 346
tcp_ping received 4096 bytes back
Round trip time was 18.4733 milliseconds in repetition 347
tcp_ping received 4096 bytes back
Round trip time was 22.2915 milliseconds in repetition 348
tcp_ping received 4096 bytes back
Round trip time was 18.9081 milliseconds in repetition 349
tcp_ping received 4096 bytes back
Round trip time was 18.3304 milliseconds in repetition 350
tcp_ping received 4096 bytes back
Round trip time was 18.4624 milliseconds in repetition 351
tcp_ping received 4096 bytes back
Round trip time was 18.0451 milliseconds in repetition 352
tcp_ping received 4096 bytes back
Round trip time was 20.2191 milliseconds in repetition 353
tcp_ping received 4096 bytes back
Round trip time was 19.44 milliseconds in repetition 354
tcp_ping received 4096 bytes back
Round trip time was 17.9517 milliseconds in repetition 355
tcp_ping received 4096 bytes back
Round trip time was 19.8487 milliseconds in repetition 356
tcp_ping received 4096 bytes back
Round trip time was 17.9044 milliseconds in repetition 357
tcp_ping received 4096 bytes back
Round trip time was 18.3528 milliseconds in repetition 358
tcp_ping received 4096 bytes back
Round trip time was 19.5603 milliseconds in repetition 359
tcp_ping received 4096 bytes back
Round trip time was 19.2143 milliseconds in repetition 360
tcp_ping received 4096 bytes back
Round trip time was 18.9373 milliseconds in repetition 361
tcp_ping received 4096 bytes back
Round trip time was 18.2956 milliseconds in repetition 362
tcp_ping received 4096 bytes back
Round trip time was 21.1981 milliseconds in repetition 363
tcp_ping received 4096 bytes back
Round trip time was 18.6138 milliseconds in repetition 364
tcp_ping received 4096 bytes back
Round trip time was 22.1035 milliseconds in repetition 365
tcp_ping received 4096 bytes back
Round trip time was 19.6017 milliseconds in repetition 366
tcp_ping received 4096 bytes back
Round trip time was 19.0806 milliseconds in repetition 367
tcp_ping received 4096 bytes back
Round trip time was 18.1416 milliseconds in repetition 368
tcp_ping received 4096 bytes back
Round trip time was 18.4069 milliseconds in repetition 369
tcp_ping received 4096 bytes back
Round trip time was 18.5246 milliseconds in repetition 370
tcp_ping received 4096 bytes back
Round trip time was 18.0916 milliseconds in repetition 371
tcp_ping received 4096 bytes back
Round trip time was 17.6366 milliseconds in repetition 372
tcp_ping received 4096 bytes back
Round trip time was 17.746 milliseconds in repetition 373
tcp_ping received 4096 bytes back
Round trip time was 18.2347 milliseconds in repetition 374
tcp_ping received 4096 bytes back
Round trip time was 18.9491 milliseconds in repetition 375
tcp_ping received 4096 bytes back
Round trip time was 19.8983 milliseconds in repetition 376
tcp_ping received 4096 bytes back
Round trip time was 19.4666 milliseconds in repetition 377
tcp_ping received 4096 bytes back
Round trip time was 19.3993 milliseconds in repetition 378
tcp_ping received 4096 bytes back
Round trip time was 18.8767 milliseconds in repetition 379
tcp_ping received 4096 bytes back
Round trip time was 24.4638 milliseconds in repetition 380
tcp_ping received 4096 bytes back
Round trip time was 23.1314 milliseconds in repetition 381
tcp_ping received 4096 bytes back
Round trip time was 23.0768 milliseconds in repetition 382
tcp_ping received 4096 bytes back
Round trip time was 40.5495 milliseconds in repetition 383
tcp_ping received 4096 bytes back
Round trip time was 18.4157 milliseconds in repetition 384
tcp_ping received 4096 bytes back
Round trip time was 18.8272 milliseconds in repetition 385
tcp_ping received 4096 bytes back
Round trip time was 20.76 milliseconds in repetition 386
tcp_ping received 4096 bytes back
Round trip time was 19.5115 milliseconds in repetition 387
tcp_ping received 4096 bytes back
Round trip time was 23.0436 milliseconds in repetition 388
tcp_ping received 4096 bytes back
Round trip time was 17.8995 milliseconds in repetition 389
tcp_ping received 4096 bytes back
Round trip time was 18.5244 milliseconds in repetition 390
tcp_ping received 4096 bytes back
Round trip time was 20.8954 milliseconds in repetition 391
tcp_ping received 4096 bytes back
Round trip time was 18.4863 milliseconds in repetition 392
tcp_ping received 4096 bytes back
Round trip time was 19.3891 milliseconds in repetition 393
tcp_ping received 4096 bytes back
Round trip time was 18.1722 milliseconds in repetition 394
tcp_ping received 4096 bytes back
Round trip time was 18.4366 milliseconds in repetition 395
tcp_ping received 4096 bytes back
Round trip time was 17.8231 milliseconds in repetition 396
tcp_ping received 4096 bytes back
Round trip time was 18.5474 milliseconds in repetition 397
tcp_ping received 4096 bytes back
Round trip time was 19.5321 milliseconds in repetition 398
tcp_ping received 4096 bytes back
Round trip time was 18.9626 milliseconds in repetition 399
tcp_ping received 4096 bytes back
Round trip time was 17.7978 milliseconds in repetition 400
tcp_ping received 4096 bytes back
Round trip time was 20.1081 milliseconds in repetition 401
tcp_ping received 4096 bytes back
Round trip time was 18.0532 milliseconds in repetition 402
tcp_ping received 4096 bytes back
Round trip time was 18.2232 milliseconds in repetition 403
tcp_ping received 4096 bytes back
Round trip time was 18.5934 milliseconds in repetition 404
tcp_ping received 4096 bytes back
Round trip time was 18.2402 milliseconds in repetition 405
tcp_ping received 4096 bytes back
Round trip time was 18.3248 milliseconds in repetition 406
tcp_ping received 4096 bytes back
Round trip time was 17.9541 milliseconds in repetition 407
tcp_ping received 4096 bytes back
Round trip time was 18.7003 milliseconds in repetition 408
tcp_ping received 4096 bytes back
Round trip time was 18.3309 milliseconds in repetition 409
tcp_ping received 4096 bytes back
Round trip time was 17.7948 milliseconds in repetition 410
tcp_ping received 4096 bytes back
Round trip time was 18.4276 milliseconds in repetition 411
tcp_ping received 4096 bytes back
Round trip time was 18.828 milliseconds in repetition 412
tcp_ping received 4096 bytes back
Round trip time was 19.9357 milliseconds in repetition 413
tcp_ping received 4096 bytes back
Round trip time was 18.1176 milliseconds in repetition 414
tcp_ping received 4096 bytes back
Round trip time was 20.1777 milliseconds in repetition 415
tcp_ping received 4096 bytes back
Round trip time was 19.2656 milliseconds in repetition 416
tcp_ping received 4096 bytes back
Round trip time was 18.3309 milliseconds in repetition 417
tcp_ping received 4096 bytes back
Round trip time was 18.3063 milliseconds in repetition 418
tcp_ping received 4096 bytes back
Round trip time was 18.2209 milliseconds in repetition 419
tcp_ping received 4096 bytes back
Round trip time was 20.8406 milliseconds in repetition 420
tcp_ping received 4096 bytes back
Round trip time was 18.9745 milliseconds in repetition 421
tcp_ping received 4096 bytes back
Round trip time was 19.635 milliseconds in repetition 422
tcp_ping received 4096 bytes back
Round trip time was 19.6423 milliseconds in repetition 423
tcp_ping received 4096 bytes back
Round trip time was 18.6963 milliseconds in repetition 424
tcp_ping received 4096 bytes back
Round trip time was 20.2211 milliseconds in repetition 425
tcp_ping received 4096 bytes back
Round trip time was 18.3502 milliseconds in repetition 426
tcp_ping received 4096 bytes back
Round trip time was 18.3129 milliseconds in repetition 427
tcp_ping received 4096 bytes back
Round trip time was 22.4878 milliseconds in repetition 428
tcp_ping received 4096 bytes back
Round trip time was 18.9692 milliseconds in repetition 429
tcp_ping received 4096 bytes back
Round trip time was 20.5331 milliseconds in repetition 430
tcp_ping received 4096 bytes back
Round trip time was 18.9767 milliseconds in repetition 431
tcp_ping received 4096 bytes back
Round trip time was 18.9928 milliseconds in repetition 432
tcp_ping received 4096 bytes back
Round trip time was 19.9187 milliseconds in repetition 433
tcp_ping received 4096 bytes back
Round trip time was 17.7058 milliseconds in repetition 434
tcp_ping received 4096 bytes back
Round trip time was 19.031 milliseconds in repetition 435
tcp_ping received 4096 bytes back
Round trip time was 20.3143 milliseconds in repetition 436
tcp_ping received 4096 bytes back
Round trip time was 18.8207 milliseconds in repetition 437
tcp_ping received 4096 bytes back
Round trip time was 17.9845 milliseconds in repetition 438
tcp_ping received 4096 bytes back
Round trip time was 20.1982 milliseconds in repetition 439
tcp_ping received 4096 bytes back
Round trip time was 17.9946 milliseconds in repetition 440
tcp_ping received 4096 bytes back
Round trip time was 17.9882 milliseconds in repetition 441
tcp_ping received 4096 bytes back
Round trip time was 17.894 milliseconds in repetition 442
tcp_ping received 4096 bytes back
Round trip time was 18.1765 milliseconds in repetition 443
tcp_ping received 4096 bytes back
Round trip time was 17.8327 milliseconds in repetition 444
tcp_ping received 4096 bytes back
Round trip time was 18.0834 milliseconds in repetition 445
tcp_ping received 4096 bytes back
Round trip time was 18.4847 milliseconds in repetition 446
tcp_ping received 4096 bytes back
Round trip time was 18.6864 milliseconds in repetition 447
tcp_ping received 4096 bytes back
Round trip time was 18.2341 milliseconds in repetition 448
tcp_ping received 4096 bytes back
Round trip time was 18.0825 milliseconds in repetition 449
tcp_ping received 4096 bytes back
Round trip time was 17.8871 milliseconds in repetition 450
tcp_ping received 4096 bytes back
Round trip time was 17.7605 milliseconds in repetition 451
tcp_ping received 4096 bytes back
Round trip time was 18.2393 milliseconds in repetition 452
tcp_ping received 4096 bytes back
Round trip time was 18.4934 milliseconds in repetition 453
tcp_ping received 4096 bytes back
Round trip time was 17.7933 milliseconds in repetition 454
tcp_ping received 4096 bytes back
Round trip time was 17.9826 milliseconds in repetition 455
tcp_ping received 4096 bytes back
Round trip time was 19.7259 milliseconds in repetition 456
tcp_ping received 4096 bytes back
Round trip time was 26.5991 milliseconds in repetition 457
tcp_ping received 4096 bytes back
Round trip time was 30.5556 milliseconds in repetition 458
tcp_ping received 4096 bytes back
Round trip time was 19.5154 milliseconds in repetition 459
tcp_ping received 4096 bytes back
Round trip time was 18.3894 milliseconds in repetition 460
tcp_ping received 4096 bytes back
Round trip time was 18.7945 milliseconds in repetition 461
tcp_ping received 4096 bytes back
Round trip time was 18.4048 milliseconds in repetition 462
tcp_ping received 4096 bytes back
Round trip time was 19.9709 milliseconds in repetition 463
tcp_ping received 4096 bytes back
Round trip time was 22.1282 milliseconds in repetition 464
tcp_ping received 4096 bytes back
Round trip time was 18.6465 milliseconds in repetition 465
tcp_ping received 4096 bytes back
Round trip time was 18.9557 milliseconds in repetition 466
tcp_ping received 4096 bytes back
Round trip time was 18.7752 milliseconds in repetition 467
tcp_ping received 4096 bytes back
Round trip time was 17.7804 milliseconds in repetition 468
tcp_ping received 4096 bytes back
Round trip time was 17.8287 milliseconds in repetition 469
tcp_ping received 4096 bytes back
Round trip time was 18.6088 milliseconds in repetition 470
tcp_ping received 4096 bytes back
Round trip time was 18.1572 milliseconds in repetition 471
tcp_ping received 4096 bytes back
Round trip time was 20.3575 milliseconds in repetition 472
tcp_ping received 4096 bytes back
Round trip time was 19.2482 milliseconds in repetition 473
tcp_ping received 4096 bytes back
Round trip time was 20.8701 milliseconds in repetition 474
tcp_ping received 4096 bytes back
Round trip time was 20.0986 milliseconds in repetition 475
tcp_ping received 4096 bytes back
Round trip time was 17.3409 milliseconds in repetition 476
tcp_ping received 4096 bytes back
Round trip time was 20.2292 milliseconds in repetition 477
tcp_ping received 4096 bytes back
Round trip time was 17.9058 milliseconds in repetition 478
tcp_ping received 4096 bytes back
Round trip time was 19.0991 milliseconds in repetition 479
tcp_ping received 4096 bytes back
Round trip time was 19.0155 milliseconds in repetition 480
tcp_ping received 4096 bytes back
Round trip time was 18.1687 milliseconds in repetition 481
tcp_ping received 4096 bytes back
Round trip time was 18.1993 milliseconds in repetition 482
tcp_ping received 4096 bytes back
Round trip time was 19.1689 milliseconds in repetition 483
tcp_ping received 4096 bytes back
Round trip time was 23.2938 milliseconds in repetition 484
tcp_ping received 4096 bytes back
Round trip time was 18.0008 milliseconds in repetition 485
tcp_ping received 4096 bytes back
Round trip time was 20.1675 milliseconds in repetition 486
tcp_ping received 4096 bytes back
Round trip time was 17.8686 milliseconds in repetition 487
tcp_ping received 4096 bytes back
Round trip time was 18.9937 milliseconds in repetition 488
tcp_ping received 4096 bytes back
Round trip time was 18.2815 milliseconds in repetition 489
tcp_ping received 4096 bytes back
Round trip time was 19.1219 milliseconds in repetition 490
tcp_ping received 4096 bytes back
Round trip time was 18.2211 milliseconds in repetition 491
tcp_ping received 4096 bytes back
Round trip time was 18.5002 milliseconds in repetition 492
tcp_ping received 4096 bytes back
Round trip time was 19.1616 milliseconds in repetition 493
tcp_ping received 4096 bytes back
Round trip time was 19.6716 milliseconds in repetition 494
tcp_ping received 4096 bytes back
Round trip time was 18.6646 milliseconds in repetition 495
tcp_ping received 4096 bytes back
Round trip time was 18.9442 milliseconds in repetition 496
tcp_ping received 4096 bytes back
Round trip time was 18.8477 milliseconds in repetition 497
tcp_ping received 4096 bytes back
Round trip time was 19.0312 milliseconds in repetition 498
tcp_ping received 4096 bytes back
Round trip time was 18.8436 milliseconds in repetition 499
tcp_ping received 4096 bytes back
Round trip time was 18.5198 milliseconds in repetition 500
tcp_ping received 4096 bytes back
Round trip time was 18.6775 milliseconds in repetition 501

 ... clock resolution was 1e-06
TCP Ping:  Statistics over 501 repetitions of 4096 byte messages

RTT : percentile 10: 17.9858, median: 19.1616, percentile 90: 23.3737, average: 20.2691, variance: 14.0172

RTT histogram:
17.31 120
19.5148 251
21.7196 67
23.9244 34
26.1292 9
28.334 8
30.5388 3
32.7436 3
34.9484 0
37.1532 3
39.358 0
41.5628 1
43.7676 0
45.9724 0
48.1772 0
50.382 0
52.5868 1
54.7916 0
56.9964 0
59.2012 0
61.406 1

   median Throughput : 427.521 KB/s   overall Throughput : 404.163 KB/s

