TCP Ping trying to connect to server seti.dibris.unige.it (130.251.61.30) on port 1491

... connected to Pong server: asking for 501 repetitions of 32 bytes TCP messages
 ... Pong server agreed :-)
tcp_ping received 32 bytes back
Round trip time was 50.427 milliseconds in repetition 1
tcp_ping received 32 bytes back
Round trip time was 68.1989 milliseconds in repetition 2
tcp_ping received 32 bytes back
Round trip time was 87.074 milliseconds in repetition 3
tcp_ping received 32 bytes back
Round trip time was 105.693 milliseconds in repetition 4
tcp_ping received 32 bytes back
Round trip time was 124.12 milliseconds in repetition 5
tcp_ping received 32 bytes back
Round trip time was 142.103 milliseconds in repetition 6
tcp_ping received 32 bytes back
Round trip time was 160.422 milliseconds in repetition 7
tcp_ping received 32 bytes back
Round trip time was 180.068 milliseconds in repetition 8
tcp_ping received 32 bytes back
Round trip time was 198.663 milliseconds in repetition 9
tcp_ping received 32 bytes back
Round trip time was 217.175 milliseconds in repetition 10
tcp_ping received 32 bytes back
Round trip time was 237.75 milliseconds in repetition 11
tcp_ping received 32 bytes back
Round trip time was 256.061 milliseconds in repetition 12
tcp_ping received 32 bytes back
Round trip time was 274.893 milliseconds in repetition 13
tcp_ping received 32 bytes back
Round trip time was 293.027 milliseconds in repetition 14
tcp_ping received 32 bytes back
Round trip time was 311.479 milliseconds in repetition 15
tcp_ping received 32 bytes back
Round trip time was 330.014 milliseconds in repetition 16
tcp_ping received 32 bytes back
Round trip time was 348.547 milliseconds in repetition 17
tcp_ping received 32 bytes back
Round trip time was 369.011 milliseconds in repetition 18
tcp_ping received 32 bytes back
Round trip time was 386.156 milliseconds in repetition 19
tcp_ping received 32 bytes back
Round trip time was 404.736 milliseconds in repetition 20
tcp_ping received 32 bytes back
Round trip time was 424.182 milliseconds in repetition 21
tcp_ping received 32 bytes back
Round trip time was 442.359 milliseconds in repetition 22
tcp_ping received 32 bytes back
Round trip time was 460.906 milliseconds in repetition 23
tcp_ping received 32 bytes back
Round trip time was 479.131 milliseconds in repetition 24
tcp_ping received 32 bytes back
Round trip time was 497.11 milliseconds in repetition 25
tcp_ping received 32 bytes back
Round trip time was 515.598 milliseconds in repetition 26
tcp_ping received 32 bytes back
Round trip time was 534.476 milliseconds in repetition 27
tcp_ping received 32 bytes back
Round trip time was 552.002 milliseconds in repetition 28
tcp_ping received 32 bytes back
Round trip time was 569.741 milliseconds in repetition 29
tcp_ping received 32 bytes back
Round trip time was 587.612 milliseconds in repetition 30
tcp_ping received 32 bytes back
Round trip time was 613.176 milliseconds in repetition 31
tcp_ping received 32 bytes back
Round trip time was 628.755 milliseconds in repetition 32
tcp_ping received 32 bytes back
Round trip time was 648.033 milliseconds in repetition 33
tcp_ping received 32 bytes back
Round trip time was 666.133 milliseconds in repetition 34
tcp_ping received 32 bytes back
Round trip time was 685.461 milliseconds in repetition 35
tcp_ping received 32 bytes back
Round trip time was 701.904 milliseconds in repetition 36
tcp_ping received 32 bytes back
Round trip time was 719.347 milliseconds in repetition 37
tcp_ping received 32 bytes back
Round trip time was 736.512 milliseconds in repetition 38
tcp_ping received 32 bytes back
Round trip time was 755.575 milliseconds in repetition 39
tcp_ping received 32 bytes back
Round trip time was 772.836 milliseconds in repetition 40
tcp_ping received 32 bytes back
Round trip time was 789.57 milliseconds in repetition 41
tcp_ping received 32 bytes back
Round trip time was 806.24 milliseconds in repetition 42
tcp_ping received 32 bytes back
Round trip time was 823.79 milliseconds in repetition 43
tcp_ping received 32 bytes back
Round trip time was 840.722 milliseconds in repetition 44
tcp_ping received 32 bytes back
Round trip time was 859.215 milliseconds in repetition 45
tcp_ping received 32 bytes back
Round trip time was 876.633 milliseconds in repetition 46
tcp_ping received 32 bytes back
Round trip time was 893.35 milliseconds in repetition 47
tcp_ping received 32 bytes back
Round trip time was 911.833 milliseconds in repetition 48
tcp_ping received 32 bytes back
Round trip time was 929.331 milliseconds in repetition 49
tcp_ping received 32 bytes back
Round trip time was 946.977 milliseconds in repetition 50
tcp_ping received 32 bytes back
Round trip time was 963.447 milliseconds in repetition 51
tcp_ping received 32 bytes back
Round trip time was 980.926 milliseconds in repetition 52
tcp_ping received 32 bytes back
Round trip time was 999.623 milliseconds in repetition 53
tcp_ping received 32 bytes back
Round trip time was 1015.38 milliseconds in repetition 54
tcp_ping received 32 bytes back
Round trip time was 31.7955 milliseconds in repetition 55
tcp_ping received 32 bytes back
Round trip time was 49.2877 milliseconds in repetition 56
tcp_ping received 32 bytes back
Round trip time was 67.185 milliseconds in repetition 57
tcp_ping received 32 bytes back
Round trip time was 84.4405 milliseconds in repetition 58
tcp_ping received 32 bytes back
Round trip time was 102.128 milliseconds in repetition 59
tcp_ping received 32 bytes back
Round trip time was 118.887 milliseconds in repetition 60
tcp_ping received 32 bytes back
Round trip time was 136.16 milliseconds in repetition 61
tcp_ping received 32 bytes back
Round trip time was 154.553 milliseconds in repetition 62
tcp_ping received 32 bytes back
Round trip time was 171.319 milliseconds in repetition 63
tcp_ping received 32 bytes back
Round trip time was 188.278 milliseconds in repetition 64
tcp_ping received 32 bytes back
Round trip time was 206.582 milliseconds in repetition 65
tcp_ping received 32 bytes back
Round trip time was 223.922 milliseconds in repetition 66
tcp_ping received 32 bytes back
Round trip time was 242.667 milliseconds in repetition 67
tcp_ping received 32 bytes back
Round trip time was 259.136 milliseconds in repetition 68
tcp_ping received 32 bytes back
Round trip time was 277.543 milliseconds in repetition 69
tcp_ping received 32 bytes back
Round trip time was 300.902 milliseconds in repetition 70
tcp_ping received 32 bytes back
Round trip time was 321.822 milliseconds in repetition 71
tcp_ping received 32 bytes back
Round trip time was 337.116 milliseconds in repetition 72
tcp_ping received 32 bytes back
Round trip time was 354.501 milliseconds in repetition 73
tcp_ping received 32 bytes back
Round trip time was 374.756 milliseconds in repetition 74
tcp_ping received 32 bytes back
Round trip time was 391.801 milliseconds in repetition 75
tcp_ping received 32 bytes back
Round trip time was 408.808 milliseconds in repetition 76
tcp_ping received 32 bytes back
Round trip time was 425.735 milliseconds in repetition 77
tcp_ping received 32 bytes back
Round trip time was 443.625 milliseconds in repetition 78
tcp_ping received 32 bytes back
Round trip time was 461.524 milliseconds in repetition 79
tcp_ping received 32 bytes back
Round trip time was 478.083 milliseconds in repetition 80
tcp_ping received 32 bytes back
Round trip time was 496.724 milliseconds in repetition 81
tcp_ping received 32 bytes back
Round trip time was 513.761 milliseconds in repetition 82
tcp_ping received 32 bytes back
Round trip time was 531.181 milliseconds in repetition 83
tcp_ping received 32 bytes back
Round trip time was 549.334 milliseconds in repetition 84
tcp_ping received 32 bytes back
Round trip time was 566.235 milliseconds in repetition 85
tcp_ping received 32 bytes back
Round trip time was 583.464 milliseconds in repetition 86
tcp_ping received 32 bytes back
Round trip time was 608.289 milliseconds in repetition 87
tcp_ping received 32 bytes back
Round trip time was 623.181 milliseconds in repetition 88
tcp_ping received 32 bytes back
Round trip time was 639.877 milliseconds in repetition 89
tcp_ping received 32 bytes back
Round trip time was 657.175 milliseconds in repetition 90
tcp_ping received 32 bytes back
Round trip time was 676.779 milliseconds in repetition 91
tcp_ping received 32 bytes back
Round trip time was 699.421 milliseconds in repetition 92
tcp_ping received 32 bytes back
Round trip time was 713.476 milliseconds in repetition 93
tcp_ping received 32 bytes back
Round trip time was 731.007 milliseconds in repetition 94
tcp_ping received 32 bytes back
Round trip time was 748.413 milliseconds in repetition 95
tcp_ping received 32 bytes back
Round trip time was 765.597 milliseconds in repetition 96
tcp_ping received 32 bytes back
Round trip time was 782.593 milliseconds in repetition 97
tcp_ping received 32 bytes back
Round trip time was 799.971 milliseconds in repetition 98
tcp_ping received 32 bytes back
Round trip time was 817.144 milliseconds in repetition 99
tcp_ping received 32 bytes back
Round trip time was 833.946 milliseconds in repetition 100
tcp_ping received 32 bytes back
Round trip time was 850.663 milliseconds in repetition 101
tcp_ping received 32 bytes back
Round trip time was 867.357 milliseconds in repetition 102
tcp_ping received 32 bytes back
Round trip time was 885.348 milliseconds in repetition 103
tcp_ping received 32 bytes back
Round trip time was 902.394 milliseconds in repetition 104
tcp_ping received 32 bytes back
Round trip time was 920.309 milliseconds in repetition 105
tcp_ping received 32 bytes back
Round trip time was 937.576 milliseconds in repetition 106
tcp_ping received 32 bytes back
Round trip time was 955.389 milliseconds in repetition 107
tcp_ping received 32 bytes back
Round trip time was 971.904 milliseconds in repetition 108
tcp_ping received 32 bytes back
Round trip time was 989.469 milliseconds in repetition 109
tcp_ping received 32 bytes back
Round trip time was 1006.21 milliseconds in repetition 110
tcp_ping received 32 bytes back
Round trip time was 24.7565 milliseconds in repetition 111
tcp_ping received 32 bytes back
Round trip time was 43.2958 milliseconds in repetition 112
tcp_ping received 32 bytes back
Round trip time was 59.9025 milliseconds in repetition 113
tcp_ping received 32 bytes back
Round trip time was 76.3862 milliseconds in repetition 114
tcp_ping received 32 bytes back
Round trip time was 93.0398 milliseconds in repetition 115
tcp_ping received 32 bytes back
Round trip time was 110.511 milliseconds in repetition 116
tcp_ping received 32 bytes back
Round trip time was 127.089 milliseconds in repetition 117
tcp_ping received 32 bytes back
Round trip time was 144.053 milliseconds in repetition 118
tcp_ping received 32 bytes back
Round trip time was 160.901 milliseconds in repetition 119
tcp_ping received 32 bytes back
Round trip time was 183.924 milliseconds in repetition 120
tcp_ping received 32 bytes back
Round trip time was 201.084 milliseconds in repetition 121
tcp_ping received 32 bytes back
Round trip time was 218.046 milliseconds in repetition 122
tcp_ping received 32 bytes back
Round trip time was 237.65 milliseconds in repetition 123
tcp_ping received 32 bytes back
Round trip time was 254.457 milliseconds in repetition 124
tcp_ping received 32 bytes back
Round trip time was 271.193 milliseconds in repetition 125
tcp_ping received 32 bytes back
Round trip time was 288.012 milliseconds in repetition 126
tcp_ping received 32 bytes back
Round trip time was 310.754 milliseconds in repetition 127
tcp_ping received 32 bytes back
Round trip time was 326.452 milliseconds in repetition 128
tcp_ping received 32 bytes back
Round trip time was 344.005 milliseconds in repetition 129
tcp_ping received 32 bytes back
Round trip time was 360.382 milliseconds in repetition 130
tcp_ping received 32 bytes back
Round trip time was 377.577 milliseconds in repetition 131
tcp_ping received 32 bytes back
Round trip time was 394.453 milliseconds in repetition 132
tcp_ping received 32 bytes back
Round trip time was 412.785 milliseconds in repetition 133
tcp_ping received 32 bytes back
Round trip time was 429.915 milliseconds in repetition 134
tcp_ping received 32 bytes back
Round trip time was 447.911 milliseconds in repetition 135
tcp_ping received 32 bytes back
Round trip time was 465.808 milliseconds in repetition 136
tcp_ping received 32 bytes back
Round trip time was 482.915 milliseconds in repetition 137
tcp_ping received 32 bytes back
Round trip time was 500.196 milliseconds in repetition 138
tcp_ping received 32 bytes back
Round trip time was 522.353 milliseconds in repetition 139
tcp_ping received 32 bytes back
Round trip time was 548.787 milliseconds in repetition 140
tcp_ping received 32 bytes back
Round trip time was 565.637 milliseconds in repetition 141
tcp_ping received 32 bytes back
Round trip time was 582.527 milliseconds in repetition 142
tcp_ping received 32 bytes back
Round trip time was 600.492 milliseconds in repetition 143
tcp_ping received 32 bytes back
Round trip time was 617.698 milliseconds in repetition 144
tcp_ping received 32 bytes back
Round trip time was 634.841 milliseconds in repetition 145
tcp_ping received 32 bytes back
Round trip time was 651.985 milliseconds in repetition 146
tcp_ping received 32 bytes back
Round trip time was 668.476 milliseconds in repetition 147
tcp_ping received 32 bytes back
Round trip time was 685.589 milliseconds in repetition 148
tcp_ping received 32 bytes back
Round trip time was 703.398 milliseconds in repetition 149
tcp_ping received 32 bytes back
Round trip time was 719.76 milliseconds in repetition 150
tcp_ping received 32 bytes back
Round trip time was 737.027 milliseconds in repetition 151
tcp_ping received 32 bytes back
Round trip time was 791.087 milliseconds in repetition 152
tcp_ping received 32 bytes back
Round trip time was 800.213 milliseconds in repetition 153
tcp_ping received 32 bytes back
Round trip time was 815.738 milliseconds in repetition 154
tcp_ping received 32 bytes back
Round trip time was 830.157 milliseconds in repetition 155
tcp_ping received 32 bytes back
Round trip time was 849.783 milliseconds in repetition 156
tcp_ping received 32 bytes back
Round trip time was 866.635 milliseconds in repetition 157
tcp_ping received 32 bytes back
Round trip time was 891.397 milliseconds in repetition 158
tcp_ping received 32 bytes back
Round trip time was 908.024 milliseconds in repetition 159
tcp_ping received 32 bytes back
Round trip time was 934.605 milliseconds in repetition 160
tcp_ping received 32 bytes back
Round trip time was 955.905 milliseconds in repetition 161
tcp_ping received 32 bytes back
Round trip time was 980.146 milliseconds in repetition 162
tcp_ping received 32 bytes back
Round trip time was 1012.35 milliseconds in repetition 163
tcp_ping received 32 bytes back
Round trip time was 31.1643 milliseconds in repetition 164
tcp_ping received 32 bytes back
Round trip time was 47.4394 milliseconds in repetition 165
tcp_ping received 32 bytes back
Round trip time was 67.8589 milliseconds in repetition 166
tcp_ping received 32 bytes back
Round trip time was 92.7514 milliseconds in repetition 167
tcp_ping received 32 bytes back
Round trip time was 105.616 milliseconds in repetition 168
tcp_ping received 32 bytes back
Round trip time was 122.654 milliseconds in repetition 169
tcp_ping received 32 bytes back
Round trip time was 139.757 milliseconds in repetition 170
tcp_ping received 32 bytes back
Round trip time was 159.021 milliseconds in repetition 171
tcp_ping received 32 bytes back
Round trip time was 177.062 milliseconds in repetition 172
tcp_ping received 32 bytes back
Round trip time was 193.884 milliseconds in repetition 173
tcp_ping received 32 bytes back
Round trip time was 213.544 milliseconds in repetition 174
tcp_ping received 32 bytes back
Round trip time was 232.166 milliseconds in repetition 175
tcp_ping received 32 bytes back
Round trip time was 249.005 milliseconds in repetition 176
tcp_ping received 32 bytes back
Round trip time was 265.934 milliseconds in repetition 177
tcp_ping received 32 bytes back
Round trip time was 282.883 milliseconds in repetition 178
tcp_ping received 32 bytes back
Round trip time was 300.78 milliseconds in repetition 179
tcp_ping received 32 bytes back
Round trip time was 317.08 milliseconds in repetition 180
tcp_ping received 32 bytes back
Round trip time was 335.636 milliseconds in repetition 181
tcp_ping received 32 bytes back
Round trip time was 352.162 milliseconds in repetition 182
tcp_ping received 32 bytes back
Round trip time was 368.438 milliseconds in repetition 183
tcp_ping received 32 bytes back
Round trip time was 385.67 milliseconds in repetition 184
tcp_ping received 32 bytes back
Round trip time was 401.922 milliseconds in repetition 185
tcp_ping received 32 bytes back
Round trip time was 418.764 milliseconds in repetition 186
tcp_ping received 32 bytes back
Round trip time was 438.329 milliseconds in repetition 187
tcp_ping received 32 bytes back
Round trip time was 454.437 milliseconds in repetition 188
tcp_ping received 32 bytes back
Round trip time was 470.617 milliseconds in repetition 189
tcp_ping received 32 bytes back
Round trip time was 487.671 milliseconds in repetition 190
tcp_ping received 32 bytes back
Round trip time was 505.047 milliseconds in repetition 191
tcp_ping received 32 bytes back
Round trip time was 523.028 milliseconds in repetition 192
tcp_ping received 32 bytes back
Round trip time was 538.775 milliseconds in repetition 193
tcp_ping received 32 bytes back
Round trip time was 556.125 milliseconds in repetition 194
tcp_ping received 32 bytes back
Round trip time was 573.324 milliseconds in repetition 195
tcp_ping received 32 bytes back
Round trip time was 591.193 milliseconds in repetition 196
tcp_ping received 32 bytes back
Round trip time was 610.777 milliseconds in repetition 197
tcp_ping received 32 bytes back
Round trip time was 628.055 milliseconds in repetition 198
tcp_ping received 32 bytes back
Round trip time was 654.626 milliseconds in repetition 199
tcp_ping received 32 bytes back
Round trip time was 667.534 milliseconds in repetition 200
tcp_ping received 32 bytes back
Round trip time was 684.606 milliseconds in repetition 201
tcp_ping received 32 bytes back
Round trip time was 701.47 milliseconds in repetition 202
tcp_ping received 32 bytes back
Round trip time was 718.672 milliseconds in repetition 203
tcp_ping received 32 bytes back
Round trip time was 735.493 milliseconds in repetition 204
tcp_ping received 32 bytes back
Round trip time was 752.839 milliseconds in repetition 205
tcp_ping received 32 bytes back
Round trip time was 769.864 milliseconds in repetition 206
tcp_ping received 32 bytes back
Round trip time was 787.251 milliseconds in repetition 207
tcp_ping received 32 bytes back
Round trip time was 804.688 milliseconds in repetition 208
tcp_ping received 32 bytes back
Round trip time was 821.766 milliseconds in repetition 209
tcp_ping received 32 bytes back
Round trip time was 839.249 milliseconds in repetition 210
tcp_ping received 32 bytes back
Round trip time was 856.073 milliseconds in repetition 211
tcp_ping received 32 bytes back
Round trip time was 873.328 milliseconds in repetition 212
tcp_ping received 32 bytes back
Round trip time was 889.834 milliseconds in repetition 213
tcp_ping received 32 bytes back
Round trip time was 906.411 milliseconds in repetition 214
tcp_ping received 32 bytes back
Round trip time was 923.263 milliseconds in repetition 215
tcp_ping received 32 bytes back
Round trip time was 940.506 milliseconds in repetition 216
tcp_ping received 32 bytes back
Round trip time was 958.745 milliseconds in repetition 217
tcp_ping received 32 bytes back
Round trip time was 976.121 milliseconds in repetition 218
tcp_ping received 32 bytes back
Round trip time was 992.493 milliseconds in repetition 219
tcp_ping received 32 bytes back
Round trip time was 1009.78 milliseconds in repetition 220
tcp_ping received 32 bytes back
Round trip time was 27.2814 milliseconds in repetition 221
tcp_ping received 32 bytes back
Round trip time was 44.4709 milliseconds in repetition 222
tcp_ping received 32 bytes back
Round trip time was 61.3944 milliseconds in repetition 223
tcp_ping received 32 bytes back
Round trip time was 77.9535 milliseconds in repetition 224
tcp_ping received 32 bytes back
Round trip time was 94.7536 milliseconds in repetition 225
tcp_ping received 32 bytes back
Round trip time was 112.096 milliseconds in repetition 226
tcp_ping received 32 bytes back
Round trip time was 128.665 milliseconds in repetition 227
tcp_ping received 32 bytes back
Round trip time was 146.309 milliseconds in repetition 228
tcp_ping received 32 bytes back
Round trip time was 163.702 milliseconds in repetition 229
tcp_ping received 32 bytes back
Round trip time was 181.269 milliseconds in repetition 230
tcp_ping received 32 bytes back
Round trip time was 198.512 milliseconds in repetition 231
tcp_ping received 32 bytes back
Round trip time was 216.249 milliseconds in repetition 232
tcp_ping received 32 bytes back
Round trip time was 234.114 milliseconds in repetition 233
tcp_ping received 32 bytes back
Round trip time was 256.915 milliseconds in repetition 234
tcp_ping received 32 bytes back
Round trip time was 270.947 milliseconds in repetition 235
tcp_ping received 32 bytes back
Round trip time was 288.58 milliseconds in repetition 236
tcp_ping received 32 bytes back
Round trip time was 305.557 milliseconds in repetition 237
tcp_ping received 32 bytes back
Round trip time was 323.147 milliseconds in repetition 238
tcp_ping received 32 bytes back
Round trip time was 340.844 milliseconds in repetition 239
tcp_ping received 32 bytes back
Round trip time was 359.266 milliseconds in repetition 240
tcp_ping received 32 bytes back
Round trip time was 375.231 milliseconds in repetition 241
tcp_ping received 32 bytes back
Round trip time was 392.858 milliseconds in repetition 242
tcp_ping received 32 bytes back
Round trip time was 410.423 milliseconds in repetition 243
tcp_ping received 32 bytes back
Round trip time was 428.872 milliseconds in repetition 244
tcp_ping received 32 bytes back
Round trip time was 445.55 milliseconds in repetition 245
tcp_ping received 32 bytes back
Round trip time was 462.435 milliseconds in repetition 246
tcp_ping received 32 bytes back
Round trip time was 479.71 milliseconds in repetition 247
tcp_ping received 32 bytes back
Round trip time was 496.511 milliseconds in repetition 248
tcp_ping received 32 bytes back
Round trip time was 513.849 milliseconds in repetition 249
tcp_ping received 32 bytes back
Round trip time was 530.687 milliseconds in repetition 250
tcp_ping received 32 bytes back
Round trip time was 549.619 milliseconds in repetition 251
tcp_ping received 32 bytes back
Round trip time was 566.369 milliseconds in repetition 252
tcp_ping received 32 bytes back
Round trip time was 583.598 milliseconds in repetition 253
tcp_ping received 32 bytes back
Round trip time was 617.437 milliseconds in repetition 254
tcp_ping received 32 bytes back
Round trip time was 630.513 milliseconds in repetition 255
tcp_ping received 32 bytes back
Round trip time was 652.161 milliseconds in repetition 256
tcp_ping received 32 bytes back
Round trip time was 747.951 milliseconds in repetition 257
tcp_ping received 32 bytes back
Round trip time was 738.143 milliseconds in repetition 258
tcp_ping received 32 bytes back
Round trip time was 749.733 milliseconds in repetition 259
tcp_ping received 32 bytes back
Round trip time was 766.53 milliseconds in repetition 260
tcp_ping received 32 bytes back
Round trip time was 783.706 milliseconds in repetition 261
tcp_ping received 32 bytes back
Round trip time was 800.82 milliseconds in repetition 262
tcp_ping received 32 bytes back
Round trip time was 817.676 milliseconds in repetition 263
tcp_ping received 32 bytes back
Round trip time was 838.522 milliseconds in repetition 264
tcp_ping received 32 bytes back
Round trip time was 857.611 milliseconds in repetition 265
tcp_ping received 32 bytes back
Round trip time was 874.619 milliseconds in repetition 266
tcp_ping received 32 bytes back
Round trip time was 891.74 milliseconds in repetition 267
tcp_ping received 32 bytes back
Round trip time was 910.27 milliseconds in repetition 268
tcp_ping received 32 bytes back
Round trip time was 925.86 milliseconds in repetition 269
tcp_ping received 32 bytes back
Round trip time was 942.471 milliseconds in repetition 270
tcp_ping received 32 bytes back
Round trip time was 959.659 milliseconds in repetition 271
tcp_ping received 32 bytes back
Round trip time was 976.123 milliseconds in repetition 272
tcp_ping received 32 bytes back
Round trip time was 993.501 milliseconds in repetition 273
tcp_ping received 32 bytes back
Round trip time was 1010.66 milliseconds in repetition 274
tcp_ping received 32 bytes back
Round trip time was 27.8499 milliseconds in repetition 275
tcp_ping received 32 bytes back
Round trip time was 45.0303 milliseconds in repetition 276
tcp_ping received 32 bytes back
Round trip time was 61.4834 milliseconds in repetition 277
tcp_ping received 32 bytes back
Round trip time was 78.6629 milliseconds in repetition 278
tcp_ping received 32 bytes back
Round trip time was 96.0866 milliseconds in repetition 279
tcp_ping received 32 bytes back
Round trip time was 112.799 milliseconds in repetition 280
tcp_ping received 32 bytes back
Round trip time was 130.187 milliseconds in repetition 281
tcp_ping received 32 bytes back
Round trip time was 147.163 milliseconds in repetition 282
tcp_ping received 32 bytes back
Round trip time was 164.437 milliseconds in repetition 283
tcp_ping received 32 bytes back
Round trip time was 181.186 milliseconds in repetition 284
tcp_ping received 32 bytes back
Round trip time was 199.037 milliseconds in repetition 285
tcp_ping received 32 bytes back
Round trip time was 216.932 milliseconds in repetition 286
tcp_ping received 32 bytes back
Round trip time was 234.578 milliseconds in repetition 287
tcp_ping received 32 bytes back
Round trip time was 251.528 milliseconds in repetition 288
tcp_ping received 32 bytes back
Round trip time was 269.168 milliseconds in repetition 289
tcp_ping received 32 bytes back
Round trip time was 286.556 milliseconds in repetition 290
tcp_ping received 32 bytes back
Round trip time was 303.198 milliseconds in repetition 291
tcp_ping received 32 bytes back
Round trip time was 320.327 milliseconds in repetition 292
tcp_ping received 32 bytes back
Round trip time was 337.454 milliseconds in repetition 293
tcp_ping received 32 bytes back
Round trip time was 355.092 milliseconds in repetition 294
tcp_ping received 32 bytes back
Round trip time was 373.054 milliseconds in repetition 295
tcp_ping received 32 bytes back
Round trip time was 390.17 milliseconds in repetition 296
tcp_ping received 32 bytes back
Round trip time was 407.683 milliseconds in repetition 297
tcp_ping received 32 bytes back
Round trip time was 424.921 milliseconds in repetition 298
tcp_ping received 32 bytes back
Round trip time was 441.762 milliseconds in repetition 299
tcp_ping received 32 bytes back
Round trip time was 461.246 milliseconds in repetition 300
tcp_ping received 32 bytes back
Round trip time was 477.358 milliseconds in repetition 301
tcp_ping received 32 bytes back
Round trip time was 494.766 milliseconds in repetition 302
tcp_ping received 32 bytes back
Round trip time was 511.624 milliseconds in repetition 303
tcp_ping received 32 bytes back
Round trip time was 529.684 milliseconds in repetition 304
tcp_ping received 32 bytes back
Round trip time was 547.132 milliseconds in repetition 305
tcp_ping received 32 bytes back
Round trip time was 564.864 milliseconds in repetition 306
tcp_ping received 32 bytes back
Round trip time was 589.143 milliseconds in repetition 307
tcp_ping received 32 bytes back
Round trip time was 605.313 milliseconds in repetition 308
tcp_ping received 32 bytes back
Round trip time was 634.703 milliseconds in repetition 309
tcp_ping received 32 bytes back
Round trip time was 646.768 milliseconds in repetition 310
tcp_ping received 32 bytes back
Round trip time was 664.047 milliseconds in repetition 311
tcp_ping received 32 bytes back
Round trip time was 681.119 milliseconds in repetition 312
tcp_ping received 32 bytes back
Round trip time was 698.198 milliseconds in repetition 313
tcp_ping received 32 bytes back
Round trip time was 717.215 milliseconds in repetition 314
tcp_ping received 32 bytes back
Round trip time was 734.488 milliseconds in repetition 315
tcp_ping received 32 bytes back
Round trip time was 753.344 milliseconds in repetition 316
tcp_ping received 32 bytes back
Round trip time was 770.467 milliseconds in repetition 317
tcp_ping received 32 bytes back
Round trip time was 793.078 milliseconds in repetition 318
tcp_ping received 32 bytes back
Round trip time was 806.783 milliseconds in repetition 319
tcp_ping received 32 bytes back
Round trip time was 823.46 milliseconds in repetition 320
tcp_ping received 32 bytes back
Round trip time was 840.477 milliseconds in repetition 321
tcp_ping received 32 bytes back
Round trip time was 857.368 milliseconds in repetition 322
tcp_ping received 32 bytes back
Round trip time was 876.327 milliseconds in repetition 323
tcp_ping received 32 bytes back
Round trip time was 893.654 milliseconds in repetition 324
tcp_ping received 32 bytes back
Round trip time was 910.88 milliseconds in repetition 325
tcp_ping received 32 bytes back
Round trip time was 927.908 milliseconds in repetition 326
tcp_ping received 32 bytes back
Round trip time was 944.529 milliseconds in repetition 327
tcp_ping received 32 bytes back
Round trip time was 961.119 milliseconds in repetition 328
tcp_ping received 32 bytes back
Round trip time was 979.971 milliseconds in repetition 329
tcp_ping received 32 bytes back
Round trip time was 996.22 milliseconds in repetition 330
tcp_ping received 32 bytes back
Round trip time was 1012.51 milliseconds in repetition 331
tcp_ping received 32 bytes back
Round trip time was 29.2266 milliseconds in repetition 332
tcp_ping received 32 bytes back
Round trip time was 45.9538 milliseconds in repetition 333
tcp_ping received 32 bytes back
Round trip time was 62.3553 milliseconds in repetition 334
tcp_ping received 32 bytes back
Round trip time was 80.5728 milliseconds in repetition 335
tcp_ping received 32 bytes back
Round trip time was 97.2438 milliseconds in repetition 336
tcp_ping received 32 bytes back
Round trip time was 113.575 milliseconds in repetition 337
tcp_ping received 32 bytes back
Round trip time was 130.659 milliseconds in repetition 338
tcp_ping received 32 bytes back
Round trip time was 147.696 milliseconds in repetition 339
tcp_ping received 32 bytes back
Round trip time was 164.686 milliseconds in repetition 340
tcp_ping received 32 bytes back
Round trip time was 183.132 milliseconds in repetition 341
tcp_ping received 32 bytes back
Round trip time was 199.934 milliseconds in repetition 342
tcp_ping received 32 bytes back
Round trip time was 217.747 milliseconds in repetition 343
tcp_ping received 32 bytes back
Round trip time was 242.456 milliseconds in repetition 344
tcp_ping received 32 bytes back
Round trip time was 264.029 milliseconds in repetition 345
tcp_ping received 32 bytes back
Round trip time was 281.899 milliseconds in repetition 346
tcp_ping received 32 bytes back
Round trip time was 298.106 milliseconds in repetition 347
tcp_ping received 32 bytes back
Round trip time was 315.41 milliseconds in repetition 348
tcp_ping received 32 bytes back
Round trip time was 331.451 milliseconds in repetition 349
tcp_ping received 32 bytes back
Round trip time was 348.071 milliseconds in repetition 350
tcp_ping received 32 bytes back
Round trip time was 365.239 milliseconds in repetition 351
tcp_ping received 32 bytes back
Round trip time was 382.788 milliseconds in repetition 352
tcp_ping received 32 bytes back
Round trip time was 398.22 milliseconds in repetition 353
tcp_ping received 32 bytes back
Round trip time was 414.32 milliseconds in repetition 354
tcp_ping received 32 bytes back
Round trip time was 430.65 milliseconds in repetition 355
tcp_ping received 32 bytes back
Round trip time was 447.473 milliseconds in repetition 356
tcp_ping received 32 bytes back
Round trip time was 463.39 milliseconds in repetition 357
tcp_ping received 32 bytes back
Round trip time was 479.584 milliseconds in repetition 358
tcp_ping received 32 bytes back
Round trip time was 495.466 milliseconds in repetition 359
tcp_ping received 32 bytes back
Round trip time was 511.476 milliseconds in repetition 360
tcp_ping received 32 bytes back
Round trip time was 528.644 milliseconds in repetition 361
tcp_ping received 32 bytes back
Round trip time was 544.676 milliseconds in repetition 362
tcp_ping received 32 bytes back
Round trip time was 561.025 milliseconds in repetition 363
tcp_ping received 32 bytes back
Round trip time was 577.942 milliseconds in repetition 364
tcp_ping received 32 bytes back
Round trip time was 594.001 milliseconds in repetition 365
tcp_ping received 32 bytes back
Round trip time was 610.168 milliseconds in repetition 366
tcp_ping received 32 bytes back
Round trip time was 626.966 milliseconds in repetition 367
tcp_ping received 32 bytes back
Round trip time was 642.876 milliseconds in repetition 368
tcp_ping received 32 bytes back
Round trip time was 659.157 milliseconds in repetition 369
tcp_ping received 32 bytes back
Round trip time was 675.589 milliseconds in repetition 370
tcp_ping received 32 bytes back
Round trip time was 695.828 milliseconds in repetition 371
tcp_ping received 32 bytes back
Round trip time was 715.745 milliseconds in repetition 372
tcp_ping received 32 bytes back
Round trip time was 733.897 milliseconds in repetition 373
tcp_ping received 32 bytes back
Round trip time was 748.371 milliseconds in repetition 374
tcp_ping received 32 bytes back
Round trip time was 766.614 milliseconds in repetition 375
tcp_ping received 32 bytes back
Round trip time was 784.595 milliseconds in repetition 376
tcp_ping received 32 bytes back
Round trip time was 799.681 milliseconds in repetition 377
tcp_ping received 32 bytes back
Round trip time was 815.992 milliseconds in repetition 378
tcp_ping received 32 bytes back
Round trip time was 832.882 milliseconds in repetition 379
tcp_ping received 32 bytes back
Round trip time was 849.016 milliseconds in repetition 380
tcp_ping received 32 bytes back
Round trip time was 866.236 milliseconds in repetition 381
tcp_ping received 32 bytes back
Round trip time was 882.172 milliseconds in repetition 382
tcp_ping received 32 bytes back
Round trip time was 900.285 milliseconds in repetition 383
tcp_ping received 32 bytes back
Round trip time was 915.964 milliseconds in repetition 384
tcp_ping received 32 bytes back
Round trip time was 932.125 milliseconds in repetition 385
tcp_ping received 32 bytes back
Round trip time was 948.594 milliseconds in repetition 386
tcp_ping received 32 bytes back
Round trip time was 964.828 milliseconds in repetition 387
tcp_ping received 32 bytes back
Round trip time was 980.942 milliseconds in repetition 388
tcp_ping received 32 bytes back
Round trip time was 997.167 milliseconds in repetition 389
tcp_ping received 32 bytes back
Round trip time was 1013.49 milliseconds in repetition 390
tcp_ping received 32 bytes back
Round trip time was 30.4481 milliseconds in repetition 391
tcp_ping received 32 bytes back
Round trip time was 47.1761 milliseconds in repetition 392
tcp_ping received 32 bytes back
Round trip time was 63.423 milliseconds in repetition 393
tcp_ping received 32 bytes back
Round trip time was 79.873 milliseconds in repetition 394
tcp_ping received 32 bytes back
Round trip time was 96.7859 milliseconds in repetition 395
tcp_ping received 32 bytes back
Round trip time was 113.841 milliseconds in repetition 396
tcp_ping received 32 bytes back
Round trip time was 130.827 milliseconds in repetition 397
tcp_ping received 32 bytes back
Round trip time was 148.632 milliseconds in repetition 398
tcp_ping received 32 bytes back
Round trip time was 165.37 milliseconds in repetition 399
tcp_ping received 32 bytes back
Round trip time was 182.351 milliseconds in repetition 400
tcp_ping received 32 bytes back
Round trip time was 199.646 milliseconds in repetition 401
tcp_ping received 32 bytes back
Round trip time was 217.799 milliseconds in repetition 402
tcp_ping received 32 bytes back
Round trip time was 243.221 milliseconds in repetition 403
tcp_ping received 32 bytes back
Round trip time was 259.907 milliseconds in repetition 404
tcp_ping received 32 bytes back
Round trip time was 291.761 milliseconds in repetition 405
tcp_ping received 32 bytes back
Round trip time was 307.906 milliseconds in repetition 406
tcp_ping received 32 bytes back
Round trip time was 330.206 milliseconds in repetition 407
tcp_ping received 32 bytes back
Round trip time was 348.003 milliseconds in repetition 408
tcp_ping received 32 bytes back
Round trip time was 363.139 milliseconds in repetition 409
tcp_ping received 32 bytes back
Round trip time was 380.381 milliseconds in repetition 410
tcp_ping received 32 bytes back
Round trip time was 397.487 milliseconds in repetition 411
tcp_ping received 32 bytes back
Round trip time was 415.13 milliseconds in repetition 412
tcp_ping received 32 bytes back
Round trip time was 432.042 milliseconds in repetition 413
tcp_ping received 32 bytes back
Round trip time was 448.65 milliseconds in repetition 414
tcp_ping received 32 bytes back
Round trip time was 466.106 milliseconds in repetition 415
tcp_ping received 32 bytes back
Round trip time was 482.893 milliseconds in repetition 416
tcp_ping received 32 bytes back
Round trip time was 500.366 milliseconds in repetition 417
tcp_ping received 32 bytes back
Round trip time was 517.205 milliseconds in repetition 418
tcp_ping received 32 bytes back
Round trip time was 533.8 milliseconds in repetition 419
tcp_ping received 32 bytes back
Round trip time was 551.399 milliseconds in repetition 420
tcp_ping received 32 bytes back
Round trip time was 568.298 milliseconds in repetition 421
tcp_ping received 32 bytes back
Round trip time was 585.497 milliseconds in repetition 422
tcp_ping received 32 bytes back
Round trip time was 602.508 milliseconds in repetition 423
tcp_ping received 32 bytes back
Round trip time was 619.653 milliseconds in repetition 424
tcp_ping received 32 bytes back
Round trip time was 651.73 milliseconds in repetition 425
tcp_ping received 32 bytes back
Round trip time was 668.617 milliseconds in repetition 426
tcp_ping received 32 bytes back
Round trip time was 684.837 milliseconds in repetition 427
tcp_ping received 32 bytes back
Round trip time was 701.582 milliseconds in repetition 428
tcp_ping received 32 bytes back
Round trip time was 720.576 milliseconds in repetition 429
tcp_ping received 32 bytes back
Round trip time was 738.618 milliseconds in repetition 430
tcp_ping received 32 bytes back
Round trip time was 772.943 milliseconds in repetition 431
tcp_ping received 32 bytes back
Round trip time was 781.197 milliseconds in repetition 432
tcp_ping received 32 bytes back
Round trip time was 798.704 milliseconds in repetition 433
tcp_ping received 32 bytes back
Round trip time was 815.883 milliseconds in repetition 434
tcp_ping received 32 bytes back
Round trip time was 833.499 milliseconds in repetition 435
tcp_ping received 32 bytes back
Round trip time was 851.396 milliseconds in repetition 436
tcp_ping received 32 bytes back
Round trip time was 876.833 milliseconds in repetition 437
tcp_ping received 32 bytes back
Round trip time was 893.955 milliseconds in repetition 438
tcp_ping received 32 bytes back
Round trip time was 910.805 milliseconds in repetition 439
tcp_ping received 32 bytes back
Round trip time was 928.025 milliseconds in repetition 440
tcp_ping received 32 bytes back
Round trip time was 945.116 milliseconds in repetition 441
tcp_ping received 32 bytes back
Round trip time was 962.126 milliseconds in repetition 442
tcp_ping received 32 bytes back
Round trip time was 979.418 milliseconds in repetition 443
tcp_ping received 32 bytes back
Round trip time was 997.073 milliseconds in repetition 444
tcp_ping received 32 bytes back
Round trip time was 1014.89 milliseconds in repetition 445
tcp_ping received 32 bytes back
Round trip time was 34.5499 milliseconds in repetition 446
tcp_ping received 32 bytes back
Round trip time was 64.7847 milliseconds in repetition 447
tcp_ping received 32 bytes back
Round trip time was 78.2089 milliseconds in repetition 448
tcp_ping received 32 bytes back
Round trip time was 94.556 milliseconds in repetition 449
tcp_ping received 32 bytes back
Round trip time was 112.64 milliseconds in repetition 450
tcp_ping received 32 bytes back
Round trip time was 129.233 milliseconds in repetition 451
tcp_ping received 32 bytes back
Round trip time was 147.212 milliseconds in repetition 452
tcp_ping received 32 bytes back
Round trip time was 165.058 milliseconds in repetition 453
tcp_ping received 32 bytes back
Round trip time was 182.615 milliseconds in repetition 454
tcp_ping received 32 bytes back
Round trip time was 199.347 milliseconds in repetition 455
tcp_ping received 32 bytes back
Round trip time was 219.296 milliseconds in repetition 456
tcp_ping received 32 bytes back
Round trip time was 236.595 milliseconds in repetition 457
tcp_ping received 32 bytes back
Round trip time was 252.838 milliseconds in repetition 458
tcp_ping received 32 bytes back
Round trip time was 269.954 milliseconds in repetition 459
tcp_ping received 32 bytes back
Round trip time was 287.282 milliseconds in repetition 460
tcp_ping received 32 bytes back
Round trip time was 304.564 milliseconds in repetition 461
tcp_ping received 32 bytes back
Round trip time was 321.954 milliseconds in repetition 462
tcp_ping received 32 bytes back
Round trip time was 339.242 milliseconds in repetition 463
tcp_ping received 32 bytes back
Round trip time was 356.631 milliseconds in repetition 464
tcp_ping received 32 bytes back
Round trip time was 374.324 milliseconds in repetition 465
tcp_ping received 32 bytes back
Round trip time was 392.281 milliseconds in repetition 466
tcp_ping received 32 bytes back
Round trip time was 409.479 milliseconds in repetition 467
tcp_ping received 32 bytes back
Round trip time was 426.659 milliseconds in repetition 468
tcp_ping received 32 bytes back
Round trip time was 444.38 milliseconds in repetition 469
tcp_ping received 32 bytes back
Round trip time was 462.644 milliseconds in repetition 470
tcp_ping received 32 bytes back
Round trip time was 479.633 milliseconds in repetition 471
tcp_ping received 32 bytes back
Round trip time was 496.504 milliseconds in repetition 472
tcp_ping received 32 bytes back
Round trip time was 513.107 milliseconds in repetition 473
tcp_ping received 32 bytes back
Round trip time was 530.565 milliseconds in repetition 474
tcp_ping received 32 bytes back
Round trip time was 547.734 milliseconds in repetition 475
tcp_ping received 32 bytes back
Round trip time was 566.069 milliseconds in repetition 476
tcp_ping received 32 bytes back
Round trip time was 582.478 milliseconds in repetition 477
tcp_ping received 32 bytes back
Round trip time was 599.42 milliseconds in repetition 478
tcp_ping received 32 bytes back
Round trip time was 618.167 milliseconds in repetition 479
tcp_ping received 32 bytes back
Round trip time was 639.683 milliseconds in repetition 480
tcp_ping received 32 bytes back
Round trip time was 676.712 milliseconds in repetition 481
tcp_ping received 32 bytes back
Round trip time was 682.092 milliseconds in repetition 482
tcp_ping received 32 bytes back
Round trip time was 699.611 milliseconds in repetition 483
tcp_ping received 32 bytes back
Round trip time was 718.017 milliseconds in repetition 484
tcp_ping received 32 bytes back
Round trip time was 736.02 milliseconds in repetition 485
tcp_ping received 32 bytes back
Round trip time was 798.169 milliseconds in repetition 486
tcp_ping received 32 bytes back
Round trip time was 792.851 milliseconds in repetition 487
tcp_ping received 32 bytes back
Round trip time was 810.01 milliseconds in repetition 488
tcp_ping received 32 bytes back
Round trip time was 826.535 milliseconds in repetition 489
tcp_ping received 32 bytes back
Round trip time was 846.696 milliseconds in repetition 490
tcp_ping received 32 bytes back
Round trip time was 863.773 milliseconds in repetition 491
tcp_ping received 32 bytes back
Round trip time was 881.062 milliseconds in repetition 492
tcp_ping received 32 bytes back
Round trip time was 897.882 milliseconds in repetition 493
tcp_ping received 32 bytes back
Round trip time was 914.949 milliseconds in repetition 494
tcp_ping received 32 bytes back
Round trip time was 933.446 milliseconds in repetition 495
tcp_ping received 32 bytes back
Round trip time was 951.258 milliseconds in repetition 496
tcp_ping received 32 bytes back
Round trip time was 968.109 milliseconds in repetition 497
tcp_ping received 32 bytes back
Round trip time was 990.386 milliseconds in repetition 498
tcp_ping received 32 bytes back
Round trip time was 1007.45 milliseconds in repetition 499
tcp_ping received 32 bytes back
Round trip time was 23.7836 milliseconds in repetition 500
tcp_ping received 32 bytes back
Round trip time was 41.5938 milliseconds in repetition 501

 ... clock resolution was 1e-06
TCP Ping:  Statistics over 501 repetitions of 32 byte messages

RTT : percentile 10: 113.841, median: 513.107, percentile 90: 920.309, average: 517.663, variance: 84402.4

RTT histogram:
23.7836 16
73.3636 26
122.943 26
172.523 21
222.103 26
271.683 24
321.263 25
370.843 27
420.423 25
470.003 24
519.583 25
569.163 27
618.743 23
668.323 22
717.903 25
767.483 21
817.063 29
866.643 23
916.223 26
965.803 25
1015.38 15

   median Throughput : 0.12473 KB/s   overall Throughput : 0.123633 KB/s

