TCP Ping trying to connect to server seti.dibris.unige.it (130.251.61.30) on port 1491

... connected to Pong server: asking for 501 repetitions of 2048 bytes TCP messages
 ... Pong server agreed :-)
tcp_ping received 2048 bytes back
Round trip time was 36.8793 milliseconds in repetition 1
tcp_ping received 2048 bytes back
Round trip time was 28.8696 milliseconds in repetition 2
tcp_ping received 2048 bytes back
Round trip time was 24.2016 milliseconds in repetition 3
tcp_ping received 2048 bytes back
Round trip time was 24.2632 milliseconds in repetition 4
tcp_ping received 2048 bytes back
Round trip time was 24.2354 milliseconds in repetition 5
tcp_ping received 2048 bytes back
Round trip time was 24.1201 milliseconds in repetition 6
tcp_ping received 2048 bytes back
Round trip time was 30.1178 milliseconds in repetition 7
tcp_ping received 2048 bytes back
Round trip time was 24.3608 milliseconds in repetition 8
tcp_ping received 2048 bytes back
Round trip time was 29.2588 milliseconds in repetition 9
tcp_ping received 2048 bytes back
Round trip time was 24.0818 milliseconds in repetition 10
tcp_ping received 2048 bytes back
Round trip time was 24.3243 milliseconds in repetition 11
tcp_ping received 2048 bytes back
Round trip time was 24.678 milliseconds in repetition 12
tcp_ping received 2048 bytes back
Round trip time was 25.8179 milliseconds in repetition 13
tcp_ping received 2048 bytes back
Round trip time was 25.637 milliseconds in repetition 14
tcp_ping received 2048 bytes back
Round trip time was 23.6487 milliseconds in repetition 15
tcp_ping received 2048 bytes back
Round trip time was 25.7191 milliseconds in repetition 16
tcp_ping received 2048 bytes back
Round trip time was 23.5262 milliseconds in repetition 17
tcp_ping received 2048 bytes back
Round trip time was 22.2106 milliseconds in repetition 18
tcp_ping received 2048 bytes back
Round trip time was 22.6167 milliseconds in repetition 19
tcp_ping received 2048 bytes back
Round trip time was 22.4993 milliseconds in repetition 20
tcp_ping received 2048 bytes back
Round trip time was 27.5262 milliseconds in repetition 21
tcp_ping received 2048 bytes back
Round trip time was 22.4912 milliseconds in repetition 22
tcp_ping received 2048 bytes back
Round trip time was 22.9582 milliseconds in repetition 23
tcp_ping received 2048 bytes back
Round trip time was 25.2107 milliseconds in repetition 24
tcp_ping received 2048 bytes back
Round trip time was 32.8614 milliseconds in repetition 25
tcp_ping received 2048 bytes back
Round trip time was 26.4546 milliseconds in repetition 26
tcp_ping received 2048 bytes back
Round trip time was 24.8438 milliseconds in repetition 27
tcp_ping received 2048 bytes back
Round trip time was 40.9684 milliseconds in repetition 28
tcp_ping received 2048 bytes back
Round trip time was 28.9332 milliseconds in repetition 29
tcp_ping received 2048 bytes back
Round trip time was 25.3145 milliseconds in repetition 30
tcp_ping received 2048 bytes back
Round trip time was 23.9325 milliseconds in repetition 31
tcp_ping received 2048 bytes back
Round trip time was 31.8152 milliseconds in repetition 32
tcp_ping received 2048 bytes back
Round trip time was 24.8535 milliseconds in repetition 33
tcp_ping received 2048 bytes back
Round trip time was 23.8994 milliseconds in repetition 34
tcp_ping received 2048 bytes back
Round trip time was 25.9364 milliseconds in repetition 35
tcp_ping received 2048 bytes back
Round trip time was 24.8875 milliseconds in repetition 36
tcp_ping received 2048 bytes back
Round trip time was 23.3742 milliseconds in repetition 37
tcp_ping received 2048 bytes back
Round trip time was 25.2892 milliseconds in repetition 38
tcp_ping received 2048 bytes back
Round trip time was 57.5422 milliseconds in repetition 39
tcp_ping received 2048 bytes back
Round trip time was 24.0881 milliseconds in repetition 40
tcp_ping received 2048 bytes back
Round trip time was 24.7455 milliseconds in repetition 41
tcp_ping received 2048 bytes back
Round trip time was 23.074 milliseconds in repetition 42
tcp_ping received 2048 bytes back
Round trip time was 23.7512 milliseconds in repetition 43
tcp_ping received 2048 bytes back
Round trip time was 23.333 milliseconds in repetition 44
tcp_ping received 2048 bytes back
Round trip time was 23.4106 milliseconds in repetition 45
tcp_ping received 2048 bytes back
Round trip time was 23.1726 milliseconds in repetition 46
tcp_ping received 2048 bytes back
Round trip time was 23.2313 milliseconds in repetition 47
tcp_ping received 2048 bytes back
Round trip time was 22.9928 milliseconds in repetition 48
tcp_ping received 2048 bytes back
Round trip time was 23.044 milliseconds in repetition 49
tcp_ping received 2048 bytes back
Round trip time was 22.9559 milliseconds in repetition 50
tcp_ping received 2048 bytes back
Round trip time was 22.9906 milliseconds in repetition 51
tcp_ping received 2048 bytes back
Round trip time was 23.4412 milliseconds in repetition 52
tcp_ping received 2048 bytes back
Round trip time was 22.6705 milliseconds in repetition 53
tcp_ping received 2048 bytes back
Round trip time was 22.7087 milliseconds in repetition 54
tcp_ping received 2048 bytes back
Round trip time was 22.6706 milliseconds in repetition 55
tcp_ping received 2048 bytes back
Round trip time was 23.2897 milliseconds in repetition 56
tcp_ping received 2048 bytes back
Round trip time was 22.9177 milliseconds in repetition 57
tcp_ping received 2048 bytes back
Round trip time was 22.7264 milliseconds in repetition 58
tcp_ping received 2048 bytes back
Round trip time was 22.8195 milliseconds in repetition 59
tcp_ping received 2048 bytes back
Round trip time was 22.7689 milliseconds in repetition 60
tcp_ping received 2048 bytes back
Round trip time was 22.5759 milliseconds in repetition 61
tcp_ping received 2048 bytes back
Round trip time was 22.5939 milliseconds in repetition 62
tcp_ping received 2048 bytes back
Round trip time was 24.8811 milliseconds in repetition 63
tcp_ping received 2048 bytes back
Round trip time was 22.3636 milliseconds in repetition 64
tcp_ping received 2048 bytes back
Round trip time was 23.0247 milliseconds in repetition 65
tcp_ping received 2048 bytes back
Round trip time was 25.3175 milliseconds in repetition 66
tcp_ping received 2048 bytes back
Round trip time was 23.6945 milliseconds in repetition 67
tcp_ping received 2048 bytes back
Round trip time was 31.8423 milliseconds in repetition 68
tcp_ping received 2048 bytes back
Round trip time was 23.5938 milliseconds in repetition 69
tcp_ping received 2048 bytes back
Round trip time was 27.1782 milliseconds in repetition 70
tcp_ping received 2048 bytes back
Round trip time was 23.7107 milliseconds in repetition 71
tcp_ping received 2048 bytes back
Round trip time was 23.2957 milliseconds in repetition 72
tcp_ping received 2048 bytes back
Round trip time was 23.6105 milliseconds in repetition 73
tcp_ping received 2048 bytes back
Round trip time was 25.6989 milliseconds in repetition 74
tcp_ping received 2048 bytes back
Round trip time was 26.1161 milliseconds in repetition 75
tcp_ping received 2048 bytes back
Round trip time was 23.5713 milliseconds in repetition 76
tcp_ping received 2048 bytes back
Round trip time was 24.1006 milliseconds in repetition 77
tcp_ping received 2048 bytes back
Round trip time was 24.1426 milliseconds in repetition 78
tcp_ping received 2048 bytes back
Round trip time was 24.0684 milliseconds in repetition 79
tcp_ping received 2048 bytes back
Round trip time was 23.9689 milliseconds in repetition 80
tcp_ping received 2048 bytes back
Round trip time was 26.8205 milliseconds in repetition 81
tcp_ping received 2048 bytes back
Round trip time was 25.0794 milliseconds in repetition 82
tcp_ping received 2048 bytes back
Round trip time was 26.6777 milliseconds in repetition 83
tcp_ping received 2048 bytes back
Round trip time was 29.4416 milliseconds in repetition 84
tcp_ping received 2048 bytes back
Round trip time was 24.3385 milliseconds in repetition 85
tcp_ping received 2048 bytes back
Round trip time was 22.95 milliseconds in repetition 86
tcp_ping received 2048 bytes back
Round trip time was 31.0035 milliseconds in repetition 87
tcp_ping received 2048 bytes back
Round trip time was 23.9904 milliseconds in repetition 88
tcp_ping received 2048 bytes back
Round trip time was 24.3998 milliseconds in repetition 89
tcp_ping received 2048 bytes back
Round trip time was 23.9635 milliseconds in repetition 90
tcp_ping received 2048 bytes back
Round trip time was 27.559 milliseconds in repetition 91
tcp_ping received 2048 bytes back
Round trip time was 22.936 milliseconds in repetition 92
tcp_ping received 2048 bytes back
Round trip time was 27.5305 milliseconds in repetition 93
tcp_ping received 2048 bytes back
Round trip time was 26.6725 milliseconds in repetition 94
tcp_ping received 2048 bytes back
Round trip time was 23.9485 milliseconds in repetition 95
tcp_ping received 2048 bytes back
Round trip time was 26.6428 milliseconds in repetition 96
tcp_ping received 2048 bytes back
Round trip time was 26.1908 milliseconds in repetition 97
tcp_ping received 2048 bytes back
Round trip time was 27.4152 milliseconds in repetition 98
tcp_ping received 2048 bytes back
Round trip time was 23.8609 milliseconds in repetition 99
tcp_ping received 2048 bytes back
Round trip time was 22.8362 milliseconds in repetition 100
tcp_ping received 2048 bytes back
Round trip time was 23.13 milliseconds in repetition 101
tcp_ping received 2048 bytes back
Round trip time was 22.9864 milliseconds in repetition 102
tcp_ping received 2048 bytes back
Round trip time was 26.7983 milliseconds in repetition 103
tcp_ping received 2048 bytes back
Round trip time was 22.8118 milliseconds in repetition 104
tcp_ping received 2048 bytes back
Round trip time was 23.0663 milliseconds in repetition 105
tcp_ping received 2048 bytes back
Round trip time was 23.6678 milliseconds in repetition 106
tcp_ping received 2048 bytes back
Round trip time was 25.2575 milliseconds in repetition 107
tcp_ping received 2048 bytes back
Round trip time was 24.7266 milliseconds in repetition 108
tcp_ping received 2048 bytes back
Round trip time was 23.0473 milliseconds in repetition 109
tcp_ping received 2048 bytes back
Round trip time was 24.3724 milliseconds in repetition 110
tcp_ping received 2048 bytes back
Round trip time was 24.0993 milliseconds in repetition 111
tcp_ping received 2048 bytes back
Round trip time was 22.6464 milliseconds in repetition 112
tcp_ping received 2048 bytes back
Round trip time was 24.5036 milliseconds in repetition 113
tcp_ping received 2048 bytes back
Round trip time was 25.7264 milliseconds in repetition 114
tcp_ping received 2048 bytes back
Round trip time was 26.1907 milliseconds in repetition 115
tcp_ping received 2048 bytes back
Round trip time was 22.3952 milliseconds in repetition 116
tcp_ping received 2048 bytes back
Round trip time was 23.5322 milliseconds in repetition 117
tcp_ping received 2048 bytes back
Round trip time was 22.3771 milliseconds in repetition 118
tcp_ping received 2048 bytes back
Round trip time was 22.9476 milliseconds in repetition 119
tcp_ping received 2048 bytes back
Round trip time was 23.4245 milliseconds in repetition 120
tcp_ping received 2048 bytes back
Round trip time was 24.7362 milliseconds in repetition 121
tcp_ping received 2048 bytes back
Round trip time was 22.9471 milliseconds in repetition 122
tcp_ping received 2048 bytes back
Round trip time was 23.8027 milliseconds in repetition 123
tcp_ping received 2048 bytes back
Round trip time was 23.8541 milliseconds in repetition 124
tcp_ping received 2048 bytes back
Round trip time was 29.3346 milliseconds in repetition 125
tcp_ping received 2048 bytes back
Round trip time was 23.4814 milliseconds in repetition 126
tcp_ping received 2048 bytes back
Round trip time was 22.4715 milliseconds in repetition 127
tcp_ping received 2048 bytes back
Round trip time was 22.5031 milliseconds in repetition 128
tcp_ping received 2048 bytes back
Round trip time was 23.1283 milliseconds in repetition 129
tcp_ping received 2048 bytes back
Round trip time was 23.5442 milliseconds in repetition 130
tcp_ping received 2048 bytes back
Round trip time was 25.3418 milliseconds in repetition 131
tcp_ping received 2048 bytes back
Round trip time was 23.2764 milliseconds in repetition 132
tcp_ping received 2048 bytes back
Round trip time was 24.5851 milliseconds in repetition 133
tcp_ping received 2048 bytes back
Round trip time was 23.6728 milliseconds in repetition 134
tcp_ping received 2048 bytes back
Round trip time was 25.4936 milliseconds in repetition 135
tcp_ping received 2048 bytes back
Round trip time was 23.7511 milliseconds in repetition 136
tcp_ping received 2048 bytes back
Round trip time was 22.8691 milliseconds in repetition 137
tcp_ping received 2048 bytes back
Round trip time was 22.4117 milliseconds in repetition 138
tcp_ping received 2048 bytes back
Round trip time was 22.3063 milliseconds in repetition 139
tcp_ping received 2048 bytes back
Round trip time was 23.1028 milliseconds in repetition 140
tcp_ping received 2048 bytes back
Round trip time was 22.3689 milliseconds in repetition 141
tcp_ping received 2048 bytes back
Round trip time was 22.4655 milliseconds in repetition 142
tcp_ping received 2048 bytes back
Round trip time was 22.4334 milliseconds in repetition 143
tcp_ping received 2048 bytes back
Round trip time was 22.5215 milliseconds in repetition 144
tcp_ping received 2048 bytes back
Round trip time was 22.862 milliseconds in repetition 145
tcp_ping received 2048 bytes back
Round trip time was 22.6068 milliseconds in repetition 146
tcp_ping received 2048 bytes back
Round trip time was 22.9498 milliseconds in repetition 147
tcp_ping received 2048 bytes back
Round trip time was 22.4292 milliseconds in repetition 148
tcp_ping received 2048 bytes back
Round trip time was 23.0313 milliseconds in repetition 149
tcp_ping received 2048 bytes back
Round trip time was 25.3631 milliseconds in repetition 150
tcp_ping received 2048 bytes back
Round trip time was 22.964 milliseconds in repetition 151
tcp_ping received 2048 bytes back
Round trip time was 24.1358 milliseconds in repetition 152
tcp_ping received 2048 bytes back
Round trip time was 27.5341 milliseconds in repetition 153
tcp_ping received 2048 bytes back
Round trip time was 22.8407 milliseconds in repetition 154
tcp_ping received 2048 bytes back
Round trip time was 25.5275 milliseconds in repetition 155
tcp_ping received 2048 bytes back
Round trip time was 24.0522 milliseconds in repetition 156
tcp_ping received 2048 bytes back
Round trip time was 26.6538 milliseconds in repetition 157
tcp_ping received 2048 bytes back
Round trip time was 22.9664 milliseconds in repetition 158
tcp_ping received 2048 bytes back
Round trip time was 22.9182 milliseconds in repetition 159
tcp_ping received 2048 bytes back
Round trip time was 22.9572 milliseconds in repetition 160
tcp_ping received 2048 bytes back
Round trip time was 22.5689 milliseconds in repetition 161
tcp_ping received 2048 bytes back
Round trip time was 24.2074 milliseconds in repetition 162
tcp_ping received 2048 bytes back
Round trip time was 29.029 milliseconds in repetition 163
tcp_ping received 2048 bytes back
Round trip time was 23.4477 milliseconds in repetition 164
tcp_ping received 2048 bytes back
Round trip time was 22.5201 milliseconds in repetition 165
tcp_ping received 2048 bytes back
Round trip time was 22.6417 milliseconds in repetition 166
tcp_ping received 2048 bytes back
Round trip time was 22.3593 milliseconds in repetition 167
tcp_ping received 2048 bytes back
Round trip time was 22.9988 milliseconds in repetition 168
tcp_ping received 2048 bytes back
Round trip time was 22.7521 milliseconds in repetition 169
tcp_ping received 2048 bytes back
Round trip time was 22.5939 milliseconds in repetition 170
tcp_ping received 2048 bytes back
Round trip time was 22.5157 milliseconds in repetition 171
tcp_ping received 2048 bytes back
Round trip time was 27.9404 milliseconds in repetition 172
tcp_ping received 2048 bytes back
Round trip time was 24.7891 milliseconds in repetition 173
tcp_ping received 2048 bytes back
Round trip time was 23.0573 milliseconds in repetition 174
tcp_ping received 2048 bytes back
Round trip time was 22.806 milliseconds in repetition 175
tcp_ping received 2048 bytes back
Round trip time was 23.2162 milliseconds in repetition 176
tcp_ping received 2048 bytes back
Round trip time was 22.3852 milliseconds in repetition 177
tcp_ping received 2048 bytes back
Round trip time was 23.0185 milliseconds in repetition 178
tcp_ping received 2048 bytes back
Round trip time was 23.1622 milliseconds in repetition 179
tcp_ping received 2048 bytes back
Round trip time was 22.6694 milliseconds in repetition 180
tcp_ping received 2048 bytes back
Round trip time was 22.5517 milliseconds in repetition 181
tcp_ping received 2048 bytes back
Round trip time was 22.5335 milliseconds in repetition 182
tcp_ping received 2048 bytes back
Round trip time was 23.7983 milliseconds in repetition 183
tcp_ping received 2048 bytes back
Round trip time was 23.1004 milliseconds in repetition 184
tcp_ping received 2048 bytes back
Round trip time was 22.6885 milliseconds in repetition 185
tcp_ping received 2048 bytes back
Round trip time was 22.6406 milliseconds in repetition 186
tcp_ping received 2048 bytes back
Round trip time was 22.7516 milliseconds in repetition 187
tcp_ping received 2048 bytes back
Round trip time was 24.8865 milliseconds in repetition 188
tcp_ping received 2048 bytes back
Round trip time was 24.8202 milliseconds in repetition 189
tcp_ping received 2048 bytes back
Round trip time was 23.5359 milliseconds in repetition 190
tcp_ping received 2048 bytes back
Round trip time was 25.0415 milliseconds in repetition 191
tcp_ping received 2048 bytes back
Round trip time was 25.0923 milliseconds in repetition 192
tcp_ping received 2048 bytes back
Round trip time was 23.177 milliseconds in repetition 193
tcp_ping received 2048 bytes back
Round trip time was 22.9572 milliseconds in repetition 194
tcp_ping received 2048 bytes back
Round trip time was 26.3225 milliseconds in repetition 195
tcp_ping received 2048 bytes back
Round trip time was 26.2825 milliseconds in repetition 196
tcp_ping received 2048 bytes back
Round trip time was 22.4498 milliseconds in repetition 197
tcp_ping received 2048 bytes back
Round trip time was 22.4095 milliseconds in repetition 198
tcp_ping received 2048 bytes back
Round trip time was 22.8386 milliseconds in repetition 199
tcp_ping received 2048 bytes back
Round trip time was 24.5412 milliseconds in repetition 200
tcp_ping received 2048 bytes back
Round trip time was 23.3305 milliseconds in repetition 201
tcp_ping received 2048 bytes back
Round trip time was 26.7623 milliseconds in repetition 202
tcp_ping received 2048 bytes back
Round trip time was 26.2639 milliseconds in repetition 203
tcp_ping received 2048 bytes back
Round trip time was 25.8177 milliseconds in repetition 204
tcp_ping received 2048 bytes back
Round trip time was 24.033 milliseconds in repetition 205
tcp_ping received 2048 bytes back
Round trip time was 24.637 milliseconds in repetition 206
tcp_ping received 2048 bytes back
Round trip time was 22.8317 milliseconds in repetition 207
tcp_ping received 2048 bytes back
Round trip time was 24.9887 milliseconds in repetition 208
tcp_ping received 2048 bytes back
Round trip time was 25.3677 milliseconds in repetition 209
tcp_ping received 2048 bytes back
Round trip time was 30.1956 milliseconds in repetition 210
tcp_ping received 2048 bytes back
Round trip time was 24.1711 milliseconds in repetition 211
tcp_ping received 2048 bytes back
Round trip time was 94.2285 milliseconds in repetition 212
tcp_ping received 2048 bytes back
Round trip time was 22.9132 milliseconds in repetition 213
tcp_ping received 2048 bytes back
Round trip time was 24.027 milliseconds in repetition 214
tcp_ping received 2048 bytes back
Round trip time was 24.2068 milliseconds in repetition 215
tcp_ping received 2048 bytes back
Round trip time was 26.3192 milliseconds in repetition 216
tcp_ping received 2048 bytes back
Round trip time was 23.4177 milliseconds in repetition 217
tcp_ping received 2048 bytes back
Round trip time was 29.2743 milliseconds in repetition 218
tcp_ping received 2048 bytes back
Round trip time was 23.0702 milliseconds in repetition 219
tcp_ping received 2048 bytes back
Round trip time was 28.9365 milliseconds in repetition 220
tcp_ping received 2048 bytes back
Round trip time was 23.4132 milliseconds in repetition 221
tcp_ping received 2048 bytes back
Round trip time was 24.7056 milliseconds in repetition 222
tcp_ping received 2048 bytes back
Round trip time was 23.4135 milliseconds in repetition 223
tcp_ping received 2048 bytes back
Round trip time was 23.659 milliseconds in repetition 224
tcp_ping received 2048 bytes back
Round trip time was 119.018 milliseconds in repetition 225
tcp_ping received 2048 bytes back
Round trip time was 46.2182 milliseconds in repetition 226
tcp_ping received 2048 bytes back
Round trip time was 26.7274 milliseconds in repetition 227
tcp_ping received 2048 bytes back
Round trip time was 25.0452 milliseconds in repetition 228
tcp_ping received 2048 bytes back
Round trip time was 23.44 milliseconds in repetition 229
tcp_ping received 2048 bytes back
Round trip time was 23.8653 milliseconds in repetition 230
tcp_ping received 2048 bytes back
Round trip time was 24.0924 milliseconds in repetition 231
tcp_ping received 2048 bytes back
Round trip time was 23.39 milliseconds in repetition 232
tcp_ping received 2048 bytes back
Round trip time was 31.2075 milliseconds in repetition 233
tcp_ping received 2048 bytes back
Round trip time was 25.498 milliseconds in repetition 234
tcp_ping received 2048 bytes back
Round trip time was 23.8396 milliseconds in repetition 235
tcp_ping received 2048 bytes back
Round trip time was 23.3829 milliseconds in repetition 236
tcp_ping received 2048 bytes back
Round trip time was 27.119 milliseconds in repetition 237
tcp_ping received 2048 bytes back
Round trip time was 23.6248 milliseconds in repetition 238
tcp_ping received 2048 bytes back
Round trip time was 23.6497 milliseconds in repetition 239
tcp_ping received 2048 bytes back
Round trip time was 23.8444 milliseconds in repetition 240
tcp_ping received 2048 bytes back
Round trip time was 23.1992 milliseconds in repetition 241
tcp_ping received 2048 bytes back
Round trip time was 23.5765 milliseconds in repetition 242
tcp_ping received 2048 bytes back
Round trip time was 25.8046 milliseconds in repetition 243
tcp_ping received 2048 bytes back
Round trip time was 25.2075 milliseconds in repetition 244
tcp_ping received 2048 bytes back
Round trip time was 25.6482 milliseconds in repetition 245
tcp_ping received 2048 bytes back
Round trip time was 23.7863 milliseconds in repetition 246
tcp_ping received 2048 bytes back
Round trip time was 24.0001 milliseconds in repetition 247
tcp_ping received 2048 bytes back
Round trip time was 26.9977 milliseconds in repetition 248
tcp_ping received 2048 bytes back
Round trip time was 30.7541 milliseconds in repetition 249
tcp_ping received 2048 bytes back
Round trip time was 25.5045 milliseconds in repetition 250
tcp_ping received 2048 bytes back
Round trip time was 25.019 milliseconds in repetition 251
tcp_ping received 2048 bytes back
Round trip time was 33.0899 milliseconds in repetition 252
tcp_ping received 2048 bytes back
Round trip time was 24.481 milliseconds in repetition 253
tcp_ping received 2048 bytes back
Round trip time was 23.0372 milliseconds in repetition 254
tcp_ping received 2048 bytes back
Round trip time was 26.4243 milliseconds in repetition 255
tcp_ping received 2048 bytes back
Round trip time was 26.134 milliseconds in repetition 256
tcp_ping received 2048 bytes back
Round trip time was 25.3869 milliseconds in repetition 257
tcp_ping received 2048 bytes back
Round trip time was 24.2133 milliseconds in repetition 258
tcp_ping received 2048 bytes back
Round trip time was 27.74 milliseconds in repetition 259
tcp_ping received 2048 bytes back
Round trip time was 23.5907 milliseconds in repetition 260
tcp_ping received 2048 bytes back
Round trip time was 25.0274 milliseconds in repetition 261
tcp_ping received 2048 bytes back
Round trip time was 23.274 milliseconds in repetition 262
tcp_ping received 2048 bytes back
Round trip time was 23.4801 milliseconds in repetition 263
tcp_ping received 2048 bytes back
Round trip time was 22.8768 milliseconds in repetition 264
tcp_ping received 2048 bytes back
Round trip time was 23.2576 milliseconds in repetition 265
tcp_ping received 2048 bytes back
Round trip time was 23.3947 milliseconds in repetition 266
tcp_ping received 2048 bytes back
Round trip time was 23.0187 milliseconds in repetition 267
tcp_ping received 2048 bytes back
Round trip time was 23.65 milliseconds in repetition 268
tcp_ping received 2048 bytes back
Round trip time was 24.844 milliseconds in repetition 269
tcp_ping received 2048 bytes back
Round trip time was 23.199 milliseconds in repetition 270
tcp_ping received 2048 bytes back
Round trip time was 23.3347 milliseconds in repetition 271
tcp_ping received 2048 bytes back
Round trip time was 23.4706 milliseconds in repetition 272
tcp_ping received 2048 bytes back
Round trip time was 29.7085 milliseconds in repetition 273
tcp_ping received 2048 bytes back
Round trip time was 22.9888 milliseconds in repetition 274
tcp_ping received 2048 bytes back
Round trip time was 23.5039 milliseconds in repetition 275
tcp_ping received 2048 bytes back
Round trip time was 22.7201 milliseconds in repetition 276
tcp_ping received 2048 bytes back
Round trip time was 23.744 milliseconds in repetition 277
tcp_ping received 2048 bytes back
Round trip time was 22.7465 milliseconds in repetition 278
tcp_ping received 2048 bytes back
Round trip time was 23.5085 milliseconds in repetition 279
tcp_ping received 2048 bytes back
Round trip time was 22.9468 milliseconds in repetition 280
tcp_ping received 2048 bytes back
Round trip time was 23.9501 milliseconds in repetition 281
tcp_ping received 2048 bytes back
Round trip time was 22.6634 milliseconds in repetition 282
tcp_ping received 2048 bytes back
Round trip time was 22.8299 milliseconds in repetition 283
tcp_ping received 2048 bytes back
Round trip time was 23.7171 milliseconds in repetition 284
tcp_ping received 2048 bytes back
Round trip time was 23.049 milliseconds in repetition 285
tcp_ping received 2048 bytes back
Round trip time was 23.2374 milliseconds in repetition 286
tcp_ping received 2048 bytes back
Round trip time was 22.6513 milliseconds in repetition 287
tcp_ping received 2048 bytes back
Round trip time was 23.1781 milliseconds in repetition 288
tcp_ping received 2048 bytes back
Round trip time was 23.1797 milliseconds in repetition 289
tcp_ping received 2048 bytes back
Round trip time was 22.9855 milliseconds in repetition 290
tcp_ping received 2048 bytes back
Round trip time was 22.789 milliseconds in repetition 291
tcp_ping received 2048 bytes back
Round trip time was 24.6136 milliseconds in repetition 292
tcp_ping received 2048 bytes back
Round trip time was 23.0653 milliseconds in repetition 293
tcp_ping received 2048 bytes back
Round trip time was 24.422 milliseconds in repetition 294
tcp_ping received 2048 bytes back
Round trip time was 23.0111 milliseconds in repetition 295
tcp_ping received 2048 bytes back
Round trip time was 23.2194 milliseconds in repetition 296
tcp_ping received 2048 bytes back
Round trip time was 22.7519 milliseconds in repetition 297
tcp_ping received 2048 bytes back
Round trip time was 22.7107 milliseconds in repetition 298
tcp_ping received 2048 bytes back
Round trip time was 23.3004 milliseconds in repetition 299
tcp_ping received 2048 bytes back
Round trip time was 23.0927 milliseconds in repetition 300
tcp_ping received 2048 bytes back
Round trip time was 23.38 milliseconds in repetition 301
tcp_ping received 2048 bytes back
Round trip time was 23.4169 milliseconds in repetition 302
tcp_ping received 2048 bytes back
Round trip time was 23.5207 milliseconds in repetition 303
tcp_ping received 2048 bytes back
Round trip time was 24.4039 milliseconds in repetition 304
tcp_ping received 2048 bytes back
Round trip time was 25.3377 milliseconds in repetition 305
tcp_ping received 2048 bytes back
Round trip time was 50.4281 milliseconds in repetition 306
tcp_ping received 2048 bytes back
Round trip time was 36.6787 milliseconds in repetition 307
tcp_ping received 2048 bytes back
Round trip time was 26.0964 milliseconds in repetition 308
tcp_ping received 2048 bytes back
Round trip time was 24.7173 milliseconds in repetition 309
tcp_ping received 2048 bytes back
Round trip time was 23.7334 milliseconds in repetition 310
tcp_ping received 2048 bytes back
Round trip time was 26.2422 milliseconds in repetition 311
tcp_ping received 2048 bytes back
Round trip time was 23.1771 milliseconds in repetition 312
tcp_ping received 2048 bytes back
Round trip time was 25.1703 milliseconds in repetition 313
tcp_ping received 2048 bytes back
Round trip time was 27.2821 milliseconds in repetition 314
tcp_ping received 2048 bytes back
Round trip time was 23.9145 milliseconds in repetition 315
tcp_ping received 2048 bytes back
Round trip time was 27.2525 milliseconds in repetition 316
tcp_ping received 2048 bytes back
Round trip time was 24.4724 milliseconds in repetition 317
tcp_ping received 2048 bytes back
Round trip time was 23.0197 milliseconds in repetition 318
tcp_ping received 2048 bytes back
Round trip time was 26.4503 milliseconds in repetition 319
tcp_ping received 2048 bytes back
Round trip time was 23.9077 milliseconds in repetition 320
tcp_ping received 2048 bytes back
Round trip time was 23.3325 milliseconds in repetition 321
tcp_ping received 2048 bytes back
Round trip time was 23.0939 milliseconds in repetition 322
tcp_ping received 2048 bytes back
Round trip time was 23.4939 milliseconds in repetition 323
tcp_ping received 2048 bytes back
Round trip time was 23.9322 milliseconds in repetition 324
tcp_ping received 2048 bytes back
Round trip time was 24.4403 milliseconds in repetition 325
tcp_ping received 2048 bytes back
Round trip time was 24.6208 milliseconds in repetition 326
tcp_ping received 2048 bytes back
Round trip time was 23.0405 milliseconds in repetition 327
tcp_ping received 2048 bytes back
Round trip time was 23.2311 milliseconds in repetition 328
tcp_ping received 2048 bytes back
Round trip time was 22.6145 milliseconds in repetition 329
tcp_ping received 2048 bytes back
Round trip time was 22.8662 milliseconds in repetition 330
tcp_ping received 2048 bytes back
Round trip time was 22.8316 milliseconds in repetition 331
tcp_ping received 2048 bytes back
Round trip time was 22.9851 milliseconds in repetition 332
tcp_ping received 2048 bytes back
Round trip time was 22.9208 milliseconds in repetition 333
tcp_ping received 2048 bytes back
Round trip time was 24.8446 milliseconds in repetition 334
tcp_ping received 2048 bytes back
Round trip time was 23.2355 milliseconds in repetition 335
tcp_ping received 2048 bytes back
Round trip time was 24.1443 milliseconds in repetition 336
tcp_ping received 2048 bytes back
Round trip time was 23.8876 milliseconds in repetition 337
tcp_ping received 2048 bytes back
Round trip time was 23.316 milliseconds in repetition 338
tcp_ping received 2048 bytes back
Round trip time was 24.9429 milliseconds in repetition 339
tcp_ping received 2048 bytes back
Round trip time was 24.5303 milliseconds in repetition 340
tcp_ping received 2048 bytes back
Round trip time was 23.4008 milliseconds in repetition 341
tcp_ping received 2048 bytes back
Round trip time was 26.8937 milliseconds in repetition 342
tcp_ping received 2048 bytes back
Round trip time was 28.836 milliseconds in repetition 343
tcp_ping received 2048 bytes back
Round trip time was 23.6649 milliseconds in repetition 344
tcp_ping received 2048 bytes back
Round trip time was 31.4584 milliseconds in repetition 345
tcp_ping received 2048 bytes back
Round trip time was 23.1851 milliseconds in repetition 346
tcp_ping received 2048 bytes back
Round trip time was 23.6954 milliseconds in repetition 347
tcp_ping received 2048 bytes back
Round trip time was 24.9605 milliseconds in repetition 348
tcp_ping received 2048 bytes back
Round trip time was 23.4473 milliseconds in repetition 349
tcp_ping received 2048 bytes back
Round trip time was 23.1535 milliseconds in repetition 350
tcp_ping received 2048 bytes back
Round trip time was 26.507 milliseconds in repetition 351
tcp_ping received 2048 bytes back
Round trip time was 24.6402 milliseconds in repetition 352
tcp_ping received 2048 bytes back
Round trip time was 22.9817 milliseconds in repetition 353
tcp_ping received 2048 bytes back
Round trip time was 25.0073 milliseconds in repetition 354
tcp_ping received 2048 bytes back
Round trip time was 23.746 milliseconds in repetition 355
tcp_ping received 2048 bytes back
Round trip time was 23.2633 milliseconds in repetition 356
tcp_ping received 2048 bytes back
Round trip time was 25.6736 milliseconds in repetition 357
tcp_ping received 2048 bytes back
Round trip time was 23.0441 milliseconds in repetition 358
tcp_ping received 2048 bytes back
Round trip time was 23.508 milliseconds in repetition 359
tcp_ping received 2048 bytes back
Round trip time was 23.6671 milliseconds in repetition 360
tcp_ping received 2048 bytes back
Round trip time was 24.0585 milliseconds in repetition 361
tcp_ping received 2048 bytes back
Round trip time was 23.4186 milliseconds in repetition 362
tcp_ping received 2048 bytes back
Round trip time was 24.3329 milliseconds in repetition 363
tcp_ping received 2048 bytes back
Round trip time was 23.4381 milliseconds in repetition 364
tcp_ping received 2048 bytes back
Round trip time was 26.848 milliseconds in repetition 365
tcp_ping received 2048 bytes back
Round trip time was 22.6331 milliseconds in repetition 366
tcp_ping received 2048 bytes back
Round trip time was 23.6489 milliseconds in repetition 367
tcp_ping received 2048 bytes back
Round trip time was 23.0241 milliseconds in repetition 368
tcp_ping received 2048 bytes back
Round trip time was 23.0617 milliseconds in repetition 369
tcp_ping received 2048 bytes back
Round trip time was 24.7149 milliseconds in repetition 370
tcp_ping received 2048 bytes back
Round trip time was 23.3754 milliseconds in repetition 371
tcp_ping received 2048 bytes back
Round trip time was 22.6472 milliseconds in repetition 372
tcp_ping received 2048 bytes back
Round trip time was 28.3899 milliseconds in repetition 373
tcp_ping received 2048 bytes back
Round trip time was 26.8257 milliseconds in repetition 374
tcp_ping received 2048 bytes back
Round trip time was 22.8735 milliseconds in repetition 375
tcp_ping received 2048 bytes back
Round trip time was 23.7107 milliseconds in repetition 376
tcp_ping received 2048 bytes back
Round trip time was 23.2992 milliseconds in repetition 377
tcp_ping received 2048 bytes back
Round trip time was 24.17 milliseconds in repetition 378
tcp_ping received 2048 bytes back
Round trip time was 23.6613 milliseconds in repetition 379
tcp_ping received 2048 bytes back
Round trip time was 23.5321 milliseconds in repetition 380
tcp_ping received 2048 bytes back
Round trip time was 25.9166 milliseconds in repetition 381
tcp_ping received 2048 bytes back
Round trip time was 23.18 milliseconds in repetition 382
tcp_ping received 2048 bytes back
Round trip time was 22.7976 milliseconds in repetition 383
tcp_ping received 2048 bytes back
Round trip time was 22.8984 milliseconds in repetition 384
tcp_ping received 2048 bytes back
Round trip time was 23.896 milliseconds in repetition 385
tcp_ping received 2048 bytes back
Round trip time was 23.9513 milliseconds in repetition 386
tcp_ping received 2048 bytes back
Round trip time was 23.3777 milliseconds in repetition 387
tcp_ping received 2048 bytes back
Round trip time was 23.4125 milliseconds in repetition 388
tcp_ping received 2048 bytes back
Round trip time was 22.6195 milliseconds in repetition 389
tcp_ping received 2048 bytes back
Round trip time was 36.4168 milliseconds in repetition 390
tcp_ping received 2048 bytes back
Round trip time was 31.0912 milliseconds in repetition 391
tcp_ping received 2048 bytes back
Round trip time was 26.945 milliseconds in repetition 392
tcp_ping received 2048 bytes back
Round trip time was 26.4296 milliseconds in repetition 393
tcp_ping received 2048 bytes back
Round trip time was 24.0324 milliseconds in repetition 394
tcp_ping received 2048 bytes back
Round trip time was 24.8587 milliseconds in repetition 395
tcp_ping received 2048 bytes back
Round trip time was 23.6007 milliseconds in repetition 396
tcp_ping received 2048 bytes back
Round trip time was 25.9055 milliseconds in repetition 397
tcp_ping received 2048 bytes back
Round trip time was 28.4665 milliseconds in repetition 398
tcp_ping received 2048 bytes back
Round trip time was 23.1381 milliseconds in repetition 399
tcp_ping received 2048 bytes back
Round trip time was 26.0276 milliseconds in repetition 400
tcp_ping received 2048 bytes back
Round trip time was 25.9014 milliseconds in repetition 401
tcp_ping received 2048 bytes back
Round trip time was 41.1818 milliseconds in repetition 402
tcp_ping received 2048 bytes back
Round trip time was 28.0389 milliseconds in repetition 403
tcp_ping received 2048 bytes back
Round trip time was 25.5447 milliseconds in repetition 404
tcp_ping received 2048 bytes back
Round trip time was 24.7373 milliseconds in repetition 405
tcp_ping received 2048 bytes back
Round trip time was 25.4847 milliseconds in repetition 406
tcp_ping received 2048 bytes back
Round trip time was 26.1803 milliseconds in repetition 407
tcp_ping received 2048 bytes back
Round trip time was 24.8055 milliseconds in repetition 408
tcp_ping received 2048 bytes back
Round trip time was 23.1048 milliseconds in repetition 409
tcp_ping received 2048 bytes back
Round trip time was 24.8723 milliseconds in repetition 410
tcp_ping received 2048 bytes back
Round trip time was 26.0896 milliseconds in repetition 411
tcp_ping received 2048 bytes back
Round trip time was 24.8344 milliseconds in repetition 412
tcp_ping received 2048 bytes back
Round trip time was 24.309 milliseconds in repetition 413
tcp_ping received 2048 bytes back
Round trip time was 23.1334 milliseconds in repetition 414
tcp_ping received 2048 bytes back
Round trip time was 23.6098 milliseconds in repetition 415
tcp_ping received 2048 bytes back
Round trip time was 24.2597 milliseconds in repetition 416
tcp_ping received 2048 bytes back
Round trip time was 25.0321 milliseconds in repetition 417
tcp_ping received 2048 bytes back
Round trip time was 24.4491 milliseconds in repetition 418
tcp_ping received 2048 bytes back
Round trip time was 24.1836 milliseconds in repetition 419
tcp_ping received 2048 bytes back
Round trip time was 23.0514 milliseconds in repetition 420
tcp_ping received 2048 bytes back
Round trip time was 23.8406 milliseconds in repetition 421
tcp_ping received 2048 bytes back
Round trip time was 28.0614 milliseconds in repetition 422
tcp_ping received 2048 bytes back
Round trip time was 25.3785 milliseconds in repetition 423
tcp_ping received 2048 bytes back
Round trip time was 27.6177 milliseconds in repetition 424
tcp_ping received 2048 bytes back
Round trip time was 25.3633 milliseconds in repetition 425
tcp_ping received 2048 bytes back
Round trip time was 22.688 milliseconds in repetition 426
tcp_ping received 2048 bytes back
Round trip time was 22.4757 milliseconds in repetition 427
tcp_ping received 2048 bytes back
Round trip time was 22.7028 milliseconds in repetition 428
tcp_ping received 2048 bytes back
Round trip time was 22.6195 milliseconds in repetition 429
tcp_ping received 2048 bytes back
Round trip time was 22.6173 milliseconds in repetition 430
tcp_ping received 2048 bytes back
Round trip time was 23.2478 milliseconds in repetition 431
tcp_ping received 2048 bytes back
Round trip time was 23.0242 milliseconds in repetition 432
tcp_ping received 2048 bytes back
Round trip time was 23.1802 milliseconds in repetition 433
tcp_ping received 2048 bytes back
Round trip time was 22.8757 milliseconds in repetition 434
tcp_ping received 2048 bytes back
Round trip time was 23.3541 milliseconds in repetition 435
tcp_ping received 2048 bytes back
Round trip time was 23.3418 milliseconds in repetition 436
tcp_ping received 2048 bytes back
Round trip time was 23.016 milliseconds in repetition 437
tcp_ping received 2048 bytes back
Round trip time was 23.0569 milliseconds in repetition 438
tcp_ping received 2048 bytes back
Round trip time was 23.0927 milliseconds in repetition 439
tcp_ping received 2048 bytes back
Round trip time was 23.7791 milliseconds in repetition 440
tcp_ping received 2048 bytes back
Round trip time was 22.8707 milliseconds in repetition 441
tcp_ping received 2048 bytes back
Round trip time was 22.585 milliseconds in repetition 442
tcp_ping received 2048 bytes back
Round trip time was 22.2033 milliseconds in repetition 443
tcp_ping received 2048 bytes back
Round trip time was 23.1681 milliseconds in repetition 444
tcp_ping received 2048 bytes back
Round trip time was 23.6538 milliseconds in repetition 445
tcp_ping received 2048 bytes back
Round trip time was 23.5094 milliseconds in repetition 446
tcp_ping received 2048 bytes back
Round trip time was 23.5325 milliseconds in repetition 447
tcp_ping received 2048 bytes back
Round trip time was 23.3949 milliseconds in repetition 448
tcp_ping received 2048 bytes back
Round trip time was 23.6704 milliseconds in repetition 449
tcp_ping received 2048 bytes back
Round trip time was 25.0311 milliseconds in repetition 450
tcp_ping received 2048 bytes back
Round trip time was 23.0352 milliseconds in repetition 451
tcp_ping received 2048 bytes back
Round trip time was 23.5358 milliseconds in repetition 452
tcp_ping received 2048 bytes back
Round trip time was 23.6885 milliseconds in repetition 453
tcp_ping received 2048 bytes back
Round trip time was 23.42 milliseconds in repetition 454
tcp_ping received 2048 bytes back
Round trip time was 22.9136 milliseconds in repetition 455
tcp_ping received 2048 bytes back
Round trip time was 23.241 milliseconds in repetition 456
tcp_ping received 2048 bytes back
Round trip time was 23.1777 milliseconds in repetition 457
tcp_ping received 2048 bytes back
Round trip time was 22.8674 milliseconds in repetition 458
tcp_ping received 2048 bytes back
Round trip time was 23.0904 milliseconds in repetition 459
tcp_ping received 2048 bytes back
Round trip time was 22.9257 milliseconds in repetition 460
tcp_ping received 2048 bytes back
Round trip time was 24.058 milliseconds in repetition 461
tcp_ping received 2048 bytes back
Round trip time was 23.048 milliseconds in repetition 462
tcp_ping received 2048 bytes back
Round trip time was 22.9659 milliseconds in repetition 463
tcp_ping received 2048 bytes back
Round trip time was 23.103 milliseconds in repetition 464
tcp_ping received 2048 bytes back
Round trip time was 23.121 milliseconds in repetition 465
tcp_ping received 2048 bytes back
Round trip time was 23.4844 milliseconds in repetition 466
tcp_ping received 2048 bytes back
Round trip time was 24.5725 milliseconds in repetition 467
tcp_ping received 2048 bytes back
Round trip time was 23.2807 milliseconds in repetition 468
tcp_ping received 2048 bytes back
Round trip time was 23.0944 milliseconds in repetition 469
tcp_ping received 2048 bytes back
Round trip time was 22.9333 milliseconds in repetition 470
tcp_ping received 2048 bytes back
Round trip time was 23.0062 milliseconds in repetition 471
tcp_ping received 2048 bytes back
Round trip time was 23.4206 milliseconds in repetition 472
tcp_ping received 2048 bytes back
Round trip time was 22.7261 milliseconds in repetition 473
tcp_ping received 2048 bytes back
Round trip time was 24.0075 milliseconds in repetition 474
tcp_ping received 2048 bytes back
Round trip time was 23.8817 milliseconds in repetition 475
tcp_ping received 2048 bytes back
Round trip time was 22.8724 milliseconds in repetition 476
tcp_ping received 2048 bytes back
Round trip time was 23.3874 milliseconds in repetition 477
tcp_ping received 2048 bytes back
Round trip time was 24.8313 milliseconds in repetition 478
tcp_ping received 2048 bytes back
Round trip time was 23.0686 milliseconds in repetition 479
tcp_ping received 2048 bytes back
Round trip time was 24.2503 milliseconds in repetition 480
tcp_ping received 2048 bytes back
Round trip time was 23.3679 milliseconds in repetition 481
tcp_ping received 2048 bytes back
Round trip time was 23.5342 milliseconds in repetition 482
tcp_ping received 2048 bytes back
Round trip time was 22.7777 milliseconds in repetition 483
tcp_ping received 2048 bytes back
Round trip time was 23.9678 milliseconds in repetition 484
tcp_ping received 2048 bytes back
Round trip time was 22.6488 milliseconds in repetition 485
tcp_ping received 2048 bytes back
Round trip time was 23.7733 milliseconds in repetition 486
tcp_ping received 2048 bytes back
Round trip time was 22.7686 milliseconds in repetition 487
tcp_ping received 2048 bytes back
Round trip time was 23.5852 milliseconds in repetition 488
tcp_ping received 2048 bytes back
Round trip time was 24.2716 milliseconds in repetition 489
tcp_ping received 2048 bytes back
Round trip time was 22.926 milliseconds in repetition 490
tcp_ping received 2048 bytes back
Round trip time was 24.0074 milliseconds in repetition 491
tcp_ping received 2048 bytes back
Round trip time was 22.802 milliseconds in repetition 492
tcp_ping received 2048 bytes back
Round trip time was 23.958 milliseconds in repetition 493
tcp_ping received 2048 bytes back
Round trip time was 23.7658 milliseconds in repetition 494
tcp_ping received 2048 bytes back
Round trip time was 23.293 milliseconds in repetition 495
tcp_ping received 2048 bytes back
Round trip time was 27.2437 milliseconds in repetition 496
tcp_ping received 2048 bytes back
Round trip time was 23.6166 milliseconds in repetition 497
tcp_ping received 2048 bytes back
Round trip time was 22.8723 milliseconds in repetition 498
tcp_ping received 2048 bytes back
Round trip time was 23.0488 milliseconds in repetition 499
tcp_ping received 2048 bytes back
Round trip time was 23.3985 milliseconds in repetition 500
tcp_ping received 2048 bytes back
Round trip time was 23.4869 milliseconds in repetition 501

 ... clock resolution was 1e-06
TCP Ping:  Statistics over 501 repetitions of 2048 byte messages

RTT : percentile 10: 22.7087, median: 23.6248, percentile 90: 26.8937, average: 24.863, variance: 37.2986

RTT histogram:
22.2033 353
27.0441 126
31.8848 12
36.7256 3
41.5663 2
46.4071 1
51.2478 1
56.0886 1
60.9294 0
65.7701 0
70.6109 0
75.4516 0
80.2924 0
85.1331 0
89.9739 0
94.8146 1
99.6554 0
104.496 0
109.337 0
114.178 0
119.018 1

   median Throughput : 173.377 KB/s   overall Throughput : 164.743 KB/s

