TCP Ping trying to connect to server seti.dibris.unige.it (130.251.61.30) on port 1491

... connected to Pong server: asking for 501 repetitions of 64 bytes TCP messages
 ... Pong server agreed :-)
tcp_ping received 64 bytes back
Round trip time was 25.632 milliseconds in repetition 1
tcp_ping received 64 bytes back
Round trip time was 24.1166 milliseconds in repetition 2
tcp_ping received 64 bytes back
Round trip time was 23.5791 milliseconds in repetition 3
tcp_ping received 64 bytes back
Round trip time was 23.8197 milliseconds in repetition 4
tcp_ping received 64 bytes back
Round trip time was 23.8782 milliseconds in repetition 5
tcp_ping received 64 bytes back
Round trip time was 24.0957 milliseconds in repetition 6
tcp_ping received 64 bytes back
Round trip time was 23.6966 milliseconds in repetition 7
tcp_ping received 64 bytes back
Round trip time was 23.6035 milliseconds in repetition 8
tcp_ping received 64 bytes back
Round trip time was 23.7858 milliseconds in repetition 9
tcp_ping received 64 bytes back
Round trip time was 23.7412 milliseconds in repetition 10
tcp_ping received 64 bytes back
Round trip time was 23.2635 milliseconds in repetition 11
tcp_ping received 64 bytes back
Round trip time was 23.4579 milliseconds in repetition 12
tcp_ping received 64 bytes back
Round trip time was 23.7581 milliseconds in repetition 13
tcp_ping received 64 bytes back
Round trip time was 23.2418 milliseconds in repetition 14
tcp_ping received 64 bytes back
Round trip time was 23.8846 milliseconds in repetition 15
tcp_ping received 64 bytes back
Round trip time was 23.7411 milliseconds in repetition 16
tcp_ping received 64 bytes back
Round trip time was 24.1286 milliseconds in repetition 17
tcp_ping received 64 bytes back
Round trip time was 23.6727 milliseconds in repetition 18
tcp_ping received 64 bytes back
Round trip time was 23.7489 milliseconds in repetition 19
tcp_ping received 64 bytes back
Round trip time was 24.0585 milliseconds in repetition 20
tcp_ping received 64 bytes back
Round trip time was 24.3358 milliseconds in repetition 21
tcp_ping received 64 bytes back
Round trip time was 24.0576 milliseconds in repetition 22
tcp_ping received 64 bytes back
Round trip time was 23.5343 milliseconds in repetition 23
tcp_ping received 64 bytes back
Round trip time was 24.2837 milliseconds in repetition 24
tcp_ping received 64 bytes back
Round trip time was 24.0612 milliseconds in repetition 25
tcp_ping received 64 bytes back
Round trip time was 23.3844 milliseconds in repetition 26
tcp_ping received 64 bytes back
Round trip time was 23.4333 milliseconds in repetition 27
tcp_ping received 64 bytes back
Round trip time was 23.2202 milliseconds in repetition 28
tcp_ping received 64 bytes back
Round trip time was 23.9238 milliseconds in repetition 29
tcp_ping received 64 bytes back
Round trip time was 24.2247 milliseconds in repetition 30
tcp_ping received 64 bytes back
Round trip time was 23.136 milliseconds in repetition 31
tcp_ping received 64 bytes back
Round trip time was 24.0419 milliseconds in repetition 32
tcp_ping received 64 bytes back
Round trip time was 23.5503 milliseconds in repetition 33
tcp_ping received 64 bytes back
Round trip time was 23.4007 milliseconds in repetition 34
tcp_ping received 64 bytes back
Round trip time was 22.8923 milliseconds in repetition 35
tcp_ping received 64 bytes back
Round trip time was 22.9347 milliseconds in repetition 36
tcp_ping received 64 bytes back
Round trip time was 23.3511 milliseconds in repetition 37
tcp_ping received 64 bytes back
Round trip time was 23.2468 milliseconds in repetition 38
tcp_ping received 64 bytes back
Round trip time was 23.7813 milliseconds in repetition 39
tcp_ping received 64 bytes back
Round trip time was 22.7341 milliseconds in repetition 40
tcp_ping received 64 bytes back
Round trip time was 22.6809 milliseconds in repetition 41
tcp_ping received 64 bytes back
Round trip time was 24.0795 milliseconds in repetition 42
tcp_ping received 64 bytes back
Round trip time was 23.341 milliseconds in repetition 43
tcp_ping received 64 bytes back
Round trip time was 22.5094 milliseconds in repetition 44
tcp_ping received 64 bytes back
Round trip time was 23.8113 milliseconds in repetition 45
tcp_ping received 64 bytes back
Round trip time was 22.3903 milliseconds in repetition 46
tcp_ping received 64 bytes back
Round trip time was 23.2558 milliseconds in repetition 47
tcp_ping received 64 bytes back
Round trip time was 23.4454 milliseconds in repetition 48
tcp_ping received 64 bytes back
Round trip time was 22.9144 milliseconds in repetition 49
tcp_ping received 64 bytes back
Round trip time was 22.5499 milliseconds in repetition 50
tcp_ping received 64 bytes back
Round trip time was 22.4813 milliseconds in repetition 51
tcp_ping received 64 bytes back
Round trip time was 22.6847 milliseconds in repetition 52
tcp_ping received 64 bytes back
Round trip time was 22.5062 milliseconds in repetition 53
tcp_ping received 64 bytes back
Round trip time was 22.778 milliseconds in repetition 54
tcp_ping received 64 bytes back
Round trip time was 23.8472 milliseconds in repetition 55
tcp_ping received 64 bytes back
Round trip time was 23.4018 milliseconds in repetition 56
tcp_ping received 64 bytes back
Round trip time was 22.569 milliseconds in repetition 57
tcp_ping received 64 bytes back
Round trip time was 22.743 milliseconds in repetition 58
tcp_ping received 64 bytes back
Round trip time was 22.6626 milliseconds in repetition 59
tcp_ping received 64 bytes back
Round trip time was 22.7355 milliseconds in repetition 60
tcp_ping received 64 bytes back
Round trip time was 32.0828 milliseconds in repetition 61
tcp_ping received 64 bytes back
Round trip time was 22.216 milliseconds in repetition 62
tcp_ping received 64 bytes back
Round trip time was 22.0657 milliseconds in repetition 63
tcp_ping received 64 bytes back
Round trip time was 21.9826 milliseconds in repetition 64
tcp_ping received 64 bytes back
Round trip time was 22.3955 milliseconds in repetition 65
tcp_ping received 64 bytes back
Round trip time was 22.9705 milliseconds in repetition 66
tcp_ping received 64 bytes back
Round trip time was 23.7965 milliseconds in repetition 67
tcp_ping received 64 bytes back
Round trip time was 22.6581 milliseconds in repetition 68
tcp_ping received 64 bytes back
Round trip time was 22.0956 milliseconds in repetition 69
tcp_ping received 64 bytes back
Round trip time was 22.5234 milliseconds in repetition 70
tcp_ping received 64 bytes back
Round trip time was 22.2962 milliseconds in repetition 71
tcp_ping received 64 bytes back
Round trip time was 22.9203 milliseconds in repetition 72
tcp_ping received 64 bytes back
Round trip time was 22.9852 milliseconds in repetition 73
tcp_ping received 64 bytes back
Round trip time was 23.119 milliseconds in repetition 74
tcp_ping received 64 bytes back
Round trip time was 23.0151 milliseconds in repetition 75
tcp_ping received 64 bytes back
Round trip time was 23.1539 milliseconds in repetition 76
tcp_ping received 64 bytes back
Round trip time was 22.7162 milliseconds in repetition 77
tcp_ping received 64 bytes back
Round trip time was 22.2904 milliseconds in repetition 78
tcp_ping received 64 bytes back
Round trip time was 22.8694 milliseconds in repetition 79
tcp_ping received 64 bytes back
Round trip time was 22.6884 milliseconds in repetition 80
tcp_ping received 64 bytes back
Round trip time was 22.811 milliseconds in repetition 81
tcp_ping received 64 bytes back
Round trip time was 22.8235 milliseconds in repetition 82
tcp_ping received 64 bytes back
Round trip time was 23.1356 milliseconds in repetition 83
tcp_ping received 64 bytes back
Round trip time was 23.2034 milliseconds in repetition 84
tcp_ping received 64 bytes back
Round trip time was 22.4248 milliseconds in repetition 85
tcp_ping received 64 bytes back
Round trip time was 22.2977 milliseconds in repetition 86
tcp_ping received 64 bytes back
Round trip time was 22.6875 milliseconds in repetition 87
tcp_ping received 64 bytes back
Round trip time was 22.8921 milliseconds in repetition 88
tcp_ping received 64 bytes back
Round trip time was 22.6752 milliseconds in repetition 89
tcp_ping received 64 bytes back
Round trip time was 23.1834 milliseconds in repetition 90
tcp_ping received 64 bytes back
Round trip time was 22.4558 milliseconds in repetition 91
tcp_ping received 64 bytes back
Round trip time was 22.3542 milliseconds in repetition 92
tcp_ping received 64 bytes back
Round trip time was 22.8381 milliseconds in repetition 93
tcp_ping received 64 bytes back
Round trip time was 22.6869 milliseconds in repetition 94
tcp_ping received 64 bytes back
Round trip time was 22.7762 milliseconds in repetition 95
tcp_ping received 64 bytes back
Round trip time was 22.733 milliseconds in repetition 96
tcp_ping received 64 bytes back
Round trip time was 23.3612 milliseconds in repetition 97
tcp_ping received 64 bytes back
Round trip time was 34.0935 milliseconds in repetition 98
tcp_ping received 64 bytes back
Round trip time was 23.2113 milliseconds in repetition 99
tcp_ping received 64 bytes back
Round trip time was 23.1493 milliseconds in repetition 100
tcp_ping received 64 bytes back
Round trip time was 23.3634 milliseconds in repetition 101
tcp_ping received 64 bytes back
Round trip time was 23.096 milliseconds in repetition 102
tcp_ping received 64 bytes back
Round trip time was 22.3367 milliseconds in repetition 103
tcp_ping received 64 bytes back
Round trip time was 22.9304 milliseconds in repetition 104
tcp_ping received 64 bytes back
Round trip time was 23.1774 milliseconds in repetition 105
tcp_ping received 64 bytes back
Round trip time was 22.4433 milliseconds in repetition 106
tcp_ping received 64 bytes back
Round trip time was 22.814 milliseconds in repetition 107
tcp_ping received 64 bytes back
Round trip time was 24.4373 milliseconds in repetition 108
tcp_ping received 64 bytes back
Round trip time was 29.3625 milliseconds in repetition 109
tcp_ping received 64 bytes back
Round trip time was 22.3815 milliseconds in repetition 110
tcp_ping received 64 bytes back
Round trip time was 23.9426 milliseconds in repetition 111
tcp_ping received 64 bytes back
Round trip time was 22.3195 milliseconds in repetition 112
tcp_ping received 64 bytes back
Round trip time was 22.4327 milliseconds in repetition 113
tcp_ping received 64 bytes back
Round trip time was 22.1302 milliseconds in repetition 114
tcp_ping received 64 bytes back
Round trip time was 22.7016 milliseconds in repetition 115
tcp_ping received 64 bytes back
Round trip time was 23.2167 milliseconds in repetition 116
tcp_ping received 64 bytes back
Round trip time was 23.1303 milliseconds in repetition 117
tcp_ping received 64 bytes back
Round trip time was 23.0637 milliseconds in repetition 118
tcp_ping received 64 bytes back
Round trip time was 22.8069 milliseconds in repetition 119
tcp_ping received 64 bytes back
Round trip time was 23.0628 milliseconds in repetition 120
tcp_ping received 64 bytes back
Round trip time was 22.6132 milliseconds in repetition 121
tcp_ping received 64 bytes back
Round trip time was 22.816 milliseconds in repetition 122
tcp_ping received 64 bytes back
Round trip time was 22.6856 milliseconds in repetition 123
tcp_ping received 64 bytes back
Round trip time was 22.703 milliseconds in repetition 124
tcp_ping received 64 bytes back
Round trip time was 23.0587 milliseconds in repetition 125
tcp_ping received 64 bytes back
Round trip time was 23.0098 milliseconds in repetition 126
tcp_ping received 64 bytes back
Round trip time was 22.3591 milliseconds in repetition 127
tcp_ping received 64 bytes back
Round trip time was 22.375 milliseconds in repetition 128
tcp_ping received 64 bytes back
Round trip time was 22.6819 milliseconds in repetition 129
tcp_ping received 64 bytes back
Round trip time was 22.7859 milliseconds in repetition 130
tcp_ping received 64 bytes back
Round trip time was 22.7077 milliseconds in repetition 131
tcp_ping received 64 bytes back
Round trip time was 23.139 milliseconds in repetition 132
tcp_ping received 64 bytes back
Round trip time was 23.0851 milliseconds in repetition 133
tcp_ping received 64 bytes back
Round trip time was 22.3712 milliseconds in repetition 134
tcp_ping received 64 bytes back
Round trip time was 22.4555 milliseconds in repetition 135
tcp_ping received 64 bytes back
Round trip time was 24.5802 milliseconds in repetition 136
tcp_ping received 64 bytes back
Round trip time was 22.904 milliseconds in repetition 137
tcp_ping received 64 bytes back
Round trip time was 22.6018 milliseconds in repetition 138
tcp_ping received 64 bytes back
Round trip time was 22.8376 milliseconds in repetition 139
tcp_ping received 64 bytes back
Round trip time was 22.7388 milliseconds in repetition 140
tcp_ping received 64 bytes back
Round trip time was 22.9858 milliseconds in repetition 141
tcp_ping received 64 bytes back
Round trip time was 23.248 milliseconds in repetition 142
tcp_ping received 64 bytes back
Round trip time was 23.118 milliseconds in repetition 143
tcp_ping received 64 bytes back
Round trip time was 22.7373 milliseconds in repetition 144
tcp_ping received 64 bytes back
Round trip time was 22.2145 milliseconds in repetition 145
tcp_ping received 64 bytes back
Round trip time was 23.1583 milliseconds in repetition 146
tcp_ping received 64 bytes back
Round trip time was 22.5986 milliseconds in repetition 147
tcp_ping received 64 bytes back
Round trip time was 22.8593 milliseconds in repetition 148
tcp_ping received 64 bytes back
Round trip time was 22.5361 milliseconds in repetition 149
tcp_ping received 64 bytes back
Round trip time was 22.4064 milliseconds in repetition 150
tcp_ping received 64 bytes back
Round trip time was 23.1178 milliseconds in repetition 151
tcp_ping received 64 bytes back
Round trip time was 23.2505 milliseconds in repetition 152
tcp_ping received 64 bytes back
Round trip time was 22.4175 milliseconds in repetition 153
tcp_ping received 64 bytes back
Round trip time was 22.2687 milliseconds in repetition 154
tcp_ping received 64 bytes back
Round trip time was 22.3243 milliseconds in repetition 155
tcp_ping received 64 bytes back
Round trip time was 22.5218 milliseconds in repetition 156
tcp_ping received 64 bytes back
Round trip time was 23.0355 milliseconds in repetition 157
tcp_ping received 64 bytes back
Round trip time was 22.3044 milliseconds in repetition 158
tcp_ping received 64 bytes back
Round trip time was 22.5636 milliseconds in repetition 159
tcp_ping received 64 bytes back
Round trip time was 23.1721 milliseconds in repetition 160
tcp_ping received 64 bytes back
Round trip time was 22.8377 milliseconds in repetition 161
tcp_ping received 64 bytes back
Round trip time was 23.1717 milliseconds in repetition 162
tcp_ping received 64 bytes back
Round trip time was 22.7051 milliseconds in repetition 163
tcp_ping received 64 bytes back
Round trip time was 22.5284 milliseconds in repetition 164
tcp_ping received 64 bytes back
Round trip time was 22.4506 milliseconds in repetition 165
tcp_ping received 64 bytes back
Round trip time was 22.903 milliseconds in repetition 166
tcp_ping received 64 bytes back
Round trip time was 22.9658 milliseconds in repetition 167
tcp_ping received 64 bytes back
Round trip time was 23.6135 milliseconds in repetition 168
tcp_ping received 64 bytes back
Round trip time was 23.1603 milliseconds in repetition 169
tcp_ping received 64 bytes back
Round trip time was 23.1617 milliseconds in repetition 170
tcp_ping received 64 bytes back
Round trip time was 23.3406 milliseconds in repetition 171
tcp_ping received 64 bytes back
Round trip time was 22.9732 milliseconds in repetition 172
tcp_ping received 64 bytes back
Round trip time was 22.3614 milliseconds in repetition 173
tcp_ping received 64 bytes back
Round trip time was 22.2492 milliseconds in repetition 174
tcp_ping received 64 bytes back
Round trip time was 22.7014 milliseconds in repetition 175
tcp_ping received 64 bytes back
Round trip time was 23.0232 milliseconds in repetition 176
tcp_ping received 64 bytes back
Round trip time was 22.9525 milliseconds in repetition 177
tcp_ping received 64 bytes back
Round trip time was 23.1205 milliseconds in repetition 178
tcp_ping received 64 bytes back
Round trip time was 22.532 milliseconds in repetition 179
tcp_ping received 64 bytes back
Round trip time was 22.6427 milliseconds in repetition 180
tcp_ping received 64 bytes back
Round trip time was 22.9125 milliseconds in repetition 181
tcp_ping received 64 bytes back
Round trip time was 22.4477 milliseconds in repetition 182
tcp_ping received 64 bytes back
Round trip time was 23.0103 milliseconds in repetition 183
tcp_ping received 64 bytes back
Round trip time was 23.4435 milliseconds in repetition 184
tcp_ping received 64 bytes back
Round trip time was 23.4025 milliseconds in repetition 185
tcp_ping received 64 bytes back
Round trip time was 23.1314 milliseconds in repetition 186
tcp_ping received 64 bytes back
Round trip time was 22.5095 milliseconds in repetition 187
tcp_ping received 64 bytes back
Round trip time was 22.5994 milliseconds in repetition 188
tcp_ping received 64 bytes back
Round trip time was 22.3823 milliseconds in repetition 189
tcp_ping received 64 bytes back
Round trip time was 22.5822 milliseconds in repetition 190
tcp_ping received 64 bytes back
Round trip time was 22.6602 milliseconds in repetition 191
tcp_ping received 64 bytes back
Round trip time was 22.8183 milliseconds in repetition 192
tcp_ping received 64 bytes back
Round trip time was 23.0298 milliseconds in repetition 193
tcp_ping received 64 bytes back
Round trip time was 22.8747 milliseconds in repetition 194
tcp_ping received 64 bytes back
Round trip time was 22.5893 milliseconds in repetition 195
tcp_ping received 64 bytes back
Round trip time was 23.3564 milliseconds in repetition 196
tcp_ping received 64 bytes back
Round trip time was 22.9289 milliseconds in repetition 197
tcp_ping received 64 bytes back
Round trip time was 23.2165 milliseconds in repetition 198
tcp_ping received 64 bytes back
Round trip time was 22.868 milliseconds in repetition 199
tcp_ping received 64 bytes back
Round trip time was 23.1478 milliseconds in repetition 200
tcp_ping received 64 bytes back
Round trip time was 22.9283 milliseconds in repetition 201
tcp_ping received 64 bytes back
Round trip time was 22.9191 milliseconds in repetition 202
tcp_ping received 64 bytes back
Round trip time was 23.0606 milliseconds in repetition 203
tcp_ping received 64 bytes back
Round trip time was 22.8726 milliseconds in repetition 204
tcp_ping received 64 bytes back
Round trip time was 23.2838 milliseconds in repetition 205
tcp_ping received 64 bytes back
Round trip time was 23.2235 milliseconds in repetition 206
tcp_ping received 64 bytes back
Round trip time was 22.9069 milliseconds in repetition 207
tcp_ping received 64 bytes back
Round trip time was 22.9123 milliseconds in repetition 208
tcp_ping received 64 bytes back
Round trip time was 22.5709 milliseconds in repetition 209
tcp_ping received 64 bytes back
Round trip time was 22.9325 milliseconds in repetition 210
tcp_ping received 64 bytes back
Round trip time was 22.6604 milliseconds in repetition 211
tcp_ping received 64 bytes back
Round trip time was 23.2622 milliseconds in repetition 212
tcp_ping received 64 bytes back
Round trip time was 23.3416 milliseconds in repetition 213
tcp_ping received 64 bytes back
Round trip time was 23.2505 milliseconds in repetition 214
tcp_ping received 64 bytes back
Round trip time was 22.4122 milliseconds in repetition 215
tcp_ping received 64 bytes back
Round trip time was 22.7572 milliseconds in repetition 216
tcp_ping received 64 bytes back
Round trip time was 22.9236 milliseconds in repetition 217
tcp_ping received 64 bytes back
Round trip time was 22.3201 milliseconds in repetition 218
tcp_ping received 64 bytes back
Round trip time was 22.5374 milliseconds in repetition 219
tcp_ping received 64 bytes back
Round trip time was 22.3775 milliseconds in repetition 220
tcp_ping received 64 bytes back
Round trip time was 22.523 milliseconds in repetition 221
tcp_ping received 64 bytes back
Round trip time was 23.2457 milliseconds in repetition 222
tcp_ping received 64 bytes back
Round trip time was 22.9564 milliseconds in repetition 223
tcp_ping received 64 bytes back
Round trip time was 22.3617 milliseconds in repetition 224
tcp_ping received 64 bytes back
Round trip time was 22.3295 milliseconds in repetition 225
tcp_ping received 64 bytes back
Round trip time was 22.8788 milliseconds in repetition 226
tcp_ping received 64 bytes back
Round trip time was 26.2047 milliseconds in repetition 227
tcp_ping received 64 bytes back
Round trip time was 23.0252 milliseconds in repetition 228
tcp_ping received 64 bytes back
Round trip time was 23.4651 milliseconds in repetition 229
tcp_ping received 64 bytes back
Round trip time was 23.2833 milliseconds in repetition 230
tcp_ping received 64 bytes back
Round trip time was 22.8558 milliseconds in repetition 231
tcp_ping received 64 bytes back
Round trip time was 22.7445 milliseconds in repetition 232
tcp_ping received 64 bytes back
Round trip time was 22.9149 milliseconds in repetition 233
tcp_ping received 64 bytes back
Round trip time was 22.3693 milliseconds in repetition 234
tcp_ping received 64 bytes back
Round trip time was 22.4006 milliseconds in repetition 235
tcp_ping received 64 bytes back
Round trip time was 22.8793 milliseconds in repetition 236
tcp_ping received 64 bytes back
Round trip time was 22.4658 milliseconds in repetition 237
tcp_ping received 64 bytes back
Round trip time was 22.8337 milliseconds in repetition 238
tcp_ping received 64 bytes back
Round trip time was 23.4786 milliseconds in repetition 239
tcp_ping received 64 bytes back
Round trip time was 23.3231 milliseconds in repetition 240
tcp_ping received 64 bytes back
Round trip time was 22.94 milliseconds in repetition 241
tcp_ping received 64 bytes back
Round trip time was 23.3111 milliseconds in repetition 242
tcp_ping received 64 bytes back
Round trip time was 22.3947 milliseconds in repetition 243
tcp_ping received 64 bytes back
Round trip time was 24.3681 milliseconds in repetition 244
tcp_ping received 64 bytes back
Round trip time was 21.9834 milliseconds in repetition 245
tcp_ping received 64 bytes back
Round trip time was 21.8997 milliseconds in repetition 246
tcp_ping received 64 bytes back
Round trip time was 24.6389 milliseconds in repetition 247
tcp_ping received 64 bytes back
Round trip time was 23.0405 milliseconds in repetition 248
tcp_ping received 64 bytes back
Round trip time was 22.93 milliseconds in repetition 249
tcp_ping received 64 bytes back
Round trip time was 22.4063 milliseconds in repetition 250
tcp_ping received 64 bytes back
Round trip time was 24.037 milliseconds in repetition 251
tcp_ping received 64 bytes back
Round trip time was 22.815 milliseconds in repetition 252
tcp_ping received 64 bytes back
Round trip time was 23.1899 milliseconds in repetition 253
tcp_ping received 64 bytes back
Round trip time was 23.6259 milliseconds in repetition 254
tcp_ping received 64 bytes back
Round trip time was 23.0179 milliseconds in repetition 255
tcp_ping received 64 bytes back
Round trip time was 22.7502 milliseconds in repetition 256
tcp_ping received 64 bytes back
Round trip time was 23.1754 milliseconds in repetition 257
tcp_ping received 64 bytes back
Round trip time was 23.2373 milliseconds in repetition 258
tcp_ping received 64 bytes back
Round trip time was 22.5124 milliseconds in repetition 259
tcp_ping received 64 bytes back
Round trip time was 22.9034 milliseconds in repetition 260
tcp_ping received 64 bytes back
Round trip time was 22.8017 milliseconds in repetition 261
tcp_ping received 64 bytes back
Round trip time was 22.5124 milliseconds in repetition 262
tcp_ping received 64 bytes back
Round trip time was 23.2133 milliseconds in repetition 263
tcp_ping received 64 bytes back
Round trip time was 23.076 milliseconds in repetition 264
tcp_ping received 64 bytes back
Round trip time was 23.5319 milliseconds in repetition 265
tcp_ping received 64 bytes back
Round trip time was 23.1855 milliseconds in repetition 266
tcp_ping received 64 bytes back
Round trip time was 22.6876 milliseconds in repetition 267
tcp_ping received 64 bytes back
Round trip time was 22.3724 milliseconds in repetition 268
tcp_ping received 64 bytes back
Round trip time was 22.3713 milliseconds in repetition 269
tcp_ping received 64 bytes back
Round trip time was 22.8358 milliseconds in repetition 270
tcp_ping received 64 bytes back
Round trip time was 22.9952 milliseconds in repetition 271
tcp_ping received 64 bytes back
Round trip time was 21.9721 milliseconds in repetition 272
tcp_ping received 64 bytes back
Round trip time was 22.6551 milliseconds in repetition 273
tcp_ping received 64 bytes back
Round trip time was 22.6233 milliseconds in repetition 274
tcp_ping received 64 bytes back
Round trip time was 23.9324 milliseconds in repetition 275
tcp_ping received 64 bytes back
Round trip time was 23.1445 milliseconds in repetition 276
tcp_ping received 64 bytes back
Round trip time was 24.3682 milliseconds in repetition 277
tcp_ping received 64 bytes back
Round trip time was 23.31 milliseconds in repetition 278
tcp_ping received 64 bytes back
Round trip time was 23.3189 milliseconds in repetition 279
tcp_ping received 64 bytes back
Round trip time was 23.0874 milliseconds in repetition 280
tcp_ping received 64 bytes back
Round trip time was 22.7694 milliseconds in repetition 281
tcp_ping received 64 bytes back
Round trip time was 22.6208 milliseconds in repetition 282
tcp_ping received 64 bytes back
Round trip time was 22.6378 milliseconds in repetition 283
tcp_ping received 64 bytes back
Round trip time was 22.7148 milliseconds in repetition 284
tcp_ping received 64 bytes back
Round trip time was 23.8261 milliseconds in repetition 285
tcp_ping received 64 bytes back
Round trip time was 22.4754 milliseconds in repetition 286
tcp_ping received 64 bytes back
Round trip time was 22.7601 milliseconds in repetition 287
tcp_ping received 64 bytes back
Round trip time was 22.4277 milliseconds in repetition 288
tcp_ping received 64 bytes back
Round trip time was 22.396 milliseconds in repetition 289
tcp_ping received 64 bytes back
Round trip time was 23.0256 milliseconds in repetition 290
tcp_ping received 64 bytes back
Round trip time was 22.7344 milliseconds in repetition 291
tcp_ping received 64 bytes back
Round trip time was 22.5182 milliseconds in repetition 292
tcp_ping received 64 bytes back
Round trip time was 22.8901 milliseconds in repetition 293
tcp_ping received 64 bytes back
Round trip time was 22.3325 milliseconds in repetition 294
tcp_ping received 64 bytes back
Round trip time was 22.8135 milliseconds in repetition 295
tcp_ping received 64 bytes back
Round trip time was 22.828 milliseconds in repetition 296
tcp_ping received 64 bytes back
Round trip time was 22.9069 milliseconds in repetition 297
tcp_ping received 64 bytes back
Round trip time was 23.038 milliseconds in repetition 298
tcp_ping received 64 bytes back
Round trip time was 22.6368 milliseconds in repetition 299
tcp_ping received 64 bytes back
Round trip time was 27.223 milliseconds in repetition 300
tcp_ping received 64 bytes back
Round trip time was 22.1583 milliseconds in repetition 301
tcp_ping received 64 bytes back
Round trip time was 22.3832 milliseconds in repetition 302
tcp_ping received 64 bytes back
Round trip time was 22.5584 milliseconds in repetition 303
tcp_ping received 64 bytes back
Round trip time was 22.1095 milliseconds in repetition 304
tcp_ping received 64 bytes back
Round trip time was 24.4022 milliseconds in repetition 305
tcp_ping received 64 bytes back
Round trip time was 22.2395 milliseconds in repetition 306
tcp_ping received 64 bytes back
Round trip time was 22.2746 milliseconds in repetition 307
tcp_ping received 64 bytes back
Round trip time was 22.3215 milliseconds in repetition 308
tcp_ping received 64 bytes back
Round trip time was 22.259 milliseconds in repetition 309
tcp_ping received 64 bytes back
Round trip time was 22.2371 milliseconds in repetition 310
tcp_ping received 64 bytes back
Round trip time was 22.8659 milliseconds in repetition 311
tcp_ping received 64 bytes back
Round trip time was 22.4934 milliseconds in repetition 312
tcp_ping received 64 bytes back
Round trip time was 23.1653 milliseconds in repetition 313
tcp_ping received 64 bytes back
Round trip time was 23.1609 milliseconds in repetition 314
tcp_ping received 64 bytes back
Round trip time was 22.8851 milliseconds in repetition 315
tcp_ping received 64 bytes back
Round trip time was 23.0114 milliseconds in repetition 316
tcp_ping received 64 bytes back
Round trip time was 22.7733 milliseconds in repetition 317
tcp_ping received 64 bytes back
Round trip time was 23.8337 milliseconds in repetition 318
tcp_ping received 64 bytes back
Round trip time was 23.2351 milliseconds in repetition 319
tcp_ping received 64 bytes back
Round trip time was 22.6584 milliseconds in repetition 320
tcp_ping received 64 bytes back
Round trip time was 23.411 milliseconds in repetition 321
tcp_ping received 64 bytes back
Round trip time was 24.9284 milliseconds in repetition 322
tcp_ping received 64 bytes back
Round trip time was 22.4926 milliseconds in repetition 323
tcp_ping received 64 bytes back
Round trip time was 22.3006 milliseconds in repetition 324
tcp_ping received 64 bytes back
Round trip time was 22.3336 milliseconds in repetition 325
tcp_ping received 64 bytes back
Round trip time was 22.3404 milliseconds in repetition 326
tcp_ping received 64 bytes back
Round trip time was 22.2419 milliseconds in repetition 327
tcp_ping received 64 bytes back
Round trip time was 22.7474 milliseconds in repetition 328
tcp_ping received 64 bytes back
Round trip time was 23.4475 milliseconds in repetition 329
tcp_ping received 64 bytes back
Round trip time was 23.6529 milliseconds in repetition 330
tcp_ping received 64 bytes back
Round trip time was 23.2809 milliseconds in repetition 331
tcp_ping received 64 bytes back
Round trip time was 22.2036 milliseconds in repetition 332
tcp_ping received 64 bytes back
Round trip time was 21.9633 milliseconds in repetition 333
tcp_ping received 64 bytes back
Round trip time was 22.7747 milliseconds in repetition 334
tcp_ping received 64 bytes back
Round trip time was 22.9149 milliseconds in repetition 335
tcp_ping received 64 bytes back
Round trip time was 22.2184 milliseconds in repetition 336
tcp_ping received 64 bytes back
Round trip time was 22.7266 milliseconds in repetition 337
tcp_ping received 64 bytes back
Round trip time was 22.8717 milliseconds in repetition 338
tcp_ping received 64 bytes back
Round trip time was 22.4595 milliseconds in repetition 339
tcp_ping received 64 bytes back
Round trip time was 23.3326 milliseconds in repetition 340
tcp_ping received 64 bytes back
Round trip time was 23.2429 milliseconds in repetition 341
tcp_ping received 64 bytes back
Round trip time was 22.6181 milliseconds in repetition 342
tcp_ping received 64 bytes back
Round trip time was 22.7073 milliseconds in repetition 343
tcp_ping received 64 bytes back
Round trip time was 22.9054 milliseconds in repetition 344
tcp_ping received 64 bytes back
Round trip time was 22.4993 milliseconds in repetition 345
tcp_ping received 64 bytes back
Round trip time was 23.9033 milliseconds in repetition 346
tcp_ping received 64 bytes back
Round trip time was 24.3904 milliseconds in repetition 347
tcp_ping received 64 bytes back
Round trip time was 22.5917 milliseconds in repetition 348
tcp_ping received 64 bytes back
Round trip time was 22.5238 milliseconds in repetition 349
tcp_ping received 64 bytes back
Round trip time was 23.4266 milliseconds in repetition 350
tcp_ping received 64 bytes back
Round trip time was 22.303 milliseconds in repetition 351
tcp_ping received 64 bytes back
Round trip time was 23.1745 milliseconds in repetition 352
tcp_ping received 64 bytes back
Round trip time was 22.9172 milliseconds in repetition 353
tcp_ping received 64 bytes back
Round trip time was 22.0221 milliseconds in repetition 354
tcp_ping received 64 bytes back
Round trip time was 22.3038 milliseconds in repetition 355
tcp_ping received 64 bytes back
Round trip time was 22.2374 milliseconds in repetition 356
tcp_ping received 64 bytes back
Round trip time was 22.0149 milliseconds in repetition 357
tcp_ping received 64 bytes back
Round trip time was 22.3854 milliseconds in repetition 358
tcp_ping received 64 bytes back
Round trip time was 22.1555 milliseconds in repetition 359
tcp_ping received 64 bytes back
Round trip time was 22.192 milliseconds in repetition 360
tcp_ping received 64 bytes back
Round trip time was 22.1582 milliseconds in repetition 361
tcp_ping received 64 bytes back
Round trip time was 22.3123 milliseconds in repetition 362
tcp_ping received 64 bytes back
Round trip time was 22.4914 milliseconds in repetition 363
tcp_ping received 64 bytes back
Round trip time was 22.7131 milliseconds in repetition 364
tcp_ping received 64 bytes back
Round trip time was 22.5661 milliseconds in repetition 365
tcp_ping received 64 bytes back
Round trip time was 23.2806 milliseconds in repetition 366
tcp_ping received 64 bytes back
Round trip time was 23.2841 milliseconds in repetition 367
tcp_ping received 64 bytes back
Round trip time was 23.777 milliseconds in repetition 368
tcp_ping received 64 bytes back
Round trip time was 22.6204 milliseconds in repetition 369
tcp_ping received 64 bytes back
Round trip time was 23.5406 milliseconds in repetition 370
tcp_ping received 64 bytes back
Round trip time was 22.9828 milliseconds in repetition 371
tcp_ping received 64 bytes back
Round trip time was 22.4256 milliseconds in repetition 372
tcp_ping received 64 bytes back
Round trip time was 22.8695 milliseconds in repetition 373
tcp_ping received 64 bytes back
Round trip time was 22.8179 milliseconds in repetition 374
tcp_ping received 64 bytes back
Round trip time was 22.5177 milliseconds in repetition 375
tcp_ping received 64 bytes back
Round trip time was 22.9429 milliseconds in repetition 376
tcp_ping received 64 bytes back
Round trip time was 22.7691 milliseconds in repetition 377
tcp_ping received 64 bytes back
Round trip time was 23.3759 milliseconds in repetition 378
tcp_ping received 64 bytes back
Round trip time was 33.7501 milliseconds in repetition 379
tcp_ping received 64 bytes back
Round trip time was 22.9641 milliseconds in repetition 380
tcp_ping received 64 bytes back
Round trip time was 22.6538 milliseconds in repetition 381
tcp_ping received 64 bytes back
Round trip time was 22.9077 milliseconds in repetition 382
tcp_ping received 64 bytes back
Round trip time was 22.6898 milliseconds in repetition 383
tcp_ping received 64 bytes back
Round trip time was 22.0182 milliseconds in repetition 384
tcp_ping received 64 bytes back
Round trip time was 21.9927 milliseconds in repetition 385
tcp_ping received 64 bytes back
Round trip time was 22.2656 milliseconds in repetition 386
tcp_ping received 64 bytes back
Round trip time was 22.4422 milliseconds in repetition 387
tcp_ping received 64 bytes back
Round trip time was 22.1165 milliseconds in repetition 388
tcp_ping received 64 bytes back
Round trip time was 22.0395 milliseconds in repetition 389
tcp_ping received 64 bytes back
Round trip time was 22.088 milliseconds in repetition 390
tcp_ping received 64 bytes back
Round trip time was 22.0146 milliseconds in repetition 391
tcp_ping received 64 bytes back
Round trip time was 22.2491 milliseconds in repetition 392
tcp_ping received 64 bytes back
Round trip time was 22.1485 milliseconds in repetition 393
tcp_ping received 64 bytes back
Round trip time was 22.1781 milliseconds in repetition 394
tcp_ping received 64 bytes back
Round trip time was 22.5267 milliseconds in repetition 395
tcp_ping received 64 bytes back
Round trip time was 22.3334 milliseconds in repetition 396
tcp_ping received 64 bytes back
Round trip time was 23.334 milliseconds in repetition 397
tcp_ping received 64 bytes back
Round trip time was 23.2023 milliseconds in repetition 398
tcp_ping received 64 bytes back
Round trip time was 34.6102 milliseconds in repetition 399
tcp_ping received 64 bytes back
Round trip time was 22.256 milliseconds in repetition 400
tcp_ping received 64 bytes back
Round trip time was 22.5389 milliseconds in repetition 401
tcp_ping received 64 bytes back
Round trip time was 22.8411 milliseconds in repetition 402
tcp_ping received 64 bytes back
Round trip time was 23.2385 milliseconds in repetition 403
tcp_ping received 64 bytes back
Round trip time was 22.9009 milliseconds in repetition 404
tcp_ping received 64 bytes back
Round trip time was 23.3042 milliseconds in repetition 405
tcp_ping received 64 bytes back
Round trip time was 22.7466 milliseconds in repetition 406
tcp_ping received 64 bytes back
Round trip time was 22.2237 milliseconds in repetition 407
tcp_ping received 64 bytes back
Round trip time was 22.5373 milliseconds in repetition 408
tcp_ping received 64 bytes back
Round trip time was 27.8948 milliseconds in repetition 409
tcp_ping received 64 bytes back
Round trip time was 22.3594 milliseconds in repetition 410
tcp_ping received 64 bytes back
Round trip time was 22.6076 milliseconds in repetition 411
tcp_ping received 64 bytes back
Round trip time was 27.9871 milliseconds in repetition 412
tcp_ping received 64 bytes back
Round trip time was 22.0434 milliseconds in repetition 413
tcp_ping received 64 bytes back
Round trip time was 23.0284 milliseconds in repetition 414
tcp_ping received 64 bytes back
Round trip time was 23.0928 milliseconds in repetition 415
tcp_ping received 64 bytes back
Round trip time was 22.4499 milliseconds in repetition 416
tcp_ping received 64 bytes back
Round trip time was 22.6352 milliseconds in repetition 417
tcp_ping received 64 bytes back
Round trip time was 22.743 milliseconds in repetition 418
tcp_ping received 64 bytes back
Round trip time was 22.6333 milliseconds in repetition 419
tcp_ping received 64 bytes back
Round trip time was 22.2933 milliseconds in repetition 420
tcp_ping received 64 bytes back
Round trip time was 22.7276 milliseconds in repetition 421
tcp_ping received 64 bytes back
Round trip time was 22.6121 milliseconds in repetition 422
tcp_ping received 64 bytes back
Round trip time was 23.0914 milliseconds in repetition 423
tcp_ping received 64 bytes back
Round trip time was 22.0245 milliseconds in repetition 424
tcp_ping received 64 bytes back
Round trip time was 22.0549 milliseconds in repetition 425
tcp_ping received 64 bytes back
Round trip time was 22.1028 milliseconds in repetition 426
tcp_ping received 64 bytes back
Round trip time was 22.3632 milliseconds in repetition 427
tcp_ping received 64 bytes back
Round trip time was 22.2338 milliseconds in repetition 428
tcp_ping received 64 bytes back
Round trip time was 22.3938 milliseconds in repetition 429
tcp_ping received 64 bytes back
Round trip time was 22.7411 milliseconds in repetition 430
tcp_ping received 64 bytes back
Round trip time was 22.7492 milliseconds in repetition 431
tcp_ping received 64 bytes back
Round trip time was 22.4289 milliseconds in repetition 432
tcp_ping received 64 bytes back
Round trip time was 22.6621 milliseconds in repetition 433
tcp_ping received 64 bytes back
Round trip time was 22.5845 milliseconds in repetition 434
tcp_ping received 64 bytes back
Round trip time was 22.8559 milliseconds in repetition 435
tcp_ping received 64 bytes back
Round trip time was 23.832 milliseconds in repetition 436
tcp_ping received 64 bytes back
Round trip time was 22.3196 milliseconds in repetition 437
tcp_ping received 64 bytes back
Round trip time was 23.3897 milliseconds in repetition 438
tcp_ping received 64 bytes back
Round trip time was 23.1971 milliseconds in repetition 439
tcp_ping received 64 bytes back
Round trip time was 23.1716 milliseconds in repetition 440
tcp_ping received 64 bytes back
Round trip time was 23.712 milliseconds in repetition 441
tcp_ping received 64 bytes back
Round trip time was 22.5551 milliseconds in repetition 442
tcp_ping received 64 bytes back
Round trip time was 22.7261 milliseconds in repetition 443
tcp_ping received 64 bytes back
Round trip time was 22.7822 milliseconds in repetition 444
tcp_ping received 64 bytes back
Round trip time was 22.8022 milliseconds in repetition 445
tcp_ping received 64 bytes back
Round trip time was 23.1483 milliseconds in repetition 446
tcp_ping received 64 bytes back
Round trip time was 22.6687 milliseconds in repetition 447
tcp_ping received 64 bytes back
Round trip time was 23.1173 milliseconds in repetition 448
tcp_ping received 64 bytes back
Round trip time was 22.6068 milliseconds in repetition 449
tcp_ping received 64 bytes back
Round trip time was 22.3141 milliseconds in repetition 450
tcp_ping received 64 bytes back
Round trip time was 23.7366 milliseconds in repetition 451
tcp_ping received 64 bytes back
Round trip time was 22.7191 milliseconds in repetition 452
tcp_ping received 64 bytes back
Round trip time was 22.7439 milliseconds in repetition 453
tcp_ping received 64 bytes back
Round trip time was 22.6323 milliseconds in repetition 454
tcp_ping received 64 bytes back
Round trip time was 23.1488 milliseconds in repetition 455
tcp_ping received 64 bytes back
Round trip time was 24.1631 milliseconds in repetition 456
tcp_ping received 64 bytes back
Round trip time was 22.2379 milliseconds in repetition 457
tcp_ping received 64 bytes back
Round trip time was 22.7429 milliseconds in repetition 458
tcp_ping received 64 bytes back
Round trip time was 24.1032 milliseconds in repetition 459
tcp_ping received 64 bytes back
Round trip time was 22.4583 milliseconds in repetition 460
tcp_ping received 64 bytes back
Round trip time was 22.2602 milliseconds in repetition 461
tcp_ping received 64 bytes back
Round trip time was 21.9942 milliseconds in repetition 462
tcp_ping received 64 bytes back
Round trip time was 22.2929 milliseconds in repetition 463
tcp_ping received 64 bytes back
Round trip time was 22.2468 milliseconds in repetition 464
tcp_ping received 64 bytes back
Round trip time was 22.3389 milliseconds in repetition 465
tcp_ping received 64 bytes back
Round trip time was 22.4669 milliseconds in repetition 466
tcp_ping received 64 bytes back
Round trip time was 22.7422 milliseconds in repetition 467
tcp_ping received 64 bytes back
Round trip time was 22.9403 milliseconds in repetition 468
tcp_ping received 64 bytes back
Round trip time was 24.3074 milliseconds in repetition 469
tcp_ping received 64 bytes back
Round trip time was 23.9095 milliseconds in repetition 470
tcp_ping received 64 bytes back
Round trip time was 22.5736 milliseconds in repetition 471
tcp_ping received 64 bytes back
Round trip time was 22.3589 milliseconds in repetition 472
tcp_ping received 64 bytes back
Round trip time was 22.6573 milliseconds in repetition 473
tcp_ping received 64 bytes back
Round trip time was 23.3134 milliseconds in repetition 474
tcp_ping received 64 bytes back
Round trip time was 22.8032 milliseconds in repetition 475
tcp_ping received 64 bytes back
Round trip time was 22.3703 milliseconds in repetition 476
tcp_ping received 64 bytes back
Round trip time was 23.6344 milliseconds in repetition 477
tcp_ping received 64 bytes back
Round trip time was 22.8006 milliseconds in repetition 478
tcp_ping received 64 bytes back
Round trip time was 22.4742 milliseconds in repetition 479
tcp_ping received 64 bytes back
Round trip time was 22.8505 milliseconds in repetition 480
tcp_ping received 64 bytes back
Round trip time was 23.1328 milliseconds in repetition 481
tcp_ping received 64 bytes back
Round trip time was 22.8323 milliseconds in repetition 482
tcp_ping received 64 bytes back
Round trip time was 23.0216 milliseconds in repetition 483
tcp_ping received 64 bytes back
Round trip time was 23.0551 milliseconds in repetition 484
tcp_ping received 64 bytes back
Round trip time was 23.0653 milliseconds in repetition 485
tcp_ping received 64 bytes back
Round trip time was 22.6844 milliseconds in repetition 486
tcp_ping received 64 bytes back
Round trip time was 22.9176 milliseconds in repetition 487
tcp_ping received 64 bytes back
Round trip time was 22.8634 milliseconds in repetition 488
tcp_ping received 64 bytes back
Round trip time was 23.0209 milliseconds in repetition 489
tcp_ping received 64 bytes back
Round trip time was 22.9996 milliseconds in repetition 490
tcp_ping received 64 bytes back
Round trip time was 22.9095 milliseconds in repetition 491
tcp_ping received 64 bytes back
Round trip time was 22.4471 milliseconds in repetition 492
tcp_ping received 64 bytes back
Round trip time was 23.1683 milliseconds in repetition 493
tcp_ping received 64 bytes back
Round trip time was 23.1185 milliseconds in repetition 494
tcp_ping received 64 bytes back
Round trip time was 22.3651 milliseconds in repetition 495
tcp_ping received 64 bytes back
Round trip time was 24.0988 milliseconds in repetition 496
tcp_ping received 64 bytes back
Round trip time was 23.0273 milliseconds in repetition 497
tcp_ping received 64 bytes back
Round trip time was 23.749 milliseconds in repetition 498
tcp_ping received 64 bytes back
Round trip time was 24.0959 milliseconds in repetition 499
tcp_ping received 64 bytes back
Round trip time was 24.1617 milliseconds in repetition 500
tcp_ping received 64 bytes back
Round trip time was 22.5098 milliseconds in repetition 501

 ... clock resolution was 1e-06
TCP Ping:  Statistics over 501 repetitions of 64 byte messages

RTT : percentile 10: 22.2933, median: 22.8376, percentile 90: 23.7858, average: 23.0354, variance: 1.45914

RTT histogram:
21.8997 31
22.5352 224
23.1708 174
23.8063 47
24.4418 14
25.0773 1
25.7129 1
26.3484 1
26.9839 1
27.6194 1
28.255 1
28.8905 0
29.526 1
30.1615 0
30.7971 0
31.4326 0
32.0681 1
32.7036 0
33.3392 0
33.9747 2
34.6102 1

   median Throughput : 5.60479 KB/s   overall Throughput : 5.55666 KB/s

