TCP Ping trying to connect to server seti.dibris.unige.it (130.251.61.30) on port 1491

... connected to Pong server: asking for 501 repetitions of 196608 bytes TCP messages
 ... Pong server agreed :-)
tcp_ping received 196608 bytes back
Round trip time was 223.273 milliseconds in repetition 1
tcp_ping received 196608 bytes back
Round trip time was 82.9205 milliseconds in repetition 2
tcp_ping received 196608 bytes back
Round trip time was 81.9426 milliseconds in repetition 3
tcp_ping received 196608 bytes back
Round trip time was 72.1193 milliseconds in repetition 4
tcp_ping received 196608 bytes back
Round trip time was 68.5665 milliseconds in repetition 5
tcp_ping received 196608 bytes back
Round trip time was 67.6627 milliseconds in repetition 6
tcp_ping received 196608 bytes back
Round trip time was 76.9326 milliseconds in repetition 7
tcp_ping received 196608 bytes back
Round trip time was 66.6526 milliseconds in repetition 8
tcp_ping received 196608 bytes back
Round trip time was 66.1652 milliseconds in repetition 9
tcp_ping received 196608 bytes back
Round trip time was 62.2101 milliseconds in repetition 10
tcp_ping received 196608 bytes back
Round trip time was 59.3074 milliseconds in repetition 11
tcp_ping received 196608 bytes back
Round trip time was 58.248 milliseconds in repetition 12
tcp_ping received 196608 bytes back
Round trip time was 57.5437 milliseconds in repetition 13
tcp_ping received 196608 bytes back
Round trip time was 56.1678 milliseconds in repetition 14
tcp_ping received 196608 bytes back
Round trip time was 56.9133 milliseconds in repetition 15
tcp_ping received 196608 bytes back
Round trip time was 57.1628 milliseconds in repetition 16
tcp_ping received 196608 bytes back
Round trip time was 55.8112 milliseconds in repetition 17
tcp_ping received 196608 bytes back
Round trip time was 55.341 milliseconds in repetition 18
tcp_ping received 196608 bytes back
Round trip time was 66.3535 milliseconds in repetition 19
tcp_ping received 196608 bytes back
Round trip time was 58.0481 milliseconds in repetition 20
tcp_ping received 196608 bytes back
Round trip time was 56.8108 milliseconds in repetition 21
tcp_ping received 196608 bytes back
Round trip time was 55.3135 milliseconds in repetition 22
tcp_ping received 196608 bytes back
Round trip time was 58.7328 milliseconds in repetition 23
tcp_ping received 196608 bytes back
Round trip time was 56.6431 milliseconds in repetition 24
tcp_ping received 196608 bytes back
Round trip time was 65.3292 milliseconds in repetition 25
tcp_ping received 196608 bytes back
Round trip time was 56.4623 milliseconds in repetition 26
tcp_ping received 196608 bytes back
Round trip time was 61.1367 milliseconds in repetition 27
tcp_ping received 196608 bytes back
Round trip time was 56.2052 milliseconds in repetition 28
tcp_ping received 196608 bytes back
Round trip time was 56.7991 milliseconds in repetition 29
tcp_ping received 196608 bytes back
Round trip time was 66.1521 milliseconds in repetition 30
tcp_ping received 196608 bytes back
Round trip time was 56.541 milliseconds in repetition 31
tcp_ping received 196608 bytes back
Round trip time was 60.5437 milliseconds in repetition 32
tcp_ping received 196608 bytes back
Round trip time was 59.7236 milliseconds in repetition 33
tcp_ping received 196608 bytes back
Round trip time was 58.87 milliseconds in repetition 34
tcp_ping received 196608 bytes back
Round trip time was 60.1096 milliseconds in repetition 35
tcp_ping received 196608 bytes back
Round trip time was 59.5501 milliseconds in repetition 36
tcp_ping received 196608 bytes back
Round trip time was 59.6765 milliseconds in repetition 37
tcp_ping received 196608 bytes back
Round trip time was 60.8966 milliseconds in repetition 38
tcp_ping received 196608 bytes back
Round trip time was 58.7836 milliseconds in repetition 39
tcp_ping received 196608 bytes back
Round trip time was 61.4207 milliseconds in repetition 40
tcp_ping received 196608 bytes back
Round trip time was 56.8361 milliseconds in repetition 41
tcp_ping received 196608 bytes back
Round trip time was 82.974 milliseconds in repetition 42
tcp_ping received 196608 bytes back
Round trip time was 60.1172 milliseconds in repetition 43
tcp_ping received 196608 bytes back
Round trip time was 56.8991 milliseconds in repetition 44
tcp_ping received 196608 bytes back
Round trip time was 63.0303 milliseconds in repetition 45
tcp_ping received 196608 bytes back
Round trip time was 63.2028 milliseconds in repetition 46
tcp_ping received 196608 bytes back
Round trip time was 58.2765 milliseconds in repetition 47
tcp_ping received 196608 bytes back
Round trip time was 57.3176 milliseconds in repetition 48
tcp_ping received 196608 bytes back
Round trip time was 59.4584 milliseconds in repetition 49
tcp_ping received 196608 bytes back
Round trip time was 56.7917 milliseconds in repetition 50
tcp_ping received 196608 bytes back
Round trip time was 63.1985 milliseconds in repetition 51
tcp_ping received 196608 bytes back
Round trip time was 58.6362 milliseconds in repetition 52
tcp_ping received 196608 bytes back
Round trip time was 72.0965 milliseconds in repetition 53
tcp_ping received 196608 bytes back
Round trip time was 64.6348 milliseconds in repetition 54
tcp_ping received 196608 bytes back
Round trip time was 82.5625 milliseconds in repetition 55
tcp_ping received 196608 bytes back
Round trip time was 81.5688 milliseconds in repetition 56
tcp_ping received 196608 bytes back
Round trip time was 95.8298 milliseconds in repetition 57
tcp_ping received 196608 bytes back
Round trip time was 87.432 milliseconds in repetition 58
tcp_ping received 196608 bytes back
Round trip time was 87.8209 milliseconds in repetition 59
tcp_ping received 196608 bytes back
Round trip time was 87.5534 milliseconds in repetition 60
tcp_ping received 196608 bytes back
Round trip time was 82.2967 milliseconds in repetition 61
tcp_ping received 196608 bytes back
Round trip time was 72.1083 milliseconds in repetition 62
tcp_ping received 196608 bytes back
Round trip time was 64.669 milliseconds in repetition 63
tcp_ping received 196608 bytes back
Round trip time was 61.6149 milliseconds in repetition 64
tcp_ping received 196608 bytes back
Round trip time was 61.9454 milliseconds in repetition 65
tcp_ping received 196608 bytes back
Round trip time was 62.5001 milliseconds in repetition 66
tcp_ping received 196608 bytes back
Round trip time was 62.2888 milliseconds in repetition 67
tcp_ping received 196608 bytes back
Round trip time was 62.662 milliseconds in repetition 68
tcp_ping received 196608 bytes back
Round trip time was 62.6216 milliseconds in repetition 69
tcp_ping received 196608 bytes back
Round trip time was 63.5836 milliseconds in repetition 70
tcp_ping received 196608 bytes back
Round trip time was 61.7329 milliseconds in repetition 71
tcp_ping received 196608 bytes back
Round trip time was 62.9925 milliseconds in repetition 72
tcp_ping received 196608 bytes back
Round trip time was 61.8074 milliseconds in repetition 73
tcp_ping received 196608 bytes back
Round trip time was 63.4894 milliseconds in repetition 74
tcp_ping received 196608 bytes back
Round trip time was 63.4287 milliseconds in repetition 75
tcp_ping received 196608 bytes back
Round trip time was 62.531 milliseconds in repetition 76
tcp_ping received 196608 bytes back
Round trip time was 68.244 milliseconds in repetition 77
tcp_ping received 196608 bytes back
Round trip time was 63.5783 milliseconds in repetition 78
tcp_ping received 196608 bytes back
Round trip time was 62.1825 milliseconds in repetition 79
tcp_ping received 196608 bytes back
Round trip time was 60.989 milliseconds in repetition 80
tcp_ping received 196608 bytes back
Round trip time was 81.9999 milliseconds in repetition 81
tcp_ping received 196608 bytes back
Round trip time was 60.9882 milliseconds in repetition 82
tcp_ping received 196608 bytes back
Round trip time was 61.2518 milliseconds in repetition 83
tcp_ping received 196608 bytes back
Round trip time was 67.8012 milliseconds in repetition 84
tcp_ping received 196608 bytes back
Round trip time was 64.4133 milliseconds in repetition 85
tcp_ping received 196608 bytes back
Round trip time was 66.6685 milliseconds in repetition 86
tcp_ping received 196608 bytes back
Round trip time was 63.179 milliseconds in repetition 87
tcp_ping received 196608 bytes back
Round trip time was 63.0362 milliseconds in repetition 88
tcp_ping received 196608 bytes back
Round trip time was 63.5574 milliseconds in repetition 89
tcp_ping received 196608 bytes back
Round trip time was 63.168 milliseconds in repetition 90
tcp_ping received 196608 bytes back
Round trip time was 64.211 milliseconds in repetition 91
tcp_ping received 196608 bytes back
Round trip time was 71.8523 milliseconds in repetition 92
tcp_ping received 196608 bytes back
Round trip time was 65.6502 milliseconds in repetition 93
tcp_ping received 196608 bytes back
Round trip time was 67.5431 milliseconds in repetition 94
tcp_ping received 196608 bytes back
Round trip time was 64.3904 milliseconds in repetition 95
tcp_ping received 196608 bytes back
Round trip time was 61.358 milliseconds in repetition 96
tcp_ping received 196608 bytes back
Round trip time was 59.7447 milliseconds in repetition 97
tcp_ping received 196608 bytes back
Round trip time was 58.0035 milliseconds in repetition 98
tcp_ping received 196608 bytes back
Round trip time was 56.2009 milliseconds in repetition 99
tcp_ping received 196608 bytes back
Round trip time was 60.7906 milliseconds in repetition 100
tcp_ping received 196608 bytes back
Round trip time was 57.1652 milliseconds in repetition 101
tcp_ping received 196608 bytes back
Round trip time was 68.2761 milliseconds in repetition 102
tcp_ping received 196608 bytes back
Round trip time was 57.4426 milliseconds in repetition 103
tcp_ping received 196608 bytes back
Round trip time was 56.6838 milliseconds in repetition 104
tcp_ping received 196608 bytes back
Round trip time was 180.828 milliseconds in repetition 105
tcp_ping received 196608 bytes back
Round trip time was 87.3456 milliseconds in repetition 106
tcp_ping received 196608 bytes back
Round trip time was 78.6215 milliseconds in repetition 107
tcp_ping received 196608 bytes back
Round trip time was 85.0785 milliseconds in repetition 108
tcp_ping received 196608 bytes back
Round trip time was 77.649 milliseconds in repetition 109
tcp_ping received 196608 bytes back
Round trip time was 77.5474 milliseconds in repetition 110
tcp_ping received 196608 bytes back
Round trip time was 77.4527 milliseconds in repetition 111
tcp_ping received 196608 bytes back
Round trip time was 77.5516 milliseconds in repetition 112
tcp_ping received 196608 bytes back
Round trip time was 69.0263 milliseconds in repetition 113
tcp_ping received 196608 bytes back
Round trip time was 78.9336 milliseconds in repetition 114
tcp_ping received 196608 bytes back
Round trip time was 99.1671 milliseconds in repetition 115
tcp_ping received 196608 bytes back
Round trip time was 83.0099 milliseconds in repetition 116
tcp_ping received 196608 bytes back
Round trip time was 75.3536 milliseconds in repetition 117
tcp_ping received 196608 bytes back
Round trip time was 78.981 milliseconds in repetition 118
tcp_ping received 196608 bytes back
Round trip time was 97.446 milliseconds in repetition 119
tcp_ping received 196608 bytes back
Round trip time was 82.8235 milliseconds in repetition 120
tcp_ping received 196608 bytes back
Round trip time was 77.2395 milliseconds in repetition 121
tcp_ping received 196608 bytes back
Round trip time was 80.1321 milliseconds in repetition 122
tcp_ping received 196608 bytes back
Round trip time was 79.4407 milliseconds in repetition 123
tcp_ping received 196608 bytes back
Round trip time was 75.0547 milliseconds in repetition 124
tcp_ping received 196608 bytes back
Round trip time was 71.746 milliseconds in repetition 125
tcp_ping received 196608 bytes back
Round trip time was 65.7628 milliseconds in repetition 126
tcp_ping received 196608 bytes back
Round trip time was 83.5758 milliseconds in repetition 127
tcp_ping received 196608 bytes back
Round trip time was 77.9747 milliseconds in repetition 128
tcp_ping received 196608 bytes back
Round trip time was 81.3642 milliseconds in repetition 129
tcp_ping received 196608 bytes back
Round trip time was 66.8159 milliseconds in repetition 130
tcp_ping received 196608 bytes back
Round trip time was 62.0276 milliseconds in repetition 131
tcp_ping received 196608 bytes back
Round trip time was 105.104 milliseconds in repetition 132
tcp_ping received 196608 bytes back
Round trip time was 93.7525 milliseconds in repetition 133
tcp_ping received 196608 bytes back
Round trip time was 99.4652 milliseconds in repetition 134
tcp_ping received 196608 bytes back
Round trip time was 100.538 milliseconds in repetition 135
tcp_ping received 196608 bytes back
Round trip time was 103.625 milliseconds in repetition 136
tcp_ping received 196608 bytes back
Round trip time was 87.4313 milliseconds in repetition 137
tcp_ping received 196608 bytes back
Round trip time was 111.767 milliseconds in repetition 138
tcp_ping received 196608 bytes back
Round trip time was 106.831 milliseconds in repetition 139
tcp_ping received 196608 bytes back
Round trip time was 71.2067 milliseconds in repetition 140
tcp_ping received 196608 bytes back
Round trip time was 63.443 milliseconds in repetition 141
tcp_ping received 196608 bytes back
Round trip time was 62.6658 milliseconds in repetition 142
tcp_ping received 196608 bytes back
Round trip time was 60.6627 milliseconds in repetition 143
tcp_ping received 196608 bytes back
Round trip time was 58.0997 milliseconds in repetition 144
tcp_ping received 196608 bytes back
Round trip time was 59.2229 milliseconds in repetition 145
tcp_ping received 196608 bytes back
Round trip time was 57.4374 milliseconds in repetition 146
tcp_ping received 196608 bytes back
Round trip time was 58.4989 milliseconds in repetition 147
tcp_ping received 196608 bytes back
Round trip time was 66.5686 milliseconds in repetition 148
tcp_ping received 196608 bytes back
Round trip time was 57.6776 milliseconds in repetition 149
tcp_ping received 196608 bytes back
Round trip time was 58.2509 milliseconds in repetition 150
tcp_ping received 196608 bytes back
Round trip time was 61.905 milliseconds in repetition 151
tcp_ping received 196608 bytes back
Round trip time was 59.2007 milliseconds in repetition 152
tcp_ping received 196608 bytes back
Round trip time was 58.4854 milliseconds in repetition 153
tcp_ping received 196608 bytes back
Round trip time was 58.0807 milliseconds in repetition 154
tcp_ping received 196608 bytes back
Round trip time was 56.8936 milliseconds in repetition 155
tcp_ping received 196608 bytes back
Round trip time was 61.8186 milliseconds in repetition 156
tcp_ping received 196608 bytes back
Round trip time was 61.648 milliseconds in repetition 157
tcp_ping received 196608 bytes back
Round trip time was 57.8587 milliseconds in repetition 158
tcp_ping received 196608 bytes back
Round trip time was 57.5271 milliseconds in repetition 159
tcp_ping received 196608 bytes back
Round trip time was 56.8703 milliseconds in repetition 160
tcp_ping received 196608 bytes back
Round trip time was 62.1795 milliseconds in repetition 161
tcp_ping received 196608 bytes back
Round trip time was 57.3938 milliseconds in repetition 162
tcp_ping received 196608 bytes back
Round trip time was 57.3715 milliseconds in repetition 163
tcp_ping received 196608 bytes back
Round trip time was 61.2278 milliseconds in repetition 164
tcp_ping received 196608 bytes back
Round trip time was 57.373 milliseconds in repetition 165
tcp_ping received 196608 bytes back
Round trip time was 56.8756 milliseconds in repetition 166
tcp_ping received 196608 bytes back
Round trip time was 58.6526 milliseconds in repetition 167
tcp_ping received 196608 bytes back
Round trip time was 58.6952 milliseconds in repetition 168
tcp_ping received 196608 bytes back
Round trip time was 57.7684 milliseconds in repetition 169
tcp_ping received 196608 bytes back
Round trip time was 58.6213 milliseconds in repetition 170
tcp_ping received 196608 bytes back
Round trip time was 56.8208 milliseconds in repetition 171
tcp_ping received 196608 bytes back
Round trip time was 58.7565 milliseconds in repetition 172
tcp_ping received 196608 bytes back
Round trip time was 56.9458 milliseconds in repetition 173
tcp_ping received 196608 bytes back
Round trip time was 57.6007 milliseconds in repetition 174
tcp_ping received 196608 bytes back
Round trip time was 57.6955 milliseconds in repetition 175
tcp_ping received 196608 bytes back
Round trip time was 61.0971 milliseconds in repetition 176
tcp_ping received 196608 bytes back
Round trip time was 57.5343 milliseconds in repetition 177
tcp_ping received 196608 bytes back
Round trip time was 64.0334 milliseconds in repetition 178
tcp_ping received 196608 bytes back
Round trip time was 57.9528 milliseconds in repetition 179
tcp_ping received 196608 bytes back
Round trip time was 56.5121 milliseconds in repetition 180
tcp_ping received 196608 bytes back
Round trip time was 57.6962 milliseconds in repetition 181
tcp_ping received 196608 bytes back
Round trip time was 57.6758 milliseconds in repetition 182
tcp_ping received 196608 bytes back
Round trip time was 56.8895 milliseconds in repetition 183
tcp_ping received 196608 bytes back
Round trip time was 60.3149 milliseconds in repetition 184
tcp_ping received 196608 bytes back
Round trip time was 58.3274 milliseconds in repetition 185
tcp_ping received 196608 bytes back
Round trip time was 55.0592 milliseconds in repetition 186
tcp_ping received 196608 bytes back
Round trip time was 55.7445 milliseconds in repetition 187
tcp_ping received 196608 bytes back
Round trip time was 54.9854 milliseconds in repetition 188
tcp_ping received 196608 bytes back
Round trip time was 55.0994 milliseconds in repetition 189
tcp_ping received 196608 bytes back
Round trip time was 55.5155 milliseconds in repetition 190
tcp_ping received 196608 bytes back
Round trip time was 58.0202 milliseconds in repetition 191
tcp_ping received 196608 bytes back
Round trip time was 56.4725 milliseconds in repetition 192
tcp_ping received 196608 bytes back
Round trip time was 62.2187 milliseconds in repetition 193
tcp_ping received 196608 bytes back
Round trip time was 54.9432 milliseconds in repetition 194
tcp_ping received 196608 bytes back
Round trip time was 55.8835 milliseconds in repetition 195
tcp_ping received 196608 bytes back
Round trip time was 60.6283 milliseconds in repetition 196
tcp_ping received 196608 bytes back
Round trip time was 56.4957 milliseconds in repetition 197
tcp_ping received 196608 bytes back
Round trip time was 57.7489 milliseconds in repetition 198
tcp_ping received 196608 bytes back
Round trip time was 65.2709 milliseconds in repetition 199
tcp_ping received 196608 bytes back
Round trip time was 55.9565 milliseconds in repetition 200
tcp_ping received 196608 bytes back
Round trip time was 55.6662 milliseconds in repetition 201
tcp_ping received 196608 bytes back
Round trip time was 54.5311 milliseconds in repetition 202
tcp_ping received 196608 bytes back
Round trip time was 56.036 milliseconds in repetition 203
tcp_ping received 196608 bytes back
Round trip time was 55.4352 milliseconds in repetition 204
tcp_ping received 196608 bytes back
Round trip time was 56.4265 milliseconds in repetition 205
tcp_ping received 196608 bytes back
Round trip time was 55.2884 milliseconds in repetition 206
tcp_ping received 196608 bytes back
Round trip time was 57.0357 milliseconds in repetition 207
tcp_ping received 196608 bytes back
Round trip time was 57.4674 milliseconds in repetition 208
tcp_ping received 196608 bytes back
Round trip time was 56.017 milliseconds in repetition 209
tcp_ping received 196608 bytes back
Round trip time was 55.5885 milliseconds in repetition 210
tcp_ping received 196608 bytes back
Round trip time was 54.5515 milliseconds in repetition 211
tcp_ping received 196608 bytes back
Round trip time was 55.8921 milliseconds in repetition 212
tcp_ping received 196608 bytes back
Round trip time was 56.2791 milliseconds in repetition 213
tcp_ping received 196608 bytes back
Round trip time was 56.0622 milliseconds in repetition 214
tcp_ping received 196608 bytes back
Round trip time was 55.1307 milliseconds in repetition 215
tcp_ping received 196608 bytes back
Round trip time was 56.678 milliseconds in repetition 216
tcp_ping received 196608 bytes back
Round trip time was 59.9568 milliseconds in repetition 217
tcp_ping received 196608 bytes back
Round trip time was 56.699 milliseconds in repetition 218
tcp_ping received 196608 bytes back
Round trip time was 54.8645 milliseconds in repetition 219
tcp_ping received 196608 bytes back
Round trip time was 57.1734 milliseconds in repetition 220
tcp_ping received 196608 bytes back
Round trip time was 55.6677 milliseconds in repetition 221
tcp_ping received 196608 bytes back
Round trip time was 55.4702 milliseconds in repetition 222
tcp_ping received 196608 bytes back
Round trip time was 55.2889 milliseconds in repetition 223
tcp_ping received 196608 bytes back
Round trip time was 61.8547 milliseconds in repetition 224
tcp_ping received 196608 bytes back
Round trip time was 57.107 milliseconds in repetition 225
tcp_ping received 196608 bytes back
Round trip time was 54.517 milliseconds in repetition 226
tcp_ping received 196608 bytes back
Round trip time was 54.9118 milliseconds in repetition 227
tcp_ping received 196608 bytes back
Round trip time was 55.9846 milliseconds in repetition 228
tcp_ping received 196608 bytes back
Round trip time was 56.1901 milliseconds in repetition 229
tcp_ping received 196608 bytes back
Round trip time was 56.5878 milliseconds in repetition 230
tcp_ping received 196608 bytes back
Round trip time was 56.3324 milliseconds in repetition 231
tcp_ping received 196608 bytes back
Round trip time was 55.9908 milliseconds in repetition 232
tcp_ping received 196608 bytes back
Round trip time was 59.7409 milliseconds in repetition 233
tcp_ping received 196608 bytes back
Round trip time was 55.5787 milliseconds in repetition 234
tcp_ping received 196608 bytes back
Round trip time was 56.7435 milliseconds in repetition 235
tcp_ping received 196608 bytes back
Round trip time was 60.0465 milliseconds in repetition 236
tcp_ping received 196608 bytes back
Round trip time was 55.9449 milliseconds in repetition 237
tcp_ping received 196608 bytes back
Round trip time was 55.7775 milliseconds in repetition 238
tcp_ping received 196608 bytes back
Round trip time was 56.5205 milliseconds in repetition 239
tcp_ping received 196608 bytes back
Round trip time was 55.9425 milliseconds in repetition 240
tcp_ping received 196608 bytes back
Round trip time was 55.2587 milliseconds in repetition 241
tcp_ping received 196608 bytes back
Round trip time was 55.806 milliseconds in repetition 242
tcp_ping received 196608 bytes back
Round trip time was 57.1222 milliseconds in repetition 243
tcp_ping received 196608 bytes back
Round trip time was 56.31 milliseconds in repetition 244
tcp_ping received 196608 bytes back
Round trip time was 62.3748 milliseconds in repetition 245
tcp_ping received 196608 bytes back
Round trip time was 56.9858 milliseconds in repetition 246
tcp_ping received 196608 bytes back
Round trip time was 59.0698 milliseconds in repetition 247
tcp_ping received 196608 bytes back
Round trip time was 56.8051 milliseconds in repetition 248
tcp_ping received 196608 bytes back
Round trip time was 58.9385 milliseconds in repetition 249
tcp_ping received 196608 bytes back
Round trip time was 55.2274 milliseconds in repetition 250
tcp_ping received 196608 bytes back
Round trip time was 57.045 milliseconds in repetition 251
tcp_ping received 196608 bytes back
Round trip time was 54.629 milliseconds in repetition 252
tcp_ping received 196608 bytes back
Round trip time was 55.0177 milliseconds in repetition 253
tcp_ping received 196608 bytes back
Round trip time was 55.6172 milliseconds in repetition 254
tcp_ping received 196608 bytes back
Round trip time was 56.0649 milliseconds in repetition 255
tcp_ping received 196608 bytes back
Round trip time was 59.4856 milliseconds in repetition 256
tcp_ping received 196608 bytes back
Round trip time was 54.5497 milliseconds in repetition 257
tcp_ping received 196608 bytes back
Round trip time was 55.2746 milliseconds in repetition 258
tcp_ping received 196608 bytes back
Round trip time was 56.8658 milliseconds in repetition 259
tcp_ping received 196608 bytes back
Round trip time was 54.9816 milliseconds in repetition 260
tcp_ping received 196608 bytes back
Round trip time was 56.961 milliseconds in repetition 261
tcp_ping received 196608 bytes back
Round trip time was 64.0413 milliseconds in repetition 262
tcp_ping received 196608 bytes back
Round trip time was 58.1792 milliseconds in repetition 263
tcp_ping received 196608 bytes back
Round trip time was 55.611 milliseconds in repetition 264
tcp_ping received 196608 bytes back
Round trip time was 54.9588 milliseconds in repetition 265
tcp_ping received 196608 bytes back
Round trip time was 57.9576 milliseconds in repetition 266
tcp_ping received 196608 bytes back
Round trip time was 58.5189 milliseconds in repetition 267
tcp_ping received 196608 bytes back
Round trip time was 164.792 milliseconds in repetition 268
tcp_ping received 196608 bytes back
Round trip time was 57.3121 milliseconds in repetition 269
tcp_ping received 196608 bytes back
Round trip time was 55.731 milliseconds in repetition 270
tcp_ping received 196608 bytes back
Round trip time was 56.6215 milliseconds in repetition 271
tcp_ping received 196608 bytes back
Round trip time was 56.1634 milliseconds in repetition 272
tcp_ping received 196608 bytes back
Round trip time was 56.3504 milliseconds in repetition 273
tcp_ping received 196608 bytes back
Round trip time was 54.3891 milliseconds in repetition 274
tcp_ping received 196608 bytes back
Round trip time was 55.4986 milliseconds in repetition 275
tcp_ping received 196608 bytes back
Round trip time was 53.875 milliseconds in repetition 276
tcp_ping received 196608 bytes back
Round trip time was 55.5689 milliseconds in repetition 277
tcp_ping received 196608 bytes back
Round trip time was 62.4848 milliseconds in repetition 278
tcp_ping received 196608 bytes back
Round trip time was 57.6103 milliseconds in repetition 279
tcp_ping received 196608 bytes back
Round trip time was 55.9188 milliseconds in repetition 280
tcp_ping received 196608 bytes back
Round trip time was 55.5537 milliseconds in repetition 281
tcp_ping received 196608 bytes back
Round trip time was 55.4082 milliseconds in repetition 282
tcp_ping received 196608 bytes back
Round trip time was 57.2349 milliseconds in repetition 283
tcp_ping received 196608 bytes back
Round trip time was 55.4134 milliseconds in repetition 284
tcp_ping received 196608 bytes back
Round trip time was 56.9328 milliseconds in repetition 285
tcp_ping received 196608 bytes back
Round trip time was 62.5042 milliseconds in repetition 286
tcp_ping received 196608 bytes back
Round trip time was 58.3871 milliseconds in repetition 287
tcp_ping received 196608 bytes back
Round trip time was 60.0687 milliseconds in repetition 288
tcp_ping received 196608 bytes back
Round trip time was 57.4374 milliseconds in repetition 289
tcp_ping received 196608 bytes back
Round trip time was 61.0088 milliseconds in repetition 290
tcp_ping received 196608 bytes back
Round trip time was 55.4368 milliseconds in repetition 291
tcp_ping received 196608 bytes back
Round trip time was 56.8307 milliseconds in repetition 292
tcp_ping received 196608 bytes back
Round trip time was 55.6228 milliseconds in repetition 293
tcp_ping received 196608 bytes back
Round trip time was 56.867 milliseconds in repetition 294
tcp_ping received 196608 bytes back
Round trip time was 55.5019 milliseconds in repetition 295
tcp_ping received 196608 bytes back
Round trip time was 56.871 milliseconds in repetition 296
tcp_ping received 196608 bytes back
Round trip time was 56.4484 milliseconds in repetition 297
tcp_ping received 196608 bytes back
Round trip time was 58.693 milliseconds in repetition 298
tcp_ping received 196608 bytes back
Round trip time was 54.906 milliseconds in repetition 299
tcp_ping received 196608 bytes back
Round trip time was 55.6351 milliseconds in repetition 300
tcp_ping received 196608 bytes back
Round trip time was 55.5467 milliseconds in repetition 301
tcp_ping received 196608 bytes back
Round trip time was 56.6103 milliseconds in repetition 302
tcp_ping received 196608 bytes back
Round trip time was 55.7893 milliseconds in repetition 303
tcp_ping received 196608 bytes back
Round trip time was 56.5156 milliseconds in repetition 304
tcp_ping received 196608 bytes back
Round trip time was 55.4094 milliseconds in repetition 305
tcp_ping received 196608 bytes back
Round trip time was 55.924 milliseconds in repetition 306
tcp_ping received 196608 bytes back
Round trip time was 55.8363 milliseconds in repetition 307
tcp_ping received 196608 bytes back
Round trip time was 58.6786 milliseconds in repetition 308
tcp_ping received 196608 bytes back
Round trip time was 57.6381 milliseconds in repetition 309
tcp_ping received 196608 bytes back
Round trip time was 58.1045 milliseconds in repetition 310
tcp_ping received 196608 bytes back
Round trip time was 60.5597 milliseconds in repetition 311
tcp_ping received 196608 bytes back
Round trip time was 56.0604 milliseconds in repetition 312
tcp_ping received 196608 bytes back
Round trip time was 55.893 milliseconds in repetition 313
tcp_ping received 196608 bytes back
Round trip time was 56.2517 milliseconds in repetition 314
tcp_ping received 196608 bytes back
Round trip time was 56.7702 milliseconds in repetition 315
tcp_ping received 196608 bytes back
Round trip time was 58.9704 milliseconds in repetition 316
tcp_ping received 196608 bytes back
Round trip time was 56.2283 milliseconds in repetition 317
tcp_ping received 196608 bytes back
Round trip time was 57.0859 milliseconds in repetition 318
tcp_ping received 196608 bytes back
Round trip time was 56.3614 milliseconds in repetition 319
tcp_ping received 196608 bytes back
Round trip time was 64.9045 milliseconds in repetition 320
tcp_ping received 196608 bytes back
Round trip time was 57.9116 milliseconds in repetition 321
tcp_ping received 196608 bytes back
Round trip time was 57.437 milliseconds in repetition 322
tcp_ping received 196608 bytes back
Round trip time was 55.6251 milliseconds in repetition 323
tcp_ping received 196608 bytes back
Round trip time was 57.5058 milliseconds in repetition 324
tcp_ping received 196608 bytes back
Round trip time was 56.8031 milliseconds in repetition 325
tcp_ping received 196608 bytes back
Round trip time was 56.7249 milliseconds in repetition 326
tcp_ping received 196608 bytes back
Round trip time was 56.3416 milliseconds in repetition 327
tcp_ping received 196608 bytes back
Round trip time was 56.3651 milliseconds in repetition 328
tcp_ping received 196608 bytes back
Round trip time was 55.0383 milliseconds in repetition 329
tcp_ping received 196608 bytes back
Round trip time was 56.8316 milliseconds in repetition 330
tcp_ping received 196608 bytes back
Round trip time was 56.0194 milliseconds in repetition 331
tcp_ping received 196608 bytes back
Round trip time was 57.2527 milliseconds in repetition 332
tcp_ping received 196608 bytes back
Round trip time was 55.728 milliseconds in repetition 333
tcp_ping received 196608 bytes back
Round trip time was 57.4309 milliseconds in repetition 334
tcp_ping received 196608 bytes back
Round trip time was 56.7451 milliseconds in repetition 335
tcp_ping received 196608 bytes back
Round trip time was 55.902 milliseconds in repetition 336
tcp_ping received 196608 bytes back
Round trip time was 56.1507 milliseconds in repetition 337
tcp_ping received 196608 bytes back
Round trip time was 59.1979 milliseconds in repetition 338
tcp_ping received 196608 bytes back
Round trip time was 57.0397 milliseconds in repetition 339
tcp_ping received 196608 bytes back
Round trip time was 56.1597 milliseconds in repetition 340
tcp_ping received 196608 bytes back
Round trip time was 55.7838 milliseconds in repetition 341
tcp_ping received 196608 bytes back
Round trip time was 56.0137 milliseconds in repetition 342
tcp_ping received 196608 bytes back
Round trip time was 57.4452 milliseconds in repetition 343
tcp_ping received 196608 bytes back
Round trip time was 55.7342 milliseconds in repetition 344
tcp_ping received 196608 bytes back
Round trip time was 56.7111 milliseconds in repetition 345
tcp_ping received 196608 bytes back
Round trip time was 63.3707 milliseconds in repetition 346
tcp_ping received 196608 bytes back
Round trip time was 56.04 milliseconds in repetition 347
tcp_ping received 196608 bytes back
Round trip time was 62.6477 milliseconds in repetition 348
tcp_ping received 196608 bytes back
Round trip time was 55.6622 milliseconds in repetition 349
tcp_ping received 196608 bytes back
Round trip time was 59.065 milliseconds in repetition 350
tcp_ping received 196608 bytes back
Round trip time was 56.5559 milliseconds in repetition 351
tcp_ping received 196608 bytes back
Round trip time was 56.2987 milliseconds in repetition 352
tcp_ping received 196608 bytes back
Round trip time was 56.3204 milliseconds in repetition 353
tcp_ping received 196608 bytes back
Round trip time was 56.4099 milliseconds in repetition 354
tcp_ping received 196608 bytes back
Round trip time was 56.0428 milliseconds in repetition 355
tcp_ping received 196608 bytes back
Round trip time was 58.9387 milliseconds in repetition 356
tcp_ping received 196608 bytes back
Round trip time was 55.8954 milliseconds in repetition 357
tcp_ping received 196608 bytes back
Round trip time was 57.0273 milliseconds in repetition 358
tcp_ping received 196608 bytes back
Round trip time was 55.4394 milliseconds in repetition 359
tcp_ping received 196608 bytes back
Round trip time was 56.0352 milliseconds in repetition 360
tcp_ping received 196608 bytes back
Round trip time was 55.5452 milliseconds in repetition 361
tcp_ping received 196608 bytes back
Round trip time was 55.555 milliseconds in repetition 362
tcp_ping received 196608 bytes back
Round trip time was 55.1622 milliseconds in repetition 363
tcp_ping received 196608 bytes back
Round trip time was 57.2128 milliseconds in repetition 364
tcp_ping received 196608 bytes back
Round trip time was 55.6887 milliseconds in repetition 365
tcp_ping received 196608 bytes back
Round trip time was 55.9409 milliseconds in repetition 366
tcp_ping received 196608 bytes back
Round trip time was 67.465 milliseconds in repetition 367
tcp_ping received 196608 bytes back
Round trip time was 58.3827 milliseconds in repetition 368
tcp_ping received 196608 bytes back
Round trip time was 56.156 milliseconds in repetition 369
tcp_ping received 196608 bytes back
Round trip time was 57.6845 milliseconds in repetition 370
tcp_ping received 196608 bytes back
Round trip time was 57.3428 milliseconds in repetition 371
tcp_ping received 196608 bytes back
Round trip time was 55.8964 milliseconds in repetition 372
tcp_ping received 196608 bytes back
Round trip time was 55.3345 milliseconds in repetition 373
tcp_ping received 196608 bytes back
Round trip time was 56.168 milliseconds in repetition 374
tcp_ping received 196608 bytes back
Round trip time was 60.2196 milliseconds in repetition 375
tcp_ping received 196608 bytes back
Round trip time was 55.5341 milliseconds in repetition 376
tcp_ping received 196608 bytes back
Round trip time was 57.5941 milliseconds in repetition 377
tcp_ping received 196608 bytes back
Round trip time was 55.1187 milliseconds in repetition 378
tcp_ping received 196608 bytes back
Round trip time was 59.0216 milliseconds in repetition 379
tcp_ping received 196608 bytes back
Round trip time was 58.9037 milliseconds in repetition 380
tcp_ping received 196608 bytes back
Round trip time was 59.8295 milliseconds in repetition 381
tcp_ping received 196608 bytes back
Round trip time was 71.2733 milliseconds in repetition 382
tcp_ping received 196608 bytes back
Round trip time was 60.3516 milliseconds in repetition 383
tcp_ping received 196608 bytes back
Round trip time was 64.9194 milliseconds in repetition 384
tcp_ping received 196608 bytes back
Round trip time was 61.1148 milliseconds in repetition 385
tcp_ping received 196608 bytes back
Round trip time was 60.3264 milliseconds in repetition 386
tcp_ping received 196608 bytes back
Round trip time was 61.0044 milliseconds in repetition 387
tcp_ping received 196608 bytes back
Round trip time was 61.101 milliseconds in repetition 388
tcp_ping received 196608 bytes back
Round trip time was 75.1104 milliseconds in repetition 389
tcp_ping received 196608 bytes back
Round trip time was 76.1224 milliseconds in repetition 390
tcp_ping received 196608 bytes back
Round trip time was 66.3236 milliseconds in repetition 391
tcp_ping received 196608 bytes back
Round trip time was 72.873 milliseconds in repetition 392
tcp_ping received 196608 bytes back
Round trip time was 78.6622 milliseconds in repetition 393
tcp_ping received 196608 bytes back
Round trip time was 65.2118 milliseconds in repetition 394
tcp_ping received 196608 bytes back
Round trip time was 80.2286 milliseconds in repetition 395
tcp_ping received 196608 bytes back
Round trip time was 77.0751 milliseconds in repetition 396
tcp_ping received 196608 bytes back
Round trip time was 64.6399 milliseconds in repetition 397
tcp_ping received 196608 bytes back
Round trip time was 64.336 milliseconds in repetition 398
tcp_ping received 196608 bytes back
Round trip time was 66.3286 milliseconds in repetition 399
tcp_ping received 196608 bytes back
Round trip time was 66.1411 milliseconds in repetition 400
tcp_ping received 196608 bytes back
Round trip time was 65.8013 milliseconds in repetition 401
tcp_ping received 196608 bytes back
Round trip time was 63.5702 milliseconds in repetition 402
tcp_ping received 196608 bytes back
Round trip time was 62.8912 milliseconds in repetition 403
tcp_ping received 196608 bytes back
Round trip time was 61.9804 milliseconds in repetition 404
tcp_ping received 196608 bytes back
Round trip time was 63.0762 milliseconds in repetition 405
tcp_ping received 196608 bytes back
Round trip time was 66.7259 milliseconds in repetition 406
tcp_ping received 196608 bytes back
Round trip time was 62.1858 milliseconds in repetition 407
tcp_ping received 196608 bytes back
Round trip time was 61.8967 milliseconds in repetition 408
tcp_ping received 196608 bytes back
Round trip time was 61.6452 milliseconds in repetition 409
tcp_ping received 196608 bytes back
Round trip time was 63.6798 milliseconds in repetition 410
tcp_ping received 196608 bytes back
Round trip time was 65.7414 milliseconds in repetition 411
tcp_ping received 196608 bytes back
Round trip time was 62.7634 milliseconds in repetition 412
tcp_ping received 196608 bytes back
Round trip time was 63.9418 milliseconds in repetition 413
tcp_ping received 196608 bytes back
Round trip time was 61.9397 milliseconds in repetition 414
tcp_ping received 196608 bytes back
Round trip time was 61.3417 milliseconds in repetition 415
tcp_ping received 196608 bytes back
Round trip time was 62.358 milliseconds in repetition 416
tcp_ping received 196608 bytes back
Round trip time was 63.4747 milliseconds in repetition 417
tcp_ping received 196608 bytes back
Round trip time was 63.4253 milliseconds in repetition 418
tcp_ping received 196608 bytes back
Round trip time was 61.4064 milliseconds in repetition 419
tcp_ping received 196608 bytes back
Round trip time was 63.5359 milliseconds in repetition 420
tcp_ping received 196608 bytes back
Round trip time was 64.0026 milliseconds in repetition 421
tcp_ping received 196608 bytes back
Round trip time was 70.5035 milliseconds in repetition 422
tcp_ping received 196608 bytes back
Round trip time was 61.7888 milliseconds in repetition 423
tcp_ping received 196608 bytes back
Round trip time was 69.9371 milliseconds in repetition 424
tcp_ping received 196608 bytes back
Round trip time was 61.4019 milliseconds in repetition 425
tcp_ping received 196608 bytes back
Round trip time was 61.6445 milliseconds in repetition 426
tcp_ping received 196608 bytes back
Round trip time was 61.8694 milliseconds in repetition 427
tcp_ping received 196608 bytes back
Round trip time was 61.7807 milliseconds in repetition 428
tcp_ping received 196608 bytes back
Round trip time was 62.4004 milliseconds in repetition 429
tcp_ping received 196608 bytes back
Round trip time was 67.9822 milliseconds in repetition 430
tcp_ping received 196608 bytes back
Round trip time was 66.4882 milliseconds in repetition 431
tcp_ping received 196608 bytes back
Round trip time was 62.2173 milliseconds in repetition 432
tcp_ping received 196608 bytes back
Round trip time was 62.0486 milliseconds in repetition 433
tcp_ping received 196608 bytes back
Round trip time was 63.1625 milliseconds in repetition 434
tcp_ping received 196608 bytes back
Round trip time was 70.3515 milliseconds in repetition 435
tcp_ping received 196608 bytes back
Round trip time was 69.2536 milliseconds in repetition 436
tcp_ping received 196608 bytes back
Round trip time was 62.8757 milliseconds in repetition 437
tcp_ping received 196608 bytes back
Round trip time was 59.9844 milliseconds in repetition 438
tcp_ping received 196608 bytes back
Round trip time was 58.3046 milliseconds in repetition 439
tcp_ping received 196608 bytes back
Round trip time was 55.439 milliseconds in repetition 440
tcp_ping received 196608 bytes back
Round trip time was 55.7242 milliseconds in repetition 441
tcp_ping received 196608 bytes back
Round trip time was 54.8239 milliseconds in repetition 442
tcp_ping received 196608 bytes back
Round trip time was 55.0111 milliseconds in repetition 443
tcp_ping received 196608 bytes back
Round trip time was 55.2587 milliseconds in repetition 444
tcp_ping received 196608 bytes back
Round trip time was 59.2231 milliseconds in repetition 445
tcp_ping received 196608 bytes back
Round trip time was 57.0588 milliseconds in repetition 446
tcp_ping received 196608 bytes back
Round trip time was 55.5274 milliseconds in repetition 447
tcp_ping received 196608 bytes back
Round trip time was 55.1922 milliseconds in repetition 448
tcp_ping received 196608 bytes back
Round trip time was 55.6317 milliseconds in repetition 449
tcp_ping received 196608 bytes back
Round trip time was 56.7013 milliseconds in repetition 450
tcp_ping received 196608 bytes back
Round trip time was 55.23 milliseconds in repetition 451
tcp_ping received 196608 bytes back
Round trip time was 55.2876 milliseconds in repetition 452
tcp_ping received 196608 bytes back
Round trip time was 58.3103 milliseconds in repetition 453
tcp_ping received 196608 bytes back
Round trip time was 55.0297 milliseconds in repetition 454
tcp_ping received 196608 bytes back
Round trip time was 54.8594 milliseconds in repetition 455
tcp_ping received 196608 bytes back
Round trip time was 59.4786 milliseconds in repetition 456
tcp_ping received 196608 bytes back
Round trip time was 55.6515 milliseconds in repetition 457
tcp_ping received 196608 bytes back
Round trip time was 54.6461 milliseconds in repetition 458
tcp_ping received 196608 bytes back
Round trip time was 55.0034 milliseconds in repetition 459
tcp_ping received 196608 bytes back
Round trip time was 54.5161 milliseconds in repetition 460
tcp_ping received 196608 bytes back
Round trip time was 54.0395 milliseconds in repetition 461
tcp_ping received 196608 bytes back
Round trip time was 56.7394 milliseconds in repetition 462
tcp_ping received 196608 bytes back
Round trip time was 54.1965 milliseconds in repetition 463
tcp_ping received 196608 bytes back
Round trip time was 58.9182 milliseconds in repetition 464
tcp_ping received 196608 bytes back
Round trip time was 54.9221 milliseconds in repetition 465
tcp_ping received 196608 bytes back
Round trip time was 55.6031 milliseconds in repetition 466
tcp_ping received 196608 bytes back
Round trip time was 55.6339 milliseconds in repetition 467
tcp_ping received 196608 bytes back
Round trip time was 59.5513 milliseconds in repetition 468
tcp_ping received 196608 bytes back
Round trip time was 57.0633 milliseconds in repetition 469
tcp_ping received 196608 bytes back
Round trip time was 62.9665 milliseconds in repetition 470
tcp_ping received 196608 bytes back
Round trip time was 107.775 milliseconds in repetition 471
tcp_ping received 196608 bytes back
Round trip time was 59.3108 milliseconds in repetition 472
tcp_ping received 196608 bytes back
Round trip time was 56.9137 milliseconds in repetition 473
tcp_ping received 196608 bytes back
Round trip time was 57.4359 milliseconds in repetition 474
tcp_ping received 196608 bytes back
Round trip time was 58.6648 milliseconds in repetition 475
tcp_ping received 196608 bytes back
Round trip time was 55.7055 milliseconds in repetition 476
tcp_ping received 196608 bytes back
Round trip time was 57.6825 milliseconds in repetition 477
tcp_ping received 196608 bytes back
Round trip time was 56.3476 milliseconds in repetition 478
tcp_ping received 196608 bytes back
Round trip time was 57.5498 milliseconds in repetition 479
tcp_ping received 196608 bytes back
Round trip time was 57.2612 milliseconds in repetition 480
tcp_ping received 196608 bytes back
Round trip time was 56.6706 milliseconds in repetition 481
tcp_ping received 196608 bytes back
Round trip time was 57.4695 milliseconds in repetition 482
tcp_ping received 196608 bytes back
Round trip time was 56.1258 milliseconds in repetition 483
tcp_ping received 196608 bytes back
Round trip time was 58.4205 milliseconds in repetition 484
tcp_ping received 196608 bytes back
Round trip time was 57.1404 milliseconds in repetition 485
tcp_ping received 196608 bytes back
Round trip time was 57.3426 milliseconds in repetition 486
tcp_ping received 196608 bytes back
Round trip time was 64.3818 milliseconds in repetition 487
tcp_ping received 196608 bytes back
Round trip time was 59.6127 milliseconds in repetition 488
tcp_ping received 196608 bytes back
Round trip time was 60.0587 milliseconds in repetition 489
tcp_ping received 196608 bytes back
Round trip time was 59.5728 milliseconds in repetition 490
tcp_ping received 196608 bytes back
Round trip time was 60.6038 milliseconds in repetition 491
tcp_ping received 196608 bytes back
Round trip time was 60.9849 milliseconds in repetition 492
tcp_ping received 196608 bytes back
Round trip time was 59.8809 milliseconds in repetition 493
tcp_ping received 196608 bytes back
Round trip time was 64.8611 milliseconds in repetition 494
tcp_ping received 196608 bytes back
Round trip time was 61.4192 milliseconds in repetition 495
tcp_ping received 196608 bytes back
Round trip time was 57.1841 milliseconds in repetition 496
tcp_ping received 196608 bytes back
Round trip time was 58.7868 milliseconds in repetition 497
tcp_ping received 196608 bytes back
Round trip time was 59.5985 milliseconds in repetition 498
tcp_ping received 196608 bytes back
Round trip time was 58.0933 milliseconds in repetition 499
tcp_ping received 196608 bytes back
Round trip time was 58.7917 milliseconds in repetition 500
tcp_ping received 196608 bytes back
Round trip time was 61.6299 milliseconds in repetition 501

 ... clock resolution was 1e-06
TCP Ping:  Statistics over 501 repetitions of 196608 byte messages

RTT : percentile 10: 55.4702, median: 58.3103, percentile 90: 72.873, average: 62.4067, variance: 184.437

RTT histogram:
53.875 245
62.3449 181
70.8148 25
79.2847 29
87.7546 7
96.2245 5
104.694 5
113.164 1
121.634 0
130.104 0
138.574 0
147.044 0
155.514 0
163.984 1
172.454 0
180.923 1
189.393 0
197.863 0
206.333 0
214.803 0
223.273 1

   median Throughput : 6743.51 KB/s   overall Throughput : 6300.86 KB/s

