UDP Ping trying to connect to server seti.dibris.unige.it (130.251.61.30) on TCP port 1491
 ... connected to Pong server: asking for 501 repetitions of 512 _bytes UDP messages
 ... Pong server agreed to ping-pong using port 49152 :-)
Round trip time was 20.748 milliseconds in repetition 1
Round trip time was 12.483 milliseconds in repetition 2
Round trip time was 12.569 milliseconds in repetition 3
Round trip time was 12.656 milliseconds in repetition 4
Round trip time was 12.757 milliseconds in repetition 5
Round trip time was 12.574 milliseconds in repetition 6
Round trip time was 12.527 milliseconds in repetition 7
Round trip time was 12.621 milliseconds in repetition 8
Round trip time was 12.300 milliseconds in repetition 9
Round trip time was 12.239 milliseconds in repetition 10
Round trip time was 12.891 milliseconds in repetition 11
Round trip time was 12.486 milliseconds in repetition 12
Round trip time was 12.387 milliseconds in repetition 13
Round trip time was 12.558 milliseconds in repetition 14
Round trip time was 12.546 milliseconds in repetition 15
Round trip time was 12.543 milliseconds in repetition 16
Round trip time was 12.448 milliseconds in repetition 17
Round trip time was 12.442 milliseconds in repetition 18
Round trip time was 12.558 milliseconds in repetition 19
Round trip time was 12.328 milliseconds in repetition 20
Round trip time was 11.546 milliseconds in repetition 21
Round trip time was 11.823 milliseconds in repetition 22
Round trip time was 11.689 milliseconds in repetition 23
Round trip time was 11.947 milliseconds in repetition 24
Round trip time was 12.079 milliseconds in repetition 25
Round trip time was 12.124 milliseconds in repetition 26
Round trip time was 12.021 milliseconds in repetition 27
Round trip time was 12.001 milliseconds in repetition 28
Round trip time was 12.045 milliseconds in repetition 29
Round trip time was 11.948 milliseconds in repetition 30
Round trip time was 12.363 milliseconds in repetition 31
Round trip time was 12.271 milliseconds in repetition 32
Round trip time was 11.959 milliseconds in repetition 33
Round trip time was 11.865 milliseconds in repetition 34
Round trip time was 12.467 milliseconds in repetition 35
Round trip time was 12.503 milliseconds in repetition 36
Round trip time was 12.474 milliseconds in repetition 37
Round trip time was 12.181 milliseconds in repetition 38
Round trip time was 11.653 milliseconds in repetition 39
Round trip time was 11.802 milliseconds in repetition 40
Round trip time was 11.704 milliseconds in repetition 41
Round trip time was 12.029 milliseconds in repetition 42
Round trip time was 13.585 milliseconds in repetition 43
Round trip time was 12.201 milliseconds in repetition 44
Round trip time was 11.828 milliseconds in repetition 45
Round trip time was 12.449 milliseconds in repetition 46
Round trip time was 12.990 milliseconds in repetition 47
Round trip time was 15.285 milliseconds in repetition 48
Round trip time was 13.993 milliseconds in repetition 49
Round trip time was 13.637 milliseconds in repetition 50
Round trip time was 12.712 milliseconds in repetition 51
Round trip time was 16.099 milliseconds in repetition 52
Round trip time was 18.072 milliseconds in repetition 53
Round trip time was 12.875 milliseconds in repetition 54
Round trip time was 12.859 milliseconds in repetition 55
Round trip time was 12.366 milliseconds in repetition 56
Round trip time was 12.004 milliseconds in repetition 57
Round trip time was 12.975 milliseconds in repetition 58
Round trip time was 12.342 milliseconds in repetition 59
Round trip time was 11.789 milliseconds in repetition 60
Round trip time was 11.835 milliseconds in repetition 61
Round trip time was 11.869 milliseconds in repetition 62
Round trip time was 12.017 milliseconds in repetition 63
Round trip time was 12.092 milliseconds in repetition 64
Round trip time was 115.708 milliseconds in repetition 65
Round trip time was 12.025 milliseconds in repetition 66
Round trip time was 24.350 milliseconds in repetition 67
Round trip time was 12.724 milliseconds in repetition 68
Round trip time was 17.192 milliseconds in repetition 69
Round trip time was 16.325 milliseconds in repetition 70
Round trip time was 13.139 milliseconds in repetition 71
Round trip time was 12.336 milliseconds in repetition 72
Round trip time was 12.090 milliseconds in repetition 73
Round trip time was 12.123 milliseconds in repetition 74
Round trip time was 13.979 milliseconds in repetition 75
Round trip time was 11.761 milliseconds in repetition 76
Round trip time was 20.828 milliseconds in repetition 77
Round trip time was 27.384 milliseconds in repetition 78
Round trip time was 14.775 milliseconds in repetition 79
Round trip time was 16.222 milliseconds in repetition 80
Round trip time was 11.599 milliseconds in repetition 81
Round trip time was 14.571 milliseconds in repetition 82
Round trip time was 12.007 milliseconds in repetition 83
Round trip time was 12.166 milliseconds in repetition 84
Round trip time was 12.138 milliseconds in repetition 85
Round trip time was 12.083 milliseconds in repetition 86
Round trip time was 11.877 milliseconds in repetition 87
Round trip time was 15.294 milliseconds in repetition 88
Round trip time was 11.744 milliseconds in repetition 89
Round trip time was 12.836 milliseconds in repetition 90
Round trip time was 14.998 milliseconds in repetition 91
Round trip time was 13.978 milliseconds in repetition 92
Round trip time was 16.981 milliseconds in repetition 93
Round trip time was 14.004 milliseconds in repetition 94
Round trip time was 12.012 milliseconds in repetition 95
Round trip time was 16.760 milliseconds in repetition 96
Round trip time was 15.040 milliseconds in repetition 97
Round trip time was 16.742 milliseconds in repetition 98
Round trip time was 17.451 milliseconds in repetition 99
Round trip time was 18.130 milliseconds in repetition 100
Round trip time was 16.639 milliseconds in repetition 101
Round trip time was 12.168 milliseconds in repetition 102
Round trip time was 17.610 milliseconds in repetition 103
Round trip time was 17.942 milliseconds in repetition 104
Round trip time was 12.505 milliseconds in repetition 105
Round trip time was 15.671 milliseconds in repetition 106
Round trip time was 14.719 milliseconds in repetition 107
Round trip time was 11.909 milliseconds in repetition 108
Round trip time was 12.862 milliseconds in repetition 109
Round trip time was 13.756 milliseconds in repetition 110
Round trip time was 13.108 milliseconds in repetition 111
Round trip time was 53.377 milliseconds in repetition 112
Round trip time was 15.491 milliseconds in repetition 113
Round trip time was 15.980 milliseconds in repetition 114
Round trip time was 17.697 milliseconds in repetition 115
Round trip time was 13.375 milliseconds in repetition 116
Round trip time was 16.382 milliseconds in repetition 117
Round trip time was 20.843 milliseconds in repetition 118
Round trip time was 15.184 milliseconds in repetition 119
Round trip time was 15.936 milliseconds in repetition 120
Round trip time was 29.428 milliseconds in repetition 121
Round trip time was 16.288 milliseconds in repetition 122
Round trip time was 12.937 milliseconds in repetition 123
Round trip time was 13.894 milliseconds in repetition 124
Round trip time was 11.863 milliseconds in repetition 125
Round trip time was 13.549 milliseconds in repetition 126
Round trip time was 19.395 milliseconds in repetition 127
Round trip time was 13.967 milliseconds in repetition 128
Round trip time was 11.901 milliseconds in repetition 129
Round trip time was 11.836 milliseconds in repetition 130
Round trip time was 12.026 milliseconds in repetition 131
Round trip time was 12.694 milliseconds in repetition 132
Round trip time was 13.339 milliseconds in repetition 133
Round trip time was 12.097 milliseconds in repetition 134
Round trip time was 11.939 milliseconds in repetition 135
Round trip time was 14.198 milliseconds in repetition 136
Round trip time was 12.019 milliseconds in repetition 137
Round trip time was 12.265 milliseconds in repetition 138
Round trip time was 12.056 milliseconds in repetition 139
Round trip time was 11.746 milliseconds in repetition 140
Round trip time was 11.812 milliseconds in repetition 141
Round trip time was 11.821 milliseconds in repetition 142
Round trip time was 12.685 milliseconds in repetition 143
Round trip time was 11.996 milliseconds in repetition 144
Round trip time was 13.962 milliseconds in repetition 145
Round trip time was 11.763 milliseconds in repetition 146
Round trip time was 11.726 milliseconds in repetition 147
Round trip time was 11.946 milliseconds in repetition 148
Round trip time was 11.759 milliseconds in repetition 149
Round trip time was 11.866 milliseconds in repetition 150
Round trip time was 11.937 milliseconds in repetition 151
Round trip time was 12.702 milliseconds in repetition 152
Round trip time was 15.051 milliseconds in repetition 153
Round trip time was 12.440 milliseconds in repetition 154
Round trip time was 12.161 milliseconds in repetition 155
Round trip time was 11.827 milliseconds in repetition 156
Round trip time was 12.145 milliseconds in repetition 157
Round trip time was 12.455 milliseconds in repetition 158
Round trip time was 12.151 milliseconds in repetition 159
Round trip time was 12.037 milliseconds in repetition 160
Round trip time was 12.359 milliseconds in repetition 161
Round trip time was 12.278 milliseconds in repetition 162
Round trip time was 12.278 milliseconds in repetition 163
Round trip time was 12.066 milliseconds in repetition 164
Round trip time was 12.255 milliseconds in repetition 165
Round trip time was 12.090 milliseconds in repetition 166
Round trip time was 12.232 milliseconds in repetition 167
Round trip time was 14.365 milliseconds in repetition 168
Round trip time was 12.681 milliseconds in repetition 169
Round trip time was 12.051 milliseconds in repetition 170
Round trip time was 12.463 milliseconds in repetition 171
Round trip time was 11.748 milliseconds in repetition 172
Round trip time was 12.032 milliseconds in repetition 173
Round trip time was 11.964 milliseconds in repetition 174
Round trip time was 11.692 milliseconds in repetition 175
Round trip time was 12.562 milliseconds in repetition 176
Round trip time was 11.943 milliseconds in repetition 177
Round trip time was 12.883 milliseconds in repetition 178
Round trip time was 12.241 milliseconds in repetition 179
Round trip time was 12.452 milliseconds in repetition 180
Round trip time was 12.125 milliseconds in repetition 181
Round trip time was 12.046 milliseconds in repetition 182
Round trip time was 12.187 milliseconds in repetition 183
Round trip time was 12.369 milliseconds in repetition 184
Round trip time was 12.894 milliseconds in repetition 185
Round trip time was 14.284 milliseconds in repetition 186
Round trip time was 11.651 milliseconds in repetition 187
Round trip time was 12.260 milliseconds in repetition 188
Round trip time was 12.742 milliseconds in repetition 189
Round trip time was 13.186 milliseconds in repetition 190
Round trip time was 12.344 milliseconds in repetition 191
Round trip time was 16.822 milliseconds in repetition 192
Round trip time was 11.851 milliseconds in repetition 193
Round trip time was 12.171 milliseconds in repetition 194
Round trip time was 12.269 milliseconds in repetition 195
Round trip time was 11.917 milliseconds in repetition 196
Round trip time was 12.020 milliseconds in repetition 197
Round trip time was 11.793 milliseconds in repetition 198
Round trip time was 11.743 milliseconds in repetition 199
Round trip time was 11.753 milliseconds in repetition 200
Round trip time was 11.651 milliseconds in repetition 201
Round trip time was 12.073 milliseconds in repetition 202
Round trip time was 12.320 milliseconds in repetition 203
Round trip time was 11.713 milliseconds in repetition 204
Round trip time was 11.830 milliseconds in repetition 205
Round trip time was 11.647 milliseconds in repetition 206
Round trip time was 11.758 milliseconds in repetition 207
Round trip time was 11.996 milliseconds in repetition 208
Round trip time was 11.816 milliseconds in repetition 209
Round trip time was 11.927 milliseconds in repetition 210
Round trip time was 11.865 milliseconds in repetition 211
Round trip time was 13.061 milliseconds in repetition 212
Round trip time was 13.994 milliseconds in repetition 213
Round trip time was 11.877 milliseconds in repetition 214
Round trip time was 11.723 milliseconds in repetition 215
Round trip time was 11.803 milliseconds in repetition 216
Round trip time was 12.014 milliseconds in repetition 217
Round trip time was 11.982 milliseconds in repetition 218
Round trip time was 12.125 milliseconds in repetition 219
Round trip time was 11.919 milliseconds in repetition 220
Round trip time was 11.890 milliseconds in repetition 221
Round trip time was 11.959 milliseconds in repetition 222
Round trip time was 11.809 milliseconds in repetition 223
Round trip time was 11.911 milliseconds in repetition 224
Round trip time was 11.825 milliseconds in repetition 225
Round trip time was 12.008 milliseconds in repetition 226
Round trip time was 12.064 milliseconds in repetition 227
Round trip time was 12.102 milliseconds in repetition 228
Round trip time was 11.851 milliseconds in repetition 229
Round trip time was 11.816 milliseconds in repetition 230
Round trip time was 11.766 milliseconds in repetition 231
Round trip time was 12.032 milliseconds in repetition 232
Round trip time was 11.808 milliseconds in repetition 233
Round trip time was 12.408 milliseconds in repetition 234
Round trip time was 11.979 milliseconds in repetition 235
Round trip time was 12.664 milliseconds in repetition 236
Round trip time was 11.802 milliseconds in repetition 237
Round trip time was 11.748 milliseconds in repetition 238
Round trip time was 12.714 milliseconds in repetition 239
Round trip time was 11.808 milliseconds in repetition 240
Round trip time was 11.854 milliseconds in repetition 241
Round trip time was 11.707 milliseconds in repetition 242
Round trip time was 11.595 milliseconds in repetition 243
Round trip time was 11.725 milliseconds in repetition 244
Round trip time was 11.699 milliseconds in repetition 245
Round trip time was 11.798 milliseconds in repetition 246
Round trip time was 11.850 milliseconds in repetition 247
Round trip time was 15.109 milliseconds in repetition 248
Round trip time was 20.719 milliseconds in repetition 249
Round trip time was 16.249 milliseconds in repetition 250
Round trip time was 28.351 milliseconds in repetition 251
Round trip time was 11.876 milliseconds in repetition 252
Round trip time was 12.041 milliseconds in repetition 253
Round trip time was 12.418 milliseconds in repetition 254
Round trip time was 11.828 milliseconds in repetition 255
Round trip time was 11.853 milliseconds in repetition 256
Round trip time was 11.850 milliseconds in repetition 257
Round trip time was 11.837 milliseconds in repetition 258
Round trip time was 11.874 milliseconds in repetition 259
Round trip time was 11.893 milliseconds in repetition 260
Round trip time was 11.964 milliseconds in repetition 261
Round trip time was 11.885 milliseconds in repetition 262
Round trip time was 11.888 milliseconds in repetition 263
Round trip time was 11.715 milliseconds in repetition 264
Round trip time was 12.220 milliseconds in repetition 265
Round trip time was 11.900 milliseconds in repetition 266
Round trip time was 11.939 milliseconds in repetition 267
Round trip time was 11.916 milliseconds in repetition 268
Round trip time was 11.810 milliseconds in repetition 269
Round trip time was 11.578 milliseconds in repetition 270
Round trip time was 11.944 milliseconds in repetition 271
Round trip time was 11.915 milliseconds in repetition 272
Round trip time was 17.266 milliseconds in repetition 273
Round trip time was 11.810 milliseconds in repetition 274
Round trip time was 11.956 milliseconds in repetition 275
Round trip time was 11.751 milliseconds in repetition 276
Round trip time was 11.771 milliseconds in repetition 277
Round trip time was 12.014 milliseconds in repetition 278
Round trip time was 11.964 milliseconds in repetition 279
Round trip time was 11.885 milliseconds in repetition 280
Round trip time was 12.025 milliseconds in repetition 281
Round trip time was 11.888 milliseconds in repetition 282
Round trip time was 11.984 milliseconds in repetition 283
Round trip time was 11.885 milliseconds in repetition 284
Round trip time was 11.971 milliseconds in repetition 285
Round trip time was 12.329 milliseconds in repetition 286
Round trip time was 11.675 milliseconds in repetition 287
Round trip time was 12.478 milliseconds in repetition 288
Round trip time was 12.630 milliseconds in repetition 289
Round trip time was 12.025 milliseconds in repetition 290
Round trip time was 12.549 milliseconds in repetition 291
Round trip time was 11.957 milliseconds in repetition 292
Round trip time was 13.596 milliseconds in repetition 293
Round trip time was 11.821 milliseconds in repetition 294
Round trip time was 11.846 milliseconds in repetition 295
Round trip time was 11.971 milliseconds in repetition 296
Round trip time was 11.884 milliseconds in repetition 297
Round trip time was 12.552 milliseconds in repetition 298
Round trip time was 12.898 milliseconds in repetition 299
Round trip time was 13.669 milliseconds in repetition 300
Round trip time was 15.550 milliseconds in repetition 301
Round trip time was 12.180 milliseconds in repetition 302
Round trip time was 12.030 milliseconds in repetition 303
Round trip time was 12.220 milliseconds in repetition 304
Round trip time was 11.788 milliseconds in repetition 305
Round trip time was 11.689 milliseconds in repetition 306
Round trip time was 11.887 milliseconds in repetition 307
Round trip time was 11.955 milliseconds in repetition 308
Round trip time was 11.782 milliseconds in repetition 309
Round trip time was 14.508 milliseconds in repetition 310
Round trip time was 11.804 milliseconds in repetition 311
Round trip time was 12.019 milliseconds in repetition 312
Round trip time was 12.730 milliseconds in repetition 313
Round trip time was 12.362 milliseconds in repetition 314
Round trip time was 11.705 milliseconds in repetition 315
Round trip time was 12.135 milliseconds in repetition 316
Round trip time was 11.820 milliseconds in repetition 317
Round trip time was 11.843 milliseconds in repetition 318
Round trip time was 11.712 milliseconds in repetition 319
Round trip time was 11.710 milliseconds in repetition 320
Round trip time was 11.859 milliseconds in repetition 321
Round trip time was 11.675 milliseconds in repetition 322
Round trip time was 11.927 milliseconds in repetition 323
Round trip time was 12.057 milliseconds in repetition 324
Round trip time was 15.353 milliseconds in repetition 325
Round trip time was 11.784 milliseconds in repetition 326
Round trip time was 11.867 milliseconds in repetition 327
Round trip time was 11.807 milliseconds in repetition 328
Round trip time was 11.627 milliseconds in repetition 329
Round trip time was 12.080 milliseconds in repetition 330
Round trip time was 11.943 milliseconds in repetition 331
Round trip time was 15.073 milliseconds in repetition 332
Round trip time was 12.296 milliseconds in repetition 333
Round trip time was 12.083 milliseconds in repetition 334
Round trip time was 12.999 milliseconds in repetition 335
Round trip time was 15.133 milliseconds in repetition 336
Round trip time was 12.305 milliseconds in repetition 337
Round trip time was 12.158 milliseconds in repetition 338
Round trip time was 12.122 milliseconds in repetition 339
Round trip time was 12.049 milliseconds in repetition 340
Round trip time was 12.407 milliseconds in repetition 341
Round trip time was 12.885 milliseconds in repetition 342
Round trip time was 14.068 milliseconds in repetition 343
Round trip time was 12.207 milliseconds in repetition 344
Round trip time was 12.442 milliseconds in repetition 345
Round trip time was 11.968 milliseconds in repetition 346
Round trip time was 12.275 milliseconds in repetition 347
Round trip time was 12.073 milliseconds in repetition 348
Round trip time was 13.306 milliseconds in repetition 349
Round trip time was 16.022 milliseconds in repetition 350
Round trip time was 12.322 milliseconds in repetition 351
Round trip time was 12.854 milliseconds in repetition 352
Round trip time was 12.706 milliseconds in repetition 353
Round trip time was 13.603 milliseconds in repetition 354
Round trip time was 11.957 milliseconds in repetition 355
Round trip time was 11.886 milliseconds in repetition 356
Round trip time was 12.189 milliseconds in repetition 357
Round trip time was 12.562 milliseconds in repetition 358
Round trip time was 12.553 milliseconds in repetition 359
Round trip time was 12.465 milliseconds in repetition 360
Round trip time was 13.740 milliseconds in repetition 361
Round trip time was 16.806 milliseconds in repetition 362
Round trip time was 15.259 milliseconds in repetition 363
Round trip time was 11.759 milliseconds in repetition 364
Round trip time was 12.702 milliseconds in repetition 365
Round trip time was 13.233 milliseconds in repetition 366
Round trip time was 13.016 milliseconds in repetition 367
Round trip time was 13.051 milliseconds in repetition 368
Round trip time was 13.784 milliseconds in repetition 369
Round trip time was 13.139 milliseconds in repetition 370
Round trip time was 12.531 milliseconds in repetition 371
Round trip time was 12.576 milliseconds in repetition 372
Round trip time was 11.763 milliseconds in repetition 373
Round trip time was 11.627 milliseconds in repetition 374
Round trip time was 11.909 milliseconds in repetition 375
Round trip time was 11.699 milliseconds in repetition 376
Round trip time was 11.641 milliseconds in repetition 377
Round trip time was 11.737 milliseconds in repetition 378
Round trip time was 11.770 milliseconds in repetition 379
Round trip time was 11.816 milliseconds in repetition 380
Round trip time was 11.795 milliseconds in repetition 381
Round trip time was 11.633 milliseconds in repetition 382
Round trip time was 11.763 milliseconds in repetition 383
Round trip time was 11.734 milliseconds in repetition 384
Round trip time was 11.785 milliseconds in repetition 385
Round trip time was 11.928 milliseconds in repetition 386
Round trip time was 11.791 milliseconds in repetition 387
Round trip time was 11.902 milliseconds in repetition 388
Round trip time was 12.420 milliseconds in repetition 389
Round trip time was 11.612 milliseconds in repetition 390
Round trip time was 12.037 milliseconds in repetition 391
Round trip time was 12.089 milliseconds in repetition 392
Round trip time was 14.669 milliseconds in repetition 393
Round trip time was 12.589 milliseconds in repetition 394
Round trip time was 14.382 milliseconds in repetition 395
Round trip time was 15.253 milliseconds in repetition 396
Round trip time was 12.366 milliseconds in repetition 397
Round trip time was 13.417 milliseconds in repetition 398
Round trip time was 12.013 milliseconds in repetition 399
Round trip time was 13.698 milliseconds in repetition 400
Round trip time was 13.834 milliseconds in repetition 401
Round trip time was 13.665 milliseconds in repetition 402
Round trip time was 16.216 milliseconds in repetition 403
Round trip time was 16.044 milliseconds in repetition 404
Round trip time was 15.226 milliseconds in repetition 405
Round trip time was 15.619 milliseconds in repetition 406
Round trip time was 15.461 milliseconds in repetition 407
Round trip time was 12.451 milliseconds in repetition 408
Round trip time was 18.897 milliseconds in repetition 409
Round trip time was 12.320 milliseconds in repetition 410
Round trip time was 12.072 milliseconds in repetition 411
Round trip time was 11.932 milliseconds in repetition 412
Round trip time was 13.161 milliseconds in repetition 413
Round trip time was 12.027 milliseconds in repetition 414
Round trip time was 12.076 milliseconds in repetition 415
Round trip time was 12.052 milliseconds in repetition 416
Round trip time was 12.384 milliseconds in repetition 417
Round trip time was 12.224 milliseconds in repetition 418
Round trip time was 12.397 milliseconds in repetition 419
Round trip time was 12.237 milliseconds in repetition 420
Round trip time was 12.704 milliseconds in repetition 421
Round trip time was 16.064 milliseconds in repetition 422
Round trip time was 12.698 milliseconds in repetition 423
Round trip time was 13.045 milliseconds in repetition 424
Round trip time was 13.245 milliseconds in repetition 425
Round trip time was 12.215 milliseconds in repetition 426
Round trip time was 12.551 milliseconds in repetition 427
Round trip time was 12.337 milliseconds in repetition 428
Round trip time was 12.326 milliseconds in repetition 429
Round trip time was 12.591 milliseconds in repetition 430
Round trip time was 12.316 milliseconds in repetition 431
Round trip time was 12.323 milliseconds in repetition 432
Round trip time was 12.423 milliseconds in repetition 433
Round trip time was 12.632 milliseconds in repetition 434
Round trip time was 14.483 milliseconds in repetition 435
Round trip time was 12.324 milliseconds in repetition 436
Round trip time was 14.764 milliseconds in repetition 437
Round trip time was 12.782 milliseconds in repetition 438
Round trip time was 12.318 milliseconds in repetition 439
Round trip time was 12.715 milliseconds in repetition 440
Round trip time was 35.372 milliseconds in repetition 441
Round trip time was 12.554 milliseconds in repetition 442
Round trip time was 14.780 milliseconds in repetition 443
Round trip time was 12.530 milliseconds in repetition 444
Round trip time was 13.342 milliseconds in repetition 445
Round trip time was 12.605 milliseconds in repetition 446
Round trip time was 14.804 milliseconds in repetition 447
Round trip time was 11.702 milliseconds in repetition 448
Round trip time was 13.582 milliseconds in repetition 449
Round trip time was 12.708 milliseconds in repetition 450
Round trip time was 11.799 milliseconds in repetition 451
Round trip time was 11.852 milliseconds in repetition 452
Round trip time was 11.858 milliseconds in repetition 453
Round trip time was 13.739 milliseconds in repetition 454
Round trip time was 12.065 milliseconds in repetition 455
Round trip time was 12.178 milliseconds in repetition 456
Round trip time was 12.194 milliseconds in repetition 457
Round trip time was 12.003 milliseconds in repetition 458
Round trip time was 12.075 milliseconds in repetition 459
Round trip time was 12.235 milliseconds in repetition 460
Round trip time was 11.834 milliseconds in repetition 461
Round trip time was 11.834 milliseconds in repetition 462
Round trip time was 12.364 milliseconds in repetition 463
Round trip time was 12.641 milliseconds in repetition 464
Round trip time was 12.566 milliseconds in repetition 465
Round trip time was 12.768 milliseconds in repetition 466
Round trip time was 12.223 milliseconds in repetition 467
Round trip time was 11.809 milliseconds in repetition 468
Round trip time was 12.013 milliseconds in repetition 469
Round trip time was 12.070 milliseconds in repetition 470
Round trip time was 12.140 milliseconds in repetition 471
Round trip time was 12.845 milliseconds in repetition 472
Round trip time was 13.280 milliseconds in repetition 473
Round trip time was 11.680 milliseconds in repetition 474
Round trip time was 11.822 milliseconds in repetition 475
Round trip time was 12.281 milliseconds in repetition 476
Round trip time was 13.035 milliseconds in repetition 477
Round trip time was 11.882 milliseconds in repetition 478
Round trip time was 12.759 milliseconds in repetition 479
Round trip time was 12.525 milliseconds in repetition 480
Round trip time was 12.689 milliseconds in repetition 481
Round trip time was 12.778 milliseconds in repetition 482
Round trip time was 14.003 milliseconds in repetition 483
Round trip time was 13.937 milliseconds in repetition 484
Round trip time was 13.341 milliseconds in repetition 485
Round trip time was 13.009 milliseconds in repetition 486
Round trip time was 12.835 milliseconds in repetition 487
Round trip time was 12.688 milliseconds in repetition 488
Round trip time was 12.735 milliseconds in repetition 489
Round trip time was 12.184 milliseconds in repetition 490
Round trip time was 12.141 milliseconds in repetition 491
Round trip time was 12.013 milliseconds in repetition 492
Round trip time was 12.913 milliseconds in repetition 493
Round trip time was 12.911 milliseconds in repetition 494
Round trip time was 12.608 milliseconds in repetition 495
Round trip time was 12.660 milliseconds in repetition 496
Round trip time was 11.976 milliseconds in repetition 497
Round trip time was 11.888 milliseconds in repetition 498
Round trip time was 12.161 milliseconds in repetition 499
Round trip time was 11.969 milliseconds in repetition 500
Round trip time was 11.907 milliseconds in repetition 501

 ... clock resolution was 1e-06
UDP Ping:  Statistics over 501 repetitions of 512 byte messages

RTT : percentile 10: 11.7714, median: 12.2229, percentile 90: 15.1837, average: 13.2293, variance: 29.351

RTT histogram:
11.5462 431
16.7542 58
21.9623 6
27.1704 3
32.3785 0
37.5866 1
42.7946 0
48.0027 0
53.2108 1
58.4189 0
63.627 0
68.8351 0
74.0431 0
79.2512 0
84.4593 0
89.6674 0
94.8755 0
100.084 0
105.292 0
110.5 0
115.708 1

   median Throughput : 83.7773 KB/s   overall Throughput : 77.4041 KB/s

