UDP Ping trying to connect to server seti.dibris.unige.it (130.251.61.30) on TCP port 1491
 ... connected to Pong server: asking for 501 repetitions of 192 _bytes UDP messages
 ... Pong server agreed to ping-pong using port 49152 :-)
Round trip time was 25.782 milliseconds in repetition 1
Round trip time was 21.681 milliseconds in repetition 2
Round trip time was 22.372 milliseconds in repetition 3
Round trip time was 21.814 milliseconds in repetition 4
Round trip time was 22.259 milliseconds in repetition 5
Round trip time was 21.722 milliseconds in repetition 6
Round trip time was 22.090 milliseconds in repetition 7
Round trip time was 21.432 milliseconds in repetition 8
Round trip time was 21.709 milliseconds in repetition 9
Round trip time was 22.098 milliseconds in repetition 10
Round trip time was 21.629 milliseconds in repetition 11
Round trip time was 22.164 milliseconds in repetition 12
Round trip time was 21.528 milliseconds in repetition 13
Round trip time was 21.547 milliseconds in repetition 14
Round trip time was 21.751 milliseconds in repetition 15
Round trip time was 21.697 milliseconds in repetition 16
Round trip time was 21.533 milliseconds in repetition 17
Round trip time was 22.101 milliseconds in repetition 18
Round trip time was 23.930 milliseconds in repetition 19
Round trip time was 21.358 milliseconds in repetition 20
Round trip time was 20.847 milliseconds in repetition 21
Round trip time was 20.995 milliseconds in repetition 22
Round trip time was 21.258 milliseconds in repetition 23
Round trip time was 21.453 milliseconds in repetition 24
Round trip time was 20.969 milliseconds in repetition 25
Round trip time was 20.791 milliseconds in repetition 26
Round trip time was 20.865 milliseconds in repetition 27
Round trip time was 21.199 milliseconds in repetition 28
Round trip time was 21.154 milliseconds in repetition 29
Round trip time was 22.983 milliseconds in repetition 30
Round trip time was 21.564 milliseconds in repetition 31
Round trip time was 21.318 milliseconds in repetition 32
Round trip time was 20.962 milliseconds in repetition 33
Round trip time was 20.876 milliseconds in repetition 34
Round trip time was 21.121 milliseconds in repetition 35
Round trip time was 21.006 milliseconds in repetition 36
Round trip time was 21.350 milliseconds in repetition 37
Round trip time was 21.305 milliseconds in repetition 38
Round trip time was 21.287 milliseconds in repetition 39
Round trip time was 21.757 milliseconds in repetition 40
Round trip time was 21.549 milliseconds in repetition 41
Round trip time was 21.451 milliseconds in repetition 42
Round trip time was 21.445 milliseconds in repetition 43
Round trip time was 21.800 milliseconds in repetition 44
Round trip time was 21.143 milliseconds in repetition 45
Round trip time was 21.231 milliseconds in repetition 46
Round trip time was 21.137 milliseconds in repetition 47
Round trip time was 20.906 milliseconds in repetition 48
Round trip time was 22.022 milliseconds in repetition 49
Round trip time was 21.042 milliseconds in repetition 50
Round trip time was 21.173 milliseconds in repetition 51
Round trip time was 21.083 milliseconds in repetition 52
Round trip time was 20.859 milliseconds in repetition 53
Round trip time was 21.000 milliseconds in repetition 54
Round trip time was 21.573 milliseconds in repetition 55
Round trip time was 21.621 milliseconds in repetition 56
Round trip time was 21.431 milliseconds in repetition 57
Round trip time was 21.436 milliseconds in repetition 58
Round trip time was 21.033 milliseconds in repetition 59
Round trip time was 20.985 milliseconds in repetition 60
Round trip time was 21.319 milliseconds in repetition 61
Round trip time was 21.967 milliseconds in repetition 62
Round trip time was 21.658 milliseconds in repetition 63
Round trip time was 21.103 milliseconds in repetition 64
Round trip time was 21.318 milliseconds in repetition 65
Round trip time was 21.296 milliseconds in repetition 66
Round trip time was 22.132 milliseconds in repetition 67
Round trip time was 24.541 milliseconds in repetition 68
Round trip time was 22.017 milliseconds in repetition 69
Round trip time was 21.174 milliseconds in repetition 70
Round trip time was 21.582 milliseconds in repetition 71
Round trip time was 21.386 milliseconds in repetition 72
Round trip time was 23.989 milliseconds in repetition 73
Round trip time was 22.486 milliseconds in repetition 74
Round trip time was 23.285 milliseconds in repetition 75
Round trip time was 22.220 milliseconds in repetition 76
Round trip time was 21.560 milliseconds in repetition 77
Round trip time was 22.056 milliseconds in repetition 78
Round trip time was 21.675 milliseconds in repetition 79
Round trip time was 21.955 milliseconds in repetition 80
Round trip time was 21.400 milliseconds in repetition 81
Round trip time was 21.829 milliseconds in repetition 82
Round trip time was 21.135 milliseconds in repetition 83
Round trip time was 21.195 milliseconds in repetition 84
Round trip time was 22.112 milliseconds in repetition 85
Round trip time was 21.016 milliseconds in repetition 86
Round trip time was 21.077 milliseconds in repetition 87
Round trip time was 21.378 milliseconds in repetition 88
Round trip time was 21.483 milliseconds in repetition 89
Round trip time was 21.631 milliseconds in repetition 90
Round trip time was 21.986 milliseconds in repetition 91
Round trip time was 21.283 milliseconds in repetition 92
Round trip time was 21.294 milliseconds in repetition 93
Round trip time was 21.070 milliseconds in repetition 94
Round trip time was 24.864 milliseconds in repetition 95
Round trip time was 21.389 milliseconds in repetition 96
Round trip time was 21.480 milliseconds in repetition 97
Round trip time was 21.710 milliseconds in repetition 98
Round trip time was 21.460 milliseconds in repetition 99
Round trip time was 21.449 milliseconds in repetition 100
Round trip time was 21.784 milliseconds in repetition 101
Round trip time was 21.566 milliseconds in repetition 102
Round trip time was 21.657 milliseconds in repetition 103
Round trip time was 21.819 milliseconds in repetition 104
Round trip time was 21.288 milliseconds in repetition 105
Round trip time was 21.297 milliseconds in repetition 106
Round trip time was 21.556 milliseconds in repetition 107
Round trip time was 21.004 milliseconds in repetition 108
Round trip time was 22.016 milliseconds in repetition 109
Round trip time was 21.327 milliseconds in repetition 110
Round trip time was 21.014 milliseconds in repetition 111
Round trip time was 21.019 milliseconds in repetition 112
Round trip time was 20.964 milliseconds in repetition 113
Round trip time was 21.050 milliseconds in repetition 114
Round trip time was 21.443 milliseconds in repetition 115
Round trip time was 21.104 milliseconds in repetition 116
Round trip time was 21.016 milliseconds in repetition 117
Round trip time was 21.098 milliseconds in repetition 118
Round trip time was 22.330 milliseconds in repetition 119
Round trip time was 21.257 milliseconds in repetition 120
Round trip time was 21.475 milliseconds in repetition 121
Round trip time was 21.020 milliseconds in repetition 122
Round trip time was 20.961 milliseconds in repetition 123
Round trip time was 21.016 milliseconds in repetition 124
Round trip time was 20.952 milliseconds in repetition 125
Round trip time was 21.237 milliseconds in repetition 126
Round trip time was 21.118 milliseconds in repetition 127
Round trip time was 21.627 milliseconds in repetition 128
Round trip time was 21.540 milliseconds in repetition 129
Round trip time was 22.155 milliseconds in repetition 130
Round trip time was 21.429 milliseconds in repetition 131
Round trip time was 21.308 milliseconds in repetition 132
Round trip time was 21.406 milliseconds in repetition 133
Round trip time was 21.178 milliseconds in repetition 134
Round trip time was 21.038 milliseconds in repetition 135
Round trip time was 21.096 milliseconds in repetition 136
Round trip time was 21.028 milliseconds in repetition 137
Round trip time was 21.018 milliseconds in repetition 138
Round trip time was 21.341 milliseconds in repetition 139
Round trip time was 21.318 milliseconds in repetition 140
Round trip time was 21.123 milliseconds in repetition 141
Round trip time was 21.199 milliseconds in repetition 142
Round trip time was 21.120 milliseconds in repetition 143
Round trip time was 21.722 milliseconds in repetition 144
Round trip time was 21.202 milliseconds in repetition 145
Round trip time was 21.260 milliseconds in repetition 146
Round trip time was 21.237 milliseconds in repetition 147
Round trip time was 21.431 milliseconds in repetition 148
Round trip time was 21.786 milliseconds in repetition 149
Round trip time was 21.526 milliseconds in repetition 150
Round trip time was 22.402 milliseconds in repetition 151
Round trip time was 21.258 milliseconds in repetition 152
Round trip time was 21.289 milliseconds in repetition 153
Round trip time was 21.390 milliseconds in repetition 154
Round trip time was 21.355 milliseconds in repetition 155
Round trip time was 21.176 milliseconds in repetition 156
Round trip time was 21.292 milliseconds in repetition 157
Round trip time was 21.138 milliseconds in repetition 158
Round trip time was 22.263 milliseconds in repetition 159
Round trip time was 22.334 milliseconds in repetition 160
Round trip time was 21.767 milliseconds in repetition 161
Round trip time was 22.247 milliseconds in repetition 162
Round trip time was 22.229 milliseconds in repetition 163
Round trip time was 21.303 milliseconds in repetition 164
Round trip time was 21.609 milliseconds in repetition 165
Round trip time was 21.618 milliseconds in repetition 166
Round trip time was 21.593 milliseconds in repetition 167
Round trip time was 21.256 milliseconds in repetition 168
Round trip time was 22.088 milliseconds in repetition 169
Round trip time was 22.340 milliseconds in repetition 170
Round trip time was 21.385 milliseconds in repetition 171
Round trip time was 21.319 milliseconds in repetition 172
Round trip time was 21.595 milliseconds in repetition 173
Round trip time was 21.613 milliseconds in repetition 174
Round trip time was 21.293 milliseconds in repetition 175
Round trip time was 21.205 milliseconds in repetition 176
Round trip time was 21.183 milliseconds in repetition 177
Round trip time was 21.121 milliseconds in repetition 178
Round trip time was 21.283 milliseconds in repetition 179
Round trip time was 21.185 milliseconds in repetition 180
Round trip time was 21.297 milliseconds in repetition 181
Round trip time was 21.137 milliseconds in repetition 182
Round trip time was 21.704 milliseconds in repetition 183
Round trip time was 21.405 milliseconds in repetition 184
Round trip time was 21.383 milliseconds in repetition 185
Round trip time was 21.297 milliseconds in repetition 186
Round trip time was 22.089 milliseconds in repetition 187
Round trip time was 21.658 milliseconds in repetition 188
Round trip time was 21.105 milliseconds in repetition 189
Round trip time was 21.255 milliseconds in repetition 190
Round trip time was 21.338 milliseconds in repetition 191
Round trip time was 21.699 milliseconds in repetition 192
Round trip time was 21.645 milliseconds in repetition 193
Round trip time was 21.305 milliseconds in repetition 194
Round trip time was 22.038 milliseconds in repetition 195
Round trip time was 21.221 milliseconds in repetition 196
Round trip time was 21.220 milliseconds in repetition 197
Round trip time was 21.289 milliseconds in repetition 198
Round trip time was 21.518 milliseconds in repetition 199
Round trip time was 22.588 milliseconds in repetition 200
Round trip time was 21.279 milliseconds in repetition 201
Round trip time was 21.654 milliseconds in repetition 202
Round trip time was 21.097 milliseconds in repetition 203
Round trip time was 22.376 milliseconds in repetition 204
Round trip time was 21.857 milliseconds in repetition 205
Round trip time was 21.709 milliseconds in repetition 206
Round trip time was 21.487 milliseconds in repetition 207
Round trip time was 21.359 milliseconds in repetition 208
Round trip time was 21.700 milliseconds in repetition 209
Round trip time was 21.447 milliseconds in repetition 210
Round trip time was 25.618 milliseconds in repetition 211
Round trip time was 21.271 milliseconds in repetition 212
Round trip time was 21.263 milliseconds in repetition 213
Round trip time was 21.391 milliseconds in repetition 214
Round trip time was 21.230 milliseconds in repetition 215
Round trip time was 21.156 milliseconds in repetition 216
Round trip time was 21.086 milliseconds in repetition 217
Round trip time was 21.297 milliseconds in repetition 218
Round trip time was 21.197 milliseconds in repetition 219
Round trip time was 21.318 milliseconds in repetition 220
Round trip time was 21.503 milliseconds in repetition 221
Round trip time was 21.014 milliseconds in repetition 222
Round trip time was 20.971 milliseconds in repetition 223
Round trip time was 21.025 milliseconds in repetition 224
Round trip time was 20.940 milliseconds in repetition 225
Round trip time was 20.994 milliseconds in repetition 226
Round trip time was 21.135 milliseconds in repetition 227
Round trip time was 21.218 milliseconds in repetition 228
Round trip time was 21.130 milliseconds in repetition 229
Round trip time was 21.102 milliseconds in repetition 230
Round trip time was 21.172 milliseconds in repetition 231
Round trip time was 21.092 milliseconds in repetition 232
Round trip time was 20.958 milliseconds in repetition 233
Round trip time was 21.155 milliseconds in repetition 234
Round trip time was 21.328 milliseconds in repetition 235
Round trip time was 20.965 milliseconds in repetition 236
Round trip time was 21.331 milliseconds in repetition 237
Round trip time was 21.443 milliseconds in repetition 238
Round trip time was 21.416 milliseconds in repetition 239
Round trip time was 21.212 milliseconds in repetition 240
Round trip time was 21.169 milliseconds in repetition 241
Round trip time was 21.483 milliseconds in repetition 242
Round trip time was 21.345 milliseconds in repetition 243
Round trip time was 21.606 milliseconds in repetition 244
Round trip time was 21.060 milliseconds in repetition 245
Round trip time was 21.248 milliseconds in repetition 246
Round trip time was 21.471 milliseconds in repetition 247
Round trip time was 21.270 milliseconds in repetition 248
Round trip time was 21.239 milliseconds in repetition 249
Round trip time was 22.297 milliseconds in repetition 250
Round trip time was 26.405 milliseconds in repetition 251
Round trip time was 26.342 milliseconds in repetition 252
Round trip time was 21.852 milliseconds in repetition 253
Round trip time was 25.390 milliseconds in repetition 254
Round trip time was 22.537 milliseconds in repetition 255
Round trip time was 36.680 milliseconds in repetition 256
Round trip time was 21.324 milliseconds in repetition 257
Round trip time was 21.321 milliseconds in repetition 258
Round trip time was 23.924 milliseconds in repetition 259
Round trip time was 21.575 milliseconds in repetition 260
Round trip time was 22.013 milliseconds in repetition 261
Round trip time was 22.515 milliseconds in repetition 262
Round trip time was 21.255 milliseconds in repetition 263
Round trip time was 22.539 milliseconds in repetition 264
Round trip time was 22.643 milliseconds in repetition 265
Round trip time was 22.588 milliseconds in repetition 266
Round trip time was 21.492 milliseconds in repetition 267
Round trip time was 26.773 milliseconds in repetition 268
Round trip time was 23.284 milliseconds in repetition 269
Round trip time was 22.291 milliseconds in repetition 270
Round trip time was 20.865 milliseconds in repetition 271
Round trip time was 21.063 milliseconds in repetition 272
Round trip time was 21.109 milliseconds in repetition 273
Round trip time was 21.369 milliseconds in repetition 274
Round trip time was 21.670 milliseconds in repetition 275
Round trip time was 21.222 milliseconds in repetition 276
Round trip time was 21.543 milliseconds in repetition 277
Round trip time was 21.353 milliseconds in repetition 278
Round trip time was 21.426 milliseconds in repetition 279
Round trip time was 21.987 milliseconds in repetition 280
Round trip time was 21.176 milliseconds in repetition 281
Round trip time was 21.383 milliseconds in repetition 282
Round trip time was 21.425 milliseconds in repetition 283
Round trip time was 21.378 milliseconds in repetition 284
Round trip time was 22.149 milliseconds in repetition 285
Round trip time was 21.457 milliseconds in repetition 286
Round trip time was 21.307 milliseconds in repetition 287
Round trip time was 21.193 milliseconds in repetition 288
Round trip time was 21.916 milliseconds in repetition 289
Round trip time was 22.600 milliseconds in repetition 290
Round trip time was 21.303 milliseconds in repetition 291
Round trip time was 21.502 milliseconds in repetition 292
Round trip time was 21.723 milliseconds in repetition 293
Round trip time was 20.982 milliseconds in repetition 294
Round trip time was 22.635 milliseconds in repetition 295
Round trip time was 22.968 milliseconds in repetition 296
Round trip time was 21.267 milliseconds in repetition 297
Round trip time was 21.446 milliseconds in repetition 298
Round trip time was 23.000 milliseconds in repetition 299
Round trip time was 21.146 milliseconds in repetition 300
Round trip time was 21.575 milliseconds in repetition 301
Round trip time was 20.972 milliseconds in repetition 302
Round trip time was 21.152 milliseconds in repetition 303
Round trip time was 23.413 milliseconds in repetition 304
Round trip time was 21.147 milliseconds in repetition 305
Round trip time was 21.155 milliseconds in repetition 306
Round trip time was 20.938 milliseconds in repetition 307
Round trip time was 21.449 milliseconds in repetition 308
Round trip time was 21.658 milliseconds in repetition 309
Round trip time was 21.741 milliseconds in repetition 310
Round trip time was 21.472 milliseconds in repetition 311
Round trip time was 21.354 milliseconds in repetition 312
Round trip time was 21.116 milliseconds in repetition 313
Round trip time was 21.924 milliseconds in repetition 314
Round trip time was 25.112 milliseconds in repetition 315
Round trip time was 24.546 milliseconds in repetition 316
Round trip time was 21.230 milliseconds in repetition 317
Round trip time was 21.928 milliseconds in repetition 318
Round trip time was 21.089 milliseconds in repetition 319
Round trip time was 21.488 milliseconds in repetition 320
Round trip time was 21.082 milliseconds in repetition 321
Round trip time was 21.072 milliseconds in repetition 322
Round trip time was 20.970 milliseconds in repetition 323
Round trip time was 20.932 milliseconds in repetition 324
Round trip time was 21.122 milliseconds in repetition 325
Round trip time was 21.298 milliseconds in repetition 326
Round trip time was 21.148 milliseconds in repetition 327
Round trip time was 21.276 milliseconds in repetition 328
Round trip time was 21.267 milliseconds in repetition 329
Round trip time was 21.214 milliseconds in repetition 330
Round trip time was 22.228 milliseconds in repetition 331
Round trip time was 23.692 milliseconds in repetition 332
Round trip time was 21.425 milliseconds in repetition 333
Round trip time was 21.688 milliseconds in repetition 334
Round trip time was 21.602 milliseconds in repetition 335
Round trip time was 21.369 milliseconds in repetition 336
Round trip time was 21.974 milliseconds in repetition 337
Round trip time was 21.730 milliseconds in repetition 338
Round trip time was 21.532 milliseconds in repetition 339
Round trip time was 21.173 milliseconds in repetition 340
Round trip time was 23.607 milliseconds in repetition 341
Round trip time was 21.097 milliseconds in repetition 342
Round trip time was 21.483 milliseconds in repetition 343
Round trip time was 24.925 milliseconds in repetition 344
Round trip time was 22.662 milliseconds in repetition 345
Round trip time was 21.824 milliseconds in repetition 346
Round trip time was 21.059 milliseconds in repetition 347
Round trip time was 21.104 milliseconds in repetition 348
Round trip time was 21.857 milliseconds in repetition 349
Round trip time was 21.086 milliseconds in repetition 350
Round trip time was 21.180 milliseconds in repetition 351
Round trip time was 21.135 milliseconds in repetition 352
Round trip time was 21.231 milliseconds in repetition 353
Round trip time was 22.096 milliseconds in repetition 354
Round trip time was 21.789 milliseconds in repetition 355
Round trip time was 22.479 milliseconds in repetition 356
Round trip time was 24.707 milliseconds in repetition 357
Round trip time was 21.135 milliseconds in repetition 358
Round trip time was 21.407 milliseconds in repetition 359
Round trip time was 21.103 milliseconds in repetition 360
Round trip time was 23.405 milliseconds in repetition 361
Round trip time was 24.559 milliseconds in repetition 362
Round trip time was 21.158 milliseconds in repetition 363
Round trip time was 22.071 milliseconds in repetition 364
Round trip time was 21.182 milliseconds in repetition 365
Round trip time was 22.227 milliseconds in repetition 366
Round trip time was 21.473 milliseconds in repetition 367
Round trip time was 24.225 milliseconds in repetition 368
Round trip time was 21.628 milliseconds in repetition 369
Round trip time was 22.156 milliseconds in repetition 370
Round trip time was 21.355 milliseconds in repetition 371
Round trip time was 21.595 milliseconds in repetition 372
Round trip time was 24.805 milliseconds in repetition 373
Round trip time was 21.840 milliseconds in repetition 374
Round trip time was 21.789 milliseconds in repetition 375
Round trip time was 23.683 milliseconds in repetition 376
Round trip time was 21.379 milliseconds in repetition 377
Round trip time was 25.156 milliseconds in repetition 378
Round trip time was 21.823 milliseconds in repetition 379
Round trip time was 21.054 milliseconds in repetition 380
Round trip time was 21.500 milliseconds in repetition 381
Round trip time was 21.638 milliseconds in repetition 382
Round trip time was 21.963 milliseconds in repetition 383
Round trip time was 22.131 milliseconds in repetition 384
Round trip time was 21.936 milliseconds in repetition 385
Round trip time was 21.277 milliseconds in repetition 386
Round trip time was 21.807 milliseconds in repetition 387
Round trip time was 21.183 milliseconds in repetition 388
Round trip time was 21.154 milliseconds in repetition 389
Round trip time was 21.151 milliseconds in repetition 390
Round trip time was 21.069 milliseconds in repetition 391
Round trip time was 21.014 milliseconds in repetition 392
Round trip time was 21.482 milliseconds in repetition 393
Round trip time was 21.191 milliseconds in repetition 394
Round trip time was 22.314 milliseconds in repetition 395
Round trip time was 21.027 milliseconds in repetition 396
Round trip time was 20.893 milliseconds in repetition 397
Round trip time was 21.578 milliseconds in repetition 398
Round trip time was 21.612 milliseconds in repetition 399
Round trip time was 21.963 milliseconds in repetition 400
Round trip time was 22.649 milliseconds in repetition 401
Round trip time was 22.883 milliseconds in repetition 402
Round trip time was 23.016 milliseconds in repetition 403
Round trip time was 26.808 milliseconds in repetition 404
Round trip time was 27.959 milliseconds in repetition 405
Round trip time was 64.412 milliseconds in repetition 406
Round trip time was 28.321 milliseconds in repetition 407
Round trip time was 21.851 milliseconds in repetition 408
Round trip time was 21.702 milliseconds in repetition 409
Round trip time was 21.141 milliseconds in repetition 410
Round trip time was 22.906 milliseconds in repetition 411
Round trip time was 20.911 milliseconds in repetition 412
Round trip time was 20.934 milliseconds in repetition 413
Round trip time was 21.066 milliseconds in repetition 414
Round trip time was 21.135 milliseconds in repetition 415
Round trip time was 20.802 milliseconds in repetition 416
Round trip time was 20.938 milliseconds in repetition 417
Round trip time was 20.899 milliseconds in repetition 418
Round trip time was 21.316 milliseconds in repetition 419
Round trip time was 21.229 milliseconds in repetition 420
Round trip time was 21.378 milliseconds in repetition 421
Round trip time was 20.941 milliseconds in repetition 422
Round trip time was 21.348 milliseconds in repetition 423
Round trip time was 21.423 milliseconds in repetition 424
Round trip time was 21.482 milliseconds in repetition 425
Round trip time was 21.316 milliseconds in repetition 426
Round trip time was 21.310 milliseconds in repetition 427
Round trip time was 21.379 milliseconds in repetition 428
Round trip time was 22.400 milliseconds in repetition 429
Round trip time was 21.193 milliseconds in repetition 430
Round trip time was 21.031 milliseconds in repetition 431
Round trip time was 21.004 milliseconds in repetition 432
Round trip time was 21.310 milliseconds in repetition 433
Round trip time was 20.922 milliseconds in repetition 434
Round trip time was 21.042 milliseconds in repetition 435
Round trip time was 21.259 milliseconds in repetition 436
Round trip time was 20.897 milliseconds in repetition 437
Round trip time was 20.980 milliseconds in repetition 438
Round trip time was 21.015 milliseconds in repetition 439
Round trip time was 20.982 milliseconds in repetition 440
Round trip time was 21.297 milliseconds in repetition 441
Round trip time was 21.154 milliseconds in repetition 442
Round trip time was 21.366 milliseconds in repetition 443
Round trip time was 21.283 milliseconds in repetition 444
Round trip time was 21.273 milliseconds in repetition 445
Round trip time was 21.019 milliseconds in repetition 446
Round trip time was 21.531 milliseconds in repetition 447
Round trip time was 21.442 milliseconds in repetition 448
Round trip time was 21.685 milliseconds in repetition 449
Round trip time was 20.985 milliseconds in repetition 450
Round trip time was 21.073 milliseconds in repetition 451
Round trip time was 21.233 milliseconds in repetition 452
Round trip time was 21.140 milliseconds in repetition 453
Round trip time was 21.337 milliseconds in repetition 454
Round trip time was 21.392 milliseconds in repetition 455
Round trip time was 21.094 milliseconds in repetition 456
Round trip time was 21.524 milliseconds in repetition 457
Round trip time was 21.625 milliseconds in repetition 458
Round trip time was 22.902 milliseconds in repetition 459
Round trip time was 21.680 milliseconds in repetition 460
Round trip time was 24.694 milliseconds in repetition 461
Round trip time was 22.670 milliseconds in repetition 462
Round trip time was 23.438 milliseconds in repetition 463
Round trip time was 21.832 milliseconds in repetition 464
Round trip time was 21.226 milliseconds in repetition 465
Round trip time was 21.240 milliseconds in repetition 466
Round trip time was 22.019 milliseconds in repetition 467
Round trip time was 21.239 milliseconds in repetition 468
Round trip time was 21.145 milliseconds in repetition 469
Round trip time was 21.228 milliseconds in repetition 470
Round trip time was 21.262 milliseconds in repetition 471
Round trip time was 21.383 milliseconds in repetition 472
Round trip time was 21.019 milliseconds in repetition 473
Round trip time was 21.145 milliseconds in repetition 474
Round trip time was 21.636 milliseconds in repetition 475
Round trip time was 21.154 milliseconds in repetition 476
Round trip time was 21.178 milliseconds in repetition 477
Round trip time was 21.868 milliseconds in repetition 478
Round trip time was 20.951 milliseconds in repetition 479
Round trip time was 20.956 milliseconds in repetition 480
Round trip time was 21.078 milliseconds in repetition 481
Round trip time was 21.212 milliseconds in repetition 482
Round trip time was 21.259 milliseconds in repetition 483
Round trip time was 21.503 milliseconds in repetition 484
Round trip time was 21.560 milliseconds in repetition 485
Round trip time was 21.140 milliseconds in repetition 486
Round trip time was 22.261 milliseconds in repetition 487
Round trip time was 27.050 milliseconds in repetition 488
Round trip time was 22.720 milliseconds in repetition 489
Round trip time was 23.668 milliseconds in repetition 490
Round trip time was 23.399 milliseconds in repetition 491
Round trip time was 22.152 milliseconds in repetition 492
Round trip time was 21.745 milliseconds in repetition 493
Round trip time was 22.646 milliseconds in repetition 494
Round trip time was 21.372 milliseconds in repetition 495
Round trip time was 22.268 milliseconds in repetition 496
Round trip time was 20.911 milliseconds in repetition 497
Round trip time was 20.965 milliseconds in repetition 498
Round trip time was 21.035 milliseconds in repetition 499
Round trip time was 21.098 milliseconds in repetition 500
Round trip time was 21.514 milliseconds in repetition 501

 ... clock resolution was 1e-06
UDP Ping:  Statistics over 501 repetitions of 192 byte messages

RTT : percentile 10: 21.0165, median: 21.3783, percentile 90: 22.5996, average: 21.8111, variance: 5.12865

RTT histogram:
20.7908 391
22.9719 87
25.153 14
27.334 7
29.5151 0
31.6962 0
33.8773 0
36.0584 1
38.2394 0
40.4205 0
42.6016 0
44.7827 0
46.9637 0
49.1448 0
51.3259 0
53.507 0
55.6881 0
57.8691 0
60.0502 0
62.2313 0
64.4124 1

   median Throughput : 17.9621 KB/s   overall Throughput : 17.6057 KB/s

