UDP Ping trying to connect to server seti.dibris.unige.it (130.251.61.30) on TCP port 1491
 ... connected to Pong server: asking for 501 repetitions of 48 _bytes UDP messages
 ... Pong server agreed to ping-pong using port 49152 :-)
Round trip time was 20.868 milliseconds in repetition 1
Round trip time was 17.880 milliseconds in repetition 2
Round trip time was 18.445 milliseconds in repetition 3
Round trip time was 22.291 milliseconds in repetition 4
Round trip time was 18.799 milliseconds in repetition 5
Round trip time was 18.637 milliseconds in repetition 6
Round trip time was 17.975 milliseconds in repetition 7
Round trip time was 18.517 milliseconds in repetition 8
Round trip time was 18.223 milliseconds in repetition 9
Round trip time was 18.155 milliseconds in repetition 10
Round trip time was 18.213 milliseconds in repetition 11
Round trip time was 18.135 milliseconds in repetition 12
Round trip time was 17.985 milliseconds in repetition 13
Round trip time was 17.948 milliseconds in repetition 14
Round trip time was 17.960 milliseconds in repetition 15
Round trip time was 18.033 milliseconds in repetition 16
Round trip time was 18.063 milliseconds in repetition 17
Round trip time was 17.839 milliseconds in repetition 18
Round trip time was 17.967 milliseconds in repetition 19
Round trip time was 17.746 milliseconds in repetition 20
Round trip time was 17.423 milliseconds in repetition 21
Round trip time was 17.412 milliseconds in repetition 22
Round trip time was 17.403 milliseconds in repetition 23
Round trip time was 17.531 milliseconds in repetition 24
Round trip time was 17.982 milliseconds in repetition 25
Round trip time was 18.017 milliseconds in repetition 26
Round trip time was 17.628 milliseconds in repetition 27
Round trip time was 17.705 milliseconds in repetition 28
Round trip time was 17.801 milliseconds in repetition 29
Round trip time was 17.754 milliseconds in repetition 30
Round trip time was 17.594 milliseconds in repetition 31
Round trip time was 17.344 milliseconds in repetition 32
Round trip time was 17.436 milliseconds in repetition 33
Round trip time was 17.270 milliseconds in repetition 34
Round trip time was 17.350 milliseconds in repetition 35
Round trip time was 17.480 milliseconds in repetition 36
Round trip time was 17.430 milliseconds in repetition 37
Round trip time was 17.287 milliseconds in repetition 38
Round trip time was 17.515 milliseconds in repetition 39
Round trip time was 17.372 milliseconds in repetition 40
Round trip time was 17.402 milliseconds in repetition 41
Round trip time was 17.491 milliseconds in repetition 42
Round trip time was 17.482 milliseconds in repetition 43
Round trip time was 18.040 milliseconds in repetition 44
Round trip time was 18.508 milliseconds in repetition 45
Round trip time was 17.862 milliseconds in repetition 46
Round trip time was 17.912 milliseconds in repetition 47
Round trip time was 19.002 milliseconds in repetition 48
Round trip time was 18.040 milliseconds in repetition 49
Round trip time was 18.758 milliseconds in repetition 50
Round trip time was 17.701 milliseconds in repetition 51
Round trip time was 18.372 milliseconds in repetition 52
Round trip time was 18.186 milliseconds in repetition 53
Round trip time was 17.797 milliseconds in repetition 54
Round trip time was 19.010 milliseconds in repetition 55
Round trip time was 17.209 milliseconds in repetition 56
Round trip time was 17.265 milliseconds in repetition 57
Round trip time was 17.201 milliseconds in repetition 58
Round trip time was 17.708 milliseconds in repetition 59
Round trip time was 17.793 milliseconds in repetition 60
Round trip time was 17.815 milliseconds in repetition 61
Round trip time was 17.662 milliseconds in repetition 62
Round trip time was 17.499 milliseconds in repetition 63
Round trip time was 17.368 milliseconds in repetition 64
Round trip time was 17.375 milliseconds in repetition 65
Round trip time was 17.424 milliseconds in repetition 66
Round trip time was 17.386 milliseconds in repetition 67
Round trip time was 17.379 milliseconds in repetition 68
Round trip time was 17.554 milliseconds in repetition 69
Round trip time was 17.442 milliseconds in repetition 70
Round trip time was 19.093 milliseconds in repetition 71
Round trip time was 18.461 milliseconds in repetition 72
Round trip time was 17.320 milliseconds in repetition 73
Round trip time was 17.599 milliseconds in repetition 74
Round trip time was 17.593 milliseconds in repetition 75
Round trip time was 17.607 milliseconds in repetition 76
Round trip time was 17.366 milliseconds in repetition 77
Round trip time was 17.419 milliseconds in repetition 78
Round trip time was 17.344 milliseconds in repetition 79
Round trip time was 17.372 milliseconds in repetition 80
Round trip time was 17.268 milliseconds in repetition 81
Round trip time was 17.530 milliseconds in repetition 82
Round trip time was 17.282 milliseconds in repetition 83
Round trip time was 17.529 milliseconds in repetition 84
Round trip time was 17.857 milliseconds in repetition 85
Round trip time was 17.411 milliseconds in repetition 86
Round trip time was 17.868 milliseconds in repetition 87
Round trip time was 17.471 milliseconds in repetition 88
Round trip time was 17.409 milliseconds in repetition 89
Round trip time was 17.488 milliseconds in repetition 90
Round trip time was 17.773 milliseconds in repetition 91
Round trip time was 18.063 milliseconds in repetition 92
Round trip time was 17.242 milliseconds in repetition 93
Round trip time was 17.312 milliseconds in repetition 94
Round trip time was 17.171 milliseconds in repetition 95
Round trip time was 17.265 milliseconds in repetition 96
Round trip time was 17.769 milliseconds in repetition 97
Round trip time was 17.281 milliseconds in repetition 98
Round trip time was 19.531 milliseconds in repetition 99
Round trip time was 17.495 milliseconds in repetition 100
Round trip time was 17.548 milliseconds in repetition 101
Round trip time was 18.698 milliseconds in repetition 102
Round trip time was 17.537 milliseconds in repetition 103
Round trip time was 17.471 milliseconds in repetition 104
Round trip time was 17.566 milliseconds in repetition 105
Round trip time was 17.370 milliseconds in repetition 106
Round trip time was 17.383 milliseconds in repetition 107
Round trip time was 17.289 milliseconds in repetition 108
Round trip time was 17.258 milliseconds in repetition 109
Round trip time was 17.263 milliseconds in repetition 110
Round trip time was 17.227 milliseconds in repetition 111
Round trip time was 17.354 milliseconds in repetition 112
Round trip time was 17.406 milliseconds in repetition 113
Round trip time was 17.883 milliseconds in repetition 114
Round trip time was 18.622 milliseconds in repetition 115
Round trip time was 17.467 milliseconds in repetition 116
Round trip time was 20.000 milliseconds in repetition 117
Round trip time was 17.622 milliseconds in repetition 118
Round trip time was 17.505 milliseconds in repetition 119
Round trip time was 17.480 milliseconds in repetition 120
Round trip time was 17.506 milliseconds in repetition 121
Round trip time was 17.626 milliseconds in repetition 122
Round trip time was 17.607 milliseconds in repetition 123
Round trip time was 17.342 milliseconds in repetition 124
Round trip time was 17.471 milliseconds in repetition 125
Round trip time was 17.510 milliseconds in repetition 126
Round trip time was 17.454 milliseconds in repetition 127
Round trip time was 17.539 milliseconds in repetition 128
Round trip time was 17.591 milliseconds in repetition 129
Round trip time was 17.600 milliseconds in repetition 130
Round trip time was 17.384 milliseconds in repetition 131
Round trip time was 19.342 milliseconds in repetition 132
Round trip time was 17.664 milliseconds in repetition 133
Round trip time was 17.757 milliseconds in repetition 134
Round trip time was 17.728 milliseconds in repetition 135
Round trip time was 18.063 milliseconds in repetition 136
Round trip time was 18.696 milliseconds in repetition 137
Round trip time was 17.688 milliseconds in repetition 138
Round trip time was 17.683 milliseconds in repetition 139
Round trip time was 17.454 milliseconds in repetition 140
Round trip time was 17.481 milliseconds in repetition 141
Round trip time was 17.986 milliseconds in repetition 142
Round trip time was 17.699 milliseconds in repetition 143
Round trip time was 17.392 milliseconds in repetition 144
Round trip time was 17.831 milliseconds in repetition 145
Round trip time was 18.036 milliseconds in repetition 146
Round trip time was 17.725 milliseconds in repetition 147
Round trip time was 17.779 milliseconds in repetition 148
Round trip time was 17.428 milliseconds in repetition 149
Round trip time was 17.320 milliseconds in repetition 150
Round trip time was 17.474 milliseconds in repetition 151
Round trip time was 17.589 milliseconds in repetition 152
Round trip time was 17.312 milliseconds in repetition 153
Round trip time was 17.431 milliseconds in repetition 154
Round trip time was 17.438 milliseconds in repetition 155
Round trip time was 17.525 milliseconds in repetition 156
Round trip time was 18.417 milliseconds in repetition 157
Round trip time was 17.854 milliseconds in repetition 158
Round trip time was 17.384 milliseconds in repetition 159
Round trip time was 17.848 milliseconds in repetition 160
Round trip time was 17.446 milliseconds in repetition 161
Round trip time was 17.369 milliseconds in repetition 162
Round trip time was 17.348 milliseconds in repetition 163
Round trip time was 17.336 milliseconds in repetition 164
Round trip time was 17.675 milliseconds in repetition 165
Round trip time was 17.511 milliseconds in repetition 166
Round trip time was 17.469 milliseconds in repetition 167
Round trip time was 17.730 milliseconds in repetition 168
Round trip time was 17.783 milliseconds in repetition 169
Round trip time was 17.591 milliseconds in repetition 170
Round trip time was 17.338 milliseconds in repetition 171
Round trip time was 22.659 milliseconds in repetition 172
Round trip time was 17.597 milliseconds in repetition 173
Round trip time was 17.587 milliseconds in repetition 174
Round trip time was 18.195 milliseconds in repetition 175
Round trip time was 17.403 milliseconds in repetition 176
Round trip time was 17.244 milliseconds in repetition 177
Round trip time was 17.304 milliseconds in repetition 178
Round trip time was 17.903 milliseconds in repetition 179
Round trip time was 17.529 milliseconds in repetition 180
Round trip time was 17.296 milliseconds in repetition 181
Round trip time was 18.655 milliseconds in repetition 182
Round trip time was 17.473 milliseconds in repetition 183
Round trip time was 17.341 milliseconds in repetition 184
Round trip time was 17.383 milliseconds in repetition 185
Round trip time was 17.605 milliseconds in repetition 186
Round trip time was 17.364 milliseconds in repetition 187
Round trip time was 17.635 milliseconds in repetition 188
Round trip time was 17.608 milliseconds in repetition 189
Round trip time was 17.481 milliseconds in repetition 190
Round trip time was 17.430 milliseconds in repetition 191
Round trip time was 17.424 milliseconds in repetition 192
Round trip time was 17.656 milliseconds in repetition 193
Round trip time was 17.901 milliseconds in repetition 194
Round trip time was 17.726 milliseconds in repetition 195
Round trip time was 18.107 milliseconds in repetition 196
Round trip time was 17.671 milliseconds in repetition 197
Round trip time was 17.771 milliseconds in repetition 198
Round trip time was 17.842 milliseconds in repetition 199
Round trip time was 17.676 milliseconds in repetition 200
Round trip time was 17.391 milliseconds in repetition 201
Round trip time was 17.270 milliseconds in repetition 202
Round trip time was 17.854 milliseconds in repetition 203
Round trip time was 17.934 milliseconds in repetition 204
Round trip time was 17.782 milliseconds in repetition 205
Round trip time was 18.511 milliseconds in repetition 206
Round trip time was 18.129 milliseconds in repetition 207
Round trip time was 18.194 milliseconds in repetition 208
Round trip time was 17.356 milliseconds in repetition 209
Round trip time was 18.265 milliseconds in repetition 210
Round trip time was 17.557 milliseconds in repetition 211
Round trip time was 18.031 milliseconds in repetition 212
Round trip time was 18.045 milliseconds in repetition 213
Round trip time was 17.352 milliseconds in repetition 214
Round trip time was 17.388 milliseconds in repetition 215
Round trip time was 17.479 milliseconds in repetition 216
Round trip time was 18.650 milliseconds in repetition 217
Round trip time was 18.394 milliseconds in repetition 218
Round trip time was 17.521 milliseconds in repetition 219
Round trip time was 18.773 milliseconds in repetition 220
Round trip time was 17.539 milliseconds in repetition 221
Round trip time was 17.359 milliseconds in repetition 222
Round trip time was 17.463 milliseconds in repetition 223
Round trip time was 17.418 milliseconds in repetition 224
Round trip time was 17.382 milliseconds in repetition 225
Round trip time was 17.335 milliseconds in repetition 226
Round trip time was 18.002 milliseconds in repetition 227
Round trip time was 18.026 milliseconds in repetition 228
Round trip time was 17.410 milliseconds in repetition 229
Round trip time was 17.554 milliseconds in repetition 230
Round trip time was 17.380 milliseconds in repetition 231
Round trip time was 17.832 milliseconds in repetition 232
Round trip time was 17.657 milliseconds in repetition 233
Round trip time was 17.587 milliseconds in repetition 234
Round trip time was 17.421 milliseconds in repetition 235
Round trip time was 17.521 milliseconds in repetition 236
Round trip time was 17.388 milliseconds in repetition 237
Round trip time was 17.334 milliseconds in repetition 238
Round trip time was 17.310 milliseconds in repetition 239
Round trip time was 17.433 milliseconds in repetition 240
Round trip time was 17.513 milliseconds in repetition 241
Round trip time was 17.385 milliseconds in repetition 242
Round trip time was 18.389 milliseconds in repetition 243
Round trip time was 17.377 milliseconds in repetition 244
Round trip time was 17.429 milliseconds in repetition 245
Round trip time was 17.116 milliseconds in repetition 246
Round trip time was 17.360 milliseconds in repetition 247
Round trip time was 17.724 milliseconds in repetition 248
Round trip time was 18.404 milliseconds in repetition 249
Round trip time was 17.247 milliseconds in repetition 250
Round trip time was 17.329 milliseconds in repetition 251
Round trip time was 17.617 milliseconds in repetition 252
Round trip time was 21.422 milliseconds in repetition 253
Round trip time was 21.337 milliseconds in repetition 254
Round trip time was 17.450 milliseconds in repetition 255
Round trip time was 18.421 milliseconds in repetition 256
Round trip time was 17.711 milliseconds in repetition 257
Round trip time was 19.849 milliseconds in repetition 258
Round trip time was 17.436 milliseconds in repetition 259
Round trip time was 17.463 milliseconds in repetition 260
Round trip time was 17.286 milliseconds in repetition 261
Round trip time was 17.368 milliseconds in repetition 262
Round trip time was 17.704 milliseconds in repetition 263
Round trip time was 18.383 milliseconds in repetition 264
Round trip time was 17.202 milliseconds in repetition 265
Round trip time was 17.298 milliseconds in repetition 266
Round trip time was 17.161 milliseconds in repetition 267
Round trip time was 17.299 milliseconds in repetition 268
Round trip time was 17.288 milliseconds in repetition 269
Round trip time was 17.257 milliseconds in repetition 270
Round trip time was 18.376 milliseconds in repetition 271
Round trip time was 17.926 milliseconds in repetition 272
Round trip time was 17.348 milliseconds in repetition 273
Round trip time was 20.096 milliseconds in repetition 274
Round trip time was 19.175 milliseconds in repetition 275
Round trip time was 17.205 milliseconds in repetition 276
Round trip time was 17.801 milliseconds in repetition 277
Round trip time was 17.223 milliseconds in repetition 278
Round trip time was 17.220 milliseconds in repetition 279
Round trip time was 17.258 milliseconds in repetition 280
Round trip time was 17.359 milliseconds in repetition 281
Round trip time was 17.526 milliseconds in repetition 282
Round trip time was 17.471 milliseconds in repetition 283
Round trip time was 17.716 milliseconds in repetition 284
Round trip time was 17.424 milliseconds in repetition 285
Round trip time was 20.219 milliseconds in repetition 286
Round trip time was 17.680 milliseconds in repetition 287
Round trip time was 17.770 milliseconds in repetition 288
Round trip time was 17.518 milliseconds in repetition 289
Round trip time was 17.544 milliseconds in repetition 290
Round trip time was 17.652 milliseconds in repetition 291
Round trip time was 17.597 milliseconds in repetition 292
Round trip time was 17.306 milliseconds in repetition 293
Round trip time was 17.242 milliseconds in repetition 294
Round trip time was 17.575 milliseconds in repetition 295
Round trip time was 17.692 milliseconds in repetition 296
Round trip time was 17.756 milliseconds in repetition 297
Round trip time was 18.357 milliseconds in repetition 298
Round trip time was 18.261 milliseconds in repetition 299
Round trip time was 17.780 milliseconds in repetition 300
Round trip time was 17.349 milliseconds in repetition 301
Round trip time was 17.279 milliseconds in repetition 302
Round trip time was 17.482 milliseconds in repetition 303
Round trip time was 17.620 milliseconds in repetition 304
Round trip time was 17.912 milliseconds in repetition 305
Round trip time was 17.743 milliseconds in repetition 306
Round trip time was 17.618 milliseconds in repetition 307
Round trip time was 18.430 milliseconds in repetition 308
Round trip time was 18.329 milliseconds in repetition 309
Round trip time was 18.477 milliseconds in repetition 310
Round trip time was 19.076 milliseconds in repetition 311
Round trip time was 21.517 milliseconds in repetition 312
Round trip time was 17.695 milliseconds in repetition 313
Round trip time was 18.121 milliseconds in repetition 314
Round trip time was 21.133 milliseconds in repetition 315
Round trip time was 17.445 milliseconds in repetition 316
Round trip time was 18.294 milliseconds in repetition 317
Round trip time was 19.484 milliseconds in repetition 318
Round trip time was 18.348 milliseconds in repetition 319
Round trip time was 17.964 milliseconds in repetition 320
Round trip time was 17.327 milliseconds in repetition 321
Round trip time was 17.330 milliseconds in repetition 322
Round trip time was 17.651 milliseconds in repetition 323
Round trip time was 17.464 milliseconds in repetition 324
Round trip time was 17.748 milliseconds in repetition 325
Round trip time was 17.234 milliseconds in repetition 326
Round trip time was 17.640 milliseconds in repetition 327
Round trip time was 17.933 milliseconds in repetition 328
Round trip time was 19.024 milliseconds in repetition 329
Round trip time was 19.113 milliseconds in repetition 330
Round trip time was 17.606 milliseconds in repetition 331
Round trip time was 19.229 milliseconds in repetition 332
Round trip time was 17.939 milliseconds in repetition 333
Round trip time was 20.631 milliseconds in repetition 334
Round trip time was 17.717 milliseconds in repetition 335
Round trip time was 18.238 milliseconds in repetition 336
Round trip time was 17.850 milliseconds in repetition 337
Round trip time was 17.905 milliseconds in repetition 338
Round trip time was 17.793 milliseconds in repetition 339
Round trip time was 17.845 milliseconds in repetition 340
Round trip time was 19.574 milliseconds in repetition 341
Round trip time was 17.740 milliseconds in repetition 342
Round trip time was 21.094 milliseconds in repetition 343
Round trip time was 18.839 milliseconds in repetition 344
Round trip time was 17.647 milliseconds in repetition 345
Round trip time was 17.462 milliseconds in repetition 346
Round trip time was 18.532 milliseconds in repetition 347
Round trip time was 18.698 milliseconds in repetition 348
Round trip time was 19.994 milliseconds in repetition 349
Round trip time was 18.341 milliseconds in repetition 350
Round trip time was 19.182 milliseconds in repetition 351
Round trip time was 17.457 milliseconds in repetition 352
Round trip time was 18.984 milliseconds in repetition 353
Round trip time was 17.193 milliseconds in repetition 354
Round trip time was 19.022 milliseconds in repetition 355
Round trip time was 19.006 milliseconds in repetition 356
Round trip time was 17.360 milliseconds in repetition 357
Round trip time was 17.732 milliseconds in repetition 358
Round trip time was 17.466 milliseconds in repetition 359
Round trip time was 18.397 milliseconds in repetition 360
Round trip time was 17.234 milliseconds in repetition 361
Round trip time was 17.374 milliseconds in repetition 362
Round trip time was 17.923 milliseconds in repetition 363
Round trip time was 17.473 milliseconds in repetition 364
Round trip time was 18.501 milliseconds in repetition 365
Round trip time was 20.858 milliseconds in repetition 366
Round trip time was 29.234 milliseconds in repetition 367
Round trip time was 23.209 milliseconds in repetition 368
Round trip time was 22.447 milliseconds in repetition 369
Round trip time was 17.988 milliseconds in repetition 370
Round trip time was 18.628 milliseconds in repetition 371
Round trip time was 18.210 milliseconds in repetition 372
Round trip time was 18.516 milliseconds in repetition 373
Round trip time was 17.432 milliseconds in repetition 374
Round trip time was 18.347 milliseconds in repetition 375
Round trip time was 17.974 milliseconds in repetition 376
Round trip time was 17.717 milliseconds in repetition 377
Round trip time was 17.477 milliseconds in repetition 378
Round trip time was 18.272 milliseconds in repetition 379
Round trip time was 17.909 milliseconds in repetition 380
Round trip time was 17.265 milliseconds in repetition 381
Round trip time was 18.261 milliseconds in repetition 382
Round trip time was 21.145 milliseconds in repetition 383
Round trip time was 17.791 milliseconds in repetition 384
Round trip time was 17.618 milliseconds in repetition 385
Round trip time was 17.523 milliseconds in repetition 386
Round trip time was 18.029 milliseconds in repetition 387
Round trip time was 18.968 milliseconds in repetition 388
Round trip time was 17.465 milliseconds in repetition 389
Round trip time was 17.488 milliseconds in repetition 390
Round trip time was 17.483 milliseconds in repetition 391
Round trip time was 17.519 milliseconds in repetition 392
Round trip time was 17.464 milliseconds in repetition 393
Round trip time was 21.390 milliseconds in repetition 394
Round trip time was 17.822 milliseconds in repetition 395
Round trip time was 19.947 milliseconds in repetition 396
Round trip time was 17.221 milliseconds in repetition 397
Round trip time was 18.920 milliseconds in repetition 398
Round trip time was 17.824 milliseconds in repetition 399
Round trip time was 18.766 milliseconds in repetition 400
Round trip time was 19.565 milliseconds in repetition 401
Round trip time was 18.652 milliseconds in repetition 402
Round trip time was 18.759 milliseconds in repetition 403
Round trip time was 18.312 milliseconds in repetition 404
Round trip time was 17.890 milliseconds in repetition 405
Round trip time was 18.094 milliseconds in repetition 406
Round trip time was 18.350 milliseconds in repetition 407
Round trip time was 18.530 milliseconds in repetition 408
Round trip time was 17.937 milliseconds in repetition 409
Round trip time was 17.343 milliseconds in repetition 410
Round trip time was 17.620 milliseconds in repetition 411
Round trip time was 17.518 milliseconds in repetition 412
Round trip time was 17.917 milliseconds in repetition 413
Round trip time was 19.026 milliseconds in repetition 414
Round trip time was 21.194 milliseconds in repetition 415
Round trip time was 17.969 milliseconds in repetition 416
Round trip time was 17.832 milliseconds in repetition 417
Round trip time was 33.039 milliseconds in repetition 418
Round trip time was 17.703 milliseconds in repetition 419
Round trip time was 17.444 milliseconds in repetition 420
Round trip time was 17.505 milliseconds in repetition 421
Round trip time was 18.001 milliseconds in repetition 422
Round trip time was 17.563 milliseconds in repetition 423
Round trip time was 19.549 milliseconds in repetition 424
Round trip time was 17.694 milliseconds in repetition 425
Round trip time was 19.338 milliseconds in repetition 426
Round trip time was 17.477 milliseconds in repetition 427
Round trip time was 17.687 milliseconds in repetition 428
Round trip time was 17.733 milliseconds in repetition 429
Round trip time was 18.369 milliseconds in repetition 430
Round trip time was 17.804 milliseconds in repetition 431
Round trip time was 18.087 milliseconds in repetition 432
Round trip time was 17.601 milliseconds in repetition 433
Round trip time was 21.552 milliseconds in repetition 434
Round trip time was 18.556 milliseconds in repetition 435
Round trip time was 18.043 milliseconds in repetition 436
Round trip time was 17.396 milliseconds in repetition 437
Round trip time was 17.411 milliseconds in repetition 438
Round trip time was 17.655 milliseconds in repetition 439
Round trip time was 19.042 milliseconds in repetition 440
Round trip time was 17.424 milliseconds in repetition 441
Round trip time was 17.568 milliseconds in repetition 442
Round trip time was 17.724 milliseconds in repetition 443
Round trip time was 17.819 milliseconds in repetition 444
Round trip time was 17.959 milliseconds in repetition 445
Round trip time was 17.737 milliseconds in repetition 446
Round trip time was 17.464 milliseconds in repetition 447
Round trip time was 17.505 milliseconds in repetition 448
Round trip time was 19.657 milliseconds in repetition 449
Round trip time was 17.959 milliseconds in repetition 450
Round trip time was 17.982 milliseconds in repetition 451
Round trip time was 18.270 milliseconds in repetition 452
Round trip time was 17.625 milliseconds in repetition 453
Round trip time was 18.397 milliseconds in repetition 454
Round trip time was 18.172 milliseconds in repetition 455
Round trip time was 17.895 milliseconds in repetition 456
Round trip time was 18.208 milliseconds in repetition 457
Round trip time was 17.731 milliseconds in repetition 458
Round trip time was 17.880 milliseconds in repetition 459
Round trip time was 18.043 milliseconds in repetition 460
Round trip time was 20.149 milliseconds in repetition 461
Round trip time was 17.389 milliseconds in repetition 462
Round trip time was 17.557 milliseconds in repetition 463
Round trip time was 17.347 milliseconds in repetition 464
Round trip time was 17.883 milliseconds in repetition 465
Round trip time was 17.369 milliseconds in repetition 466
Round trip time was 17.681 milliseconds in repetition 467
Round trip time was 17.346 milliseconds in repetition 468
Round trip time was 17.231 milliseconds in repetition 469
Round trip time was 17.194 milliseconds in repetition 470
Round trip time was 17.759 milliseconds in repetition 471
Round trip time was 17.586 milliseconds in repetition 472
Round trip time was 17.659 milliseconds in repetition 473
Round trip time was 17.315 milliseconds in repetition 474
Round trip time was 17.495 milliseconds in repetition 475
Round trip time was 17.522 milliseconds in repetition 476
Round trip time was 17.192 milliseconds in repetition 477
Round trip time was 17.248 milliseconds in repetition 478
Round trip time was 17.223 milliseconds in repetition 479
Round trip time was 17.362 milliseconds in repetition 480
Round trip time was 17.369 milliseconds in repetition 481
Round trip time was 17.341 milliseconds in repetition 482
Round trip time was 17.096 milliseconds in repetition 483
Round trip time was 17.449 milliseconds in repetition 484
Round trip time was 17.415 milliseconds in repetition 485
Round trip time was 17.755 milliseconds in repetition 486
Round trip time was 17.782 milliseconds in repetition 487
Round trip time was 17.630 milliseconds in repetition 488
Round trip time was 17.412 milliseconds in repetition 489
Round trip time was 17.444 milliseconds in repetition 490
Round trip time was 17.576 milliseconds in repetition 491
Round trip time was 18.084 milliseconds in repetition 492
Round trip time was 17.740 milliseconds in repetition 493
Round trip time was 17.735 milliseconds in repetition 494
Round trip time was 17.711 milliseconds in repetition 495
Round trip time was 17.810 milliseconds in repetition 496
Round trip time was 17.524 milliseconds in repetition 497
Round trip time was 17.195 milliseconds in repetition 498
Round trip time was 18.222 milliseconds in repetition 499
Round trip time was 17.743 milliseconds in repetition 500
Round trip time was 17.573 milliseconds in repetition 501

 ... clock resolution was 1e-06
UDP Ping:  Statistics over 501 repetitions of 48 byte messages

RTT : percentile 10: 17.3153, median: 17.655, percentile 90: 18.7994, average: 17.9745, variance: 1.46691

RTT histogram:
17.0964 177
17.8935 229
18.6907 57
19.4878 14
20.2849 7
21.082 9
21.8792 2
22.6763 3
23.4734 1
24.2705 0
25.0677 0
25.8648 0
26.6619 0
27.459 0
28.2562 0
29.0533 1
29.8504 0
30.6475 0
31.4447 0
32.2418 0
33.0389 1

   median Throughput : 5.43755 KB/s   overall Throughput : 5.3409 KB/s

