UDP Ping trying to connect to server seti.dibris.unige.it (130.251.61.30) on TCP port 1491
 ... connected to Pong server: asking for 501 repetitions of 768 _bytes UDP messages
 ... Pong server agreed to ping-pong using port 49152 :-)
Round trip time was 33.853 milliseconds in repetition 1
Round trip time was 21.933 milliseconds in repetition 2
Round trip time was 21.852 milliseconds in repetition 3
Round trip time was 21.678 milliseconds in repetition 4
Round trip time was 22.197 milliseconds in repetition 5
Round trip time was 22.129 milliseconds in repetition 6
Round trip time was 21.999 milliseconds in repetition 7
Round trip time was 21.944 milliseconds in repetition 8
Round trip time was 22.019 milliseconds in repetition 9
Round trip time was 21.795 milliseconds in repetition 10
Round trip time was 21.945 milliseconds in repetition 11
Round trip time was 22.047 milliseconds in repetition 12
Round trip time was 23.356 milliseconds in repetition 13
Round trip time was 22.407 milliseconds in repetition 14
Round trip time was 21.986 milliseconds in repetition 15
Round trip time was 21.984 milliseconds in repetition 16
Round trip time was 22.010 milliseconds in repetition 17
Round trip time was 22.302 milliseconds in repetition 18
Round trip time was 21.951 milliseconds in repetition 19
Round trip time was 21.451 milliseconds in repetition 20
Round trip time was 21.080 milliseconds in repetition 21
Round trip time was 21.590 milliseconds in repetition 22
Round trip time was 21.573 milliseconds in repetition 23
Round trip time was 21.388 milliseconds in repetition 24
Round trip time was 21.171 milliseconds in repetition 25
Round trip time was 21.056 milliseconds in repetition 26
Round trip time was 21.319 milliseconds in repetition 27
Round trip time was 21.147 milliseconds in repetition 28
Round trip time was 21.453 milliseconds in repetition 29
Round trip time was 20.828 milliseconds in repetition 30
Round trip time was 21.572 milliseconds in repetition 31
Round trip time was 21.099 milliseconds in repetition 32
Round trip time was 31.746 milliseconds in repetition 33
Round trip time was 21.029 milliseconds in repetition 34
Round trip time was 20.833 milliseconds in repetition 35
Round trip time was 20.954 milliseconds in repetition 36
Round trip time was 21.015 milliseconds in repetition 37
Round trip time was 20.810 milliseconds in repetition 38
Round trip time was 21.226 milliseconds in repetition 39
Round trip time was 20.894 milliseconds in repetition 40
Round trip time was 24.039 milliseconds in repetition 41
Round trip time was 20.966 milliseconds in repetition 42
Round trip time was 21.933 milliseconds in repetition 43
Round trip time was 21.375 milliseconds in repetition 44
Round trip time was 21.223 milliseconds in repetition 45
Round trip time was 21.155 milliseconds in repetition 46
Round trip time was 20.990 milliseconds in repetition 47
Round trip time was 21.217 milliseconds in repetition 48
Round trip time was 20.889 milliseconds in repetition 49
Round trip time was 20.920 milliseconds in repetition 50
Round trip time was 20.789 milliseconds in repetition 51
Round trip time was 21.218 milliseconds in repetition 52
Round trip time was 20.780 milliseconds in repetition 53
Round trip time was 20.773 milliseconds in repetition 54
Round trip time was 20.895 milliseconds in repetition 55
Round trip time was 20.775 milliseconds in repetition 56
Round trip time was 20.755 milliseconds in repetition 57
Round trip time was 20.809 milliseconds in repetition 58
Round trip time was 21.273 milliseconds in repetition 59
Round trip time was 21.588 milliseconds in repetition 60
Round trip time was 20.995 milliseconds in repetition 61
Round trip time was 22.479 milliseconds in repetition 62
Round trip time was 20.915 milliseconds in repetition 63
Round trip time was 20.915 milliseconds in repetition 64
Round trip time was 20.826 milliseconds in repetition 65
Round trip time was 20.921 milliseconds in repetition 66
Round trip time was 20.796 milliseconds in repetition 67
Round trip time was 23.267 milliseconds in repetition 68
Round trip time was 20.884 milliseconds in repetition 69
Round trip time was 20.836 milliseconds in repetition 70
Round trip time was 21.223 milliseconds in repetition 71
Round trip time was 20.874 milliseconds in repetition 72
Round trip time was 21.193 milliseconds in repetition 73
Round trip time was 21.008 milliseconds in repetition 74
Round trip time was 21.333 milliseconds in repetition 75
Round trip time was 20.877 milliseconds in repetition 76
Round trip time was 20.869 milliseconds in repetition 77
Round trip time was 20.922 milliseconds in repetition 78
Round trip time was 21.252 milliseconds in repetition 79
Round trip time was 20.922 milliseconds in repetition 80
Round trip time was 21.118 milliseconds in repetition 81
Round trip time was 21.040 milliseconds in repetition 82
Round trip time was 20.938 milliseconds in repetition 83
Round trip time was 21.089 milliseconds in repetition 84
Round trip time was 21.033 milliseconds in repetition 85
Round trip time was 20.881 milliseconds in repetition 86
Round trip time was 20.784 milliseconds in repetition 87
Round trip time was 20.987 milliseconds in repetition 88
Round trip time was 21.121 milliseconds in repetition 89
Round trip time was 21.224 milliseconds in repetition 90
Round trip time was 21.400 milliseconds in repetition 91
Round trip time was 21.349 milliseconds in repetition 92
Round trip time was 23.264 milliseconds in repetition 93
Round trip time was 22.522 milliseconds in repetition 94
Round trip time was 21.377 milliseconds in repetition 95
Round trip time was 21.823 milliseconds in repetition 96
Round trip time was 23.630 milliseconds in repetition 97
Round trip time was 21.850 milliseconds in repetition 98
Round trip time was 22.936 milliseconds in repetition 99
Round trip time was 21.570 milliseconds in repetition 100
Round trip time was 21.739 milliseconds in repetition 101
Round trip time was 21.123 milliseconds in repetition 102
Round trip time was 23.090 milliseconds in repetition 103
Round trip time was 21.861 milliseconds in repetition 104
Round trip time was 22.445 milliseconds in repetition 105
Round trip time was 25.853 milliseconds in repetition 106
Round trip time was 22.002 milliseconds in repetition 107
Round trip time was 21.727 milliseconds in repetition 108
Round trip time was 20.855 milliseconds in repetition 109
Round trip time was 20.962 milliseconds in repetition 110
Round trip time was 20.876 milliseconds in repetition 111
Round trip time was 20.864 milliseconds in repetition 112
Round trip time was 20.815 milliseconds in repetition 113
Round trip time was 20.861 milliseconds in repetition 114
Round trip time was 21.150 milliseconds in repetition 115
Round trip time was 21.321 milliseconds in repetition 116
Round trip time was 20.832 milliseconds in repetition 117
Round trip time was 21.029 milliseconds in repetition 118
Round trip time was 20.912 milliseconds in repetition 119
Round trip time was 20.856 milliseconds in repetition 120
Round trip time was 21.004 milliseconds in repetition 121
Round trip time was 20.902 milliseconds in repetition 122
Round trip time was 21.155 milliseconds in repetition 123
Round trip time was 20.846 milliseconds in repetition 124
Round trip time was 20.720 milliseconds in repetition 125
Round trip time was 20.764 milliseconds in repetition 126
Round trip time was 21.005 milliseconds in repetition 127
Round trip time was 20.994 milliseconds in repetition 128
Round trip time was 21.387 milliseconds in repetition 129
Round trip time was 20.991 milliseconds in repetition 130
Round trip time was 20.862 milliseconds in repetition 131
Round trip time was 21.187 milliseconds in repetition 132
Round trip time was 21.946 milliseconds in repetition 133
Round trip time was 21.260 milliseconds in repetition 134
Round trip time was 21.035 milliseconds in repetition 135
Round trip time was 21.238 milliseconds in repetition 136
Round trip time was 20.993 milliseconds in repetition 137
Round trip time was 22.582 milliseconds in repetition 138
Round trip time was 21.268 milliseconds in repetition 139
Round trip time was 22.082 milliseconds in repetition 140
Round trip time was 21.519 milliseconds in repetition 141
Round trip time was 20.937 milliseconds in repetition 142
Round trip time was 21.105 milliseconds in repetition 143
Round trip time was 21.323 milliseconds in repetition 144
Round trip time was 21.184 milliseconds in repetition 145
Round trip time was 20.727 milliseconds in repetition 146
Round trip time was 21.838 milliseconds in repetition 147
Round trip time was 21.385 milliseconds in repetition 148
Round trip time was 21.157 milliseconds in repetition 149
Round trip time was 21.543 milliseconds in repetition 150
Round trip time was 21.189 milliseconds in repetition 151
Round trip time was 21.505 milliseconds in repetition 152
Round trip time was 21.043 milliseconds in repetition 153
Round trip time was 21.466 milliseconds in repetition 154
Round trip time was 21.216 milliseconds in repetition 155
Round trip time was 20.956 milliseconds in repetition 156
Round trip time was 21.296 milliseconds in repetition 157
Round trip time was 21.372 milliseconds in repetition 158
Round trip time was 21.112 milliseconds in repetition 159
Round trip time was 20.937 milliseconds in repetition 160
Round trip time was 21.081 milliseconds in repetition 161
Round trip time was 21.075 milliseconds in repetition 162
Round trip time was 21.012 milliseconds in repetition 163
Round trip time was 21.076 milliseconds in repetition 164
Round trip time was 20.885 milliseconds in repetition 165
Round trip time was 21.019 milliseconds in repetition 166
Round trip time was 20.922 milliseconds in repetition 167
Round trip time was 21.018 milliseconds in repetition 168
Round trip time was 20.967 milliseconds in repetition 169
Round trip time was 20.993 milliseconds in repetition 170
Round trip time was 21.077 milliseconds in repetition 171
Round trip time was 21.048 milliseconds in repetition 172
Round trip time was 20.901 milliseconds in repetition 173
Round trip time was 21.492 milliseconds in repetition 174
Round trip time was 21.028 milliseconds in repetition 175
Round trip time was 20.914 milliseconds in repetition 176
Round trip time was 20.992 milliseconds in repetition 177
Round trip time was 21.653 milliseconds in repetition 178
Round trip time was 20.923 milliseconds in repetition 179
Round trip time was 20.887 milliseconds in repetition 180
Round trip time was 21.154 milliseconds in repetition 181
Round trip time was 21.034 milliseconds in repetition 182
Round trip time was 21.076 milliseconds in repetition 183
Round trip time was 21.271 milliseconds in repetition 184
Round trip time was 20.977 milliseconds in repetition 185
Round trip time was 21.143 milliseconds in repetition 186
Round trip time was 20.932 milliseconds in repetition 187
Round trip time was 20.949 milliseconds in repetition 188
Round trip time was 21.015 milliseconds in repetition 189
Round trip time was 21.027 milliseconds in repetition 190
Round trip time was 20.957 milliseconds in repetition 191
Round trip time was 21.096 milliseconds in repetition 192
Round trip time was 20.896 milliseconds in repetition 193
Round trip time was 21.260 milliseconds in repetition 194
Round trip time was 20.930 milliseconds in repetition 195
Round trip time was 20.937 milliseconds in repetition 196
Round trip time was 20.766 milliseconds in repetition 197
Round trip time was 21.015 milliseconds in repetition 198
Round trip time was 20.993 milliseconds in repetition 199
Round trip time was 20.712 milliseconds in repetition 200
Round trip time was 20.776 milliseconds in repetition 201
Round trip time was 20.912 milliseconds in repetition 202
Round trip time was 20.696 milliseconds in repetition 203
Round trip time was 20.747 milliseconds in repetition 204
Round trip time was 21.385 milliseconds in repetition 205
Round trip time was 20.882 milliseconds in repetition 206
Round trip time was 20.927 milliseconds in repetition 207
Round trip time was 21.222 milliseconds in repetition 208
Round trip time was 21.036 milliseconds in repetition 209
Round trip time was 21.104 milliseconds in repetition 210
Round trip time was 21.360 milliseconds in repetition 211
Round trip time was 21.030 milliseconds in repetition 212
Round trip time was 21.310 milliseconds in repetition 213
Round trip time was 21.223 milliseconds in repetition 214
Round trip time was 21.199 milliseconds in repetition 215
Round trip time was 20.979 milliseconds in repetition 216
Round trip time was 21.249 milliseconds in repetition 217
Round trip time was 21.201 milliseconds in repetition 218
Round trip time was 22.330 milliseconds in repetition 219
Round trip time was 22.262 milliseconds in repetition 220
Round trip time was 21.049 milliseconds in repetition 221
Round trip time was 21.892 milliseconds in repetition 222
Round trip time was 21.739 milliseconds in repetition 223
Round trip time was 21.841 milliseconds in repetition 224
Round trip time was 21.269 milliseconds in repetition 225
Round trip time was 27.454 milliseconds in repetition 226
Round trip time was 21.262 milliseconds in repetition 227
Round trip time was 21.132 milliseconds in repetition 228
Round trip time was 21.042 milliseconds in repetition 229
Round trip time was 21.648 milliseconds in repetition 230
Round trip time was 22.211 milliseconds in repetition 231
Round trip time was 21.623 milliseconds in repetition 232
Round trip time was 22.184 milliseconds in repetition 233
Round trip time was 34.079 milliseconds in repetition 234
Round trip time was 22.103 milliseconds in repetition 235
Round trip time was 21.232 milliseconds in repetition 236
Round trip time was 20.908 milliseconds in repetition 237
Round trip time was 20.941 milliseconds in repetition 238
Round trip time was 20.895 milliseconds in repetition 239
Round trip time was 20.832 milliseconds in repetition 240
Round trip time was 20.720 milliseconds in repetition 241
Round trip time was 21.113 milliseconds in repetition 242
Round trip time was 20.950 milliseconds in repetition 243
Round trip time was 20.754 milliseconds in repetition 244
Round trip time was 20.888 milliseconds in repetition 245
Round trip time was 20.757 milliseconds in repetition 246
Round trip time was 22.684 milliseconds in repetition 247
Round trip time was 20.936 milliseconds in repetition 248
Round trip time was 25.263 milliseconds in repetition 249
Round trip time was 20.897 milliseconds in repetition 250
Round trip time was 20.971 milliseconds in repetition 251
Round trip time was 21.390 milliseconds in repetition 252
Round trip time was 20.945 milliseconds in repetition 253
Round trip time was 21.708 milliseconds in repetition 254
Round trip time was 21.965 milliseconds in repetition 255
Round trip time was 20.762 milliseconds in repetition 256
Round trip time was 20.909 milliseconds in repetition 257
Round trip time was 20.916 milliseconds in repetition 258
Round trip time was 20.869 milliseconds in repetition 259
Round trip time was 20.929 milliseconds in repetition 260
Round trip time was 20.947 milliseconds in repetition 261
Round trip time was 21.031 milliseconds in repetition 262
Round trip time was 21.150 milliseconds in repetition 263
Round trip time was 21.130 milliseconds in repetition 264
Round trip time was 21.058 milliseconds in repetition 265
Round trip time was 21.080 milliseconds in repetition 266
Round trip time was 21.560 milliseconds in repetition 267
Round trip time was 21.044 milliseconds in repetition 268
Round trip time was 21.736 milliseconds in repetition 269
Round trip time was 20.980 milliseconds in repetition 270
Round trip time was 21.735 milliseconds in repetition 271
Round trip time was 21.605 milliseconds in repetition 272
Round trip time was 21.030 milliseconds in repetition 273
Round trip time was 21.387 milliseconds in repetition 274
Round trip time was 21.633 milliseconds in repetition 275
Round trip time was 21.869 milliseconds in repetition 276
Round trip time was 22.055 milliseconds in repetition 277
Round trip time was 22.248 milliseconds in repetition 278
Round trip time was 21.741 milliseconds in repetition 279
Round trip time was 21.630 milliseconds in repetition 280
Round trip time was 22.061 milliseconds in repetition 281
Round trip time was 21.477 milliseconds in repetition 282
Round trip time was 21.902 milliseconds in repetition 283
Round trip time was 22.038 milliseconds in repetition 284
Round trip time was 26.683 milliseconds in repetition 285
Round trip time was 21.469 milliseconds in repetition 286
Round trip time was 21.158 milliseconds in repetition 287
Round trip time was 20.951 milliseconds in repetition 288
Round trip time was 21.283 milliseconds in repetition 289
Round trip time was 21.053 milliseconds in repetition 290
Round trip time was 21.759 milliseconds in repetition 291
Round trip time was 21.340 milliseconds in repetition 292
Round trip time was 22.544 milliseconds in repetition 293
Round trip time was 21.367 milliseconds in repetition 294
Round trip time was 22.055 milliseconds in repetition 295
Round trip time was 21.834 milliseconds in repetition 296
Round trip time was 21.189 milliseconds in repetition 297
Round trip time was 21.568 milliseconds in repetition 298
Round trip time was 21.181 milliseconds in repetition 299
Round trip time was 21.538 milliseconds in repetition 300
Round trip time was 21.452 milliseconds in repetition 301
Round trip time was 21.748 milliseconds in repetition 302
Round trip time was 21.901 milliseconds in repetition 303
Round trip time was 21.482 milliseconds in repetition 304
Round trip time was 20.894 milliseconds in repetition 305
Round trip time was 21.385 milliseconds in repetition 306
Round trip time was 21.148 milliseconds in repetition 307
Round trip time was 20.908 milliseconds in repetition 308
Round trip time was 22.482 milliseconds in repetition 309
Round trip time was 21.180 milliseconds in repetition 310
Round trip time was 21.647 milliseconds in repetition 311
Round trip time was 22.210 milliseconds in repetition 312
Round trip time was 21.805 milliseconds in repetition 313
Round trip time was 21.409 milliseconds in repetition 314
Round trip time was 21.406 milliseconds in repetition 315
Round trip time was 23.134 milliseconds in repetition 316
Round trip time was 21.589 milliseconds in repetition 317
Round trip time was 22.357 milliseconds in repetition 318
Round trip time was 21.152 milliseconds in repetition 319
Round trip time was 21.232 milliseconds in repetition 320
Round trip time was 21.212 milliseconds in repetition 321
Round trip time was 21.226 milliseconds in repetition 322
Round trip time was 21.294 milliseconds in repetition 323
Round trip time was 21.275 milliseconds in repetition 324
Round trip time was 21.310 milliseconds in repetition 325
Round trip time was 20.949 milliseconds in repetition 326
Round trip time was 21.634 milliseconds in repetition 327
Round trip time was 21.264 milliseconds in repetition 328
Round trip time was 21.227 milliseconds in repetition 329
Round trip time was 26.313 milliseconds in repetition 330
Round trip time was 25.274 milliseconds in repetition 331
Round trip time was 23.437 milliseconds in repetition 332
Round trip time was 21.748 milliseconds in repetition 333
Round trip time was 25.044 milliseconds in repetition 334
Round trip time was 21.335 milliseconds in repetition 335
Round trip time was 21.244 milliseconds in repetition 336
Round trip time was 21.312 milliseconds in repetition 337
Round trip time was 21.269 milliseconds in repetition 338
Round trip time was 21.125 milliseconds in repetition 339
Round trip time was 21.641 milliseconds in repetition 340
Round trip time was 20.979 milliseconds in repetition 341
Round trip time was 21.176 milliseconds in repetition 342
Round trip time was 21.110 milliseconds in repetition 343
Round trip time was 21.158 milliseconds in repetition 344
Round trip time was 21.019 milliseconds in repetition 345
Round trip time was 20.907 milliseconds in repetition 346
Round trip time was 20.939 milliseconds in repetition 347
Round trip time was 21.425 milliseconds in repetition 348
Round trip time was 21.333 milliseconds in repetition 349
Round trip time was 20.960 milliseconds in repetition 350
Round trip time was 21.020 milliseconds in repetition 351
Round trip time was 21.419 milliseconds in repetition 352
Round trip time was 21.153 milliseconds in repetition 353
Round trip time was 20.857 milliseconds in repetition 354
Round trip time was 20.716 milliseconds in repetition 355
Round trip time was 21.821 milliseconds in repetition 356
Round trip time was 21.265 milliseconds in repetition 357
Round trip time was 20.885 milliseconds in repetition 358
Round trip time was 21.054 milliseconds in repetition 359
Round trip time was 21.081 milliseconds in repetition 360
Round trip time was 20.982 milliseconds in repetition 361
Round trip time was 21.334 milliseconds in repetition 362
Round trip time was 21.489 milliseconds in repetition 363
Round trip time was 20.776 milliseconds in repetition 364
Round trip time was 20.704 milliseconds in repetition 365
Round trip time was 20.858 milliseconds in repetition 366
Round trip time was 21.088 milliseconds in repetition 367
Round trip time was 20.817 milliseconds in repetition 368
Round trip time was 20.834 milliseconds in repetition 369
Round trip time was 21.374 milliseconds in repetition 370
Round trip time was 21.273 milliseconds in repetition 371
Round trip time was 21.310 milliseconds in repetition 372
Round trip time was 30.129 milliseconds in repetition 373
Round trip time was 21.288 milliseconds in repetition 374
Round trip time was 21.174 milliseconds in repetition 375
Round trip time was 22.310 milliseconds in repetition 376
Round trip time was 21.463 milliseconds in repetition 377
Round trip time was 21.976 milliseconds in repetition 378
Round trip time was 21.286 milliseconds in repetition 379
Round trip time was 21.052 milliseconds in repetition 380
Round trip time was 21.499 milliseconds in repetition 381
Round trip time was 22.477 milliseconds in repetition 382
Round trip time was 21.717 milliseconds in repetition 383
Round trip time was 21.004 milliseconds in repetition 384
Round trip time was 21.092 milliseconds in repetition 385
Round trip time was 20.925 milliseconds in repetition 386
Round trip time was 20.818 milliseconds in repetition 387
Round trip time was 21.095 milliseconds in repetition 388
Round trip time was 21.215 milliseconds in repetition 389
Round trip time was 21.097 milliseconds in repetition 390
Round trip time was 21.573 milliseconds in repetition 391
Round trip time was 21.046 milliseconds in repetition 392
Round trip time was 21.040 milliseconds in repetition 393
Round trip time was 20.940 milliseconds in repetition 394
Round trip time was 20.816 milliseconds in repetition 395
Round trip time was 20.809 milliseconds in repetition 396
Round trip time was 21.405 milliseconds in repetition 397
Round trip time was 20.887 milliseconds in repetition 398
Round trip time was 21.115 milliseconds in repetition 399
Round trip time was 21.346 milliseconds in repetition 400
Round trip time was 21.224 milliseconds in repetition 401
Round trip time was 21.124 milliseconds in repetition 402
Round trip time was 21.787 milliseconds in repetition 403
Round trip time was 23.722 milliseconds in repetition 404
Round trip time was 21.411 milliseconds in repetition 405
Round trip time was 21.067 milliseconds in repetition 406
Round trip time was 23.090 milliseconds in repetition 407
Round trip time was 21.321 milliseconds in repetition 408
Round trip time was 20.794 milliseconds in repetition 409
Round trip time was 21.525 milliseconds in repetition 410
Round trip time was 20.919 milliseconds in repetition 411
Round trip time was 21.789 milliseconds in repetition 412
Round trip time was 21.551 milliseconds in repetition 413
Round trip time was 21.179 milliseconds in repetition 414
Round trip time was 21.160 milliseconds in repetition 415
Round trip time was 21.040 milliseconds in repetition 416
Round trip time was 21.984 milliseconds in repetition 417
Round trip time was 20.854 milliseconds in repetition 418
Round trip time was 20.826 milliseconds in repetition 419
Round trip time was 20.936 milliseconds in repetition 420
Round trip time was 21.076 milliseconds in repetition 421
Round trip time was 20.959 milliseconds in repetition 422
Round trip time was 20.845 milliseconds in repetition 423
Round trip time was 21.069 milliseconds in repetition 424
Round trip time was 22.834 milliseconds in repetition 425
Round trip time was 21.242 milliseconds in repetition 426
Round trip time was 21.073 milliseconds in repetition 427
Round trip time was 21.139 milliseconds in repetition 428
Round trip time was 21.438 milliseconds in repetition 429
Round trip time was 21.692 milliseconds in repetition 430
Round trip time was 21.563 milliseconds in repetition 431
Round trip time was 21.622 milliseconds in repetition 432
Round trip time was 21.351 milliseconds in repetition 433
Round trip time was 21.453 milliseconds in repetition 434
Round trip time was 21.368 milliseconds in repetition 435
Round trip time was 21.180 milliseconds in repetition 436
Round trip time was 22.728 milliseconds in repetition 437
Round trip time was 22.111 milliseconds in repetition 438
Round trip time was 22.656 milliseconds in repetition 439
Round trip time was 21.908 milliseconds in repetition 440
Round trip time was 21.819 milliseconds in repetition 441
Round trip time was 22.927 milliseconds in repetition 442
Round trip time was 22.186 milliseconds in repetition 443
Round trip time was 22.067 milliseconds in repetition 444
Round trip time was 21.970 milliseconds in repetition 445
Round trip time was 23.967 milliseconds in repetition 446
Round trip time was 22.244 milliseconds in repetition 447
Round trip time was 21.697 milliseconds in repetition 448
Round trip time was 22.904 milliseconds in repetition 449
Round trip time was 22.000 milliseconds in repetition 450
Round trip time was 20.927 milliseconds in repetition 451
Round trip time was 21.151 milliseconds in repetition 452
Round trip time was 20.775 milliseconds in repetition 453
Round trip time was 20.913 milliseconds in repetition 454
Round trip time was 20.885 milliseconds in repetition 455
Round trip time was 20.624 milliseconds in repetition 456
Round trip time was 20.989 milliseconds in repetition 457
Round trip time was 20.862 milliseconds in repetition 458
Round trip time was 21.345 milliseconds in repetition 459
Round trip time was 20.685 milliseconds in repetition 460
Round trip time was 28.275 milliseconds in repetition 461
Round trip time was 21.074 milliseconds in repetition 462
Round trip time was 26.684 milliseconds in repetition 463
Round trip time was 21.253 milliseconds in repetition 464
Round trip time was 23.838 milliseconds in repetition 465
Round trip time was 21.500 milliseconds in repetition 466
Round trip time was 21.582 milliseconds in repetition 467
Round trip time was 23.591 milliseconds in repetition 468
Round trip time was 21.603 milliseconds in repetition 469
Round trip time was 21.552 milliseconds in repetition 470
Round trip time was 21.644 milliseconds in repetition 471
Round trip time was 21.516 milliseconds in repetition 472
Round trip time was 21.315 milliseconds in repetition 473
Round trip time was 23.041 milliseconds in repetition 474
Round trip time was 21.044 milliseconds in repetition 475
Round trip time was 21.365 milliseconds in repetition 476
Round trip time was 21.370 milliseconds in repetition 477
Round trip time was 22.167 milliseconds in repetition 478
Round trip time was 21.283 milliseconds in repetition 479
Round trip time was 21.042 milliseconds in repetition 480
Round trip time was 21.129 milliseconds in repetition 481
Round trip time was 21.423 milliseconds in repetition 482
Round trip time was 22.714 milliseconds in repetition 483
Round trip time was 21.815 milliseconds in repetition 484
Round trip time was 21.676 milliseconds in repetition 485
Round trip time was 21.159 milliseconds in repetition 486
Round trip time was 21.976 milliseconds in repetition 487
Round trip time was 20.934 milliseconds in repetition 488
Round trip time was 20.986 milliseconds in repetition 489
Round trip time was 21.111 milliseconds in repetition 490
Round trip time was 21.697 milliseconds in repetition 491
Round trip time was 21.614 milliseconds in repetition 492
Round trip time was 21.391 milliseconds in repetition 493
Round trip time was 21.703 milliseconds in repetition 494
Round trip time was 21.605 milliseconds in repetition 495
Round trip time was 21.463 milliseconds in repetition 496
Round trip time was 21.546 milliseconds in repetition 497
Round trip time was 23.228 milliseconds in repetition 498
Round trip time was 21.438 milliseconds in repetition 499
Round trip time was 21.258 milliseconds in repetition 500
Round trip time was 21.614 milliseconds in repetition 501

 ... clock resolution was 1e-06
UDP Ping:  Statistics over 501 repetitions of 768 byte messages

RTT : percentile 10: 20.8621, median: 21.222, percentile 90: 22.2439, average: 21.5514, variance: 1.7619

RTT histogram:
20.6244 120
21.2971 254
21.9699 80
22.6426 19
23.3154 11
23.9881 4
24.6609 0
25.3336 3
26.0064 2
26.6791 2
27.3518 1
28.0246 1
28.6973 0
29.3701 0
30.0428 1
30.7156 0
31.3883 0
32.0611 1
32.7338 0
33.4065 0
34.0793 2

   median Throughput : 72.3776 KB/s   overall Throughput : 71.2714 KB/s

