UDP Ping trying to connect to server seti.dibris.unige.it (130.251.61.30) on TCP port 1491
 ... connected to Pong server: asking for 501 repetitions of 384 _bytes UDP messages
 ... Pong server agreed to ping-pong using port 49152 :-)
Round trip time was 29.183 milliseconds in repetition 1
Round trip time was 22.667 milliseconds in repetition 2
Round trip time was 23.025 milliseconds in repetition 3
Round trip time was 23.007 milliseconds in repetition 4
Round trip time was 22.972 milliseconds in repetition 5
Round trip time was 23.043 milliseconds in repetition 6
Round trip time was 22.972 milliseconds in repetition 7
Round trip time was 22.753 milliseconds in repetition 8
Round trip time was 22.754 milliseconds in repetition 9
Round trip time was 23.313 milliseconds in repetition 10
Round trip time was 22.520 milliseconds in repetition 11
Round trip time was 22.490 milliseconds in repetition 12
Round trip time was 22.490 milliseconds in repetition 13
Round trip time was 22.523 milliseconds in repetition 14
Round trip time was 22.635 milliseconds in repetition 15
Round trip time was 23.044 milliseconds in repetition 16
Round trip time was 23.154 milliseconds in repetition 17
Round trip time was 22.807 milliseconds in repetition 18
Round trip time was 22.747 milliseconds in repetition 19
Round trip time was 22.438 milliseconds in repetition 20
Round trip time was 22.123 milliseconds in repetition 21
Round trip time was 21.941 milliseconds in repetition 22
Round trip time was 21.884 milliseconds in repetition 23
Round trip time was 21.923 milliseconds in repetition 24
Round trip time was 21.865 milliseconds in repetition 25
Round trip time was 22.082 milliseconds in repetition 26
Round trip time was 22.216 milliseconds in repetition 27
Round trip time was 23.507 milliseconds in repetition 28
Round trip time was 22.005 milliseconds in repetition 29
Round trip time was 21.903 milliseconds in repetition 30
Round trip time was 22.229 milliseconds in repetition 31
Round trip time was 21.837 milliseconds in repetition 32
Round trip time was 22.263 milliseconds in repetition 33
Round trip time was 22.084 milliseconds in repetition 34
Round trip time was 21.894 milliseconds in repetition 35
Round trip time was 22.098 milliseconds in repetition 36
Round trip time was 21.844 milliseconds in repetition 37
Round trip time was 21.959 milliseconds in repetition 38
Round trip time was 22.171 milliseconds in repetition 39
Round trip time was 22.038 milliseconds in repetition 40
Round trip time was 22.154 milliseconds in repetition 41
Round trip time was 22.284 milliseconds in repetition 42
Round trip time was 21.965 milliseconds in repetition 43
Round trip time was 22.115 milliseconds in repetition 44
Round trip time was 22.029 milliseconds in repetition 45
Round trip time was 22.018 milliseconds in repetition 46
Round trip time was 22.018 milliseconds in repetition 47
Round trip time was 21.979 milliseconds in repetition 48
Round trip time was 22.023 milliseconds in repetition 49
Round trip time was 21.996 milliseconds in repetition 50
Round trip time was 22.249 milliseconds in repetition 51
Round trip time was 22.661 milliseconds in repetition 52
Round trip time was 22.223 milliseconds in repetition 53
Round trip time was 22.148 milliseconds in repetition 54
Round trip time was 22.254 milliseconds in repetition 55
Round trip time was 22.085 milliseconds in repetition 56
Round trip time was 22.101 milliseconds in repetition 57
Round trip time was 22.123 milliseconds in repetition 58
Round trip time was 22.150 milliseconds in repetition 59
Round trip time was 21.983 milliseconds in repetition 60
Round trip time was 22.026 milliseconds in repetition 61
Round trip time was 22.216 milliseconds in repetition 62
Round trip time was 22.016 milliseconds in repetition 63
Round trip time was 22.020 milliseconds in repetition 64
Round trip time was 21.904 milliseconds in repetition 65
Round trip time was 22.136 milliseconds in repetition 66
Round trip time was 22.007 milliseconds in repetition 67
Round trip time was 21.954 milliseconds in repetition 68
Round trip time was 21.780 milliseconds in repetition 69
Round trip time was 21.993 milliseconds in repetition 70
Round trip time was 22.311 milliseconds in repetition 71
Round trip time was 22.056 milliseconds in repetition 72
Round trip time was 21.997 milliseconds in repetition 73
Round trip time was 22.054 milliseconds in repetition 74
Round trip time was 22.126 milliseconds in repetition 75
Round trip time was 21.975 milliseconds in repetition 76
Round trip time was 22.047 milliseconds in repetition 77
Round trip time was 21.876 milliseconds in repetition 78
Round trip time was 21.858 milliseconds in repetition 79
Round trip time was 22.058 milliseconds in repetition 80
Round trip time was 22.248 milliseconds in repetition 81
Round trip time was 22.955 milliseconds in repetition 82
Round trip time was 22.376 milliseconds in repetition 83
Round trip time was 22.411 milliseconds in repetition 84
Round trip time was 22.469 milliseconds in repetition 85
Round trip time was 22.794 milliseconds in repetition 86
Round trip time was 22.130 milliseconds in repetition 87
Round trip time was 23.104 milliseconds in repetition 88
Round trip time was 22.340 milliseconds in repetition 89
Round trip time was 22.441 milliseconds in repetition 90
Round trip time was 22.161 milliseconds in repetition 91
Round trip time was 21.888 milliseconds in repetition 92
Round trip time was 22.107 milliseconds in repetition 93
Round trip time was 21.930 milliseconds in repetition 94
Round trip time was 22.079 milliseconds in repetition 95
Round trip time was 22.008 milliseconds in repetition 96
Round trip time was 22.076 milliseconds in repetition 97
Round trip time was 22.830 milliseconds in repetition 98
Round trip time was 22.027 milliseconds in repetition 99
Round trip time was 22.557 milliseconds in repetition 100
Round trip time was 22.449 milliseconds in repetition 101
Round trip time was 22.066 milliseconds in repetition 102
Round trip time was 22.094 milliseconds in repetition 103
Round trip time was 22.171 milliseconds in repetition 104
Round trip time was 21.852 milliseconds in repetition 105
Round trip time was 21.958 milliseconds in repetition 106
Round trip time was 22.176 milliseconds in repetition 107
Round trip time was 21.875 milliseconds in repetition 108
Round trip time was 21.934 milliseconds in repetition 109
Round trip time was 22.063 milliseconds in repetition 110
Round trip time was 22.018 milliseconds in repetition 111
Round trip time was 22.213 milliseconds in repetition 112
Round trip time was 21.933 milliseconds in repetition 113
Round trip time was 22.127 milliseconds in repetition 114
Round trip time was 21.866 milliseconds in repetition 115
Round trip time was 22.045 milliseconds in repetition 116
Round trip time was 22.034 milliseconds in repetition 117
Round trip time was 21.977 milliseconds in repetition 118
Round trip time was 22.231 milliseconds in repetition 119
Round trip time was 22.004 milliseconds in repetition 120
Round trip time was 22.061 milliseconds in repetition 121
Round trip time was 21.961 milliseconds in repetition 122
Round trip time was 21.953 milliseconds in repetition 123
Round trip time was 22.201 milliseconds in repetition 124
Round trip time was 22.432 milliseconds in repetition 125
Round trip time was 22.379 milliseconds in repetition 126
Round trip time was 22.105 milliseconds in repetition 127
Round trip time was 22.211 milliseconds in repetition 128
Round trip time was 21.965 milliseconds in repetition 129
Round trip time was 21.985 milliseconds in repetition 130
Round trip time was 22.478 milliseconds in repetition 131
Round trip time was 22.051 milliseconds in repetition 132
Round trip time was 21.882 milliseconds in repetition 133
Round trip time was 22.047 milliseconds in repetition 134
Round trip time was 22.004 milliseconds in repetition 135
Round trip time was 21.851 milliseconds in repetition 136
Round trip time was 21.873 milliseconds in repetition 137
Round trip time was 22.690 milliseconds in repetition 138
Round trip time was 22.717 milliseconds in repetition 139
Round trip time was 23.238 milliseconds in repetition 140
Round trip time was 24.157 milliseconds in repetition 141
Round trip time was 22.145 milliseconds in repetition 142
Round trip time was 23.460 milliseconds in repetition 143
Round trip time was 23.100 milliseconds in repetition 144
Round trip time was 22.978 milliseconds in repetition 145
Round trip time was 22.141 milliseconds in repetition 146
Round trip time was 22.297 milliseconds in repetition 147
Round trip time was 21.853 milliseconds in repetition 148
Round trip time was 22.142 milliseconds in repetition 149
Round trip time was 22.209 milliseconds in repetition 150
Round trip time was 24.692 milliseconds in repetition 151
Round trip time was 21.959 milliseconds in repetition 152
Round trip time was 23.732 milliseconds in repetition 153
Round trip time was 21.754 milliseconds in repetition 154
Round trip time was 22.346 milliseconds in repetition 155
Round trip time was 23.436 milliseconds in repetition 156
Round trip time was 22.446 milliseconds in repetition 157
Round trip time was 22.291 milliseconds in repetition 158
Round trip time was 21.978 milliseconds in repetition 159
Round trip time was 22.036 milliseconds in repetition 160
Round trip time was 22.922 milliseconds in repetition 161
Round trip time was 23.021 milliseconds in repetition 162
Round trip time was 22.811 milliseconds in repetition 163
Round trip time was 22.152 milliseconds in repetition 164
Round trip time was 22.314 milliseconds in repetition 165
Round trip time was 22.752 milliseconds in repetition 166
Round trip time was 22.845 milliseconds in repetition 167
Round trip time was 22.277 milliseconds in repetition 168
Round trip time was 22.900 milliseconds in repetition 169
Round trip time was 22.180 milliseconds in repetition 170
Round trip time was 40.234 milliseconds in repetition 171
Round trip time was 24.080 milliseconds in repetition 172
Round trip time was 25.508 milliseconds in repetition 173
Round trip time was 31.523 milliseconds in repetition 174
Round trip time was 49.209 milliseconds in repetition 175
Round trip time was 64.002 milliseconds in repetition 176
Round trip time was 37.012 milliseconds in repetition 177
Round trip time was 130.692 milliseconds in repetition 178
Round trip time was 36.237 milliseconds in repetition 179
Round trip time was 23.472 milliseconds in repetition 180
Round trip time was 22.240 milliseconds in repetition 181
Round trip time was 22.313 milliseconds in repetition 182
Round trip time was 22.013 milliseconds in repetition 183
Round trip time was 22.010 milliseconds in repetition 184
Round trip time was 22.097 milliseconds in repetition 185
Round trip time was 22.006 milliseconds in repetition 186
Round trip time was 22.081 milliseconds in repetition 187
Round trip time was 22.064 milliseconds in repetition 188
Round trip time was 21.908 milliseconds in repetition 189
Round trip time was 22.104 milliseconds in repetition 190
Round trip time was 21.878 milliseconds in repetition 191
Round trip time was 22.029 milliseconds in repetition 192
Round trip time was 22.035 milliseconds in repetition 193
Round trip time was 22.353 milliseconds in repetition 194
Round trip time was 22.015 milliseconds in repetition 195
Round trip time was 21.921 milliseconds in repetition 196
Round trip time was 21.969 milliseconds in repetition 197
Round trip time was 21.902 milliseconds in repetition 198
Round trip time was 22.008 milliseconds in repetition 199
Round trip time was 21.966 milliseconds in repetition 200
Round trip time was 21.830 milliseconds in repetition 201
Round trip time was 21.939 milliseconds in repetition 202
Round trip time was 22.077 milliseconds in repetition 203
Round trip time was 22.009 milliseconds in repetition 204
Round trip time was 22.057 milliseconds in repetition 205
Round trip time was 21.868 milliseconds in repetition 206
Round trip time was 22.421 milliseconds in repetition 207
Round trip time was 22.149 milliseconds in repetition 208
Round trip time was 22.020 milliseconds in repetition 209
Round trip time was 22.112 milliseconds in repetition 210
Round trip time was 21.981 milliseconds in repetition 211
Round trip time was 22.025 milliseconds in repetition 212
Round trip time was 21.890 milliseconds in repetition 213
Round trip time was 21.793 milliseconds in repetition 214
Round trip time was 21.892 milliseconds in repetition 215
Round trip time was 21.838 milliseconds in repetition 216
Round trip time was 22.012 milliseconds in repetition 217
Round trip time was 22.013 milliseconds in repetition 218
Round trip time was 22.042 milliseconds in repetition 219
Round trip time was 21.887 milliseconds in repetition 220
Round trip time was 22.281 milliseconds in repetition 221
Round trip time was 22.138 milliseconds in repetition 222
Round trip time was 22.217 milliseconds in repetition 223
Round trip time was 22.328 milliseconds in repetition 224
Round trip time was 22.411 milliseconds in repetition 225
Round trip time was 21.781 milliseconds in repetition 226
Round trip time was 22.113 milliseconds in repetition 227
Round trip time was 22.049 milliseconds in repetition 228
Round trip time was 21.946 milliseconds in repetition 229
Round trip time was 22.082 milliseconds in repetition 230
Round trip time was 21.918 milliseconds in repetition 231
Round trip time was 21.975 milliseconds in repetition 232
Round trip time was 22.011 milliseconds in repetition 233
Round trip time was 22.130 milliseconds in repetition 234
Round trip time was 22.243 milliseconds in repetition 235
Round trip time was 24.436 milliseconds in repetition 236
Round trip time was 22.327 milliseconds in repetition 237
Round trip time was 22.120 milliseconds in repetition 238
Round trip time was 21.782 milliseconds in repetition 239
Round trip time was 22.270 milliseconds in repetition 240
Round trip time was 22.296 milliseconds in repetition 241
Round trip time was 22.637 milliseconds in repetition 242
Round trip time was 22.142 milliseconds in repetition 243
Round trip time was 22.151 milliseconds in repetition 244
Round trip time was 21.919 milliseconds in repetition 245
Round trip time was 24.223 milliseconds in repetition 246
Round trip time was 21.953 milliseconds in repetition 247
Round trip time was 22.087 milliseconds in repetition 248
Round trip time was 22.060 milliseconds in repetition 249
Round trip time was 21.867 milliseconds in repetition 250
Round trip time was 21.994 milliseconds in repetition 251
Round trip time was 22.024 milliseconds in repetition 252
Round trip time was 22.041 milliseconds in repetition 253
Round trip time was 21.975 milliseconds in repetition 254
Round trip time was 22.117 milliseconds in repetition 255
Round trip time was 22.254 milliseconds in repetition 256
Round trip time was 22.215 milliseconds in repetition 257
Round trip time was 22.413 milliseconds in repetition 258
Round trip time was 22.327 milliseconds in repetition 259
Round trip time was 22.154 milliseconds in repetition 260
Round trip time was 21.993 milliseconds in repetition 261
Round trip time was 21.980 milliseconds in repetition 262
Round trip time was 22.035 milliseconds in repetition 263
Round trip time was 22.147 milliseconds in repetition 264
Round trip time was 22.281 milliseconds in repetition 265
Round trip time was 22.025 milliseconds in repetition 266
Round trip time was 22.580 milliseconds in repetition 267
Round trip time was 22.625 milliseconds in repetition 268
Round trip time was 22.662 milliseconds in repetition 269
Round trip time was 23.156 milliseconds in repetition 270
Round trip time was 22.154 milliseconds in repetition 271
Round trip time was 21.963 milliseconds in repetition 272
Round trip time was 22.014 milliseconds in repetition 273
Round trip time was 21.971 milliseconds in repetition 274
Round trip time was 21.990 milliseconds in repetition 275
Round trip time was 21.777 milliseconds in repetition 276
Round trip time was 21.954 milliseconds in repetition 277
Round trip time was 21.877 milliseconds in repetition 278
Round trip time was 22.025 milliseconds in repetition 279
Round trip time was 21.981 milliseconds in repetition 280
Round trip time was 21.996 milliseconds in repetition 281
Round trip time was 21.812 milliseconds in repetition 282
Round trip time was 22.917 milliseconds in repetition 283
Round trip time was 22.930 milliseconds in repetition 284
Round trip time was 22.789 milliseconds in repetition 285
Round trip time was 23.040 milliseconds in repetition 286
Round trip time was 23.393 milliseconds in repetition 287
Round trip time was 22.641 milliseconds in repetition 288
Round trip time was 23.111 milliseconds in repetition 289
Round trip time was 21.998 milliseconds in repetition 290
Round trip time was 22.987 milliseconds in repetition 291
Round trip time was 22.715 milliseconds in repetition 292
Round trip time was 22.338 milliseconds in repetition 293
Round trip time was 21.884 milliseconds in repetition 294
Round trip time was 22.209 milliseconds in repetition 295
Round trip time was 22.293 milliseconds in repetition 296
Round trip time was 23.158 milliseconds in repetition 297
Round trip time was 22.800 milliseconds in repetition 298
Round trip time was 22.667 milliseconds in repetition 299
Round trip time was 22.111 milliseconds in repetition 300
Round trip time was 22.223 milliseconds in repetition 301
Round trip time was 22.097 milliseconds in repetition 302
Round trip time was 21.930 milliseconds in repetition 303
Round trip time was 22.140 milliseconds in repetition 304
Round trip time was 21.787 milliseconds in repetition 305
Round trip time was 22.218 milliseconds in repetition 306
Round trip time was 21.967 milliseconds in repetition 307
Round trip time was 21.867 milliseconds in repetition 308
Round trip time was 22.325 milliseconds in repetition 309
Round trip time was 22.463 milliseconds in repetition 310
Round trip time was 22.307 milliseconds in repetition 311
Round trip time was 22.481 milliseconds in repetition 312
Round trip time was 22.439 milliseconds in repetition 313
Round trip time was 22.093 milliseconds in repetition 314
Round trip time was 21.787 milliseconds in repetition 315
Round trip time was 22.040 milliseconds in repetition 316
Round trip time was 22.037 milliseconds in repetition 317
Round trip time was 21.878 milliseconds in repetition 318
Round trip time was 23.828 milliseconds in repetition 319
Round trip time was 22.450 milliseconds in repetition 320
Round trip time was 21.911 milliseconds in repetition 321
Round trip time was 22.141 milliseconds in repetition 322
Round trip time was 22.708 milliseconds in repetition 323
Round trip time was 22.171 milliseconds in repetition 324
Round trip time was 22.157 milliseconds in repetition 325
Round trip time was 21.966 milliseconds in repetition 326
Round trip time was 21.841 milliseconds in repetition 327
Round trip time was 22.129 milliseconds in repetition 328
Round trip time was 22.052 milliseconds in repetition 329
Round trip time was 21.872 milliseconds in repetition 330
Round trip time was 22.015 milliseconds in repetition 331
Round trip time was 22.046 milliseconds in repetition 332
Round trip time was 22.015 milliseconds in repetition 333
Round trip time was 21.788 milliseconds in repetition 334
Round trip time was 21.942 milliseconds in repetition 335
Round trip time was 22.094 milliseconds in repetition 336
Round trip time was 22.059 milliseconds in repetition 337
Round trip time was 22.054 milliseconds in repetition 338
Round trip time was 22.011 milliseconds in repetition 339
Round trip time was 21.974 milliseconds in repetition 340
Round trip time was 22.098 milliseconds in repetition 341
Round trip time was 21.951 milliseconds in repetition 342
Round trip time was 22.126 milliseconds in repetition 343
Round trip time was 22.336 milliseconds in repetition 344
Round trip time was 22.623 milliseconds in repetition 345
Round trip time was 23.236 milliseconds in repetition 346
Round trip time was 22.238 milliseconds in repetition 347
Round trip time was 22.133 milliseconds in repetition 348
Round trip time was 22.011 milliseconds in repetition 349
Round trip time was 24.337 milliseconds in repetition 350
Round trip time was 22.205 milliseconds in repetition 351
Round trip time was 22.449 milliseconds in repetition 352
Round trip time was 22.252 milliseconds in repetition 353
Round trip time was 22.650 milliseconds in repetition 354
Round trip time was 22.615 milliseconds in repetition 355
Round trip time was 22.295 milliseconds in repetition 356
Round trip time was 23.514 milliseconds in repetition 357
Round trip time was 22.638 milliseconds in repetition 358
Round trip time was 23.500 milliseconds in repetition 359
Round trip time was 24.156 milliseconds in repetition 360
Round trip time was 22.841 milliseconds in repetition 361
Round trip time was 23.537 milliseconds in repetition 362
Round trip time was 23.542 milliseconds in repetition 363
Round trip time was 22.777 milliseconds in repetition 364
Round trip time was 25.985 milliseconds in repetition 365
Round trip time was 23.163 milliseconds in repetition 366
Round trip time was 22.132 milliseconds in repetition 367
Round trip time was 22.187 milliseconds in repetition 368
Round trip time was 22.064 milliseconds in repetition 369
Round trip time was 21.947 milliseconds in repetition 370
Round trip time was 22.059 milliseconds in repetition 371
Round trip time was 22.462 milliseconds in repetition 372
Round trip time was 21.978 milliseconds in repetition 373
Round trip time was 21.976 milliseconds in repetition 374
Round trip time was 22.006 milliseconds in repetition 375
Round trip time was 22.006 milliseconds in repetition 376
Round trip time was 22.148 milliseconds in repetition 377
Round trip time was 21.866 milliseconds in repetition 378
Round trip time was 21.961 milliseconds in repetition 379
Round trip time was 22.080 milliseconds in repetition 380
Round trip time was 21.868 milliseconds in repetition 381
Round trip time was 22.043 milliseconds in repetition 382
Round trip time was 22.060 milliseconds in repetition 383
Round trip time was 22.022 milliseconds in repetition 384
Round trip time was 22.176 milliseconds in repetition 385
Round trip time was 21.904 milliseconds in repetition 386
Round trip time was 22.112 milliseconds in repetition 387
Round trip time was 21.937 milliseconds in repetition 388
Round trip time was 22.042 milliseconds in repetition 389
Round trip time was 22.026 milliseconds in repetition 390
Round trip time was 22.048 milliseconds in repetition 391
Round trip time was 22.193 milliseconds in repetition 392
Round trip time was 21.895 milliseconds in repetition 393
Round trip time was 22.055 milliseconds in repetition 394
Round trip time was 21.938 milliseconds in repetition 395
Round trip time was 22.250 milliseconds in repetition 396
Round trip time was 22.112 milliseconds in repetition 397
Round trip time was 22.277 milliseconds in repetition 398
Round trip time was 22.133 milliseconds in repetition 399
Round trip time was 21.870 milliseconds in repetition 400
Round trip time was 22.365 milliseconds in repetition 401
Round trip time was 22.346 milliseconds in repetition 402
Round trip time was 22.229 milliseconds in repetition 403
Round trip time was 22.236 milliseconds in repetition 404
Round trip time was 22.164 milliseconds in repetition 405
Round trip time was 21.900 milliseconds in repetition 406
Round trip time was 22.033 milliseconds in repetition 407
Round trip time was 21.951 milliseconds in repetition 408
Round trip time was 22.094 milliseconds in repetition 409
Round trip time was 21.954 milliseconds in repetition 410
Round trip time was 24.488 milliseconds in repetition 411
Round trip time was 22.983 milliseconds in repetition 412
Round trip time was 23.350 milliseconds in repetition 413
Round trip time was 21.990 milliseconds in repetition 414
Round trip time was 22.195 milliseconds in repetition 415
Round trip time was 22.288 milliseconds in repetition 416
Round trip time was 21.991 milliseconds in repetition 417
Round trip time was 22.085 milliseconds in repetition 418
Round trip time was 21.936 milliseconds in repetition 419
Round trip time was 22.003 milliseconds in repetition 420
Round trip time was 22.253 milliseconds in repetition 421
Round trip time was 22.434 milliseconds in repetition 422
Round trip time was 22.115 milliseconds in repetition 423
Round trip time was 22.237 milliseconds in repetition 424
Round trip time was 21.867 milliseconds in repetition 425
Round trip time was 22.442 milliseconds in repetition 426
Round trip time was 21.902 milliseconds in repetition 427
Round trip time was 21.961 milliseconds in repetition 428
Round trip time was 21.899 milliseconds in repetition 429
Round trip time was 22.779 milliseconds in repetition 430
Round trip time was 22.151 milliseconds in repetition 431
Round trip time was 21.878 milliseconds in repetition 432
Round trip time was 21.930 milliseconds in repetition 433
Round trip time was 22.172 milliseconds in repetition 434
Round trip time was 21.918 milliseconds in repetition 435
Round trip time was 21.934 milliseconds in repetition 436
Round trip time was 22.149 milliseconds in repetition 437
Round trip time was 22.123 milliseconds in repetition 438
Round trip time was 21.956 milliseconds in repetition 439
Round trip time was 22.045 milliseconds in repetition 440
Round trip time was 22.063 milliseconds in repetition 441
Round trip time was 22.726 milliseconds in repetition 442
Round trip time was 22.190 milliseconds in repetition 443
Round trip time was 21.969 milliseconds in repetition 444
Round trip time was 21.889 milliseconds in repetition 445
Round trip time was 23.555 milliseconds in repetition 446
Round trip time was 22.060 milliseconds in repetition 447
Round trip time was 22.221 milliseconds in repetition 448
Round trip time was 21.986 milliseconds in repetition 449
Round trip time was 22.081 milliseconds in repetition 450
Round trip time was 21.963 milliseconds in repetition 451
Round trip time was 21.884 milliseconds in repetition 452
Round trip time was 22.116 milliseconds in repetition 453
Round trip time was 22.106 milliseconds in repetition 454
Round trip time was 22.071 milliseconds in repetition 455
Round trip time was 22.037 milliseconds in repetition 456
Round trip time was 21.981 milliseconds in repetition 457
Round trip time was 22.179 milliseconds in repetition 458
Round trip time was 22.262 milliseconds in repetition 459
Round trip time was 22.153 milliseconds in repetition 460
Round trip time was 22.454 milliseconds in repetition 461
Round trip time was 21.946 milliseconds in repetition 462
Round trip time was 21.982 milliseconds in repetition 463
Round trip time was 21.981 milliseconds in repetition 464
Round trip time was 22.515 milliseconds in repetition 465
Round trip time was 21.973 milliseconds in repetition 466
Round trip time was 22.356 milliseconds in repetition 467
Round trip time was 21.880 milliseconds in repetition 468
Round trip time was 22.013 milliseconds in repetition 469
Round trip time was 22.051 milliseconds in repetition 470
Round trip time was 21.947 milliseconds in repetition 471
Round trip time was 21.965 milliseconds in repetition 472
Round trip time was 22.013 milliseconds in repetition 473
Round trip time was 22.099 milliseconds in repetition 474
Round trip time was 21.994 milliseconds in repetition 475
Round trip time was 21.877 milliseconds in repetition 476
Round trip time was 22.639 milliseconds in repetition 477
Round trip time was 22.295 milliseconds in repetition 478
Round trip time was 22.230 milliseconds in repetition 479
Round trip time was 22.194 milliseconds in repetition 480
Round trip time was 22.184 milliseconds in repetition 481
Round trip time was 22.374 milliseconds in repetition 482
Round trip time was 22.176 milliseconds in repetition 483
Round trip time was 21.910 milliseconds in repetition 484
Round trip time was 21.982 milliseconds in repetition 485
Round trip time was 22.041 milliseconds in repetition 486
Round trip time was 21.893 milliseconds in repetition 487
Round trip time was 22.033 milliseconds in repetition 488
Round trip time was 22.394 milliseconds in repetition 489
Round trip time was 22.267 milliseconds in repetition 490
Round trip time was 22.250 milliseconds in repetition 491
Round trip time was 22.213 milliseconds in repetition 492
Round trip time was 22.206 milliseconds in repetition 493
Round trip time was 22.122 milliseconds in repetition 494
Round trip time was 22.105 milliseconds in repetition 495
Round trip time was 21.887 milliseconds in repetition 496
Round trip time was 21.905 milliseconds in repetition 497
Round trip time was 21.942 milliseconds in repetition 498
Round trip time was 22.374 milliseconds in repetition 499
Round trip time was 22.115 milliseconds in repetition 500
Round trip time was 22.050 milliseconds in repetition 501

 ... clock resolution was 1e-06
UDP Ping:  Statistics over 501 repetitions of 384 byte messages

RTT : percentile 10: 21.8952, median: 22.106, percentile 90: 22.9725, average: 22.7451, variance: 30.2112

RTT histogram:
21.7542 489
27.2011 5
32.648 1
38.0949 3
43.5418 0
48.9887 1
54.4355 0
59.8824 0
65.3293 1
70.7762 0
76.2231 0
81.67 0
87.1169 0
92.5638 0
98.0107 0
103.458 0
108.904 0
114.351 0
119.798 0
125.245 0
130.692 1

   median Throughput : 34.7417 KB/s   overall Throughput : 33.7655 KB/s

