UDP Ping trying to connect to server seti.dibris.unige.it (130.251.61.30) on TCP port 1491
 ... connected to Pong server: asking for 501 repetitions of 1024 _bytes UDP messages
 ... Pong server agreed to ping-pong using port 49152 :-)
Round trip time was 38.236 milliseconds in repetition 1
Round trip time was 22.981 milliseconds in repetition 2
Round trip time was 23.063 milliseconds in repetition 3
Round trip time was 22.950 milliseconds in repetition 4
Round trip time was 25.028 milliseconds in repetition 5
Round trip time was 23.428 milliseconds in repetition 6
Round trip time was 23.329 milliseconds in repetition 7
Round trip time was 23.243 milliseconds in repetition 8
Round trip time was 23.174 milliseconds in repetition 9
Round trip time was 23.564 milliseconds in repetition 10
Round trip time was 23.223 milliseconds in repetition 11
Round trip time was 24.925 milliseconds in repetition 12
Round trip time was 23.561 milliseconds in repetition 13
Round trip time was 23.509 milliseconds in repetition 14
Round trip time was 23.753 milliseconds in repetition 15
Round trip time was 23.593 milliseconds in repetition 16
Round trip time was 23.177 milliseconds in repetition 17
Round trip time was 23.668 milliseconds in repetition 18
Round trip time was 23.156 milliseconds in repetition 19
Round trip time was 22.763 milliseconds in repetition 20
Round trip time was 22.598 milliseconds in repetition 21
Round trip time was 22.237 milliseconds in repetition 22
Round trip time was 22.349 milliseconds in repetition 23
Round trip time was 22.404 milliseconds in repetition 24
Round trip time was 22.487 milliseconds in repetition 25
Round trip time was 22.685 milliseconds in repetition 26
Round trip time was 22.491 milliseconds in repetition 27
Round trip time was 22.543 milliseconds in repetition 28
Round trip time was 22.262 milliseconds in repetition 29
Round trip time was 22.377 milliseconds in repetition 30
Round trip time was 22.455 milliseconds in repetition 31
Round trip time was 22.345 milliseconds in repetition 32
Round trip time was 22.270 milliseconds in repetition 33
Round trip time was 23.101 milliseconds in repetition 34
Round trip time was 23.304 milliseconds in repetition 35
Round trip time was 22.768 milliseconds in repetition 36
Round trip time was 22.294 milliseconds in repetition 37
Round trip time was 22.220 milliseconds in repetition 38
Round trip time was 22.827 milliseconds in repetition 39
Round trip time was 22.463 milliseconds in repetition 40
Round trip time was 22.790 milliseconds in repetition 41
Round trip time was 25.037 milliseconds in repetition 42
Round trip time was 22.629 milliseconds in repetition 43
Round trip time was 22.247 milliseconds in repetition 44
Round trip time was 22.646 milliseconds in repetition 45
Round trip time was 25.885 milliseconds in repetition 46
Round trip time was 22.417 milliseconds in repetition 47
Round trip time was 22.761 milliseconds in repetition 48
Round trip time was 23.177 milliseconds in repetition 49
Round trip time was 23.171 milliseconds in repetition 50
Round trip time was 23.020 milliseconds in repetition 51
Round trip time was 23.643 milliseconds in repetition 52
Round trip time was 22.416 milliseconds in repetition 53
Round trip time was 22.368 milliseconds in repetition 54
Round trip time was 22.550 milliseconds in repetition 55
Round trip time was 22.332 milliseconds in repetition 56
Round trip time was 29.203 milliseconds in repetition 57
Round trip time was 31.447 milliseconds in repetition 58
Round trip time was 22.419 milliseconds in repetition 59
Round trip time was 22.602 milliseconds in repetition 60
Round trip time was 23.504 milliseconds in repetition 61
Round trip time was 22.629 milliseconds in repetition 62
Round trip time was 22.261 milliseconds in repetition 63
Round trip time was 23.324 milliseconds in repetition 64
Round trip time was 26.854 milliseconds in repetition 65
Round trip time was 22.297 milliseconds in repetition 66
Round trip time was 22.432 milliseconds in repetition 67
Round trip time was 23.966 milliseconds in repetition 68
Round trip time was 23.999 milliseconds in repetition 69
Round trip time was 22.828 milliseconds in repetition 70
Round trip time was 22.805 milliseconds in repetition 71
Round trip time was 22.549 milliseconds in repetition 72
Round trip time was 22.423 milliseconds in repetition 73
Round trip time was 22.682 milliseconds in repetition 74
Round trip time was 22.295 milliseconds in repetition 75
Round trip time was 22.456 milliseconds in repetition 76
Round trip time was 22.250 milliseconds in repetition 77
Round trip time was 22.248 milliseconds in repetition 78
Round trip time was 23.061 milliseconds in repetition 79
Round trip time was 23.182 milliseconds in repetition 80
Round trip time was 22.504 milliseconds in repetition 81
Round trip time was 22.368 milliseconds in repetition 82
Round trip time was 22.528 milliseconds in repetition 83
Round trip time was 22.715 milliseconds in repetition 84
Round trip time was 22.885 milliseconds in repetition 85
Round trip time was 22.818 milliseconds in repetition 86
Round trip time was 25.659 milliseconds in repetition 87
Round trip time was 23.019 milliseconds in repetition 88
Round trip time was 23.032 milliseconds in repetition 89
Round trip time was 22.624 milliseconds in repetition 90
Round trip time was 25.097 milliseconds in repetition 91
Round trip time was 22.341 milliseconds in repetition 92
Round trip time was 22.441 milliseconds in repetition 93
Round trip time was 22.951 milliseconds in repetition 94
Round trip time was 25.193 milliseconds in repetition 95
Round trip time was 26.118 milliseconds in repetition 96
Round trip time was 22.074 milliseconds in repetition 97
Round trip time was 21.934 milliseconds in repetition 98
Round trip time was 21.985 milliseconds in repetition 99
Round trip time was 22.086 milliseconds in repetition 100
Round trip time was 25.143 milliseconds in repetition 101
Round trip time was 22.628 milliseconds in repetition 102
Round trip time was 22.887 milliseconds in repetition 103
Round trip time was 22.340 milliseconds in repetition 104
Round trip time was 23.718 milliseconds in repetition 105
Round trip time was 23.090 milliseconds in repetition 106
Round trip time was 22.577 milliseconds in repetition 107
Round trip time was 23.363 milliseconds in repetition 108
Round trip time was 22.159 milliseconds in repetition 109
Round trip time was 24.800 milliseconds in repetition 110
Round trip time was 32.608 milliseconds in repetition 111
Round trip time was 22.094 milliseconds in repetition 112
Round trip time was 21.966 milliseconds in repetition 113
Round trip time was 22.276 milliseconds in repetition 114
Round trip time was 21.947 milliseconds in repetition 115
Round trip time was 22.086 milliseconds in repetition 116
Round trip time was 22.143 milliseconds in repetition 117
Round trip time was 23.568 milliseconds in repetition 118
Round trip time was 22.597 milliseconds in repetition 119
Round trip time was 22.182 milliseconds in repetition 120
Round trip time was 22.343 milliseconds in repetition 121
Round trip time was 22.395 milliseconds in repetition 122
Round trip time was 22.390 milliseconds in repetition 123
Round trip time was 22.137 milliseconds in repetition 124
Round trip time was 22.211 milliseconds in repetition 125
Round trip time was 23.435 milliseconds in repetition 126
Round trip time was 22.280 milliseconds in repetition 127
Round trip time was 23.154 milliseconds in repetition 128
Round trip time was 22.041 milliseconds in repetition 129
Round trip time was 22.317 milliseconds in repetition 130
Round trip time was 23.196 milliseconds in repetition 131
Round trip time was 23.308 milliseconds in repetition 132
Round trip time was 22.717 milliseconds in repetition 133
Round trip time was 23.179 milliseconds in repetition 134
Round trip time was 22.024 milliseconds in repetition 135
Round trip time was 22.029 milliseconds in repetition 136
Round trip time was 22.035 milliseconds in repetition 137
Round trip time was 23.334 milliseconds in repetition 138
Round trip time was 22.352 milliseconds in repetition 139
Round trip time was 25.153 milliseconds in repetition 140
Round trip time was 24.439 milliseconds in repetition 141
Round trip time was 22.275 milliseconds in repetition 142
Round trip time was 22.669 milliseconds in repetition 143
Round trip time was 22.398 milliseconds in repetition 144
Round trip time was 25.554 milliseconds in repetition 145
Round trip time was 21.803 milliseconds in repetition 146
Round trip time was 22.199 milliseconds in repetition 147
Round trip time was 23.319 milliseconds in repetition 148
Round trip time was 22.660 milliseconds in repetition 149
Round trip time was 22.198 milliseconds in repetition 150
Round trip time was 23.214 milliseconds in repetition 151
Round trip time was 22.036 milliseconds in repetition 152
Round trip time was 23.280 milliseconds in repetition 153
Round trip time was 24.538 milliseconds in repetition 154
Round trip time was 23.047 milliseconds in repetition 155
Round trip time was 22.152 milliseconds in repetition 156
Round trip time was 22.218 milliseconds in repetition 157
Round trip time was 22.026 milliseconds in repetition 158
Round trip time was 22.085 milliseconds in repetition 159
Round trip time was 22.291 milliseconds in repetition 160
Round trip time was 22.176 milliseconds in repetition 161
Round trip time was 22.260 milliseconds in repetition 162
Round trip time was 23.441 milliseconds in repetition 163
Round trip time was 22.532 milliseconds in repetition 164
Round trip time was 22.284 milliseconds in repetition 165
Round trip time was 22.036 milliseconds in repetition 166
Round trip time was 22.479 milliseconds in repetition 167
Round trip time was 23.956 milliseconds in repetition 168
Round trip time was 22.064 milliseconds in repetition 169
Round trip time was 22.025 milliseconds in repetition 170
Round trip time was 21.899 milliseconds in repetition 171
Round trip time was 22.132 milliseconds in repetition 172
Round trip time was 22.270 milliseconds in repetition 173
Round trip time was 22.236 milliseconds in repetition 174
Round trip time was 22.174 milliseconds in repetition 175
Round trip time was 22.130 milliseconds in repetition 176
Round trip time was 22.243 milliseconds in repetition 177
Round trip time was 22.027 milliseconds in repetition 178
Round trip time was 23.272 milliseconds in repetition 179
Round trip time was 22.224 milliseconds in repetition 180
Round trip time was 22.718 milliseconds in repetition 181
Round trip time was 24.158 milliseconds in repetition 182
Round trip time was 22.250 milliseconds in repetition 183
Round trip time was 22.207 milliseconds in repetition 184
Round trip time was 22.054 milliseconds in repetition 185
Round trip time was 22.255 milliseconds in repetition 186
Round trip time was 22.264 milliseconds in repetition 187
Round trip time was 22.067 milliseconds in repetition 188
Round trip time was 22.110 milliseconds in repetition 189
Round trip time was 39.023 milliseconds in repetition 190
Round trip time was 22.088 milliseconds in repetition 191
Round trip time was 22.381 milliseconds in repetition 192
Round trip time was 22.246 milliseconds in repetition 193
Round trip time was 22.207 milliseconds in repetition 194
Round trip time was 22.013 milliseconds in repetition 195
Round trip time was 22.250 milliseconds in repetition 196
Round trip time was 22.195 milliseconds in repetition 197
Round trip time was 22.007 milliseconds in repetition 198
Round trip time was 22.089 milliseconds in repetition 199
Round trip time was 22.411 milliseconds in repetition 200
Round trip time was 21.971 milliseconds in repetition 201
Round trip time was 22.029 milliseconds in repetition 202
Round trip time was 21.999 milliseconds in repetition 203
Round trip time was 21.921 milliseconds in repetition 204
Round trip time was 22.094 milliseconds in repetition 205
Round trip time was 22.648 milliseconds in repetition 206
Round trip time was 22.305 milliseconds in repetition 207
Round trip time was 22.452 milliseconds in repetition 208
Round trip time was 23.529 milliseconds in repetition 209
Round trip time was 22.893 milliseconds in repetition 210
Round trip time was 22.259 milliseconds in repetition 211
Round trip time was 23.259 milliseconds in repetition 212
Round trip time was 22.818 milliseconds in repetition 213
Round trip time was 22.184 milliseconds in repetition 214
Round trip time was 22.064 milliseconds in repetition 215
Round trip time was 22.153 milliseconds in repetition 216
Round trip time was 22.345 milliseconds in repetition 217
Round trip time was 22.803 milliseconds in repetition 218
Round trip time was 21.985 milliseconds in repetition 219
Round trip time was 21.948 milliseconds in repetition 220
Round trip time was 22.815 milliseconds in repetition 221
Round trip time was 21.932 milliseconds in repetition 222
Round trip time was 22.010 milliseconds in repetition 223
Round trip time was 22.514 milliseconds in repetition 224
Round trip time was 22.035 milliseconds in repetition 225
Round trip time was 22.109 milliseconds in repetition 226
Round trip time was 22.334 milliseconds in repetition 227
Round trip time was 22.690 milliseconds in repetition 228
Round trip time was 22.973 milliseconds in repetition 229
Round trip time was 22.089 milliseconds in repetition 230
Round trip time was 24.549 milliseconds in repetition 231
Round trip time was 22.533 milliseconds in repetition 232
Round trip time was 22.705 milliseconds in repetition 233
Round trip time was 22.686 milliseconds in repetition 234
Round trip time was 22.959 milliseconds in repetition 235
Round trip time was 23.292 milliseconds in repetition 236
Round trip time was 22.492 milliseconds in repetition 237
Round trip time was 22.500 milliseconds in repetition 238
Round trip time was 23.013 milliseconds in repetition 239
Round trip time was 23.170 milliseconds in repetition 240
Round trip time was 22.183 milliseconds in repetition 241
Round trip time was 22.363 milliseconds in repetition 242
Round trip time was 22.282 milliseconds in repetition 243
Round trip time was 22.124 milliseconds in repetition 244
Round trip time was 22.342 milliseconds in repetition 245
Round trip time was 22.290 milliseconds in repetition 246
Round trip time was 22.024 milliseconds in repetition 247
Round trip time was 22.075 milliseconds in repetition 248
Round trip time was 25.772 milliseconds in repetition 249
Round trip time was 22.544 milliseconds in repetition 250
Round trip time was 22.434 milliseconds in repetition 251
Round trip time was 22.348 milliseconds in repetition 252
Round trip time was 22.266 milliseconds in repetition 253
Round trip time was 24.904 milliseconds in repetition 254
Round trip time was 22.503 milliseconds in repetition 255
Round trip time was 22.813 milliseconds in repetition 256
Round trip time was 22.657 milliseconds in repetition 257
Round trip time was 23.046 milliseconds in repetition 258
Round trip time was 22.505 milliseconds in repetition 259
Round trip time was 22.469 milliseconds in repetition 260
Round trip time was 22.268 milliseconds in repetition 261
Round trip time was 22.421 milliseconds in repetition 262
Round trip time was 22.137 milliseconds in repetition 263
Round trip time was 22.176 milliseconds in repetition 264
Round trip time was 29.576 milliseconds in repetition 265
Round trip time was 22.673 milliseconds in repetition 266
Round trip time was 23.684 milliseconds in repetition 267
Round trip time was 22.356 milliseconds in repetition 268
Round trip time was 24.136 milliseconds in repetition 269
Round trip time was 23.483 milliseconds in repetition 270
Round trip time was 24.071 milliseconds in repetition 271
Round trip time was 23.176 milliseconds in repetition 272
Round trip time was 22.174 milliseconds in repetition 273
Round trip time was 23.065 milliseconds in repetition 274
Round trip time was 24.097 milliseconds in repetition 275
Round trip time was 22.515 milliseconds in repetition 276
Round trip time was 22.415 milliseconds in repetition 277
Round trip time was 22.515 milliseconds in repetition 278
Round trip time was 32.755 milliseconds in repetition 279
Round trip time was 33.667 milliseconds in repetition 280
Round trip time was 23.256 milliseconds in repetition 281
Round trip time was 30.991 milliseconds in repetition 282
Round trip time was 23.236 milliseconds in repetition 283
Round trip time was 24.035 milliseconds in repetition 284
Round trip time was 22.513 milliseconds in repetition 285
Round trip time was 22.548 milliseconds in repetition 286
Round trip time was 22.611 milliseconds in repetition 287
Round trip time was 22.806 milliseconds in repetition 288
Round trip time was 22.409 milliseconds in repetition 289
Round trip time was 22.510 milliseconds in repetition 290
Round trip time was 24.091 milliseconds in repetition 291
Round trip time was 25.950 milliseconds in repetition 292
Round trip time was 23.030 milliseconds in repetition 293
Round trip time was 22.059 milliseconds in repetition 294
Round trip time was 22.126 milliseconds in repetition 295
Round trip time was 22.188 milliseconds in repetition 296
Round trip time was 22.048 milliseconds in repetition 297
Round trip time was 22.417 milliseconds in repetition 298
Round trip time was 22.441 milliseconds in repetition 299
Round trip time was 22.367 milliseconds in repetition 300
Round trip time was 22.296 milliseconds in repetition 301
Round trip time was 22.830 milliseconds in repetition 302
Round trip time was 22.456 milliseconds in repetition 303
Round trip time was 22.258 milliseconds in repetition 304
Round trip time was 21.993 milliseconds in repetition 305
Round trip time was 21.976 milliseconds in repetition 306
Round trip time was 22.117 milliseconds in repetition 307
Round trip time was 22.236 milliseconds in repetition 308
Round trip time was 22.338 milliseconds in repetition 309
Round trip time was 22.056 milliseconds in repetition 310
Round trip time was 22.041 milliseconds in repetition 311
Round trip time was 22.138 milliseconds in repetition 312
Round trip time was 22.200 milliseconds in repetition 313
Round trip time was 22.280 milliseconds in repetition 314
Round trip time was 22.236 milliseconds in repetition 315
Round trip time was 22.202 milliseconds in repetition 316
Round trip time was 22.364 milliseconds in repetition 317
Round trip time was 21.943 milliseconds in repetition 318
Round trip time was 22.059 milliseconds in repetition 319
Round trip time was 22.043 milliseconds in repetition 320
Round trip time was 22.013 milliseconds in repetition 321
Round trip time was 22.015 milliseconds in repetition 322
Round trip time was 22.219 milliseconds in repetition 323
Round trip time was 22.202 milliseconds in repetition 324
Round trip time was 22.615 milliseconds in repetition 325
Round trip time was 22.259 milliseconds in repetition 326
Round trip time was 22.373 milliseconds in repetition 327
Round trip time was 22.157 milliseconds in repetition 328
Round trip time was 22.925 milliseconds in repetition 329
Round trip time was 22.657 milliseconds in repetition 330
Round trip time was 22.330 milliseconds in repetition 331
Round trip time was 22.192 milliseconds in repetition 332
Round trip time was 21.939 milliseconds in repetition 333
Round trip time was 22.043 milliseconds in repetition 334
Round trip time was 22.002 milliseconds in repetition 335
Round trip time was 22.145 milliseconds in repetition 336
Round trip time was 22.266 milliseconds in repetition 337
Round trip time was 21.999 milliseconds in repetition 338
Round trip time was 22.063 milliseconds in repetition 339
Round trip time was 22.284 milliseconds in repetition 340
Round trip time was 22.439 milliseconds in repetition 341
Round trip time was 22.278 milliseconds in repetition 342
Round trip time was 22.456 milliseconds in repetition 343
Round trip time was 22.180 milliseconds in repetition 344
Round trip time was 22.585 milliseconds in repetition 345
Round trip time was 22.456 milliseconds in repetition 346
Round trip time was 24.245 milliseconds in repetition 347
Round trip time was 22.918 milliseconds in repetition 348
Round trip time was 22.613 milliseconds in repetition 349
Round trip time was 24.306 milliseconds in repetition 350
Round trip time was 22.176 milliseconds in repetition 351
Round trip time was 22.172 milliseconds in repetition 352
Round trip time was 22.229 milliseconds in repetition 353
Round trip time was 22.896 milliseconds in repetition 354
Round trip time was 23.329 milliseconds in repetition 355
Round trip time was 22.387 milliseconds in repetition 356
Round trip time was 22.409 milliseconds in repetition 357
Round trip time was 23.266 milliseconds in repetition 358
Round trip time was 22.571 milliseconds in repetition 359
Round trip time was 22.441 milliseconds in repetition 360
Round trip time was 22.221 milliseconds in repetition 361
Round trip time was 22.047 milliseconds in repetition 362
Round trip time was 22.122 milliseconds in repetition 363
Round trip time was 22.501 milliseconds in repetition 364
Round trip time was 27.408 milliseconds in repetition 365
Round trip time was 23.139 milliseconds in repetition 366
Round trip time was 23.210 milliseconds in repetition 367
Round trip time was 22.803 milliseconds in repetition 368
Round trip time was 22.740 milliseconds in repetition 369
Round trip time was 22.580 milliseconds in repetition 370
Round trip time was 22.679 milliseconds in repetition 371
Round trip time was 22.703 milliseconds in repetition 372
Round trip time was 22.768 milliseconds in repetition 373
Round trip time was 22.673 milliseconds in repetition 374
Round trip time was 23.354 milliseconds in repetition 375
Round trip time was 22.540 milliseconds in repetition 376
Round trip time was 22.570 milliseconds in repetition 377
Round trip time was 22.576 milliseconds in repetition 378
Round trip time was 22.337 milliseconds in repetition 379
Round trip time was 22.945 milliseconds in repetition 380
Round trip time was 22.915 milliseconds in repetition 381
Round trip time was 22.396 milliseconds in repetition 382
Round trip time was 22.476 milliseconds in repetition 383
Round trip time was 22.348 milliseconds in repetition 384
Round trip time was 22.423 milliseconds in repetition 385
Round trip time was 22.380 milliseconds in repetition 386
Round trip time was 22.672 milliseconds in repetition 387
Round trip time was 22.461 milliseconds in repetition 388
Round trip time was 22.429 milliseconds in repetition 389
Round trip time was 22.572 milliseconds in repetition 390
Round trip time was 22.370 milliseconds in repetition 391
Round trip time was 23.604 milliseconds in repetition 392
Round trip time was 22.630 milliseconds in repetition 393
Round trip time was 22.583 milliseconds in repetition 394
Round trip time was 22.369 milliseconds in repetition 395
Round trip time was 22.385 milliseconds in repetition 396
Round trip time was 22.325 milliseconds in repetition 397
Round trip time was 22.542 milliseconds in repetition 398
Round trip time was 22.572 milliseconds in repetition 399
Round trip time was 22.260 milliseconds in repetition 400
Round trip time was 23.320 milliseconds in repetition 401
Round trip time was 23.062 milliseconds in repetition 402
Round trip time was 22.639 milliseconds in repetition 403
Round trip time was 22.389 milliseconds in repetition 404
Round trip time was 22.354 milliseconds in repetition 405
Round trip time was 22.374 milliseconds in repetition 406
Round trip time was 22.526 milliseconds in repetition 407
Round trip time was 22.335 milliseconds in repetition 408
Round trip time was 22.796 milliseconds in repetition 409
Round trip time was 22.426 milliseconds in repetition 410
Round trip time was 22.511 milliseconds in repetition 411
Round trip time was 22.399 milliseconds in repetition 412
Round trip time was 22.528 milliseconds in repetition 413
Round trip time was 22.527 milliseconds in repetition 414
Round trip time was 22.495 milliseconds in repetition 415
Round trip time was 22.373 milliseconds in repetition 416
Round trip time was 22.664 milliseconds in repetition 417
Round trip time was 22.573 milliseconds in repetition 418
Round trip time was 26.369 milliseconds in repetition 419
Round trip time was 23.101 milliseconds in repetition 420
Round trip time was 22.453 milliseconds in repetition 421
Round trip time was 22.364 milliseconds in repetition 422
Round trip time was 22.372 milliseconds in repetition 423
Round trip time was 22.435 milliseconds in repetition 424
Round trip time was 22.415 milliseconds in repetition 425
Round trip time was 22.208 milliseconds in repetition 426
Round trip time was 22.394 milliseconds in repetition 427
Round trip time was 24.141 milliseconds in repetition 428
Round trip time was 22.315 milliseconds in repetition 429
Round trip time was 22.516 milliseconds in repetition 430
Round trip time was 22.654 milliseconds in repetition 431
Round trip time was 22.176 milliseconds in repetition 432
Round trip time was 22.390 milliseconds in repetition 433
Round trip time was 22.809 milliseconds in repetition 434
Round trip time was 22.209 milliseconds in repetition 435
Round trip time was 22.235 milliseconds in repetition 436
Round trip time was 22.625 milliseconds in repetition 437
Round trip time was 23.364 milliseconds in repetition 438
Round trip time was 22.315 milliseconds in repetition 439
Round trip time was 22.706 milliseconds in repetition 440
Round trip time was 22.255 milliseconds in repetition 441
Round trip time was 22.167 milliseconds in repetition 442
Round trip time was 22.676 milliseconds in repetition 443
Round trip time was 22.322 milliseconds in repetition 444
Round trip time was 22.309 milliseconds in repetition 445
Round trip time was 22.272 milliseconds in repetition 446
Round trip time was 22.260 milliseconds in repetition 447
Round trip time was 22.637 milliseconds in repetition 448
Round trip time was 22.435 milliseconds in repetition 449
Round trip time was 22.873 milliseconds in repetition 450
Round trip time was 22.581 milliseconds in repetition 451
Round trip time was 22.413 milliseconds in repetition 452
Round trip time was 23.590 milliseconds in repetition 453
Round trip time was 22.738 milliseconds in repetition 454
Round trip time was 22.388 milliseconds in repetition 455
Round trip time was 22.602 milliseconds in repetition 456
Round trip time was 22.399 milliseconds in repetition 457
Round trip time was 22.850 milliseconds in repetition 458
Round trip time was 23.267 milliseconds in repetition 459
Round trip time was 22.316 milliseconds in repetition 460
Round trip time was 22.618 milliseconds in repetition 461
Round trip time was 22.800 milliseconds in repetition 462
Round trip time was 22.705 milliseconds in repetition 463
Round trip time was 22.431 milliseconds in repetition 464
Round trip time was 22.472 milliseconds in repetition 465
Round trip time was 22.501 milliseconds in repetition 466
Round trip time was 22.297 milliseconds in repetition 467
Round trip time was 22.318 milliseconds in repetition 468
Round trip time was 22.455 milliseconds in repetition 469
Round trip time was 22.275 milliseconds in repetition 470
Round trip time was 22.492 milliseconds in repetition 471
Round trip time was 22.565 milliseconds in repetition 472
Round trip time was 22.406 milliseconds in repetition 473
Round trip time was 22.732 milliseconds in repetition 474
Round trip time was 22.662 milliseconds in repetition 475
Round trip time was 22.274 milliseconds in repetition 476
Round trip time was 22.304 milliseconds in repetition 477
Round trip time was 22.379 milliseconds in repetition 478
Round trip time was 22.423 milliseconds in repetition 479
Round trip time was 22.425 milliseconds in repetition 480
Round trip time was 22.958 milliseconds in repetition 481
Round trip time was 22.331 milliseconds in repetition 482
Round trip time was 22.621 milliseconds in repetition 483
Round trip time was 22.299 milliseconds in repetition 484
Round trip time was 23.194 milliseconds in repetition 485
Round trip time was 26.194 milliseconds in repetition 486
Round trip time was 22.789 milliseconds in repetition 487
Round trip time was 22.193 milliseconds in repetition 488
Round trip time was 22.708 milliseconds in repetition 489
Round trip time was 22.317 milliseconds in repetition 490
Round trip time was 22.178 milliseconds in repetition 491
Round trip time was 22.306 milliseconds in repetition 492
Round trip time was 22.698 milliseconds in repetition 493
Round trip time was 22.495 milliseconds in repetition 494
Round trip time was 22.778 milliseconds in repetition 495
Round trip time was 23.996 milliseconds in repetition 496
Round trip time was 22.485 milliseconds in repetition 497
Round trip time was 22.487 milliseconds in repetition 498
Round trip time was 22.472 milliseconds in repetition 499
Round trip time was 23.060 milliseconds in repetition 500
Round trip time was 23.035 milliseconds in repetition 501

 ... clock resolution was 1e-06
UDP Ping:  Statistics over 501 repetitions of 1024 byte messages

RTT : percentile 10: 22.0853, median: 22.461, percentile 90: 23.5935, average: 22.8832, variance: 2.68493

RTT histogram:
21.8034 108
22.6644 293
23.5253 56
24.3863 17
25.2473 10
26.1083 6
26.9692 1
27.8302 1
28.6912 0
29.5521 2
30.4131 0
31.2741 2
32.1351 0
32.996 2
33.857 1
34.718 0
35.5789 0
36.4399 0
37.3009 0
38.1619 1
39.0228 1

   median Throughput : 91.1801 KB/s   overall Throughput : 89.4978 KB/s

