UDP Ping trying to connect to server seti.dibris.unige.it (130.251.61.30) on TCP port 1491
 ... connected to Pong server: asking for 501 repetitions of 256 _bytes UDP messages
 ... Pong server agreed to ping-pong using port 49152 :-)
Round trip time was 27.013 milliseconds in repetition 1
Round trip time was 21.391 milliseconds in repetition 2
Round trip time was 21.956 milliseconds in repetition 3
Round trip time was 21.482 milliseconds in repetition 4
Round trip time was 21.879 milliseconds in repetition 5
Round trip time was 21.969 milliseconds in repetition 6
Round trip time was 22.139 milliseconds in repetition 7
Round trip time was 22.541 milliseconds in repetition 8
Round trip time was 22.286 milliseconds in repetition 9
Round trip time was 22.224 milliseconds in repetition 10
Round trip time was 21.795 milliseconds in repetition 11
Round trip time was 21.487 milliseconds in repetition 12
Round trip time was 21.432 milliseconds in repetition 13
Round trip time was 21.680 milliseconds in repetition 14
Round trip time was 21.844 milliseconds in repetition 15
Round trip time was 21.586 milliseconds in repetition 16
Round trip time was 21.922 milliseconds in repetition 17
Round trip time was 21.863 milliseconds in repetition 18
Round trip time was 21.997 milliseconds in repetition 19
Round trip time was 21.512 milliseconds in repetition 20
Round trip time was 21.051 milliseconds in repetition 21
Round trip time was 24.714 milliseconds in repetition 22
Round trip time was 35.316 milliseconds in repetition 23
Round trip time was 24.193 milliseconds in repetition 24
Round trip time was 22.157 milliseconds in repetition 25
Round trip time was 21.246 milliseconds in repetition 26
Round trip time was 22.427 milliseconds in repetition 27
Round trip time was 22.303 milliseconds in repetition 28
Round trip time was 21.288 milliseconds in repetition 29
Round trip time was 21.462 milliseconds in repetition 30
Round trip time was 21.067 milliseconds in repetition 31
Round trip time was 20.880 milliseconds in repetition 32
Round trip time was 21.145 milliseconds in repetition 33
Round trip time was 20.872 milliseconds in repetition 34
Round trip time was 20.793 milliseconds in repetition 35
Round trip time was 20.714 milliseconds in repetition 36
Round trip time was 20.776 milliseconds in repetition 37
Round trip time was 20.632 milliseconds in repetition 38
Round trip time was 20.771 milliseconds in repetition 39
Round trip time was 20.811 milliseconds in repetition 40
Round trip time was 20.807 milliseconds in repetition 41
Round trip time was 20.807 milliseconds in repetition 42
Round trip time was 21.694 milliseconds in repetition 43
Round trip time was 21.665 milliseconds in repetition 44
Round trip time was 21.450 milliseconds in repetition 45
Round trip time was 21.536 milliseconds in repetition 46
Round trip time was 21.394 milliseconds in repetition 47
Round trip time was 21.885 milliseconds in repetition 48
Round trip time was 20.821 milliseconds in repetition 49
Round trip time was 20.800 milliseconds in repetition 50
Round trip time was 21.563 milliseconds in repetition 51
Round trip time was 20.787 milliseconds in repetition 52
Round trip time was 20.677 milliseconds in repetition 53
Round trip time was 20.681 milliseconds in repetition 54
Round trip time was 20.852 milliseconds in repetition 55
Round trip time was 20.738 milliseconds in repetition 56
Round trip time was 20.694 milliseconds in repetition 57
Round trip time was 21.022 milliseconds in repetition 58
Round trip time was 20.808 milliseconds in repetition 59
Round trip time was 20.733 milliseconds in repetition 60
Round trip time was 20.624 milliseconds in repetition 61
Round trip time was 20.757 milliseconds in repetition 62
Round trip time was 21.064 milliseconds in repetition 63
Round trip time was 20.829 milliseconds in repetition 64
Round trip time was 20.937 milliseconds in repetition 65
Round trip time was 20.817 milliseconds in repetition 66
Round trip time was 20.925 milliseconds in repetition 67
Round trip time was 21.242 milliseconds in repetition 68
Round trip time was 21.329 milliseconds in repetition 69
Round trip time was 21.141 milliseconds in repetition 70
Round trip time was 21.390 milliseconds in repetition 71
Round trip time was 21.228 milliseconds in repetition 72
Round trip time was 21.276 milliseconds in repetition 73
Round trip time was 21.452 milliseconds in repetition 74
Round trip time was 21.397 milliseconds in repetition 75
Round trip time was 23.293 milliseconds in repetition 76
Round trip time was 20.806 milliseconds in repetition 77
Round trip time was 20.978 milliseconds in repetition 78
Round trip time was 20.973 milliseconds in repetition 79
Round trip time was 20.885 milliseconds in repetition 80
Round trip time was 20.752 milliseconds in repetition 81
Round trip time was 20.857 milliseconds in repetition 82
Round trip time was 20.643 milliseconds in repetition 83
Round trip time was 20.897 milliseconds in repetition 84
Round trip time was 21.169 milliseconds in repetition 85
Round trip time was 21.091 milliseconds in repetition 86
Round trip time was 20.897 milliseconds in repetition 87
Round trip time was 20.779 milliseconds in repetition 88
Round trip time was 22.298 milliseconds in repetition 89
Round trip time was 20.817 milliseconds in repetition 90
Round trip time was 20.862 milliseconds in repetition 91
Round trip time was 20.850 milliseconds in repetition 92
Round trip time was 20.806 milliseconds in repetition 93
Round trip time was 20.752 milliseconds in repetition 94
Round trip time was 20.696 milliseconds in repetition 95
Round trip time was 20.743 milliseconds in repetition 96
Round trip time was 21.356 milliseconds in repetition 97
Round trip time was 21.124 milliseconds in repetition 98
Round trip time was 21.354 milliseconds in repetition 99
Round trip time was 21.251 milliseconds in repetition 100
Round trip time was 21.689 milliseconds in repetition 101
Round trip time was 21.282 milliseconds in repetition 102
Round trip time was 21.297 milliseconds in repetition 103
Round trip time was 22.719 milliseconds in repetition 104
Round trip time was 24.362 milliseconds in repetition 105
Round trip time was 21.339 milliseconds in repetition 106
Round trip time was 20.752 milliseconds in repetition 107
Round trip time was 20.770 milliseconds in repetition 108
Round trip time was 20.707 milliseconds in repetition 109
Round trip time was 20.755 milliseconds in repetition 110
Round trip time was 21.089 milliseconds in repetition 111
Round trip time was 20.990 milliseconds in repetition 112
Round trip time was 21.037 milliseconds in repetition 113
Round trip time was 21.628 milliseconds in repetition 114
Round trip time was 21.056 milliseconds in repetition 115
Round trip time was 21.365 milliseconds in repetition 116
Round trip time was 21.023 milliseconds in repetition 117
Round trip time was 20.832 milliseconds in repetition 118
Round trip time was 20.647 milliseconds in repetition 119
Round trip time was 21.996 milliseconds in repetition 120
Round trip time was 20.701 milliseconds in repetition 121
Round trip time was 22.198 milliseconds in repetition 122
Round trip time was 21.382 milliseconds in repetition 123
Round trip time was 21.099 milliseconds in repetition 124
Round trip time was 21.077 milliseconds in repetition 125
Round trip time was 20.862 milliseconds in repetition 126
Round trip time was 20.997 milliseconds in repetition 127
Round trip time was 20.840 milliseconds in repetition 128
Round trip time was 20.902 milliseconds in repetition 129
Round trip time was 20.672 milliseconds in repetition 130
Round trip time was 21.257 milliseconds in repetition 131
Round trip time was 20.690 milliseconds in repetition 132
Round trip time was 21.013 milliseconds in repetition 133
Round trip time was 21.625 milliseconds in repetition 134
Round trip time was 20.738 milliseconds in repetition 135
Round trip time was 20.574 milliseconds in repetition 136
Round trip time was 20.816 milliseconds in repetition 137
Round trip time was 20.829 milliseconds in repetition 138
Round trip time was 20.686 milliseconds in repetition 139
Round trip time was 20.707 milliseconds in repetition 140
Round trip time was 20.813 milliseconds in repetition 141
Round trip time was 20.738 milliseconds in repetition 142
Round trip time was 20.774 milliseconds in repetition 143
Round trip time was 20.671 milliseconds in repetition 144
Round trip time was 20.761 milliseconds in repetition 145
Round trip time was 20.841 milliseconds in repetition 146
Round trip time was 20.819 milliseconds in repetition 147
Round trip time was 21.141 milliseconds in repetition 148
Round trip time was 20.725 milliseconds in repetition 149
Round trip time was 20.754 milliseconds in repetition 150
Round trip time was 20.772 milliseconds in repetition 151
Round trip time was 20.782 milliseconds in repetition 152
Round trip time was 20.827 milliseconds in repetition 153
Round trip time was 21.389 milliseconds in repetition 154
Round trip time was 21.146 milliseconds in repetition 155
Round trip time was 21.990 milliseconds in repetition 156
Round trip time was 21.800 milliseconds in repetition 157
Round trip time was 25.746 milliseconds in repetition 158
Round trip time was 21.714 milliseconds in repetition 159
Round trip time was 23.577 milliseconds in repetition 160
Round trip time was 21.565 milliseconds in repetition 161
Round trip time was 22.673 milliseconds in repetition 162
Round trip time was 21.218 milliseconds in repetition 163
Round trip time was 20.853 milliseconds in repetition 164
Round trip time was 21.414 milliseconds in repetition 165
Round trip time was 20.857 milliseconds in repetition 166
Round trip time was 21.088 milliseconds in repetition 167
Round trip time was 20.995 milliseconds in repetition 168
Round trip time was 20.721 milliseconds in repetition 169
Round trip time was 20.901 milliseconds in repetition 170
Round trip time was 20.945 milliseconds in repetition 171
Round trip time was 21.658 milliseconds in repetition 172
Round trip time was 21.835 milliseconds in repetition 173
Round trip time was 22.056 milliseconds in repetition 174
Round trip time was 20.961 milliseconds in repetition 175
Round trip time was 20.628 milliseconds in repetition 176
Round trip time was 20.739 milliseconds in repetition 177
Round trip time was 20.731 milliseconds in repetition 178
Round trip time was 20.767 milliseconds in repetition 179
Round trip time was 20.825 milliseconds in repetition 180
Round trip time was 21.062 milliseconds in repetition 181
Round trip time was 20.956 milliseconds in repetition 182
Round trip time was 20.900 milliseconds in repetition 183
Round trip time was 21.051 milliseconds in repetition 184
Round trip time was 20.535 milliseconds in repetition 185
Round trip time was 20.667 milliseconds in repetition 186
Round trip time was 20.902 milliseconds in repetition 187
Round trip time was 20.917 milliseconds in repetition 188
Round trip time was 20.955 milliseconds in repetition 189
Round trip time was 21.012 milliseconds in repetition 190
Round trip time was 21.316 milliseconds in repetition 191
Round trip time was 21.879 milliseconds in repetition 192
Round trip time was 21.029 milliseconds in repetition 193
Round trip time was 21.062 milliseconds in repetition 194
Round trip time was 21.218 milliseconds in repetition 195
Round trip time was 21.564 milliseconds in repetition 196
Round trip time was 21.135 milliseconds in repetition 197
Round trip time was 21.573 milliseconds in repetition 198
Round trip time was 21.462 milliseconds in repetition 199
Round trip time was 21.671 milliseconds in repetition 200
Round trip time was 23.612 milliseconds in repetition 201
Round trip time was 21.828 milliseconds in repetition 202
Round trip time was 22.535 milliseconds in repetition 203
Round trip time was 22.738 milliseconds in repetition 204
Round trip time was 27.295 milliseconds in repetition 205
Round trip time was 25.590 milliseconds in repetition 206
Round trip time was 36.388 milliseconds in repetition 207
Round trip time was 20.767 milliseconds in repetition 208
Round trip time was 20.963 milliseconds in repetition 209
Round trip time was 20.651 milliseconds in repetition 210
Round trip time was 21.027 milliseconds in repetition 211
Round trip time was 21.323 milliseconds in repetition 212
Round trip time was 21.122 milliseconds in repetition 213
Round trip time was 20.858 milliseconds in repetition 214
Round trip time was 21.053 milliseconds in repetition 215
Round trip time was 20.969 milliseconds in repetition 216
Round trip time was 20.717 milliseconds in repetition 217
Round trip time was 21.185 milliseconds in repetition 218
Round trip time was 21.426 milliseconds in repetition 219
Round trip time was 21.245 milliseconds in repetition 220
Round trip time was 21.128 milliseconds in repetition 221
Round trip time was 21.005 milliseconds in repetition 222
Round trip time was 21.297 milliseconds in repetition 223
Round trip time was 21.288 milliseconds in repetition 224
Round trip time was 21.359 milliseconds in repetition 225
Round trip time was 21.073 milliseconds in repetition 226
Round trip time was 21.199 milliseconds in repetition 227
Round trip time was 21.219 milliseconds in repetition 228
Round trip time was 21.207 milliseconds in repetition 229
Round trip time was 20.928 milliseconds in repetition 230
Round trip time was 22.030 milliseconds in repetition 231
Round trip time was 23.248 milliseconds in repetition 232
Round trip time was 20.868 milliseconds in repetition 233
Round trip time was 20.722 milliseconds in repetition 234
Round trip time was 20.990 milliseconds in repetition 235
Round trip time was 21.008 milliseconds in repetition 236
Round trip time was 21.708 milliseconds in repetition 237
Round trip time was 20.895 milliseconds in repetition 238
Round trip time was 20.917 milliseconds in repetition 239
Round trip time was 20.726 milliseconds in repetition 240
Round trip time was 21.567 milliseconds in repetition 241
Round trip time was 22.979 milliseconds in repetition 242
Round trip time was 22.907 milliseconds in repetition 243
Round trip time was 22.428 milliseconds in repetition 244
Round trip time was 21.615 milliseconds in repetition 245
Round trip time was 21.195 milliseconds in repetition 246
Round trip time was 20.846 milliseconds in repetition 247
Round trip time was 20.951 milliseconds in repetition 248
Round trip time was 21.231 milliseconds in repetition 249
Round trip time was 21.161 milliseconds in repetition 250
Round trip time was 20.988 milliseconds in repetition 251
Round trip time was 21.119 milliseconds in repetition 252
Round trip time was 21.392 milliseconds in repetition 253
Round trip time was 21.342 milliseconds in repetition 254
Round trip time was 21.547 milliseconds in repetition 255
Round trip time was 21.203 milliseconds in repetition 256
Round trip time was 20.675 milliseconds in repetition 257
Round trip time was 20.793 milliseconds in repetition 258
Round trip time was 20.639 milliseconds in repetition 259
Round trip time was 21.026 milliseconds in repetition 260
Round trip time was 20.748 milliseconds in repetition 261
Round trip time was 21.382 milliseconds in repetition 262
Round trip time was 21.091 milliseconds in repetition 263
Round trip time was 21.005 milliseconds in repetition 264
Round trip time was 20.907 milliseconds in repetition 265
Round trip time was 21.088 milliseconds in repetition 266
Round trip time was 29.436 milliseconds in repetition 267
Round trip time was 21.150 milliseconds in repetition 268
Round trip time was 20.891 milliseconds in repetition 269
Round trip time was 20.959 milliseconds in repetition 270
Round trip time was 20.898 milliseconds in repetition 271
Round trip time was 20.761 milliseconds in repetition 272
Round trip time was 20.646 milliseconds in repetition 273
Round trip time was 20.874 milliseconds in repetition 274
Round trip time was 20.923 milliseconds in repetition 275
Round trip time was 23.697 milliseconds in repetition 276
Round trip time was 21.832 milliseconds in repetition 277
Round trip time was 21.460 milliseconds in repetition 278
Round trip time was 24.787 milliseconds in repetition 279
Round trip time was 21.098 milliseconds in repetition 280
Round trip time was 21.671 milliseconds in repetition 281
Round trip time was 21.231 milliseconds in repetition 282
Round trip time was 20.918 milliseconds in repetition 283
Round trip time was 21.004 milliseconds in repetition 284
Round trip time was 20.937 milliseconds in repetition 285
Round trip time was 20.801 milliseconds in repetition 286
Round trip time was 20.883 milliseconds in repetition 287
Round trip time was 20.705 milliseconds in repetition 288
Round trip time was 20.858 milliseconds in repetition 289
Round trip time was 20.583 milliseconds in repetition 290
Round trip time was 21.296 milliseconds in repetition 291
Round trip time was 20.908 milliseconds in repetition 292
Round trip time was 21.133 milliseconds in repetition 293
Round trip time was 20.779 milliseconds in repetition 294
Round trip time was 20.726 milliseconds in repetition 295
Round trip time was 21.007 milliseconds in repetition 296
Round trip time was 20.712 milliseconds in repetition 297
Round trip time was 20.666 milliseconds in repetition 298
Round trip time was 22.836 milliseconds in repetition 299
Round trip time was 34.725 milliseconds in repetition 300
Round trip time was 21.590 milliseconds in repetition 301
Round trip time was 22.015 milliseconds in repetition 302
Round trip time was 21.445 milliseconds in repetition 303
Round trip time was 23.317 milliseconds in repetition 304
Round trip time was 20.934 milliseconds in repetition 305
Round trip time was 20.711 milliseconds in repetition 306
Round trip time was 21.271 milliseconds in repetition 307
Round trip time was 21.071 milliseconds in repetition 308
Round trip time was 20.983 milliseconds in repetition 309
Round trip time was 20.987 milliseconds in repetition 310
Round trip time was 23.483 milliseconds in repetition 311
Round trip time was 20.948 milliseconds in repetition 312
Round trip time was 20.824 milliseconds in repetition 313
Round trip time was 20.863 milliseconds in repetition 314
Round trip time was 21.254 milliseconds in repetition 315
Round trip time was 20.817 milliseconds in repetition 316
Round trip time was 20.647 milliseconds in repetition 317
Round trip time was 20.946 milliseconds in repetition 318
Round trip time was 21.248 milliseconds in repetition 319
Round trip time was 21.219 milliseconds in repetition 320
Round trip time was 21.333 milliseconds in repetition 321
Round trip time was 67.632 milliseconds in repetition 322
Round trip time was 24.027 milliseconds in repetition 323
Round trip time was 31.135 milliseconds in repetition 324
Round trip time was 21.107 milliseconds in repetition 325
Round trip time was 20.746 milliseconds in repetition 326
Round trip time was 21.817 milliseconds in repetition 327
Round trip time was 24.892 milliseconds in repetition 328
Round trip time was 21.377 milliseconds in repetition 329
Round trip time was 20.974 milliseconds in repetition 330
Round trip time was 20.711 milliseconds in repetition 331
Round trip time was 23.512 milliseconds in repetition 332
Round trip time was 22.810 milliseconds in repetition 333
Round trip time was 20.755 milliseconds in repetition 334
Round trip time was 20.628 milliseconds in repetition 335
Round trip time was 20.970 milliseconds in repetition 336
Round trip time was 20.938 milliseconds in repetition 337
Round trip time was 21.196 milliseconds in repetition 338
Round trip time was 21.184 milliseconds in repetition 339
Round trip time was 21.469 milliseconds in repetition 340
Round trip time was 21.013 milliseconds in repetition 341
Round trip time was 20.737 milliseconds in repetition 342
Round trip time was 20.889 milliseconds in repetition 343
Round trip time was 20.971 milliseconds in repetition 344
Round trip time was 21.087 milliseconds in repetition 345
Round trip time was 20.985 milliseconds in repetition 346
Round trip time was 20.932 milliseconds in repetition 347
Round trip time was 22.310 milliseconds in repetition 348
Round trip time was 21.554 milliseconds in repetition 349
Round trip time was 20.720 milliseconds in repetition 350
Round trip time was 20.702 milliseconds in repetition 351
Round trip time was 20.908 milliseconds in repetition 352
Round trip time was 20.767 milliseconds in repetition 353
Round trip time was 20.821 milliseconds in repetition 354
Round trip time was 20.953 milliseconds in repetition 355
Round trip time was 20.854 milliseconds in repetition 356
Round trip time was 20.792 milliseconds in repetition 357
Round trip time was 20.817 milliseconds in repetition 358
Round trip time was 20.954 milliseconds in repetition 359
Round trip time was 20.737 milliseconds in repetition 360
Round trip time was 20.782 milliseconds in repetition 361
Round trip time was 21.589 milliseconds in repetition 362
Round trip time was 21.064 milliseconds in repetition 363
Round trip time was 21.015 milliseconds in repetition 364
Round trip time was 20.872 milliseconds in repetition 365
Round trip time was 21.064 milliseconds in repetition 366
Round trip time was 20.769 milliseconds in repetition 367
Round trip time was 20.812 milliseconds in repetition 368
Round trip time was 20.674 milliseconds in repetition 369
Round trip time was 20.716 milliseconds in repetition 370
Round trip time was 21.134 milliseconds in repetition 371
Round trip time was 20.900 milliseconds in repetition 372
Round trip time was 20.680 milliseconds in repetition 373
Round trip time was 20.785 milliseconds in repetition 374
Round trip time was 20.743 milliseconds in repetition 375
Round trip time was 20.938 milliseconds in repetition 376
Round trip time was 21.087 milliseconds in repetition 377
Round trip time was 21.023 milliseconds in repetition 378
Round trip time was 20.719 milliseconds in repetition 379
Round trip time was 20.771 milliseconds in repetition 380
Round trip time was 20.760 milliseconds in repetition 381
Round trip time was 20.624 milliseconds in repetition 382
Round trip time was 20.799 milliseconds in repetition 383
Round trip time was 20.949 milliseconds in repetition 384
Round trip time was 21.021 milliseconds in repetition 385
Round trip time was 20.893 milliseconds in repetition 386
Round trip time was 21.101 milliseconds in repetition 387
Round trip time was 31.536 milliseconds in repetition 388
Round trip time was 21.560 milliseconds in repetition 389
Round trip time was 21.640 milliseconds in repetition 390
Round trip time was 20.750 milliseconds in repetition 391
Round trip time was 20.908 milliseconds in repetition 392
Round trip time was 20.963 milliseconds in repetition 393
Round trip time was 21.122 milliseconds in repetition 394
Round trip time was 21.002 milliseconds in repetition 395
Round trip time was 21.157 milliseconds in repetition 396
Round trip time was 21.882 milliseconds in repetition 397
Round trip time was 20.692 milliseconds in repetition 398
Round trip time was 21.124 milliseconds in repetition 399
Round trip time was 21.506 milliseconds in repetition 400
Round trip time was 23.929 milliseconds in repetition 401
Round trip time was 20.926 milliseconds in repetition 402
Round trip time was 20.923 milliseconds in repetition 403
Round trip time was 20.962 milliseconds in repetition 404
Round trip time was 24.891 milliseconds in repetition 405
Round trip time was 21.717 milliseconds in repetition 406
Round trip time was 20.769 milliseconds in repetition 407
Round trip time was 20.729 milliseconds in repetition 408
Round trip time was 21.559 milliseconds in repetition 409
Round trip time was 21.466 milliseconds in repetition 410
Round trip time was 21.449 milliseconds in repetition 411
Round trip time was 21.775 milliseconds in repetition 412
Round trip time was 20.728 milliseconds in repetition 413
Round trip time was 21.530 milliseconds in repetition 414
Round trip time was 21.520 milliseconds in repetition 415
Round trip time was 21.397 milliseconds in repetition 416
Round trip time was 24.601 milliseconds in repetition 417
Round trip time was 22.415 milliseconds in repetition 418
Round trip time was 21.362 milliseconds in repetition 419
Round trip time was 20.966 milliseconds in repetition 420
Round trip time was 21.097 milliseconds in repetition 421
Round trip time was 21.046 milliseconds in repetition 422
Round trip time was 20.733 milliseconds in repetition 423
Round trip time was 21.111 milliseconds in repetition 424
Round trip time was 21.034 milliseconds in repetition 425
Round trip time was 20.868 milliseconds in repetition 426
Round trip time was 20.803 milliseconds in repetition 427
Round trip time was 20.860 milliseconds in repetition 428
Round trip time was 20.877 milliseconds in repetition 429
Round trip time was 20.903 milliseconds in repetition 430
Round trip time was 20.677 milliseconds in repetition 431
Round trip time was 20.825 milliseconds in repetition 432
Round trip time was 21.307 milliseconds in repetition 433
Round trip time was 21.751 milliseconds in repetition 434
Round trip time was 20.765 milliseconds in repetition 435
Round trip time was 20.796 milliseconds in repetition 436
Round trip time was 20.687 milliseconds in repetition 437
Round trip time was 20.702 milliseconds in repetition 438
Round trip time was 20.722 milliseconds in repetition 439
Round trip time was 20.719 milliseconds in repetition 440
Round trip time was 20.704 milliseconds in repetition 441
Round trip time was 20.827 milliseconds in repetition 442
Round trip time was 20.699 milliseconds in repetition 443
Round trip time was 20.801 milliseconds in repetition 444
Round trip time was 20.819 milliseconds in repetition 445
Round trip time was 21.650 milliseconds in repetition 446
Round trip time was 20.828 milliseconds in repetition 447
Round trip time was 20.674 milliseconds in repetition 448
Round trip time was 20.778 milliseconds in repetition 449
Round trip time was 20.702 milliseconds in repetition 450
Round trip time was 20.771 milliseconds in repetition 451
Round trip time was 20.798 milliseconds in repetition 452
Round trip time was 21.005 milliseconds in repetition 453
Round trip time was 20.862 milliseconds in repetition 454
Round trip time was 20.836 milliseconds in repetition 455
Round trip time was 20.611 milliseconds in repetition 456
Round trip time was 20.916 milliseconds in repetition 457
Round trip time was 20.638 milliseconds in repetition 458
Round trip time was 20.721 milliseconds in repetition 459
Round trip time was 20.876 milliseconds in repetition 460
Round trip time was 21.087 milliseconds in repetition 461
Round trip time was 21.127 milliseconds in repetition 462
Round trip time was 21.038 milliseconds in repetition 463
Round trip time was 20.994 milliseconds in repetition 464
Round trip time was 20.879 milliseconds in repetition 465
Round trip time was 21.085 milliseconds in repetition 466
Round trip time was 21.423 milliseconds in repetition 467
Round trip time was 20.976 milliseconds in repetition 468
Round trip time was 21.357 milliseconds in repetition 469
Round trip time was 22.210 milliseconds in repetition 470
Round trip time was 21.237 milliseconds in repetition 471
Round trip time was 21.521 milliseconds in repetition 472
Round trip time was 21.664 milliseconds in repetition 473
Round trip time was 21.272 milliseconds in repetition 474
Round trip time was 21.737 milliseconds in repetition 475
Round trip time was 21.730 milliseconds in repetition 476
Round trip time was 21.312 milliseconds in repetition 477
Round trip time was 22.724 milliseconds in repetition 478
Round trip time was 21.196 milliseconds in repetition 479
Round trip time was 20.948 milliseconds in repetition 480
Round trip time was 20.804 milliseconds in repetition 481
Round trip time was 21.709 milliseconds in repetition 482
Round trip time was 20.743 milliseconds in repetition 483
Round trip time was 20.733 milliseconds in repetition 484
Round trip time was 20.884 milliseconds in repetition 485
Round trip time was 20.974 milliseconds in repetition 486
Round trip time was 20.644 milliseconds in repetition 487
Round trip time was 20.728 milliseconds in repetition 488
Round trip time was 20.809 milliseconds in repetition 489
Round trip time was 20.829 milliseconds in repetition 490
Round trip time was 20.566 milliseconds in repetition 491
Round trip time was 20.981 milliseconds in repetition 492
Round trip time was 20.873 milliseconds in repetition 493
Round trip time was 20.929 milliseconds in repetition 494
Round trip time was 20.895 milliseconds in repetition 495
Round trip time was 21.056 milliseconds in repetition 496
Round trip time was 21.459 milliseconds in repetition 497
Round trip time was 21.730 milliseconds in repetition 498
Round trip time was 21.034 milliseconds in repetition 499
Round trip time was 20.806 milliseconds in repetition 500
Round trip time was 20.916 milliseconds in repetition 501

 ... clock resolution was 1e-06
UDP Ping:  Statistics over 501 repetitions of 256 byte messages

RTT : percentile 10: 20.7187, median: 21.0046, percentile 90: 22.0564, average: 21.5002, variance: 6.6951

RTT histogram:
20.5347 423
22.8895 60
25.2444 9
27.5993 2
29.9542 1
32.3091 2
34.664 2
37.0188 1
39.3737 0
41.7286 0
44.0835 0
46.4384 0
48.7932 0
51.1481 0
53.503 0
55.8579 0
58.2128 0
60.5677 0
62.9225 0
65.2774 0
67.6323 1

   median Throughput : 24.3756 KB/s   overall Throughput : 23.8137 KB/s

