UDP Ping trying to connect to server seti.dibris.unige.it (130.251.61.30) on TCP port 1491
 ... connected to Pong server: asking for 501 repetitions of 96 _bytes UDP messages
 ... Pong server agreed to ping-pong using port 49152 :-)
Round trip time was 24.424 milliseconds in repetition 1
Round trip time was 21.580 milliseconds in repetition 2
Round trip time was 21.409 milliseconds in repetition 3
Round trip time was 21.434 milliseconds in repetition 4
Round trip time was 25.096 milliseconds in repetition 5
Round trip time was 22.324 milliseconds in repetition 6
Round trip time was 21.336 milliseconds in repetition 7
Round trip time was 21.595 milliseconds in repetition 8
Round trip time was 21.525 milliseconds in repetition 9
Round trip time was 21.901 milliseconds in repetition 10
Round trip time was 21.981 milliseconds in repetition 11
Round trip time was 21.655 milliseconds in repetition 12
Round trip time was 22.712 milliseconds in repetition 13
Round trip time was 21.723 milliseconds in repetition 14
Round trip time was 21.599 milliseconds in repetition 15
Round trip time was 21.587 milliseconds in repetition 16
Round trip time was 21.839 milliseconds in repetition 17
Round trip time was 21.921 milliseconds in repetition 18
Round trip time was 21.868 milliseconds in repetition 19
Round trip time was 23.625 milliseconds in repetition 20
Round trip time was 26.281 milliseconds in repetition 21
Round trip time was 21.266 milliseconds in repetition 22
Round trip time was 21.000 milliseconds in repetition 23
Round trip time was 21.204 milliseconds in repetition 24
Round trip time was 20.735 milliseconds in repetition 25
Round trip time was 20.748 milliseconds in repetition 26
Round trip time was 20.668 milliseconds in repetition 27
Round trip time was 20.804 milliseconds in repetition 28
Round trip time was 20.757 milliseconds in repetition 29
Round trip time was 20.808 milliseconds in repetition 30
Round trip time was 20.846 milliseconds in repetition 31
Round trip time was 21.130 milliseconds in repetition 32
Round trip time was 21.125 milliseconds in repetition 33
Round trip time was 21.129 milliseconds in repetition 34
Round trip time was 21.083 milliseconds in repetition 35
Round trip time was 21.062 milliseconds in repetition 36
Round trip time was 21.092 milliseconds in repetition 37
Round trip time was 21.019 milliseconds in repetition 38
Round trip time was 21.056 milliseconds in repetition 39
Round trip time was 25.910 milliseconds in repetition 40
Round trip time was 21.027 milliseconds in repetition 41
Round trip time was 21.009 milliseconds in repetition 42
Round trip time was 21.894 milliseconds in repetition 43
Round trip time was 21.033 milliseconds in repetition 44
Round trip time was 20.938 milliseconds in repetition 45
Round trip time was 21.512 milliseconds in repetition 46
Round trip time was 21.130 milliseconds in repetition 47
Round trip time was 20.937 milliseconds in repetition 48
Round trip time was 21.085 milliseconds in repetition 49
Round trip time was 21.455 milliseconds in repetition 50
Round trip time was 20.880 milliseconds in repetition 51
Round trip time was 20.619 milliseconds in repetition 52
Round trip time was 20.898 milliseconds in repetition 53
Round trip time was 24.448 milliseconds in repetition 54
Round trip time was 21.645 milliseconds in repetition 55
Round trip time was 21.089 milliseconds in repetition 56
Round trip time was 20.774 milliseconds in repetition 57
Round trip time was 20.760 milliseconds in repetition 58
Round trip time was 32.653 milliseconds in repetition 59
Round trip time was 23.023 milliseconds in repetition 60
Round trip time was 22.304 milliseconds in repetition 61
Round trip time was 20.936 milliseconds in repetition 62
Round trip time was 21.484 milliseconds in repetition 63
Round trip time was 21.080 milliseconds in repetition 64
Round trip time was 20.915 milliseconds in repetition 65
Round trip time was 21.599 milliseconds in repetition 66
Round trip time was 20.942 milliseconds in repetition 67
Round trip time was 26.004 milliseconds in repetition 68
Round trip time was 21.044 milliseconds in repetition 69
Round trip time was 21.018 milliseconds in repetition 70
Round trip time was 20.982 milliseconds in repetition 71
Round trip time was 21.075 milliseconds in repetition 72
Round trip time was 20.890 milliseconds in repetition 73
Round trip time was 20.781 milliseconds in repetition 74
Round trip time was 21.303 milliseconds in repetition 75
Round trip time was 20.976 milliseconds in repetition 76
Round trip time was 21.119 milliseconds in repetition 77
Round trip time was 20.665 milliseconds in repetition 78
Round trip time was 20.740 milliseconds in repetition 79
Round trip time was 21.257 milliseconds in repetition 80
Round trip time was 21.385 milliseconds in repetition 81
Round trip time was 21.064 milliseconds in repetition 82
Round trip time was 20.897 milliseconds in repetition 83
Round trip time was 21.205 milliseconds in repetition 84
Round trip time was 21.009 milliseconds in repetition 85
Round trip time was 20.833 milliseconds in repetition 86
Round trip time was 20.896 milliseconds in repetition 87
Round trip time was 20.747 milliseconds in repetition 88
Round trip time was 20.758 milliseconds in repetition 89
Round trip time was 20.673 milliseconds in repetition 90
Round trip time was 34.417 milliseconds in repetition 91
Round trip time was 21.703 milliseconds in repetition 92
Round trip time was 25.052 milliseconds in repetition 93
Round trip time was 20.786 milliseconds in repetition 94
Round trip time was 30.081 milliseconds in repetition 95
Round trip time was 20.823 milliseconds in repetition 96
Round trip time was 28.062 milliseconds in repetition 97
Round trip time was 21.339 milliseconds in repetition 98
Round trip time was 20.940 milliseconds in repetition 99
Round trip time was 20.751 milliseconds in repetition 100
Round trip time was 21.086 milliseconds in repetition 101
Round trip time was 20.671 milliseconds in repetition 102
Round trip time was 20.780 milliseconds in repetition 103
Round trip time was 21.021 milliseconds in repetition 104
Round trip time was 20.722 milliseconds in repetition 105
Round trip time was 20.897 milliseconds in repetition 106
Round trip time was 20.727 milliseconds in repetition 107
Round trip time was 20.630 milliseconds in repetition 108
Round trip time was 20.961 milliseconds in repetition 109
Round trip time was 24.452 milliseconds in repetition 110
Round trip time was 21.397 milliseconds in repetition 111
Round trip time was 23.269 milliseconds in repetition 112
Round trip time was 23.712 milliseconds in repetition 113
Round trip time was 20.812 milliseconds in repetition 114
Round trip time was 21.003 milliseconds in repetition 115
Round trip time was 20.822 milliseconds in repetition 116
Round trip time was 21.052 milliseconds in repetition 117
Round trip time was 21.103 milliseconds in repetition 118
Round trip time was 20.992 milliseconds in repetition 119
Round trip time was 21.377 milliseconds in repetition 120
Round trip time was 20.883 milliseconds in repetition 121
Round trip time was 20.868 milliseconds in repetition 122
Round trip time was 20.877 milliseconds in repetition 123
Round trip time was 22.105 milliseconds in repetition 124
Round trip time was 21.780 milliseconds in repetition 125
Round trip time was 22.697 milliseconds in repetition 126
Round trip time was 21.413 milliseconds in repetition 127
Round trip time was 21.601 milliseconds in repetition 128
Round trip time was 21.129 milliseconds in repetition 129
Round trip time was 21.497 milliseconds in repetition 130
Round trip time was 22.561 milliseconds in repetition 131
Round trip time was 21.214 milliseconds in repetition 132
Round trip time was 21.001 milliseconds in repetition 133
Round trip time was 21.436 milliseconds in repetition 134
Round trip time was 21.503 milliseconds in repetition 135
Round trip time was 21.080 milliseconds in repetition 136
Round trip time was 23.584 milliseconds in repetition 137
Round trip time was 20.899 milliseconds in repetition 138
Round trip time was 20.900 milliseconds in repetition 139
Round trip time was 20.842 milliseconds in repetition 140
Round trip time was 20.832 milliseconds in repetition 141
Round trip time was 21.418 milliseconds in repetition 142
Round trip time was 22.567 milliseconds in repetition 143
Round trip time was 21.423 milliseconds in repetition 144
Round trip time was 21.231 milliseconds in repetition 145
Round trip time was 24.184 milliseconds in repetition 146
Round trip time was 25.855 milliseconds in repetition 147
Round trip time was 21.294 milliseconds in repetition 148
Round trip time was 21.733 milliseconds in repetition 149
Round trip time was 23.011 milliseconds in repetition 150
Round trip time was 22.083 milliseconds in repetition 151
Round trip time was 20.911 milliseconds in repetition 152
Round trip time was 20.752 milliseconds in repetition 153
Round trip time was 20.968 milliseconds in repetition 154
Round trip time was 20.877 milliseconds in repetition 155
Round trip time was 20.731 milliseconds in repetition 156
Round trip time was 20.791 milliseconds in repetition 157
Round trip time was 20.948 milliseconds in repetition 158
Round trip time was 20.853 milliseconds in repetition 159
Round trip time was 20.846 milliseconds in repetition 160
Round trip time was 20.751 milliseconds in repetition 161
Round trip time was 20.759 milliseconds in repetition 162
Round trip time was 23.333 milliseconds in repetition 163
Round trip time was 22.077 milliseconds in repetition 164
Round trip time was 21.327 milliseconds in repetition 165
Round trip time was 24.526 milliseconds in repetition 166
Round trip time was 22.425 milliseconds in repetition 167
Round trip time was 21.436 milliseconds in repetition 168
Round trip time was 20.986 milliseconds in repetition 169
Round trip time was 20.972 milliseconds in repetition 170
Round trip time was 20.888 milliseconds in repetition 171
Round trip time was 20.988 milliseconds in repetition 172
Round trip time was 21.971 milliseconds in repetition 173
Round trip time was 21.371 milliseconds in repetition 174
Round trip time was 21.220 milliseconds in repetition 175
Round trip time was 21.626 milliseconds in repetition 176
Round trip time was 20.876 milliseconds in repetition 177
Round trip time was 22.182 milliseconds in repetition 178
Round trip time was 21.224 milliseconds in repetition 179
Round trip time was 21.232 milliseconds in repetition 180
Round trip time was 21.080 milliseconds in repetition 181
Round trip time was 21.097 milliseconds in repetition 182
Round trip time was 21.195 milliseconds in repetition 183
Round trip time was 21.776 milliseconds in repetition 184
Round trip time was 22.816 milliseconds in repetition 185
Round trip time was 20.760 milliseconds in repetition 186
Round trip time was 20.964 milliseconds in repetition 187
Round trip time was 20.754 milliseconds in repetition 188
Round trip time was 20.732 milliseconds in repetition 189
Round trip time was 21.602 milliseconds in repetition 190
Round trip time was 21.558 milliseconds in repetition 191
Round trip time was 21.120 milliseconds in repetition 192
Round trip time was 21.854 milliseconds in repetition 193
Round trip time was 22.008 milliseconds in repetition 194
Round trip time was 21.188 milliseconds in repetition 195
Round trip time was 21.442 milliseconds in repetition 196
Round trip time was 21.482 milliseconds in repetition 197
Round trip time was 21.053 milliseconds in repetition 198
Round trip time was 21.153 milliseconds in repetition 199
Round trip time was 22.163 milliseconds in repetition 200
Round trip time was 24.505 milliseconds in repetition 201
Round trip time was 22.318 milliseconds in repetition 202
Round trip time was 21.288 milliseconds in repetition 203
Round trip time was 23.749 milliseconds in repetition 204
Round trip time was 21.199 milliseconds in repetition 205
Round trip time was 21.002 milliseconds in repetition 206
Round trip time was 25.837 milliseconds in repetition 207
Round trip time was 24.331 milliseconds in repetition 208
Round trip time was 21.213 milliseconds in repetition 209
Round trip time was 22.272 milliseconds in repetition 210
Round trip time was 22.105 milliseconds in repetition 211
Round trip time was 21.100 milliseconds in repetition 212
Round trip time was 24.675 milliseconds in repetition 213
Round trip time was 21.717 milliseconds in repetition 214
Round trip time was 27.959 milliseconds in repetition 215
Round trip time was 23.358 milliseconds in repetition 216
Round trip time was 22.251 milliseconds in repetition 217
Round trip time was 23.636 milliseconds in repetition 218
Round trip time was 22.680 milliseconds in repetition 219
Round trip time was 22.891 milliseconds in repetition 220
Round trip time was 21.200 milliseconds in repetition 221
Round trip time was 21.277 milliseconds in repetition 222
Round trip time was 22.191 milliseconds in repetition 223
Round trip time was 22.051 milliseconds in repetition 224
Round trip time was 22.466 milliseconds in repetition 225
Round trip time was 23.126 milliseconds in repetition 226
Round trip time was 21.452 milliseconds in repetition 227
Round trip time was 22.127 milliseconds in repetition 228
Round trip time was 21.985 milliseconds in repetition 229
Round trip time was 22.822 milliseconds in repetition 230
Round trip time was 22.501 milliseconds in repetition 231
Round trip time was 21.657 milliseconds in repetition 232
Round trip time was 21.474 milliseconds in repetition 233
Round trip time was 23.488 milliseconds in repetition 234
Round trip time was 22.875 milliseconds in repetition 235
Round trip time was 22.801 milliseconds in repetition 236
Round trip time was 21.045 milliseconds in repetition 237
Round trip time was 23.380 milliseconds in repetition 238
Round trip time was 20.938 milliseconds in repetition 239
Round trip time was 21.073 milliseconds in repetition 240
Round trip time was 21.063 milliseconds in repetition 241
Round trip time was 22.216 milliseconds in repetition 242
Round trip time was 22.341 milliseconds in repetition 243
Round trip time was 21.141 milliseconds in repetition 244
Round trip time was 21.802 milliseconds in repetition 245
Round trip time was 21.583 milliseconds in repetition 246
Round trip time was 20.897 milliseconds in repetition 247
Round trip time was 21.679 milliseconds in repetition 248
Round trip time was 21.644 milliseconds in repetition 249
Round trip time was 21.900 milliseconds in repetition 250
Round trip time was 21.219 milliseconds in repetition 251
Round trip time was 23.496 milliseconds in repetition 252
Round trip time was 21.014 milliseconds in repetition 253
Round trip time was 20.993 milliseconds in repetition 254
Round trip time was 21.534 milliseconds in repetition 255
Round trip time was 20.856 milliseconds in repetition 256
Round trip time was 20.633 milliseconds in repetition 257
Round trip time was 21.663 milliseconds in repetition 258
Round trip time was 20.750 milliseconds in repetition 259
Round trip time was 21.022 milliseconds in repetition 260
Round trip time was 21.535 milliseconds in repetition 261
Round trip time was 21.670 milliseconds in repetition 262
Round trip time was 24.504 milliseconds in repetition 263
Round trip time was 21.236 milliseconds in repetition 264
Round trip time was 21.239 milliseconds in repetition 265
Round trip time was 20.884 milliseconds in repetition 266
Round trip time was 21.040 milliseconds in repetition 267
Round trip time was 21.030 milliseconds in repetition 268
Round trip time was 21.095 milliseconds in repetition 269
Round trip time was 21.029 milliseconds in repetition 270
Round trip time was 21.222 milliseconds in repetition 271
Round trip time was 21.428 milliseconds in repetition 272
Round trip time was 20.882 milliseconds in repetition 273
Round trip time was 21.169 milliseconds in repetition 274
Round trip time was 23.124 milliseconds in repetition 275
Round trip time was 21.238 milliseconds in repetition 276
Round trip time was 21.048 milliseconds in repetition 277
Round trip time was 21.311 milliseconds in repetition 278
Round trip time was 21.483 milliseconds in repetition 279
Round trip time was 21.713 milliseconds in repetition 280
Round trip time was 21.383 milliseconds in repetition 281
Round trip time was 21.750 milliseconds in repetition 282
Round trip time was 20.758 milliseconds in repetition 283
Round trip time was 24.259 milliseconds in repetition 284
Round trip time was 21.013 milliseconds in repetition 285
Round trip time was 23.593 milliseconds in repetition 286
Round trip time was 21.314 milliseconds in repetition 287
Round trip time was 21.025 milliseconds in repetition 288
Round trip time was 20.846 milliseconds in repetition 289
Round trip time was 21.766 milliseconds in repetition 290
Round trip time was 22.171 milliseconds in repetition 291
Round trip time was 21.107 milliseconds in repetition 292
Round trip time was 21.070 milliseconds in repetition 293
Round trip time was 21.222 milliseconds in repetition 294
Round trip time was 21.382 milliseconds in repetition 295
Round trip time was 21.176 milliseconds in repetition 296
Round trip time was 20.908 milliseconds in repetition 297
Round trip time was 21.207 milliseconds in repetition 298
Round trip time was 21.239 milliseconds in repetition 299
Round trip time was 21.798 milliseconds in repetition 300
Round trip time was 21.436 milliseconds in repetition 301
Round trip time was 20.971 milliseconds in repetition 302
Round trip time was 27.180 milliseconds in repetition 303
Round trip time was 21.602 milliseconds in repetition 304
Round trip time was 21.707 milliseconds in repetition 305
Round trip time was 21.315 milliseconds in repetition 306
Round trip time was 21.407 milliseconds in repetition 307
Round trip time was 21.631 milliseconds in repetition 308
Round trip time was 21.059 milliseconds in repetition 309
Round trip time was 21.035 milliseconds in repetition 310
Round trip time was 22.144 milliseconds in repetition 311
Round trip time was 21.804 milliseconds in repetition 312
Round trip time was 21.127 milliseconds in repetition 313
Round trip time was 21.400 milliseconds in repetition 314
Round trip time was 21.283 milliseconds in repetition 315
Round trip time was 21.860 milliseconds in repetition 316
Round trip time was 26.758 milliseconds in repetition 317
Round trip time was 21.109 milliseconds in repetition 318
Round trip time was 20.916 milliseconds in repetition 319
Round trip time was 21.272 milliseconds in repetition 320
Round trip time was 21.580 milliseconds in repetition 321
Round trip time was 21.048 milliseconds in repetition 322
Round trip time was 21.806 milliseconds in repetition 323
Round trip time was 21.071 milliseconds in repetition 324
Round trip time was 21.724 milliseconds in repetition 325
Round trip time was 21.179 milliseconds in repetition 326
Round trip time was 21.355 milliseconds in repetition 327
Round trip time was 21.169 milliseconds in repetition 328
Round trip time was 22.383 milliseconds in repetition 329
Round trip time was 20.792 milliseconds in repetition 330
Round trip time was 21.346 milliseconds in repetition 331
Round trip time was 21.063 milliseconds in repetition 332
Round trip time was 21.148 milliseconds in repetition 333
Round trip time was 21.202 milliseconds in repetition 334
Round trip time was 21.248 milliseconds in repetition 335
Round trip time was 23.079 milliseconds in repetition 336
Round trip time was 21.146 milliseconds in repetition 337
Round trip time was 21.105 milliseconds in repetition 338
Round trip time was 21.492 milliseconds in repetition 339
Round trip time was 21.357 milliseconds in repetition 340
Round trip time was 21.719 milliseconds in repetition 341
Round trip time was 27.831 milliseconds in repetition 342
Round trip time was 21.589 milliseconds in repetition 343
Round trip time was 21.877 milliseconds in repetition 344
Round trip time was 23.380 milliseconds in repetition 345
Round trip time was 23.904 milliseconds in repetition 346
Round trip time was 22.269 milliseconds in repetition 347
Round trip time was 21.733 milliseconds in repetition 348
Round trip time was 22.823 milliseconds in repetition 349
Round trip time was 21.233 milliseconds in repetition 350
Round trip time was 25.031 milliseconds in repetition 351
Round trip time was 21.621 milliseconds in repetition 352
Round trip time was 20.812 milliseconds in repetition 353
Round trip time was 21.309 milliseconds in repetition 354
Round trip time was 21.597 milliseconds in repetition 355
Round trip time was 22.492 milliseconds in repetition 356
Round trip time was 21.362 milliseconds in repetition 357
Round trip time was 25.999 milliseconds in repetition 358
Round trip time was 21.344 milliseconds in repetition 359
Round trip time was 21.323 milliseconds in repetition 360
Round trip time was 21.067 milliseconds in repetition 361
Round trip time was 21.180 milliseconds in repetition 362
Round trip time was 21.661 milliseconds in repetition 363
Round trip time was 21.168 milliseconds in repetition 364
Round trip time was 21.350 milliseconds in repetition 365
Round trip time was 23.055 milliseconds in repetition 366
Round trip time was 21.026 milliseconds in repetition 367
Round trip time was 23.885 milliseconds in repetition 368
Round trip time was 21.170 milliseconds in repetition 369
Round trip time was 21.206 milliseconds in repetition 370
Round trip time was 21.001 milliseconds in repetition 371
Round trip time was 21.003 milliseconds in repetition 372
Round trip time was 22.996 milliseconds in repetition 373
Round trip time was 21.281 milliseconds in repetition 374
Round trip time was 20.858 milliseconds in repetition 375
Round trip time was 21.298 milliseconds in repetition 376
Round trip time was 21.237 milliseconds in repetition 377
Round trip time was 21.785 milliseconds in repetition 378
Round trip time was 21.113 milliseconds in repetition 379
Round trip time was 21.021 milliseconds in repetition 380
Round trip time was 21.316 milliseconds in repetition 381
Round trip time was 21.285 milliseconds in repetition 382
Round trip time was 21.409 milliseconds in repetition 383
Round trip time was 21.873 milliseconds in repetition 384
Round trip time was 21.198 milliseconds in repetition 385
Round trip time was 21.169 milliseconds in repetition 386
Round trip time was 21.072 milliseconds in repetition 387
Round trip time was 20.896 milliseconds in repetition 388
Round trip time was 20.965 milliseconds in repetition 389
Round trip time was 21.361 milliseconds in repetition 390
Round trip time was 20.930 milliseconds in repetition 391
Round trip time was 21.336 milliseconds in repetition 392
Round trip time was 21.115 milliseconds in repetition 393
Round trip time was 21.419 milliseconds in repetition 394
Round trip time was 21.456 milliseconds in repetition 395
Round trip time was 21.276 milliseconds in repetition 396
Round trip time was 21.100 milliseconds in repetition 397
Round trip time was 21.053 milliseconds in repetition 398
Round trip time was 21.027 milliseconds in repetition 399
Round trip time was 21.152 milliseconds in repetition 400
Round trip time was 20.903 milliseconds in repetition 401
Round trip time was 21.025 milliseconds in repetition 402
Round trip time was 21.010 milliseconds in repetition 403
Round trip time was 21.134 milliseconds in repetition 404
Round trip time was 21.180 milliseconds in repetition 405
Round trip time was 21.111 milliseconds in repetition 406
Round trip time was 21.433 milliseconds in repetition 407
Round trip time was 21.425 milliseconds in repetition 408
Round trip time was 21.749 milliseconds in repetition 409
Round trip time was 21.319 milliseconds in repetition 410
Round trip time was 21.410 milliseconds in repetition 411
Round trip time was 21.224 milliseconds in repetition 412
Round trip time was 21.256 milliseconds in repetition 413
Round trip time was 21.192 milliseconds in repetition 414
Round trip time was 20.964 milliseconds in repetition 415
Round trip time was 21.027 milliseconds in repetition 416
Round trip time was 21.781 milliseconds in repetition 417
Round trip time was 21.067 milliseconds in repetition 418
Round trip time was 21.165 milliseconds in repetition 419
Round trip time was 22.218 milliseconds in repetition 420
Round trip time was 21.242 milliseconds in repetition 421
Round trip time was 21.398 milliseconds in repetition 422
Round trip time was 21.697 milliseconds in repetition 423
Round trip time was 23.101 milliseconds in repetition 424
Round trip time was 21.171 milliseconds in repetition 425
Round trip time was 21.256 milliseconds in repetition 426
Round trip time was 21.577 milliseconds in repetition 427
Round trip time was 21.185 milliseconds in repetition 428
Round trip time was 21.090 milliseconds in repetition 429
Round trip time was 21.076 milliseconds in repetition 430
Round trip time was 21.481 milliseconds in repetition 431
Round trip time was 21.348 milliseconds in repetition 432
Round trip time was 21.045 milliseconds in repetition 433
Round trip time was 21.116 milliseconds in repetition 434
Round trip time was 21.557 milliseconds in repetition 435
Round trip time was 21.044 milliseconds in repetition 436
Round trip time was 21.205 milliseconds in repetition 437
Round trip time was 21.955 milliseconds in repetition 438
Round trip time was 21.613 milliseconds in repetition 439
Round trip time was 21.325 milliseconds in repetition 440
Round trip time was 21.159 milliseconds in repetition 441
Round trip time was 21.536 milliseconds in repetition 442
Round trip time was 21.106 milliseconds in repetition 443
Round trip time was 21.578 milliseconds in repetition 444
Round trip time was 21.159 milliseconds in repetition 445
Round trip time was 21.229 milliseconds in repetition 446
Round trip time was 20.940 milliseconds in repetition 447
Round trip time was 21.025 milliseconds in repetition 448
Round trip time was 21.272 milliseconds in repetition 449
Round trip time was 21.760 milliseconds in repetition 450
Round trip time was 20.979 milliseconds in repetition 451
Round trip time was 21.177 milliseconds in repetition 452
Round trip time was 21.146 milliseconds in repetition 453
Round trip time was 21.383 milliseconds in repetition 454
Round trip time was 20.929 milliseconds in repetition 455
Round trip time was 21.153 milliseconds in repetition 456
Round trip time was 20.990 milliseconds in repetition 457
Round trip time was 21.629 milliseconds in repetition 458
Round trip time was 21.138 milliseconds in repetition 459
Round trip time was 21.463 milliseconds in repetition 460
Round trip time was 20.881 milliseconds in repetition 461
Round trip time was 20.858 milliseconds in repetition 462
Round trip time was 21.057 milliseconds in repetition 463
Round trip time was 20.958 milliseconds in repetition 464
Round trip time was 20.899 milliseconds in repetition 465
Round trip time was 20.815 milliseconds in repetition 466
Round trip time was 20.965 milliseconds in repetition 467
Round trip time was 20.715 milliseconds in repetition 468
Round trip time was 20.715 milliseconds in repetition 469
Round trip time was 20.943 milliseconds in repetition 470
Round trip time was 21.028 milliseconds in repetition 471
Round trip time was 20.793 milliseconds in repetition 472
Round trip time was 20.712 milliseconds in repetition 473
Round trip time was 20.849 milliseconds in repetition 474
Round trip time was 21.515 milliseconds in repetition 475
Round trip time was 20.852 milliseconds in repetition 476
Round trip time was 21.070 milliseconds in repetition 477
Round trip time was 20.730 milliseconds in repetition 478
Round trip time was 21.060 milliseconds in repetition 479
Round trip time was 21.195 milliseconds in repetition 480
Round trip time was 21.471 milliseconds in repetition 481
Round trip time was 21.341 milliseconds in repetition 482
Round trip time was 21.504 milliseconds in repetition 483
Round trip time was 21.434 milliseconds in repetition 484
Round trip time was 21.028 milliseconds in repetition 485
Round trip time was 21.246 milliseconds in repetition 486
Round trip time was 21.176 milliseconds in repetition 487
Round trip time was 21.121 milliseconds in repetition 488
Round trip time was 21.538 milliseconds in repetition 489
Round trip time was 22.718 milliseconds in repetition 490
Round trip time was 21.020 milliseconds in repetition 491
Round trip time was 21.089 milliseconds in repetition 492
Round trip time was 21.406 milliseconds in repetition 493
Round trip time was 21.046 milliseconds in repetition 494
Round trip time was 21.099 milliseconds in repetition 495
Round trip time was 21.231 milliseconds in repetition 496
Round trip time was 20.809 milliseconds in repetition 497
Round trip time was 20.801 milliseconds in repetition 498
Round trip time was 21.353 milliseconds in repetition 499
Round trip time was 20.912 milliseconds in repetition 500
Round trip time was 21.031 milliseconds in repetition 501

 ... clock resolution was 1e-06
UDP Ping:  Statistics over 501 repetitions of 96 byte messages

RTT : percentile 10: 20.8461, median: 21.2288, percentile 90: 22.8907, average: 21.6613, variance: 1.95308

RTT histogram:
20.6193 98
21.3092 273
21.9991 63
22.689 20
23.3788 17
24.0687 6
24.7586 10
25.4484 0
26.1383 6
26.8282 1
27.518 2
28.2079 2
28.8978 0
29.5876 0
30.2775 1
30.9674 0
31.6572 0
32.3471 1
33.037 0
33.7269 0
34.4167 1

   median Throughput : 9.04433 KB/s   overall Throughput : 8.86374 KB/s

