UDP Ping trying to connect to server seti.dibris.unige.it (130.251.61.30) on TCP port 1491
 ... connected to Pong server: asking for 501 repetitions of 128 _bytes UDP messages
 ... Pong server agreed to ping-pong using port 49152 :-)
Round trip time was 26.172 milliseconds in repetition 1
Round trip time was 21.794 milliseconds in repetition 2
Round trip time was 22.062 milliseconds in repetition 3
Round trip time was 22.044 milliseconds in repetition 4
Round trip time was 21.714 milliseconds in repetition 5
Round trip time was 21.710 milliseconds in repetition 6
Round trip time was 21.944 milliseconds in repetition 7
Round trip time was 21.587 milliseconds in repetition 8
Round trip time was 21.580 milliseconds in repetition 9
Round trip time was 21.645 milliseconds in repetition 10
Round trip time was 22.030 milliseconds in repetition 11
Round trip time was 21.569 milliseconds in repetition 12
Round trip time was 21.897 milliseconds in repetition 13
Round trip time was 21.603 milliseconds in repetition 14
Round trip time was 21.722 milliseconds in repetition 15
Round trip time was 21.256 milliseconds in repetition 16
Round trip time was 21.514 milliseconds in repetition 17
Round trip time was 21.708 milliseconds in repetition 18
Round trip time was 21.978 milliseconds in repetition 19
Round trip time was 21.305 milliseconds in repetition 20
Round trip time was 20.806 milliseconds in repetition 21
Round trip time was 20.894 milliseconds in repetition 22
Round trip time was 20.987 milliseconds in repetition 23
Round trip time was 21.298 milliseconds in repetition 24
Round trip time was 22.488 milliseconds in repetition 25
Round trip time was 23.146 milliseconds in repetition 26
Round trip time was 21.270 milliseconds in repetition 27
Round trip time was 20.964 milliseconds in repetition 28
Round trip time was 20.847 milliseconds in repetition 29
Round trip time was 20.782 milliseconds in repetition 30
Round trip time was 23.037 milliseconds in repetition 31
Round trip time was 21.502 milliseconds in repetition 32
Round trip time was 20.907 milliseconds in repetition 33
Round trip time was 21.165 milliseconds in repetition 34
Round trip time was 21.215 milliseconds in repetition 35
Round trip time was 21.535 milliseconds in repetition 36
Round trip time was 23.139 milliseconds in repetition 37
Round trip time was 21.049 milliseconds in repetition 38
Round trip time was 20.999 milliseconds in repetition 39
Round trip time was 21.050 milliseconds in repetition 40
Round trip time was 21.007 milliseconds in repetition 41
Round trip time was 23.177 milliseconds in repetition 42
Round trip time was 22.701 milliseconds in repetition 43
Round trip time was 26.871 milliseconds in repetition 44
Round trip time was 21.599 milliseconds in repetition 45
Round trip time was 26.331 milliseconds in repetition 46
Round trip time was 21.338 milliseconds in repetition 47
Round trip time was 21.083 milliseconds in repetition 48
Round trip time was 21.520 milliseconds in repetition 49
Round trip time was 20.995 milliseconds in repetition 50
Round trip time was 20.919 milliseconds in repetition 51
Round trip time was 20.865 milliseconds in repetition 52
Round trip time was 20.767 milliseconds in repetition 53
Round trip time was 21.816 milliseconds in repetition 54
Round trip time was 20.933 milliseconds in repetition 55
Round trip time was 21.509 milliseconds in repetition 56
Round trip time was 21.817 milliseconds in repetition 57
Round trip time was 21.044 milliseconds in repetition 58
Round trip time was 21.385 milliseconds in repetition 59
Round trip time was 20.900 milliseconds in repetition 60
Round trip time was 21.151 milliseconds in repetition 61
Round trip time was 21.472 milliseconds in repetition 62
Round trip time was 22.229 milliseconds in repetition 63
Round trip time was 23.387 milliseconds in repetition 64
Round trip time was 22.599 milliseconds in repetition 65
Round trip time was 22.119 milliseconds in repetition 66
Round trip time was 21.340 milliseconds in repetition 67
Round trip time was 22.566 milliseconds in repetition 68
Round trip time was 21.012 milliseconds in repetition 69
Round trip time was 21.264 milliseconds in repetition 70
Round trip time was 21.593 milliseconds in repetition 71
Round trip time was 21.590 milliseconds in repetition 72
Round trip time was 21.270 milliseconds in repetition 73
Round trip time was 21.301 milliseconds in repetition 74
Round trip time was 21.427 milliseconds in repetition 75
Round trip time was 21.257 milliseconds in repetition 76
Round trip time was 21.494 milliseconds in repetition 77
Round trip time was 21.503 milliseconds in repetition 78
Round trip time was 21.613 milliseconds in repetition 79
Round trip time was 21.171 milliseconds in repetition 80
Round trip time was 22.871 milliseconds in repetition 81
Round trip time was 21.660 milliseconds in repetition 82
Round trip time was 20.966 milliseconds in repetition 83
Round trip time was 21.103 milliseconds in repetition 84
Round trip time was 21.847 milliseconds in repetition 85
Round trip time was 21.146 milliseconds in repetition 86
Round trip time was 20.760 milliseconds in repetition 87
Round trip time was 20.858 milliseconds in repetition 88
Round trip time was 21.092 milliseconds in repetition 89
Round trip time was 21.456 milliseconds in repetition 90
Round trip time was 21.725 milliseconds in repetition 91
Round trip time was 21.552 milliseconds in repetition 92
Round trip time was 21.210 milliseconds in repetition 93
Round trip time was 21.173 milliseconds in repetition 94
Round trip time was 21.062 milliseconds in repetition 95
Round trip time was 21.283 milliseconds in repetition 96
Round trip time was 21.742 milliseconds in repetition 97
Round trip time was 22.204 milliseconds in repetition 98
Round trip time was 20.974 milliseconds in repetition 99
Round trip time was 21.132 milliseconds in repetition 100
Round trip time was 21.567 milliseconds in repetition 101
Round trip time was 21.505 milliseconds in repetition 102
Round trip time was 21.476 milliseconds in repetition 103
Round trip time was 21.051 milliseconds in repetition 104
Round trip time was 20.814 milliseconds in repetition 105
Round trip time was 20.787 milliseconds in repetition 106
Round trip time was 20.999 milliseconds in repetition 107
Round trip time was 21.025 milliseconds in repetition 108
Round trip time was 21.007 milliseconds in repetition 109
Round trip time was 20.962 milliseconds in repetition 110
Round trip time was 20.914 milliseconds in repetition 111
Round trip time was 21.260 milliseconds in repetition 112
Round trip time was 20.641 milliseconds in repetition 113
Round trip time was 21.112 milliseconds in repetition 114
Round trip time was 20.922 milliseconds in repetition 115
Round trip time was 20.861 milliseconds in repetition 116
Round trip time was 21.362 milliseconds in repetition 117
Round trip time was 21.577 milliseconds in repetition 118
Round trip time was 22.645 milliseconds in repetition 119
Round trip time was 21.076 milliseconds in repetition 120
Round trip time was 21.534 milliseconds in repetition 121
Round trip time was 21.044 milliseconds in repetition 122
Round trip time was 21.473 milliseconds in repetition 123
Round trip time was 21.009 milliseconds in repetition 124
Round trip time was 20.939 milliseconds in repetition 125
Round trip time was 20.979 milliseconds in repetition 126
Round trip time was 20.982 milliseconds in repetition 127
Round trip time was 22.334 milliseconds in repetition 128
Round trip time was 21.197 milliseconds in repetition 129
Round trip time was 21.280 milliseconds in repetition 130
Round trip time was 21.288 milliseconds in repetition 131
Round trip time was 21.174 milliseconds in repetition 132
Round trip time was 21.789 milliseconds in repetition 133
Round trip time was 20.709 milliseconds in repetition 134
Round trip time was 20.817 milliseconds in repetition 135
Round trip time was 23.174 milliseconds in repetition 136
Round trip time was 21.512 milliseconds in repetition 137
Round trip time was 21.565 milliseconds in repetition 138
Round trip time was 21.888 milliseconds in repetition 139
Round trip time was 21.042 milliseconds in repetition 140
Round trip time was 21.233 milliseconds in repetition 141
Round trip time was 21.471 milliseconds in repetition 142
Round trip time was 21.135 milliseconds in repetition 143
Round trip time was 22.224 milliseconds in repetition 144
Round trip time was 21.557 milliseconds in repetition 145
Round trip time was 21.624 milliseconds in repetition 146
Round trip time was 21.355 milliseconds in repetition 147
Round trip time was 22.802 milliseconds in repetition 148
Round trip time was 25.481 milliseconds in repetition 149
Round trip time was 21.961 milliseconds in repetition 150
Round trip time was 21.256 milliseconds in repetition 151
Round trip time was 21.901 milliseconds in repetition 152
Round trip time was 20.764 milliseconds in repetition 153
Round trip time was 21.022 milliseconds in repetition 154
Round trip time was 21.313 milliseconds in repetition 155
Round trip time was 21.689 milliseconds in repetition 156
Round trip time was 20.864 milliseconds in repetition 157
Round trip time was 21.703 milliseconds in repetition 158
Round trip time was 20.798 milliseconds in repetition 159
Round trip time was 20.843 milliseconds in repetition 160
Round trip time was 20.764 milliseconds in repetition 161
Round trip time was 21.143 milliseconds in repetition 162
Round trip time was 20.866 milliseconds in repetition 163
Round trip time was 21.693 milliseconds in repetition 164
Round trip time was 20.826 milliseconds in repetition 165
Round trip time was 21.156 milliseconds in repetition 166
Round trip time was 21.461 milliseconds in repetition 167
Round trip time was 20.853 milliseconds in repetition 168
Round trip time was 20.958 milliseconds in repetition 169
Round trip time was 21.033 milliseconds in repetition 170
Round trip time was 21.010 milliseconds in repetition 171
Round trip time was 20.969 milliseconds in repetition 172
Round trip time was 20.972 milliseconds in repetition 173
Round trip time was 21.023 milliseconds in repetition 174
Round trip time was 21.846 milliseconds in repetition 175
Round trip time was 20.797 milliseconds in repetition 176
Round trip time was 20.758 milliseconds in repetition 177
Round trip time was 20.736 milliseconds in repetition 178
Round trip time was 21.146 milliseconds in repetition 179
Round trip time was 20.707 milliseconds in repetition 180
Round trip time was 21.288 milliseconds in repetition 181
Round trip time was 21.404 milliseconds in repetition 182
Round trip time was 20.924 milliseconds in repetition 183
Round trip time was 20.930 milliseconds in repetition 184
Round trip time was 21.143 milliseconds in repetition 185
Round trip time was 20.961 milliseconds in repetition 186
Round trip time was 20.669 milliseconds in repetition 187
Round trip time was 20.733 milliseconds in repetition 188
Round trip time was 21.121 milliseconds in repetition 189
Round trip time was 21.371 milliseconds in repetition 190
Round trip time was 20.954 milliseconds in repetition 191
Round trip time was 21.227 milliseconds in repetition 192
Round trip time was 20.741 milliseconds in repetition 193
Round trip time was 21.593 milliseconds in repetition 194
Round trip time was 21.232 milliseconds in repetition 195
Round trip time was 22.740 milliseconds in repetition 196
Round trip time was 23.008 milliseconds in repetition 197
Round trip time was 20.605 milliseconds in repetition 198
Round trip time was 20.950 milliseconds in repetition 199
Round trip time was 21.073 milliseconds in repetition 200
Round trip time was 20.756 milliseconds in repetition 201
Round trip time was 20.739 milliseconds in repetition 202
Round trip time was 20.687 milliseconds in repetition 203
Round trip time was 20.840 milliseconds in repetition 204
Round trip time was 20.704 milliseconds in repetition 205
Round trip time was 20.776 milliseconds in repetition 206
Round trip time was 20.760 milliseconds in repetition 207
Round trip time was 20.657 milliseconds in repetition 208
Round trip time was 20.838 milliseconds in repetition 209
Round trip time was 20.707 milliseconds in repetition 210
Round trip time was 20.726 milliseconds in repetition 211
Round trip time was 21.166 milliseconds in repetition 212
Round trip time was 21.190 milliseconds in repetition 213
Round trip time was 21.080 milliseconds in repetition 214
Round trip time was 21.008 milliseconds in repetition 215
Round trip time was 21.210 milliseconds in repetition 216
Round trip time was 21.024 milliseconds in repetition 217
Round trip time was 20.835 milliseconds in repetition 218
Round trip time was 21.264 milliseconds in repetition 219
Round trip time was 22.795 milliseconds in repetition 220
Round trip time was 21.457 milliseconds in repetition 221
Round trip time was 21.280 milliseconds in repetition 222
Round trip time was 22.091 milliseconds in repetition 223
Round trip time was 21.425 milliseconds in repetition 224
Round trip time was 25.338 milliseconds in repetition 225
Round trip time was 21.490 milliseconds in repetition 226
Round trip time was 21.720 milliseconds in repetition 227
Round trip time was 22.900 milliseconds in repetition 228
Round trip time was 21.107 milliseconds in repetition 229
Round trip time was 21.188 milliseconds in repetition 230
Round trip time was 20.911 milliseconds in repetition 231
Round trip time was 20.899 milliseconds in repetition 232
Round trip time was 20.991 milliseconds in repetition 233
Round trip time was 21.399 milliseconds in repetition 234
Round trip time was 21.167 milliseconds in repetition 235
Round trip time was 21.109 milliseconds in repetition 236
Round trip time was 21.197 milliseconds in repetition 237
Round trip time was 20.772 milliseconds in repetition 238
Round trip time was 20.758 milliseconds in repetition 239
Round trip time was 20.682 milliseconds in repetition 240
Round trip time was 20.766 milliseconds in repetition 241
Round trip time was 20.970 milliseconds in repetition 242
Round trip time was 20.777 milliseconds in repetition 243
Round trip time was 20.687 milliseconds in repetition 244
Round trip time was 22.066 milliseconds in repetition 245
Round trip time was 21.141 milliseconds in repetition 246
Round trip time was 21.658 milliseconds in repetition 247
Round trip time was 21.319 milliseconds in repetition 248
Round trip time was 21.020 milliseconds in repetition 249
Round trip time was 21.556 milliseconds in repetition 250
Round trip time was 21.866 milliseconds in repetition 251
Round trip time was 20.607 milliseconds in repetition 252
Round trip time was 20.791 milliseconds in repetition 253
Round trip time was 20.717 milliseconds in repetition 254
Round trip time was 20.929 milliseconds in repetition 255
Round trip time was 20.881 milliseconds in repetition 256
Round trip time was 21.518 milliseconds in repetition 257
Round trip time was 21.745 milliseconds in repetition 258
Round trip time was 21.398 milliseconds in repetition 259
Round trip time was 21.448 milliseconds in repetition 260
Round trip time was 22.378 milliseconds in repetition 261
Round trip time was 22.377 milliseconds in repetition 262
Round trip time was 21.392 milliseconds in repetition 263
Round trip time was 21.364 milliseconds in repetition 264
Round trip time was 21.305 milliseconds in repetition 265
Round trip time was 21.453 milliseconds in repetition 266
Round trip time was 20.814 milliseconds in repetition 267
Round trip time was 21.231 milliseconds in repetition 268
Round trip time was 20.919 milliseconds in repetition 269
Round trip time was 20.758 milliseconds in repetition 270
Round trip time was 20.931 milliseconds in repetition 271
Round trip time was 20.841 milliseconds in repetition 272
Round trip time was 21.104 milliseconds in repetition 273
Round trip time was 21.296 milliseconds in repetition 274
Round trip time was 21.012 milliseconds in repetition 275
Round trip time was 23.000 milliseconds in repetition 276
Round trip time was 21.406 milliseconds in repetition 277
Round trip time was 21.854 milliseconds in repetition 278
Round trip time was 21.074 milliseconds in repetition 279
Round trip time was 21.057 milliseconds in repetition 280
Round trip time was 20.805 milliseconds in repetition 281
Round trip time was 21.018 milliseconds in repetition 282
Round trip time was 20.967 milliseconds in repetition 283
Round trip time was 23.781 milliseconds in repetition 284
Round trip time was 21.022 milliseconds in repetition 285
Round trip time was 20.908 milliseconds in repetition 286
Round trip time was 22.270 milliseconds in repetition 287
Round trip time was 23.056 milliseconds in repetition 288
Round trip time was 21.284 milliseconds in repetition 289
Round trip time was 21.313 milliseconds in repetition 290
Round trip time was 21.887 milliseconds in repetition 291
Round trip time was 21.648 milliseconds in repetition 292
Round trip time was 21.683 milliseconds in repetition 293
Round trip time was 21.691 milliseconds in repetition 294
Round trip time was 25.836 milliseconds in repetition 295
Round trip time was 21.324 milliseconds in repetition 296
Round trip time was 21.581 milliseconds in repetition 297
Round trip time was 22.407 milliseconds in repetition 298
Round trip time was 21.839 milliseconds in repetition 299
Round trip time was 21.218 milliseconds in repetition 300
Round trip time was 21.074 milliseconds in repetition 301
Round trip time was 20.825 milliseconds in repetition 302
Round trip time was 20.701 milliseconds in repetition 303
Round trip time was 21.348 milliseconds in repetition 304
Round trip time was 20.768 milliseconds in repetition 305
Round trip time was 21.082 milliseconds in repetition 306
Round trip time was 20.742 milliseconds in repetition 307
Round trip time was 21.039 milliseconds in repetition 308
Round trip time was 21.048 milliseconds in repetition 309
Round trip time was 20.933 milliseconds in repetition 310
Round trip time was 20.773 milliseconds in repetition 311
Round trip time was 20.863 milliseconds in repetition 312
Round trip time was 21.361 milliseconds in repetition 313
Round trip time was 33.275 milliseconds in repetition 314
Round trip time was 21.044 milliseconds in repetition 315
Round trip time was 20.749 milliseconds in repetition 316
Round trip time was 20.891 milliseconds in repetition 317
Round trip time was 21.214 milliseconds in repetition 318
Round trip time was 20.972 milliseconds in repetition 319
Round trip time was 21.694 milliseconds in repetition 320
Round trip time was 20.935 milliseconds in repetition 321
Round trip time was 21.250 milliseconds in repetition 322
Round trip time was 22.038 milliseconds in repetition 323
Round trip time was 20.801 milliseconds in repetition 324
Round trip time was 24.291 milliseconds in repetition 325
Round trip time was 21.357 milliseconds in repetition 326
Round trip time was 21.025 milliseconds in repetition 327
Round trip time was 22.907 milliseconds in repetition 328
Round trip time was 21.205 milliseconds in repetition 329
Round trip time was 20.776 milliseconds in repetition 330
Round trip time was 22.914 milliseconds in repetition 331
Round trip time was 20.939 milliseconds in repetition 332
Round trip time was 21.526 milliseconds in repetition 333
Round trip time was 21.323 milliseconds in repetition 334
Round trip time was 23.202 milliseconds in repetition 335
Round trip time was 22.215 milliseconds in repetition 336
Round trip time was 21.706 milliseconds in repetition 337
Round trip time was 20.771 milliseconds in repetition 338
Round trip time was 20.913 milliseconds in repetition 339
Round trip time was 20.992 milliseconds in repetition 340
Round trip time was 21.287 milliseconds in repetition 341
Round trip time was 21.635 milliseconds in repetition 342
Round trip time was 21.752 milliseconds in repetition 343
Round trip time was 21.857 milliseconds in repetition 344
Round trip time was 23.245 milliseconds in repetition 345
Round trip time was 20.955 milliseconds in repetition 346
Round trip time was 20.813 milliseconds in repetition 347
Round trip time was 21.247 milliseconds in repetition 348
Round trip time was 21.370 milliseconds in repetition 349
Round trip time was 20.953 milliseconds in repetition 350
Round trip time was 20.907 milliseconds in repetition 351
Round trip time was 21.347 milliseconds in repetition 352
Round trip time was 22.384 milliseconds in repetition 353
Round trip time was 25.862 milliseconds in repetition 354
Round trip time was 21.082 milliseconds in repetition 355
Round trip time was 21.550 milliseconds in repetition 356
Round trip time was 21.407 milliseconds in repetition 357
Round trip time was 20.941 milliseconds in repetition 358
Round trip time was 21.813 milliseconds in repetition 359
Round trip time was 21.626 milliseconds in repetition 360
Round trip time was 20.945 milliseconds in repetition 361
Round trip time was 21.350 milliseconds in repetition 362
Round trip time was 21.663 milliseconds in repetition 363
Round trip time was 22.814 milliseconds in repetition 364
Round trip time was 22.002 milliseconds in repetition 365
Round trip time was 21.981 milliseconds in repetition 366
Round trip time was 21.972 milliseconds in repetition 367
Round trip time was 21.558 milliseconds in repetition 368
Round trip time was 22.353 milliseconds in repetition 369
Round trip time was 21.689 milliseconds in repetition 370
Round trip time was 23.182 milliseconds in repetition 371
Round trip time was 21.464 milliseconds in repetition 372
Round trip time was 22.573 milliseconds in repetition 373
Round trip time was 22.791 milliseconds in repetition 374
Round trip time was 21.243 milliseconds in repetition 375
Round trip time was 22.487 milliseconds in repetition 376
Round trip time was 21.923 milliseconds in repetition 377
Round trip time was 21.519 milliseconds in repetition 378
Round trip time was 21.315 milliseconds in repetition 379
Round trip time was 21.372 milliseconds in repetition 380
Round trip time was 21.147 milliseconds in repetition 381
Round trip time was 21.940 milliseconds in repetition 382
Round trip time was 22.812 milliseconds in repetition 383
Round trip time was 20.994 milliseconds in repetition 384
Round trip time was 21.016 milliseconds in repetition 385
Round trip time was 21.135 milliseconds in repetition 386
Round trip time was 21.065 milliseconds in repetition 387
Round trip time was 21.852 milliseconds in repetition 388
Round trip time was 21.324 milliseconds in repetition 389
Round trip time was 21.820 milliseconds in repetition 390
Round trip time was 22.158 milliseconds in repetition 391
Round trip time was 21.783 milliseconds in repetition 392
Round trip time was 22.001 milliseconds in repetition 393
Round trip time was 21.457 milliseconds in repetition 394
Round trip time was 21.341 milliseconds in repetition 395
Round trip time was 22.381 milliseconds in repetition 396
Round trip time was 21.709 milliseconds in repetition 397
Round trip time was 21.194 milliseconds in repetition 398
Round trip time was 23.731 milliseconds in repetition 399
Round trip time was 21.237 milliseconds in repetition 400
Round trip time was 21.433 milliseconds in repetition 401
Round trip time was 22.023 milliseconds in repetition 402
Round trip time was 21.297 milliseconds in repetition 403
Round trip time was 21.469 milliseconds in repetition 404
Round trip time was 20.839 milliseconds in repetition 405
Round trip time was 20.683 milliseconds in repetition 406
Round trip time was 21.164 milliseconds in repetition 407
Round trip time was 21.115 milliseconds in repetition 408
Round trip time was 20.928 milliseconds in repetition 409
Round trip time was 20.912 milliseconds in repetition 410
Round trip time was 20.982 milliseconds in repetition 411
Round trip time was 21.525 milliseconds in repetition 412
Round trip time was 20.856 milliseconds in repetition 413
Round trip time was 21.155 milliseconds in repetition 414
Round trip time was 21.027 milliseconds in repetition 415
Round trip time was 20.814 milliseconds in repetition 416
Round trip time was 21.076 milliseconds in repetition 417
Round trip time was 21.227 milliseconds in repetition 418
Round trip time was 20.934 milliseconds in repetition 419
Round trip time was 21.036 milliseconds in repetition 420
Round trip time was 21.053 milliseconds in repetition 421
Round trip time was 20.884 milliseconds in repetition 422
Round trip time was 20.953 milliseconds in repetition 423
Round trip time was 21.854 milliseconds in repetition 424
Round trip time was 20.921 milliseconds in repetition 425
Round trip time was 21.596 milliseconds in repetition 426
Round trip time was 20.902 milliseconds in repetition 427
Round trip time was 20.888 milliseconds in repetition 428
Round trip time was 21.048 milliseconds in repetition 429
Round trip time was 23.248 milliseconds in repetition 430
Round trip time was 22.683 milliseconds in repetition 431
Round trip time was 23.885 milliseconds in repetition 432
Round trip time was 21.924 milliseconds in repetition 433
Round trip time was 22.871 milliseconds in repetition 434
Round trip time was 21.731 milliseconds in repetition 435
Round trip time was 21.993 milliseconds in repetition 436
Round trip time was 21.806 milliseconds in repetition 437
Round trip time was 25.883 milliseconds in repetition 438
Round trip time was 21.775 milliseconds in repetition 439
Round trip time was 24.810 milliseconds in repetition 440
Round trip time was 34.189 milliseconds in repetition 441
Round trip time was 31.961 milliseconds in repetition 442
Round trip time was 21.381 milliseconds in repetition 443
Round trip time was 25.822 milliseconds in repetition 444
Round trip time was 21.667 milliseconds in repetition 445
Round trip time was 21.222 milliseconds in repetition 446
Round trip time was 21.119 milliseconds in repetition 447
Round trip time was 21.388 milliseconds in repetition 448
Round trip time was 21.866 milliseconds in repetition 449
Round trip time was 21.352 milliseconds in repetition 450
Round trip time was 21.266 milliseconds in repetition 451
Round trip time was 21.282 milliseconds in repetition 452
Round trip time was 21.073 milliseconds in repetition 453
Round trip time was 20.911 milliseconds in repetition 454
Round trip time was 20.748 milliseconds in repetition 455
Round trip time was 21.291 milliseconds in repetition 456
Round trip time was 21.450 milliseconds in repetition 457
Round trip time was 21.168 milliseconds in repetition 458
Round trip time was 20.737 milliseconds in repetition 459
Round trip time was 20.883 milliseconds in repetition 460
Round trip time was 21.551 milliseconds in repetition 461
Round trip time was 20.853 milliseconds in repetition 462
Round trip time was 21.717 milliseconds in repetition 463
Round trip time was 20.690 milliseconds in repetition 464
Round trip time was 21.415 milliseconds in repetition 465
Round trip time was 21.092 milliseconds in repetition 466
Round trip time was 20.725 milliseconds in repetition 467
Round trip time was 21.501 milliseconds in repetition 468
Round trip time was 21.006 milliseconds in repetition 469
Round trip time was 21.318 milliseconds in repetition 470
Round trip time was 20.979 milliseconds in repetition 471
Round trip time was 20.906 milliseconds in repetition 472
Round trip time was 20.747 milliseconds in repetition 473
Round trip time was 20.752 milliseconds in repetition 474
Round trip time was 21.022 milliseconds in repetition 475
Round trip time was 21.037 milliseconds in repetition 476
Round trip time was 20.706 milliseconds in repetition 477
Round trip time was 21.140 milliseconds in repetition 478
Round trip time was 20.798 milliseconds in repetition 479
Round trip time was 21.647 milliseconds in repetition 480
Round trip time was 20.736 milliseconds in repetition 481
Round trip time was 20.835 milliseconds in repetition 482
Round trip time was 20.847 milliseconds in repetition 483
Round trip time was 20.769 milliseconds in repetition 484
Round trip time was 21.960 milliseconds in repetition 485
Round trip time was 21.355 milliseconds in repetition 486
Round trip time was 20.918 milliseconds in repetition 487
Round trip time was 20.905 milliseconds in repetition 488
Round trip time was 21.266 milliseconds in repetition 489
Round trip time was 21.088 milliseconds in repetition 490
Round trip time was 20.637 milliseconds in repetition 491
Round trip time was 20.855 milliseconds in repetition 492
Round trip time was 20.839 milliseconds in repetition 493
Round trip time was 20.751 milliseconds in repetition 494
Round trip time was 20.664 milliseconds in repetition 495
Round trip time was 20.761 milliseconds in repetition 496
Round trip time was 21.079 milliseconds in repetition 497
Round trip time was 20.615 milliseconds in repetition 498
Round trip time was 21.157 milliseconds in repetition 499
Round trip time was 20.914 milliseconds in repetition 500
Round trip time was 20.595 milliseconds in repetition 501

 ... clock resolution was 1e-06
UDP Ping:  Statistics over 501 repetitions of 128 byte messages

RTT : percentile 10: 20.7733, median: 21.2321, percentile 90: 22.3835, average: 21.5307, variance: 1.5867

RTT histogram:
20.5953 124
21.275 243
21.9547 78
22.6344 26
23.3141 13
23.9938 4
24.6736 1
25.3533 2
26.033 6
26.7127 1
27.3924 0
28.0721 0
28.7518 0
29.4315 0
30.1112 0
30.7909 0
31.4706 0
32.1503 1
32.83 0
33.5097 1
34.1894 1

   median Throughput : 12.0572 KB/s   overall Throughput : 11.89 KB/s

